ERROR - 2022-09-26 15:49:26 --> mysqli_sql_exception: SELECT command denied to user 'dmyerp'@'localhost' for table 'myusers' in /var/mdevz/mynlinksc/system/Database/MySQLi/Connection.php:292
Stack trace:
#0 /var/mdevz/mynlinksc/system/Database/MySQLi/Connection.php(292): mysqli->query()
#1 /var/mdevz/mynlinksc/system/Database/BaseConnection.php(693): CodeIgniter\Database\MySQLi\Connection->execute()
#2 /var/mdevz/mynlinksc/system/Database/BaseConnection.php(620): CodeIgniter\Database\BaseConnection->simpleQuery()
#3 /var/mdevz/mynlinksc/app/Models/MyLibzDBModel.php(19): CodeIgniter\Database\BaseConnection->query()
#4 /var/mdevz/mynlinksc/app/Models/MyUserModel.php(29): App\Models\MyLibzDBModel->myoa_sql_exec()
#5 /var/mdevz/mynlinksc/app/Controllers/Mylogin.php(20): App\Models\MyUserModel->Verify_User()
#6 /var/mdevz/mynlinksc/system/CodeIgniter.php(907): App\Controllers\Mylogin->auth()
#7 /var/mdevz/mynlinksc/system/CodeIgniter.php(457): CodeIgniter\CodeIgniter->runController()
#8 /var/mdevz/mynlinksc/system/CodeIgniter.php(340): CodeIgniter\CodeIgniter->handleRequest()
#9 /var/mdevz/mynlinksc/public/index.php(67): CodeIgniter\CodeIgniter->run()
#10 {main}
ERROR - 2022-09-26 15:49:26 --> mysqli_sql_exception: INSERT command denied to user 'dmyerp'@'localhost' for table 'syslogs' in /var/mdevz/mynlinksc/system/Database/MySQLi/Connection.php:292
Stack trace:
#0 /var/mdevz/mynlinksc/system/Database/MySQLi/Connection.php(292): mysqli->query()
#1 /var/mdevz/mynlinksc/system/Database/BaseConnection.php(693): CodeIgniter\Database\MySQLi\Connection->execute()
#2 /var/mdevz/mynlinksc/system/Database/BaseConnection.php(620): CodeIgniter\Database\BaseConnection->simpleQuery()
#3 /var/mdevz/mynlinksc/app/Models/MyLibzDBModel.php(34): CodeIgniter\Database\BaseConnection->query()
#4 /var/mdevz/mynlinksc/app/Models/MyUserModel.php(29): App\Models\MyLibzDBModel->myoa_sql_exec()
#5 /var/mdevz/mynlinksc/app/Controllers/Mylogin.php(20): App\Models\MyUserModel->Verify_User()
#6 /var/mdevz/mynlinksc/system/CodeIgniter.php(907): App\Controllers\Mylogin->auth()
#7 /var/mdevz/mynlinksc/system/CodeIgniter.php(457): CodeIgniter\CodeIgniter->runController()
#8 /var/mdevz/mynlinksc/system/CodeIgniter.php(340): CodeIgniter\CodeIgniter->handleRequest()
#9 /var/mdevz/mynlinksc/public/index.php(67): CodeIgniter\CodeIgniter->run()
#10 {main}
ERROR - 2022-09-26 15:53:11 --> mysqli_sql_exception: SELECT command denied to user 'dmyerp'@'localhost' for table 'myusers' in /var/mdevz/mynlinksc/system/Database/MySQLi/Connection.php:292
Stack trace:
#0 /var/mdevz/mynlinksc/system/Database/MySQLi/Connection.php(292): mysqli->query()
#1 /var/mdevz/mynlinksc/system/Database/BaseConnection.php(693): CodeIgniter\Database\MySQLi\Connection->execute()
#2 /var/mdevz/mynlinksc/system/Database/BaseConnection.php(620): CodeIgniter\Database\BaseConnection->simpleQuery()
#3 /var/mdevz/mynlinksc/app/Models/MyLibzDBModel.php(19): CodeIgniter\Database\BaseConnection->query()
#4 /var/mdevz/mynlinksc/app/Models/MyUserModel.php(29): App\Models\MyLibzDBModel->myoa_sql_exec()
#5 /var/mdevz/mynlinksc/app/Controllers/Mylogin.php(20): App\Models\MyUserModel->Verify_User()
#6 /var/mdevz/mynlinksc/system/CodeIgniter.php(907): App\Controllers\Mylogin->auth()
#7 /var/mdevz/mynlinksc/system/CodeIgniter.php(457): CodeIgniter\CodeIgniter->runController()
#8 /var/mdevz/mynlinksc/system/CodeIgniter.php(340): CodeIgniter\CodeIgniter->handleRequest()
#9 /var/mdevz/mynlinksc/public/index.php(67): CodeIgniter\CodeIgniter->run()
#10 {main}
ERROR - 2022-09-26 15:53:11 --> mysqli_sql_exception: INSERT command denied to user 'dmyerp'@'localhost' for table 'syslogs' in /var/mdevz/mynlinksc/system/Database/MySQLi/Connection.php:292
Stack trace:
#0 /var/mdevz/mynlinksc/system/Database/MySQLi/Connection.php(292): mysqli->query()
#1 /var/mdevz/mynlinksc/system/Database/BaseConnection.php(693): CodeIgniter\Database\MySQLi\Connection->execute()
#2 /var/mdevz/mynlinksc/system/Database/BaseConnection.php(620): CodeIgniter\Database\BaseConnection->simpleQuery()
#3 /var/mdevz/mynlinksc/app/Models/MyLibzDBModel.php(34): CodeIgniter\Database\BaseConnection->query()
#4 /var/mdevz/mynlinksc/app/Models/MyUserModel.php(29): App\Models\MyLibzDBModel->myoa_sql_exec()
#5 /var/mdevz/mynlinksc/app/Controllers/Mylogin.php(20): App\Models\MyUserModel->Verify_User()
#6 /var/mdevz/mynlinksc/system/CodeIgniter.php(907): App\Controllers\Mylogin->auth()
#7 /var/mdevz/mynlinksc/system/CodeIgniter.php(457): CodeIgniter\CodeIgniter->runController()
#8 /var/mdevz/mynlinksc/system/CodeIgniter.php(340): CodeIgniter\CodeIgniter->handleRequest()
#9 /var/mdevz/mynlinksc/public/index.php(67): CodeIgniter\CodeIgniter->run()
#10 {main}
ERROR - 2022-09-26 15:57:48 --> mysqli_sql_exception: SELECT command denied to user 'dmyerp'@'localhost' for table 'myusers' in /var/mdevz/mynlinksc/system/Database/MySQLi/Connection.php:292
Stack trace:
#0 /var/mdevz/mynlinksc/system/Database/MySQLi/Connection.php(292): mysqli->query()
#1 /var/mdevz/mynlinksc/system/Database/BaseConnection.php(693): CodeIgniter\Database\MySQLi\Connection->execute()
#2 /var/mdevz/mynlinksc/system/Database/BaseConnection.php(620): CodeIgniter\Database\BaseConnection->simpleQuery()
#3 /var/mdevz/mynlinksc/app/Models/MyLibzDBModel.php(19): CodeIgniter\Database\BaseConnection->query()
#4 /var/mdevz/mynlinksc/app/Models/MyUserModel.php(29): App\Models\MyLibzDBModel->myoa_sql_exec()
#5 /var/mdevz/mynlinksc/app/Controllers/Mylogin.php(20): App\Models\MyUserModel->Verify_User()
#6 /var/mdevz/mynlinksc/system/CodeIgniter.php(907): App\Controllers\Mylogin->auth()
#7 /var/mdevz/mynlinksc/system/CodeIgniter.php(457): CodeIgniter\CodeIgniter->runController()
#8 /var/mdevz/mynlinksc/system/CodeIgniter.php(340): CodeIgniter\CodeIgniter->handleRequest()
#9 /var/mdevz/mynlinksc/public/index.php(67): CodeIgniter\CodeIgniter->run()
#10 {main}
ERROR - 2022-09-26 15:57:48 --> mysqli_sql_exception: INSERT command denied to user 'dmyerp'@'localhost' for table 'syslogs' in /var/mdevz/mynlinksc/system/Database/MySQLi/Connection.php:292
Stack trace:
#0 /var/mdevz/mynlinksc/system/Database/MySQLi/Connection.php(292): mysqli->query()
#1 /var/mdevz/mynlinksc/system/Database/BaseConnection.php(693): CodeIgniter\Database\MySQLi\Connection->execute()
#2 /var/mdevz/mynlinksc/system/Database/BaseConnection.php(620): CodeIgniter\Database\BaseConnection->simpleQuery()
#3 /var/mdevz/mynlinksc/app/Models/MyLibzDBModel.php(34): CodeIgniter\Database\BaseConnection->query()
#4 /var/mdevz/mynlinksc/app/Models/MyUserModel.php(29): App\Models\MyLibzDBModel->myoa_sql_exec()
#5 /var/mdevz/mynlinksc/app/Controllers/Mylogin.php(20): App\Models\MyUserModel->Verify_User()
#6 /var/mdevz/mynlinksc/system/CodeIgniter.php(907): App\Controllers\Mylogin->auth()
#7 /var/mdevz/mynlinksc/system/CodeIgniter.php(457): CodeIgniter\CodeIgniter->runController()
#8 /var/mdevz/mynlinksc/system/CodeIgniter.php(340): CodeIgniter\CodeIgniter->handleRequest()
#9 /var/mdevz/mynlinksc/public/index.php(67): CodeIgniter\CodeIgniter->run()
#10 {main}
ERROR - 2022-09-26 16:34:27 --> mysqli_sql_exception: SELECT command denied to user 'dmyerp'@'localhost' for table 'myusers' in /var/mdevz/mynlinksc/system/Database/MySQLi/Connection.php:292
Stack trace:
#0 /var/mdevz/mynlinksc/system/Database/MySQLi/Connection.php(292): mysqli->query()
#1 /var/mdevz/mynlinksc/system/Database/BaseConnection.php(693): CodeIgniter\Database\MySQLi\Connection->execute()
#2 /var/mdevz/mynlinksc/system/Database/BaseConnection.php(620): CodeIgniter\Database\BaseConnection->simpleQuery()
#3 /var/mdevz/mynlinksc/app/Models/MyLibzDBModel.php(19): CodeIgniter\Database\BaseConnection->query()
#4 /var/mdevz/mynlinksc/app/Models/MyUserModel.php(29): App\Models\MyLibzDBModel->myoa_sql_exec()
#5 /var/mdevz/mynlinksc/app/Controllers/Mylogin.php(20): App\Models\MyUserModel->Verify_User()
#6 /var/mdevz/mynlinksc/system/CodeIgniter.php(907): App\Controllers\Mylogin->auth()
#7 /var/mdevz/mynlinksc/system/CodeIgniter.php(457): CodeIgniter\CodeIgniter->runController()
#8 /var/mdevz/mynlinksc/system/CodeIgniter.php(340): CodeIgniter\CodeIgniter->handleRequest()
#9 /var/mdevz/mynlinksc/public/index.php(67): CodeIgniter\CodeIgniter->run()
#10 {main}
ERROR - 2022-09-26 16:34:27 --> mysqli_sql_exception: INSERT command denied to user 'dmyerp'@'localhost' for table 'syslogs' in /var/mdevz/mynlinksc/system/Database/MySQLi/Connection.php:292
Stack trace:
#0 /var/mdevz/mynlinksc/system/Database/MySQLi/Connection.php(292): mysqli->query()
#1 /var/mdevz/mynlinksc/system/Database/BaseConnection.php(693): CodeIgniter\Database\MySQLi\Connection->execute()
#2 /var/mdevz/mynlinksc/system/Database/BaseConnection.php(620): CodeIgniter\Database\BaseConnection->simpleQuery()
#3 /var/mdevz/mynlinksc/app/Models/MyLibzDBModel.php(34): CodeIgniter\Database\BaseConnection->query()
#4 /var/mdevz/mynlinksc/app/Models/MyUserModel.php(29): App\Models\MyLibzDBModel->myoa_sql_exec()
#5 /var/mdevz/mynlinksc/app/Controllers/Mylogin.php(20): App\Models\MyUserModel->Verify_User()
#6 /var/mdevz/mynlinksc/system/CodeIgniter.php(907): App\Controllers\Mylogin->auth()
#7 /var/mdevz/mynlinksc/system/CodeIgniter.php(457): CodeIgniter\CodeIgniter->runController()
#8 /var/mdevz/mynlinksc/system/CodeIgniter.php(340): CodeIgniter\CodeIgniter->handleRequest()
#9 /var/mdevz/mynlinksc/public/index.php(67): CodeIgniter\CodeIgniter->run()
#10 {main}
ERROR - 2022-09-26 16:47:59 --> mysqli_sql_exception: SELECT command denied to user 'dmyerp'@'localhost' for table 'myusers' in /var/mdevz/mynlinksc/system/Database/MySQLi/Connection.php:292
Stack trace:
#0 /var/mdevz/mynlinksc/system/Database/MySQLi/Connection.php(292): mysqli->query()
#1 /var/mdevz/mynlinksc/system/Database/BaseConnection.php(693): CodeIgniter\Database\MySQLi\Connection->execute()
#2 /var/mdevz/mynlinksc/system/Database/BaseConnection.php(620): CodeIgniter\Database\BaseConnection->simpleQuery()
#3 /var/mdevz/mynlinksc/app/Models/MyLibzDBModel.php(19): CodeIgniter\Database\BaseConnection->query()
#4 /var/mdevz/mynlinksc/app/Models/MyUserModel.php(29): App\Models\MyLibzDBModel->myoa_sql_exec()
#5 /var/mdevz/mynlinksc/app/Controllers/Mylogin.php(20): App\Models\MyUserModel->Verify_User()
#6 /var/mdevz/mynlinksc/system/CodeIgniter.php(907): App\Controllers\Mylogin->auth()
#7 /var/mdevz/mynlinksc/system/CodeIgniter.php(457): CodeIgniter\CodeIgniter->runController()
#8 /var/mdevz/mynlinksc/system/CodeIgniter.php(340): CodeIgniter\CodeIgniter->handleRequest()
#9 /var/mdevz/mynlinksc/public/index.php(67): CodeIgniter\CodeIgniter->run()
#10 {main}
ERROR - 2022-09-26 16:47:59 --> mysqli_sql_exception: INSERT command denied to user 'dmyerp'@'localhost' for table 'syslogs' in /var/mdevz/mynlinksc/system/Database/MySQLi/Connection.php:292
Stack trace:
#0 /var/mdevz/mynlinksc/system/Database/MySQLi/Connection.php(292): mysqli->query()
#1 /var/mdevz/mynlinksc/system/Database/BaseConnection.php(693): CodeIgniter\Database\MySQLi\Connection->execute()
#2 /var/mdevz/mynlinksc/system/Database/BaseConnection.php(620): CodeIgniter\Database\BaseConnection->simpleQuery()
#3 /var/mdevz/mynlinksc/app/Models/MyLibzDBModel.php(34): CodeIgniter\Database\BaseConnection->query()
#4 /var/mdevz/mynlinksc/app/Models/MyUserModel.php(29): App\Models\MyLibzDBModel->myoa_sql_exec()
#5 /var/mdevz/mynlinksc/app/Controllers/Mylogin.php(20): App\Models\MyUserModel->Verify_User()
#6 /var/mdevz/mynlinksc/system/CodeIgniter.php(907): App\Controllers\Mylogin->auth()
#7 /var/mdevz/mynlinksc/system/CodeIgniter.php(457): CodeIgniter\CodeIgniter->runController()
#8 /var/mdevz/mynlinksc/system/CodeIgniter.php(340): CodeIgniter\CodeIgniter->handleRequest()
#9 /var/mdevz/mynlinksc/public/index.php(67): CodeIgniter\CodeIgniter->run()
#10 {main}
ERROR - 2022-09-26 16:48:32 --> mysqli_sql_exception: SELECT command denied to user 'dmyerp'@'localhost' for table 'myusers' in /var/mdevz/mynlinksc/system/Database/MySQLi/Connection.php:292
Stack trace:
#0 /var/mdevz/mynlinksc/system/Database/MySQLi/Connection.php(292): mysqli->query()
#1 /var/mdevz/mynlinksc/system/Database/BaseConnection.php(693): CodeIgniter\Database\MySQLi\Connection->execute()
#2 /var/mdevz/mynlinksc/system/Database/BaseConnection.php(620): CodeIgniter\Database\BaseConnection->simpleQuery()
#3 /var/mdevz/mynlinksc/app/Models/MyLibzDBModel.php(19): CodeIgniter\Database\BaseConnection->query()
#4 /var/mdevz/mynlinksc/app/Models/MyUserModel.php(29): App\Models\MyLibzDBModel->myoa_sql_exec()
#5 /var/mdevz/mynlinksc/app/Controllers/Mylogin.php(20): App\Models\MyUserModel->Verify_User()
#6 /var/mdevz/mynlinksc/system/CodeIgniter.php(907): App\Controllers\Mylogin->auth()
#7 /var/mdevz/mynlinksc/system/CodeIgniter.php(457): CodeIgniter\CodeIgniter->runController()
#8 /var/mdevz/mynlinksc/system/CodeIgniter.php(340): CodeIgniter\CodeIgniter->handleRequest()
#9 /var/mdevz/mynlinksc/public/index.php(67): CodeIgniter\CodeIgniter->run()
#10 {main}
ERROR - 2022-09-26 16:48:32 --> mysqli_sql_exception: INSERT command denied to user 'dmyerp'@'localhost' for table 'syslogs' in /var/mdevz/mynlinksc/system/Database/MySQLi/Connection.php:292
Stack trace:
#0 /var/mdevz/mynlinksc/system/Database/MySQLi/Connection.php(292): mysqli->query()
#1 /var/mdevz/mynlinksc/system/Database/BaseConnection.php(693): CodeIgniter\Database\MySQLi\Connection->execute()
#2 /var/mdevz/mynlinksc/system/Database/BaseConnection.php(620): CodeIgniter\Database\BaseConnection->simpleQuery()
#3 /var/mdevz/mynlinksc/app/Models/MyLibzDBModel.php(34): CodeIgniter\Database\BaseConnection->query()
#4 /var/mdevz/mynlinksc/app/Models/MyUserModel.php(29): App\Models\MyLibzDBModel->myoa_sql_exec()
#5 /var/mdevz/mynlinksc/app/Controllers/Mylogin.php(20): App\Models\MyUserModel->Verify_User()
#6 /var/mdevz/mynlinksc/system/CodeIgniter.php(907): App\Controllers\Mylogin->auth()
#7 /var/mdevz/mynlinksc/system/CodeIgniter.php(457): CodeIgniter\CodeIgniter->runController()
#8 /var/mdevz/mynlinksc/system/CodeIgniter.php(340): CodeIgniter\CodeIgniter->handleRequest()
#9 /var/mdevz/mynlinksc/public/index.php(67): CodeIgniter\CodeIgniter->run()
#10 {main}
