ERROR - 2022-09-13 08:56:53 --> Table 'ap8.diQt_Branch' doesn't exist
ERROR - 2022-09-13 08:57:12 --> Table 'ap8.diQt_Branch' doesn't exist
CRITICAL - 2022-09-13 15:16:34 --> Undefined variable: totalTime
#0 /mdevs/mynlinksc/system/Debug/Toolbar/Views/toolbar.tpl.php(40): CodeIgniter\Debug\Exceptions->errorHandler()
#1 /mdevs/mynlinksc/system/Debug/Toolbar.php(501): include('/mdevs/mynlinks...')
#2 /mdevs/mynlinksc/system/Debug/Toolbar.php(464): CodeIgniter\Debug\Toolbar->format()
#3 /mdevs/mynlinksc/app/Config/Events.php(48): CodeIgniter\Debug\Toolbar->respond()
#4 /mdevs/mynlinksc/system/Events/Events.php(149): CodeIgniter\Events\Events::Config\{closure}()
#5 /mdevs/mynlinksc/system/CodeIgniter.php(308): CodeIgniter\Events\Events::trigger()
#6 /mdevs/mynlinksc/public/index.php(37): CodeIgniter\CodeIgniter->run()
#7 {main}
CRITICAL - 2022-09-13 15:18:24 --> Undefined variable: totalTime
#0 /mdevs/mynlinksc/system/Debug/Toolbar/Views/toolbar.tpl.php(40): CodeIgniter\Debug\Exceptions->errorHandler()
#1 /mdevs/mynlinksc/system/Debug/Toolbar.php(501): include('/mdevs/mynlinks...')
#2 /mdevs/mynlinksc/system/Debug/Toolbar.php(464): CodeIgniter\Debug\Toolbar->format()
#3 /mdevs/mynlinksc/app/Config/Events.php(48): CodeIgniter\Debug\Toolbar->respond()
#4 /mdevs/mynlinksc/system/Events/Events.php(149): CodeIgniter\Events\Events::Config\{closure}()
#5 /mdevs/mynlinksc/system/CodeIgniter.php(308): CodeIgniter\Events\Events::trigger()
#6 /mdevs/mynlinksc/public/index.php(37): CodeIgniter\CodeIgniter->run()
#7 {main}
CRITICAL - 2022-09-13 15:18:25 --> Undefined variable: totalTime
#0 /mdevs/mynlinksc/system/Debug/Toolbar/Views/toolbar.tpl.php(40): CodeIgniter\Debug\Exceptions->errorHandler()
#1 /mdevs/mynlinksc/system/Debug/Toolbar.php(501): include('/mdevs/mynlinks...')
#2 /mdevs/mynlinksc/system/Debug/Toolbar.php(464): CodeIgniter\Debug\Toolbar->format()
#3 /mdevs/mynlinksc/app/Config/Events.php(48): CodeIgniter\Debug\Toolbar->respond()
#4 /mdevs/mynlinksc/system/Events/Events.php(149): CodeIgniter\Events\Events::Config\{closure}()
#5 /mdevs/mynlinksc/system/CodeIgniter.php(308): CodeIgniter\Events\Events::trigger()
#6 /mdevs/mynlinksc/public/index.php(37): CodeIgniter\CodeIgniter->run()
#7 {main}
CRITICAL - 2022-09-13 15:18:36 --> Undefined variable: totalTime
#0 /mdevs/mynlinksc/system/Debug/Toolbar/Views/toolbar.tpl.php(40): CodeIgniter\Debug\Exceptions->errorHandler()
#1 /mdevs/mynlinksc/system/Debug/Toolbar.php(501): include('/mdevs/mynlinks...')
#2 /mdevs/mynlinksc/system/Debug/Toolbar.php(464): CodeIgniter\Debug\Toolbar->format()
#3 /mdevs/mynlinksc/app/Config/Events.php(48): CodeIgniter\Debug\Toolbar->respond()
#4 /mdevs/mynlinksc/system/Events/Events.php(149): CodeIgniter\Events\Events::Config\{closure}()
#5 /mdevs/mynlinksc/system/CodeIgniter.php(308): CodeIgniter\Events\Events::trigger()
#6 /mdevs/mynlinksc/public/index.php(37): CodeIgniter\CodeIgniter->run()
#7 {main}
CRITICAL - 2022-09-13 15:18:46 --> Invalid file: Warehouse_rcvng/warehouse_rcvng_main.php
#0 /mdevs/mynlinksc/system/View/View.php(198): CodeIgniter\Exceptions\FrameworkException::forInvalidFile()
#1 /mdevs/mynlinksc/system/Common.php(1089): CodeIgniter\View\View->render()
#2 /mdevs/mynlinksc/app/Controllers/Warehouse_rcvng.php(34): view()
#3 /mdevs/mynlinksc/system/CodeIgniter.php(832): App\Controllers\Warehouse_rcvng->index()
#4 /mdevs/mynlinksc/system/CodeIgniter.php(419): CodeIgniter\CodeIgniter->runController()
#5 /mdevs/mynlinksc/system/CodeIgniter.php(326): CodeIgniter\CodeIgniter->handleRequest()
#6 /mdevs/mynlinksc/public/index.php(37): CodeIgniter\CodeIgniter->run()
#7 {main}
CRITICAL - 2022-09-13 15:21:58 --> Undefined variable: totalTime
#0 /mdevs/mynlinksc/system/Debug/Toolbar/Views/toolbar.tpl.php(40): CodeIgniter\Debug\Exceptions->errorHandler()
#1 /mdevs/mynlinksc/system/Debug/Toolbar.php(501): include('/mdevs/mynlinks...')
#2 /mdevs/mynlinksc/system/Debug/Toolbar.php(464): CodeIgniter\Debug\Toolbar->format()
#3 /mdevs/mynlinksc/app/Config/Events.php(48): CodeIgniter\Debug\Toolbar->respond()
#4 /mdevs/mynlinksc/system/Events/Events.php(149): CodeIgniter\Events\Events::Config\{closure}()
#5 /mdevs/mynlinksc/system/CodeIgniter.php(308): CodeIgniter\Events\Events::trigger()
#6 /mdevs/mynlinksc/public/index.php(37): CodeIgniter\CodeIgniter->run()
#7 {main}
CRITICAL - 2022-09-13 15:22:10 --> Undefined variable: totalTime
#0 /mdevs/mynlinksc/system/Debug/Toolbar/Views/toolbar.tpl.php(40): CodeIgniter\Debug\Exceptions->errorHandler()
#1 /mdevs/mynlinksc/system/Debug/Toolbar.php(501): include('/mdevs/mynlinks...')
#2 /mdevs/mynlinksc/system/Debug/Toolbar.php(464): CodeIgniter\Debug\Toolbar->format()
#3 /mdevs/mynlinksc/app/Config/Events.php(48): CodeIgniter\Debug\Toolbar->respond()
#4 /mdevs/mynlinksc/system/Events/Events.php(149): CodeIgniter\Events\Events::Config\{closure}()
#5 /mdevs/mynlinksc/system/CodeIgniter.php(308): CodeIgniter\Events\Events::trigger()
#6 /mdevs/mynlinksc/public/index.php(37): CodeIgniter\CodeIgniter->run()
#7 {main}
CRITICAL - 2022-09-13 15:22:34 --> Undefined variable: totalTime
#0 /mdevs/mynlinksc/system/Debug/Toolbar/Views/toolbar.tpl.php(40): CodeIgniter\Debug\Exceptions->errorHandler()
#1 /mdevs/mynlinksc/system/Debug/Toolbar.php(501): include('/mdevs/mynlinks...')
#2 /mdevs/mynlinksc/system/Debug/Toolbar.php(464): CodeIgniter\Debug\Toolbar->format()
#3 /mdevs/mynlinksc/app/Config/Events.php(48): CodeIgniter\Debug\Toolbar->respond()
#4 /mdevs/mynlinksc/system/Events/Events.php(149): CodeIgniter\Events\Events::Config\{closure}()
#5 /mdevs/mynlinksc/system/CodeIgniter.php(308): CodeIgniter\Events\Events::trigger()
#6 /mdevs/mynlinksc/public/index.php(37): CodeIgniter\CodeIgniter->run()
#7 {main}
CRITICAL - 2022-09-13 15:22:41 --> Undefined variable: totalTime
#0 /mdevs/mynlinksc/system/Debug/Toolbar/Views/toolbar.tpl.php(40): CodeIgniter\Debug\Exceptions->errorHandler()
#1 /mdevs/mynlinksc/system/Debug/Toolbar.php(501): include('/mdevs/mynlinks...')
#2 /mdevs/mynlinksc/system/Debug/Toolbar.php(464): CodeIgniter\Debug\Toolbar->format()
#3 /mdevs/mynlinksc/app/Config/Events.php(48): CodeIgniter\Debug\Toolbar->respond()
#4 /mdevs/mynlinksc/system/Events/Events.php(149): CodeIgniter\Events\Events::Config\{closure}()
#5 /mdevs/mynlinksc/system/CodeIgniter.php(308): CodeIgniter\Events\Events::trigger()
#6 /mdevs/mynlinksc/public/index.php(37): CodeIgniter\CodeIgniter->run()
#7 {main}
CRITICAL - 2022-09-13 15:24:13 --> Undefined variable: totalTime
#0 /mdevs/mynlinksc/system/Debug/Toolbar/Views/toolbar.tpl.php(40): CodeIgniter\Debug\Exceptions->errorHandler()
#1 /mdevs/mynlinksc/system/Debug/Toolbar.php(501): include('/mdevs/mynlinks...')
#2 /mdevs/mynlinksc/system/Debug/Toolbar.php(464): CodeIgniter\Debug\Toolbar->format()
#3 /mdevs/mynlinksc/app/Config/Events.php(48): CodeIgniter\Debug\Toolbar->respond()
#4 /mdevs/mynlinksc/system/Events/Events.php(149): CodeIgniter\Events\Events::Config\{closure}()
#5 /mdevs/mynlinksc/system/CodeIgniter.php(308): CodeIgniter\Events\Events::trigger()
#6 /mdevs/mynlinksc/public/index.php(37): CodeIgniter\CodeIgniter->run()
#7 {main}
CRITICAL - 2022-09-13 15:25:53 --> Undefined variable: totalTime
#0 /mdevs/mynlinksc/system/Debug/Toolbar/Views/toolbar.tpl.php(40): CodeIgniter\Debug\Exceptions->errorHandler()
#1 /mdevs/mynlinksc/system/Debug/Toolbar.php(501): include('/mdevs/mynlinks...')
#2 /mdevs/mynlinksc/system/Debug/Toolbar.php(464): CodeIgniter\Debug\Toolbar->format()
#3 /mdevs/mynlinksc/app/Config/Events.php(48): CodeIgniter\Debug\Toolbar->respond()
#4 /mdevs/mynlinksc/system/Events/Events.php(149): CodeIgniter\Events\Events::Config\{closure}()
#5 /mdevs/mynlinksc/system/CodeIgniter.php(308): CodeIgniter\Events\Events::trigger()
#6 /mdevs/mynlinksc/public/index.php(37): CodeIgniter\CodeIgniter->run()
#7 {main}
CRITICAL - 2022-09-13 15:25:58 --> Undefined variable: totalTime
#0 /mdevs/mynlinksc/system/Debug/Toolbar/Views/toolbar.tpl.php(40): CodeIgniter\Debug\Exceptions->errorHandler()
#1 /mdevs/mynlinksc/system/Debug/Toolbar.php(501): include('/mdevs/mynlinks...')
#2 /mdevs/mynlinksc/system/Debug/Toolbar.php(464): CodeIgniter\Debug\Toolbar->format()
#3 /mdevs/mynlinksc/app/Config/Events.php(48): CodeIgniter\Debug\Toolbar->respond()
#4 /mdevs/mynlinksc/system/Events/Events.php(149): CodeIgniter\Events\Events::Config\{closure}()
#5 /mdevs/mynlinksc/system/CodeIgniter.php(308): CodeIgniter\Events\Events::trigger()
#6 /mdevs/mynlinksc/public/index.php(37): CodeIgniter\CodeIgniter->run()
#7 {main}
CRITICAL - 2022-09-13 15:25:58 --> Undefined variable: totalTime
#0 /mdevs/mynlinksc/system/Debug/Toolbar/Views/toolbar.tpl.php(40): CodeIgniter\Debug\Exceptions->errorHandler()
#1 /mdevs/mynlinksc/system/Debug/Toolbar.php(501): include('/mdevs/mynlinks...')
#2 /mdevs/mynlinksc/system/Debug/Toolbar.php(464): CodeIgniter\Debug\Toolbar->format()
#3 /mdevs/mynlinksc/app/Config/Events.php(48): CodeIgniter\Debug\Toolbar->respond()
#4 /mdevs/mynlinksc/system/Events/Events.php(149): CodeIgniter\Events\Events::Config\{closure}()
#5 /mdevs/mynlinksc/system/CodeIgniter.php(308): CodeIgniter\Events\Events::trigger()
#6 /mdevs/mynlinksc/public/index.php(37): CodeIgniter\CodeIgniter->run()
#7 {main}
CRITICAL - 2022-09-13 15:25:59 --> Undefined variable: totalTime
#0 /mdevs/mynlinksc/system/Debug/Toolbar/Views/toolbar.tpl.php(40): CodeIgniter\Debug\Exceptions->errorHandler()
#1 /mdevs/mynlinksc/system/Debug/Toolbar.php(501): include('/mdevs/mynlinks...')
#2 /mdevs/mynlinksc/system/Debug/Toolbar.php(464): CodeIgniter\Debug\Toolbar->format()
#3 /mdevs/mynlinksc/app/Config/Events.php(48): CodeIgniter\Debug\Toolbar->respond()
#4 /mdevs/mynlinksc/system/Events/Events.php(149): CodeIgniter\Events\Events::Config\{closure}()
#5 /mdevs/mynlinksc/system/CodeIgniter.php(308): CodeIgniter\Events\Events::trigger()
#6 /mdevs/mynlinksc/public/index.php(37): CodeIgniter\CodeIgniter->run()
#7 {main}
CRITICAL - 2022-09-13 15:26:03 --> Undefined variable: totalTime
#0 /mdevs/mynlinksc/system/Debug/Toolbar/Views/toolbar.tpl.php(40): CodeIgniter\Debug\Exceptions->errorHandler()
#1 /mdevs/mynlinksc/system/Debug/Toolbar.php(501): include('/mdevs/mynlinks...')
#2 /mdevs/mynlinksc/system/Debug/Toolbar.php(464): CodeIgniter\Debug\Toolbar->format()
#3 /mdevs/mynlinksc/app/Config/Events.php(48): CodeIgniter\Debug\Toolbar->respond()
#4 /mdevs/mynlinksc/system/Events/Events.php(149): CodeIgniter\Events\Events::Config\{closure}()
#5 /mdevs/mynlinksc/system/CodeIgniter.php(308): CodeIgniter\Events\Events::trigger()
#6 /mdevs/mynlinksc/public/index.php(37): CodeIgniter\CodeIgniter->run()
#7 {main}
CRITICAL - 2022-09-13 15:26:04 --> Undefined variable: totalTime
#0 /mdevs/mynlinksc/system/Debug/Toolbar/Views/toolbar.tpl.php(40): CodeIgniter\Debug\Exceptions->errorHandler()
#1 /mdevs/mynlinksc/system/Debug/Toolbar.php(501): include('/mdevs/mynlinks...')
#2 /mdevs/mynlinksc/system/Debug/Toolbar.php(464): CodeIgniter\Debug\Toolbar->format()
#3 /mdevs/mynlinksc/app/Config/Events.php(48): CodeIgniter\Debug\Toolbar->respond()
#4 /mdevs/mynlinksc/system/Events/Events.php(149): CodeIgniter\Events\Events::Config\{closure}()
#5 /mdevs/mynlinksc/system/CodeIgniter.php(308): CodeIgniter\Events\Events::trigger()
#6 /mdevs/mynlinksc/public/index.php(37): CodeIgniter\CodeIgniter->run()
#7 {main}
CRITICAL - 2022-09-13 15:53:19 --> syntax error, unexpected '?>', expecting identifier (T_STRING) or variable (T_VARIABLE) or '{' or '$'
#0 /mdevs/mynlinksc/system/View/View.php(213): CodeIgniter\View\View->CodeIgniter\View\{closure}()
#1 /mdevs/mynlinksc/system/Common.php(1089): CodeIgniter\View\View->render()
#2 /mdevs/mynlinksc/app/Controllers/Warehouse_rcvng.php(34): view()
#3 /mdevs/mynlinksc/system/CodeIgniter.php(832): App\Controllers\Warehouse_rcvng->index()
#4 /mdevs/mynlinksc/system/CodeIgniter.php(419): CodeIgniter\CodeIgniter->runController()
#5 /mdevs/mynlinksc/system/CodeIgniter.php(326): CodeIgniter\CodeIgniter->handleRequest()
#6 /mdevs/mynlinksc/public/index.php(37): CodeIgniter\CodeIgniter->run()
#7 {main}
CRITICAL - 2022-09-13 15:57:36 --> syntax error, unexpected '?>', expecting identifier (T_STRING) or variable (T_VARIABLE) or '{' or '$'
#0 /mdevs/mynlinksc/system/View/View.php(213): CodeIgniter\View\View->CodeIgniter\View\{closure}()
#1 /mdevs/mynlinksc/system/Common.php(1089): CodeIgniter\View\View->render()
#2 /mdevs/mynlinksc/app/Controllers/Warehouse_rcvng.php(34): view()
#3 /mdevs/mynlinksc/system/CodeIgniter.php(832): App\Controllers\Warehouse_rcvng->index()
#4 /mdevs/mynlinksc/system/CodeIgniter.php(419): CodeIgniter\CodeIgniter->runController()
#5 /mdevs/mynlinksc/system/CodeIgniter.php(326): CodeIgniter\CodeIgniter->handleRequest()
#6 /mdevs/mynlinksc/public/index.php(37): CodeIgniter\CodeIgniter->run()
#7 {main}
CRITICAL - 2022-09-13 15:58:38 --> Too few arguments to function App\Models\MyLibzSysModel::mypopulist_2(), 0 passed in /mdevs/mynlinksc/app/Views/warehouse_rcvng/warehouse_rcvng_main.php on line 74 and at least 3 expected
#0 /mdevs/mynlinksc/app/Views/warehouse_rcvng/warehouse_rcvng_main.php(74): App\Models\MyLibzSysModel->mypopulist_2()
#1 /mdevs/mynlinksc/system/View/View.php(210): include('/mdevs/mynlinks...')
#2 /mdevs/mynlinksc/system/View/View.php(213): CodeIgniter\View\View->CodeIgniter\View\{closure}()
#3 /mdevs/mynlinksc/system/Common.php(1089): CodeIgniter\View\View->render()
#4 /mdevs/mynlinksc/app/Controllers/Warehouse_rcvng.php(34): view()
#5 /mdevs/mynlinksc/system/CodeIgniter.php(832): App\Controllers\Warehouse_rcvng->index()
#6 /mdevs/mynlinksc/system/CodeIgniter.php(419): CodeIgniter\CodeIgniter->runController()
#7 /mdevs/mynlinksc/system/CodeIgniter.php(326): CodeIgniter\CodeIgniter->handleRequest()
#8 /mdevs/mynlinksc/public/index.php(37): CodeIgniter\CodeIgniter->run()
#9 {main}
CRITICAL - 2022-09-13 15:58:42 --> Too few arguments to function App\Models\MyLibzSysModel::mypopulist_2(), 0 passed in /mdevs/mynlinksc/app/Views/warehouse_rcvng/warehouse_rcvng_main.php on line 74 and at least 3 expected
#0 /mdevs/mynlinksc/app/Views/warehouse_rcvng/warehouse_rcvng_main.php(74): App\Models\MyLibzSysModel->mypopulist_2()
#1 /mdevs/mynlinksc/system/View/View.php(210): include('/mdevs/mynlinks...')
#2 /mdevs/mynlinksc/system/View/View.php(213): CodeIgniter\View\View->CodeIgniter\View\{closure}()
#3 /mdevs/mynlinksc/system/Common.php(1089): CodeIgniter\View\View->render()
#4 /mdevs/mynlinksc/app/Controllers/Warehouse_rcvng.php(34): view()
#5 /mdevs/mynlinksc/system/CodeIgniter.php(832): App\Controllers\Warehouse_rcvng->index()
#6 /mdevs/mynlinksc/system/CodeIgniter.php(419): CodeIgniter\CodeIgniter->runController()
#7 /mdevs/mynlinksc/system/CodeIgniter.php(326): CodeIgniter\CodeIgniter->handleRequest()
#8 /mdevs/mynlinksc/public/index.php(37): CodeIgniter\CodeIgniter->run()
#9 {main}
CRITICAL - 2022-09-13 15:59:17 --> Undefined variable: active_plnt_list
#0 /mdevs/mynlinksc/app/Views/warehouse_rcvng/warehouse_rcvng_main.php(74): CodeIgniter\Debug\Exceptions->errorHandler()
#1 /mdevs/mynlinksc/system/View/View.php(210): include('/mdevs/mynlinks...')
#2 /mdevs/mynlinksc/system/View/View.php(213): CodeIgniter\View\View->CodeIgniter\View\{closure}()
#3 /mdevs/mynlinksc/system/Common.php(1089): CodeIgniter\View\View->render()
#4 /mdevs/mynlinksc/app/Controllers/Warehouse_rcvng.php(34): view()
#5 /mdevs/mynlinksc/system/CodeIgniter.php(832): App\Controllers\Warehouse_rcvng->index()
#6 /mdevs/mynlinksc/system/CodeIgniter.php(419): CodeIgniter\CodeIgniter->runController()
#7 /mdevs/mynlinksc/system/CodeIgniter.php(326): CodeIgniter\CodeIgniter->handleRequest()
#8 /mdevs/mynlinksc/public/index.php(37): CodeIgniter\CodeIgniter->run()
#9 {main}
CRITICAL - 2022-09-13 15:59:17 --> Undefined variable: active_plnt_list
#0 /mdevs/mynlinksc/app/Views/warehouse_rcvng/warehouse_rcvng_main.php(74): CodeIgniter\Debug\Exceptions->errorHandler()
#1 /mdevs/mynlinksc/system/View/View.php(210): include('/mdevs/mynlinks...')
#2 /mdevs/mynlinksc/system/View/View.php(213): CodeIgniter\View\View->CodeIgniter\View\{closure}()
#3 /mdevs/mynlinksc/system/Common.php(1089): CodeIgniter\View\View->render()
#4 /mdevs/mynlinksc/app/Controllers/Warehouse_rcvng.php(34): view()
#5 /mdevs/mynlinksc/system/CodeIgniter.php(832): App\Controllers\Warehouse_rcvng->index()
#6 /mdevs/mynlinksc/system/CodeIgniter.php(419): CodeIgniter\CodeIgniter->runController()
#7 /mdevs/mynlinksc/system/CodeIgniter.php(326): CodeIgniter\CodeIgniter->handleRequest()
#8 /mdevs/mynlinksc/public/index.php(37): CodeIgniter\CodeIgniter->run()
#9 {main}
CRITICAL - 2022-09-13 15:59:49 --> Undefined property: CodeIgniter\View\View::$mydatazua
#0 /mdevs/mynlinksc/app/Views/warehouse_rcvng/warehouse_rcvng_main.php(40): CodeIgniter\Debug\Exceptions->errorHandler()
#1 /mdevs/mynlinksc/system/View/View.php(210): include('/mdevs/mynlinks...')
#2 /mdevs/mynlinksc/system/View/View.php(213): CodeIgniter\View\View->CodeIgniter\View\{closure}()
#3 /mdevs/mynlinksc/system/Common.php(1089): CodeIgniter\View\View->render()
#4 /mdevs/mynlinksc/app/Controllers/Warehouse_rcvng.php(34): view()
#5 /mdevs/mynlinksc/system/CodeIgniter.php(832): App\Controllers\Warehouse_rcvng->index()
#6 /mdevs/mynlinksc/system/CodeIgniter.php(419): CodeIgniter\CodeIgniter->runController()
#7 /mdevs/mynlinksc/system/CodeIgniter.php(326): CodeIgniter\CodeIgniter->handleRequest()
#8 /mdevs/mynlinksc/public/index.php(37): CodeIgniter\CodeIgniter->run()
#9 {main}
CRITICAL - 2022-09-13 15:59:50 --> Undefined property: CodeIgniter\View\View::$mydatazua
#0 /mdevs/mynlinksc/app/Views/warehouse_rcvng/warehouse_rcvng_main.php(40): CodeIgniter\Debug\Exceptions->errorHandler()
#1 /mdevs/mynlinksc/system/View/View.php(210): include('/mdevs/mynlinks...')
#2 /mdevs/mynlinksc/system/View/View.php(213): CodeIgniter\View\View->CodeIgniter\View\{closure}()
#3 /mdevs/mynlinksc/system/Common.php(1089): CodeIgniter\View\View->render()
#4 /mdevs/mynlinksc/app/Controllers/Warehouse_rcvng.php(34): view()
#5 /mdevs/mynlinksc/system/CodeIgniter.php(832): App\Controllers\Warehouse_rcvng->index()
#6 /mdevs/mynlinksc/system/CodeIgniter.php(419): CodeIgniter\CodeIgniter->runController()
#7 /mdevs/mynlinksc/system/CodeIgniter.php(326): CodeIgniter\CodeIgniter->handleRequest()
#8 /mdevs/mynlinksc/public/index.php(37): CodeIgniter\CodeIgniter->run()
#9 {main}
CRITICAL - 2022-09-13 15:59:50 --> Undefined property: CodeIgniter\View\View::$mydatazua
#0 /mdevs/mynlinksc/app/Views/warehouse_rcvng/warehouse_rcvng_main.php(40): CodeIgniter\Debug\Exceptions->errorHandler()
#1 /mdevs/mynlinksc/system/View/View.php(210): include('/mdevs/mynlinks...')
#2 /mdevs/mynlinksc/system/View/View.php(213): CodeIgniter\View\View->CodeIgniter\View\{closure}()
#3 /mdevs/mynlinksc/system/Common.php(1089): CodeIgniter\View\View->render()
#4 /mdevs/mynlinksc/app/Controllers/Warehouse_rcvng.php(34): view()
#5 /mdevs/mynlinksc/system/CodeIgniter.php(832): App\Controllers\Warehouse_rcvng->index()
#6 /mdevs/mynlinksc/system/CodeIgniter.php(419): CodeIgniter\CodeIgniter->runController()
#7 /mdevs/mynlinksc/system/CodeIgniter.php(326): CodeIgniter\CodeIgniter->handleRequest()
#8 /mdevs/mynlinksc/public/index.php(37): CodeIgniter\CodeIgniter->run()
#9 {main}
CRITICAL - 2022-09-13 16:01:38 --> Undefined property: CodeIgniter\View\View::$mydatazua
#0 /mdevs/mynlinksc/app/Views/warehouse_rcvng/warehouse_rcvng_main.php(40): CodeIgniter\Debug\Exceptions->errorHandler()
#1 /mdevs/mynlinksc/system/View/View.php(210): include('/mdevs/mynlinks...')
#2 /mdevs/mynlinksc/system/View/View.php(213): CodeIgniter\View\View->CodeIgniter\View\{closure}()
#3 /mdevs/mynlinksc/system/Common.php(1089): CodeIgniter\View\View->render()
#4 /mdevs/mynlinksc/app/Controllers/Warehouse_rcvng.php(34): view()
#5 /mdevs/mynlinksc/system/CodeIgniter.php(832): App\Controllers\Warehouse_rcvng->index()
#6 /mdevs/mynlinksc/system/CodeIgniter.php(419): CodeIgniter\CodeIgniter->runController()
#7 /mdevs/mynlinksc/system/CodeIgniter.php(326): CodeIgniter\CodeIgniter->handleRequest()
#8 /mdevs/mynlinksc/public/index.php(37): CodeIgniter\CodeIgniter->run()
#9 {main}
CRITICAL - 2022-09-13 16:01:55 --> Undefined property: CodeIgniter\View\View::$mydatazua
#0 /mdevs/mynlinksc/app/Views/warehouse_rcvng/warehouse_rcvng_main.php(40): CodeIgniter\Debug\Exceptions->errorHandler()
#1 /mdevs/mynlinksc/system/View/View.php(210): include('/mdevs/mynlinks...')
#2 /mdevs/mynlinksc/system/View/View.php(213): CodeIgniter\View\View->CodeIgniter\View\{closure}()
#3 /mdevs/mynlinksc/system/Common.php(1089): CodeIgniter\View\View->render()
#4 /mdevs/mynlinksc/app/Controllers/Warehouse_rcvng.php(34): view()
#5 /mdevs/mynlinksc/system/CodeIgniter.php(832): App\Controllers\Warehouse_rcvng->index()
#6 /mdevs/mynlinksc/system/CodeIgniter.php(419): CodeIgniter\CodeIgniter->runController()
#7 /mdevs/mynlinksc/system/CodeIgniter.php(326): CodeIgniter\CodeIgniter->handleRequest()
#8 /mdevs/mynlinksc/public/index.php(37): CodeIgniter\CodeIgniter->run()
#9 {main}
CRITICAL - 2022-09-13 16:01:55 --> Undefined property: CodeIgniter\View\View::$mydatazua
#0 /mdevs/mynlinksc/app/Views/warehouse_rcvng/warehouse_rcvng_main.php(40): CodeIgniter\Debug\Exceptions->errorHandler()
#1 /mdevs/mynlinksc/system/View/View.php(210): include('/mdevs/mynlinks...')
#2 /mdevs/mynlinksc/system/View/View.php(213): CodeIgniter\View\View->CodeIgniter\View\{closure}()
#3 /mdevs/mynlinksc/system/Common.php(1089): CodeIgniter\View\View->render()
#4 /mdevs/mynlinksc/app/Controllers/Warehouse_rcvng.php(34): view()
#5 /mdevs/mynlinksc/system/CodeIgniter.php(832): App\Controllers\Warehouse_rcvng->index()
#6 /mdevs/mynlinksc/system/CodeIgniter.php(419): CodeIgniter\CodeIgniter->runController()
#7 /mdevs/mynlinksc/system/CodeIgniter.php(326): CodeIgniter\CodeIgniter->handleRequest()
#8 /mdevs/mynlinksc/public/index.php(37): CodeIgniter\CodeIgniter->run()
#9 {main}
CRITICAL - 2022-09-13 16:01:55 --> Undefined property: CodeIgniter\View\View::$mydatazua
#0 /mdevs/mynlinksc/app/Views/warehouse_rcvng/warehouse_rcvng_main.php(40): CodeIgniter\Debug\Exceptions->errorHandler()
#1 /mdevs/mynlinksc/system/View/View.php(210): include('/mdevs/mynlinks...')
#2 /mdevs/mynlinksc/system/View/View.php(213): CodeIgniter\View\View->CodeIgniter\View\{closure}()
#3 /mdevs/mynlinksc/system/Common.php(1089): CodeIgniter\View\View->render()
#4 /mdevs/mynlinksc/app/Controllers/Warehouse_rcvng.php(34): view()
#5 /mdevs/mynlinksc/system/CodeIgniter.php(832): App\Controllers\Warehouse_rcvng->index()
#6 /mdevs/mynlinksc/system/CodeIgniter.php(419): CodeIgniter\CodeIgniter->runController()
#7 /mdevs/mynlinksc/system/CodeIgniter.php(326): CodeIgniter\CodeIgniter->handleRequest()
#8 /mdevs/mynlinksc/public/index.php(37): CodeIgniter\CodeIgniter->run()
#9 {main}
CRITICAL - 2022-09-13 16:01:56 --> Undefined property: CodeIgniter\View\View::$mydatazua
#0 /mdevs/mynlinksc/app/Views/warehouse_rcvng/warehouse_rcvng_main.php(40): CodeIgniter\Debug\Exceptions->errorHandler()
#1 /mdevs/mynlinksc/system/View/View.php(210): include('/mdevs/mynlinks...')
#2 /mdevs/mynlinksc/system/View/View.php(213): CodeIgniter\View\View->CodeIgniter\View\{closure}()
#3 /mdevs/mynlinksc/system/Common.php(1089): CodeIgniter\View\View->render()
#4 /mdevs/mynlinksc/app/Controllers/Warehouse_rcvng.php(34): view()
#5 /mdevs/mynlinksc/system/CodeIgniter.php(832): App\Controllers\Warehouse_rcvng->index()
#6 /mdevs/mynlinksc/system/CodeIgniter.php(419): CodeIgniter\CodeIgniter->runController()
#7 /mdevs/mynlinksc/system/CodeIgniter.php(326): CodeIgniter\CodeIgniter->handleRequest()
#8 /mdevs/mynlinksc/public/index.php(37): CodeIgniter\CodeIgniter->run()
#9 {main}
CRITICAL - 2022-09-13 16:01:56 --> Undefined property: CodeIgniter\View\View::$mydatazua
#0 /mdevs/mynlinksc/app/Views/warehouse_rcvng/warehouse_rcvng_main.php(40): CodeIgniter\Debug\Exceptions->errorHandler()
#1 /mdevs/mynlinksc/system/View/View.php(210): include('/mdevs/mynlinks...')
#2 /mdevs/mynlinksc/system/View/View.php(213): CodeIgniter\View\View->CodeIgniter\View\{closure}()
#3 /mdevs/mynlinksc/system/Common.php(1089): CodeIgniter\View\View->render()
#4 /mdevs/mynlinksc/app/Controllers/Warehouse_rcvng.php(34): view()
#5 /mdevs/mynlinksc/system/CodeIgniter.php(832): App\Controllers\Warehouse_rcvng->index()
#6 /mdevs/mynlinksc/system/CodeIgniter.php(419): CodeIgniter\CodeIgniter->runController()
#7 /mdevs/mynlinksc/system/CodeIgniter.php(326): CodeIgniter\CodeIgniter->handleRequest()
#8 /mdevs/mynlinksc/public/index.php(37): CodeIgniter\CodeIgniter->run()
#9 {main}
CRITICAL - 2022-09-13 16:01:56 --> Undefined property: CodeIgniter\View\View::$mydatazua
#0 /mdevs/mynlinksc/app/Views/warehouse_rcvng/warehouse_rcvng_main.php(40): CodeIgniter\Debug\Exceptions->errorHandler()
#1 /mdevs/mynlinksc/system/View/View.php(210): include('/mdevs/mynlinks...')
#2 /mdevs/mynlinksc/system/View/View.php(213): CodeIgniter\View\View->CodeIgniter\View\{closure}()
#3 /mdevs/mynlinksc/system/Common.php(1089): CodeIgniter\View\View->render()
#4 /mdevs/mynlinksc/app/Controllers/Warehouse_rcvng.php(34): view()
#5 /mdevs/mynlinksc/system/CodeIgniter.php(832): App\Controllers\Warehouse_rcvng->index()
#6 /mdevs/mynlinksc/system/CodeIgniter.php(419): CodeIgniter\CodeIgniter->runController()
#7 /mdevs/mynlinksc/system/CodeIgniter.php(326): CodeIgniter\CodeIgniter->handleRequest()
#8 /mdevs/mynlinksc/public/index.php(37): CodeIgniter\CodeIgniter->run()
#9 {main}
CRITICAL - 2022-09-13 16:04:09 --> Undefined property: CodeIgniter\View\View::$mydatazua
#0 /mdevs/mynlinksc/app/Views/warehouse_rcvng/warehouse_rcvng_main.php(40): CodeIgniter\Debug\Exceptions->errorHandler()
#1 /mdevs/mynlinksc/system/View/View.php(210): include('/mdevs/mynlinks...')
#2 /mdevs/mynlinksc/system/View/View.php(213): CodeIgniter\View\View->CodeIgniter\View\{closure}()
#3 /mdevs/mynlinksc/system/Common.php(1089): CodeIgniter\View\View->render()
#4 /mdevs/mynlinksc/app/Controllers/Warehouse_rcvng.php(34): view()
#5 /mdevs/mynlinksc/system/CodeIgniter.php(832): App\Controllers\Warehouse_rcvng->index()
#6 /mdevs/mynlinksc/system/CodeIgniter.php(419): CodeIgniter\CodeIgniter->runController()
#7 /mdevs/mynlinksc/system/CodeIgniter.php(326): CodeIgniter\CodeIgniter->handleRequest()
#8 /mdevs/mynlinksc/public/index.php(37): CodeIgniter\CodeIgniter->run()
#9 {main}
CRITICAL - 2022-09-13 16:04:11 --> Undefined property: CodeIgniter\View\View::$mydatazua
#0 /mdevs/mynlinksc/app/Views/warehouse_rcvng/warehouse_rcvng_main.php(40): CodeIgniter\Debug\Exceptions->errorHandler()
#1 /mdevs/mynlinksc/system/View/View.php(210): include('/mdevs/mynlinks...')
#2 /mdevs/mynlinksc/system/View/View.php(213): CodeIgniter\View\View->CodeIgniter\View\{closure}()
#3 /mdevs/mynlinksc/system/Common.php(1089): CodeIgniter\View\View->render()
#4 /mdevs/mynlinksc/app/Controllers/Warehouse_rcvng.php(34): view()
#5 /mdevs/mynlinksc/system/CodeIgniter.php(832): App\Controllers\Warehouse_rcvng->index()
#6 /mdevs/mynlinksc/system/CodeIgniter.php(419): CodeIgniter\CodeIgniter->runController()
#7 /mdevs/mynlinksc/system/CodeIgniter.php(326): CodeIgniter\CodeIgniter->handleRequest()
#8 /mdevs/mynlinksc/public/index.php(37): CodeIgniter\CodeIgniter->run()
#9 {main}
CRITICAL - 2022-09-13 16:04:17 --> Undefined property: CodeIgniter\View\View::$mydatazua
#0 /mdevs/mynlinksc/app/Views/warehouse_rcvng/warehouse_rcvng_main.php(40): CodeIgniter\Debug\Exceptions->errorHandler()
#1 /mdevs/mynlinksc/system/View/View.php(210): include('/mdevs/mynlinks...')
#2 /mdevs/mynlinksc/system/View/View.php(213): CodeIgniter\View\View->CodeIgniter\View\{closure}()
#3 /mdevs/mynlinksc/system/Common.php(1089): CodeIgniter\View\View->render()
#4 /mdevs/mynlinksc/app/Controllers/Warehouse_rcvng.php(34): view()
#5 /mdevs/mynlinksc/system/CodeIgniter.php(832): App\Controllers\Warehouse_rcvng->index()
#6 /mdevs/mynlinksc/system/CodeIgniter.php(419): CodeIgniter\CodeIgniter->runController()
#7 /mdevs/mynlinksc/system/CodeIgniter.php(326): CodeIgniter\CodeIgniter->handleRequest()
#8 /mdevs/mynlinksc/public/index.php(37): CodeIgniter\CodeIgniter->run()
#9 {main}
CRITICAL - 2022-09-13 16:04:57 --> Undefined property: CodeIgniter\View\View::$mydatazua
#0 /mdevs/mynlinksc/app/Views/warehouse_rcvng/warehouse_rcvng_main.php(40): CodeIgniter\Debug\Exceptions->errorHandler()
#1 /mdevs/mynlinksc/system/View/View.php(210): include('/mdevs/mynlinks...')
#2 /mdevs/mynlinksc/system/View/View.php(213): CodeIgniter\View\View->CodeIgniter\View\{closure}()
#3 /mdevs/mynlinksc/system/Common.php(1089): CodeIgniter\View\View->render()
#4 /mdevs/mynlinksc/app/Controllers/Warehouse_rcvng.php(34): view()
#5 /mdevs/mynlinksc/system/CodeIgniter.php(832): App\Controllers\Warehouse_rcvng->index()
#6 /mdevs/mynlinksc/system/CodeIgniter.php(419): CodeIgniter\CodeIgniter->runController()
#7 /mdevs/mynlinksc/system/CodeIgniter.php(326): CodeIgniter\CodeIgniter->handleRequest()
#8 /mdevs/mynlinksc/public/index.php(37): CodeIgniter\CodeIgniter->run()
#9 {main}
CRITICAL - 2022-09-13 16:04:57 --> Undefined property: CodeIgniter\View\View::$mydatazua
#0 /mdevs/mynlinksc/app/Views/warehouse_rcvng/warehouse_rcvng_main.php(40): CodeIgniter\Debug\Exceptions->errorHandler()
#1 /mdevs/mynlinksc/system/View/View.php(210): include('/mdevs/mynlinks...')
#2 /mdevs/mynlinksc/system/View/View.php(213): CodeIgniter\View\View->CodeIgniter\View\{closure}()
#3 /mdevs/mynlinksc/system/Common.php(1089): CodeIgniter\View\View->render()
#4 /mdevs/mynlinksc/app/Controllers/Warehouse_rcvng.php(34): view()
#5 /mdevs/mynlinksc/system/CodeIgniter.php(832): App\Controllers\Warehouse_rcvng->index()
#6 /mdevs/mynlinksc/system/CodeIgniter.php(419): CodeIgniter\CodeIgniter->runController()
#7 /mdevs/mynlinksc/system/CodeIgniter.php(326): CodeIgniter\CodeIgniter->handleRequest()
#8 /mdevs/mynlinksc/public/index.php(37): CodeIgniter\CodeIgniter->run()
#9 {main}
CRITICAL - 2022-09-13 16:05:47 --> Undefined property: CodeIgniter\View\View::$mydatazua
#0 /mdevs/mynlinksc/app/Views/warehouse_rcvng/warehouse_rcvng_main.php(40): CodeIgniter\Debug\Exceptions->errorHandler()
#1 /mdevs/mynlinksc/system/View/View.php(210): include('/mdevs/mynlinks...')
#2 /mdevs/mynlinksc/system/View/View.php(213): CodeIgniter\View\View->CodeIgniter\View\{closure}()
#3 /mdevs/mynlinksc/system/Common.php(1089): CodeIgniter\View\View->render()
#4 /mdevs/mynlinksc/app/Controllers/Warehouse_rcvng.php(34): view()
#5 /mdevs/mynlinksc/system/CodeIgniter.php(832): App\Controllers\Warehouse_rcvng->index()
#6 /mdevs/mynlinksc/system/CodeIgniter.php(419): CodeIgniter\CodeIgniter->runController()
#7 /mdevs/mynlinksc/system/CodeIgniter.php(326): CodeIgniter\CodeIgniter->handleRequest()
#8 /mdevs/mynlinksc/public/index.php(37): CodeIgniter\CodeIgniter->run()
#9 {main}
CRITICAL - 2022-09-13 16:05:52 --> Undefined property: CodeIgniter\View\View::$mydatazua
#0 /mdevs/mynlinksc/app/Views/warehouse_rcvng/warehouse_rcvng_main.php(40): CodeIgniter\Debug\Exceptions->errorHandler()
#1 /mdevs/mynlinksc/system/View/View.php(210): include('/mdevs/mynlinks...')
#2 /mdevs/mynlinksc/system/View/View.php(213): CodeIgniter\View\View->CodeIgniter\View\{closure}()
#3 /mdevs/mynlinksc/system/Common.php(1089): CodeIgniter\View\View->render()
#4 /mdevs/mynlinksc/app/Controllers/Warehouse_rcvng.php(34): view()
#5 /mdevs/mynlinksc/system/CodeIgniter.php(832): App\Controllers\Warehouse_rcvng->index()
#6 /mdevs/mynlinksc/system/CodeIgniter.php(419): CodeIgniter\CodeIgniter->runController()
#7 /mdevs/mynlinksc/system/CodeIgniter.php(326): CodeIgniter\CodeIgniter->handleRequest()
#8 /mdevs/mynlinksc/public/index.php(37): CodeIgniter\CodeIgniter->run()
#9 {main}
CRITICAL - 2022-09-13 16:09:31 --> Undefined property: CodeIgniter\View\View::$mydatazua
#0 /mdevs/mynlinksc/app/Views/warehouse_rcvng/warehouse_rcvng_main.php(40): CodeIgniter\Debug\Exceptions->errorHandler()
#1 /mdevs/mynlinksc/system/View/View.php(210): include('/mdevs/mynlinks...')
#2 /mdevs/mynlinksc/system/View/View.php(213): CodeIgniter\View\View->CodeIgniter\View\{closure}()
#3 /mdevs/mynlinksc/system/Common.php(1089): CodeIgniter\View\View->render()
#4 /mdevs/mynlinksc/app/Controllers/Warehouse_rcvng.php(34): view()
#5 /mdevs/mynlinksc/system/CodeIgniter.php(832): App\Controllers\Warehouse_rcvng->index()
#6 /mdevs/mynlinksc/system/CodeIgniter.php(419): CodeIgniter\CodeIgniter->runController()
#7 /mdevs/mynlinksc/system/CodeIgniter.php(326): CodeIgniter\CodeIgniter->handleRequest()
#8 /mdevs/mynlinksc/public/index.php(37): CodeIgniter\CodeIgniter->run()
#9 {main}
CRITICAL - 2022-09-13 16:09:32 --> Undefined property: CodeIgniter\View\View::$mydatazua
#0 /mdevs/mynlinksc/app/Views/warehouse_rcvng/warehouse_rcvng_main.php(40): CodeIgniter\Debug\Exceptions->errorHandler()
#1 /mdevs/mynlinksc/system/View/View.php(210): include('/mdevs/mynlinks...')
#2 /mdevs/mynlinksc/system/View/View.php(213): CodeIgniter\View\View->CodeIgniter\View\{closure}()
#3 /mdevs/mynlinksc/system/Common.php(1089): CodeIgniter\View\View->render()
#4 /mdevs/mynlinksc/app/Controllers/Warehouse_rcvng.php(34): view()
#5 /mdevs/mynlinksc/system/CodeIgniter.php(832): App\Controllers\Warehouse_rcvng->index()
#6 /mdevs/mynlinksc/system/CodeIgniter.php(419): CodeIgniter\CodeIgniter->runController()
#7 /mdevs/mynlinksc/system/CodeIgniter.php(326): CodeIgniter\CodeIgniter->handleRequest()
#8 /mdevs/mynlinksc/public/index.php(37): CodeIgniter\CodeIgniter->run()
#9 {main}
CRITICAL - 2022-09-13 16:10:03 --> Undefined property: CodeIgniter\View\View::$mydatazua
#0 /mdevs/mynlinksc/app/Views/warehouse_rcvng/warehouse_rcvng_main.php(40): CodeIgniter\Debug\Exceptions->errorHandler()
#1 /mdevs/mynlinksc/system/View/View.php(210): include('/mdevs/mynlinks...')
#2 /mdevs/mynlinksc/system/View/View.php(213): CodeIgniter\View\View->CodeIgniter\View\{closure}()
#3 /mdevs/mynlinksc/system/Common.php(1089): CodeIgniter\View\View->render()
#4 /mdevs/mynlinksc/app/Controllers/Warehouse_rcvng.php(34): view()
#5 /mdevs/mynlinksc/system/CodeIgniter.php(832): App\Controllers\Warehouse_rcvng->index()
#6 /mdevs/mynlinksc/system/CodeIgniter.php(419): CodeIgniter\CodeIgniter->runController()
#7 /mdevs/mynlinksc/system/CodeIgniter.php(326): CodeIgniter\CodeIgniter->handleRequest()
#8 /mdevs/mynlinksc/public/index.php(37): CodeIgniter\CodeIgniter->run()
#9 {main}
CRITICAL - 2022-09-13 16:10:04 --> Undefined property: CodeIgniter\View\View::$mydatazua
#0 /mdevs/mynlinksc/app/Views/warehouse_rcvng/warehouse_rcvng_main.php(40): CodeIgniter\Debug\Exceptions->errorHandler()
#1 /mdevs/mynlinksc/system/View/View.php(210): include('/mdevs/mynlinks...')
#2 /mdevs/mynlinksc/system/View/View.php(213): CodeIgniter\View\View->CodeIgniter\View\{closure}()
#3 /mdevs/mynlinksc/system/Common.php(1089): CodeIgniter\View\View->render()
#4 /mdevs/mynlinksc/app/Controllers/Warehouse_rcvng.php(34): view()
#5 /mdevs/mynlinksc/system/CodeIgniter.php(832): App\Controllers\Warehouse_rcvng->index()
#6 /mdevs/mynlinksc/system/CodeIgniter.php(419): CodeIgniter\CodeIgniter->runController()
#7 /mdevs/mynlinksc/system/CodeIgniter.php(326): CodeIgniter\CodeIgniter->handleRequest()
#8 /mdevs/mynlinksc/public/index.php(37): CodeIgniter\CodeIgniter->run()
#9 {main}
CRITICAL - 2022-09-13 16:11:01 --> Undefined property: CodeIgniter\View\View::$mydatazua
#0 /mdevs/mynlinksc/app/Views/warehouse_rcvng/warehouse_rcvng_main.php(40): CodeIgniter\Debug\Exceptions->errorHandler()
#1 /mdevs/mynlinksc/system/View/View.php(210): include('/mdevs/mynlinks...')
#2 /mdevs/mynlinksc/system/View/View.php(213): CodeIgniter\View\View->CodeIgniter\View\{closure}()
#3 /mdevs/mynlinksc/system/Common.php(1089): CodeIgniter\View\View->render()
#4 /mdevs/mynlinksc/app/Controllers/Warehouse_rcvng.php(34): view()
#5 /mdevs/mynlinksc/system/CodeIgniter.php(832): App\Controllers\Warehouse_rcvng->index()
#6 /mdevs/mynlinksc/system/CodeIgniter.php(419): CodeIgniter\CodeIgniter->runController()
#7 /mdevs/mynlinksc/system/CodeIgniter.php(326): CodeIgniter\CodeIgniter->handleRequest()
#8 /mdevs/mynlinksc/public/index.php(37): CodeIgniter\CodeIgniter->run()
#9 {main}
CRITICAL - 2022-09-13 16:11:01 --> Undefined property: CodeIgniter\View\View::$mydatazua
#0 /mdevs/mynlinksc/app/Views/warehouse_rcvng/warehouse_rcvng_main.php(40): CodeIgniter\Debug\Exceptions->errorHandler()
#1 /mdevs/mynlinksc/system/View/View.php(210): include('/mdevs/mynlinks...')
#2 /mdevs/mynlinksc/system/View/View.php(213): CodeIgniter\View\View->CodeIgniter\View\{closure}()
#3 /mdevs/mynlinksc/system/Common.php(1089): CodeIgniter\View\View->render()
#4 /mdevs/mynlinksc/app/Controllers/Warehouse_rcvng.php(34): view()
#5 /mdevs/mynlinksc/system/CodeIgniter.php(832): App\Controllers\Warehouse_rcvng->index()
#6 /mdevs/mynlinksc/system/CodeIgniter.php(419): CodeIgniter\CodeIgniter->runController()
#7 /mdevs/mynlinksc/system/CodeIgniter.php(326): CodeIgniter\CodeIgniter->handleRequest()
#8 /mdevs/mynlinksc/public/index.php(37): CodeIgniter\CodeIgniter->run()
#9 {main}
CRITICAL - 2022-09-13 16:11:25 --> syntax error, unexpected 'model' (T_STRING)
#0 /mdevs/mynlinksc/system/View/View.php(213): CodeIgniter\View\View->CodeIgniter\View\{closure}()
#1 /mdevs/mynlinksc/system/Common.php(1089): CodeIgniter\View\View->render()
#2 /mdevs/mynlinksc/app/Controllers/Warehouse_rcvng.php(34): view()
#3 /mdevs/mynlinksc/system/CodeIgniter.php(832): App\Controllers\Warehouse_rcvng->index()
#4 /mdevs/mynlinksc/system/CodeIgniter.php(419): CodeIgniter\CodeIgniter->runController()
#5 /mdevs/mynlinksc/system/CodeIgniter.php(326): CodeIgniter\CodeIgniter->handleRequest()
#6 /mdevs/mynlinksc/public/index.php(37): CodeIgniter\CodeIgniter->run()
#7 {main}
CRITICAL - 2022-09-13 16:12:04 --> syntax error, unexpected 'model' (T_STRING)
#0 /mdevs/mynlinksc/system/View/View.php(213): CodeIgniter\View\View->CodeIgniter\View\{closure}()
#1 /mdevs/mynlinksc/system/Common.php(1089): CodeIgniter\View\View->render()
#2 /mdevs/mynlinksc/app/Controllers/Warehouse_rcvng.php(34): view()
#3 /mdevs/mynlinksc/system/CodeIgniter.php(832): App\Controllers\Warehouse_rcvng->index()
#4 /mdevs/mynlinksc/system/CodeIgniter.php(419): CodeIgniter\CodeIgniter->runController()
#5 /mdevs/mynlinksc/system/CodeIgniter.php(326): CodeIgniter\CodeIgniter->handleRequest()
#6 /mdevs/mynlinksc/public/index.php(37): CodeIgniter\CodeIgniter->run()
#7 {main}
CRITICAL - 2022-09-13 16:12:06 --> syntax error, unexpected 'model' (T_STRING)
#0 /mdevs/mynlinksc/system/View/View.php(213): CodeIgniter\View\View->CodeIgniter\View\{closure}()
#1 /mdevs/mynlinksc/system/Common.php(1089): CodeIgniter\View\View->render()
#2 /mdevs/mynlinksc/app/Controllers/Warehouse_rcvng.php(34): view()
#3 /mdevs/mynlinksc/system/CodeIgniter.php(832): App\Controllers\Warehouse_rcvng->index()
#4 /mdevs/mynlinksc/system/CodeIgniter.php(419): CodeIgniter\CodeIgniter->runController()
#5 /mdevs/mynlinksc/system/CodeIgniter.php(326): CodeIgniter\CodeIgniter->handleRequest()
#6 /mdevs/mynlinksc/public/index.php(37): CodeIgniter\CodeIgniter->run()
#7 {main}
CRITICAL - 2022-09-13 16:12:42 --> syntax error, unexpected 'model' (T_STRING)
#0 /mdevs/mynlinksc/system/View/View.php(213): CodeIgniter\View\View->CodeIgniter\View\{closure}()
#1 /mdevs/mynlinksc/system/Common.php(1089): CodeIgniter\View\View->render()
#2 /mdevs/mynlinksc/app/Controllers/Warehouse_rcvng.php(34): view()
#3 /mdevs/mynlinksc/system/CodeIgniter.php(832): App\Controllers\Warehouse_rcvng->index()
#4 /mdevs/mynlinksc/system/CodeIgniter.php(419): CodeIgniter\CodeIgniter->runController()
#5 /mdevs/mynlinksc/system/CodeIgniter.php(326): CodeIgniter\CodeIgniter->handleRequest()
#6 /mdevs/mynlinksc/public/index.php(37): CodeIgniter\CodeIgniter->run()
#7 {main}
CRITICAL - 2022-09-13 16:12:42 --> syntax error, unexpected 'model' (T_STRING)
#0 /mdevs/mynlinksc/system/View/View.php(213): CodeIgniter\View\View->CodeIgniter\View\{closure}()
#1 /mdevs/mynlinksc/system/Common.php(1089): CodeIgniter\View\View->render()
#2 /mdevs/mynlinksc/app/Controllers/Warehouse_rcvng.php(34): view()
#3 /mdevs/mynlinksc/system/CodeIgniter.php(832): App\Controllers\Warehouse_rcvng->index()
#4 /mdevs/mynlinksc/system/CodeIgniter.php(419): CodeIgniter\CodeIgniter->runController()
#5 /mdevs/mynlinksc/system/CodeIgniter.php(326): CodeIgniter\CodeIgniter->handleRequest()
#6 /mdevs/mynlinksc/public/index.php(37): CodeIgniter\CodeIgniter->run()
#7 {main}
CRITICAL - 2022-09-13 16:12:58 --> syntax error, unexpected 'model' (T_STRING)
#0 /mdevs/mynlinksc/system/View/View.php(213): CodeIgniter\View\View->CodeIgniter\View\{closure}()
#1 /mdevs/mynlinksc/system/Common.php(1089): CodeIgniter\View\View->render()
#2 /mdevs/mynlinksc/app/Controllers/Warehouse_rcvng.php(34): view()
#3 /mdevs/mynlinksc/system/CodeIgniter.php(832): App\Controllers\Warehouse_rcvng->index()
#4 /mdevs/mynlinksc/system/CodeIgniter.php(419): CodeIgniter\CodeIgniter->runController()
#5 /mdevs/mynlinksc/system/CodeIgniter.php(326): CodeIgniter\CodeIgniter->handleRequest()
#6 /mdevs/mynlinksc/public/index.php(37): CodeIgniter\CodeIgniter->run()
#7 {main}
CRITICAL - 2022-09-13 16:13:24 --> syntax error, unexpected 'model' (T_STRING)
#0 /mdevs/mynlinksc/system/View/View.php(213): CodeIgniter\View\View->CodeIgniter\View\{closure}()
#1 /mdevs/mynlinksc/system/Common.php(1089): CodeIgniter\View\View->render()
#2 /mdevs/mynlinksc/app/Controllers/Warehouse_rcvng.php(34): view()
#3 /mdevs/mynlinksc/system/CodeIgniter.php(832): App\Controllers\Warehouse_rcvng->index()
#4 /mdevs/mynlinksc/system/CodeIgniter.php(419): CodeIgniter\CodeIgniter->runController()
#5 /mdevs/mynlinksc/system/CodeIgniter.php(326): CodeIgniter\CodeIgniter->handleRequest()
#6 /mdevs/mynlinksc/public/index.php(37): CodeIgniter\CodeIgniter->run()
#7 {main}
CRITICAL - 2022-09-13 16:13:57 --> syntax error, unexpected 'model' (T_STRING)
#0 /mdevs/mynlinksc/system/View/View.php(213): CodeIgniter\View\View->CodeIgniter\View\{closure}()
#1 /mdevs/mynlinksc/system/Common.php(1089): CodeIgniter\View\View->render()
#2 /mdevs/mynlinksc/app/Controllers/Warehouse_rcvng.php(34): view()
#3 /mdevs/mynlinksc/system/CodeIgniter.php(832): App\Controllers\Warehouse_rcvng->index()
#4 /mdevs/mynlinksc/system/CodeIgniter.php(419): CodeIgniter\CodeIgniter->runController()
#5 /mdevs/mynlinksc/system/CodeIgniter.php(326): CodeIgniter\CodeIgniter->handleRequest()
#6 /mdevs/mynlinksc/public/index.php(37): CodeIgniter\CodeIgniter->run()
#7 {main}
CRITICAL - 2022-09-13 16:13:58 --> syntax error, unexpected 'model' (T_STRING)
#0 /mdevs/mynlinksc/system/View/View.php(213): CodeIgniter\View\View->CodeIgniter\View\{closure}()
#1 /mdevs/mynlinksc/system/Common.php(1089): CodeIgniter\View\View->render()
#2 /mdevs/mynlinksc/app/Controllers/Warehouse_rcvng.php(34): view()
#3 /mdevs/mynlinksc/system/CodeIgniter.php(832): App\Controllers\Warehouse_rcvng->index()
#4 /mdevs/mynlinksc/system/CodeIgniter.php(419): CodeIgniter\CodeIgniter->runController()
#5 /mdevs/mynlinksc/system/CodeIgniter.php(326): CodeIgniter\CodeIgniter->handleRequest()
#6 /mdevs/mynlinksc/public/index.php(37): CodeIgniter\CodeIgniter->run()
#7 {main}
CRITICAL - 2022-09-13 16:13:58 --> syntax error, unexpected 'model' (T_STRING)
#0 /mdevs/mynlinksc/system/View/View.php(213): CodeIgniter\View\View->CodeIgniter\View\{closure}()
#1 /mdevs/mynlinksc/system/Common.php(1089): CodeIgniter\View\View->render()
#2 /mdevs/mynlinksc/app/Controllers/Warehouse_rcvng.php(34): view()
#3 /mdevs/mynlinksc/system/CodeIgniter.php(832): App\Controllers\Warehouse_rcvng->index()
#4 /mdevs/mynlinksc/system/CodeIgniter.php(419): CodeIgniter\CodeIgniter->runController()
#5 /mdevs/mynlinksc/system/CodeIgniter.php(326): CodeIgniter\CodeIgniter->handleRequest()
#6 /mdevs/mynlinksc/public/index.php(37): CodeIgniter\CodeIgniter->run()
#7 {main}
CRITICAL - 2022-09-13 16:13:59 --> syntax error, unexpected 'model' (T_STRING)
#0 /mdevs/mynlinksc/system/View/View.php(213): CodeIgniter\View\View->CodeIgniter\View\{closure}()
#1 /mdevs/mynlinksc/system/Common.php(1089): CodeIgniter\View\View->render()
#2 /mdevs/mynlinksc/app/Controllers/Warehouse_rcvng.php(34): view()
#3 /mdevs/mynlinksc/system/CodeIgniter.php(832): App\Controllers\Warehouse_rcvng->index()
#4 /mdevs/mynlinksc/system/CodeIgniter.php(419): CodeIgniter\CodeIgniter->runController()
#5 /mdevs/mynlinksc/system/CodeIgniter.php(326): CodeIgniter\CodeIgniter->handleRequest()
#6 /mdevs/mynlinksc/public/index.php(37): CodeIgniter\CodeIgniter->run()
#7 {main}
CRITICAL - 2022-09-13 16:14:10 --> syntax error, unexpected 'model' (T_STRING)
#0 /mdevs/mynlinksc/system/View/View.php(213): CodeIgniter\View\View->CodeIgniter\View\{closure}()
#1 /mdevs/mynlinksc/system/Common.php(1089): CodeIgniter\View\View->render()
#2 /mdevs/mynlinksc/app/Controllers/Warehouse_rcvng.php(34): view()
#3 /mdevs/mynlinksc/system/CodeIgniter.php(832): App\Controllers\Warehouse_rcvng->index()
#4 /mdevs/mynlinksc/system/CodeIgniter.php(419): CodeIgniter\CodeIgniter->runController()
#5 /mdevs/mynlinksc/system/CodeIgniter.php(326): CodeIgniter\CodeIgniter->handleRequest()
#6 /mdevs/mynlinksc/public/index.php(37): CodeIgniter\CodeIgniter->run()
#7 {main}
CRITICAL - 2022-09-13 16:14:15 --> Call to a member function get_ua_plnt() on null
#0 /mdevs/mynlinksc/system/View/View.php(210): include()
#1 /mdevs/mynlinksc/system/View/View.php(213): CodeIgniter\View\View->CodeIgniter\View\{closure}()
#2 /mdevs/mynlinksc/system/Common.php(1089): CodeIgniter\View\View->render()
#3 /mdevs/mynlinksc/app/Controllers/Warehouse_rcvng.php(34): view()
#4 /mdevs/mynlinksc/system/CodeIgniter.php(832): App\Controllers\Warehouse_rcvng->index()
#5 /mdevs/mynlinksc/system/CodeIgniter.php(419): CodeIgniter\CodeIgniter->runController()
#6 /mdevs/mynlinksc/system/CodeIgniter.php(326): CodeIgniter\CodeIgniter->handleRequest()
#7 /mdevs/mynlinksc/public/index.php(37): CodeIgniter\CodeIgniter->run()
#8 {main}
CRITICAL - 2022-09-13 16:17:38 --> Call to a member function get_ua_plnt() on null
#0 /mdevs/mynlinksc/system/View/View.php(210): include()
#1 /mdevs/mynlinksc/system/View/View.php(213): CodeIgniter\View\View->CodeIgniter\View\{closure}()
#2 /mdevs/mynlinksc/system/Common.php(1089): CodeIgniter\View\View->render()
#3 /mdevs/mynlinksc/app/Controllers/Warehouse_rcvng.php(34): view()
#4 /mdevs/mynlinksc/system/CodeIgniter.php(832): App\Controllers\Warehouse_rcvng->index()
#5 /mdevs/mynlinksc/system/CodeIgniter.php(419): CodeIgniter\CodeIgniter->runController()
#6 /mdevs/mynlinksc/system/CodeIgniter.php(326): CodeIgniter\CodeIgniter->handleRequest()
#7 /mdevs/mynlinksc/public/index.php(37): CodeIgniter\CodeIgniter->run()
#8 {main}
CRITICAL - 2022-09-13 16:17:38 --> Call to a member function get_ua_plnt() on null
#0 /mdevs/mynlinksc/system/View/View.php(210): include()
#1 /mdevs/mynlinksc/system/View/View.php(213): CodeIgniter\View\View->CodeIgniter\View\{closure}()
#2 /mdevs/mynlinksc/system/Common.php(1089): CodeIgniter\View\View->render()
#3 /mdevs/mynlinksc/app/Controllers/Warehouse_rcvng.php(34): view()
#4 /mdevs/mynlinksc/system/CodeIgniter.php(832): App\Controllers\Warehouse_rcvng->index()
#5 /mdevs/mynlinksc/system/CodeIgniter.php(419): CodeIgniter\CodeIgniter->runController()
#6 /mdevs/mynlinksc/system/CodeIgniter.php(326): CodeIgniter\CodeIgniter->handleRequest()
#7 /mdevs/mynlinksc/public/index.php(37): CodeIgniter\CodeIgniter->run()
#8 {main}
CRITICAL - 2022-09-13 16:18:03 --> Call to a member function get_ua_plnt() on null
#0 /mdevs/mynlinksc/system/View/View.php(210): include()
#1 /mdevs/mynlinksc/system/View/View.php(213): CodeIgniter\View\View->CodeIgniter\View\{closure}()
#2 /mdevs/mynlinksc/system/Common.php(1089): CodeIgniter\View\View->render()
#3 /mdevs/mynlinksc/app/Controllers/Warehouse_rcvng.php(34): view()
#4 /mdevs/mynlinksc/system/CodeIgniter.php(832): App\Controllers\Warehouse_rcvng->index()
#5 /mdevs/mynlinksc/system/CodeIgniter.php(419): CodeIgniter\CodeIgniter->runController()
#6 /mdevs/mynlinksc/system/CodeIgniter.php(326): CodeIgniter\CodeIgniter->handleRequest()
#7 /mdevs/mynlinksc/public/index.php(37): CodeIgniter\CodeIgniter->run()
#8 {main}
CRITICAL - 2022-09-13 16:18:07 --> Call to a member function get_ua_plnt() on null
#0 /mdevs/mynlinksc/system/View/View.php(210): include()
#1 /mdevs/mynlinksc/system/View/View.php(213): CodeIgniter\View\View->CodeIgniter\View\{closure}()
#2 /mdevs/mynlinksc/system/Common.php(1089): CodeIgniter\View\View->render()
#3 /mdevs/mynlinksc/app/Controllers/Warehouse_rcvng.php(34): view()
#4 /mdevs/mynlinksc/system/CodeIgniter.php(832): App\Controllers\Warehouse_rcvng->index()
#5 /mdevs/mynlinksc/system/CodeIgniter.php(419): CodeIgniter\CodeIgniter->runController()
#6 /mdevs/mynlinksc/system/CodeIgniter.php(326): CodeIgniter\CodeIgniter->handleRequest()
#7 /mdevs/mynlinksc/public/index.php(37): CodeIgniter\CodeIgniter->run()
#8 {main}
CRITICAL - 2022-09-13 16:18:10 --> Call to a member function get_ua_plnt() on null
#0 /mdevs/mynlinksc/system/View/View.php(210): include()
#1 /mdevs/mynlinksc/system/View/View.php(213): CodeIgniter\View\View->CodeIgniter\View\{closure}()
#2 /mdevs/mynlinksc/system/Common.php(1089): CodeIgniter\View\View->render()
#3 /mdevs/mynlinksc/app/Controllers/Warehouse_rcvng.php(34): view()
#4 /mdevs/mynlinksc/system/CodeIgniter.php(832): App\Controllers\Warehouse_rcvng->index()
#5 /mdevs/mynlinksc/system/CodeIgniter.php(419): CodeIgniter\CodeIgniter->runController()
#6 /mdevs/mynlinksc/system/CodeIgniter.php(326): CodeIgniter\CodeIgniter->handleRequest()
#7 /mdevs/mynlinksc/public/index.php(37): CodeIgniter\CodeIgniter->run()
#8 {main}
CRITICAL - 2022-09-13 16:18:12 --> Call to a member function get_ua_plnt() on null
#0 /mdevs/mynlinksc/system/View/View.php(210): include()
#1 /mdevs/mynlinksc/system/View/View.php(213): CodeIgniter\View\View->CodeIgniter\View\{closure}()
#2 /mdevs/mynlinksc/system/Common.php(1089): CodeIgniter\View\View->render()
#3 /mdevs/mynlinksc/app/Controllers/Warehouse_rcvng.php(34): view()
#4 /mdevs/mynlinksc/system/CodeIgniter.php(832): App\Controllers\Warehouse_rcvng->index()
#5 /mdevs/mynlinksc/system/CodeIgniter.php(419): CodeIgniter\CodeIgniter->runController()
#6 /mdevs/mynlinksc/system/CodeIgniter.php(326): CodeIgniter\CodeIgniter->handleRequest()
#7 /mdevs/mynlinksc/public/index.php(37): CodeIgniter\CodeIgniter->run()
#8 {main}
CRITICAL - 2022-09-13 16:18:17 --> Call to a member function get_ua_plnt() on null
#0 /mdevs/mynlinksc/system/View/View.php(210): include()
#1 /mdevs/mynlinksc/system/View/View.php(213): CodeIgniter\View\View->CodeIgniter\View\{closure}()
#2 /mdevs/mynlinksc/system/Common.php(1089): CodeIgniter\View\View->render()
#3 /mdevs/mynlinksc/app/Controllers/Warehouse_rcvng.php(34): view()
#4 /mdevs/mynlinksc/system/CodeIgniter.php(832): App\Controllers\Warehouse_rcvng->index()
#5 /mdevs/mynlinksc/system/CodeIgniter.php(419): CodeIgniter\CodeIgniter->runController()
#6 /mdevs/mynlinksc/system/CodeIgniter.php(326): CodeIgniter\CodeIgniter->handleRequest()
#7 /mdevs/mynlinksc/public/index.php(37): CodeIgniter\CodeIgniter->run()
#8 {main}
CRITICAL - 2022-09-13 16:18:21 --> Call to a member function get_ua_plnt() on null
#0 /mdevs/mynlinksc/system/View/View.php(210): include()
#1 /mdevs/mynlinksc/system/View/View.php(213): CodeIgniter\View\View->CodeIgniter\View\{closure}()
#2 /mdevs/mynlinksc/system/Common.php(1089): CodeIgniter\View\View->render()
#3 /mdevs/mynlinksc/app/Controllers/Warehouse_rcvng.php(34): view()
#4 /mdevs/mynlinksc/system/CodeIgniter.php(832): App\Controllers\Warehouse_rcvng->index()
#5 /mdevs/mynlinksc/system/CodeIgniter.php(419): CodeIgniter\CodeIgniter->runController()
#6 /mdevs/mynlinksc/system/CodeIgniter.php(326): CodeIgniter\CodeIgniter->handleRequest()
#7 /mdevs/mynlinksc/public/index.php(37): CodeIgniter\CodeIgniter->run()
#8 {main}
CRITICAL - 2022-09-13 16:18:23 --> Call to a member function get_ua_plnt() on null
#0 /mdevs/mynlinksc/system/View/View.php(210): include()
#1 /mdevs/mynlinksc/system/View/View.php(213): CodeIgniter\View\View->CodeIgniter\View\{closure}()
#2 /mdevs/mynlinksc/system/Common.php(1089): CodeIgniter\View\View->render()
#3 /mdevs/mynlinksc/app/Controllers/Warehouse_rcvng.php(34): view()
#4 /mdevs/mynlinksc/system/CodeIgniter.php(832): App\Controllers\Warehouse_rcvng->index()
#5 /mdevs/mynlinksc/system/CodeIgniter.php(419): CodeIgniter\CodeIgniter->runController()
#6 /mdevs/mynlinksc/system/CodeIgniter.php(326): CodeIgniter\CodeIgniter->handleRequest()
#7 /mdevs/mynlinksc/public/index.php(37): CodeIgniter\CodeIgniter->run()
#8 {main}
CRITICAL - 2022-09-13 16:18:24 --> Call to a member function get_ua_plnt() on null
#0 /mdevs/mynlinksc/system/View/View.php(210): include()
#1 /mdevs/mynlinksc/system/View/View.php(213): CodeIgniter\View\View->CodeIgniter\View\{closure}()
#2 /mdevs/mynlinksc/system/Common.php(1089): CodeIgniter\View\View->render()
#3 /mdevs/mynlinksc/app/Controllers/Warehouse_rcvng.php(34): view()
#4 /mdevs/mynlinksc/system/CodeIgniter.php(832): App\Controllers\Warehouse_rcvng->index()
#5 /mdevs/mynlinksc/system/CodeIgniter.php(419): CodeIgniter\CodeIgniter->runController()
#6 /mdevs/mynlinksc/system/CodeIgniter.php(326): CodeIgniter\CodeIgniter->handleRequest()
#7 /mdevs/mynlinksc/public/index.php(37): CodeIgniter\CodeIgniter->run()
#8 {main}
CRITICAL - 2022-09-13 16:18:53 --> Call to a member function get_ua_plnt() on null
#0 /mdevs/mynlinksc/system/View/View.php(210): include()
#1 /mdevs/mynlinksc/system/View/View.php(213): CodeIgniter\View\View->CodeIgniter\View\{closure}()
#2 /mdevs/mynlinksc/system/Common.php(1089): CodeIgniter\View\View->render()
#3 /mdevs/mynlinksc/app/Controllers/Warehouse_rcvng.php(34): view()
#4 /mdevs/mynlinksc/system/CodeIgniter.php(832): App\Controllers\Warehouse_rcvng->index()
#5 /mdevs/mynlinksc/system/CodeIgniter.php(419): CodeIgniter\CodeIgniter->runController()
#6 /mdevs/mynlinksc/system/CodeIgniter.php(326): CodeIgniter\CodeIgniter->handleRequest()
#7 /mdevs/mynlinksc/public/index.php(37): CodeIgniter\CodeIgniter->run()
#8 {main}
CRITICAL - 2022-09-13 16:18:54 --> Call to a member function get_ua_plnt() on null
#0 /mdevs/mynlinksc/system/View/View.php(210): include()
#1 /mdevs/mynlinksc/system/View/View.php(213): CodeIgniter\View\View->CodeIgniter\View\{closure}()
#2 /mdevs/mynlinksc/system/Common.php(1089): CodeIgniter\View\View->render()
#3 /mdevs/mynlinksc/app/Controllers/Warehouse_rcvng.php(34): view()
#4 /mdevs/mynlinksc/system/CodeIgniter.php(832): App\Controllers\Warehouse_rcvng->index()
#5 /mdevs/mynlinksc/system/CodeIgniter.php(419): CodeIgniter\CodeIgniter->runController()
#6 /mdevs/mynlinksc/system/CodeIgniter.php(326): CodeIgniter\CodeIgniter->handleRequest()
#7 /mdevs/mynlinksc/public/index.php(37): CodeIgniter\CodeIgniter->run()
#8 {main}
CRITICAL - 2022-09-13 16:20:07 --> Call to a member function get_ua_plnt() on null
#0 /mdevs/mynlinksc/system/View/View.php(210): include()
#1 /mdevs/mynlinksc/system/View/View.php(213): CodeIgniter\View\View->CodeIgniter\View\{closure}()
#2 /mdevs/mynlinksc/system/Common.php(1089): CodeIgniter\View\View->render()
#3 /mdevs/mynlinksc/app/Controllers/Warehouse_rcvng.php(34): view()
#4 /mdevs/mynlinksc/system/CodeIgniter.php(832): App\Controllers\Warehouse_rcvng->index()
#5 /mdevs/mynlinksc/system/CodeIgniter.php(419): CodeIgniter\CodeIgniter->runController()
#6 /mdevs/mynlinksc/system/CodeIgniter.php(326): CodeIgniter\CodeIgniter->handleRequest()
#7 /mdevs/mynlinksc/public/index.php(37): CodeIgniter\CodeIgniter->run()
#8 {main}
CRITICAL - 2022-09-13 16:20:08 --> Call to a member function get_ua_plnt() on null
#0 /mdevs/mynlinksc/system/View/View.php(210): include()
#1 /mdevs/mynlinksc/system/View/View.php(213): CodeIgniter\View\View->CodeIgniter\View\{closure}()
#2 /mdevs/mynlinksc/system/Common.php(1089): CodeIgniter\View\View->render()
#3 /mdevs/mynlinksc/app/Controllers/Warehouse_rcvng.php(34): view()
#4 /mdevs/mynlinksc/system/CodeIgniter.php(832): App\Controllers\Warehouse_rcvng->index()
#5 /mdevs/mynlinksc/system/CodeIgniter.php(419): CodeIgniter\CodeIgniter->runController()
#6 /mdevs/mynlinksc/system/CodeIgniter.php(326): CodeIgniter\CodeIgniter->handleRequest()
#7 /mdevs/mynlinksc/public/index.php(37): CodeIgniter\CodeIgniter->run()
#8 {main}
CRITICAL - 2022-09-13 16:20:09 --> Call to a member function get_ua_plnt() on null
#0 /mdevs/mynlinksc/system/View/View.php(210): include()
#1 /mdevs/mynlinksc/system/View/View.php(213): CodeIgniter\View\View->CodeIgniter\View\{closure}()
#2 /mdevs/mynlinksc/system/Common.php(1089): CodeIgniter\View\View->render()
#3 /mdevs/mynlinksc/app/Controllers/Warehouse_rcvng.php(34): view()
#4 /mdevs/mynlinksc/system/CodeIgniter.php(832): App\Controllers\Warehouse_rcvng->index()
#5 /mdevs/mynlinksc/system/CodeIgniter.php(419): CodeIgniter\CodeIgniter->runController()
#6 /mdevs/mynlinksc/system/CodeIgniter.php(326): CodeIgniter\CodeIgniter->handleRequest()
#7 /mdevs/mynlinksc/public/index.php(37): CodeIgniter\CodeIgniter->run()
#8 {main}
CRITICAL - 2022-09-13 16:20:12 --> Call to a member function get_ua_plnt() on null
#0 /mdevs/mynlinksc/system/View/View.php(210): include()
#1 /mdevs/mynlinksc/system/View/View.php(213): CodeIgniter\View\View->CodeIgniter\View\{closure}()
#2 /mdevs/mynlinksc/system/Common.php(1089): CodeIgniter\View\View->render()
#3 /mdevs/mynlinksc/app/Controllers/Warehouse_rcvng.php(34): view()
#4 /mdevs/mynlinksc/system/CodeIgniter.php(832): App\Controllers\Warehouse_rcvng->index()
#5 /mdevs/mynlinksc/system/CodeIgniter.php(419): CodeIgniter\CodeIgniter->runController()
#6 /mdevs/mynlinksc/system/CodeIgniter.php(326): CodeIgniter\CodeIgniter->handleRequest()
#7 /mdevs/mynlinksc/public/index.php(37): CodeIgniter\CodeIgniter->run()
#8 {main}
CRITICAL - 2022-09-13 16:21:22 --> Call to a member function get_ua_plnt() on null
#0 /mdevs/mynlinksc/system/View/View.php(210): include()
#1 /mdevs/mynlinksc/system/View/View.php(213): CodeIgniter\View\View->CodeIgniter\View\{closure}()
#2 /mdevs/mynlinksc/system/Common.php(1089): CodeIgniter\View\View->render()
#3 /mdevs/mynlinksc/app/Controllers/Warehouse_rcvng.php(34): view()
#4 /mdevs/mynlinksc/system/CodeIgniter.php(832): App\Controllers\Warehouse_rcvng->index()
#5 /mdevs/mynlinksc/system/CodeIgniter.php(419): CodeIgniter\CodeIgniter->runController()
#6 /mdevs/mynlinksc/system/CodeIgniter.php(326): CodeIgniter\CodeIgniter->handleRequest()
#7 /mdevs/mynlinksc/public/index.php(37): CodeIgniter\CodeIgniter->run()
#8 {main}
CRITICAL - 2022-09-13 16:21:23 --> Call to a member function get_ua_plnt() on null
#0 /mdevs/mynlinksc/system/View/View.php(210): include()
#1 /mdevs/mynlinksc/system/View/View.php(213): CodeIgniter\View\View->CodeIgniter\View\{closure}()
#2 /mdevs/mynlinksc/system/Common.php(1089): CodeIgniter\View\View->render()
#3 /mdevs/mynlinksc/app/Controllers/Warehouse_rcvng.php(34): view()
#4 /mdevs/mynlinksc/system/CodeIgniter.php(832): App\Controllers\Warehouse_rcvng->index()
#5 /mdevs/mynlinksc/system/CodeIgniter.php(419): CodeIgniter\CodeIgniter->runController()
#6 /mdevs/mynlinksc/system/CodeIgniter.php(326): CodeIgniter\CodeIgniter->handleRequest()
#7 /mdevs/mynlinksc/public/index.php(37): CodeIgniter\CodeIgniter->run()
#8 {main}
CRITICAL - 2022-09-13 16:22:42 --> Call to a member function get_ua_plnt() on null
#0 /mdevs/mynlinksc/system/View/View.php(210): include()
#1 /mdevs/mynlinksc/system/View/View.php(213): CodeIgniter\View\View->CodeIgniter\View\{closure}()
#2 /mdevs/mynlinksc/system/Common.php(1089): CodeIgniter\View\View->render()
#3 /mdevs/mynlinksc/app/Controllers/Warehouse_rcvng.php(34): view()
#4 /mdevs/mynlinksc/system/CodeIgniter.php(832): App\Controllers\Warehouse_rcvng->index()
#5 /mdevs/mynlinksc/system/CodeIgniter.php(419): CodeIgniter\CodeIgniter->runController()
#6 /mdevs/mynlinksc/system/CodeIgniter.php(326): CodeIgniter\CodeIgniter->handleRequest()
#7 /mdevs/mynlinksc/public/index.php(37): CodeIgniter\CodeIgniter->run()
#8 {main}
CRITICAL - 2022-09-13 16:22:42 --> Call to a member function get_ua_plnt() on null
#0 /mdevs/mynlinksc/system/View/View.php(210): include()
#1 /mdevs/mynlinksc/system/View/View.php(213): CodeIgniter\View\View->CodeIgniter\View\{closure}()
#2 /mdevs/mynlinksc/system/Common.php(1089): CodeIgniter\View\View->render()
#3 /mdevs/mynlinksc/app/Controllers/Warehouse_rcvng.php(34): view()
#4 /mdevs/mynlinksc/system/CodeIgniter.php(832): App\Controllers\Warehouse_rcvng->index()
#5 /mdevs/mynlinksc/system/CodeIgniter.php(419): CodeIgniter\CodeIgniter->runController()
#6 /mdevs/mynlinksc/system/CodeIgniter.php(326): CodeIgniter\CodeIgniter->handleRequest()
#7 /mdevs/mynlinksc/public/index.php(37): CodeIgniter\CodeIgniter->run()
#8 {main}
CRITICAL - 2022-09-13 16:22:47 --> Call to a member function get_ua_plnt() on null
#0 /mdevs/mynlinksc/system/View/View.php(210): include()
#1 /mdevs/mynlinksc/system/View/View.php(213): CodeIgniter\View\View->CodeIgniter\View\{closure}()
#2 /mdevs/mynlinksc/system/Common.php(1089): CodeIgniter\View\View->render()
#3 /mdevs/mynlinksc/app/Controllers/Warehouse_rcvng.php(34): view()
#4 /mdevs/mynlinksc/system/CodeIgniter.php(832): App\Controllers\Warehouse_rcvng->index()
#5 /mdevs/mynlinksc/system/CodeIgniter.php(419): CodeIgniter\CodeIgniter->runController()
#6 /mdevs/mynlinksc/system/CodeIgniter.php(326): CodeIgniter\CodeIgniter->handleRequest()
#7 /mdevs/mynlinksc/public/index.php(37): CodeIgniter\CodeIgniter->run()
#8 {main}
CRITICAL - 2022-09-13 16:22:48 --> Call to a member function get_ua_plnt() on null
#0 /mdevs/mynlinksc/system/View/View.php(210): include()
#1 /mdevs/mynlinksc/system/View/View.php(213): CodeIgniter\View\View->CodeIgniter\View\{closure}()
#2 /mdevs/mynlinksc/system/Common.php(1089): CodeIgniter\View\View->render()
#3 /mdevs/mynlinksc/app/Controllers/Warehouse_rcvng.php(34): view()
#4 /mdevs/mynlinksc/system/CodeIgniter.php(832): App\Controllers\Warehouse_rcvng->index()
#5 /mdevs/mynlinksc/system/CodeIgniter.php(419): CodeIgniter\CodeIgniter->runController()
#6 /mdevs/mynlinksc/system/CodeIgniter.php(326): CodeIgniter\CodeIgniter->handleRequest()
#7 /mdevs/mynlinksc/public/index.php(37): CodeIgniter\CodeIgniter->run()
#8 {main}
CRITICAL - 2022-09-13 16:23:25 --> Call to a member function get_ua_plnt() on null
#0 /mdevs/mynlinksc/system/View/View.php(210): include()
#1 /mdevs/mynlinksc/system/View/View.php(213): CodeIgniter\View\View->CodeIgniter\View\{closure}()
#2 /mdevs/mynlinksc/system/Common.php(1089): CodeIgniter\View\View->render()
#3 /mdevs/mynlinksc/app/Controllers/Warehouse_rcvng.php(34): view()
#4 /mdevs/mynlinksc/system/CodeIgniter.php(832): App\Controllers\Warehouse_rcvng->index()
#5 /mdevs/mynlinksc/system/CodeIgniter.php(419): CodeIgniter\CodeIgniter->runController()
#6 /mdevs/mynlinksc/system/CodeIgniter.php(326): CodeIgniter\CodeIgniter->handleRequest()
#7 /mdevs/mynlinksc/public/index.php(37): CodeIgniter\CodeIgniter->run()
#8 {main}
CRITICAL - 2022-09-13 16:23:32 --> Call to a member function get_ua_plnt() on null
#0 /mdevs/mynlinksc/system/View/View.php(210): include()
#1 /mdevs/mynlinksc/system/View/View.php(213): CodeIgniter\View\View->CodeIgniter\View\{closure}()
#2 /mdevs/mynlinksc/system/Common.php(1089): CodeIgniter\View\View->render()
#3 /mdevs/mynlinksc/app/Controllers/Warehouse_rcvng.php(34): view()
#4 /mdevs/mynlinksc/system/CodeIgniter.php(832): App\Controllers\Warehouse_rcvng->index()
#5 /mdevs/mynlinksc/system/CodeIgniter.php(419): CodeIgniter\CodeIgniter->runController()
#6 /mdevs/mynlinksc/system/CodeIgniter.php(326): CodeIgniter\CodeIgniter->handleRequest()
#7 /mdevs/mynlinksc/public/index.php(37): CodeIgniter\CodeIgniter->run()
#8 {main}
CRITICAL - 2022-09-13 16:23:38 --> Call to a member function get_ua_plnt() on null
#0 /mdevs/mynlinksc/system/View/View.php(210): include()
#1 /mdevs/mynlinksc/system/View/View.php(213): CodeIgniter\View\View->CodeIgniter\View\{closure}()
#2 /mdevs/mynlinksc/system/Common.php(1089): CodeIgniter\View\View->render()
#3 /mdevs/mynlinksc/app/Controllers/Warehouse_rcvng.php(34): view()
#4 /mdevs/mynlinksc/system/CodeIgniter.php(832): App\Controllers\Warehouse_rcvng->index()
#5 /mdevs/mynlinksc/system/CodeIgniter.php(419): CodeIgniter\CodeIgniter->runController()
#6 /mdevs/mynlinksc/system/CodeIgniter.php(326): CodeIgniter\CodeIgniter->handleRequest()
#7 /mdevs/mynlinksc/public/index.php(37): CodeIgniter\CodeIgniter->run()
#8 {main}
CRITICAL - 2022-09-13 16:24:13 --> Call to a member function get_ua_plnt() on null
#0 /mdevs/mynlinksc/system/View/View.php(210): include()
#1 /mdevs/mynlinksc/system/View/View.php(213): CodeIgniter\View\View->CodeIgniter\View\{closure}()
#2 /mdevs/mynlinksc/system/Common.php(1089): CodeIgniter\View\View->render()
#3 /mdevs/mynlinksc/app/Controllers/Warehouse_rcvng.php(34): view()
#4 /mdevs/mynlinksc/system/CodeIgniter.php(832): App\Controllers\Warehouse_rcvng->index()
#5 /mdevs/mynlinksc/system/CodeIgniter.php(419): CodeIgniter\CodeIgniter->runController()
#6 /mdevs/mynlinksc/system/CodeIgniter.php(326): CodeIgniter\CodeIgniter->handleRequest()
#7 /mdevs/mynlinksc/public/index.php(37): CodeIgniter\CodeIgniter->run()
#8 {main}
CRITICAL - 2022-09-13 16:24:14 --> Call to a member function get_ua_plnt() on null
#0 /mdevs/mynlinksc/system/View/View.php(210): include()
#1 /mdevs/mynlinksc/system/View/View.php(213): CodeIgniter\View\View->CodeIgniter\View\{closure}()
#2 /mdevs/mynlinksc/system/Common.php(1089): CodeIgniter\View\View->render()
#3 /mdevs/mynlinksc/app/Controllers/Warehouse_rcvng.php(34): view()
#4 /mdevs/mynlinksc/system/CodeIgniter.php(832): App\Controllers\Warehouse_rcvng->index()
#5 /mdevs/mynlinksc/system/CodeIgniter.php(419): CodeIgniter\CodeIgniter->runController()
#6 /mdevs/mynlinksc/system/CodeIgniter.php(326): CodeIgniter\CodeIgniter->handleRequest()
#7 /mdevs/mynlinksc/public/index.php(37): CodeIgniter\CodeIgniter->run()
#8 {main}
CRITICAL - 2022-09-13 16:24:15 --> Call to a member function get_ua_plnt() on null
#0 /mdevs/mynlinksc/system/View/View.php(210): include()
#1 /mdevs/mynlinksc/system/View/View.php(213): CodeIgniter\View\View->CodeIgniter\View\{closure}()
#2 /mdevs/mynlinksc/system/Common.php(1089): CodeIgniter\View\View->render()
#3 /mdevs/mynlinksc/app/Controllers/Warehouse_rcvng.php(34): view()
#4 /mdevs/mynlinksc/system/CodeIgniter.php(832): App\Controllers\Warehouse_rcvng->index()
#5 /mdevs/mynlinksc/system/CodeIgniter.php(419): CodeIgniter\CodeIgniter->runController()
#6 /mdevs/mynlinksc/system/CodeIgniter.php(326): CodeIgniter\CodeIgniter->handleRequest()
#7 /mdevs/mynlinksc/public/index.php(37): CodeIgniter\CodeIgniter->run()
#8 {main}
CRITICAL - 2022-09-13 16:24:15 --> Call to a member function get_ua_plnt() on null
#0 /mdevs/mynlinksc/system/View/View.php(210): include()
#1 /mdevs/mynlinksc/system/View/View.php(213): CodeIgniter\View\View->CodeIgniter\View\{closure}()
#2 /mdevs/mynlinksc/system/Common.php(1089): CodeIgniter\View\View->render()
#3 /mdevs/mynlinksc/app/Controllers/Warehouse_rcvng.php(34): view()
#4 /mdevs/mynlinksc/system/CodeIgniter.php(832): App\Controllers\Warehouse_rcvng->index()
#5 /mdevs/mynlinksc/system/CodeIgniter.php(419): CodeIgniter\CodeIgniter->runController()
#6 /mdevs/mynlinksc/system/CodeIgniter.php(326): CodeIgniter\CodeIgniter->handleRequest()
#7 /mdevs/mynlinksc/public/index.php(37): CodeIgniter\CodeIgniter->run()
#8 {main}
CRITICAL - 2022-09-13 16:24:21 --> Call to a member function get_ua_plnt() on null
#0 /mdevs/mynlinksc/system/View/View.php(210): include()
#1 /mdevs/mynlinksc/system/View/View.php(213): CodeIgniter\View\View->CodeIgniter\View\{closure}()
#2 /mdevs/mynlinksc/system/Common.php(1089): CodeIgniter\View\View->render()
#3 /mdevs/mynlinksc/app/Controllers/Warehouse_rcvng.php(34): view()
#4 /mdevs/mynlinksc/system/CodeIgniter.php(832): App\Controllers\Warehouse_rcvng->index()
#5 /mdevs/mynlinksc/system/CodeIgniter.php(419): CodeIgniter\CodeIgniter->runController()
#6 /mdevs/mynlinksc/system/CodeIgniter.php(326): CodeIgniter\CodeIgniter->handleRequest()
#7 /mdevs/mynlinksc/public/index.php(37): CodeIgniter\CodeIgniter->run()
#8 {main}
CRITICAL - 2022-09-13 16:24:21 --> Call to a member function get_ua_plnt() on null
#0 /mdevs/mynlinksc/system/View/View.php(210): include()
#1 /mdevs/mynlinksc/system/View/View.php(213): CodeIgniter\View\View->CodeIgniter\View\{closure}()
#2 /mdevs/mynlinksc/system/Common.php(1089): CodeIgniter\View\View->render()
#3 /mdevs/mynlinksc/app/Controllers/Warehouse_rcvng.php(34): view()
#4 /mdevs/mynlinksc/system/CodeIgniter.php(832): App\Controllers\Warehouse_rcvng->index()
#5 /mdevs/mynlinksc/system/CodeIgniter.php(419): CodeIgniter\CodeIgniter->runController()
#6 /mdevs/mynlinksc/system/CodeIgniter.php(326): CodeIgniter\CodeIgniter->handleRequest()
#7 /mdevs/mynlinksc/public/index.php(37): CodeIgniter\CodeIgniter->run()
#8 {main}
CRITICAL - 2022-09-13 16:24:22 --> Call to a member function get_ua_plnt() on null
#0 /mdevs/mynlinksc/system/View/View.php(210): include()
#1 /mdevs/mynlinksc/system/View/View.php(213): CodeIgniter\View\View->CodeIgniter\View\{closure}()
#2 /mdevs/mynlinksc/system/Common.php(1089): CodeIgniter\View\View->render()
#3 /mdevs/mynlinksc/app/Controllers/Warehouse_rcvng.php(34): view()
#4 /mdevs/mynlinksc/system/CodeIgniter.php(832): App\Controllers\Warehouse_rcvng->index()
#5 /mdevs/mynlinksc/system/CodeIgniter.php(419): CodeIgniter\CodeIgniter->runController()
#6 /mdevs/mynlinksc/system/CodeIgniter.php(326): CodeIgniter\CodeIgniter->handleRequest()
#7 /mdevs/mynlinksc/public/index.php(37): CodeIgniter\CodeIgniter->run()
#8 {main}
CRITICAL - 2022-09-13 16:24:31 --> Class 'Model' not found
#0 /mdevs/mynlinksc/system/Autoloader/Autoloader.php(264): include_once()
#1 /mdevs/mynlinksc/system/Autoloader/Autoloader.php(241): CodeIgniter\Autoloader\Autoloader->includeFile()
#2 /mdevs/mynlinksc/system/Autoloader/Autoloader.php(219): CodeIgniter\Autoloader\Autoloader->loadInNamespace()
#3 [internal function]: CodeIgniter\Autoloader\Autoloader->loadClass()
#4 [internal function]: spl_autoload_call()
#5 /mdevs/mynlinksc/system/Config/Factories.php(136): class_exists()
#6 /mdevs/mynlinksc/system/Config/Factories.php(106): CodeIgniter\Config\Factories::locateClass()
#7 /mdevs/mynlinksc/system/Common.php(780): CodeIgniter\Config\Factories::__callStatic()
#8 /mdevs/mynlinksc/app/Views/warehouse_rcvng/warehouse_rcvng_main.php(16): model()
#9 /mdevs/mynlinksc/system/View/View.php(210): include('/mdevs/mynlinks...')
#10 /mdevs/mynlinksc/system/View/View.php(213): CodeIgniter\View\View->CodeIgniter\View\{closure}()
#11 /mdevs/mynlinksc/system/Common.php(1089): CodeIgniter\View\View->render()
#12 /mdevs/mynlinksc/app/Controllers/Warehouse_rcvng.php(34): view()
#13 /mdevs/mynlinksc/system/CodeIgniter.php(832): App\Controllers\Warehouse_rcvng->index()
#14 /mdevs/mynlinksc/system/CodeIgniter.php(419): CodeIgniter\CodeIgniter->runController()
#15 /mdevs/mynlinksc/system/CodeIgniter.php(326): CodeIgniter\CodeIgniter->handleRequest()
#16 /mdevs/mynlinksc/public/index.php(37): CodeIgniter\CodeIgniter->run()
#17 {main}
CRITICAL - 2022-09-13 16:24:44 --> Class 'Model' not found
#0 /mdevs/mynlinksc/system/Autoloader/Autoloader.php(264): include_once()
#1 /mdevs/mynlinksc/system/Autoloader/Autoloader.php(241): CodeIgniter\Autoloader\Autoloader->includeFile()
#2 /mdevs/mynlinksc/system/Autoloader/Autoloader.php(219): CodeIgniter\Autoloader\Autoloader->loadInNamespace()
#3 [internal function]: CodeIgniter\Autoloader\Autoloader->loadClass()
#4 [internal function]: spl_autoload_call()
#5 /mdevs/mynlinksc/system/Config/Factories.php(136): class_exists()
#6 /mdevs/mynlinksc/system/Config/Factories.php(106): CodeIgniter\Config\Factories::locateClass()
#7 /mdevs/mynlinksc/system/Common.php(780): CodeIgniter\Config\Factories::__callStatic()
#8 /mdevs/mynlinksc/app/Views/warehouse_rcvng/warehouse_rcvng_main.php(16): model()
#9 /mdevs/mynlinksc/system/View/View.php(210): include('/mdevs/mynlinks...')
#10 /mdevs/mynlinksc/system/View/View.php(213): CodeIgniter\View\View->CodeIgniter\View\{closure}()
#11 /mdevs/mynlinksc/system/Common.php(1089): CodeIgniter\View\View->render()
#12 /mdevs/mynlinksc/app/Controllers/Warehouse_rcvng.php(34): view()
#13 /mdevs/mynlinksc/system/CodeIgniter.php(832): App\Controllers\Warehouse_rcvng->index()
#14 /mdevs/mynlinksc/system/CodeIgniter.php(419): CodeIgniter\CodeIgniter->runController()
#15 /mdevs/mynlinksc/system/CodeIgniter.php(326): CodeIgniter\CodeIgniter->handleRequest()
#16 /mdevs/mynlinksc/public/index.php(37): CodeIgniter\CodeIgniter->run()
#17 {main}
CRITICAL - 2022-09-13 16:24:45 --> Class 'Model' not found
#0 /mdevs/mynlinksc/system/Autoloader/Autoloader.php(264): include_once()
#1 /mdevs/mynlinksc/system/Autoloader/Autoloader.php(241): CodeIgniter\Autoloader\Autoloader->includeFile()
#2 /mdevs/mynlinksc/system/Autoloader/Autoloader.php(219): CodeIgniter\Autoloader\Autoloader->loadInNamespace()
#3 [internal function]: CodeIgniter\Autoloader\Autoloader->loadClass()
#4 [internal function]: spl_autoload_call()
#5 /mdevs/mynlinksc/system/Config/Factories.php(136): class_exists()
#6 /mdevs/mynlinksc/system/Config/Factories.php(106): CodeIgniter\Config\Factories::locateClass()
#7 /mdevs/mynlinksc/system/Common.php(780): CodeIgniter\Config\Factories::__callStatic()
#8 /mdevs/mynlinksc/app/Views/warehouse_rcvng/warehouse_rcvng_main.php(16): model()
#9 /mdevs/mynlinksc/system/View/View.php(210): include('/mdevs/mynlinks...')
#10 /mdevs/mynlinksc/system/View/View.php(213): CodeIgniter\View\View->CodeIgniter\View\{closure}()
#11 /mdevs/mynlinksc/system/Common.php(1089): CodeIgniter\View\View->render()
#12 /mdevs/mynlinksc/app/Controllers/Warehouse_rcvng.php(34): view()
#13 /mdevs/mynlinksc/system/CodeIgniter.php(832): App\Controllers\Warehouse_rcvng->index()
#14 /mdevs/mynlinksc/system/CodeIgniter.php(419): CodeIgniter\CodeIgniter->runController()
#15 /mdevs/mynlinksc/system/CodeIgniter.php(326): CodeIgniter\CodeIgniter->handleRequest()
#16 /mdevs/mynlinksc/public/index.php(37): CodeIgniter\CodeIgniter->run()
#17 {main}
CRITICAL - 2022-09-13 16:24:46 --> Class 'Model' not found
#0 /mdevs/mynlinksc/system/Autoloader/Autoloader.php(264): include_once()
#1 /mdevs/mynlinksc/system/Autoloader/Autoloader.php(241): CodeIgniter\Autoloader\Autoloader->includeFile()
#2 /mdevs/mynlinksc/system/Autoloader/Autoloader.php(219): CodeIgniter\Autoloader\Autoloader->loadInNamespace()
#3 [internal function]: CodeIgniter\Autoloader\Autoloader->loadClass()
#4 [internal function]: spl_autoload_call()
#5 /mdevs/mynlinksc/system/Config/Factories.php(136): class_exists()
#6 /mdevs/mynlinksc/system/Config/Factories.php(106): CodeIgniter\Config\Factories::locateClass()
#7 /mdevs/mynlinksc/system/Common.php(780): CodeIgniter\Config\Factories::__callStatic()
#8 /mdevs/mynlinksc/app/Views/warehouse_rcvng/warehouse_rcvng_main.php(16): model()
#9 /mdevs/mynlinksc/system/View/View.php(210): include('/mdevs/mynlinks...')
#10 /mdevs/mynlinksc/system/View/View.php(213): CodeIgniter\View\View->CodeIgniter\View\{closure}()
#11 /mdevs/mynlinksc/system/Common.php(1089): CodeIgniter\View\View->render()
#12 /mdevs/mynlinksc/app/Controllers/Warehouse_rcvng.php(34): view()
#13 /mdevs/mynlinksc/system/CodeIgniter.php(832): App\Controllers\Warehouse_rcvng->index()
#14 /mdevs/mynlinksc/system/CodeIgniter.php(419): CodeIgniter\CodeIgniter->runController()
#15 /mdevs/mynlinksc/system/CodeIgniter.php(326): CodeIgniter\CodeIgniter->handleRequest()
#16 /mdevs/mynlinksc/public/index.php(37): CodeIgniter\CodeIgniter->run()
#17 {main}
CRITICAL - 2022-09-13 16:24:48 --> Class 'Model' not found
#0 /mdevs/mynlinksc/system/Autoloader/Autoloader.php(264): include_once()
#1 /mdevs/mynlinksc/system/Autoloader/Autoloader.php(241): CodeIgniter\Autoloader\Autoloader->includeFile()
#2 /mdevs/mynlinksc/system/Autoloader/Autoloader.php(219): CodeIgniter\Autoloader\Autoloader->loadInNamespace()
#3 [internal function]: CodeIgniter\Autoloader\Autoloader->loadClass()
#4 [internal function]: spl_autoload_call()
#5 /mdevs/mynlinksc/system/Config/Factories.php(136): class_exists()
#6 /mdevs/mynlinksc/system/Config/Factories.php(106): CodeIgniter\Config\Factories::locateClass()
#7 /mdevs/mynlinksc/system/Common.php(780): CodeIgniter\Config\Factories::__callStatic()
#8 /mdevs/mynlinksc/app/Views/warehouse_rcvng/warehouse_rcvng_main.php(16): model()
#9 /mdevs/mynlinksc/system/View/View.php(210): include('/mdevs/mynlinks...')
#10 /mdevs/mynlinksc/system/View/View.php(213): CodeIgniter\View\View->CodeIgniter\View\{closure}()
#11 /mdevs/mynlinksc/system/Common.php(1089): CodeIgniter\View\View->render()
#12 /mdevs/mynlinksc/app/Controllers/Warehouse_rcvng.php(34): view()
#13 /mdevs/mynlinksc/system/CodeIgniter.php(832): App\Controllers\Warehouse_rcvng->index()
#14 /mdevs/mynlinksc/system/CodeIgniter.php(419): CodeIgniter\CodeIgniter->runController()
#15 /mdevs/mynlinksc/system/CodeIgniter.php(326): CodeIgniter\CodeIgniter->handleRequest()
#16 /mdevs/mynlinksc/public/index.php(37): CodeIgniter\CodeIgniter->run()
#17 {main}
CRITICAL - 2022-09-13 16:24:49 --> Class 'Model' not found
#0 /mdevs/mynlinksc/system/Autoloader/Autoloader.php(264): include_once()
#1 /mdevs/mynlinksc/system/Autoloader/Autoloader.php(241): CodeIgniter\Autoloader\Autoloader->includeFile()
#2 /mdevs/mynlinksc/system/Autoloader/Autoloader.php(219): CodeIgniter\Autoloader\Autoloader->loadInNamespace()
#3 [internal function]: CodeIgniter\Autoloader\Autoloader->loadClass()
#4 [internal function]: spl_autoload_call()
#5 /mdevs/mynlinksc/system/Config/Factories.php(136): class_exists()
#6 /mdevs/mynlinksc/system/Config/Factories.php(106): CodeIgniter\Config\Factories::locateClass()
#7 /mdevs/mynlinksc/system/Common.php(780): CodeIgniter\Config\Factories::__callStatic()
#8 /mdevs/mynlinksc/app/Views/warehouse_rcvng/warehouse_rcvng_main.php(16): model()
#9 /mdevs/mynlinksc/system/View/View.php(210): include('/mdevs/mynlinks...')
#10 /mdevs/mynlinksc/system/View/View.php(213): CodeIgniter\View\View->CodeIgniter\View\{closure}()
#11 /mdevs/mynlinksc/system/Common.php(1089): CodeIgniter\View\View->render()
#12 /mdevs/mynlinksc/app/Controllers/Warehouse_rcvng.php(34): view()
#13 /mdevs/mynlinksc/system/CodeIgniter.php(832): App\Controllers\Warehouse_rcvng->index()
#14 /mdevs/mynlinksc/system/CodeIgniter.php(419): CodeIgniter\CodeIgniter->runController()
#15 /mdevs/mynlinksc/system/CodeIgniter.php(326): CodeIgniter\CodeIgniter->handleRequest()
#16 /mdevs/mynlinksc/public/index.php(37): CodeIgniter\CodeIgniter->run()
#17 {main}
CRITICAL - 2022-09-13 16:24:49 --> Class 'Model' not found
#0 /mdevs/mynlinksc/system/Autoloader/Autoloader.php(264): include_once()
#1 /mdevs/mynlinksc/system/Autoloader/Autoloader.php(241): CodeIgniter\Autoloader\Autoloader->includeFile()
#2 /mdevs/mynlinksc/system/Autoloader/Autoloader.php(219): CodeIgniter\Autoloader\Autoloader->loadInNamespace()
#3 [internal function]: CodeIgniter\Autoloader\Autoloader->loadClass()
#4 [internal function]: spl_autoload_call()
#5 /mdevs/mynlinksc/system/Config/Factories.php(136): class_exists()
#6 /mdevs/mynlinksc/system/Config/Factories.php(106): CodeIgniter\Config\Factories::locateClass()
#7 /mdevs/mynlinksc/system/Common.php(780): CodeIgniter\Config\Factories::__callStatic()
#8 /mdevs/mynlinksc/app/Views/warehouse_rcvng/warehouse_rcvng_main.php(16): model()
#9 /mdevs/mynlinksc/system/View/View.php(210): include('/mdevs/mynlinks...')
#10 /mdevs/mynlinksc/system/View/View.php(213): CodeIgniter\View\View->CodeIgniter\View\{closure}()
#11 /mdevs/mynlinksc/system/Common.php(1089): CodeIgniter\View\View->render()
#12 /mdevs/mynlinksc/app/Controllers/Warehouse_rcvng.php(34): view()
#13 /mdevs/mynlinksc/system/CodeIgniter.php(832): App\Controllers\Warehouse_rcvng->index()
#14 /mdevs/mynlinksc/system/CodeIgniter.php(419): CodeIgniter\CodeIgniter->runController()
#15 /mdevs/mynlinksc/system/CodeIgniter.php(326): CodeIgniter\CodeIgniter->handleRequest()
#16 /mdevs/mynlinksc/public/index.php(37): CodeIgniter\CodeIgniter->run()
#17 {main}
CRITICAL - 2022-09-13 16:24:49 --> Class 'Model' not found
#0 /mdevs/mynlinksc/system/Autoloader/Autoloader.php(264): include_once()
#1 /mdevs/mynlinksc/system/Autoloader/Autoloader.php(241): CodeIgniter\Autoloader\Autoloader->includeFile()
#2 /mdevs/mynlinksc/system/Autoloader/Autoloader.php(219): CodeIgniter\Autoloader\Autoloader->loadInNamespace()
#3 [internal function]: CodeIgniter\Autoloader\Autoloader->loadClass()
#4 [internal function]: spl_autoload_call()
#5 /mdevs/mynlinksc/system/Config/Factories.php(136): class_exists()
#6 /mdevs/mynlinksc/system/Config/Factories.php(106): CodeIgniter\Config\Factories::locateClass()
#7 /mdevs/mynlinksc/system/Common.php(780): CodeIgniter\Config\Factories::__callStatic()
#8 /mdevs/mynlinksc/app/Views/warehouse_rcvng/warehouse_rcvng_main.php(16): model()
#9 /mdevs/mynlinksc/system/View/View.php(210): include('/mdevs/mynlinks...')
#10 /mdevs/mynlinksc/system/View/View.php(213): CodeIgniter\View\View->CodeIgniter\View\{closure}()
#11 /mdevs/mynlinksc/system/Common.php(1089): CodeIgniter\View\View->render()
#12 /mdevs/mynlinksc/app/Controllers/Warehouse_rcvng.php(34): view()
#13 /mdevs/mynlinksc/system/CodeIgniter.php(832): App\Controllers\Warehouse_rcvng->index()
#14 /mdevs/mynlinksc/system/CodeIgniter.php(419): CodeIgniter\CodeIgniter->runController()
#15 /mdevs/mynlinksc/system/CodeIgniter.php(326): CodeIgniter\CodeIgniter->handleRequest()
#16 /mdevs/mynlinksc/public/index.php(37): CodeIgniter\CodeIgniter->run()
#17 {main}
CRITICAL - 2022-09-13 16:25:33 --> You must set the database table to be used with your query.
#0 /mdevs/mynlinksc/system/Model.php(545): CodeIgniter\Database\BaseConnection->table()
#1 /mdevs/mynlinksc/system/Model.php(693): CodeIgniter\Model->builder()
#2 /mdevs/mynlinksc/app/Models/MyDatauaModel.php(2165): CodeIgniter\Model->__get()
#3 /mdevs/mynlinksc/app/Views/warehouse_rcvng/warehouse_rcvng_main.php(45): App\Models\MyDatauaModel->get_ua_whse()
#4 /mdevs/mynlinksc/system/View/View.php(210): include('/mdevs/mynlinks...')
#5 /mdevs/mynlinksc/system/View/View.php(213): CodeIgniter\View\View->CodeIgniter\View\{closure}()
#6 /mdevs/mynlinksc/system/Common.php(1089): CodeIgniter\View\View->render()
#7 /mdevs/mynlinksc/app/Controllers/Warehouse_rcvng.php(34): view()
#8 /mdevs/mynlinksc/system/CodeIgniter.php(832): App\Controllers\Warehouse_rcvng->index()
#9 /mdevs/mynlinksc/system/CodeIgniter.php(419): CodeIgniter\CodeIgniter->runController()
#10 /mdevs/mynlinksc/system/CodeIgniter.php(326): CodeIgniter\CodeIgniter->handleRequest()
#11 /mdevs/mynlinksc/public/index.php(37): CodeIgniter\CodeIgniter->run()
#12 {main}
CRITICAL - 2022-09-13 16:25:34 --> You must set the database table to be used with your query.
#0 /mdevs/mynlinksc/system/Model.php(545): CodeIgniter\Database\BaseConnection->table()
#1 /mdevs/mynlinksc/system/Model.php(693): CodeIgniter\Model->builder()
#2 /mdevs/mynlinksc/app/Models/MyDatauaModel.php(2165): CodeIgniter\Model->__get()
#3 /mdevs/mynlinksc/app/Views/warehouse_rcvng/warehouse_rcvng_main.php(45): App\Models\MyDatauaModel->get_ua_whse()
#4 /mdevs/mynlinksc/system/View/View.php(210): include('/mdevs/mynlinks...')
#5 /mdevs/mynlinksc/system/View/View.php(213): CodeIgniter\View\View->CodeIgniter\View\{closure}()
#6 /mdevs/mynlinksc/system/Common.php(1089): CodeIgniter\View\View->render()
#7 /mdevs/mynlinksc/app/Controllers/Warehouse_rcvng.php(34): view()
#8 /mdevs/mynlinksc/system/CodeIgniter.php(832): App\Controllers\Warehouse_rcvng->index()
#9 /mdevs/mynlinksc/system/CodeIgniter.php(419): CodeIgniter\CodeIgniter->runController()
#10 /mdevs/mynlinksc/system/CodeIgniter.php(326): CodeIgniter\CodeIgniter->handleRequest()
#11 /mdevs/mynlinksc/public/index.php(37): CodeIgniter\CodeIgniter->run()
#12 {main}
CRITICAL - 2022-09-13 16:25:37 --> You must set the database table to be used with your query.
#0 /mdevs/mynlinksc/system/Model.php(545): CodeIgniter\Database\BaseConnection->table()
#1 /mdevs/mynlinksc/system/Model.php(693): CodeIgniter\Model->builder()
#2 /mdevs/mynlinksc/app/Models/MyDatauaModel.php(2165): CodeIgniter\Model->__get()
#3 /mdevs/mynlinksc/app/Views/warehouse_rcvng/warehouse_rcvng_main.php(45): App\Models\MyDatauaModel->get_ua_whse()
#4 /mdevs/mynlinksc/system/View/View.php(210): include('/mdevs/mynlinks...')
#5 /mdevs/mynlinksc/system/View/View.php(213): CodeIgniter\View\View->CodeIgniter\View\{closure}()
#6 /mdevs/mynlinksc/system/Common.php(1089): CodeIgniter\View\View->render()
#7 /mdevs/mynlinksc/app/Controllers/Warehouse_rcvng.php(34): view()
#8 /mdevs/mynlinksc/system/CodeIgniter.php(832): App\Controllers\Warehouse_rcvng->index()
#9 /mdevs/mynlinksc/system/CodeIgniter.php(419): CodeIgniter\CodeIgniter->runController()
#10 /mdevs/mynlinksc/system/CodeIgniter.php(326): CodeIgniter\CodeIgniter->handleRequest()
#11 /mdevs/mynlinksc/public/index.php(37): CodeIgniter\CodeIgniter->run()
#12 {main}
CRITICAL - 2022-09-13 16:25:39 --> You must set the database table to be used with your query.
#0 /mdevs/mynlinksc/system/Model.php(545): CodeIgniter\Database\BaseConnection->table()
#1 /mdevs/mynlinksc/system/Model.php(693): CodeIgniter\Model->builder()
#2 /mdevs/mynlinksc/app/Models/MyDatauaModel.php(2165): CodeIgniter\Model->__get()
#3 /mdevs/mynlinksc/app/Views/warehouse_rcvng/warehouse_rcvng_main.php(45): App\Models\MyDatauaModel->get_ua_whse()
#4 /mdevs/mynlinksc/system/View/View.php(210): include('/mdevs/mynlinks...')
#5 /mdevs/mynlinksc/system/View/View.php(213): CodeIgniter\View\View->CodeIgniter\View\{closure}()
#6 /mdevs/mynlinksc/system/Common.php(1089): CodeIgniter\View\View->render()
#7 /mdevs/mynlinksc/app/Controllers/Warehouse_rcvng.php(34): view()
#8 /mdevs/mynlinksc/system/CodeIgniter.php(832): App\Controllers\Warehouse_rcvng->index()
#9 /mdevs/mynlinksc/system/CodeIgniter.php(419): CodeIgniter\CodeIgniter->runController()
#10 /mdevs/mynlinksc/system/CodeIgniter.php(326): CodeIgniter\CodeIgniter->handleRequest()
#11 /mdevs/mynlinksc/public/index.php(37): CodeIgniter\CodeIgniter->run()
#12 {main}
CRITICAL - 2022-09-13 16:30:23 --> Undefined variable: totalTime
#0 /mdevs/mynlinksc/system/Debug/Toolbar/Views/toolbar.tpl.php(40): CodeIgniter\Debug\Exceptions->errorHandler()
#1 /mdevs/mynlinksc/system/Debug/Toolbar.php(501): include('/mdevs/mynlinks...')
#2 /mdevs/mynlinksc/system/Debug/Toolbar.php(464): CodeIgniter\Debug\Toolbar->format()
#3 /mdevs/mynlinksc/app/Config/Events.php(48): CodeIgniter\Debug\Toolbar->respond()
#4 /mdevs/mynlinksc/system/Events/Events.php(149): CodeIgniter\Events\Events::Config\{closure}()
#5 /mdevs/mynlinksc/system/CodeIgniter.php(308): CodeIgniter\Events\Events::trigger()
#6 /mdevs/mynlinksc/public/index.php(37): CodeIgniter\CodeIgniter->run()
#7 {main}
CRITICAL - 2022-09-13 16:31:24 --> Undefined variable: totalTime
#0 /mdevs/mynlinksc/system/Debug/Toolbar/Views/toolbar.tpl.php(40): CodeIgniter\Debug\Exceptions->errorHandler()
#1 /mdevs/mynlinksc/system/Debug/Toolbar.php(501): include('/mdevs/mynlinks...')
#2 /mdevs/mynlinksc/system/Debug/Toolbar.php(464): CodeIgniter\Debug\Toolbar->format()
#3 /mdevs/mynlinksc/app/Config/Events.php(48): CodeIgniter\Debug\Toolbar->respond()
#4 /mdevs/mynlinksc/system/Events/Events.php(149): CodeIgniter\Events\Events::Config\{closure}()
#5 /mdevs/mynlinksc/system/CodeIgniter.php(308): CodeIgniter\Events\Events::trigger()
#6 /mdevs/mynlinksc/public/index.php(37): CodeIgniter\CodeIgniter->run()
#7 {main}
CRITICAL - 2022-09-13 16:31:53 --> var_dump() expects at least 1 parameter, 0 given
#0 [internal function]: CodeIgniter\Debug\Exceptions->errorHandler()
#1 /mdevs/mynlinksc/app/Views/warehouse_rcvng/warehouse_rcvng_main.php(43): var_dump()
#2 /mdevs/mynlinksc/system/View/View.php(210): include('/mdevs/mynlinks...')
#3 /mdevs/mynlinksc/system/View/View.php(213): CodeIgniter\View\View->CodeIgniter\View\{closure}()
#4 /mdevs/mynlinksc/system/Common.php(1089): CodeIgniter\View\View->render()
#5 /mdevs/mynlinksc/app/Controllers/Warehouse_rcvng.php(34): view()
#6 /mdevs/mynlinksc/system/CodeIgniter.php(832): App\Controllers\Warehouse_rcvng->index()
#7 /mdevs/mynlinksc/system/CodeIgniter.php(419): CodeIgniter\CodeIgniter->runController()
#8 /mdevs/mynlinksc/system/CodeIgniter.php(326): CodeIgniter\CodeIgniter->handleRequest()
#9 /mdevs/mynlinksc/public/index.php(37): CodeIgniter\CodeIgniter->run()
#10 {main}
