CRITICAL - 2023-01-17 09:48:32 --> Invalid file: mtap/fgpack/trx-fg-pack-print.php
in SYSTEMPATH/Exceptions/FrameworkException.php on line 33.
 1 SYSTEMPATH/View/View.php(201): CodeIgniter\Exceptions\FrameworkException::forInvalidFile()
 2 SYSTEMPATH/Common.php(1142): CodeIgniter\View\View->render()
 3 APPPATH/Controllers/Fg_packing.php(43): view()
 4 SYSTEMPATH/CodeIgniter.php(902): App\Controllers\Fg_packing->fgpack_print()
 5 SYSTEMPATH/CodeIgniter.php(457): CodeIgniter\CodeIgniter->runController()
 6 SYSTEMPATH/CodeIgniter.php(340): CodeIgniter\CodeIgniter->handleRequest()
 7 FCPATH/index.php(67): CodeIgniter\CodeIgniter->run()
CRITICAL - 2023-01-17 10:24:41 --> ini_set(): Session ini settings cannot be changed when a session is active
in SYSTEMPATH/Session/Handlers/BaseHandler.php on line 179.
 1 [internal function]: CodeIgniter\Debug\Exceptions->errorHandler()
 2 SYSTEMPATH/Session/Handlers/BaseHandler.php(179): ini_set()
 3 SYSTEMPATH/Session/Handlers/Database/MySQLiHandler.php(33): CodeIgniter\Session\Handlers\BaseHandler->fail()
 4 SYSTEMPATH/Session/Handlers/DatabaseHandler.php(108): CodeIgniter\Session\Handlers\Database\MySQLiHandler->lockSession()
 5 [internal function]: CodeIgniter\Session\Handlers\DatabaseHandler->read()
 6 SYSTEMPATH/Session/Session.php(920): session_start()
 7 SYSTEMPATH/Session/Session.php(242): CodeIgniter\Session\Session->startSession()
 8 SYSTEMPATH/Config/Services.php(665): CodeIgniter\Session\Session->start()
 9 SYSTEMPATH/Config/BaseService.php(253): CodeIgniter\Config\Services::session()
10 SYSTEMPATH/Config/BaseService.php(194): CodeIgniter\Config\BaseService::__callStatic()
11 SYSTEMPATH/Config/Services.php(637): CodeIgniter\Config\BaseService::getSharedInstance()
12 SYSTEMPATH/Config/BaseService.php(253): CodeIgniter\Config\Services::session()
13 SYSTEMPATH/Common.php(939): CodeIgniter\Config\BaseService::__callStatic()
14 APPPATH/Filters/Myauthuser.php(11): session()
15 SYSTEMPATH/Filters/Filters.php(173): App\Filters\Myauthuser->before()
16 SYSTEMPATH/CodeIgniter.php(431): CodeIgniter\Filters\Filters->run()
17 SYSTEMPATH/CodeIgniter.php(340): CodeIgniter\CodeIgniter->handleRequest()
18 FCPATH/index.php(67): CodeIgniter\CodeIgniter->run()
CRITICAL - 2023-01-17 10:24:49 --> Trying to access array offset on value of type null
in APPPATH/Models/MyWarehouseinvModel.php on line 1794.
 1 APPPATH/Models/MyWarehouseinvModel.php(1794): CodeIgniter\Debug\Exceptions->errorHandler()
 2 APPPATH/Controllers/Warehouse_inv.php(241): App\Models\MyWarehouseinvModel->rack_transfer_upld()
 3 SYSTEMPATH/CodeIgniter.php(902): App\Controllers\Warehouse_inv->whcdinv_transfer_upload_recs()
 4 SYSTEMPATH/CodeIgniter.php(457): CodeIgniter\CodeIgniter->runController()
 5 SYSTEMPATH/CodeIgniter.php(340): CodeIgniter\CodeIgniter->handleRequest()
 6 FCPATH/index.php(67): CodeIgniter\CodeIgniter->run()
CRITICAL - 2023-01-17 10:38:23 --> You must set the database table to be used with your query.
in SYSTEMPATH/Database/BaseConnection.php on line 872.
 1 SYSTEMPATH/Model.php(587): CodeIgniter\Database\BaseConnection->table()
 2 SYSTEMPATH/Model.php(764): CodeIgniter\Model->builder()
 3 APPPATH/Views/gi_entry/warehouse_gi_main.php(24): CodeIgniter\Model->__call()
 4 SYSTEMPATH/View/View.php(213): include('APPPATH/Views/gi_entry/warehouse_gi_main.php')
 5 SYSTEMPATH/View/View.php(216): CodeIgniter\View\View->CodeIgniter\View\{closure}()
 6 SYSTEMPATH/Common.php(1142): CodeIgniter\View\View->render()
 7 APPPATH/Controllers/Mytrx_gi.php(46): view()
 8 SYSTEMPATH/CodeIgniter.php(902): App\Controllers\Mytrx_gi->index()
 9 SYSTEMPATH/CodeIgniter.php(457): CodeIgniter\CodeIgniter->runController()
10 SYSTEMPATH/CodeIgniter.php(340): CodeIgniter\CodeIgniter->handleRequest()
11 FCPATH/index.php(67): CodeIgniter\CodeIgniter->run()
CRITICAL - 2023-01-17 13:12:30 --> Trying to access array offset on value of type null
in APPPATH/Controllers/Mysearchdata.php on line 360.
 1 APPPATH/Controllers/Mysearchdata.php(360): CodeIgniter\Debug\Exceptions->errorHandler()
 2 SYSTEMPATH/CodeIgniter.php(902): App\Controllers\Mysearchdata->myget_warehouse_bin_list()
 3 SYSTEMPATH/CodeIgniter.php(457): CodeIgniter\CodeIgniter->runController()
 4 SYSTEMPATH/CodeIgniter.php(340): CodeIgniter\CodeIgniter->handleRequest()
 5 FCPATH/index.php(67): CodeIgniter\CodeIgniter->run()
CRITICAL - 2023-01-17 14:02:15 --> ini_set(): Session ini settings cannot be changed when a session is active
in SYSTEMPATH/Session/Handlers/BaseHandler.php on line 179.
 1 [internal function]: CodeIgniter\Debug\Exceptions->errorHandler()
 2 SYSTEMPATH/Session/Handlers/BaseHandler.php(179): ini_set()
 3 SYSTEMPATH/Session/Handlers/Database/MySQLiHandler.php(33): CodeIgniter\Session\Handlers\BaseHandler->fail()
 4 SYSTEMPATH/Session/Handlers/DatabaseHandler.php(108): CodeIgniter\Session\Handlers\Database\MySQLiHandler->lockSession()
 5 [internal function]: CodeIgniter\Session\Handlers\DatabaseHandler->read()
 6 SYSTEMPATH/Session/Session.php(920): session_start()
 7 SYSTEMPATH/Session/Session.php(242): CodeIgniter\Session\Session->startSession()
 8 SYSTEMPATH/Config/Services.php(665): CodeIgniter\Session\Session->start()
 9 SYSTEMPATH/Config/BaseService.php(253): CodeIgniter\Config\Services::session()
10 SYSTEMPATH/Config/BaseService.php(194): CodeIgniter\Config\BaseService::__callStatic()
11 SYSTEMPATH/Config/Services.php(637): CodeIgniter\Config\BaseService::getSharedInstance()
12 SYSTEMPATH/Config/BaseService.php(253): CodeIgniter\Config\Services::session()
13 SYSTEMPATH/Common.php(939): CodeIgniter\Config\BaseService::__callStatic()
14 APPPATH/Filters/Myauthuser.php(11): session()
15 SYSTEMPATH/Filters/Filters.php(173): App\Filters\Myauthuser->before()
16 SYSTEMPATH/CodeIgniter.php(431): CodeIgniter\Filters\Filters->run()
17 SYSTEMPATH/CodeIgniter.php(340): CodeIgniter\CodeIgniter->handleRequest()
18 FCPATH/index.php(67): CodeIgniter\CodeIgniter->run()
CRITICAL - 2023-01-17 14:02:15 --> ini_set(): Session ini settings cannot be changed when a session is active
in SYSTEMPATH/Session/Handlers/BaseHandler.php on line 179.
 1 [internal function]: CodeIgniter\Debug\Exceptions->errorHandler()
 2 SYSTEMPATH/Session/Handlers/BaseHandler.php(179): ini_set()
 3 SYSTEMPATH/Session/Handlers/Database/MySQLiHandler.php(33): CodeIgniter\Session\Handlers\BaseHandler->fail()
 4 SYSTEMPATH/Session/Handlers/DatabaseHandler.php(108): CodeIgniter\Session\Handlers\Database\MySQLiHandler->lockSession()
 5 [internal function]: CodeIgniter\Session\Handlers\DatabaseHandler->read()
 6 SYSTEMPATH/Session/Session.php(920): session_start()
 7 SYSTEMPATH/Session/Session.php(242): CodeIgniter\Session\Session->startSession()
 8 SYSTEMPATH/Config/Services.php(665): CodeIgniter\Session\Session->start()
 9 SYSTEMPATH/Config/BaseService.php(253): CodeIgniter\Config\Services::session()
10 SYSTEMPATH/Config/BaseService.php(194): CodeIgniter\Config\BaseService::__callStatic()
11 SYSTEMPATH/Config/Services.php(637): CodeIgniter\Config\BaseService::getSharedInstance()
12 SYSTEMPATH/Config/BaseService.php(253): CodeIgniter\Config\Services::session()
13 SYSTEMPATH/Common.php(939): CodeIgniter\Config\BaseService::__callStatic()
14 APPPATH/Filters/Myauthuser.php(11): session()
15 SYSTEMPATH/Filters/Filters.php(173): App\Filters\Myauthuser->before()
16 SYSTEMPATH/CodeIgniter.php(431): CodeIgniter\Filters\Filters->run()
17 SYSTEMPATH/CodeIgniter.php(340): CodeIgniter\CodeIgniter->handleRequest()
18 FCPATH/index.php(67): CodeIgniter\CodeIgniter->run()
CRITICAL - 2023-01-17 14:02:16 --> ini_set(): Session ini settings cannot be changed when a session is active
in SYSTEMPATH/Session/Handlers/BaseHandler.php on line 179.
 1 [internal function]: CodeIgniter\Debug\Exceptions->errorHandler()
 2 SYSTEMPATH/Session/Handlers/BaseHandler.php(179): ini_set()
 3 SYSTEMPATH/Session/Handlers/Database/MySQLiHandler.php(33): CodeIgniter\Session\Handlers\BaseHandler->fail()
 4 SYSTEMPATH/Session/Handlers/DatabaseHandler.php(108): CodeIgniter\Session\Handlers\Database\MySQLiHandler->lockSession()
 5 [internal function]: CodeIgniter\Session\Handlers\DatabaseHandler->read()
 6 SYSTEMPATH/Session/Session.php(920): session_start()
 7 SYSTEMPATH/Session/Session.php(242): CodeIgniter\Session\Session->startSession()
 8 SYSTEMPATH/Config/Services.php(665): CodeIgniter\Session\Session->start()
 9 SYSTEMPATH/Config/BaseService.php(253): CodeIgniter\Config\Services::session()
10 SYSTEMPATH/Config/BaseService.php(194): CodeIgniter\Config\BaseService::__callStatic()
11 SYSTEMPATH/Config/Services.php(637): CodeIgniter\Config\BaseService::getSharedInstance()
12 SYSTEMPATH/Config/BaseService.php(253): CodeIgniter\Config\Services::session()
13 SYSTEMPATH/Common.php(939): CodeIgniter\Config\BaseService::__callStatic()
14 APPPATH/Filters/Myauthuser.php(11): session()
15 SYSTEMPATH/Filters/Filters.php(173): App\Filters\Myauthuser->before()
16 SYSTEMPATH/CodeIgniter.php(431): CodeIgniter\Filters\Filters->run()
17 SYSTEMPATH/CodeIgniter.php(340): CodeIgniter\CodeIgniter->handleRequest()
18 FCPATH/index.php(67): CodeIgniter\CodeIgniter->run()
CRITICAL - 2023-01-17 14:02:17 --> ini_set(): Session ini settings cannot be changed when a session is active
in SYSTEMPATH/Session/Handlers/BaseHandler.php on line 179.
 1 [internal function]: CodeIgniter\Debug\Exceptions->errorHandler()
 2 SYSTEMPATH/Session/Handlers/BaseHandler.php(179): ini_set()
 3 SYSTEMPATH/Session/Handlers/Database/MySQLiHandler.php(33): CodeIgniter\Session\Handlers\BaseHandler->fail()
 4 SYSTEMPATH/Session/Handlers/DatabaseHandler.php(108): CodeIgniter\Session\Handlers\Database\MySQLiHandler->lockSession()
 5 [internal function]: CodeIgniter\Session\Handlers\DatabaseHandler->read()
 6 SYSTEMPATH/Session/Session.php(920): session_start()
 7 SYSTEMPATH/Session/Session.php(242): CodeIgniter\Session\Session->startSession()
 8 SYSTEMPATH/Config/Services.php(665): CodeIgniter\Session\Session->start()
 9 SYSTEMPATH/Config/BaseService.php(253): CodeIgniter\Config\Services::session()
10 SYSTEMPATH/Config/BaseService.php(194): CodeIgniter\Config\BaseService::__callStatic()
11 SYSTEMPATH/Config/Services.php(637): CodeIgniter\Config\BaseService::getSharedInstance()
12 SYSTEMPATH/Config/BaseService.php(253): CodeIgniter\Config\Services::session()
13 SYSTEMPATH/Common.php(939): CodeIgniter\Config\BaseService::__callStatic()
14 APPPATH/Filters/Myauthuser.php(11): session()
15 SYSTEMPATH/Filters/Filters.php(173): App\Filters\Myauthuser->before()
16 SYSTEMPATH/CodeIgniter.php(431): CodeIgniter\Filters\Filters->run()
17 SYSTEMPATH/CodeIgniter.php(340): CodeIgniter\CodeIgniter->handleRequest()
18 FCPATH/index.php(67): CodeIgniter\CodeIgniter->run()
CRITICAL - 2023-01-17 14:02:17 --> ini_set(): Session ini settings cannot be changed when a session is active
in SYSTEMPATH/Session/Handlers/BaseHandler.php on line 179.
 1 [internal function]: CodeIgniter\Debug\Exceptions->errorHandler()
 2 SYSTEMPATH/Session/Handlers/BaseHandler.php(179): ini_set()
 3 SYSTEMPATH/Session/Handlers/Database/MySQLiHandler.php(33): CodeIgniter\Session\Handlers\BaseHandler->fail()
 4 SYSTEMPATH/Session/Handlers/DatabaseHandler.php(108): CodeIgniter\Session\Handlers\Database\MySQLiHandler->lockSession()
 5 [internal function]: CodeIgniter\Session\Handlers\DatabaseHandler->read()
 6 SYSTEMPATH/Session/Session.php(920): session_start()
 7 SYSTEMPATH/Session/Session.php(242): CodeIgniter\Session\Session->startSession()
 8 SYSTEMPATH/Config/Services.php(665): CodeIgniter\Session\Session->start()
 9 SYSTEMPATH/Config/BaseService.php(253): CodeIgniter\Config\Services::session()
10 SYSTEMPATH/Config/BaseService.php(194): CodeIgniter\Config\BaseService::__callStatic()
11 SYSTEMPATH/Config/Services.php(637): CodeIgniter\Config\BaseService::getSharedInstance()
12 SYSTEMPATH/Config/BaseService.php(253): CodeIgniter\Config\Services::session()
13 SYSTEMPATH/Common.php(939): CodeIgniter\Config\BaseService::__callStatic()
14 APPPATH/Filters/Myauthuser.php(11): session()
15 SYSTEMPATH/Filters/Filters.php(173): App\Filters\Myauthuser->before()
16 SYSTEMPATH/CodeIgniter.php(431): CodeIgniter\Filters\Filters->run()
17 SYSTEMPATH/CodeIgniter.php(340): CodeIgniter\CodeIgniter->handleRequest()
18 FCPATH/index.php(67): CodeIgniter\CodeIgniter->run()
CRITICAL - 2023-01-17 14:02:18 --> ini_set(): Session ini settings cannot be changed when a session is active
in SYSTEMPATH/Session/Handlers/BaseHandler.php on line 179.
 1 [internal function]: CodeIgniter\Debug\Exceptions->errorHandler()
 2 SYSTEMPATH/Session/Handlers/BaseHandler.php(179): ini_set()
 3 SYSTEMPATH/Session/Handlers/Database/MySQLiHandler.php(33): CodeIgniter\Session\Handlers\BaseHandler->fail()
 4 SYSTEMPATH/Session/Handlers/DatabaseHandler.php(108): CodeIgniter\Session\Handlers\Database\MySQLiHandler->lockSession()
 5 [internal function]: CodeIgniter\Session\Handlers\DatabaseHandler->read()
 6 SYSTEMPATH/Session/Session.php(920): session_start()
 7 SYSTEMPATH/Session/Session.php(242): CodeIgniter\Session\Session->startSession()
 8 SYSTEMPATH/Config/Services.php(665): CodeIgniter\Session\Session->start()
 9 SYSTEMPATH/Config/BaseService.php(253): CodeIgniter\Config\Services::session()
10 SYSTEMPATH/Config/BaseService.php(194): CodeIgniter\Config\BaseService::__callStatic()
11 SYSTEMPATH/Config/Services.php(637): CodeIgniter\Config\BaseService::getSharedInstance()
12 SYSTEMPATH/Config/BaseService.php(253): CodeIgniter\Config\Services::session()
13 SYSTEMPATH/Common.php(939): CodeIgniter\Config\BaseService::__callStatic()
14 APPPATH/Filters/Myauthuser.php(11): session()
15 SYSTEMPATH/Filters/Filters.php(173): App\Filters\Myauthuser->before()
16 SYSTEMPATH/CodeIgniter.php(431): CodeIgniter\Filters\Filters->run()
17 SYSTEMPATH/CodeIgniter.php(340): CodeIgniter\CodeIgniter->handleRequest()
18 FCPATH/index.php(67): CodeIgniter\CodeIgniter->run()
CRITICAL - 2023-01-17 14:02:26 --> ini_set(): Session ini settings cannot be changed when a session is active
in SYSTEMPATH/Session/Handlers/BaseHandler.php on line 179.
 1 [internal function]: CodeIgniter\Debug\Exceptions->errorHandler()
 2 SYSTEMPATH/Session/Handlers/BaseHandler.php(179): ini_set()
 3 SYSTEMPATH/Session/Handlers/Database/MySQLiHandler.php(33): CodeIgniter\Session\Handlers\BaseHandler->fail()
 4 SYSTEMPATH/Session/Handlers/DatabaseHandler.php(108): CodeIgniter\Session\Handlers\Database\MySQLiHandler->lockSession()
 5 [internal function]: CodeIgniter\Session\Handlers\DatabaseHandler->read()
 6 SYSTEMPATH/Session/Session.php(920): session_start()
 7 SYSTEMPATH/Session/Session.php(242): CodeIgniter\Session\Session->startSession()
 8 SYSTEMPATH/Config/Services.php(665): CodeIgniter\Session\Session->start()
 9 SYSTEMPATH/Config/BaseService.php(253): CodeIgniter\Config\Services::session()
10 SYSTEMPATH/Config/BaseService.php(194): CodeIgniter\Config\BaseService::__callStatic()
11 SYSTEMPATH/Config/Services.php(637): CodeIgniter\Config\BaseService::getSharedInstance()
12 SYSTEMPATH/Config/BaseService.php(253): CodeIgniter\Config\Services::session()
13 SYSTEMPATH/Common.php(939): CodeIgniter\Config\BaseService::__callStatic()
14 APPPATH/Filters/Myauthuser.php(11): session()
15 SYSTEMPATH/Filters/Filters.php(173): App\Filters\Myauthuser->before()
16 SYSTEMPATH/CodeIgniter.php(431): CodeIgniter\Filters\Filters->run()
17 SYSTEMPATH/CodeIgniter.php(340): CodeIgniter\CodeIgniter->handleRequest()
18 FCPATH/index.php(67): CodeIgniter\CodeIgniter->run()
CRITICAL - 2023-01-17 14:02:26 --> ini_set(): Session ini settings cannot be changed when a session is active
in SYSTEMPATH/Session/Handlers/BaseHandler.php on line 179.
 1 [internal function]: CodeIgniter\Debug\Exceptions->errorHandler()
 2 SYSTEMPATH/Session/Handlers/BaseHandler.php(179): ini_set()
 3 SYSTEMPATH/Session/Handlers/Database/MySQLiHandler.php(33): CodeIgniter\Session\Handlers\BaseHandler->fail()
 4 SYSTEMPATH/Session/Handlers/DatabaseHandler.php(108): CodeIgniter\Session\Handlers\Database\MySQLiHandler->lockSession()
 5 [internal function]: CodeIgniter\Session\Handlers\DatabaseHandler->read()
 6 SYSTEMPATH/Session/Session.php(920): session_start()
 7 SYSTEMPATH/Session/Session.php(242): CodeIgniter\Session\Session->startSession()
 8 SYSTEMPATH/Config/Services.php(665): CodeIgniter\Session\Session->start()
 9 SYSTEMPATH/Config/BaseService.php(253): CodeIgniter\Config\Services::session()
10 SYSTEMPATH/Config/BaseService.php(194): CodeIgniter\Config\BaseService::__callStatic()
11 SYSTEMPATH/Config/Services.php(637): CodeIgniter\Config\BaseService::getSharedInstance()
12 SYSTEMPATH/Config/BaseService.php(253): CodeIgniter\Config\Services::session()
13 SYSTEMPATH/Common.php(939): CodeIgniter\Config\BaseService::__callStatic()
14 APPPATH/Filters/Myauthuser.php(11): session()
15 SYSTEMPATH/Filters/Filters.php(173): App\Filters\Myauthuser->before()
16 SYSTEMPATH/CodeIgniter.php(431): CodeIgniter\Filters\Filters->run()
17 SYSTEMPATH/CodeIgniter.php(340): CodeIgniter\CodeIgniter->handleRequest()
18 FCPATH/index.php(67): CodeIgniter\CodeIgniter->run()
CRITICAL - 2023-01-17 14:02:26 --> ini_set(): Session ini settings cannot be changed when a session is active
in SYSTEMPATH/Session/Handlers/BaseHandler.php on line 179.
 1 [internal function]: CodeIgniter\Debug\Exceptions->errorHandler()
 2 SYSTEMPATH/Session/Handlers/BaseHandler.php(179): ini_set()
 3 SYSTEMPATH/Session/Handlers/Database/MySQLiHandler.php(33): CodeIgniter\Session\Handlers\BaseHandler->fail()
 4 SYSTEMPATH/Session/Handlers/DatabaseHandler.php(108): CodeIgniter\Session\Handlers\Database\MySQLiHandler->lockSession()
 5 [internal function]: CodeIgniter\Session\Handlers\DatabaseHandler->read()
 6 SYSTEMPATH/Session/Session.php(920): session_start()
 7 SYSTEMPATH/Session/Session.php(242): CodeIgniter\Session\Session->startSession()
 8 SYSTEMPATH/Config/Services.php(665): CodeIgniter\Session\Session->start()
 9 SYSTEMPATH/Config/BaseService.php(253): CodeIgniter\Config\Services::session()
10 SYSTEMPATH/Config/BaseService.php(194): CodeIgniter\Config\BaseService::__callStatic()
11 SYSTEMPATH/Config/Services.php(637): CodeIgniter\Config\BaseService::getSharedInstance()
12 SYSTEMPATH/Config/BaseService.php(253): CodeIgniter\Config\Services::session()
13 SYSTEMPATH/Common.php(939): CodeIgniter\Config\BaseService::__callStatic()
14 APPPATH/Filters/Myauthuser.php(11): session()
15 SYSTEMPATH/Filters/Filters.php(173): App\Filters\Myauthuser->before()
16 SYSTEMPATH/CodeIgniter.php(431): CodeIgniter\Filters\Filters->run()
17 SYSTEMPATH/CodeIgniter.php(340): CodeIgniter\CodeIgniter->handleRequest()
18 FCPATH/index.php(67): CodeIgniter\CodeIgniter->run()
CRITICAL - 2023-01-17 14:02:27 --> ini_set(): Session ini settings cannot be changed when a session is active
in SYSTEMPATH/Session/Handlers/BaseHandler.php on line 179.
 1 [internal function]: CodeIgniter\Debug\Exceptions->errorHandler()
 2 SYSTEMPATH/Session/Handlers/BaseHandler.php(179): ini_set()
 3 SYSTEMPATH/Session/Handlers/Database/MySQLiHandler.php(33): CodeIgniter\Session\Handlers\BaseHandler->fail()
 4 SYSTEMPATH/Session/Handlers/DatabaseHandler.php(108): CodeIgniter\Session\Handlers\Database\MySQLiHandler->lockSession()
 5 [internal function]: CodeIgniter\Session\Handlers\DatabaseHandler->read()
 6 SYSTEMPATH/Session/Session.php(920): session_start()
 7 SYSTEMPATH/Session/Session.php(242): CodeIgniter\Session\Session->startSession()
 8 SYSTEMPATH/Config/Services.php(665): CodeIgniter\Session\Session->start()
 9 SYSTEMPATH/Config/BaseService.php(253): CodeIgniter\Config\Services::session()
10 SYSTEMPATH/Config/BaseService.php(194): CodeIgniter\Config\BaseService::__callStatic()
11 SYSTEMPATH/Config/Services.php(637): CodeIgniter\Config\BaseService::getSharedInstance()
12 SYSTEMPATH/Config/BaseService.php(253): CodeIgniter\Config\Services::session()
13 SYSTEMPATH/Common.php(939): CodeIgniter\Config\BaseService::__callStatic()
14 APPPATH/Filters/Myauthuser.php(11): session()
15 SYSTEMPATH/Filters/Filters.php(173): App\Filters\Myauthuser->before()
16 SYSTEMPATH/CodeIgniter.php(431): CodeIgniter\Filters\Filters->run()
17 SYSTEMPATH/CodeIgniter.php(340): CodeIgniter\CodeIgniter->handleRequest()
18 FCPATH/index.php(67): CodeIgniter\CodeIgniter->run()
CRITICAL - 2023-01-17 14:02:27 --> ini_set(): Session ini settings cannot be changed when a session is active
in SYSTEMPATH/Session/Handlers/BaseHandler.php on line 179.
 1 [internal function]: CodeIgniter\Debug\Exceptions->errorHandler()
 2 SYSTEMPATH/Session/Handlers/BaseHandler.php(179): ini_set()
 3 SYSTEMPATH/Session/Handlers/Database/MySQLiHandler.php(33): CodeIgniter\Session\Handlers\BaseHandler->fail()
 4 SYSTEMPATH/Session/Handlers/DatabaseHandler.php(108): CodeIgniter\Session\Handlers\Database\MySQLiHandler->lockSession()
 5 [internal function]: CodeIgniter\Session\Handlers\DatabaseHandler->read()
 6 SYSTEMPATH/Session/Session.php(920): session_start()
 7 SYSTEMPATH/Session/Session.php(242): CodeIgniter\Session\Session->startSession()
 8 SYSTEMPATH/Config/Services.php(665): CodeIgniter\Session\Session->start()
 9 SYSTEMPATH/Config/BaseService.php(253): CodeIgniter\Config\Services::session()
10 SYSTEMPATH/Config/BaseService.php(194): CodeIgniter\Config\BaseService::__callStatic()
11 SYSTEMPATH/Config/Services.php(637): CodeIgniter\Config\BaseService::getSharedInstance()
12 SYSTEMPATH/Config/BaseService.php(253): CodeIgniter\Config\Services::session()
13 SYSTEMPATH/Common.php(939): CodeIgniter\Config\BaseService::__callStatic()
14 APPPATH/Filters/Myauthuser.php(11): session()
15 SYSTEMPATH/Filters/Filters.php(173): App\Filters\Myauthuser->before()
16 SYSTEMPATH/CodeIgniter.php(431): CodeIgniter\Filters\Filters->run()
17 SYSTEMPATH/CodeIgniter.php(340): CodeIgniter\CodeIgniter->handleRequest()
18 FCPATH/index.php(67): CodeIgniter\CodeIgniter->run()
CRITICAL - 2023-01-17 14:02:27 --> ini_set(): Session ini settings cannot be changed when a session is active
in SYSTEMPATH/Session/Handlers/BaseHandler.php on line 179.
 1 [internal function]: CodeIgniter\Debug\Exceptions->errorHandler()
 2 SYSTEMPATH/Session/Handlers/BaseHandler.php(179): ini_set()
 3 SYSTEMPATH/Session/Handlers/Database/MySQLiHandler.php(33): CodeIgniter\Session\Handlers\BaseHandler->fail()
 4 SYSTEMPATH/Session/Handlers/DatabaseHandler.php(108): CodeIgniter\Session\Handlers\Database\MySQLiHandler->lockSession()
 5 [internal function]: CodeIgniter\Session\Handlers\DatabaseHandler->read()
 6 SYSTEMPATH/Session/Session.php(920): session_start()
 7 SYSTEMPATH/Session/Session.php(242): CodeIgniter\Session\Session->startSession()
 8 SYSTEMPATH/Config/Services.php(665): CodeIgniter\Session\Session->start()
 9 SYSTEMPATH/Config/BaseService.php(253): CodeIgniter\Config\Services::session()
10 SYSTEMPATH/Config/BaseService.php(194): CodeIgniter\Config\BaseService::__callStatic()
11 SYSTEMPATH/Config/Services.php(637): CodeIgniter\Config\BaseService::getSharedInstance()
12 SYSTEMPATH/Config/BaseService.php(253): CodeIgniter\Config\Services::session()
13 SYSTEMPATH/Common.php(939): CodeIgniter\Config\BaseService::__callStatic()
14 APPPATH/Filters/Myauthuser.php(11): session()
15 SYSTEMPATH/Filters/Filters.php(173): App\Filters\Myauthuser->before()
16 SYSTEMPATH/CodeIgniter.php(431): CodeIgniter\Filters\Filters->run()
17 SYSTEMPATH/CodeIgniter.php(340): CodeIgniter\CodeIgniter->handleRequest()
18 FCPATH/index.php(67): CodeIgniter\CodeIgniter->run()
CRITICAL - 2023-01-17 14:02:28 --> ini_set(): Session ini settings cannot be changed when a session is active
in SYSTEMPATH/Session/Handlers/BaseHandler.php on line 179.
 1 [internal function]: CodeIgniter\Debug\Exceptions->errorHandler()
 2 SYSTEMPATH/Session/Handlers/BaseHandler.php(179): ini_set()
 3 SYSTEMPATH/Session/Handlers/Database/MySQLiHandler.php(33): CodeIgniter\Session\Handlers\BaseHandler->fail()
 4 SYSTEMPATH/Session/Handlers/DatabaseHandler.php(108): CodeIgniter\Session\Handlers\Database\MySQLiHandler->lockSession()
 5 [internal function]: CodeIgniter\Session\Handlers\DatabaseHandler->read()
 6 SYSTEMPATH/Session/Session.php(920): session_start()
 7 SYSTEMPATH/Session/Session.php(242): CodeIgniter\Session\Session->startSession()
 8 SYSTEMPATH/Config/Services.php(665): CodeIgniter\Session\Session->start()
 9 SYSTEMPATH/Config/BaseService.php(253): CodeIgniter\Config\Services::session()
10 SYSTEMPATH/Config/BaseService.php(194): CodeIgniter\Config\BaseService::__callStatic()
11 SYSTEMPATH/Config/Services.php(637): CodeIgniter\Config\BaseService::getSharedInstance()
12 SYSTEMPATH/Config/BaseService.php(253): CodeIgniter\Config\Services::session()
13 SYSTEMPATH/Common.php(939): CodeIgniter\Config\BaseService::__callStatic()
14 APPPATH/Filters/Myauthuser.php(11): session()
15 SYSTEMPATH/Filters/Filters.php(173): App\Filters\Myauthuser->before()
16 SYSTEMPATH/CodeIgniter.php(431): CodeIgniter\Filters\Filters->run()
17 SYSTEMPATH/CodeIgniter.php(340): CodeIgniter\CodeIgniter->handleRequest()
18 FCPATH/index.php(67): CodeIgniter\CodeIgniter->run()
CRITICAL - 2023-01-17 14:02:32 --> ini_set(): Session ini settings cannot be changed when a session is active
in SYSTEMPATH/Session/Handlers/BaseHandler.php on line 179.
 1 [internal function]: CodeIgniter\Debug\Exceptions->errorHandler()
 2 SYSTEMPATH/Session/Handlers/BaseHandler.php(179): ini_set()
 3 SYSTEMPATH/Session/Handlers/Database/MySQLiHandler.php(33): CodeIgniter\Session\Handlers\BaseHandler->fail()
 4 SYSTEMPATH/Session/Handlers/DatabaseHandler.php(108): CodeIgniter\Session\Handlers\Database\MySQLiHandler->lockSession()
 5 [internal function]: CodeIgniter\Session\Handlers\DatabaseHandler->read()
 6 SYSTEMPATH/Session/Session.php(920): session_start()
 7 SYSTEMPATH/Session/Session.php(242): CodeIgniter\Session\Session->startSession()
 8 SYSTEMPATH/Config/Services.php(665): CodeIgniter\Session\Session->start()
 9 SYSTEMPATH/Config/BaseService.php(253): CodeIgniter\Config\Services::session()
10 SYSTEMPATH/Config/BaseService.php(194): CodeIgniter\Config\BaseService::__callStatic()
11 SYSTEMPATH/Config/Services.php(637): CodeIgniter\Config\BaseService::getSharedInstance()
12 SYSTEMPATH/Config/BaseService.php(253): CodeIgniter\Config\Services::session()
13 SYSTEMPATH/Common.php(939): CodeIgniter\Config\BaseService::__callStatic()
14 APPPATH/Filters/Myauthuser.php(11): session()
15 SYSTEMPATH/Filters/Filters.php(173): App\Filters\Myauthuser->before()
16 SYSTEMPATH/CodeIgniter.php(431): CodeIgniter\Filters\Filters->run()
17 SYSTEMPATH/CodeIgniter.php(340): CodeIgniter\CodeIgniter->handleRequest()
18 FCPATH/index.php(67): CodeIgniter\CodeIgniter->run()
CRITICAL - 2023-01-17 14:02:49 --> ini_set(): Session ini settings cannot be changed when a session is active
in SYSTEMPATH/Session/Handlers/BaseHandler.php on line 179.
 1 [internal function]: CodeIgniter\Debug\Exceptions->errorHandler()
 2 SYSTEMPATH/Session/Handlers/BaseHandler.php(179): ini_set()
 3 SYSTEMPATH/Session/Handlers/Database/MySQLiHandler.php(33): CodeIgniter\Session\Handlers\BaseHandler->fail()
 4 SYSTEMPATH/Session/Handlers/DatabaseHandler.php(108): CodeIgniter\Session\Handlers\Database\MySQLiHandler->lockSession()
 5 [internal function]: CodeIgniter\Session\Handlers\DatabaseHandler->read()
 6 SYSTEMPATH/Session/Session.php(920): session_start()
 7 SYSTEMPATH/Session/Session.php(242): CodeIgniter\Session\Session->startSession()
 8 SYSTEMPATH/Config/Services.php(665): CodeIgniter\Session\Session->start()
 9 SYSTEMPATH/Config/BaseService.php(253): CodeIgniter\Config\Services::session()
10 SYSTEMPATH/Config/BaseService.php(194): CodeIgniter\Config\BaseService::__callStatic()
11 SYSTEMPATH/Config/Services.php(637): CodeIgniter\Config\BaseService::getSharedInstance()
12 SYSTEMPATH/Config/BaseService.php(253): CodeIgniter\Config\Services::session()
13 SYSTEMPATH/Common.php(939): CodeIgniter\Config\BaseService::__callStatic()
14 APPPATH/Filters/Myauthuser.php(11): session()
15 SYSTEMPATH/Filters/Filters.php(173): App\Filters\Myauthuser->before()
16 SYSTEMPATH/CodeIgniter.php(431): CodeIgniter\Filters\Filters->run()
17 SYSTEMPATH/CodeIgniter.php(340): CodeIgniter\CodeIgniter->handleRequest()
18 FCPATH/index.php(67): CodeIgniter\CodeIgniter->run()
CRITICAL - 2023-01-17 14:03:43 --> ini_set(): Session ini settings cannot be changed when a session is active
in SYSTEMPATH/Session/Handlers/BaseHandler.php on line 179.
 1 [internal function]: CodeIgniter\Debug\Exceptions->errorHandler()
 2 SYSTEMPATH/Session/Handlers/BaseHandler.php(179): ini_set()
 3 SYSTEMPATH/Session/Handlers/Database/MySQLiHandler.php(33): CodeIgniter\Session\Handlers\BaseHandler->fail()
 4 SYSTEMPATH/Session/Handlers/DatabaseHandler.php(108): CodeIgniter\Session\Handlers\Database\MySQLiHandler->lockSession()
 5 [internal function]: CodeIgniter\Session\Handlers\DatabaseHandler->read()
 6 SYSTEMPATH/Session/Session.php(920): session_start()
 7 SYSTEMPATH/Session/Session.php(242): CodeIgniter\Session\Session->startSession()
 8 SYSTEMPATH/Config/Services.php(665): CodeIgniter\Session\Session->start()
 9 SYSTEMPATH/Config/BaseService.php(253): CodeIgniter\Config\Services::session()
10 SYSTEMPATH/Config/BaseService.php(194): CodeIgniter\Config\BaseService::__callStatic()
11 SYSTEMPATH/Config/Services.php(637): CodeIgniter\Config\BaseService::getSharedInstance()
12 SYSTEMPATH/Config/BaseService.php(253): CodeIgniter\Config\Services::session()
13 SYSTEMPATH/Common.php(939): CodeIgniter\Config\BaseService::__callStatic()
14 APPPATH/Filters/Myauthuser.php(11): session()
15 SYSTEMPATH/Filters/Filters.php(173): App\Filters\Myauthuser->before()
16 SYSTEMPATH/CodeIgniter.php(431): CodeIgniter\Filters\Filters->run()
17 SYSTEMPATH/CodeIgniter.php(340): CodeIgniter\CodeIgniter->handleRequest()
18 FCPATH/index.php(67): CodeIgniter\CodeIgniter->run()
CRITICAL - 2023-01-17 14:05:34 --> ini_set(): Session ini settings cannot be changed when a session is active
in SYSTEMPATH/Session/Handlers/BaseHandler.php on line 179.
 1 [internal function]: CodeIgniter\Debug\Exceptions->errorHandler()
 2 SYSTEMPATH/Session/Handlers/BaseHandler.php(179): ini_set()
 3 SYSTEMPATH/Session/Handlers/Database/MySQLiHandler.php(33): CodeIgniter\Session\Handlers\BaseHandler->fail()
 4 SYSTEMPATH/Session/Handlers/DatabaseHandler.php(108): CodeIgniter\Session\Handlers\Database\MySQLiHandler->lockSession()
 5 [internal function]: CodeIgniter\Session\Handlers\DatabaseHandler->read()
 6 SYSTEMPATH/Session/Session.php(920): session_start()
 7 SYSTEMPATH/Session/Session.php(242): CodeIgniter\Session\Session->startSession()
 8 SYSTEMPATH/Config/Services.php(665): CodeIgniter\Session\Session->start()
 9 SYSTEMPATH/Config/BaseService.php(253): CodeIgniter\Config\Services::session()
10 SYSTEMPATH/Config/BaseService.php(194): CodeIgniter\Config\BaseService::__callStatic()
11 SYSTEMPATH/Config/Services.php(637): CodeIgniter\Config\BaseService::getSharedInstance()
12 SYSTEMPATH/Config/BaseService.php(253): CodeIgniter\Config\Services::session()
13 SYSTEMPATH/Common.php(939): CodeIgniter\Config\BaseService::__callStatic()
14 APPPATH/Filters/Myauthuser.php(11): session()
15 SYSTEMPATH/Filters/Filters.php(173): App\Filters\Myauthuser->before()
16 SYSTEMPATH/CodeIgniter.php(431): CodeIgniter\Filters\Filters->run()
17 SYSTEMPATH/CodeIgniter.php(340): CodeIgniter\CodeIgniter->handleRequest()
18 FCPATH/index.php(67): CodeIgniter\CodeIgniter->run()
CRITICAL - 2023-01-17 14:05:52 --> ini_set(): Session ini settings cannot be changed when a session is active
in SYSTEMPATH/Session/Handlers/BaseHandler.php on line 179.
 1 [internal function]: CodeIgniter\Debug\Exceptions->errorHandler()
 2 SYSTEMPATH/Session/Handlers/BaseHandler.php(179): ini_set()
 3 SYSTEMPATH/Session/Handlers/Database/MySQLiHandler.php(33): CodeIgniter\Session\Handlers\BaseHandler->fail()
 4 SYSTEMPATH/Session/Handlers/DatabaseHandler.php(108): CodeIgniter\Session\Handlers\Database\MySQLiHandler->lockSession()
 5 [internal function]: CodeIgniter\Session\Handlers\DatabaseHandler->read()
 6 SYSTEMPATH/Session/Session.php(920): session_start()
 7 SYSTEMPATH/Session/Session.php(242): CodeIgniter\Session\Session->startSession()
 8 SYSTEMPATH/Config/Services.php(665): CodeIgniter\Session\Session->start()
 9 SYSTEMPATH/Config/BaseService.php(253): CodeIgniter\Config\Services::session()
10 SYSTEMPATH/Config/BaseService.php(194): CodeIgniter\Config\BaseService::__callStatic()
11 SYSTEMPATH/Config/Services.php(637): CodeIgniter\Config\BaseService::getSharedInstance()
12 SYSTEMPATH/Config/BaseService.php(253): CodeIgniter\Config\Services::session()
13 SYSTEMPATH/Common.php(939): CodeIgniter\Config\BaseService::__callStatic()
14 APPPATH/Filters/Myauthuser.php(11): session()
15 SYSTEMPATH/Filters/Filters.php(173): App\Filters\Myauthuser->before()
16 SYSTEMPATH/CodeIgniter.php(431): CodeIgniter\Filters\Filters->run()
17 SYSTEMPATH/CodeIgniter.php(340): CodeIgniter\CodeIgniter->handleRequest()
18 FCPATH/index.php(67): CodeIgniter\CodeIgniter->run()
CRITICAL - 2023-01-17 14:06:03 --> ini_set(): Session ini settings cannot be changed when a session is active
in SYSTEMPATH/Session/Handlers/BaseHandler.php on line 179.
 1 [internal function]: CodeIgniter\Debug\Exceptions->errorHandler()
 2 SYSTEMPATH/Session/Handlers/BaseHandler.php(179): ini_set()
 3 SYSTEMPATH/Session/Handlers/Database/MySQLiHandler.php(33): CodeIgniter\Session\Handlers\BaseHandler->fail()
 4 SYSTEMPATH/Session/Handlers/DatabaseHandler.php(108): CodeIgniter\Session\Handlers\Database\MySQLiHandler->lockSession()
 5 [internal function]: CodeIgniter\Session\Handlers\DatabaseHandler->read()
 6 SYSTEMPATH/Session/Session.php(920): session_start()
 7 SYSTEMPATH/Session/Session.php(242): CodeIgniter\Session\Session->startSession()
 8 SYSTEMPATH/Config/Services.php(665): CodeIgniter\Session\Session->start()
 9 SYSTEMPATH/Config/BaseService.php(253): CodeIgniter\Config\Services::session()
10 SYSTEMPATH/Config/BaseService.php(194): CodeIgniter\Config\BaseService::__callStatic()
11 SYSTEMPATH/Config/Services.php(637): CodeIgniter\Config\BaseService::getSharedInstance()
12 SYSTEMPATH/Config/BaseService.php(253): CodeIgniter\Config\Services::session()
13 SYSTEMPATH/Common.php(939): CodeIgniter\Config\BaseService::__callStatic()
14 APPPATH/Filters/Myauthuser.php(11): session()
15 SYSTEMPATH/Filters/Filters.php(173): App\Filters\Myauthuser->before()
16 SYSTEMPATH/CodeIgniter.php(431): CodeIgniter\Filters\Filters->run()
17 SYSTEMPATH/CodeIgniter.php(340): CodeIgniter\CodeIgniter->handleRequest()
18 FCPATH/index.php(67): CodeIgniter\CodeIgniter->run()
CRITICAL - 2023-01-17 14:06:05 --> ini_set(): Session ini settings cannot be changed when a session is active
in SYSTEMPATH/Session/Handlers/BaseHandler.php on line 179.
 1 [internal function]: CodeIgniter\Debug\Exceptions->errorHandler()
 2 SYSTEMPATH/Session/Handlers/BaseHandler.php(179): ini_set()
 3 SYSTEMPATH/Session/Handlers/Database/MySQLiHandler.php(33): CodeIgniter\Session\Handlers\BaseHandler->fail()
 4 SYSTEMPATH/Session/Handlers/DatabaseHandler.php(108): CodeIgniter\Session\Handlers\Database\MySQLiHandler->lockSession()
 5 [internal function]: CodeIgniter\Session\Handlers\DatabaseHandler->read()
 6 SYSTEMPATH/Session/Session.php(920): session_start()
 7 SYSTEMPATH/Session/Session.php(242): CodeIgniter\Session\Session->startSession()
 8 SYSTEMPATH/Config/Services.php(665): CodeIgniter\Session\Session->start()
 9 SYSTEMPATH/Config/BaseService.php(253): CodeIgniter\Config\Services::session()
10 SYSTEMPATH/Config/BaseService.php(194): CodeIgniter\Config\BaseService::__callStatic()
11 SYSTEMPATH/Config/Services.php(637): CodeIgniter\Config\BaseService::getSharedInstance()
12 SYSTEMPATH/Config/BaseService.php(253): CodeIgniter\Config\Services::session()
13 SYSTEMPATH/Common.php(939): CodeIgniter\Config\BaseService::__callStatic()
14 APPPATH/Filters/Myauthuser.php(11): session()
15 SYSTEMPATH/Filters/Filters.php(173): App\Filters\Myauthuser->before()
16 SYSTEMPATH/CodeIgniter.php(431): CodeIgniter\Filters\Filters->run()
17 SYSTEMPATH/CodeIgniter.php(340): CodeIgniter\CodeIgniter->handleRequest()
18 FCPATH/index.php(67): CodeIgniter\CodeIgniter->run()
ERROR - 2023-01-17 15:47:04 --> mysqli_sql_exception: Duplicate entry '20230000000001-33332200000000010001' for key 'idx77' in /medata/appdevs/mynlinksc/system/Database/MySQLi/Connection.php:292
Stack trace:
#0 /medata/appdevs/mynlinksc/system/Database/MySQLi/Connection.php(292): mysqli->query()
#1 /medata/appdevs/mynlinksc/system/Database/BaseConnection.php(693): CodeIgniter\Database\MySQLi\Connection->execute()
#2 /medata/appdevs/mynlinksc/system/Database/BaseConnection.php(620): CodeIgniter\Database\BaseConnection->simpleQuery()
#3 /medata/appdevs/mynlinksc/app/Models/MyLibzDBModel.php(19): CodeIgniter\Database\BaseConnection->query()
#4 /medata/appdevs/mynlinksc/app/Models/MyWarehousercvModel.php(613): App\Models\MyLibzDBModel->myoa_sql_exec()
#5 /medata/appdevs/mynlinksc/app/Controllers/Warehouse_rcvng.php(75): App\Models\MyWarehousercvModel->mywhrcvng_save()
#6 /medata/appdevs/mynlinksc/system/CodeIgniter.php(902): App\Controllers\Warehouse_rcvng->wshe_rvng_save()
#7 /medata/appdevs/mynlinksc/system/CodeIgniter.php(457): CodeIgniter\CodeIgniter->runController()
#8 /medata/appdevs/mynlinksc/system/CodeIgniter.php(340): CodeIgniter\CodeIgniter->handleRequest()
#9 /medata/appdevs/mynlinksc/public/index.php(67): CodeIgniter\CodeIgniter->run()
#10 {main}
ERROR - 2023-01-17 15:54:24 --> mysqli_sql_exception: Duplicate entry '20230000000002-333323000000030001' for key 'idx77' in /medata/appdevs/mynlinksc/system/Database/MySQLi/Connection.php:292
Stack trace:
#0 /medata/appdevs/mynlinksc/system/Database/MySQLi/Connection.php(292): mysqli->query()
#1 /medata/appdevs/mynlinksc/system/Database/BaseConnection.php(693): CodeIgniter\Database\MySQLi\Connection->execute()
#2 /medata/appdevs/mynlinksc/system/Database/BaseConnection.php(620): CodeIgniter\Database\BaseConnection->simpleQuery()
#3 /medata/appdevs/mynlinksc/app/Models/MyLibzDBModel.php(19): CodeIgniter\Database\BaseConnection->query()
#4 /medata/appdevs/mynlinksc/app/Models/MyWarehousercvModel.php(613): App\Models\MyLibzDBModel->myoa_sql_exec()
#5 /medata/appdevs/mynlinksc/app/Controllers/Warehouse_rcvng.php(75): App\Models\MyWarehousercvModel->mywhrcvng_save()
#6 /medata/appdevs/mynlinksc/system/CodeIgniter.php(902): App\Controllers\Warehouse_rcvng->wshe_rvng_save()
#7 /medata/appdevs/mynlinksc/system/CodeIgniter.php(457): CodeIgniter\CodeIgniter->runController()
#8 /medata/appdevs/mynlinksc/system/CodeIgniter.php(340): CodeIgniter\CodeIgniter->handleRequest()
#9 /medata/appdevs/mynlinksc/public/index.php(67): CodeIgniter\CodeIgniter->run()
#10 {main}
ERROR - 2023-01-17 16:21:25 --> mysqli_sql_exception: Duplicate entry '20230000000003-333323000000020001' for key 'idx77' in /medata/appdevs/mynlinksc/system/Database/MySQLi/Connection.php:292
Stack trace:
#0 /medata/appdevs/mynlinksc/system/Database/MySQLi/Connection.php(292): mysqli->query()
#1 /medata/appdevs/mynlinksc/system/Database/BaseConnection.php(693): CodeIgniter\Database\MySQLi\Connection->execute()
#2 /medata/appdevs/mynlinksc/system/Database/BaseConnection.php(620): CodeIgniter\Database\BaseConnection->simpleQuery()
#3 /medata/appdevs/mynlinksc/app/Models/MyLibzDBModel.php(19): CodeIgniter\Database\BaseConnection->query()
#4 /medata/appdevs/mynlinksc/app/Models/MyWarehousercvModel.php(613): App\Models\MyLibzDBModel->myoa_sql_exec()
#5 /medata/appdevs/mynlinksc/app/Controllers/Warehouse_rcvng.php(75): App\Models\MyWarehousercvModel->mywhrcvng_save()
#6 /medata/appdevs/mynlinksc/system/CodeIgniter.php(902): App\Controllers\Warehouse_rcvng->wshe_rvng_save()
#7 /medata/appdevs/mynlinksc/system/CodeIgniter.php(457): CodeIgniter\CodeIgniter->runController()
#8 /medata/appdevs/mynlinksc/system/CodeIgniter.php(340): CodeIgniter\CodeIgniter->handleRequest()
#9 /medata/appdevs/mynlinksc/public/index.php(67): CodeIgniter\CodeIgniter->run()
#10 {main}
