CRITICAL - 2022-11-02 16:25:47 --> ini_set(): Session ini settings cannot be changed when a session is active
in SYSTEMPATH/Session/Handlers/BaseHandler.php on line 179.
 1 [internal function]: CodeIgniter\Debug\Exceptions->errorHandler()
 2 SYSTEMPATH/Session/Handlers/BaseHandler.php(179): ini_set()
 3 SYSTEMPATH/Session/Handlers/Database/MySQLiHandler.php(33): CodeIgniter\Session\Handlers\BaseHandler->fail()
 4 SYSTEMPATH/Session/Handlers/DatabaseHandler.php(108): CodeIgniter\Session\Handlers\Database\MySQLiHandler->lockSession()
 5 [internal function]: CodeIgniter\Session\Handlers\DatabaseHandler->read()
 6 SYSTEMPATH/Session/Session.php(920): session_start()
 7 SYSTEMPATH/Session/Session.php(242): CodeIgniter\Session\Session->startSession()
 8 SYSTEMPATH/Config/Services.php(665): CodeIgniter\Session\Session->start()
 9 SYSTEMPATH/Config/BaseService.php(253): CodeIgniter\Config\Services::session()
10 SYSTEMPATH/Config/BaseService.php(194): CodeIgniter\Config\BaseService::__callStatic()
11 SYSTEMPATH/Config/Services.php(637): CodeIgniter\Config\BaseService::getSharedInstance()
12 SYSTEMPATH/Config/BaseService.php(253): CodeIgniter\Config\Services::session()
13 SYSTEMPATH/Common.php(939): CodeIgniter\Config\BaseService::__callStatic()
14 APPPATH/Filters/Myauthuser.php(11): session()
15 SYSTEMPATH/Filters/Filters.php(173): App\Filters\Myauthuser->before()
16 SYSTEMPATH/CodeIgniter.php(431): CodeIgniter\Filters\Filters->run()
17 SYSTEMPATH/CodeIgniter.php(340): CodeIgniter\CodeIgniter->handleRequest()
18 FCPATH/index.php(67): CodeIgniter\CodeIgniter->run()
CRITICAL - 2022-11-02 16:25:47 --> ini_set(): Session ini settings cannot be changed when a session is active
in SYSTEMPATH/Session/Handlers/BaseHandler.php on line 179.
 1 [internal function]: CodeIgniter\Debug\Exceptions->errorHandler()
 2 SYSTEMPATH/Session/Handlers/BaseHandler.php(179): ini_set()
 3 SYSTEMPATH/Session/Handlers/Database/MySQLiHandler.php(33): CodeIgniter\Session\Handlers\BaseHandler->fail()
 4 SYSTEMPATH/Session/Handlers/DatabaseHandler.php(108): CodeIgniter\Session\Handlers\Database\MySQLiHandler->lockSession()
 5 [internal function]: CodeIgniter\Session\Handlers\DatabaseHandler->read()
 6 SYSTEMPATH/Session/Session.php(920): session_start()
 7 SYSTEMPATH/Session/Session.php(242): CodeIgniter\Session\Session->startSession()
 8 SYSTEMPATH/Config/Services.php(665): CodeIgniter\Session\Session->start()
 9 SYSTEMPATH/Config/BaseService.php(253): CodeIgniter\Config\Services::session()
10 SYSTEMPATH/Config/BaseService.php(194): CodeIgniter\Config\BaseService::__callStatic()
11 SYSTEMPATH/Config/Services.php(637): CodeIgniter\Config\BaseService::getSharedInstance()
12 SYSTEMPATH/Config/BaseService.php(253): CodeIgniter\Config\Services::session()
13 SYSTEMPATH/Common.php(939): CodeIgniter\Config\BaseService::__callStatic()
14 APPPATH/Filters/Myauthuser.php(11): session()
15 SYSTEMPATH/Filters/Filters.php(173): App\Filters\Myauthuser->before()
16 SYSTEMPATH/CodeIgniter.php(431): CodeIgniter\Filters\Filters->run()
17 SYSTEMPATH/CodeIgniter.php(340): CodeIgniter\CodeIgniter->handleRequest()
18 FCPATH/index.php(67): CodeIgniter\CodeIgniter->run()
CRITICAL - 2022-11-02 16:29:22 --> ini_set(): Session ini settings cannot be changed when a session is active
in SYSTEMPATH/Session/Handlers/BaseHandler.php on line 179.
 1 [internal function]: CodeIgniter\Debug\Exceptions->errorHandler()
 2 SYSTEMPATH/Session/Handlers/BaseHandler.php(179): ini_set()
 3 SYSTEMPATH/Session/Handlers/Database/MySQLiHandler.php(33): CodeIgniter\Session\Handlers\BaseHandler->fail()
 4 SYSTEMPATH/Session/Handlers/DatabaseHandler.php(108): CodeIgniter\Session\Handlers\Database\MySQLiHandler->lockSession()
 5 [internal function]: CodeIgniter\Session\Handlers\DatabaseHandler->read()
 6 SYSTEMPATH/Session/Session.php(920): session_start()
 7 SYSTEMPATH/Session/Session.php(242): CodeIgniter\Session\Session->startSession()
 8 SYSTEMPATH/Config/Services.php(665): CodeIgniter\Session\Session->start()
 9 SYSTEMPATH/Config/BaseService.php(253): CodeIgniter\Config\Services::session()
10 SYSTEMPATH/Config/BaseService.php(194): CodeIgniter\Config\BaseService::__callStatic()
11 SYSTEMPATH/Config/Services.php(637): CodeIgniter\Config\BaseService::getSharedInstance()
12 SYSTEMPATH/Config/BaseService.php(253): CodeIgniter\Config\Services::session()
13 SYSTEMPATH/Common.php(939): CodeIgniter\Config\BaseService::__callStatic()
14 APPPATH/Filters/Myauthuser.php(11): session()
15 SYSTEMPATH/Filters/Filters.php(173): App\Filters\Myauthuser->before()
16 SYSTEMPATH/CodeIgniter.php(431): CodeIgniter\Filters\Filters->run()
17 SYSTEMPATH/CodeIgniter.php(340): CodeIgniter\CodeIgniter->handleRequest()
18 FCPATH/index.php(67): CodeIgniter\CodeIgniter->run()
