CRITICAL - 2023-01-19 11:19:37 --> strpos(): Passing null to parameter #1 ($haystack) of type string is deprecated
in APPPATH/Libraries/Fpdf/Fpdf.php on line 1212.
 1 [internal function]: CodeIgniter\Debug\Exceptions->errorHandler()
 2 APPPATH/Libraries/Fpdf/Fpdf.php(1212): strpos()
 3 APPPATH/Libraries/Fpdf/Fpdf.php(634): App\Libraries\Fpdf\Fpdf->_escape()
 4 APPPATH/Views/warehouse_out/warehouse_out_fprint_mkg.php(191): App\Libraries\Fpdf\Fpdf->Cell()
 5 SYSTEMPATH/View/View.php(213): include('APPPATH/Views/warehouse_out/warehouse_out_fprint_mkg.php')
 6 SYSTEMPATH/View/View.php(216): CodeIgniter\View\View->CodeIgniter\View\{closure}()
 7 SYSTEMPATH/Common.php(1142): CodeIgniter\View\View->render()
 8 APPPATH/Controllers/Warehouse_out.php(195): view()
 9 SYSTEMPATH/CodeIgniter.php(902): App\Controllers\Warehouse_out->mywhout_fprint_mkg()
10 SYSTEMPATH/CodeIgniter.php(457): CodeIgniter\CodeIgniter->runController()
11 SYSTEMPATH/CodeIgniter.php(340): CodeIgniter\CodeIgniter->handleRequest()
12 FCPATH/index.php(67): CodeIgniter\CodeIgniter->run()
CRITICAL - 2023-01-19 11:24:23 --> strpos(): Passing null to parameter #1 ($haystack) of type string is deprecated
in APPPATH/Libraries/Fpdf/Fpdf.php on line 1212.
 1 [internal function]: CodeIgniter\Debug\Exceptions->errorHandler()
 2 APPPATH/Libraries/Fpdf/Fpdf.php(1212): strpos()
 3 APPPATH/Libraries/Fpdf/Fpdf.php(634): App\Libraries\Fpdf\Fpdf->_escape()
 4 APPPATH/Views/warehouse_out/warehouse_out_fprint_mkg.php(191): App\Libraries\Fpdf\Fpdf->Cell()
 5 SYSTEMPATH/View/View.php(213): include('APPPATH/Views/warehouse_out/warehouse_out_fprint_mkg.php')
 6 SYSTEMPATH/View/View.php(216): CodeIgniter\View\View->CodeIgniter\View\{closure}()
 7 SYSTEMPATH/Common.php(1142): CodeIgniter\View\View->render()
 8 APPPATH/Controllers/Warehouse_out.php(195): view()
 9 SYSTEMPATH/CodeIgniter.php(902): App\Controllers\Warehouse_out->mywhout_fprint_mkg()
10 SYSTEMPATH/CodeIgniter.php(457): CodeIgniter\CodeIgniter->runController()
11 SYSTEMPATH/CodeIgniter.php(340): CodeIgniter\CodeIgniter->handleRequest()
12 FCPATH/index.php(67): CodeIgniter\CodeIgniter->run()
CRITICAL - 2023-01-19 11:24:59 --> strpos(): Passing null to parameter #1 ($haystack) of type string is deprecated
in APPPATH/Libraries/Fpdf/Fpdf.php on line 1212.
 1 [internal function]: CodeIgniter\Debug\Exceptions->errorHandler()
 2 APPPATH/Libraries/Fpdf/Fpdf.php(1212): strpos()
 3 APPPATH/Libraries/Fpdf/Fpdf.php(634): App\Libraries\Fpdf\Fpdf->_escape()
 4 APPPATH/Views/warehouse_out/warehouse_out_fprint_mkg.php(191): App\Libraries\Fpdf\Fpdf->Cell()
 5 SYSTEMPATH/View/View.php(213): include('APPPATH/Views/warehouse_out/warehouse_out_fprint_mkg.php')
 6 SYSTEMPATH/View/View.php(216): CodeIgniter\View\View->CodeIgniter\View\{closure}()
 7 SYSTEMPATH/Common.php(1142): CodeIgniter\View\View->render()
 8 APPPATH/Controllers/Warehouse_out.php(195): view()
 9 SYSTEMPATH/CodeIgniter.php(902): App\Controllers\Warehouse_out->mywhout_fprint_mkg()
10 SYSTEMPATH/CodeIgniter.php(457): CodeIgniter\CodeIgniter->runController()
11 SYSTEMPATH/CodeIgniter.php(340): CodeIgniter\CodeIgniter->handleRequest()
12 FCPATH/index.php(67): CodeIgniter\CodeIgniter->run()
CRITICAL - 2023-01-19 11:38:57 --> strpos(): Passing null to parameter #1 ($haystack) of type string is deprecated
in APPPATH/Libraries/Fpdf/Fpdf.php on line 1212.
 1 [internal function]: CodeIgniter\Debug\Exceptions->errorHandler()
 2 APPPATH/Libraries/Fpdf/Fpdf.php(1212): strpos()
 3 APPPATH/Libraries/Fpdf/Fpdf.php(634): App\Libraries\Fpdf\Fpdf->_escape()
 4 APPPATH/Views/warehouse_out/warehouse_out_fprint_mkg.php(938): App\Libraries\Fpdf\Fpdf->Cell()
 5 SYSTEMPATH/View/View.php(213): include('APPPATH/Views/warehouse_out/warehouse_out_fprint_mkg.php')
 6 SYSTEMPATH/View/View.php(216): CodeIgniter\View\View->CodeIgniter\View\{closure}()
 7 SYSTEMPATH/Common.php(1142): CodeIgniter\View\View->render()
 8 APPPATH/Controllers/Warehouse_out.php(195): view()
 9 SYSTEMPATH/CodeIgniter.php(902): App\Controllers\Warehouse_out->mywhout_fprint_mkg()
10 SYSTEMPATH/CodeIgniter.php(457): CodeIgniter\CodeIgniter->runController()
11 SYSTEMPATH/CodeIgniter.php(340): CodeIgniter\CodeIgniter->handleRequest()
12 FCPATH/index.php(67): CodeIgniter\CodeIgniter->run()
CRITICAL - 2023-01-19 13:05:44 --> The route for "warehouse-out/" cannot be found.
in SYSTEMPATH/HTTP/RedirectResponse.php on line 60.
 1 SYSTEMPATH/HTTP/RedirectResponse.php(60): CodeIgniter\HTTP\Exceptions\HTTPException::forInvalidRedirectRoute()
 2 SYSTEMPATH/Common.php(869): CodeIgniter\HTTP\RedirectResponse->route()
 3 APPPATH/Views/warehouse_out/warehouse_out_fprint_mkg.php(106): redirect()
 4 SYSTEMPATH/View/View.php(213): include('APPPATH/Views/warehouse_out/warehouse_out_fprint_mkg.php')
 5 SYSTEMPATH/View/View.php(216): CodeIgniter\View\View->CodeIgniter\View\{closure}()
 6 SYSTEMPATH/Common.php(1142): CodeIgniter\View\View->render()
 7 APPPATH/Controllers/Warehouse_out.php(195): view()
 8 SYSTEMPATH/CodeIgniter.php(902): App\Controllers\Warehouse_out->mywhout_fprint_mkg()
 9 SYSTEMPATH/CodeIgniter.php(457): CodeIgniter\CodeIgniter->runController()
10 SYSTEMPATH/CodeIgniter.php(340): CodeIgniter\CodeIgniter->handleRequest()
11 FCPATH/index.php(67): CodeIgniter\CodeIgniter->run()
CRITICAL - 2023-01-19 13:05:48 --> The route for "warehouse-out/" cannot be found.
in SYSTEMPATH/HTTP/RedirectResponse.php on line 60.
 1 SYSTEMPATH/HTTP/RedirectResponse.php(60): CodeIgniter\HTTP\Exceptions\HTTPException::forInvalidRedirectRoute()
 2 SYSTEMPATH/Common.php(869): CodeIgniter\HTTP\RedirectResponse->route()
 3 APPPATH/Views/warehouse_out/warehouse_out_fprint_mkg.php(106): redirect()
 4 SYSTEMPATH/View/View.php(213): include('APPPATH/Views/warehouse_out/warehouse_out_fprint_mkg.php')
 5 SYSTEMPATH/View/View.php(216): CodeIgniter\View\View->CodeIgniter\View\{closure}()
 6 SYSTEMPATH/Common.php(1142): CodeIgniter\View\View->render()
 7 APPPATH/Controllers/Warehouse_out.php(195): view()
 8 SYSTEMPATH/CodeIgniter.php(902): App\Controllers\Warehouse_out->mywhout_fprint_mkg()
 9 SYSTEMPATH/CodeIgniter.php(457): CodeIgniter\CodeIgniter->runController()
10 SYSTEMPATH/CodeIgniter.php(340): CodeIgniter\CodeIgniter->handleRequest()
11 FCPATH/index.php(67): CodeIgniter\CodeIgniter->run()
