CRITICAL - 2022-05-17 13:11:55 --> Invalid file: mdrpts/md-tot-renew.php
#0 /medata/webapps/mynrc/system/View/View.php(198): CodeIgniter\Exceptions\FrameworkException::forInvalidFile()
#1 /medata/webapps/mynrc/system/Common.php(1089): CodeIgniter\View\View->render()
#2 /medata/webapps/mynrc/app/Controllers/Md_reports.php(77): view()
#3 /medata/webapps/mynrc/system/CodeIgniter.php(832): App\Controllers\Md_reports->tot_renew()
#4 /medata/webapps/mynrc/system/CodeIgniter.php(419): CodeIgniter\CodeIgniter->runController()
#5 /medata/webapps/mynrc/system/CodeIgniter.php(326): CodeIgniter\CodeIgniter->handleRequest()
#6 /medata/webapps/mynrc/public/index.php(37): CodeIgniter\CodeIgniter->run()
#7 {main}
CRITICAL - 2022-05-17 13:14:02 --> Invalid file: mdrpts/md-tot-renew.php
#0 /medata/webapps/mynrc/system/View/View.php(198): CodeIgniter\Exceptions\FrameworkException::forInvalidFile()
#1 /medata/webapps/mynrc/system/Common.php(1089): CodeIgniter\View\View->render()
#2 /medata/webapps/mynrc/app/Controllers/Md_reports.php(77): view()
#3 /medata/webapps/mynrc/system/CodeIgniter.php(832): App\Controllers\Md_reports->tot_renew()
#4 /medata/webapps/mynrc/system/CodeIgniter.php(419): CodeIgniter\CodeIgniter->runController()
#5 /medata/webapps/mynrc/system/CodeIgniter.php(326): CodeIgniter\CodeIgniter->handleRequest()
#6 /medata/webapps/mynrc/public/index.php(37): CodeIgniter\CodeIgniter->run()
#7 {main}
ERROR - 2022-05-17 15:49:18 --> You have an error in your SQL syntax; check the manual that corresponds to your MariaDB server version for the right syntax to use near 'where (aa.CUST_ACCTNO like '%ACCTNO1225%' or 
            aa.CUST_NO like '%A...' at line 21
CRITICAL - 2022-05-17 16:26:48 --> Undefined array key "AVAIL_POINTS"
#0 /medata/webapps/mynrc/app/Views/mdpts/md-ptsinq-recs.php(86): CodeIgniter\Debug\Exceptions->errorHandler()
#1 /medata/webapps/mynrc/system/View/View.php(210): include('...')
#2 /medata/webapps/mynrc/system/View/View.php(213): CodeIgniter\View\View->CodeIgniter\View\{closure}()
#3 /medata/webapps/mynrc/system/Common.php(1089): CodeIgniter\View\View->render()
#4 /medata/webapps/mynrc/app/Views/mdpts/md-ptsinq.php(83): view()
#5 /medata/webapps/mynrc/system/View/View.php(210): include('...')
#6 /medata/webapps/mynrc/system/View/View.php(213): CodeIgniter\View\View->CodeIgniter\View\{closure}()
#7 /medata/webapps/mynrc/system/Common.php(1089): CodeIgniter\View\View->render()
#8 /medata/webapps/mynrc/app/Controllers/Md_points.php(22): view()
#9 /medata/webapps/mynrc/system/CodeIgniter.php(832): App\Controllers\Md_points->index()
#10 /medata/webapps/mynrc/system/CodeIgniter.php(419): CodeIgniter\CodeIgniter->runController()
#11 /medata/webapps/mynrc/system/CodeIgniter.php(326): CodeIgniter\CodeIgniter->handleRequest()
#12 /medata/webapps/mynrc/public/index.php(37): CodeIgniter\CodeIgniter->run()
#13 {main}
ERROR - 2022-05-17 16:46:15 --> You have an error in your SQL syntax; check the manual that corresponds to your MariaDB server version for the right syntax to use near 'JOINap8.`diQt_Branch` b
        ON (xx.`branch_code` = b.`code`)
        LEFT...' at line 45
ERROR - 2022-05-17 16:46:52 --> You have an error in your SQL syntax; check the manual that corresponds to your MariaDB server version for the right syntax to use near 'JOINap8.`mst_nrc_cust` c
        ON (xx.`card_no` = c.`CUST_NO`)
        
   ...' at line 47
ERROR - 2022-05-17 16:46:53 --> You have an error in your SQL syntax; check the manual that corresponds to your MariaDB server version for the right syntax to use near 'JOINap8.`mst_nrc_cust` c
        ON (xx.`card_no` = c.`CUST_NO`)
        
   ...' at line 47
ERROR - 2022-05-17 16:47:21 --> The used SELECT statements have a different number of columns
ERROR - 2022-05-17 16:48:07 --> Unknown column 'a.CUST_ID' in 'field list'
CRITICAL - 2022-05-17 17:13:08 --> ini_set(): Session ini settings cannot be changed when a session is active
#0 [internal function]: CodeIgniter\Debug\Exceptions->errorHandler()
#1 /medata/webapps/mynrc/system/Session/Handlers/BaseHandler.php(162): ini_set()
#2 /medata/webapps/mynrc/system/Session/Handlers/DatabaseHandler.php(274): CodeIgniter\Session\Handlers\BaseHandler->fail()
#3 /medata/webapps/mynrc/system/Session/Handlers/DatabaseHandler.php(111): CodeIgniter\Session\Handlers\DatabaseHandler->lockSession()
#4 [internal function]: CodeIgniter\Session\Handlers\DatabaseHandler->read()
#5 /medata/webapps/mynrc/system/Session/Session.php(894): session_start()
#6 /medata/webapps/mynrc/system/Session/Session.php(238): CodeIgniter\Session\Session->startSession()
#7 /medata/webapps/mynrc/system/Config/Services.php(577): CodeIgniter\Session\Session->start()
#8 /medata/webapps/mynrc/system/Config/BaseService.php(248): CodeIgniter\Config\Services::session()
#9 /medata/webapps/mynrc/system/Config/BaseService.php(189): CodeIgniter\Config\BaseService::__callStatic()
#10 /medata/webapps/mynrc/system/Config/Services.php(563): CodeIgniter\Config\BaseService::getSharedInstance()
#11 /medata/webapps/mynrc/system/Config/BaseService.php(248): CodeIgniter\Config\Services::session()
#12 /medata/webapps/mynrc/system/Common.php(901): CodeIgniter\Config\BaseService::__callStatic()
#13 /medata/webapps/mynrc/app/Filters/Myauthuser.php(11): session()
#14 /medata/webapps/mynrc/system/Filters/Filters.php(173): App\Filters\Myauthuser->before()
#15 /medata/webapps/mynrc/system/CodeIgniter.php(393): CodeIgniter\Filters\Filters->run()
#16 /medata/webapps/mynrc/system/CodeIgniter.php(326): CodeIgniter\CodeIgniter->handleRequest()
#17 /medata/webapps/mynrc/public/index.php(37): CodeIgniter\CodeIgniter->run()
#18 {main}
CRITICAL - 2022-05-17 17:13:23 --> ini_set(): Session ini settings cannot be changed when a session is active
#0 [internal function]: CodeIgniter\Debug\Exceptions->errorHandler()
#1 /medata/webapps/mynrc/system/Session/Handlers/BaseHandler.php(162): ini_set()
#2 /medata/webapps/mynrc/system/Session/Handlers/DatabaseHandler.php(274): CodeIgniter\Session\Handlers\BaseHandler->fail()
#3 /medata/webapps/mynrc/system/Session/Handlers/DatabaseHandler.php(111): CodeIgniter\Session\Handlers\DatabaseHandler->lockSession()
#4 [internal function]: CodeIgniter\Session\Handlers\DatabaseHandler->read()
#5 /medata/webapps/mynrc/system/Session/Session.php(894): session_start()
#6 /medata/webapps/mynrc/system/Session/Session.php(238): CodeIgniter\Session\Session->startSession()
#7 /medata/webapps/mynrc/system/Config/Services.php(577): CodeIgniter\Session\Session->start()
#8 /medata/webapps/mynrc/system/Config/BaseService.php(248): CodeIgniter\Config\Services::session()
#9 /medata/webapps/mynrc/system/Config/BaseService.php(189): CodeIgniter\Config\BaseService::__callStatic()
#10 /medata/webapps/mynrc/system/Config/Services.php(563): CodeIgniter\Config\BaseService::getSharedInstance()
#11 /medata/webapps/mynrc/system/Config/BaseService.php(248): CodeIgniter\Config\Services::session()
#12 /medata/webapps/mynrc/system/Common.php(901): CodeIgniter\Config\BaseService::__callStatic()
#13 /medata/webapps/mynrc/app/Filters/Myauthuser.php(11): session()
#14 /medata/webapps/mynrc/system/Filters/Filters.php(173): App\Filters\Myauthuser->before()
#15 /medata/webapps/mynrc/system/CodeIgniter.php(393): CodeIgniter\Filters\Filters->run()
#16 /medata/webapps/mynrc/system/CodeIgniter.php(326): CodeIgniter\CodeIgniter->handleRequest()
#17 /medata/webapps/mynrc/public/index.php(37): CodeIgniter\CodeIgniter->run()
#18 {main}
CRITICAL - 2022-05-17 17:14:13 --> ini_set(): Session ini settings cannot be changed when a session is active
#0 [internal function]: CodeIgniter\Debug\Exceptions->errorHandler()
#1 /medata/webapps/mynrc/system/Session/Handlers/BaseHandler.php(162): ini_set()
#2 /medata/webapps/mynrc/system/Session/Handlers/DatabaseHandler.php(274): CodeIgniter\Session\Handlers\BaseHandler->fail()
#3 /medata/webapps/mynrc/system/Session/Handlers/DatabaseHandler.php(111): CodeIgniter\Session\Handlers\DatabaseHandler->lockSession()
#4 [internal function]: CodeIgniter\Session\Handlers\DatabaseHandler->read()
#5 /medata/webapps/mynrc/system/Session/Session.php(894): session_start()
#6 /medata/webapps/mynrc/system/Session/Session.php(238): CodeIgniter\Session\Session->startSession()
#7 /medata/webapps/mynrc/system/Config/Services.php(577): CodeIgniter\Session\Session->start()
#8 /medata/webapps/mynrc/system/Config/BaseService.php(248): CodeIgniter\Config\Services::session()
#9 /medata/webapps/mynrc/system/Config/BaseService.php(189): CodeIgniter\Config\BaseService::__callStatic()
#10 /medata/webapps/mynrc/system/Config/Services.php(563): CodeIgniter\Config\BaseService::getSharedInstance()
#11 /medata/webapps/mynrc/system/Config/BaseService.php(248): CodeIgniter\Config\Services::session()
#12 /medata/webapps/mynrc/system/Common.php(901): CodeIgniter\Config\BaseService::__callStatic()
#13 /medata/webapps/mynrc/app/Filters/Myauthuser.php(11): session()
#14 /medata/webapps/mynrc/system/Filters/Filters.php(173): App\Filters\Myauthuser->before()
#15 /medata/webapps/mynrc/system/CodeIgniter.php(393): CodeIgniter\Filters\Filters->run()
#16 /medata/webapps/mynrc/system/CodeIgniter.php(326): CodeIgniter\CodeIgniter->handleRequest()
#17 /medata/webapps/mynrc/public/index.php(37): CodeIgniter\CodeIgniter->run()
#18 {main}
CRITICAL - 2022-05-17 17:23:28 --> ini_set(): Session ini settings cannot be changed when a session is active
#0 [internal function]: CodeIgniter\Debug\Exceptions->errorHandler()
#1 /medata/webapps/mynrc/system/Session/Handlers/BaseHandler.php(162): ini_set()
#2 /medata/webapps/mynrc/system/Session/Handlers/DatabaseHandler.php(274): CodeIgniter\Session\Handlers\BaseHandler->fail()
#3 /medata/webapps/mynrc/system/Session/Handlers/DatabaseHandler.php(111): CodeIgniter\Session\Handlers\DatabaseHandler->lockSession()
#4 [internal function]: CodeIgniter\Session\Handlers\DatabaseHandler->read()
#5 /medata/webapps/mynrc/system/Session/Session.php(894): session_start()
#6 /medata/webapps/mynrc/system/Session/Session.php(238): CodeIgniter\Session\Session->startSession()
#7 /medata/webapps/mynrc/system/Config/Services.php(577): CodeIgniter\Session\Session->start()
#8 /medata/webapps/mynrc/system/Config/BaseService.php(248): CodeIgniter\Config\Services::session()
#9 /medata/webapps/mynrc/system/Config/BaseService.php(189): CodeIgniter\Config\BaseService::__callStatic()
#10 /medata/webapps/mynrc/system/Config/Services.php(563): CodeIgniter\Config\BaseService::getSharedInstance()
#11 /medata/webapps/mynrc/system/Config/BaseService.php(248): CodeIgniter\Config\Services::session()
#12 /medata/webapps/mynrc/system/Common.php(901): CodeIgniter\Config\BaseService::__callStatic()
#13 /medata/webapps/mynrc/app/Filters/Myauthuser.php(11): session()
#14 /medata/webapps/mynrc/system/Filters/Filters.php(173): App\Filters\Myauthuser->before()
#15 /medata/webapps/mynrc/system/CodeIgniter.php(393): CodeIgniter\Filters\Filters->run()
#16 /medata/webapps/mynrc/system/CodeIgniter.php(326): CodeIgniter\CodeIgniter->handleRequest()
#17 /medata/webapps/mynrc/public/index.php(37): CodeIgniter\CodeIgniter->run()
#18 {main}
CRITICAL - 2022-05-17 17:23:32 --> ini_set(): Session ini settings cannot be changed when a session is active
#0 [internal function]: CodeIgniter\Debug\Exceptions->errorHandler()
#1 /medata/webapps/mynrc/system/Session/Handlers/BaseHandler.php(162): ini_set()
#2 /medata/webapps/mynrc/system/Session/Handlers/DatabaseHandler.php(274): CodeIgniter\Session\Handlers\BaseHandler->fail()
#3 /medata/webapps/mynrc/system/Session/Handlers/DatabaseHandler.php(111): CodeIgniter\Session\Handlers\DatabaseHandler->lockSession()
#4 [internal function]: CodeIgniter\Session\Handlers\DatabaseHandler->read()
#5 /medata/webapps/mynrc/system/Session/Session.php(894): session_start()
#6 /medata/webapps/mynrc/system/Session/Session.php(238): CodeIgniter\Session\Session->startSession()
#7 /medata/webapps/mynrc/system/Config/Services.php(577): CodeIgniter\Session\Session->start()
#8 /medata/webapps/mynrc/system/Config/BaseService.php(248): CodeIgniter\Config\Services::session()
#9 /medata/webapps/mynrc/system/Config/BaseService.php(189): CodeIgniter\Config\BaseService::__callStatic()
#10 /medata/webapps/mynrc/system/Config/Services.php(563): CodeIgniter\Config\BaseService::getSharedInstance()
#11 /medata/webapps/mynrc/system/Config/BaseService.php(248): CodeIgniter\Config\Services::session()
#12 /medata/webapps/mynrc/system/Common.php(901): CodeIgniter\Config\BaseService::__callStatic()
#13 /medata/webapps/mynrc/app/Filters/Myauthuser.php(11): session()
#14 /medata/webapps/mynrc/system/Filters/Filters.php(173): App\Filters\Myauthuser->before()
#15 /medata/webapps/mynrc/system/CodeIgniter.php(393): CodeIgniter\Filters\Filters->run()
#16 /medata/webapps/mynrc/system/CodeIgniter.php(326): CodeIgniter\CodeIgniter->handleRequest()
#17 /medata/webapps/mynrc/public/index.php(37): CodeIgniter\CodeIgniter->run()
#18 {main}
CRITICAL - 2022-05-17 17:36:48 --> ini_set(): Session ini settings cannot be changed when a session is active
#0 [internal function]: CodeIgniter\Debug\Exceptions->errorHandler()
#1 /medata/webapps/mynrc/system/Session/Handlers/BaseHandler.php(162): ini_set()
#2 /medata/webapps/mynrc/system/Session/Handlers/DatabaseHandler.php(274): CodeIgniter\Session\Handlers\BaseHandler->fail()
#3 /medata/webapps/mynrc/system/Session/Handlers/DatabaseHandler.php(111): CodeIgniter\Session\Handlers\DatabaseHandler->lockSession()
#4 [internal function]: CodeIgniter\Session\Handlers\DatabaseHandler->read()
#5 /medata/webapps/mynrc/system/Session/Session.php(894): session_start()
#6 /medata/webapps/mynrc/system/Session/Session.php(238): CodeIgniter\Session\Session->startSession()
#7 /medata/webapps/mynrc/system/Config/Services.php(577): CodeIgniter\Session\Session->start()
#8 /medata/webapps/mynrc/system/Config/BaseService.php(248): CodeIgniter\Config\Services::session()
#9 /medata/webapps/mynrc/system/Config/BaseService.php(189): CodeIgniter\Config\BaseService::__callStatic()
#10 /medata/webapps/mynrc/system/Config/Services.php(563): CodeIgniter\Config\BaseService::getSharedInstance()
#11 /medata/webapps/mynrc/system/Config/BaseService.php(248): CodeIgniter\Config\Services::session()
#12 /medata/webapps/mynrc/system/Common.php(901): CodeIgniter\Config\BaseService::__callStatic()
#13 /medata/webapps/mynrc/app/Filters/Myauthuser.php(11): session()
#14 /medata/webapps/mynrc/system/Filters/Filters.php(173): App\Filters\Myauthuser->before()
#15 /medata/webapps/mynrc/system/CodeIgniter.php(393): CodeIgniter\Filters\Filters->run()
#16 /medata/webapps/mynrc/system/CodeIgniter.php(326): CodeIgniter\CodeIgniter->handleRequest()
#17 /medata/webapps/mynrc/public/index.php(37): CodeIgniter\CodeIgniter->run()
#18 {main}
CRITICAL - 2022-05-17 17:36:57 --> ini_set(): Session ini settings cannot be changed when a session is active
#0 [internal function]: CodeIgniter\Debug\Exceptions->errorHandler()
#1 /medata/webapps/mynrc/system/Session/Handlers/BaseHandler.php(162): ini_set()
#2 /medata/webapps/mynrc/system/Session/Handlers/DatabaseHandler.php(274): CodeIgniter\Session\Handlers\BaseHandler->fail()
#3 /medata/webapps/mynrc/system/Session/Handlers/DatabaseHandler.php(111): CodeIgniter\Session\Handlers\DatabaseHandler->lockSession()
#4 [internal function]: CodeIgniter\Session\Handlers\DatabaseHandler->read()
#5 /medata/webapps/mynrc/system/Session/Session.php(894): session_start()
#6 /medata/webapps/mynrc/system/Session/Session.php(238): CodeIgniter\Session\Session->startSession()
#7 /medata/webapps/mynrc/system/Config/Services.php(577): CodeIgniter\Session\Session->start()
#8 /medata/webapps/mynrc/system/Config/BaseService.php(248): CodeIgniter\Config\Services::session()
#9 /medata/webapps/mynrc/system/Config/BaseService.php(189): CodeIgniter\Config\BaseService::__callStatic()
#10 /medata/webapps/mynrc/system/Config/Services.php(563): CodeIgniter\Config\BaseService::getSharedInstance()
#11 /medata/webapps/mynrc/system/Config/BaseService.php(248): CodeIgniter\Config\Services::session()
#12 /medata/webapps/mynrc/system/Common.php(901): CodeIgniter\Config\BaseService::__callStatic()
#13 /medata/webapps/mynrc/app/Filters/Myauthuser.php(11): session()
#14 /medata/webapps/mynrc/system/Filters/Filters.php(173): App\Filters\Myauthuser->before()
#15 /medata/webapps/mynrc/system/CodeIgniter.php(393): CodeIgniter\Filters\Filters->run()
#16 /medata/webapps/mynrc/system/CodeIgniter.php(326): CodeIgniter\CodeIgniter->handleRequest()
#17 /medata/webapps/mynrc/public/index.php(37): CodeIgniter\CodeIgniter->run()
#18 {main}
CRITICAL - 2022-05-17 17:36:58 --> ini_set(): Session ini settings cannot be changed when a session is active
#0 [internal function]: CodeIgniter\Debug\Exceptions->errorHandler()
#1 /medata/webapps/mynrc/system/Session/Handlers/BaseHandler.php(162): ini_set()
#2 /medata/webapps/mynrc/system/Session/Handlers/DatabaseHandler.php(274): CodeIgniter\Session\Handlers\BaseHandler->fail()
#3 /medata/webapps/mynrc/system/Session/Handlers/DatabaseHandler.php(111): CodeIgniter\Session\Handlers\DatabaseHandler->lockSession()
#4 [internal function]: CodeIgniter\Session\Handlers\DatabaseHandler->read()
#5 /medata/webapps/mynrc/system/Session/Session.php(894): session_start()
#6 /medata/webapps/mynrc/system/Session/Session.php(238): CodeIgniter\Session\Session->startSession()
#7 /medata/webapps/mynrc/system/Config/Services.php(577): CodeIgniter\Session\Session->start()
#8 /medata/webapps/mynrc/system/Config/BaseService.php(248): CodeIgniter\Config\Services::session()
#9 /medata/webapps/mynrc/system/Config/BaseService.php(189): CodeIgniter\Config\BaseService::__callStatic()
#10 /medata/webapps/mynrc/system/Config/Services.php(563): CodeIgniter\Config\BaseService::getSharedInstance()
#11 /medata/webapps/mynrc/system/Config/BaseService.php(248): CodeIgniter\Config\Services::session()
#12 /medata/webapps/mynrc/system/Common.php(901): CodeIgniter\Config\BaseService::__callStatic()
#13 /medata/webapps/mynrc/app/Filters/Myauthuser.php(11): session()
#14 /medata/webapps/mynrc/system/Filters/Filters.php(173): App\Filters\Myauthuser->before()
#15 /medata/webapps/mynrc/system/CodeIgniter.php(393): CodeIgniter\Filters\Filters->run()
#16 /medata/webapps/mynrc/system/CodeIgniter.php(326): CodeIgniter\CodeIgniter->handleRequest()
#17 /medata/webapps/mynrc/public/index.php(37): CodeIgniter\CodeIgniter->run()
#18 {main}
CRITICAL - 2022-05-17 17:36:58 --> ini_set(): Session ini settings cannot be changed when a session is active
#0 [internal function]: CodeIgniter\Debug\Exceptions->errorHandler()
#1 /medata/webapps/mynrc/system/Session/Handlers/BaseHandler.php(162): ini_set()
#2 /medata/webapps/mynrc/system/Session/Handlers/DatabaseHandler.php(274): CodeIgniter\Session\Handlers\BaseHandler->fail()
#3 /medata/webapps/mynrc/system/Session/Handlers/DatabaseHandler.php(111): CodeIgniter\Session\Handlers\DatabaseHandler->lockSession()
#4 [internal function]: CodeIgniter\Session\Handlers\DatabaseHandler->read()
#5 /medata/webapps/mynrc/system/Session/Session.php(894): session_start()
#6 /medata/webapps/mynrc/system/Session/Session.php(238): CodeIgniter\Session\Session->startSession()
#7 /medata/webapps/mynrc/system/Config/Services.php(577): CodeIgniter\Session\Session->start()
#8 /medata/webapps/mynrc/system/Config/BaseService.php(248): CodeIgniter\Config\Services::session()
#9 /medata/webapps/mynrc/system/Config/BaseService.php(189): CodeIgniter\Config\BaseService::__callStatic()
#10 /medata/webapps/mynrc/system/Config/Services.php(563): CodeIgniter\Config\BaseService::getSharedInstance()
#11 /medata/webapps/mynrc/system/Config/BaseService.php(248): CodeIgniter\Config\Services::session()
#12 /medata/webapps/mynrc/system/Common.php(901): CodeIgniter\Config\BaseService::__callStatic()
#13 /medata/webapps/mynrc/app/Filters/Myauthuser.php(11): session()
#14 /medata/webapps/mynrc/system/Filters/Filters.php(173): App\Filters\Myauthuser->before()
#15 /medata/webapps/mynrc/system/CodeIgniter.php(393): CodeIgniter\Filters\Filters->run()
#16 /medata/webapps/mynrc/system/CodeIgniter.php(326): CodeIgniter\CodeIgniter->handleRequest()
#17 /medata/webapps/mynrc/public/index.php(37): CodeIgniter\CodeIgniter->run()
#18 {main}
CRITICAL - 2022-05-17 17:36:58 --> ini_set(): Session ini settings cannot be changed when a session is active
#0 [internal function]: CodeIgniter\Debug\Exceptions->errorHandler()
#1 /medata/webapps/mynrc/system/Session/Handlers/BaseHandler.php(162): ini_set()
#2 /medata/webapps/mynrc/system/Session/Handlers/DatabaseHandler.php(274): CodeIgniter\Session\Handlers\BaseHandler->fail()
#3 /medata/webapps/mynrc/system/Session/Handlers/DatabaseHandler.php(111): CodeIgniter\Session\Handlers\DatabaseHandler->lockSession()
#4 [internal function]: CodeIgniter\Session\Handlers\DatabaseHandler->read()
#5 /medata/webapps/mynrc/system/Session/Session.php(894): session_start()
#6 /medata/webapps/mynrc/system/Session/Session.php(238): CodeIgniter\Session\Session->startSession()
#7 /medata/webapps/mynrc/system/Config/Services.php(577): CodeIgniter\Session\Session->start()
#8 /medata/webapps/mynrc/system/Config/BaseService.php(248): CodeIgniter\Config\Services::session()
#9 /medata/webapps/mynrc/system/Config/BaseService.php(189): CodeIgniter\Config\BaseService::__callStatic()
#10 /medata/webapps/mynrc/system/Config/Services.php(563): CodeIgniter\Config\BaseService::getSharedInstance()
#11 /medata/webapps/mynrc/system/Config/BaseService.php(248): CodeIgniter\Config\Services::session()
#12 /medata/webapps/mynrc/system/Common.php(901): CodeIgniter\Config\BaseService::__callStatic()
#13 /medata/webapps/mynrc/app/Views/login/mylogin.php(52): session()
#14 /medata/webapps/mynrc/system/View/View.php(210): include('...')
#15 /medata/webapps/mynrc/system/View/View.php(213): CodeIgniter\View\View->CodeIgniter\View\{closure}()
#16 /medata/webapps/mynrc/system/Common.php(1089): CodeIgniter\View\View->render()
#17 /medata/webapps/mynrc/app/Controllers/Mylogin.php(9): view()
#18 /medata/webapps/mynrc/system/CodeIgniter.php(832): App\Controllers\Mylogin->index()
#19 /medata/webapps/mynrc/system/CodeIgniter.php(419): CodeIgniter\CodeIgniter->runController()
#20 /medata/webapps/mynrc/system/CodeIgniter.php(326): CodeIgniter\CodeIgniter->handleRequest()
#21 /medata/webapps/mynrc/public/index.php(37): CodeIgniter\CodeIgniter->run()
#22 {main}
CRITICAL - 2022-05-17 17:36:58 --> ini_set(): Session ini settings cannot be changed when a session is active
#0 [internal function]: CodeIgniter\Debug\Exceptions->errorHandler()
#1 /medata/webapps/mynrc/system/Session/Handlers/BaseHandler.php(162): ini_set()
#2 /medata/webapps/mynrc/system/Session/Handlers/DatabaseHandler.php(274): CodeIgniter\Session\Handlers\BaseHandler->fail()
#3 /medata/webapps/mynrc/system/Session/Handlers/DatabaseHandler.php(111): CodeIgniter\Session\Handlers\DatabaseHandler->lockSession()
#4 [internal function]: CodeIgniter\Session\Handlers\DatabaseHandler->read()
#5 /medata/webapps/mynrc/system/Session/Session.php(894): session_start()
#6 /medata/webapps/mynrc/system/Session/Session.php(238): CodeIgniter\Session\Session->startSession()
#7 /medata/webapps/mynrc/system/Config/Services.php(577): CodeIgniter\Session\Session->start()
#8 /medata/webapps/mynrc/system/Config/BaseService.php(248): CodeIgniter\Config\Services::session()
#9 /medata/webapps/mynrc/system/Config/BaseService.php(189): CodeIgniter\Config\BaseService::__callStatic()
#10 /medata/webapps/mynrc/system/Config/Services.php(563): CodeIgniter\Config\BaseService::getSharedInstance()
#11 /medata/webapps/mynrc/system/Config/BaseService.php(248): CodeIgniter\Config\Services::session()
#12 /medata/webapps/mynrc/system/Common.php(901): CodeIgniter\Config\BaseService::__callStatic()
#13 /medata/webapps/mynrc/app/Filters/Myauthuser.php(11): session()
#14 /medata/webapps/mynrc/system/Filters/Filters.php(173): App\Filters\Myauthuser->before()
#15 /medata/webapps/mynrc/system/CodeIgniter.php(393): CodeIgniter\Filters\Filters->run()
#16 /medata/webapps/mynrc/system/CodeIgniter.php(326): CodeIgniter\CodeIgniter->handleRequest()
#17 /medata/webapps/mynrc/public/index.php(37): CodeIgniter\CodeIgniter->run()
#18 {main}
CRITICAL - 2022-05-17 17:36:59 --> ini_set(): Session ini settings cannot be changed when a session is active
#0 [internal function]: CodeIgniter\Debug\Exceptions->errorHandler()
#1 /medata/webapps/mynrc/system/Session/Handlers/BaseHandler.php(162): ini_set()
#2 /medata/webapps/mynrc/system/Session/Handlers/DatabaseHandler.php(274): CodeIgniter\Session\Handlers\BaseHandler->fail()
#3 /medata/webapps/mynrc/system/Session/Handlers/DatabaseHandler.php(111): CodeIgniter\Session\Handlers\DatabaseHandler->lockSession()
#4 [internal function]: CodeIgniter\Session\Handlers\DatabaseHandler->read()
#5 /medata/webapps/mynrc/system/Session/Session.php(894): session_start()
#6 /medata/webapps/mynrc/system/Session/Session.php(238): CodeIgniter\Session\Session->startSession()
#7 /medata/webapps/mynrc/system/Config/Services.php(577): CodeIgniter\Session\Session->start()
#8 /medata/webapps/mynrc/system/Config/BaseService.php(248): CodeIgniter\Config\Services::session()
#9 /medata/webapps/mynrc/system/Config/BaseService.php(189): CodeIgniter\Config\BaseService::__callStatic()
#10 /medata/webapps/mynrc/system/Config/Services.php(563): CodeIgniter\Config\BaseService::getSharedInstance()
#11 /medata/webapps/mynrc/system/Config/BaseService.php(248): CodeIgniter\Config\Services::session()
#12 /medata/webapps/mynrc/system/Common.php(901): CodeIgniter\Config\BaseService::__callStatic()
#13 /medata/webapps/mynrc/app/Filters/Myauthuser.php(11): session()
#14 /medata/webapps/mynrc/system/Filters/Filters.php(173): App\Filters\Myauthuser->before()
#15 /medata/webapps/mynrc/system/CodeIgniter.php(393): CodeIgniter\Filters\Filters->run()
#16 /medata/webapps/mynrc/system/CodeIgniter.php(326): CodeIgniter\CodeIgniter->handleRequest()
#17 /medata/webapps/mynrc/public/index.php(37): CodeIgniter\CodeIgniter->run()
#18 {main}
CRITICAL - 2022-05-17 17:36:59 --> ini_set(): Session ini settings cannot be changed when a session is active
#0 [internal function]: CodeIgniter\Debug\Exceptions->errorHandler()
#1 /medata/webapps/mynrc/system/Session/Handlers/BaseHandler.php(162): ini_set()
#2 /medata/webapps/mynrc/system/Session/Handlers/DatabaseHandler.php(274): CodeIgniter\Session\Handlers\BaseHandler->fail()
#3 /medata/webapps/mynrc/system/Session/Handlers/DatabaseHandler.php(111): CodeIgniter\Session\Handlers\DatabaseHandler->lockSession()
#4 [internal function]: CodeIgniter\Session\Handlers\DatabaseHandler->read()
#5 /medata/webapps/mynrc/system/Session/Session.php(894): session_start()
#6 /medata/webapps/mynrc/system/Session/Session.php(238): CodeIgniter\Session\Session->startSession()
#7 /medata/webapps/mynrc/system/Config/Services.php(577): CodeIgniter\Session\Session->start()
#8 /medata/webapps/mynrc/system/Config/BaseService.php(248): CodeIgniter\Config\Services::session()
#9 /medata/webapps/mynrc/system/Config/BaseService.php(189): CodeIgniter\Config\BaseService::__callStatic()
#10 /medata/webapps/mynrc/system/Config/Services.php(563): CodeIgniter\Config\BaseService::getSharedInstance()
#11 /medata/webapps/mynrc/system/Config/BaseService.php(248): CodeIgniter\Config\Services::session()
#12 /medata/webapps/mynrc/system/Common.php(901): CodeIgniter\Config\BaseService::__callStatic()
#13 /medata/webapps/mynrc/app/Filters/Myauthuser.php(11): session()
#14 /medata/webapps/mynrc/system/Filters/Filters.php(173): App\Filters\Myauthuser->before()
#15 /medata/webapps/mynrc/system/CodeIgniter.php(393): CodeIgniter\Filters\Filters->run()
#16 /medata/webapps/mynrc/system/CodeIgniter.php(326): CodeIgniter\CodeIgniter->handleRequest()
#17 /medata/webapps/mynrc/public/index.php(37): CodeIgniter\CodeIgniter->run()
#18 {main}
CRITICAL - 2022-05-17 17:36:59 --> ini_set(): Session ini settings cannot be changed when a session is active
#0 [internal function]: CodeIgniter\Debug\Exceptions->errorHandler()
#1 /medata/webapps/mynrc/system/Session/Handlers/BaseHandler.php(162): ini_set()
#2 /medata/webapps/mynrc/system/Session/Handlers/DatabaseHandler.php(274): CodeIgniter\Session\Handlers\BaseHandler->fail()
#3 /medata/webapps/mynrc/system/Session/Handlers/DatabaseHandler.php(111): CodeIgniter\Session\Handlers\DatabaseHandler->lockSession()
#4 [internal function]: CodeIgniter\Session\Handlers\DatabaseHandler->read()
#5 /medata/webapps/mynrc/system/Session/Session.php(894): session_start()
#6 /medata/webapps/mynrc/system/Session/Session.php(238): CodeIgniter\Session\Session->startSession()
#7 /medata/webapps/mynrc/system/Config/Services.php(577): CodeIgniter\Session\Session->start()
#8 /medata/webapps/mynrc/system/Config/BaseService.php(248): CodeIgniter\Config\Services::session()
#9 /medata/webapps/mynrc/system/Config/BaseService.php(189): CodeIgniter\Config\BaseService::__callStatic()
#10 /medata/webapps/mynrc/system/Config/Services.php(563): CodeIgniter\Config\BaseService::getSharedInstance()
#11 /medata/webapps/mynrc/system/Config/BaseService.php(248): CodeIgniter\Config\Services::session()
#12 /medata/webapps/mynrc/system/Common.php(901): CodeIgniter\Config\BaseService::__callStatic()
#13 /medata/webapps/mynrc/app/Filters/Myauthuser.php(11): session()
#14 /medata/webapps/mynrc/system/Filters/Filters.php(173): App\Filters\Myauthuser->before()
#15 /medata/webapps/mynrc/system/CodeIgniter.php(393): CodeIgniter\Filters\Filters->run()
#16 /medata/webapps/mynrc/system/CodeIgniter.php(326): CodeIgniter\CodeIgniter->handleRequest()
#17 /medata/webapps/mynrc/public/index.php(37): CodeIgniter\CodeIgniter->run()
#18 {main}
CRITICAL - 2022-05-17 17:36:59 --> ini_set(): Session ini settings cannot be changed when a session is active
#0 [internal function]: CodeIgniter\Debug\Exceptions->errorHandler()
#1 /medata/webapps/mynrc/system/Session/Handlers/BaseHandler.php(162): ini_set()
#2 /medata/webapps/mynrc/system/Session/Handlers/DatabaseHandler.php(274): CodeIgniter\Session\Handlers\BaseHandler->fail()
#3 /medata/webapps/mynrc/system/Session/Handlers/DatabaseHandler.php(111): CodeIgniter\Session\Handlers\DatabaseHandler->lockSession()
#4 [internal function]: CodeIgniter\Session\Handlers\DatabaseHandler->read()
#5 /medata/webapps/mynrc/system/Session/Session.php(894): session_start()
#6 /medata/webapps/mynrc/system/Session/Session.php(238): CodeIgniter\Session\Session->startSession()
#7 /medata/webapps/mynrc/system/Config/Services.php(577): CodeIgniter\Session\Session->start()
#8 /medata/webapps/mynrc/system/Config/BaseService.php(248): CodeIgniter\Config\Services::session()
#9 /medata/webapps/mynrc/system/Config/BaseService.php(189): CodeIgniter\Config\BaseService::__callStatic()
#10 /medata/webapps/mynrc/system/Config/Services.php(563): CodeIgniter\Config\BaseService::getSharedInstance()
#11 /medata/webapps/mynrc/system/Config/BaseService.php(248): CodeIgniter\Config\Services::session()
#12 /medata/webapps/mynrc/system/Common.php(901): CodeIgniter\Config\BaseService::__callStatic()
#13 /medata/webapps/mynrc/app/Filters/Myauthuser.php(11): session()
#14 /medata/webapps/mynrc/system/Filters/Filters.php(173): App\Filters\Myauthuser->before()
#15 /medata/webapps/mynrc/system/CodeIgniter.php(393): CodeIgniter\Filters\Filters->run()
#16 /medata/webapps/mynrc/system/CodeIgniter.php(326): CodeIgniter\CodeIgniter->handleRequest()
#17 /medata/webapps/mynrc/public/index.php(37): CodeIgniter\CodeIgniter->run()
#18 {main}
CRITICAL - 2022-05-17 17:37:00 --> ini_set(): Session ini settings cannot be changed when a session is active
#0 [internal function]: CodeIgniter\Debug\Exceptions->errorHandler()
#1 /medata/webapps/mynrc/system/Session/Handlers/BaseHandler.php(162): ini_set()
#2 /medata/webapps/mynrc/system/Session/Handlers/DatabaseHandler.php(274): CodeIgniter\Session\Handlers\BaseHandler->fail()
#3 /medata/webapps/mynrc/system/Session/Handlers/DatabaseHandler.php(111): CodeIgniter\Session\Handlers\DatabaseHandler->lockSession()
#4 [internal function]: CodeIgniter\Session\Handlers\DatabaseHandler->read()
#5 /medata/webapps/mynrc/system/Session/Session.php(894): session_start()
#6 /medata/webapps/mynrc/system/Session/Session.php(238): CodeIgniter\Session\Session->startSession()
#7 /medata/webapps/mynrc/system/Config/Services.php(577): CodeIgniter\Session\Session->start()
#8 /medata/webapps/mynrc/system/Config/BaseService.php(248): CodeIgniter\Config\Services::session()
#9 /medata/webapps/mynrc/system/Config/BaseService.php(189): CodeIgniter\Config\BaseService::__callStatic()
#10 /medata/webapps/mynrc/system/Config/Services.php(563): CodeIgniter\Config\BaseService::getSharedInstance()
#11 /medata/webapps/mynrc/system/Config/BaseService.php(248): CodeIgniter\Config\Services::session()
#12 /medata/webapps/mynrc/system/Common.php(901): CodeIgniter\Config\BaseService::__callStatic()
#13 /medata/webapps/mynrc/app/Filters/Myauthuser.php(11): session()
#14 /medata/webapps/mynrc/system/Filters/Filters.php(173): App\Filters\Myauthuser->before()
#15 /medata/webapps/mynrc/system/CodeIgniter.php(393): CodeIgniter\Filters\Filters->run()
#16 /medata/webapps/mynrc/system/CodeIgniter.php(326): CodeIgniter\CodeIgniter->handleRequest()
#17 /medata/webapps/mynrc/public/index.php(37): CodeIgniter\CodeIgniter->run()
#18 {main}
CRITICAL - 2022-05-17 17:37:00 --> ini_set(): Session ini settings cannot be changed when a session is active
#0 [internal function]: CodeIgniter\Debug\Exceptions->errorHandler()
#1 /medata/webapps/mynrc/system/Session/Handlers/BaseHandler.php(162): ini_set()
#2 /medata/webapps/mynrc/system/Session/Handlers/DatabaseHandler.php(274): CodeIgniter\Session\Handlers\BaseHandler->fail()
#3 /medata/webapps/mynrc/system/Session/Handlers/DatabaseHandler.php(111): CodeIgniter\Session\Handlers\DatabaseHandler->lockSession()
#4 [internal function]: CodeIgniter\Session\Handlers\DatabaseHandler->read()
#5 /medata/webapps/mynrc/system/Session/Session.php(894): session_start()
#6 /medata/webapps/mynrc/system/Session/Session.php(238): CodeIgniter\Session\Session->startSession()
#7 /medata/webapps/mynrc/system/Config/Services.php(577): CodeIgniter\Session\Session->start()
#8 /medata/webapps/mynrc/system/Config/BaseService.php(248): CodeIgniter\Config\Services::session()
#9 /medata/webapps/mynrc/system/Config/BaseService.php(189): CodeIgniter\Config\BaseService::__callStatic()
#10 /medata/webapps/mynrc/system/Config/Services.php(563): CodeIgniter\Config\BaseService::getSharedInstance()
#11 /medata/webapps/mynrc/system/Config/BaseService.php(248): CodeIgniter\Config\Services::session()
#12 /medata/webapps/mynrc/system/Common.php(901): CodeIgniter\Config\BaseService::__callStatic()
#13 /medata/webapps/mynrc/app/Filters/Myauthuser.php(11): session()
#14 /medata/webapps/mynrc/system/Filters/Filters.php(173): App\Filters\Myauthuser->before()
#15 /medata/webapps/mynrc/system/CodeIgniter.php(393): CodeIgniter\Filters\Filters->run()
#16 /medata/webapps/mynrc/system/CodeIgniter.php(326): CodeIgniter\CodeIgniter->handleRequest()
#17 /medata/webapps/mynrc/public/index.php(37): CodeIgniter\CodeIgniter->run()
#18 {main}
CRITICAL - 2022-05-17 17:39:18 --> ini_set(): Session ini settings cannot be changed when a session is active
#0 [internal function]: CodeIgniter\Debug\Exceptions->errorHandler()
#1 /medata/webapps/mynrc/system/Session/Handlers/BaseHandler.php(162): ini_set()
#2 /medata/webapps/mynrc/system/Session/Handlers/DatabaseHandler.php(274): CodeIgniter\Session\Handlers\BaseHandler->fail()
#3 /medata/webapps/mynrc/system/Session/Handlers/DatabaseHandler.php(111): CodeIgniter\Session\Handlers\DatabaseHandler->lockSession()
#4 [internal function]: CodeIgniter\Session\Handlers\DatabaseHandler->read()
#5 /medata/webapps/mynrc/system/Session/Session.php(894): session_start()
#6 /medata/webapps/mynrc/system/Session/Session.php(238): CodeIgniter\Session\Session->startSession()
#7 /medata/webapps/mynrc/system/Config/Services.php(577): CodeIgniter\Session\Session->start()
#8 /medata/webapps/mynrc/system/Config/BaseService.php(248): CodeIgniter\Config\Services::session()
#9 /medata/webapps/mynrc/system/Config/BaseService.php(189): CodeIgniter\Config\BaseService::__callStatic()
#10 /medata/webapps/mynrc/system/Config/Services.php(563): CodeIgniter\Config\BaseService::getSharedInstance()
#11 /medata/webapps/mynrc/system/Config/BaseService.php(248): CodeIgniter\Config\Services::session()
#12 /medata/webapps/mynrc/system/Common.php(901): CodeIgniter\Config\BaseService::__callStatic()
#13 /medata/webapps/mynrc/app/Filters/Myauthuser.php(11): session()
#14 /medata/webapps/mynrc/system/Filters/Filters.php(173): App\Filters\Myauthuser->before()
#15 /medata/webapps/mynrc/system/CodeIgniter.php(393): CodeIgniter\Filters\Filters->run()
#16 /medata/webapps/mynrc/system/CodeIgniter.php(326): CodeIgniter\CodeIgniter->handleRequest()
#17 /medata/webapps/mynrc/public/index.php(37): CodeIgniter\CodeIgniter->run()
#18 {main}
CRITICAL - 2022-05-17 17:49:07 --> ini_set(): Session ini settings cannot be changed when a session is active
#0 [internal function]: CodeIgniter\Debug\Exceptions->errorHandler()
#1 /medata/webapps/mynrc/system/Session/Handlers/BaseHandler.php(162): ini_set()
#2 /medata/webapps/mynrc/system/Session/Handlers/DatabaseHandler.php(274): CodeIgniter\Session\Handlers\BaseHandler->fail()
#3 /medata/webapps/mynrc/system/Session/Handlers/DatabaseHandler.php(111): CodeIgniter\Session\Handlers\DatabaseHandler->lockSession()
#4 [internal function]: CodeIgniter\Session\Handlers\DatabaseHandler->read()
#5 /medata/webapps/mynrc/system/Session/Session.php(894): session_start()
#6 /medata/webapps/mynrc/system/Session/Session.php(238): CodeIgniter\Session\Session->startSession()
#7 /medata/webapps/mynrc/system/Config/Services.php(577): CodeIgniter\Session\Session->start()
#8 /medata/webapps/mynrc/system/Config/BaseService.php(248): CodeIgniter\Config\Services::session()
#9 /medata/webapps/mynrc/system/Config/BaseService.php(189): CodeIgniter\Config\BaseService::__callStatic()
#10 /medata/webapps/mynrc/system/Config/Services.php(563): CodeIgniter\Config\BaseService::getSharedInstance()
#11 /medata/webapps/mynrc/system/Config/BaseService.php(248): CodeIgniter\Config\Services::session()
#12 /medata/webapps/mynrc/system/Common.php(901): CodeIgniter\Config\BaseService::__callStatic()
#13 /medata/webapps/mynrc/app/Filters/Myauthuser.php(11): session()
#14 /medata/webapps/mynrc/system/Filters/Filters.php(173): App\Filters\Myauthuser->before()
#15 /medata/webapps/mynrc/system/CodeIgniter.php(393): CodeIgniter\Filters\Filters->run()
#16 /medata/webapps/mynrc/system/CodeIgniter.php(326): CodeIgniter\CodeIgniter->handleRequest()
#17 /medata/webapps/mynrc/public/index.php(37): CodeIgniter\CodeIgniter->run()
#18 {main}
CRITICAL - 2022-05-17 17:58:54 --> ini_set(): Session ini settings cannot be changed when a session is active
#0 [internal function]: CodeIgniter\Debug\Exceptions->errorHandler()
#1 /medata/webapps/mynrc/system/Session/Handlers/BaseHandler.php(162): ini_set()
#2 /medata/webapps/mynrc/system/Session/Handlers/DatabaseHandler.php(274): CodeIgniter\Session\Handlers\BaseHandler->fail()
#3 /medata/webapps/mynrc/system/Session/Handlers/DatabaseHandler.php(111): CodeIgniter\Session\Handlers\DatabaseHandler->lockSession()
#4 [internal function]: CodeIgniter\Session\Handlers\DatabaseHandler->read()
#5 /medata/webapps/mynrc/system/Session/Session.php(894): session_start()
#6 /medata/webapps/mynrc/system/Session/Session.php(238): CodeIgniter\Session\Session->startSession()
#7 /medata/webapps/mynrc/system/Config/Services.php(577): CodeIgniter\Session\Session->start()
#8 /medata/webapps/mynrc/system/Config/BaseService.php(248): CodeIgniter\Config\Services::session()
#9 /medata/webapps/mynrc/system/Config/BaseService.php(189): CodeIgniter\Config\BaseService::__callStatic()
#10 /medata/webapps/mynrc/system/Config/Services.php(563): CodeIgniter\Config\BaseService::getSharedInstance()
#11 /medata/webapps/mynrc/system/Config/BaseService.php(248): CodeIgniter\Config\Services::session()
#12 /medata/webapps/mynrc/system/Common.php(901): CodeIgniter\Config\BaseService::__callStatic()
#13 /medata/webapps/mynrc/app/Filters/Myauthuser.php(11): session()
#14 /medata/webapps/mynrc/system/Filters/Filters.php(173): App\Filters\Myauthuser->before()
#15 /medata/webapps/mynrc/system/CodeIgniter.php(393): CodeIgniter\Filters\Filters->run()
#16 /medata/webapps/mynrc/system/CodeIgniter.php(326): CodeIgniter\CodeIgniter->handleRequest()
#17 /medata/webapps/mynrc/public/index.php(37): CodeIgniter\CodeIgniter->run()
#18 {main}
CRITICAL - 2022-05-17 18:17:16 --> ini_set(): Session ini settings cannot be changed when a session is active
#0 [internal function]: CodeIgniter\Debug\Exceptions->errorHandler()
#1 /medata/webapps/mynrc/system/Session/Handlers/BaseHandler.php(162): ini_set()
#2 /medata/webapps/mynrc/system/Session/Handlers/DatabaseHandler.php(274): CodeIgniter\Session\Handlers\BaseHandler->fail()
#3 /medata/webapps/mynrc/system/Session/Handlers/DatabaseHandler.php(111): CodeIgniter\Session\Handlers\DatabaseHandler->lockSession()
#4 [internal function]: CodeIgniter\Session\Handlers\DatabaseHandler->read()
#5 /medata/webapps/mynrc/system/Session/Session.php(894): session_start()
#6 /medata/webapps/mynrc/system/Session/Session.php(238): CodeIgniter\Session\Session->startSession()
#7 /medata/webapps/mynrc/system/Config/Services.php(577): CodeIgniter\Session\Session->start()
#8 /medata/webapps/mynrc/system/Config/BaseService.php(248): CodeIgniter\Config\Services::session()
#9 /medata/webapps/mynrc/system/Config/BaseService.php(189): CodeIgniter\Config\BaseService::__callStatic()
#10 /medata/webapps/mynrc/system/Config/Services.php(563): CodeIgniter\Config\BaseService::getSharedInstance()
#11 /medata/webapps/mynrc/system/Config/BaseService.php(248): CodeIgniter\Config\Services::session()
#12 /medata/webapps/mynrc/system/Common.php(901): CodeIgniter\Config\BaseService::__callStatic()
#13 /medata/webapps/mynrc/app/Filters/Myauthuser.php(11): session()
#14 /medata/webapps/mynrc/system/Filters/Filters.php(173): App\Filters\Myauthuser->before()
#15 /medata/webapps/mynrc/system/CodeIgniter.php(393): CodeIgniter\Filters\Filters->run()
#16 /medata/webapps/mynrc/system/CodeIgniter.php(326): CodeIgniter\CodeIgniter->handleRequest()
#17 /medata/webapps/mynrc/public/index.php(37): CodeIgniter\CodeIgniter->run()
#18 {main}
CRITICAL - 2022-05-17 18:17:21 --> ini_set(): Session ini settings cannot be changed when a session is active
#0 [internal function]: CodeIgniter\Debug\Exceptions->errorHandler()
#1 /medata/webapps/mynrc/system/Session/Handlers/BaseHandler.php(162): ini_set()
#2 /medata/webapps/mynrc/system/Session/Handlers/DatabaseHandler.php(274): CodeIgniter\Session\Handlers\BaseHandler->fail()
#3 /medata/webapps/mynrc/system/Session/Handlers/DatabaseHandler.php(111): CodeIgniter\Session\Handlers\DatabaseHandler->lockSession()
#4 [internal function]: CodeIgniter\Session\Handlers\DatabaseHandler->read()
#5 /medata/webapps/mynrc/system/Session/Session.php(894): session_start()
#6 /medata/webapps/mynrc/system/Session/Session.php(238): CodeIgniter\Session\Session->startSession()
#7 /medata/webapps/mynrc/system/Config/Services.php(577): CodeIgniter\Session\Session->start()
#8 /medata/webapps/mynrc/system/Config/BaseService.php(248): CodeIgniter\Config\Services::session()
#9 /medata/webapps/mynrc/system/Config/BaseService.php(189): CodeIgniter\Config\BaseService::__callStatic()
#10 /medata/webapps/mynrc/system/Config/Services.php(563): CodeIgniter\Config\BaseService::getSharedInstance()
#11 /medata/webapps/mynrc/system/Config/BaseService.php(248): CodeIgniter\Config\Services::session()
#12 /medata/webapps/mynrc/system/Common.php(901): CodeIgniter\Config\BaseService::__callStatic()
#13 /medata/webapps/mynrc/app/Views/login/mylogin.php(52): session()
#14 /medata/webapps/mynrc/system/View/View.php(210): include('...')
#15 /medata/webapps/mynrc/system/View/View.php(213): CodeIgniter\View\View->CodeIgniter\View\{closure}()
#16 /medata/webapps/mynrc/system/Common.php(1089): CodeIgniter\View\View->render()
#17 /medata/webapps/mynrc/app/Controllers/Mylogin.php(9): view()
#18 /medata/webapps/mynrc/system/CodeIgniter.php(832): App\Controllers\Mylogin->index()
#19 /medata/webapps/mynrc/system/CodeIgniter.php(419): CodeIgniter\CodeIgniter->runController()
#20 /medata/webapps/mynrc/system/CodeIgniter.php(326): CodeIgniter\CodeIgniter->handleRequest()
#21 /medata/webapps/mynrc/public/index.php(37): CodeIgniter\CodeIgniter->run()
#22 {main}
CRITICAL - 2022-05-17 18:17:28 --> ini_set(): Session ini settings cannot be changed when a session is active
#0 [internal function]: CodeIgniter\Debug\Exceptions->errorHandler()
#1 /medata/webapps/mynrc/system/Session/Handlers/BaseHandler.php(162): ini_set()
#2 /medata/webapps/mynrc/system/Session/Handlers/DatabaseHandler.php(274): CodeIgniter\Session\Handlers\BaseHandler->fail()
#3 /medata/webapps/mynrc/system/Session/Handlers/DatabaseHandler.php(111): CodeIgniter\Session\Handlers\DatabaseHandler->lockSession()
#4 [internal function]: CodeIgniter\Session\Handlers\DatabaseHandler->read()
#5 /medata/webapps/mynrc/system/Session/Session.php(894): session_start()
#6 /medata/webapps/mynrc/system/Session/Session.php(238): CodeIgniter\Session\Session->startSession()
#7 /medata/webapps/mynrc/system/Config/Services.php(577): CodeIgniter\Session\Session->start()
#8 /medata/webapps/mynrc/system/Config/BaseService.php(248): CodeIgniter\Config\Services::session()
#9 /medata/webapps/mynrc/system/Config/BaseService.php(189): CodeIgniter\Config\BaseService::__callStatic()
#10 /medata/webapps/mynrc/system/Config/Services.php(563): CodeIgniter\Config\BaseService::getSharedInstance()
#11 /medata/webapps/mynrc/system/Config/BaseService.php(248): CodeIgniter\Config\Services::session()
#12 /medata/webapps/mynrc/system/Common.php(901): CodeIgniter\Config\BaseService::__callStatic()
#13 /medata/webapps/mynrc/app/Controllers/Mylogin.php(15): session()
#14 /medata/webapps/mynrc/system/CodeIgniter.php(832): App\Controllers\Mylogin->auth()
#15 /medata/webapps/mynrc/system/CodeIgniter.php(419): CodeIgniter\CodeIgniter->runController()
#16 /medata/webapps/mynrc/system/CodeIgniter.php(326): CodeIgniter\CodeIgniter->handleRequest()
#17 /medata/webapps/mynrc/public/index.php(37): CodeIgniter\CodeIgniter->run()
#18 {main}
CRITICAL - 2022-05-17 18:19:57 --> ini_set(): Session ini settings cannot be changed when a session is active
#0 [internal function]: CodeIgniter\Debug\Exceptions->errorHandler()
#1 /medata/webapps/mynrc/system/Session/Handlers/BaseHandler.php(162): ini_set()
#2 /medata/webapps/mynrc/system/Session/Handlers/DatabaseHandler.php(274): CodeIgniter\Session\Handlers\BaseHandler->fail()
#3 /medata/webapps/mynrc/system/Session/Handlers/DatabaseHandler.php(111): CodeIgniter\Session\Handlers\DatabaseHandler->lockSession()
#4 [internal function]: CodeIgniter\Session\Handlers\DatabaseHandler->read()
#5 /medata/webapps/mynrc/system/Session/Session.php(894): session_start()
#6 /medata/webapps/mynrc/system/Session/Session.php(238): CodeIgniter\Session\Session->startSession()
#7 /medata/webapps/mynrc/system/Config/Services.php(577): CodeIgniter\Session\Session->start()
#8 /medata/webapps/mynrc/system/Config/BaseService.php(248): CodeIgniter\Config\Services::session()
#9 /medata/webapps/mynrc/system/Config/BaseService.php(189): CodeIgniter\Config\BaseService::__callStatic()
#10 /medata/webapps/mynrc/system/Config/Services.php(563): CodeIgniter\Config\BaseService::getSharedInstance()
#11 /medata/webapps/mynrc/system/Config/BaseService.php(248): CodeIgniter\Config\Services::session()
#12 /medata/webapps/mynrc/system/Common.php(901): CodeIgniter\Config\BaseService::__callStatic()
#13 /medata/webapps/mynrc/app/Filters/Myauthuser.php(11): session()
#14 /medata/webapps/mynrc/system/Filters/Filters.php(173): App\Filters\Myauthuser->before()
#15 /medata/webapps/mynrc/system/CodeIgniter.php(393): CodeIgniter\Filters\Filters->run()
#16 /medata/webapps/mynrc/system/CodeIgniter.php(326): CodeIgniter\CodeIgniter->handleRequest()
#17 /medata/webapps/mynrc/public/index.php(37): CodeIgniter\CodeIgniter->run()
#18 {main}
CRITICAL - 2022-05-17 18:20:34 --> ini_set(): Session ini settings cannot be changed when a session is active
#0 [internal function]: CodeIgniter\Debug\Exceptions->errorHandler()
#1 /medata/webapps/mynrc/system/Session/Handlers/BaseHandler.php(162): ini_set()
#2 /medata/webapps/mynrc/system/Session/Handlers/DatabaseHandler.php(274): CodeIgniter\Session\Handlers\BaseHandler->fail()
#3 /medata/webapps/mynrc/system/Session/Handlers/DatabaseHandler.php(111): CodeIgniter\Session\Handlers\DatabaseHandler->lockSession()
#4 [internal function]: CodeIgniter\Session\Handlers\DatabaseHandler->read()
#5 /medata/webapps/mynrc/system/Session/Session.php(894): session_start()
#6 /medata/webapps/mynrc/system/Session/Session.php(238): CodeIgniter\Session\Session->startSession()
#7 /medata/webapps/mynrc/system/Config/Services.php(577): CodeIgniter\Session\Session->start()
#8 /medata/webapps/mynrc/system/Config/BaseService.php(248): CodeIgniter\Config\Services::session()
#9 /medata/webapps/mynrc/system/Config/BaseService.php(189): CodeIgniter\Config\BaseService::__callStatic()
#10 /medata/webapps/mynrc/system/Config/Services.php(563): CodeIgniter\Config\BaseService::getSharedInstance()
#11 /medata/webapps/mynrc/system/Config/BaseService.php(248): CodeIgniter\Config\Services::session()
#12 /medata/webapps/mynrc/system/Common.php(901): CodeIgniter\Config\BaseService::__callStatic()
#13 /medata/webapps/mynrc/app/Filters/Myauthuser.php(11): session()
#14 /medata/webapps/mynrc/system/Filters/Filters.php(173): App\Filters\Myauthuser->before()
#15 /medata/webapps/mynrc/system/CodeIgniter.php(393): CodeIgniter\Filters\Filters->run()
#16 /medata/webapps/mynrc/system/CodeIgniter.php(326): CodeIgniter\CodeIgniter->handleRequest()
#17 /medata/webapps/mynrc/public/index.php(37): CodeIgniter\CodeIgniter->run()
#18 {main}
CRITICAL - 2022-05-17 18:26:04 --> ini_set(): Session ini settings cannot be changed when a session is active
#0 [internal function]: CodeIgniter\Debug\Exceptions->errorHandler()
#1 /medata/webapps/mynrc/system/Session/Handlers/BaseHandler.php(162): ini_set()
#2 /medata/webapps/mynrc/system/Session/Handlers/DatabaseHandler.php(274): CodeIgniter\Session\Handlers\BaseHandler->fail()
#3 /medata/webapps/mynrc/system/Session/Handlers/DatabaseHandler.php(111): CodeIgniter\Session\Handlers\DatabaseHandler->lockSession()
#4 [internal function]: CodeIgniter\Session\Handlers\DatabaseHandler->read()
#5 /medata/webapps/mynrc/system/Session/Session.php(894): session_start()
#6 /medata/webapps/mynrc/system/Session/Session.php(238): CodeIgniter\Session\Session->startSession()
#7 /medata/webapps/mynrc/system/Config/Services.php(577): CodeIgniter\Session\Session->start()
#8 /medata/webapps/mynrc/system/Config/BaseService.php(248): CodeIgniter\Config\Services::session()
#9 /medata/webapps/mynrc/system/Config/BaseService.php(189): CodeIgniter\Config\BaseService::__callStatic()
#10 /medata/webapps/mynrc/system/Config/Services.php(563): CodeIgniter\Config\BaseService::getSharedInstance()
#11 /medata/webapps/mynrc/system/Config/BaseService.php(248): CodeIgniter\Config\Services::session()
#12 /medata/webapps/mynrc/system/Common.php(901): CodeIgniter\Config\BaseService::__callStatic()
#13 /medata/webapps/mynrc/app/Filters/Myauthuser.php(11): session()
#14 /medata/webapps/mynrc/system/Filters/Filters.php(173): App\Filters\Myauthuser->before()
#15 /medata/webapps/mynrc/system/CodeIgniter.php(393): CodeIgniter\Filters\Filters->run()
#16 /medata/webapps/mynrc/system/CodeIgniter.php(326): CodeIgniter\CodeIgniter->handleRequest()
#17 /medata/webapps/mynrc/public/index.php(37): CodeIgniter\CodeIgniter->run()
#18 {main}
CRITICAL - 2022-05-17 18:28:30 --> ini_set(): Session ini settings cannot be changed when a session is active
#0 [internal function]: CodeIgniter\Debug\Exceptions->errorHandler()
#1 /medata/webapps/mynrc/system/Session/Handlers/BaseHandler.php(162): ini_set()
#2 /medata/webapps/mynrc/system/Session/Handlers/DatabaseHandler.php(274): CodeIgniter\Session\Handlers\BaseHandler->fail()
#3 /medata/webapps/mynrc/system/Session/Handlers/DatabaseHandler.php(111): CodeIgniter\Session\Handlers\DatabaseHandler->lockSession()
#4 [internal function]: CodeIgniter\Session\Handlers\DatabaseHandler->read()
#5 /medata/webapps/mynrc/system/Session/Session.php(894): session_start()
#6 /medata/webapps/mynrc/system/Session/Session.php(238): CodeIgniter\Session\Session->startSession()
#7 /medata/webapps/mynrc/system/Config/Services.php(577): CodeIgniter\Session\Session->start()
#8 /medata/webapps/mynrc/system/Config/BaseService.php(248): CodeIgniter\Config\Services::session()
#9 /medata/webapps/mynrc/system/Config/BaseService.php(189): CodeIgniter\Config\BaseService::__callStatic()
#10 /medata/webapps/mynrc/system/Config/Services.php(563): CodeIgniter\Config\BaseService::getSharedInstance()
#11 /medata/webapps/mynrc/system/Config/BaseService.php(248): CodeIgniter\Config\Services::session()
#12 /medata/webapps/mynrc/system/Common.php(901): CodeIgniter\Config\BaseService::__callStatic()
#13 /medata/webapps/mynrc/app/Filters/Myauthuser.php(11): session()
#14 /medata/webapps/mynrc/system/Filters/Filters.php(173): App\Filters\Myauthuser->before()
#15 /medata/webapps/mynrc/system/CodeIgniter.php(393): CodeIgniter\Filters\Filters->run()
#16 /medata/webapps/mynrc/system/CodeIgniter.php(326): CodeIgniter\CodeIgniter->handleRequest()
#17 /medata/webapps/mynrc/public/index.php(37): CodeIgniter\CodeIgniter->run()
#18 {main}
CRITICAL - 2022-05-17 18:28:32 --> ini_set(): Session ini settings cannot be changed when a session is active
#0 [internal function]: CodeIgniter\Debug\Exceptions->errorHandler()
#1 /medata/webapps/mynrc/system/Session/Handlers/BaseHandler.php(162): ini_set()
#2 /medata/webapps/mynrc/system/Session/Handlers/DatabaseHandler.php(274): CodeIgniter\Session\Handlers\BaseHandler->fail()
#3 /medata/webapps/mynrc/system/Session/Handlers/DatabaseHandler.php(111): CodeIgniter\Session\Handlers\DatabaseHandler->lockSession()
#4 [internal function]: CodeIgniter\Session\Handlers\DatabaseHandler->read()
#5 /medata/webapps/mynrc/system/Session/Session.php(894): session_start()
#6 /medata/webapps/mynrc/system/Session/Session.php(238): CodeIgniter\Session\Session->startSession()
#7 /medata/webapps/mynrc/system/Config/Services.php(577): CodeIgniter\Session\Session->start()
#8 /medata/webapps/mynrc/system/Config/BaseService.php(248): CodeIgniter\Config\Services::session()
#9 /medata/webapps/mynrc/system/Config/BaseService.php(189): CodeIgniter\Config\BaseService::__callStatic()
#10 /medata/webapps/mynrc/system/Config/Services.php(563): CodeIgniter\Config\BaseService::getSharedInstance()
#11 /medata/webapps/mynrc/system/Config/BaseService.php(248): CodeIgniter\Config\Services::session()
#12 /medata/webapps/mynrc/system/Common.php(901): CodeIgniter\Config\BaseService::__callStatic()
#13 /medata/webapps/mynrc/app/Filters/Myauthuser.php(11): session()
#14 /medata/webapps/mynrc/system/Filters/Filters.php(173): App\Filters\Myauthuser->before()
#15 /medata/webapps/mynrc/system/CodeIgniter.php(393): CodeIgniter\Filters\Filters->run()
#16 /medata/webapps/mynrc/system/CodeIgniter.php(326): CodeIgniter\CodeIgniter->handleRequest()
#17 /medata/webapps/mynrc/public/index.php(37): CodeIgniter\CodeIgniter->run()
#18 {main}
CRITICAL - 2022-05-17 18:28:33 --> ini_set(): Session ini settings cannot be changed when a session is active
#0 [internal function]: CodeIgniter\Debug\Exceptions->errorHandler()
#1 /medata/webapps/mynrc/system/Session/Handlers/BaseHandler.php(162): ini_set()
#2 /medata/webapps/mynrc/system/Session/Handlers/DatabaseHandler.php(274): CodeIgniter\Session\Handlers\BaseHandler->fail()
#3 /medata/webapps/mynrc/system/Session/Handlers/DatabaseHandler.php(111): CodeIgniter\Session\Handlers\DatabaseHandler->lockSession()
#4 [internal function]: CodeIgniter\Session\Handlers\DatabaseHandler->read()
#5 /medata/webapps/mynrc/system/Session/Session.php(894): session_start()
#6 /medata/webapps/mynrc/system/Session/Session.php(238): CodeIgniter\Session\Session->startSession()
#7 /medata/webapps/mynrc/system/Config/Services.php(577): CodeIgniter\Session\Session->start()
#8 /medata/webapps/mynrc/system/Config/BaseService.php(248): CodeIgniter\Config\Services::session()
#9 /medata/webapps/mynrc/system/Config/BaseService.php(189): CodeIgniter\Config\BaseService::__callStatic()
#10 /medata/webapps/mynrc/system/Config/Services.php(563): CodeIgniter\Config\BaseService::getSharedInstance()
#11 /medata/webapps/mynrc/system/Config/BaseService.php(248): CodeIgniter\Config\Services::session()
#12 /medata/webapps/mynrc/system/Common.php(901): CodeIgniter\Config\BaseService::__callStatic()
#13 /medata/webapps/mynrc/app/Filters/Myauthuser.php(11): session()
#14 /medata/webapps/mynrc/system/Filters/Filters.php(173): App\Filters\Myauthuser->before()
#15 /medata/webapps/mynrc/system/CodeIgniter.php(393): CodeIgniter\Filters\Filters->run()
#16 /medata/webapps/mynrc/system/CodeIgniter.php(326): CodeIgniter\CodeIgniter->handleRequest()
#17 /medata/webapps/mynrc/public/index.php(37): CodeIgniter\CodeIgniter->run()
#18 {main}
CRITICAL - 2022-05-17 18:28:33 --> ini_set(): Session ini settings cannot be changed when a session is active
#0 [internal function]: CodeIgniter\Debug\Exceptions->errorHandler()
#1 /medata/webapps/mynrc/system/Session/Handlers/BaseHandler.php(162): ini_set()
#2 /medata/webapps/mynrc/system/Session/Handlers/DatabaseHandler.php(274): CodeIgniter\Session\Handlers\BaseHandler->fail()
#3 /medata/webapps/mynrc/system/Session/Handlers/DatabaseHandler.php(111): CodeIgniter\Session\Handlers\DatabaseHandler->lockSession()
#4 [internal function]: CodeIgniter\Session\Handlers\DatabaseHandler->read()
#5 /medata/webapps/mynrc/system/Session/Session.php(894): session_start()
#6 /medata/webapps/mynrc/system/Session/Session.php(238): CodeIgniter\Session\Session->startSession()
#7 /medata/webapps/mynrc/system/Config/Services.php(577): CodeIgniter\Session\Session->start()
#8 /medata/webapps/mynrc/system/Config/BaseService.php(248): CodeIgniter\Config\Services::session()
#9 /medata/webapps/mynrc/system/Config/BaseService.php(189): CodeIgniter\Config\BaseService::__callStatic()
#10 /medata/webapps/mynrc/system/Config/Services.php(563): CodeIgniter\Config\BaseService::getSharedInstance()
#11 /medata/webapps/mynrc/system/Config/BaseService.php(248): CodeIgniter\Config\Services::session()
#12 /medata/webapps/mynrc/system/Common.php(901): CodeIgniter\Config\BaseService::__callStatic()
#13 /medata/webapps/mynrc/app/Filters/Myauthuser.php(11): session()
#14 /medata/webapps/mynrc/system/Filters/Filters.php(173): App\Filters\Myauthuser->before()
#15 /medata/webapps/mynrc/system/CodeIgniter.php(393): CodeIgniter\Filters\Filters->run()
#16 /medata/webapps/mynrc/system/CodeIgniter.php(326): CodeIgniter\CodeIgniter->handleRequest()
#17 /medata/webapps/mynrc/public/index.php(37): CodeIgniter\CodeIgniter->run()
#18 {main}
CRITICAL - 2022-05-17 18:28:34 --> ini_set(): Session ini settings cannot be changed when a session is active
#0 [internal function]: CodeIgniter\Debug\Exceptions->errorHandler()
#1 /medata/webapps/mynrc/system/Session/Handlers/BaseHandler.php(162): ini_set()
#2 /medata/webapps/mynrc/system/Session/Handlers/DatabaseHandler.php(274): CodeIgniter\Session\Handlers\BaseHandler->fail()
#3 /medata/webapps/mynrc/system/Session/Handlers/DatabaseHandler.php(111): CodeIgniter\Session\Handlers\DatabaseHandler->lockSession()
#4 [internal function]: CodeIgniter\Session\Handlers\DatabaseHandler->read()
#5 /medata/webapps/mynrc/system/Session/Session.php(894): session_start()
#6 /medata/webapps/mynrc/system/Session/Session.php(238): CodeIgniter\Session\Session->startSession()
#7 /medata/webapps/mynrc/system/Config/Services.php(577): CodeIgniter\Session\Session->start()
#8 /medata/webapps/mynrc/system/Config/BaseService.php(248): CodeIgniter\Config\Services::session()
#9 /medata/webapps/mynrc/system/Config/BaseService.php(189): CodeIgniter\Config\BaseService::__callStatic()
#10 /medata/webapps/mynrc/system/Config/Services.php(563): CodeIgniter\Config\BaseService::getSharedInstance()
#11 /medata/webapps/mynrc/system/Config/BaseService.php(248): CodeIgniter\Config\Services::session()
#12 /medata/webapps/mynrc/system/Common.php(901): CodeIgniter\Config\BaseService::__callStatic()
#13 /medata/webapps/mynrc/app/Filters/Myauthuser.php(11): session()
#14 /medata/webapps/mynrc/system/Filters/Filters.php(173): App\Filters\Myauthuser->before()
#15 /medata/webapps/mynrc/system/CodeIgniter.php(393): CodeIgniter\Filters\Filters->run()
#16 /medata/webapps/mynrc/system/CodeIgniter.php(326): CodeIgniter\CodeIgniter->handleRequest()
#17 /medata/webapps/mynrc/public/index.php(37): CodeIgniter\CodeIgniter->run()
#18 {main}
CRITICAL - 2022-05-17 18:28:41 --> ini_set(): Session ini settings cannot be changed when a session is active
#0 [internal function]: CodeIgniter\Debug\Exceptions->errorHandler()
#1 /medata/webapps/mynrc/system/Session/Handlers/BaseHandler.php(162): ini_set()
#2 /medata/webapps/mynrc/system/Session/Handlers/DatabaseHandler.php(274): CodeIgniter\Session\Handlers\BaseHandler->fail()
#3 /medata/webapps/mynrc/system/Session/Handlers/DatabaseHandler.php(111): CodeIgniter\Session\Handlers\DatabaseHandler->lockSession()
#4 [internal function]: CodeIgniter\Session\Handlers\DatabaseHandler->read()
#5 /medata/webapps/mynrc/system/Session/Session.php(894): session_start()
#6 /medata/webapps/mynrc/system/Session/Session.php(238): CodeIgniter\Session\Session->startSession()
#7 /medata/webapps/mynrc/system/Config/Services.php(577): CodeIgniter\Session\Session->start()
#8 /medata/webapps/mynrc/system/Config/BaseService.php(248): CodeIgniter\Config\Services::session()
#9 /medata/webapps/mynrc/system/Config/BaseService.php(189): CodeIgniter\Config\BaseService::__callStatic()
#10 /medata/webapps/mynrc/system/Config/Services.php(563): CodeIgniter\Config\BaseService::getSharedInstance()
#11 /medata/webapps/mynrc/system/Config/BaseService.php(248): CodeIgniter\Config\Services::session()
#12 /medata/webapps/mynrc/system/Common.php(901): CodeIgniter\Config\BaseService::__callStatic()
#13 /medata/webapps/mynrc/app/Filters/Myauthuser.php(11): session()
#14 /medata/webapps/mynrc/system/Filters/Filters.php(173): App\Filters\Myauthuser->before()
#15 /medata/webapps/mynrc/system/CodeIgniter.php(393): CodeIgniter\Filters\Filters->run()
#16 /medata/webapps/mynrc/system/CodeIgniter.php(326): CodeIgniter\CodeIgniter->handleRequest()
#17 /medata/webapps/mynrc/public/index.php(37): CodeIgniter\CodeIgniter->run()
#18 {main}
CRITICAL - 2022-05-17 18:34:26 --> ini_set(): Session ini settings cannot be changed when a session is active
#0 [internal function]: CodeIgniter\Debug\Exceptions->errorHandler()
#1 /medata/webapps/mynrc/system/Session/Handlers/BaseHandler.php(162): ini_set()
#2 /medata/webapps/mynrc/system/Session/Handlers/DatabaseHandler.php(274): CodeIgniter\Session\Handlers\BaseHandler->fail()
#3 /medata/webapps/mynrc/system/Session/Handlers/DatabaseHandler.php(111): CodeIgniter\Session\Handlers\DatabaseHandler->lockSession()
#4 [internal function]: CodeIgniter\Session\Handlers\DatabaseHandler->read()
#5 /medata/webapps/mynrc/system/Session/Session.php(894): session_start()
#6 /medata/webapps/mynrc/system/Session/Session.php(238): CodeIgniter\Session\Session->startSession()
#7 /medata/webapps/mynrc/system/Config/Services.php(577): CodeIgniter\Session\Session->start()
#8 /medata/webapps/mynrc/system/Config/BaseService.php(248): CodeIgniter\Config\Services::session()
#9 /medata/webapps/mynrc/system/Config/BaseService.php(189): CodeIgniter\Config\BaseService::__callStatic()
#10 /medata/webapps/mynrc/system/Config/Services.php(563): CodeIgniter\Config\BaseService::getSharedInstance()
#11 /medata/webapps/mynrc/system/Config/BaseService.php(248): CodeIgniter\Config\Services::session()
#12 /medata/webapps/mynrc/system/Common.php(901): CodeIgniter\Config\BaseService::__callStatic()
#13 /medata/webapps/mynrc/app/Controllers/Melogout.php(9): session()
#14 /medata/webapps/mynrc/system/CodeIgniter.php(832): App\Controllers\Melogout->index()
#15 /medata/webapps/mynrc/system/CodeIgniter.php(419): CodeIgniter\CodeIgniter->runController()
#16 /medata/webapps/mynrc/system/CodeIgniter.php(326): CodeIgniter\CodeIgniter->handleRequest()
#17 /medata/webapps/mynrc/public/index.php(37): CodeIgniter\CodeIgniter->run()
#18 {main}
CRITICAL - 2022-05-17 18:37:00 --> ini_set(): Session ini settings cannot be changed when a session is active
#0 [internal function]: CodeIgniter\Debug\Exceptions->errorHandler()
#1 /medata/webapps/mynrc/system/Session/Handlers/BaseHandler.php(162): ini_set()
#2 /medata/webapps/mynrc/system/Session/Handlers/DatabaseHandler.php(274): CodeIgniter\Session\Handlers\BaseHandler->fail()
#3 /medata/webapps/mynrc/system/Session/Handlers/DatabaseHandler.php(111): CodeIgniter\Session\Handlers\DatabaseHandler->lockSession()
#4 [internal function]: CodeIgniter\Session\Handlers\DatabaseHandler->read()
#5 /medata/webapps/mynrc/system/Session/Session.php(894): session_start()
#6 /medata/webapps/mynrc/system/Session/Session.php(238): CodeIgniter\Session\Session->startSession()
#7 /medata/webapps/mynrc/system/Config/Services.php(577): CodeIgniter\Session\Session->start()
#8 /medata/webapps/mynrc/system/Config/BaseService.php(248): CodeIgniter\Config\Services::session()
#9 /medata/webapps/mynrc/system/Config/BaseService.php(189): CodeIgniter\Config\BaseService::__callStatic()
#10 /medata/webapps/mynrc/system/Config/Services.php(563): CodeIgniter\Config\BaseService::getSharedInstance()
#11 /medata/webapps/mynrc/system/Config/BaseService.php(248): CodeIgniter\Config\Services::session()
#12 /medata/webapps/mynrc/system/Common.php(901): CodeIgniter\Config\BaseService::__callStatic()
#13 /medata/webapps/mynrc/app/Filters/Myauthuser.php(11): session()
#14 /medata/webapps/mynrc/system/Filters/Filters.php(173): App\Filters\Myauthuser->before()
#15 /medata/webapps/mynrc/system/CodeIgniter.php(393): CodeIgniter\Filters\Filters->run()
#16 /medata/webapps/mynrc/system/CodeIgniter.php(326): CodeIgniter\CodeIgniter->handleRequest()
#17 /medata/webapps/mynrc/public/index.php(37): CodeIgniter\CodeIgniter->run()
#18 {main}
CRITICAL - 2022-05-17 18:37:12 --> ini_set(): Session ini settings cannot be changed when a session is active
#0 [internal function]: CodeIgniter\Debug\Exceptions->errorHandler()
#1 /medata/webapps/mynrc/system/Session/Handlers/BaseHandler.php(162): ini_set()
#2 /medata/webapps/mynrc/system/Session/Handlers/DatabaseHandler.php(274): CodeIgniter\Session\Handlers\BaseHandler->fail()
#3 /medata/webapps/mynrc/system/Session/Handlers/DatabaseHandler.php(111): CodeIgniter\Session\Handlers\DatabaseHandler->lockSession()
#4 [internal function]: CodeIgniter\Session\Handlers\DatabaseHandler->read()
#5 /medata/webapps/mynrc/system/Session/Session.php(894): session_start()
#6 /medata/webapps/mynrc/system/Session/Session.php(238): CodeIgniter\Session\Session->startSession()
#7 /medata/webapps/mynrc/system/Config/Services.php(577): CodeIgniter\Session\Session->start()
#8 /medata/webapps/mynrc/system/Config/BaseService.php(248): CodeIgniter\Config\Services::session()
#9 /medata/webapps/mynrc/system/Config/BaseService.php(189): CodeIgniter\Config\BaseService::__callStatic()
#10 /medata/webapps/mynrc/system/Config/Services.php(563): CodeIgniter\Config\BaseService::getSharedInstance()
#11 /medata/webapps/mynrc/system/Config/BaseService.php(248): CodeIgniter\Config\Services::session()
#12 /medata/webapps/mynrc/system/Common.php(901): CodeIgniter\Config\BaseService::__callStatic()
#13 /medata/webapps/mynrc/app/Filters/Myauthuser.php(11): session()
#14 /medata/webapps/mynrc/system/Filters/Filters.php(173): App\Filters\Myauthuser->before()
#15 /medata/webapps/mynrc/system/CodeIgniter.php(393): CodeIgniter\Filters\Filters->run()
#16 /medata/webapps/mynrc/system/CodeIgniter.php(326): CodeIgniter\CodeIgniter->handleRequest()
#17 /medata/webapps/mynrc/public/index.php(37): CodeIgniter\CodeIgniter->run()
#18 {main}
CRITICAL - 2022-05-17 18:41:12 --> ini_set(): Session ini settings cannot be changed when a session is active
#0 [internal function]: CodeIgniter\Debug\Exceptions->errorHandler()
#1 /medata/webapps/mynrc/system/Session/Handlers/BaseHandler.php(162): ini_set()
#2 /medata/webapps/mynrc/system/Session/Handlers/DatabaseHandler.php(274): CodeIgniter\Session\Handlers\BaseHandler->fail()
#3 /medata/webapps/mynrc/system/Session/Handlers/DatabaseHandler.php(111): CodeIgniter\Session\Handlers\DatabaseHandler->lockSession()
#4 [internal function]: CodeIgniter\Session\Handlers\DatabaseHandler->read()
#5 /medata/webapps/mynrc/system/Session/Session.php(894): session_start()
#6 /medata/webapps/mynrc/system/Session/Session.php(238): CodeIgniter\Session\Session->startSession()
#7 /medata/webapps/mynrc/system/Config/Services.php(577): CodeIgniter\Session\Session->start()
#8 /medata/webapps/mynrc/system/Config/BaseService.php(248): CodeIgniter\Config\Services::session()
#9 /medata/webapps/mynrc/system/Config/BaseService.php(189): CodeIgniter\Config\BaseService::__callStatic()
#10 /medata/webapps/mynrc/system/Config/Services.php(563): CodeIgniter\Config\BaseService::getSharedInstance()
#11 /medata/webapps/mynrc/system/Config/BaseService.php(248): CodeIgniter\Config\Services::session()
#12 /medata/webapps/mynrc/system/Common.php(901): CodeIgniter\Config\BaseService::__callStatic()
#13 /medata/webapps/mynrc/app/Filters/Myauthuser.php(11): session()
#14 /medata/webapps/mynrc/system/Filters/Filters.php(173): App\Filters\Myauthuser->before()
#15 /medata/webapps/mynrc/system/CodeIgniter.php(393): CodeIgniter\Filters\Filters->run()
#16 /medata/webapps/mynrc/system/CodeIgniter.php(326): CodeIgniter\CodeIgniter->handleRequest()
#17 /medata/webapps/mynrc/public/index.php(37): CodeIgniter\CodeIgniter->run()
#18 {main}
