ERROR - 2022-06-11 09:13:16 --> Table 'ap8.diQt_Branch' doesn't exist
ERROR - 2022-06-11 09:13:22 --> Table 'ap8.diQt_Branch' doesn't exist
CRITICAL - 2022-06-11 13:56:46 --> Undefined index: CUST_ID
#0 /mdevs/mynrc/app/Views/masterdata/md-customer-profile-recs.php(92): CodeIgniter\Debug\Exceptions->errorHandler()
#1 /mdevs/mynrc/system/View/View.php(210): include('/mdevs/mynrc/ap...')
#2 /mdevs/mynrc/system/View/View.php(213): CodeIgniter\View\View->CodeIgniter\View\{closure}()
#3 /mdevs/mynrc/system/Common.php(1089): CodeIgniter\View\View->render()
#4 /mdevs/mynrc/app/Views/mdcardno/md-tagcardslost.php(71): view()
#5 /mdevs/mynrc/system/View/View.php(210): include('/mdevs/mynrc/ap...')
#6 /mdevs/mynrc/system/View/View.php(213): CodeIgniter\View\View->CodeIgniter\View\{closure}()
#7 /mdevs/mynrc/system/Common.php(1089): CodeIgniter\View\View->render()
#8 /mdevs/mynrc/app/Controllers/Md_cards.php(27): view()
#9 /mdevs/mynrc/system/CodeIgniter.php(832): App\Controllers\Md_cards->md_tagcardslost()
#10 /mdevs/mynrc/system/CodeIgniter.php(419): CodeIgniter\CodeIgniter->runController()
#11 /mdevs/mynrc/system/CodeIgniter.php(326): CodeIgniter\CodeIgniter->handleRequest()
#12 /mdevs/mynrc/public/index.php(37): CodeIgniter\CodeIgniter->run()
#13 {main}
CRITICAL - 2022-06-11 14:01:36 --> Undefined index: CUST_ID
#0 /mdevs/mynrc/app/Views/mdcardno/md-tagcardslost-recs.php(92): CodeIgniter\Debug\Exceptions->errorHandler()
#1 /mdevs/mynrc/system/View/View.php(210): include('/mdevs/mynrc/ap...')
#2 /mdevs/mynrc/system/View/View.php(213): CodeIgniter\View\View->CodeIgniter\View\{closure}()
#3 /mdevs/mynrc/system/Common.php(1089): CodeIgniter\View\View->render()
#4 /mdevs/mynrc/app/Views/mdcardno/md-tagcardslost.php(71): view()
#5 /mdevs/mynrc/system/View/View.php(210): include('/mdevs/mynrc/ap...')
#6 /mdevs/mynrc/system/View/View.php(213): CodeIgniter\View\View->CodeIgniter\View\{closure}()
#7 /mdevs/mynrc/system/Common.php(1089): CodeIgniter\View\View->render()
#8 /mdevs/mynrc/app/Controllers/Md_cards.php(27): view()
#9 /mdevs/mynrc/system/CodeIgniter.php(832): App\Controllers\Md_cards->md_tagcardslost()
#10 /mdevs/mynrc/system/CodeIgniter.php(419): CodeIgniter\CodeIgniter->runController()
#11 /mdevs/mynrc/system/CodeIgniter.php(326): CodeIgniter\CodeIgniter->handleRequest()
#12 /mdevs/mynrc/public/index.php(37): CodeIgniter\CodeIgniter->run()
#13 {main}
ERROR - 2022-06-11 14:08:22 --> Table 'ap8.diQt_Branch' doesn't exist
CRITICAL - 2022-06-11 14:28:23 --> Class 'App\Controllers\MyLostCardModel' not found
#0 /mdevs/mynrc/system/CodeIgniter.php(809): App\Controllers\Md_cards->__construct()
#1 /mdevs/mynrc/system/CodeIgniter.php(410): CodeIgniter\CodeIgniter->createController()
#2 /mdevs/mynrc/system/CodeIgniter.php(326): CodeIgniter\CodeIgniter->handleRequest()
#3 /mdevs/mynrc/public/index.php(37): CodeIgniter\CodeIgniter->run()
#4 {main}
CRITICAL - 2022-06-11 14:29:04 --> Class 'App\Controllers\MyLostCardModel' not found
#0 /mdevs/mynrc/system/CodeIgniter.php(809): App\Controllers\Md_cards->__construct()
#1 /mdevs/mynrc/system/CodeIgniter.php(410): CodeIgniter\CodeIgniter->createController()
#2 /mdevs/mynrc/system/CodeIgniter.php(326): CodeIgniter\CodeIgniter->handleRequest()
#3 /mdevs/mynrc/public/index.php(37): CodeIgniter\CodeIgniter->run()
#4 {main}
CRITICAL - 2022-06-11 14:31:01 --> Undefined index: CUST_ID
#0 /mdevs/mynrc/app/Views/masterdata/md-customer-profile-recs.php(92): CodeIgniter\Debug\Exceptions->errorHandler()
#1 /mdevs/mynrc/system/View/View.php(210): include('/mdevs/mynrc/ap...')
#2 /mdevs/mynrc/system/View/View.php(213): CodeIgniter\View\View->CodeIgniter\View\{closure}()
#3 /mdevs/mynrc/system/Common.php(1089): CodeIgniter\View\View->render()
#4 /mdevs/mynrc/app/Controllers/Md_cards.php(39): view()
#5 /mdevs/mynrc/system/CodeIgniter.php(832): App\Controllers\Md_cards->lost_recs()
#6 /mdevs/mynrc/system/CodeIgniter.php(419): CodeIgniter\CodeIgniter->runController()
#7 /mdevs/mynrc/system/CodeIgniter.php(326): CodeIgniter\CodeIgniter->handleRequest()
#8 /mdevs/mynrc/public/index.php(37): CodeIgniter\CodeIgniter->run()
#9 {main}
CRITICAL - 2022-06-11 14:31:03 --> Undefined index: CUST_ID
#0 /mdevs/mynrc/app/Views/masterdata/md-customer-profile-recs.php(92): CodeIgniter\Debug\Exceptions->errorHandler()
#1 /mdevs/mynrc/system/View/View.php(210): include('/mdevs/mynrc/ap...')
#2 /mdevs/mynrc/system/View/View.php(213): CodeIgniter\View\View->CodeIgniter\View\{closure}()
#3 /mdevs/mynrc/system/Common.php(1089): CodeIgniter\View\View->render()
#4 /mdevs/mynrc/app/Controllers/Md_cards.php(39): view()
#5 /mdevs/mynrc/system/CodeIgniter.php(832): App\Controllers\Md_cards->lost_recs()
#6 /mdevs/mynrc/system/CodeIgniter.php(419): CodeIgniter\CodeIgniter->runController()
#7 /mdevs/mynrc/system/CodeIgniter.php(326): CodeIgniter\CodeIgniter->handleRequest()
#8 /mdevs/mynrc/public/index.php(37): CodeIgniter\CodeIgniter->run()
#9 {main}
CRITICAL - 2022-06-11 14:31:09 --> Undefined index: CUST_ID
#0 /mdevs/mynrc/app/Views/masterdata/md-customer-profile-recs.php(92): CodeIgniter\Debug\Exceptions->errorHandler()
#1 /mdevs/mynrc/system/View/View.php(210): include('/mdevs/mynrc/ap...')
#2 /mdevs/mynrc/system/View/View.php(213): CodeIgniter\View\View->CodeIgniter\View\{closure}()
#3 /mdevs/mynrc/system/Common.php(1089): CodeIgniter\View\View->render()
#4 /mdevs/mynrc/app/Controllers/Md_cards.php(39): view()
#5 /mdevs/mynrc/system/CodeIgniter.php(832): App\Controllers\Md_cards->lost_recs()
#6 /mdevs/mynrc/system/CodeIgniter.php(419): CodeIgniter\CodeIgniter->runController()
#7 /mdevs/mynrc/system/CodeIgniter.php(326): CodeIgniter\CodeIgniter->handleRequest()
#8 /mdevs/mynrc/public/index.php(37): CodeIgniter\CodeIgniter->run()
#9 {main}
CRITICAL - 2022-06-11 14:47:11 --> Undefined property: CodeIgniter\View\View::$mylibz
#0 /mdevs/mynrc/app/Views/mdcardno/md-cards-upld.php(16): CodeIgniter\Debug\Exceptions->errorHandler()
#1 /mdevs/mynrc/system/View/View.php(210): include('/mdevs/mynrc/ap...')
#2 /mdevs/mynrc/system/View/View.php(213): CodeIgniter\View\View->CodeIgniter\View\{closure}()
#3 /mdevs/mynrc/system/Common.php(1089): CodeIgniter\View\View->render()
#4 /mdevs/mynrc/app/Views/mdcardno/md-tagcardslost.php(77): view()
#5 /mdevs/mynrc/system/View/View.php(210): include('/mdevs/mynrc/ap...')
#6 /mdevs/mynrc/system/View/View.php(213): CodeIgniter\View\View->CodeIgniter\View\{closure}()
#7 /mdevs/mynrc/system/Common.php(1089): CodeIgniter\View\View->render()
#8 /mdevs/mynrc/app/Controllers/Md_cards.php(29): view()
#9 /mdevs/mynrc/system/CodeIgniter.php(832): App\Controllers\Md_cards->md_tagcardslost()
#10 /mdevs/mynrc/system/CodeIgniter.php(419): CodeIgniter\CodeIgniter->runController()
#11 /mdevs/mynrc/system/CodeIgniter.php(326): CodeIgniter\CodeIgniter->handleRequest()
#12 /mdevs/mynrc/public/index.php(37): CodeIgniter\CodeIgniter->run()
#13 {main}
CRITICAL - 2022-06-11 14:50:40 --> Undefined property: CodeIgniter\View\View::$mydataz
#0 /mdevs/mynrc/app/Views/mdcardno/md-cards-upld.php(9): CodeIgniter\Debug\Exceptions->errorHandler()
#1 /mdevs/mynrc/system/View/View.php(210): include('/mdevs/mynrc/ap...')
#2 /mdevs/mynrc/system/View/View.php(213): CodeIgniter\View\View->CodeIgniter\View\{closure}()
#3 /mdevs/mynrc/system/Common.php(1089): CodeIgniter\View\View->render()
#4 /mdevs/mynrc/app/Views/mdcardno/md-tagcardslost.php(77): view()
#5 /mdevs/mynrc/system/View/View.php(210): include('/mdevs/mynrc/ap...')
#6 /mdevs/mynrc/system/View/View.php(213): CodeIgniter\View\View->CodeIgniter\View\{closure}()
#7 /mdevs/mynrc/system/Common.php(1089): CodeIgniter\View\View->render()
#8 /mdevs/mynrc/app/Controllers/Md_cards.php(29): view()
#9 /mdevs/mynrc/system/CodeIgniter.php(832): App\Controllers\Md_cards->md_tagcardslost()
#10 /mdevs/mynrc/system/CodeIgniter.php(419): CodeIgniter\CodeIgniter->runController()
#11 /mdevs/mynrc/system/CodeIgniter.php(326): CodeIgniter\CodeIgniter->handleRequest()
#12 /mdevs/mynrc/public/index.php(37): CodeIgniter\CodeIgniter->run()
#13 {main}
CRITICAL - 2022-06-11 14:51:39 --> Undefined property: CodeIgniter\View\View::$db_erp
#0 /mdevs/mynrc/app/Views/mdcardno/md-cards-upld.php(9): CodeIgniter\Debug\Exceptions->errorHandler()
#1 /mdevs/mynrc/system/View/View.php(210): include('/mdevs/mynrc/ap...')
#2 /mdevs/mynrc/system/View/View.php(213): CodeIgniter\View\View->CodeIgniter\View\{closure}()
#3 /mdevs/mynrc/system/Common.php(1089): CodeIgniter\View\View->render()
#4 /mdevs/mynrc/app/Views/mdcardno/md-tagcardslost.php(77): view()
#5 /mdevs/mynrc/system/View/View.php(210): include('/mdevs/mynrc/ap...')
#6 /mdevs/mynrc/system/View/View.php(213): CodeIgniter\View\View->CodeIgniter\View\{closure}()
#7 /mdevs/mynrc/system/Common.php(1089): CodeIgniter\View\View->render()
#8 /mdevs/mynrc/app/Controllers/Md_cards.php(29): view()
#9 /mdevs/mynrc/system/CodeIgniter.php(832): App\Controllers\Md_cards->md_tagcardslost()
#10 /mdevs/mynrc/system/CodeIgniter.php(419): CodeIgniter\CodeIgniter->runController()
#11 /mdevs/mynrc/system/CodeIgniter.php(326): CodeIgniter\CodeIgniter->handleRequest()
#12 /mdevs/mynrc/public/index.php(37): CodeIgniter\CodeIgniter->run()
#13 {main}
CRITICAL - 2022-06-11 14:52:37 --> Undefined property: CodeIgniter\View\View::$db_erp
#0 /mdevs/mynrc/app/Views/mdcardno/md-cards-upld.php(9): CodeIgniter\Debug\Exceptions->errorHandler()
#1 /mdevs/mynrc/system/View/View.php(210): include('/mdevs/mynrc/ap...')
#2 /mdevs/mynrc/system/View/View.php(213): CodeIgniter\View\View->CodeIgniter\View\{closure}()
#3 /mdevs/mynrc/system/Common.php(1089): CodeIgniter\View\View->render()
#4 /mdevs/mynrc/app/Views/mdcardno/md-tagcardslost.php(77): view()
#5 /mdevs/mynrc/system/View/View.php(210): include('/mdevs/mynrc/ap...')
#6 /mdevs/mynrc/system/View/View.php(213): CodeIgniter\View\View->CodeIgniter\View\{closure}()
#7 /mdevs/mynrc/system/Common.php(1089): CodeIgniter\View\View->render()
#8 /mdevs/mynrc/app/Controllers/Md_cards.php(29): view()
#9 /mdevs/mynrc/system/CodeIgniter.php(832): App\Controllers\Md_cards->md_tagcardslost()
#10 /mdevs/mynrc/system/CodeIgniter.php(419): CodeIgniter\CodeIgniter->runController()
#11 /mdevs/mynrc/system/CodeIgniter.php(326): CodeIgniter\CodeIgniter->handleRequest()
#12 /mdevs/mynrc/public/index.php(37): CodeIgniter\CodeIgniter->run()
#13 {main}
CRITICAL - 2022-06-11 14:52:39 --> Undefined property: CodeIgniter\View\View::$db_erp
#0 /mdevs/mynrc/app/Views/mdcardno/md-cards-upld.php(9): CodeIgniter\Debug\Exceptions->errorHandler()
#1 /mdevs/mynrc/system/View/View.php(210): include('/mdevs/mynrc/ap...')
#2 /mdevs/mynrc/system/View/View.php(213): CodeIgniter\View\View->CodeIgniter\View\{closure}()
#3 /mdevs/mynrc/system/Common.php(1089): CodeIgniter\View\View->render()
#4 /mdevs/mynrc/app/Views/mdcardno/md-tagcardslost.php(77): view()
#5 /mdevs/mynrc/system/View/View.php(210): include('/mdevs/mynrc/ap...')
#6 /mdevs/mynrc/system/View/View.php(213): CodeIgniter\View\View->CodeIgniter\View\{closure}()
#7 /mdevs/mynrc/system/Common.php(1089): CodeIgniter\View\View->render()
#8 /mdevs/mynrc/app/Controllers/Md_cards.php(29): view()
#9 /mdevs/mynrc/system/CodeIgniter.php(832): App\Controllers\Md_cards->md_tagcardslost()
#10 /mdevs/mynrc/system/CodeIgniter.php(419): CodeIgniter\CodeIgniter->runController()
#11 /mdevs/mynrc/system/CodeIgniter.php(326): CodeIgniter\CodeIgniter->handleRequest()
#12 /mdevs/mynrc/public/index.php(37): CodeIgniter\CodeIgniter->run()
#13 {main}
CRITICAL - 2022-06-11 14:53:21 --> Undefined property: CodeIgniter\View\View::$db_erp
#0 /mdevs/mynrc/app/Views/mdcardno/md-cards-upld.php(9): CodeIgniter\Debug\Exceptions->errorHandler()
#1 /mdevs/mynrc/system/View/View.php(210): include('/mdevs/mynrc/ap...')
#2 /mdevs/mynrc/system/View/View.php(213): CodeIgniter\View\View->CodeIgniter\View\{closure}()
#3 /mdevs/mynrc/system/Common.php(1089): CodeIgniter\View\View->render()
#4 /mdevs/mynrc/app/Views/mdcardno/md-tagcardslost.php(77): view()
#5 /mdevs/mynrc/system/View/View.php(210): include('/mdevs/mynrc/ap...')
#6 /mdevs/mynrc/system/View/View.php(213): CodeIgniter\View\View->CodeIgniter\View\{closure}()
#7 /mdevs/mynrc/system/Common.php(1089): CodeIgniter\View\View->render()
#8 /mdevs/mynrc/app/Controllers/Md_cards.php(29): view()
#9 /mdevs/mynrc/system/CodeIgniter.php(832): App\Controllers\Md_cards->md_tagcardslost()
#10 /mdevs/mynrc/system/CodeIgniter.php(419): CodeIgniter\CodeIgniter->runController()
#11 /mdevs/mynrc/system/CodeIgniter.php(326): CodeIgniter\CodeIgniter->handleRequest()
#12 /mdevs/mynrc/public/index.php(37): CodeIgniter\CodeIgniter->run()
#13 {main}
CRITICAL - 2022-06-11 14:53:28 --> Undefined variable: aupldtype
#0 /mdevs/mynrc/app/Views/mdcardno/md-cards-upld.php(18): CodeIgniter\Debug\Exceptions->errorHandler()
#1 /mdevs/mynrc/system/View/View.php(210): include('/mdevs/mynrc/ap...')
#2 /mdevs/mynrc/system/View/View.php(213): CodeIgniter\View\View->CodeIgniter\View\{closure}()
#3 /mdevs/mynrc/system/Common.php(1089): CodeIgniter\View\View->render()
#4 /mdevs/mynrc/app/Views/mdcardno/md-tagcardslost.php(77): view()
#5 /mdevs/mynrc/system/View/View.php(210): include('/mdevs/mynrc/ap...')
#6 /mdevs/mynrc/system/View/View.php(213): CodeIgniter\View\View->CodeIgniter\View\{closure}()
#7 /mdevs/mynrc/system/Common.php(1089): CodeIgniter\View\View->render()
#8 /mdevs/mynrc/app/Controllers/Md_cards.php(29): view()
#9 /mdevs/mynrc/system/CodeIgniter.php(832): App\Controllers\Md_cards->md_tagcardslost()
#10 /mdevs/mynrc/system/CodeIgniter.php(419): CodeIgniter\CodeIgniter->runController()
#11 /mdevs/mynrc/system/CodeIgniter.php(326): CodeIgniter\CodeIgniter->handleRequest()
#12 /mdevs/mynrc/public/index.php(37): CodeIgniter\CodeIgniter->run()
#13 {main}
