ERROR - 2022-11-05 13:36:39 --> mysqli_sql_exception: Unknown column 'mat_code' in 'field list' in /medata/appdevs/mynlinksc/system/Database/MySQLi/Connection.php:292
Stack trace:
#0 /medata/appdevs/mynlinksc/system/Database/MySQLi/Connection.php(292): mysqli->query()
#1 /medata/appdevs/mynlinksc/system/Database/BaseConnection.php(693): CodeIgniter\Database\MySQLi\Connection->execute()
#2 /medata/appdevs/mynlinksc/system/Database/BaseConnection.php(620): CodeIgniter\Database\BaseConnection->simpleQuery()
#3 /medata/appdevs/mynlinksc/app/Models/MyLibzDBModel.php(19): CodeIgniter\Database\BaseConnection->query()
#4 /medata/appdevs/mynlinksc/app/Models/MyWarehouseoutModel.php(575): App\Models\MyLibzDBModel->myoa_sql_exec()
#5 /medata/appdevs/mynlinksc/app/Controllers/Warehouse_out.php(69): App\Models\MyWarehouseoutModel->mywhout_save()
#6 /medata/appdevs/mynlinksc/system/CodeIgniter.php(902): App\Controllers\Warehouse_out->wshe_out_save()
#7 /medata/appdevs/mynlinksc/system/CodeIgniter.php(457): CodeIgniter\CodeIgniter->runController()
#8 /medata/appdevs/mynlinksc/system/CodeIgniter.php(340): CodeIgniter\CodeIgniter->handleRequest()
#9 /medata/appdevs/mynlinksc/public/index.php(67): CodeIgniter\CodeIgniter->run()
#10 {main}
ERROR - 2022-11-05 13:36:44 --> mysqli_sql_exception: Unknown column 'mat_code' in 'field list' in /medata/appdevs/mynlinksc/system/Database/MySQLi/Connection.php:292
Stack trace:
#0 /medata/appdevs/mynlinksc/system/Database/MySQLi/Connection.php(292): mysqli->query()
#1 /medata/appdevs/mynlinksc/system/Database/BaseConnection.php(693): CodeIgniter\Database\MySQLi\Connection->execute()
#2 /medata/appdevs/mynlinksc/system/Database/BaseConnection.php(620): CodeIgniter\Database\BaseConnection->simpleQuery()
#3 /medata/appdevs/mynlinksc/app/Models/MyLibzDBModel.php(19): CodeIgniter\Database\BaseConnection->query()
#4 /medata/appdevs/mynlinksc/app/Models/MyWarehouseoutModel.php(575): App\Models\MyLibzDBModel->myoa_sql_exec()
#5 /medata/appdevs/mynlinksc/app/Controllers/Warehouse_out.php(69): App\Models\MyWarehouseoutModel->mywhout_save()
#6 /medata/appdevs/mynlinksc/system/CodeIgniter.php(902): App\Controllers\Warehouse_out->wshe_out_save()
#7 /medata/appdevs/mynlinksc/system/CodeIgniter.php(457): CodeIgniter\CodeIgniter->runController()
#8 /medata/appdevs/mynlinksc/system/CodeIgniter.php(340): CodeIgniter\CodeIgniter->handleRequest()
#9 /medata/appdevs/mynlinksc/public/index.php(67): CodeIgniter\CodeIgniter->run()
#10 {main}
ERROR - 2022-11-05 13:41:01 --> mysqli_sql_exception: Unknown column 'mat_code' in 'field list' in /medata/appdevs/mynlinksc/system/Database/MySQLi/Connection.php:292
Stack trace:
#0 /medata/appdevs/mynlinksc/system/Database/MySQLi/Connection.php(292): mysqli->query()
#1 /medata/appdevs/mynlinksc/system/Database/BaseConnection.php(693): CodeIgniter\Database\MySQLi\Connection->execute()
#2 /medata/appdevs/mynlinksc/system/Database/BaseConnection.php(620): CodeIgniter\Database\BaseConnection->simpleQuery()
#3 /medata/appdevs/mynlinksc/app/Models/MyLibzDBModel.php(19): CodeIgniter\Database\BaseConnection->query()
#4 /medata/appdevs/mynlinksc/app/Models/MyWarehouseoutModel.php(575): App\Models\MyLibzDBModel->myoa_sql_exec()
#5 /medata/appdevs/mynlinksc/app/Controllers/Warehouse_out.php(69): App\Models\MyWarehouseoutModel->mywhout_save()
#6 /medata/appdevs/mynlinksc/system/CodeIgniter.php(902): App\Controllers\Warehouse_out->wshe_out_save()
#7 /medata/appdevs/mynlinksc/system/CodeIgniter.php(457): CodeIgniter\CodeIgniter->runController()
#8 /medata/appdevs/mynlinksc/system/CodeIgniter.php(340): CodeIgniter\CodeIgniter->handleRequest()
#9 /medata/appdevs/mynlinksc/public/index.php(67): CodeIgniter\CodeIgniter->run()
#10 {main}
CRITICAL - 2022-11-05 15:42:55 --> Class "App\Models\MyPurchasemodel" not found
in APPPATH/Controllers/Md_purchase.php on line 13.
 1 SYSTEMPATH/CodeIgniter.php(864): App\Controllers\Md_purchase->__construct()
 2 SYSTEMPATH/CodeIgniter.php(448): CodeIgniter\CodeIgniter->createController()
 3 SYSTEMPATH/CodeIgniter.php(340): CodeIgniter\CodeIgniter->handleRequest()
 4 FCPATH/index.php(67): CodeIgniter\CodeIgniter->run()
CRITICAL - 2022-11-05 15:43:05 --> Class "App\Models\MyPurchasemodel" not found
in APPPATH/Controllers/Md_purchase.php on line 13.
 1 SYSTEMPATH/CodeIgniter.php(864): App\Controllers\Md_purchase->__construct()
 2 SYSTEMPATH/CodeIgniter.php(448): CodeIgniter\CodeIgniter->createController()
 3 SYSTEMPATH/CodeIgniter.php(340): CodeIgniter\CodeIgniter->handleRequest()
 4 FCPATH/index.php(67): CodeIgniter\CodeIgniter->run()
CRITICAL - 2022-11-05 16:37:54 --> Class "App\Models\MyPurchasemodel" not found
in APPPATH/Controllers/Md_purchase.php on line 13.
 1 SYSTEMPATH/CodeIgniter.php(864): App\Controllers\Md_purchase->__construct()
 2 SYSTEMPATH/CodeIgniter.php(448): CodeIgniter\CodeIgniter->createController()
 3 SYSTEMPATH/CodeIgniter.php(340): CodeIgniter\CodeIgniter->handleRequest()
 4 FCPATH/index.php(67): CodeIgniter\CodeIgniter->run()
CRITICAL - 2022-11-05 16:46:52 --> Class "App\Models\MyPurchasemodel" not found
in APPPATH/Controllers/Md_purchase.php on line 13.
 1 SYSTEMPATH/CodeIgniter.php(864): App\Controllers\Md_purchase->__construct()
 2 SYSTEMPATH/CodeIgniter.php(448): CodeIgniter\CodeIgniter->createController()
 3 SYSTEMPATH/CodeIgniter.php(340): CodeIgniter\CodeIgniter->handleRequest()
 4 FCPATH/index.php(67): CodeIgniter\CodeIgniter->run()
CRITICAL - 2022-11-05 16:46:52 --> Class "App\Models\MyPurchasemodel" not found
in APPPATH/Controllers/Md_purchase.php on line 13.
 1 SYSTEMPATH/CodeIgniter.php(864): App\Controllers\Md_purchase->__construct()
 2 SYSTEMPATH/CodeIgniter.php(448): CodeIgniter\CodeIgniter->createController()
 3 SYSTEMPATH/CodeIgniter.php(340): CodeIgniter\CodeIgniter->handleRequest()
 4 FCPATH/index.php(67): CodeIgniter\CodeIgniter->run()
CRITICAL - 2022-11-05 16:46:53 --> Class "App\Models\MyPurchasemodel" not found
in APPPATH/Controllers/Md_purchase.php on line 13.
 1 SYSTEMPATH/CodeIgniter.php(864): App\Controllers\Md_purchase->__construct()
 2 SYSTEMPATH/CodeIgniter.php(448): CodeIgniter\CodeIgniter->createController()
 3 SYSTEMPATH/CodeIgniter.php(340): CodeIgniter\CodeIgniter->handleRequest()
 4 FCPATH/index.php(67): CodeIgniter\CodeIgniter->run()
CRITICAL - 2022-11-05 16:46:53 --> Class "App\Models\MyPurchasemodel" not found
in APPPATH/Controllers/Md_purchase.php on line 13.
 1 SYSTEMPATH/CodeIgniter.php(864): App\Controllers\Md_purchase->__construct()
 2 SYSTEMPATH/CodeIgniter.php(448): CodeIgniter\CodeIgniter->createController()
 3 SYSTEMPATH/CodeIgniter.php(340): CodeIgniter\CodeIgniter->handleRequest()
 4 FCPATH/index.php(67): CodeIgniter\CodeIgniter->run()
CRITICAL - 2022-11-05 16:46:53 --> Class "App\Models\MyPurchasemodel" not found
in APPPATH/Controllers/Md_purchase.php on line 13.
 1 SYSTEMPATH/CodeIgniter.php(864): App\Controllers\Md_purchase->__construct()
 2 SYSTEMPATH/CodeIgniter.php(448): CodeIgniter\CodeIgniter->createController()
 3 SYSTEMPATH/CodeIgniter.php(340): CodeIgniter\CodeIgniter->handleRequest()
 4 FCPATH/index.php(67): CodeIgniter\CodeIgniter->run()
CRITICAL - 2022-11-05 16:48:43 --> Class "App\Models\MyPurchasemodel" not found
in APPPATH/Controllers/Md_purchase.php on line 13.
 1 SYSTEMPATH/CodeIgniter.php(864): App\Controllers\Md_purchase->__construct()
 2 SYSTEMPATH/CodeIgniter.php(448): CodeIgniter\CodeIgniter->createController()
 3 SYSTEMPATH/CodeIgniter.php(340): CodeIgniter\CodeIgniter->handleRequest()
 4 FCPATH/index.php(67): CodeIgniter\CodeIgniter->run()
CRITICAL - 2022-11-05 16:48:44 --> Class "App\Models\MyPurchasemodel" not found
in APPPATH/Controllers/Md_purchase.php on line 13.
 1 SYSTEMPATH/CodeIgniter.php(864): App\Controllers\Md_purchase->__construct()
 2 SYSTEMPATH/CodeIgniter.php(448): CodeIgniter\CodeIgniter->createController()
 3 SYSTEMPATH/CodeIgniter.php(340): CodeIgniter\CodeIgniter->handleRequest()
 4 FCPATH/index.php(67): CodeIgniter\CodeIgniter->run()
CRITICAL - 2022-11-05 16:48:44 --> Class "App\Models\MyPurchasemodel" not found
in APPPATH/Controllers/Md_purchase.php on line 13.
 1 SYSTEMPATH/CodeIgniter.php(864): App\Controllers\Md_purchase->__construct()
 2 SYSTEMPATH/CodeIgniter.php(448): CodeIgniter\CodeIgniter->createController()
 3 SYSTEMPATH/CodeIgniter.php(340): CodeIgniter\CodeIgniter->handleRequest()
 4 FCPATH/index.php(67): CodeIgniter\CodeIgniter->run()
CRITICAL - 2022-11-05 16:48:44 --> Class "App\Models\MyPurchasemodel" not found
in APPPATH/Controllers/Md_purchase.php on line 13.
 1 SYSTEMPATH/CodeIgniter.php(864): App\Controllers\Md_purchase->__construct()
 2 SYSTEMPATH/CodeIgniter.php(448): CodeIgniter\CodeIgniter->createController()
 3 SYSTEMPATH/CodeIgniter.php(340): CodeIgniter\CodeIgniter->handleRequest()
 4 FCPATH/index.php(67): CodeIgniter\CodeIgniter->run()
CRITICAL - 2022-11-05 16:48:47 --> Class "App\Models\MyPurchasemodel" not found
in APPPATH/Controllers/Md_purchase.php on line 13.
 1 SYSTEMPATH/CodeIgniter.php(864): App\Controllers\Md_purchase->__construct()
 2 SYSTEMPATH/CodeIgniter.php(448): CodeIgniter\CodeIgniter->createController()
 3 SYSTEMPATH/CodeIgniter.php(340): CodeIgniter\CodeIgniter->handleRequest()
 4 FCPATH/index.php(67): CodeIgniter\CodeIgniter->run()
CRITICAL - 2022-11-05 16:49:57 --> Undefined property: CodeIgniter\View\View::$mylibz
in APPPATH/Views/mtap/trx-purchase-order.php on line 18.
 1 APPPATH/Views/mtap/trx-purchase-order.php(18): CodeIgniter\Debug\Exceptions->errorHandler()
 2 SYSTEMPATH/View/View.php(213): include('APPPATH/Views/mtap/trx-purchase-order.php')
 3 SYSTEMPATH/View/View.php(216): CodeIgniter\View\View->CodeIgniter\View\{closure}()
 4 SYSTEMPATH/Common.php(1142): CodeIgniter\View\View->render()
 5 APPPATH/Controllers/Md_purchase.php(20): view()
 6 SYSTEMPATH/CodeIgniter.php(902): App\Controllers\Md_purchase->index()
 7 SYSTEMPATH/CodeIgniter.php(457): CodeIgniter\CodeIgniter->runController()
 8 SYSTEMPATH/CodeIgniter.php(340): CodeIgniter\CodeIgniter->handleRequest()
 9 FCPATH/index.php(67): CodeIgniter\CodeIgniter->run()
CRITICAL - 2022-11-05 16:50:04 --> Undefined property: CodeIgniter\View\View::$mylibz
in APPPATH/Views/mtap/trx-purchase-order.php on line 18.
 1 APPPATH/Views/mtap/trx-purchase-order.php(18): CodeIgniter\Debug\Exceptions->errorHandler()
 2 SYSTEMPATH/View/View.php(213): include('APPPATH/Views/mtap/trx-purchase-order.php')
 3 SYSTEMPATH/View/View.php(216): CodeIgniter\View\View->CodeIgniter\View\{closure}()
 4 SYSTEMPATH/Common.php(1142): CodeIgniter\View\View->render()
 5 APPPATH/Controllers/Md_purchase.php(20): view()
 6 SYSTEMPATH/CodeIgniter.php(902): App\Controllers\Md_purchase->index()
 7 SYSTEMPATH/CodeIgniter.php(457): CodeIgniter\CodeIgniter->runController()
 8 SYSTEMPATH/CodeIgniter.php(340): CodeIgniter\CodeIgniter->handleRequest()
 9 FCPATH/index.php(67): CodeIgniter\CodeIgniter->run()
CRITICAL - 2022-11-05 16:50:12 --> Undefined property: CodeIgniter\View\View::$mylibz
in APPPATH/Views/mtap/trx-purchase-order.php on line 18.
 1 APPPATH/Views/mtap/trx-purchase-order.php(18): CodeIgniter\Debug\Exceptions->errorHandler()
 2 SYSTEMPATH/View/View.php(213): include('APPPATH/Views/mtap/trx-purchase-order.php')
 3 SYSTEMPATH/View/View.php(216): CodeIgniter\View\View->CodeIgniter\View\{closure}()
 4 SYSTEMPATH/Common.php(1142): CodeIgniter\View\View->render()
 5 APPPATH/Controllers/Md_purchase.php(20): view()
 6 SYSTEMPATH/CodeIgniter.php(902): App\Controllers\Md_purchase->index()
 7 SYSTEMPATH/CodeIgniter.php(457): CodeIgniter\CodeIgniter->runController()
 8 SYSTEMPATH/CodeIgniter.php(340): CodeIgniter\CodeIgniter->handleRequest()
 9 FCPATH/index.php(67): CodeIgniter\CodeIgniter->run()
CRITICAL - 2022-11-05 16:50:13 --> Undefined property: CodeIgniter\View\View::$mylibz
in APPPATH/Views/mtap/trx-purchase-order.php on line 18.
 1 APPPATH/Views/mtap/trx-purchase-order.php(18): CodeIgniter\Debug\Exceptions->errorHandler()
 2 SYSTEMPATH/View/View.php(213): include('APPPATH/Views/mtap/trx-purchase-order.php')
 3 SYSTEMPATH/View/View.php(216): CodeIgniter\View\View->CodeIgniter\View\{closure}()
 4 SYSTEMPATH/Common.php(1142): CodeIgniter\View\View->render()
 5 APPPATH/Controllers/Md_purchase.php(20): view()
 6 SYSTEMPATH/CodeIgniter.php(902): App\Controllers\Md_purchase->index()
 7 SYSTEMPATH/CodeIgniter.php(457): CodeIgniter\CodeIgniter->runController()
 8 SYSTEMPATH/CodeIgniter.php(340): CodeIgniter\CodeIgniter->handleRequest()
 9 FCPATH/index.php(67): CodeIgniter\CodeIgniter->run()
CRITICAL - 2022-11-05 16:50:13 --> Undefined property: CodeIgniter\View\View::$mylibz
in APPPATH/Views/mtap/trx-purchase-order.php on line 18.
 1 APPPATH/Views/mtap/trx-purchase-order.php(18): CodeIgniter\Debug\Exceptions->errorHandler()
 2 SYSTEMPATH/View/View.php(213): include('APPPATH/Views/mtap/trx-purchase-order.php')
 3 SYSTEMPATH/View/View.php(216): CodeIgniter\View\View->CodeIgniter\View\{closure}()
 4 SYSTEMPATH/Common.php(1142): CodeIgniter\View\View->render()
 5 APPPATH/Controllers/Md_purchase.php(20): view()
 6 SYSTEMPATH/CodeIgniter.php(902): App\Controllers\Md_purchase->index()
 7 SYSTEMPATH/CodeIgniter.php(457): CodeIgniter\CodeIgniter->runController()
 8 SYSTEMPATH/CodeIgniter.php(340): CodeIgniter\CodeIgniter->handleRequest()
 9 FCPATH/index.php(67): CodeIgniter\CodeIgniter->run()
CRITICAL - 2022-11-05 16:50:13 --> Undefined property: CodeIgniter\View\View::$mylibz
in APPPATH/Views/mtap/trx-purchase-order.php on line 18.
 1 APPPATH/Views/mtap/trx-purchase-order.php(18): CodeIgniter\Debug\Exceptions->errorHandler()
 2 SYSTEMPATH/View/View.php(213): include('APPPATH/Views/mtap/trx-purchase-order.php')
 3 SYSTEMPATH/View/View.php(216): CodeIgniter\View\View->CodeIgniter\View\{closure}()
 4 SYSTEMPATH/Common.php(1142): CodeIgniter\View\View->render()
 5 APPPATH/Controllers/Md_purchase.php(20): view()
 6 SYSTEMPATH/CodeIgniter.php(902): App\Controllers\Md_purchase->index()
 7 SYSTEMPATH/CodeIgniter.php(457): CodeIgniter\CodeIgniter->runController()
 8 SYSTEMPATH/CodeIgniter.php(340): CodeIgniter\CodeIgniter->handleRequest()
 9 FCPATH/index.php(67): CodeIgniter\CodeIgniter->run()
CRITICAL - 2022-11-05 16:50:26 --> Undefined property: CodeIgniter\View\View::$mylibz
in APPPATH/Views/mtap/trx-purchase-order.php on line 18.
 1 APPPATH/Views/mtap/trx-purchase-order.php(18): CodeIgniter\Debug\Exceptions->errorHandler()
 2 SYSTEMPATH/View/View.php(213): include('APPPATH/Views/mtap/trx-purchase-order.php')
 3 SYSTEMPATH/View/View.php(216): CodeIgniter\View\View->CodeIgniter\View\{closure}()
 4 SYSTEMPATH/Common.php(1142): CodeIgniter\View\View->render()
 5 APPPATH/Controllers/Md_purchase.php(20): view()
 6 SYSTEMPATH/CodeIgniter.php(902): App\Controllers\Md_purchase->index()
 7 SYSTEMPATH/CodeIgniter.php(457): CodeIgniter\CodeIgniter->runController()
 8 SYSTEMPATH/CodeIgniter.php(340): CodeIgniter\CodeIgniter->handleRequest()
 9 FCPATH/index.php(67): CodeIgniter\CodeIgniter->run()
CRITICAL - 2022-11-05 16:57:07 --> Undefined property: CodeIgniter\View\View::$mylibz
in APPPATH/Views/mtap/trx-purchase-order.php on line 18.
 1 APPPATH/Views/mtap/trx-purchase-order.php(18): CodeIgniter\Debug\Exceptions->errorHandler()
 2 SYSTEMPATH/View/View.php(213): include('APPPATH/Views/mtap/trx-purchase-order.php')
 3 SYSTEMPATH/View/View.php(216): CodeIgniter\View\View->CodeIgniter\View\{closure}()
 4 SYSTEMPATH/Common.php(1142): CodeIgniter\View\View->render()
 5 APPPATH/Controllers/Md_purchase.php(20): view()
 6 SYSTEMPATH/CodeIgniter.php(902): App\Controllers\Md_purchase->index()
 7 SYSTEMPATH/CodeIgniter.php(457): CodeIgniter\CodeIgniter->runController()
 8 SYSTEMPATH/CodeIgniter.php(340): CodeIgniter\CodeIgniter->handleRequest()
 9 FCPATH/index.php(67): CodeIgniter\CodeIgniter->run()
CRITICAL - 2022-11-05 16:57:08 --> Undefined property: CodeIgniter\View\View::$mylibz
in APPPATH/Views/mtap/trx-purchase-order.php on line 18.
 1 APPPATH/Views/mtap/trx-purchase-order.php(18): CodeIgniter\Debug\Exceptions->errorHandler()
 2 SYSTEMPATH/View/View.php(213): include('APPPATH/Views/mtap/trx-purchase-order.php')
 3 SYSTEMPATH/View/View.php(216): CodeIgniter\View\View->CodeIgniter\View\{closure}()
 4 SYSTEMPATH/Common.php(1142): CodeIgniter\View\View->render()
 5 APPPATH/Controllers/Md_purchase.php(20): view()
 6 SYSTEMPATH/CodeIgniter.php(902): App\Controllers\Md_purchase->index()
 7 SYSTEMPATH/CodeIgniter.php(457): CodeIgniter\CodeIgniter->runController()
 8 SYSTEMPATH/CodeIgniter.php(340): CodeIgniter\CodeIgniter->handleRequest()
 9 FCPATH/index.php(67): CodeIgniter\CodeIgniter->run()
CRITICAL - 2022-11-05 16:57:08 --> Undefined property: CodeIgniter\View\View::$mylibz
in APPPATH/Views/mtap/trx-purchase-order.php on line 18.
 1 APPPATH/Views/mtap/trx-purchase-order.php(18): CodeIgniter\Debug\Exceptions->errorHandler()
 2 SYSTEMPATH/View/View.php(213): include('APPPATH/Views/mtap/trx-purchase-order.php')
 3 SYSTEMPATH/View/View.php(216): CodeIgniter\View\View->CodeIgniter\View\{closure}()
 4 SYSTEMPATH/Common.php(1142): CodeIgniter\View\View->render()
 5 APPPATH/Controllers/Md_purchase.php(20): view()
 6 SYSTEMPATH/CodeIgniter.php(902): App\Controllers\Md_purchase->index()
 7 SYSTEMPATH/CodeIgniter.php(457): CodeIgniter\CodeIgniter->runController()
 8 SYSTEMPATH/CodeIgniter.php(340): CodeIgniter\CodeIgniter->handleRequest()
 9 FCPATH/index.php(67): CodeIgniter\CodeIgniter->run()
CRITICAL - 2022-11-05 16:57:08 --> Undefined property: CodeIgniter\View\View::$mylibz
in APPPATH/Views/mtap/trx-purchase-order.php on line 18.
 1 APPPATH/Views/mtap/trx-purchase-order.php(18): CodeIgniter\Debug\Exceptions->errorHandler()
 2 SYSTEMPATH/View/View.php(213): include('APPPATH/Views/mtap/trx-purchase-order.php')
 3 SYSTEMPATH/View/View.php(216): CodeIgniter\View\View->CodeIgniter\View\{closure}()
 4 SYSTEMPATH/Common.php(1142): CodeIgniter\View\View->render()
 5 APPPATH/Controllers/Md_purchase.php(20): view()
 6 SYSTEMPATH/CodeIgniter.php(902): App\Controllers\Md_purchase->index()
 7 SYSTEMPATH/CodeIgniter.php(457): CodeIgniter\CodeIgniter->runController()
 8 SYSTEMPATH/CodeIgniter.php(340): CodeIgniter\CodeIgniter->handleRequest()
 9 FCPATH/index.php(67): CodeIgniter\CodeIgniter->run()
CRITICAL - 2022-11-05 16:57:09 --> Undefined property: CodeIgniter\View\View::$mylibz
in APPPATH/Views/mtap/trx-purchase-order.php on line 18.
 1 APPPATH/Views/mtap/trx-purchase-order.php(18): CodeIgniter\Debug\Exceptions->errorHandler()
 2 SYSTEMPATH/View/View.php(213): include('APPPATH/Views/mtap/trx-purchase-order.php')
 3 SYSTEMPATH/View/View.php(216): CodeIgniter\View\View->CodeIgniter\View\{closure}()
 4 SYSTEMPATH/Common.php(1142): CodeIgniter\View\View->render()
 5 APPPATH/Controllers/Md_purchase.php(20): view()
 6 SYSTEMPATH/CodeIgniter.php(902): App\Controllers\Md_purchase->index()
 7 SYSTEMPATH/CodeIgniter.php(457): CodeIgniter\CodeIgniter->runController()
 8 SYSTEMPATH/CodeIgniter.php(340): CodeIgniter\CodeIgniter->handleRequest()
 9 FCPATH/index.php(67): CodeIgniter\CodeIgniter->run()
CRITICAL - 2022-11-05 16:57:09 --> Undefined property: CodeIgniter\View\View::$mylibz
in APPPATH/Views/mtap/trx-purchase-order.php on line 18.
 1 APPPATH/Views/mtap/trx-purchase-order.php(18): CodeIgniter\Debug\Exceptions->errorHandler()
 2 SYSTEMPATH/View/View.php(213): include('APPPATH/Views/mtap/trx-purchase-order.php')
 3 SYSTEMPATH/View/View.php(216): CodeIgniter\View\View->CodeIgniter\View\{closure}()
 4 SYSTEMPATH/Common.php(1142): CodeIgniter\View\View->render()
 5 APPPATH/Controllers/Md_purchase.php(20): view()
 6 SYSTEMPATH/CodeIgniter.php(902): App\Controllers\Md_purchase->index()
 7 SYSTEMPATH/CodeIgniter.php(457): CodeIgniter\CodeIgniter->runController()
 8 SYSTEMPATH/CodeIgniter.php(340): CodeIgniter\CodeIgniter->handleRequest()
 9 FCPATH/index.php(67): CodeIgniter\CodeIgniter->run()
CRITICAL - 2022-11-05 16:57:12 --> Undefined property: CodeIgniter\View\View::$mylibz
in APPPATH/Views/mtap/trx-purchase-order.php on line 18.
 1 APPPATH/Views/mtap/trx-purchase-order.php(18): CodeIgniter\Debug\Exceptions->errorHandler()
 2 SYSTEMPATH/View/View.php(213): include('APPPATH/Views/mtap/trx-purchase-order.php')
 3 SYSTEMPATH/View/View.php(216): CodeIgniter\View\View->CodeIgniter\View\{closure}()
 4 SYSTEMPATH/Common.php(1142): CodeIgniter\View\View->render()
 5 APPPATH/Controllers/Md_purchase.php(20): view()
 6 SYSTEMPATH/CodeIgniter.php(902): App\Controllers\Md_purchase->index()
 7 SYSTEMPATH/CodeIgniter.php(457): CodeIgniter\CodeIgniter->runController()
 8 SYSTEMPATH/CodeIgniter.php(340): CodeIgniter\CodeIgniter->handleRequest()
 9 FCPATH/index.php(67): CodeIgniter\CodeIgniter->run()
