CRITICAL - 2022-10-07 08:36:14 --> file_get_contents(/var/mdevz/mynlinksc/writable/debugbar/debugbar_1665042091.551893.json): failed to open stream: No such file or directory
in SYSTEMPATH/Debug/Toolbar/Collectors/History.php on line 82.
 1 [internal function]: CodeIgniter\Debug\Exceptions->errorHandler()
 2 SYSTEMPATH/Debug/Toolbar/Collectors/History.php(82): file_get_contents()
 3 SYSTEMPATH/Debug/Toolbar.php(501): CodeIgniter\Debug\Toolbar\Collectors\History->setFiles()
 4 SYSTEMPATH/Debug/Toolbar.php(478): CodeIgniter\Debug\Toolbar->format()
 5 APPPATH/Config/Events.php(48): CodeIgniter\Debug\Toolbar->respond()
 6 SYSTEMPATH/Events/Events.php(149): CodeIgniter\Events\Events::Config\{closure}()
 7 SYSTEMPATH/CodeIgniter.php(317): CodeIgniter\Events\Events::trigger()
 8 FCPATH/index.php(67): CodeIgniter\CodeIgniter->run()
ERROR - 2022-10-07 10:56:19 --> mysqli_sql_exception: Unknown column 'postprint_flag' in 'field list' in /var/mdevz/mynlinksc/system/Database/MySQLi/Connection.php:292
Stack trace:
#0 /var/mdevz/mynlinksc/system/Database/MySQLi/Connection.php(292): mysqli->query()
#1 /var/mdevz/mynlinksc/system/Database/BaseConnection.php(693): CodeIgniter\Database\MySQLi\Connection->execute()
#2 /var/mdevz/mynlinksc/system/Database/BaseConnection.php(620): CodeIgniter\Database\BaseConnection->simpleQuery()
#3 /var/mdevz/mynlinksc/app/Models/MyLibzDBModel.php(19): CodeIgniter\Database\BaseConnection->query()
#4 /var/mdevz/mynlinksc/app/Views/warehouse_out/warehouse_out_fprint.php(122): App\Models\MyLibzDBModel->myoa_sql_exec()
#5 /var/mdevz/mynlinksc/system/View/View.php(213): include('/var/mdevz/mynl...')
#6 /var/mdevz/mynlinksc/system/View/View.php(216): CodeIgniter\View\View->CodeIgniter\View\{closure}()
#7 /var/mdevz/mynlinksc/system/Common.php(1142): CodeIgniter\View\View->render()
#8 /var/mdevz/mynlinksc/app/Controllers/Warehouse_out.php(115): view()
#9 /var/mdevz/mynlinksc/system/CodeIgniter.php(907): App\Controllers\Warehouse_out->mywhout_fprint()
#10 /var/mdevz/mynlinksc/system/CodeIgniter.php(457): CodeIgniter\CodeIgniter->runController()
#11 /var/mdevz/mynlinksc/system/CodeIgniter.php(340): CodeIgniter\CodeIgniter->handleRequest()
#12 /var/mdevz/mynlinksc/public/index.php(67): CodeIgniter\CodeIgniter->run()
#13 {main}
CRITICAL - 2022-10-07 13:40:32 --> unlink(/var/mdevz/mynlinksc/writable/debugbar/debugbar_1665101289.588468.json): No such file or directory
in SYSTEMPATH/Debug/Toolbar/Collectors/History.php on line 76.
 1 [internal function]: CodeIgniter\Debug\Exceptions->errorHandler()
 2 SYSTEMPATH/Debug/Toolbar/Collectors/History.php(76): unlink()
 3 SYSTEMPATH/Debug/Toolbar.php(501): CodeIgniter\Debug\Toolbar\Collectors\History->setFiles()
 4 SYSTEMPATH/Debug/Toolbar.php(478): CodeIgniter\Debug\Toolbar->format()
 5 APPPATH/Config/Events.php(48): CodeIgniter\Debug\Toolbar->respond()
 6 SYSTEMPATH/Events/Events.php(149): CodeIgniter\Events\Events::Config\{closure}()
 7 SYSTEMPATH/CodeIgniter.php(317): CodeIgniter\Events\Events::trigger()
 8 FCPATH/index.php(67): CodeIgniter\CodeIgniter->run()
