CRITICAL - 2022-11-08 09:23:28 --> Undefined property: CodeIgniter\View\View::$mylibz
in APPPATH/Views/mtap/trx-purchase-order.php on line 18.
 1 APPPATH/Views/mtap/trx-purchase-order.php(18): CodeIgniter\Debug\Exceptions->errorHandler()
 2 SYSTEMPATH/View/View.php(213): include('APPPATH/Views/mtap/trx-purchase-order.php')
 3 SYSTEMPATH/View/View.php(216): CodeIgniter\View\View->CodeIgniter\View\{closure}()
 4 SYSTEMPATH/Common.php(1142): CodeIgniter\View\View->render()
 5 APPPATH/Controllers/Md_purchase.php(20): view()
 6 SYSTEMPATH/CodeIgniter.php(902): App\Controllers\Md_purchase->index()
 7 SYSTEMPATH/CodeIgniter.php(457): CodeIgniter\CodeIgniter->runController()
 8 SYSTEMPATH/CodeIgniter.php(340): CodeIgniter\CodeIgniter->handleRequest()
 9 FCPATH/index.php(67): CodeIgniter\CodeIgniter->run()
CRITICAL - 2022-11-08 09:29:36 --> Undefined property: CodeIgniter\View\View::$mylibz
in APPPATH/Views/mtap/trx-purchase-order.php on line 18.
 1 APPPATH/Views/mtap/trx-purchase-order.php(18): CodeIgniter\Debug\Exceptions->errorHandler()
 2 SYSTEMPATH/View/View.php(213): include('APPPATH/Views/mtap/trx-purchase-order.php')
 3 SYSTEMPATH/View/View.php(216): CodeIgniter\View\View->CodeIgniter\View\{closure}()
 4 SYSTEMPATH/Common.php(1142): CodeIgniter\View\View->render()
 5 APPPATH/Controllers/Md_purchase.php(20): view()
 6 SYSTEMPATH/CodeIgniter.php(902): App\Controllers\Md_purchase->index()
 7 SYSTEMPATH/CodeIgniter.php(457): CodeIgniter\CodeIgniter->runController()
 8 SYSTEMPATH/CodeIgniter.php(340): CodeIgniter\CodeIgniter->handleRequest()
 9 FCPATH/index.php(67): CodeIgniter\CodeIgniter->run()
CRITICAL - 2022-11-08 09:29:37 --> Undefined property: CodeIgniter\View\View::$mylibz
in APPPATH/Views/mtap/trx-purchase-order.php on line 18.
 1 APPPATH/Views/mtap/trx-purchase-order.php(18): CodeIgniter\Debug\Exceptions->errorHandler()
 2 SYSTEMPATH/View/View.php(213): include('APPPATH/Views/mtap/trx-purchase-order.php')
 3 SYSTEMPATH/View/View.php(216): CodeIgniter\View\View->CodeIgniter\View\{closure}()
 4 SYSTEMPATH/Common.php(1142): CodeIgniter\View\View->render()
 5 APPPATH/Controllers/Md_purchase.php(20): view()
 6 SYSTEMPATH/CodeIgniter.php(902): App\Controllers\Md_purchase->index()
 7 SYSTEMPATH/CodeIgniter.php(457): CodeIgniter\CodeIgniter->runController()
 8 SYSTEMPATH/CodeIgniter.php(340): CodeIgniter\CodeIgniter->handleRequest()
 9 FCPATH/index.php(67): CodeIgniter\CodeIgniter->run()
CRITICAL - 2022-11-08 09:29:37 --> Undefined property: CodeIgniter\View\View::$mylibz
in APPPATH/Views/mtap/trx-purchase-order.php on line 18.
 1 APPPATH/Views/mtap/trx-purchase-order.php(18): CodeIgniter\Debug\Exceptions->errorHandler()
 2 SYSTEMPATH/View/View.php(213): include('APPPATH/Views/mtap/trx-purchase-order.php')
 3 SYSTEMPATH/View/View.php(216): CodeIgniter\View\View->CodeIgniter\View\{closure}()
 4 SYSTEMPATH/Common.php(1142): CodeIgniter\View\View->render()
 5 APPPATH/Controllers/Md_purchase.php(20): view()
 6 SYSTEMPATH/CodeIgniter.php(902): App\Controllers\Md_purchase->index()
 7 SYSTEMPATH/CodeIgniter.php(457): CodeIgniter\CodeIgniter->runController()
 8 SYSTEMPATH/CodeIgniter.php(340): CodeIgniter\CodeIgniter->handleRequest()
 9 FCPATH/index.php(67): CodeIgniter\CodeIgniter->run()
CRITICAL - 2022-11-08 09:29:37 --> Undefined property: CodeIgniter\View\View::$mylibz
in APPPATH/Views/mtap/trx-purchase-order.php on line 18.
 1 APPPATH/Views/mtap/trx-purchase-order.php(18): CodeIgniter\Debug\Exceptions->errorHandler()
 2 SYSTEMPATH/View/View.php(213): include('APPPATH/Views/mtap/trx-purchase-order.php')
 3 SYSTEMPATH/View/View.php(216): CodeIgniter\View\View->CodeIgniter\View\{closure}()
 4 SYSTEMPATH/Common.php(1142): CodeIgniter\View\View->render()
 5 APPPATH/Controllers/Md_purchase.php(20): view()
 6 SYSTEMPATH/CodeIgniter.php(902): App\Controllers\Md_purchase->index()
 7 SYSTEMPATH/CodeIgniter.php(457): CodeIgniter\CodeIgniter->runController()
 8 SYSTEMPATH/CodeIgniter.php(340): CodeIgniter\CodeIgniter->handleRequest()
 9 FCPATH/index.php(67): CodeIgniter\CodeIgniter->run()
CRITICAL - 2022-11-08 09:29:37 --> Undefined property: CodeIgniter\View\View::$mylibz
in APPPATH/Views/mtap/trx-purchase-order.php on line 18.
 1 APPPATH/Views/mtap/trx-purchase-order.php(18): CodeIgniter\Debug\Exceptions->errorHandler()
 2 SYSTEMPATH/View/View.php(213): include('APPPATH/Views/mtap/trx-purchase-order.php')
 3 SYSTEMPATH/View/View.php(216): CodeIgniter\View\View->CodeIgniter\View\{closure}()
 4 SYSTEMPATH/Common.php(1142): CodeIgniter\View\View->render()
 5 APPPATH/Controllers/Md_purchase.php(20): view()
 6 SYSTEMPATH/CodeIgniter.php(902): App\Controllers\Md_purchase->index()
 7 SYSTEMPATH/CodeIgniter.php(457): CodeIgniter\CodeIgniter->runController()
 8 SYSTEMPATH/CodeIgniter.php(340): CodeIgniter\CodeIgniter->handleRequest()
 9 FCPATH/index.php(67): CodeIgniter\CodeIgniter->run()
CRITICAL - 2022-11-08 09:29:37 --> Undefined property: CodeIgniter\View\View::$mylibz
in APPPATH/Views/mtap/trx-purchase-order.php on line 18.
 1 APPPATH/Views/mtap/trx-purchase-order.php(18): CodeIgniter\Debug\Exceptions->errorHandler()
 2 SYSTEMPATH/View/View.php(213): include('APPPATH/Views/mtap/trx-purchase-order.php')
 3 SYSTEMPATH/View/View.php(216): CodeIgniter\View\View->CodeIgniter\View\{closure}()
 4 SYSTEMPATH/Common.php(1142): CodeIgniter\View\View->render()
 5 APPPATH/Controllers/Md_purchase.php(20): view()
 6 SYSTEMPATH/CodeIgniter.php(902): App\Controllers\Md_purchase->index()
 7 SYSTEMPATH/CodeIgniter.php(457): CodeIgniter\CodeIgniter->runController()
 8 SYSTEMPATH/CodeIgniter.php(340): CodeIgniter\CodeIgniter->handleRequest()
 9 FCPATH/index.php(67): CodeIgniter\CodeIgniter->run()
CRITICAL - 2022-11-08 09:29:37 --> Undefined property: CodeIgniter\View\View::$mylibz
in APPPATH/Views/mtap/trx-purchase-order.php on line 18.
 1 APPPATH/Views/mtap/trx-purchase-order.php(18): CodeIgniter\Debug\Exceptions->errorHandler()
 2 SYSTEMPATH/View/View.php(213): include('APPPATH/Views/mtap/trx-purchase-order.php')
 3 SYSTEMPATH/View/View.php(216): CodeIgniter\View\View->CodeIgniter\View\{closure}()
 4 SYSTEMPATH/Common.php(1142): CodeIgniter\View\View->render()
 5 APPPATH/Controllers/Md_purchase.php(20): view()
 6 SYSTEMPATH/CodeIgniter.php(902): App\Controllers\Md_purchase->index()
 7 SYSTEMPATH/CodeIgniter.php(457): CodeIgniter\CodeIgniter->runController()
 8 SYSTEMPATH/CodeIgniter.php(340): CodeIgniter\CodeIgniter->handleRequest()
 9 FCPATH/index.php(67): CodeIgniter\CodeIgniter->run()
CRITICAL - 2022-11-08 09:36:34 --> Undefined variable $mtkn_mntr
in APPPATH/Views/mtap/trx-purchase-order.php on line 130.
 1 APPPATH/Views/mtap/trx-purchase-order.php(130): CodeIgniter\Debug\Exceptions->errorHandler()
 2 SYSTEMPATH/View/View.php(213): include('APPPATH/Views/mtap/trx-purchase-order.php')
 3 SYSTEMPATH/View/View.php(216): CodeIgniter\View\View->CodeIgniter\View\{closure}()
 4 SYSTEMPATH/Common.php(1142): CodeIgniter\View\View->render()
 5 APPPATH/Controllers/Md_purchase.php(20): view()
 6 SYSTEMPATH/CodeIgniter.php(902): App\Controllers\Md_purchase->index()
 7 SYSTEMPATH/CodeIgniter.php(457): CodeIgniter\CodeIgniter->runController()
 8 SYSTEMPATH/CodeIgniter.php(340): CodeIgniter\CodeIgniter->handleRequest()
 9 FCPATH/index.php(67): CodeIgniter\CodeIgniter->run()
CRITICAL - 2022-11-08 09:36:42 --> Undefined variable $mtkn_mntr
in APPPATH/Views/mtap/trx-purchase-order.php on line 130.
 1 APPPATH/Views/mtap/trx-purchase-order.php(130): CodeIgniter\Debug\Exceptions->errorHandler()
 2 SYSTEMPATH/View/View.php(213): include('APPPATH/Views/mtap/trx-purchase-order.php')
 3 SYSTEMPATH/View/View.php(216): CodeIgniter\View\View->CodeIgniter\View\{closure}()
 4 SYSTEMPATH/Common.php(1142): CodeIgniter\View\View->render()
 5 APPPATH/Controllers/Md_purchase.php(20): view()
 6 SYSTEMPATH/CodeIgniter.php(902): App\Controllers\Md_purchase->index()
 7 SYSTEMPATH/CodeIgniter.php(457): CodeIgniter\CodeIgniter->runController()
 8 SYSTEMPATH/CodeIgniter.php(340): CodeIgniter\CodeIgniter->handleRequest()
 9 FCPATH/index.php(67): CodeIgniter\CodeIgniter->run()
CRITICAL - 2022-11-08 11:02:47 --> Undefined variable $mtkn_mntr
in APPPATH/Views/mtap/trx-purchase-order.php on line 130.
 1 APPPATH/Views/mtap/trx-purchase-order.php(130): CodeIgniter\Debug\Exceptions->errorHandler()
 2 SYSTEMPATH/View/View.php(213): include('APPPATH/Views/mtap/trx-purchase-order.php')
 3 SYSTEMPATH/View/View.php(216): CodeIgniter\View\View->CodeIgniter\View\{closure}()
 4 SYSTEMPATH/Common.php(1142): CodeIgniter\View\View->render()
 5 APPPATH/Controllers/Md_purchase.php(20): view()
 6 SYSTEMPATH/CodeIgniter.php(902): App\Controllers\Md_purchase->index()
 7 SYSTEMPATH/CodeIgniter.php(457): CodeIgniter\CodeIgniter->runController()
 8 SYSTEMPATH/CodeIgniter.php(340): CodeIgniter\CodeIgniter->handleRequest()
 9 FCPATH/index.php(67): CodeIgniter\CodeIgniter->run()
CRITICAL - 2022-11-08 11:02:47 --> Undefined variable $mtkn_mntr
in APPPATH/Views/mtap/trx-purchase-order.php on line 130.
 1 APPPATH/Views/mtap/trx-purchase-order.php(130): CodeIgniter\Debug\Exceptions->errorHandler()
 2 SYSTEMPATH/View/View.php(213): include('APPPATH/Views/mtap/trx-purchase-order.php')
 3 SYSTEMPATH/View/View.php(216): CodeIgniter\View\View->CodeIgniter\View\{closure}()
 4 SYSTEMPATH/Common.php(1142): CodeIgniter\View\View->render()
 5 APPPATH/Controllers/Md_purchase.php(20): view()
 6 SYSTEMPATH/CodeIgniter.php(902): App\Controllers\Md_purchase->index()
 7 SYSTEMPATH/CodeIgniter.php(457): CodeIgniter\CodeIgniter->runController()
 8 SYSTEMPATH/CodeIgniter.php(340): CodeIgniter\CodeIgniter->handleRequest()
 9 FCPATH/index.php(67): CodeIgniter\CodeIgniter->run()
CRITICAL - 2022-11-08 11:02:48 --> Undefined variable $mtkn_mntr
in APPPATH/Views/mtap/trx-purchase-order.php on line 130.
 1 APPPATH/Views/mtap/trx-purchase-order.php(130): CodeIgniter\Debug\Exceptions->errorHandler()
 2 SYSTEMPATH/View/View.php(213): include('APPPATH/Views/mtap/trx-purchase-order.php')
 3 SYSTEMPATH/View/View.php(216): CodeIgniter\View\View->CodeIgniter\View\{closure}()
 4 SYSTEMPATH/Common.php(1142): CodeIgniter\View\View->render()
 5 APPPATH/Controllers/Md_purchase.php(20): view()
 6 SYSTEMPATH/CodeIgniter.php(902): App\Controllers\Md_purchase->index()
 7 SYSTEMPATH/CodeIgniter.php(457): CodeIgniter\CodeIgniter->runController()
 8 SYSTEMPATH/CodeIgniter.php(340): CodeIgniter\CodeIgniter->handleRequest()
 9 FCPATH/index.php(67): CodeIgniter\CodeIgniter->run()
CRITICAL - 2022-11-08 11:02:48 --> Undefined variable $mtkn_mntr
in APPPATH/Views/mtap/trx-purchase-order.php on line 130.
 1 APPPATH/Views/mtap/trx-purchase-order.php(130): CodeIgniter\Debug\Exceptions->errorHandler()
 2 SYSTEMPATH/View/View.php(213): include('APPPATH/Views/mtap/trx-purchase-order.php')
 3 SYSTEMPATH/View/View.php(216): CodeIgniter\View\View->CodeIgniter\View\{closure}()
 4 SYSTEMPATH/Common.php(1142): CodeIgniter\View\View->render()
 5 APPPATH/Controllers/Md_purchase.php(20): view()
 6 SYSTEMPATH/CodeIgniter.php(902): App\Controllers\Md_purchase->index()
 7 SYSTEMPATH/CodeIgniter.php(457): CodeIgniter\CodeIgniter->runController()
 8 SYSTEMPATH/CodeIgniter.php(340): CodeIgniter\CodeIgniter->handleRequest()
 9 FCPATH/index.php(67): CodeIgniter\CodeIgniter->run()
CRITICAL - 2022-11-08 11:02:48 --> Undefined variable $mtkn_mntr
in APPPATH/Views/mtap/trx-purchase-order.php on line 130.
 1 APPPATH/Views/mtap/trx-purchase-order.php(130): CodeIgniter\Debug\Exceptions->errorHandler()
 2 SYSTEMPATH/View/View.php(213): include('APPPATH/Views/mtap/trx-purchase-order.php')
 3 SYSTEMPATH/View/View.php(216): CodeIgniter\View\View->CodeIgniter\View\{closure}()
 4 SYSTEMPATH/Common.php(1142): CodeIgniter\View\View->render()
 5 APPPATH/Controllers/Md_purchase.php(20): view()
 6 SYSTEMPATH/CodeIgniter.php(902): App\Controllers\Md_purchase->index()
 7 SYSTEMPATH/CodeIgniter.php(457): CodeIgniter\CodeIgniter->runController()
 8 SYSTEMPATH/CodeIgniter.php(340): CodeIgniter\CodeIgniter->handleRequest()
 9 FCPATH/index.php(67): CodeIgniter\CodeIgniter->run()
CRITICAL - 2022-11-08 11:02:48 --> Undefined variable $mtkn_mntr
in APPPATH/Views/mtap/trx-purchase-order.php on line 130.
 1 APPPATH/Views/mtap/trx-purchase-order.php(130): CodeIgniter\Debug\Exceptions->errorHandler()
 2 SYSTEMPATH/View/View.php(213): include('APPPATH/Views/mtap/trx-purchase-order.php')
 3 SYSTEMPATH/View/View.php(216): CodeIgniter\View\View->CodeIgniter\View\{closure}()
 4 SYSTEMPATH/Common.php(1142): CodeIgniter\View\View->render()
 5 APPPATH/Controllers/Md_purchase.php(20): view()
 6 SYSTEMPATH/CodeIgniter.php(902): App\Controllers\Md_purchase->index()
 7 SYSTEMPATH/CodeIgniter.php(457): CodeIgniter\CodeIgniter->runController()
 8 SYSTEMPATH/CodeIgniter.php(340): CodeIgniter\CodeIgniter->handleRequest()
 9 FCPATH/index.php(67): CodeIgniter\CodeIgniter->run()
CRITICAL - 2022-11-08 11:02:48 --> Undefined variable $mtkn_mntr
in APPPATH/Views/mtap/trx-purchase-order.php on line 130.
 1 APPPATH/Views/mtap/trx-purchase-order.php(130): CodeIgniter\Debug\Exceptions->errorHandler()
 2 SYSTEMPATH/View/View.php(213): include('APPPATH/Views/mtap/trx-purchase-order.php')
 3 SYSTEMPATH/View/View.php(216): CodeIgniter\View\View->CodeIgniter\View\{closure}()
 4 SYSTEMPATH/Common.php(1142): CodeIgniter\View\View->render()
 5 APPPATH/Controllers/Md_purchase.php(20): view()
 6 SYSTEMPATH/CodeIgniter.php(902): App\Controllers\Md_purchase->index()
 7 SYSTEMPATH/CodeIgniter.php(457): CodeIgniter\CodeIgniter->runController()
 8 SYSTEMPATH/CodeIgniter.php(340): CodeIgniter\CodeIgniter->handleRequest()
 9 FCPATH/index.php(67): CodeIgniter\CodeIgniter->run()
CRITICAL - 2022-11-08 11:02:49 --> Undefined variable $mtkn_mntr
in APPPATH/Views/mtap/trx-purchase-order.php on line 130.
 1 APPPATH/Views/mtap/trx-purchase-order.php(130): CodeIgniter\Debug\Exceptions->errorHandler()
 2 SYSTEMPATH/View/View.php(213): include('APPPATH/Views/mtap/trx-purchase-order.php')
 3 SYSTEMPATH/View/View.php(216): CodeIgniter\View\View->CodeIgniter\View\{closure}()
 4 SYSTEMPATH/Common.php(1142): CodeIgniter\View\View->render()
 5 APPPATH/Controllers/Md_purchase.php(20): view()
 6 SYSTEMPATH/CodeIgniter.php(902): App\Controllers\Md_purchase->index()
 7 SYSTEMPATH/CodeIgniter.php(457): CodeIgniter\CodeIgniter->runController()
 8 SYSTEMPATH/CodeIgniter.php(340): CodeIgniter\CodeIgniter->handleRequest()
 9 FCPATH/index.php(67): CodeIgniter\CodeIgniter->run()
CRITICAL - 2022-11-08 11:03:06 --> Undefined variable $mtkn_mntr
in APPPATH/Views/mtap/trx-purchase-order.php on line 130.
 1 APPPATH/Views/mtap/trx-purchase-order.php(130): CodeIgniter\Debug\Exceptions->errorHandler()
 2 SYSTEMPATH/View/View.php(213): include('APPPATH/Views/mtap/trx-purchase-order.php')
 3 SYSTEMPATH/View/View.php(216): CodeIgniter\View\View->CodeIgniter\View\{closure}()
 4 SYSTEMPATH/Common.php(1142): CodeIgniter\View\View->render()
 5 APPPATH/Controllers/Md_purchase.php(20): view()
 6 SYSTEMPATH/CodeIgniter.php(902): App\Controllers\Md_purchase->index()
 7 SYSTEMPATH/CodeIgniter.php(457): CodeIgniter\CodeIgniter->runController()
 8 SYSTEMPATH/CodeIgniter.php(340): CodeIgniter\CodeIgniter->handleRequest()
 9 FCPATH/index.php(67): CodeIgniter\CodeIgniter->run()
CRITICAL - 2022-11-08 11:04:15 --> Undefined variable $mtkn_mntr
in APPPATH/Views/mtap/trx-purchase-order.php on line 130.
 1 APPPATH/Views/mtap/trx-purchase-order.php(130): CodeIgniter\Debug\Exceptions->errorHandler()
 2 SYSTEMPATH/View/View.php(213): include('APPPATH/Views/mtap/trx-purchase-order.php')
 3 SYSTEMPATH/View/View.php(216): CodeIgniter\View\View->CodeIgniter\View\{closure}()
 4 SYSTEMPATH/Common.php(1142): CodeIgniter\View\View->render()
 5 APPPATH/Controllers/Md_purchase.php(20): view()
 6 SYSTEMPATH/CodeIgniter.php(902): App\Controllers\Md_purchase->index()
 7 SYSTEMPATH/CodeIgniter.php(457): CodeIgniter\CodeIgniter->runController()
 8 SYSTEMPATH/CodeIgniter.php(340): CodeIgniter\CodeIgniter->handleRequest()
 9 FCPATH/index.php(67): CodeIgniter\CodeIgniter->run()
CRITICAL - 2022-11-08 11:04:17 --> Undefined variable $mtkn_mntr
in APPPATH/Views/mtap/trx-purchase-order.php on line 130.
 1 APPPATH/Views/mtap/trx-purchase-order.php(130): CodeIgniter\Debug\Exceptions->errorHandler()
 2 SYSTEMPATH/View/View.php(213): include('APPPATH/Views/mtap/trx-purchase-order.php')
 3 SYSTEMPATH/View/View.php(216): CodeIgniter\View\View->CodeIgniter\View\{closure}()
 4 SYSTEMPATH/Common.php(1142): CodeIgniter\View\View->render()
 5 APPPATH/Controllers/Md_purchase.php(20): view()
 6 SYSTEMPATH/CodeIgniter.php(902): App\Controllers\Md_purchase->index()
 7 SYSTEMPATH/CodeIgniter.php(457): CodeIgniter\CodeIgniter->runController()
 8 SYSTEMPATH/CodeIgniter.php(340): CodeIgniter\CodeIgniter->handleRequest()
 9 FCPATH/index.php(67): CodeIgniter\CodeIgniter->run()
CRITICAL - 2022-11-08 11:10:21 --> count(): Argument #1 ($value) must be of type Countable|array, string given
in APPPATH/Models/MyLibzSysModel.php on line 58.
 1 APPPATH/Models/MyLibzSysModel.php(58): count()
 2 APPPATH/Views/mtap/trx-purchase-order.php(138): App\Models\MyLibzSysModel->mypopulist_2()
 3 SYSTEMPATH/View/View.php(213): include('APPPATH/Views/mtap/trx-purchase-order.php')
 4 SYSTEMPATH/View/View.php(216): CodeIgniter\View\View->CodeIgniter\View\{closure}()
 5 SYSTEMPATH/Common.php(1142): CodeIgniter\View\View->render()
 6 APPPATH/Controllers/Md_purchase.php(20): view()
 7 SYSTEMPATH/CodeIgniter.php(902): App\Controllers\Md_purchase->index()
 8 SYSTEMPATH/CodeIgniter.php(457): CodeIgniter\CodeIgniter->runController()
 9 SYSTEMPATH/CodeIgniter.php(340): CodeIgniter\CodeIgniter->handleRequest()
10 FCPATH/index.php(67): CodeIgniter\CodeIgniter->run()
CRITICAL - 2022-11-08 11:10:21 --> count(): Argument #1 ($value) must be of type Countable|array, string given
in APPPATH/Models/MyLibzSysModel.php on line 58.
 1 APPPATH/Models/MyLibzSysModel.php(58): count()
 2 APPPATH/Views/mtap/trx-purchase-order.php(138): App\Models\MyLibzSysModel->mypopulist_2()
 3 SYSTEMPATH/View/View.php(213): include('APPPATH/Views/mtap/trx-purchase-order.php')
 4 SYSTEMPATH/View/View.php(216): CodeIgniter\View\View->CodeIgniter\View\{closure}()
 5 SYSTEMPATH/Common.php(1142): CodeIgniter\View\View->render()
 6 APPPATH/Controllers/Md_purchase.php(20): view()
 7 SYSTEMPATH/CodeIgniter.php(902): App\Controllers\Md_purchase->index()
 8 SYSTEMPATH/CodeIgniter.php(457): CodeIgniter\CodeIgniter->runController()
 9 SYSTEMPATH/CodeIgniter.php(340): CodeIgniter\CodeIgniter->handleRequest()
10 FCPATH/index.php(67): CodeIgniter\CodeIgniter->run()
CRITICAL - 2022-11-08 11:10:21 --> count(): Argument #1 ($value) must be of type Countable|array, string given
in APPPATH/Models/MyLibzSysModel.php on line 58.
 1 APPPATH/Models/MyLibzSysModel.php(58): count()
 2 APPPATH/Views/mtap/trx-purchase-order.php(138): App\Models\MyLibzSysModel->mypopulist_2()
 3 SYSTEMPATH/View/View.php(213): include('APPPATH/Views/mtap/trx-purchase-order.php')
 4 SYSTEMPATH/View/View.php(216): CodeIgniter\View\View->CodeIgniter\View\{closure}()
 5 SYSTEMPATH/Common.php(1142): CodeIgniter\View\View->render()
 6 APPPATH/Controllers/Md_purchase.php(20): view()
 7 SYSTEMPATH/CodeIgniter.php(902): App\Controllers\Md_purchase->index()
 8 SYSTEMPATH/CodeIgniter.php(457): CodeIgniter\CodeIgniter->runController()
 9 SYSTEMPATH/CodeIgniter.php(340): CodeIgniter\CodeIgniter->handleRequest()
10 FCPATH/index.php(67): CodeIgniter\CodeIgniter->run()
CRITICAL - 2022-11-08 11:10:22 --> count(): Argument #1 ($value) must be of type Countable|array, string given
in APPPATH/Models/MyLibzSysModel.php on line 58.
 1 APPPATH/Models/MyLibzSysModel.php(58): count()
 2 APPPATH/Views/mtap/trx-purchase-order.php(138): App\Models\MyLibzSysModel->mypopulist_2()
 3 SYSTEMPATH/View/View.php(213): include('APPPATH/Views/mtap/trx-purchase-order.php')
 4 SYSTEMPATH/View/View.php(216): CodeIgniter\View\View->CodeIgniter\View\{closure}()
 5 SYSTEMPATH/Common.php(1142): CodeIgniter\View\View->render()
 6 APPPATH/Controllers/Md_purchase.php(20): view()
 7 SYSTEMPATH/CodeIgniter.php(902): App\Controllers\Md_purchase->index()
 8 SYSTEMPATH/CodeIgniter.php(457): CodeIgniter\CodeIgniter->runController()
 9 SYSTEMPATH/CodeIgniter.php(340): CodeIgniter\CodeIgniter->handleRequest()
10 FCPATH/index.php(67): CodeIgniter\CodeIgniter->run()
CRITICAL - 2022-11-08 11:10:22 --> count(): Argument #1 ($value) must be of type Countable|array, string given
in APPPATH/Models/MyLibzSysModel.php on line 58.
 1 APPPATH/Models/MyLibzSysModel.php(58): count()
 2 APPPATH/Views/mtap/trx-purchase-order.php(138): App\Models\MyLibzSysModel->mypopulist_2()
 3 SYSTEMPATH/View/View.php(213): include('APPPATH/Views/mtap/trx-purchase-order.php')
 4 SYSTEMPATH/View/View.php(216): CodeIgniter\View\View->CodeIgniter\View\{closure}()
 5 SYSTEMPATH/Common.php(1142): CodeIgniter\View\View->render()
 6 APPPATH/Controllers/Md_purchase.php(20): view()
 7 SYSTEMPATH/CodeIgniter.php(902): App\Controllers\Md_purchase->index()
 8 SYSTEMPATH/CodeIgniter.php(457): CodeIgniter\CodeIgniter->runController()
 9 SYSTEMPATH/CodeIgniter.php(340): CodeIgniter\CodeIgniter->handleRequest()
10 FCPATH/index.php(67): CodeIgniter\CodeIgniter->run()
CRITICAL - 2022-11-08 11:10:22 --> count(): Argument #1 ($value) must be of type Countable|array, string given
in APPPATH/Models/MyLibzSysModel.php on line 58.
 1 APPPATH/Models/MyLibzSysModel.php(58): count()
 2 APPPATH/Views/mtap/trx-purchase-order.php(138): App\Models\MyLibzSysModel->mypopulist_2()
 3 SYSTEMPATH/View/View.php(213): include('APPPATH/Views/mtap/trx-purchase-order.php')
 4 SYSTEMPATH/View/View.php(216): CodeIgniter\View\View->CodeIgniter\View\{closure}()
 5 SYSTEMPATH/Common.php(1142): CodeIgniter\View\View->render()
 6 APPPATH/Controllers/Md_purchase.php(20): view()
 7 SYSTEMPATH/CodeIgniter.php(902): App\Controllers\Md_purchase->index()
 8 SYSTEMPATH/CodeIgniter.php(457): CodeIgniter\CodeIgniter->runController()
 9 SYSTEMPATH/CodeIgniter.php(340): CodeIgniter\CodeIgniter->handleRequest()
10 FCPATH/index.php(67): CodeIgniter\CodeIgniter->run()
CRITICAL - 2022-11-08 11:11:05 --> count(): Argument #1 ($value) must be of type Countable|array, string given
in APPPATH/Models/MyLibzSysModel.php on line 58.
 1 APPPATH/Models/MyLibzSysModel.php(58): count()
 2 APPPATH/Views/mtap/trx-purchase-order.php(138): App\Models\MyLibzSysModel->mypopulist_2()
 3 SYSTEMPATH/View/View.php(213): include('APPPATH/Views/mtap/trx-purchase-order.php')
 4 SYSTEMPATH/View/View.php(216): CodeIgniter\View\View->CodeIgniter\View\{closure}()
 5 SYSTEMPATH/Common.php(1142): CodeIgniter\View\View->render()
 6 APPPATH/Controllers/Md_purchase.php(20): view()
 7 SYSTEMPATH/CodeIgniter.php(902): App\Controllers\Md_purchase->index()
 8 SYSTEMPATH/CodeIgniter.php(457): CodeIgniter\CodeIgniter->runController()
 9 SYSTEMPATH/CodeIgniter.php(340): CodeIgniter\CodeIgniter->handleRequest()
10 FCPATH/index.php(67): CodeIgniter\CodeIgniter->run()
CRITICAL - 2022-11-08 11:11:06 --> count(): Argument #1 ($value) must be of type Countable|array, string given
in APPPATH/Models/MyLibzSysModel.php on line 58.
 1 APPPATH/Models/MyLibzSysModel.php(58): count()
 2 APPPATH/Views/mtap/trx-purchase-order.php(138): App\Models\MyLibzSysModel->mypopulist_2()
 3 SYSTEMPATH/View/View.php(213): include('APPPATH/Views/mtap/trx-purchase-order.php')
 4 SYSTEMPATH/View/View.php(216): CodeIgniter\View\View->CodeIgniter\View\{closure}()
 5 SYSTEMPATH/Common.php(1142): CodeIgniter\View\View->render()
 6 APPPATH/Controllers/Md_purchase.php(20): view()
 7 SYSTEMPATH/CodeIgniter.php(902): App\Controllers\Md_purchase->index()
 8 SYSTEMPATH/CodeIgniter.php(457): CodeIgniter\CodeIgniter->runController()
 9 SYSTEMPATH/CodeIgniter.php(340): CodeIgniter\CodeIgniter->handleRequest()
10 FCPATH/index.php(67): CodeIgniter\CodeIgniter->run()
CRITICAL - 2022-11-08 11:11:06 --> count(): Argument #1 ($value) must be of type Countable|array, string given
in APPPATH/Models/MyLibzSysModel.php on line 58.
 1 APPPATH/Models/MyLibzSysModel.php(58): count()
 2 APPPATH/Views/mtap/trx-purchase-order.php(138): App\Models\MyLibzSysModel->mypopulist_2()
 3 SYSTEMPATH/View/View.php(213): include('APPPATH/Views/mtap/trx-purchase-order.php')
 4 SYSTEMPATH/View/View.php(216): CodeIgniter\View\View->CodeIgniter\View\{closure}()
 5 SYSTEMPATH/Common.php(1142): CodeIgniter\View\View->render()
 6 APPPATH/Controllers/Md_purchase.php(20): view()
 7 SYSTEMPATH/CodeIgniter.php(902): App\Controllers\Md_purchase->index()
 8 SYSTEMPATH/CodeIgniter.php(457): CodeIgniter\CodeIgniter->runController()
 9 SYSTEMPATH/CodeIgniter.php(340): CodeIgniter\CodeIgniter->handleRequest()
10 FCPATH/index.php(67): CodeIgniter\CodeIgniter->run()
CRITICAL - 2022-11-08 11:11:06 --> count(): Argument #1 ($value) must be of type Countable|array, string given
in APPPATH/Models/MyLibzSysModel.php on line 58.
 1 APPPATH/Models/MyLibzSysModel.php(58): count()
 2 APPPATH/Views/mtap/trx-purchase-order.php(138): App\Models\MyLibzSysModel->mypopulist_2()
 3 SYSTEMPATH/View/View.php(213): include('APPPATH/Views/mtap/trx-purchase-order.php')
 4 SYSTEMPATH/View/View.php(216): CodeIgniter\View\View->CodeIgniter\View\{closure}()
 5 SYSTEMPATH/Common.php(1142): CodeIgniter\View\View->render()
 6 APPPATH/Controllers/Md_purchase.php(20): view()
 7 SYSTEMPATH/CodeIgniter.php(902): App\Controllers\Md_purchase->index()
 8 SYSTEMPATH/CodeIgniter.php(457): CodeIgniter\CodeIgniter->runController()
 9 SYSTEMPATH/CodeIgniter.php(340): CodeIgniter\CodeIgniter->handleRequest()
10 FCPATH/index.php(67): CodeIgniter\CodeIgniter->run()
CRITICAL - 2022-11-08 11:11:42 --> count(): Argument #1 ($value) must be of type Countable|array, string given
in APPPATH/Models/MyLibzSysModel.php on line 58.
 1 APPPATH/Models/MyLibzSysModel.php(58): count()
 2 APPPATH/Views/mtap/trx-purchase-order.php(138): App\Models\MyLibzSysModel->mypopulist_2()
 3 SYSTEMPATH/View/View.php(213): include('APPPATH/Views/mtap/trx-purchase-order.php')
 4 SYSTEMPATH/View/View.php(216): CodeIgniter\View\View->CodeIgniter\View\{closure}()
 5 SYSTEMPATH/Common.php(1142): CodeIgniter\View\View->render()
 6 APPPATH/Controllers/Md_purchase.php(20): view()
 7 SYSTEMPATH/CodeIgniter.php(902): App\Controllers\Md_purchase->index()
 8 SYSTEMPATH/CodeIgniter.php(457): CodeIgniter\CodeIgniter->runController()
 9 SYSTEMPATH/CodeIgniter.php(340): CodeIgniter\CodeIgniter->handleRequest()
10 FCPATH/index.php(67): CodeIgniter\CodeIgniter->run()
CRITICAL - 2022-11-08 11:11:42 --> count(): Argument #1 ($value) must be of type Countable|array, string given
in APPPATH/Models/MyLibzSysModel.php on line 58.
 1 APPPATH/Models/MyLibzSysModel.php(58): count()
 2 APPPATH/Views/mtap/trx-purchase-order.php(138): App\Models\MyLibzSysModel->mypopulist_2()
 3 SYSTEMPATH/View/View.php(213): include('APPPATH/Views/mtap/trx-purchase-order.php')
 4 SYSTEMPATH/View/View.php(216): CodeIgniter\View\View->CodeIgniter\View\{closure}()
 5 SYSTEMPATH/Common.php(1142): CodeIgniter\View\View->render()
 6 APPPATH/Controllers/Md_purchase.php(20): view()
 7 SYSTEMPATH/CodeIgniter.php(902): App\Controllers\Md_purchase->index()
 8 SYSTEMPATH/CodeIgniter.php(457): CodeIgniter\CodeIgniter->runController()
 9 SYSTEMPATH/CodeIgniter.php(340): CodeIgniter\CodeIgniter->handleRequest()
10 FCPATH/index.php(67): CodeIgniter\CodeIgniter->run()
CRITICAL - 2022-11-08 11:11:43 --> count(): Argument #1 ($value) must be of type Countable|array, string given
in APPPATH/Models/MyLibzSysModel.php on line 58.
 1 APPPATH/Models/MyLibzSysModel.php(58): count()
 2 APPPATH/Views/mtap/trx-purchase-order.php(138): App\Models\MyLibzSysModel->mypopulist_2()
 3 SYSTEMPATH/View/View.php(213): include('APPPATH/Views/mtap/trx-purchase-order.php')
 4 SYSTEMPATH/View/View.php(216): CodeIgniter\View\View->CodeIgniter\View\{closure}()
 5 SYSTEMPATH/Common.php(1142): CodeIgniter\View\View->render()
 6 APPPATH/Controllers/Md_purchase.php(20): view()
 7 SYSTEMPATH/CodeIgniter.php(902): App\Controllers\Md_purchase->index()
 8 SYSTEMPATH/CodeIgniter.php(457): CodeIgniter\CodeIgniter->runController()
 9 SYSTEMPATH/CodeIgniter.php(340): CodeIgniter\CodeIgniter->handleRequest()
10 FCPATH/index.php(67): CodeIgniter\CodeIgniter->run()
CRITICAL - 2022-11-08 11:11:43 --> count(): Argument #1 ($value) must be of type Countable|array, string given
in APPPATH/Models/MyLibzSysModel.php on line 58.
 1 APPPATH/Models/MyLibzSysModel.php(58): count()
 2 APPPATH/Views/mtap/trx-purchase-order.php(138): App\Models\MyLibzSysModel->mypopulist_2()
 3 SYSTEMPATH/View/View.php(213): include('APPPATH/Views/mtap/trx-purchase-order.php')
 4 SYSTEMPATH/View/View.php(216): CodeIgniter\View\View->CodeIgniter\View\{closure}()
 5 SYSTEMPATH/Common.php(1142): CodeIgniter\View\View->render()
 6 APPPATH/Controllers/Md_purchase.php(20): view()
 7 SYSTEMPATH/CodeIgniter.php(902): App\Controllers\Md_purchase->index()
 8 SYSTEMPATH/CodeIgniter.php(457): CodeIgniter\CodeIgniter->runController()
 9 SYSTEMPATH/CodeIgniter.php(340): CodeIgniter\CodeIgniter->handleRequest()
10 FCPATH/index.php(67): CodeIgniter\CodeIgniter->run()
CRITICAL - 2022-11-08 11:12:10 --> count(): Argument #1 ($value) must be of type Countable|array, string given
in APPPATH/Models/MyLibzSysModel.php on line 58.
 1 APPPATH/Models/MyLibzSysModel.php(58): count()
 2 APPPATH/Views/mtap/trx-purchase-order.php(138): App\Models\MyLibzSysModel->mypopulist_2()
 3 SYSTEMPATH/View/View.php(213): include('APPPATH/Views/mtap/trx-purchase-order.php')
 4 SYSTEMPATH/View/View.php(216): CodeIgniter\View\View->CodeIgniter\View\{closure}()
 5 SYSTEMPATH/Common.php(1142): CodeIgniter\View\View->render()
 6 APPPATH/Controllers/Md_purchase.php(20): view()
 7 SYSTEMPATH/CodeIgniter.php(902): App\Controllers\Md_purchase->index()
 8 SYSTEMPATH/CodeIgniter.php(457): CodeIgniter\CodeIgniter->runController()
 9 SYSTEMPATH/CodeIgniter.php(340): CodeIgniter\CodeIgniter->handleRequest()
10 FCPATH/index.php(67): CodeIgniter\CodeIgniter->run()
CRITICAL - 2022-11-08 11:12:10 --> count(): Argument #1 ($value) must be of type Countable|array, string given
in APPPATH/Models/MyLibzSysModel.php on line 58.
 1 APPPATH/Models/MyLibzSysModel.php(58): count()
 2 APPPATH/Views/mtap/trx-purchase-order.php(138): App\Models\MyLibzSysModel->mypopulist_2()
 3 SYSTEMPATH/View/View.php(213): include('APPPATH/Views/mtap/trx-purchase-order.php')
 4 SYSTEMPATH/View/View.php(216): CodeIgniter\View\View->CodeIgniter\View\{closure}()
 5 SYSTEMPATH/Common.php(1142): CodeIgniter\View\View->render()
 6 APPPATH/Controllers/Md_purchase.php(20): view()
 7 SYSTEMPATH/CodeIgniter.php(902): App\Controllers\Md_purchase->index()
 8 SYSTEMPATH/CodeIgniter.php(457): CodeIgniter\CodeIgniter->runController()
 9 SYSTEMPATH/CodeIgniter.php(340): CodeIgniter\CodeIgniter->handleRequest()
10 FCPATH/index.php(67): CodeIgniter\CodeIgniter->run()
CRITICAL - 2022-11-08 11:12:10 --> count(): Argument #1 ($value) must be of type Countable|array, string given
in APPPATH/Models/MyLibzSysModel.php on line 58.
 1 APPPATH/Models/MyLibzSysModel.php(58): count()
 2 APPPATH/Views/mtap/trx-purchase-order.php(138): App\Models\MyLibzSysModel->mypopulist_2()
 3 SYSTEMPATH/View/View.php(213): include('APPPATH/Views/mtap/trx-purchase-order.php')
 4 SYSTEMPATH/View/View.php(216): CodeIgniter\View\View->CodeIgniter\View\{closure}()
 5 SYSTEMPATH/Common.php(1142): CodeIgniter\View\View->render()
 6 APPPATH/Controllers/Md_purchase.php(20): view()
 7 SYSTEMPATH/CodeIgniter.php(902): App\Controllers\Md_purchase->index()
 8 SYSTEMPATH/CodeIgniter.php(457): CodeIgniter\CodeIgniter->runController()
 9 SYSTEMPATH/CodeIgniter.php(340): CodeIgniter\CodeIgniter->handleRequest()
10 FCPATH/index.php(67): CodeIgniter\CodeIgniter->run()
CRITICAL - 2022-11-08 11:31:12 --> Too few arguments to function App\Models\MyDatumModel::lk_PO_Class(), 0 passed in /medata/appdevs/mynlinksc/app/Views/mtap/trx-purchase-order.php on line 20 and exactly 1 expected
in APPPATH/Models/MyDatumModel.php on line 248.
 1 APPPATH/Views/mtap/trx-purchase-order.php(20): App\Models\MyDatumModel->lk_PO_Class()
 2 SYSTEMPATH/View/View.php(213): include('APPPATH/Views/mtap/trx-purchase-order.php')
 3 SYSTEMPATH/View/View.php(216): CodeIgniter\View\View->CodeIgniter\View\{closure}()
 4 SYSTEMPATH/Common.php(1142): CodeIgniter\View\View->render()
 5 APPPATH/Controllers/Md_purchase.php(20): view()
 6 SYSTEMPATH/CodeIgniter.php(902): App\Controllers\Md_purchase->index()
 7 SYSTEMPATH/CodeIgniter.php(457): CodeIgniter\CodeIgniter->runController()
 8 SYSTEMPATH/CodeIgniter.php(340): CodeIgniter\CodeIgniter->handleRequest()
 9 FCPATH/index.php(67): CodeIgniter\CodeIgniter->run()
CRITICAL - 2022-11-08 13:40:58 --> Undefined variable $txt_po_cls_rid
in APPPATH/Views/mtap/trx-purchase-order.php on line 146.
 1 APPPATH/Views/mtap/trx-purchase-order.php(146): CodeIgniter\Debug\Exceptions->errorHandler()
 2 SYSTEMPATH/View/View.php(213): include('APPPATH/Views/mtap/trx-purchase-order.php')
 3 SYSTEMPATH/View/View.php(216): CodeIgniter\View\View->CodeIgniter\View\{closure}()
 4 SYSTEMPATH/Common.php(1142): CodeIgniter\View\View->render()
 5 APPPATH/Controllers/Md_purchase.php(20): view()
 6 SYSTEMPATH/CodeIgniter.php(902): App\Controllers\Md_purchase->index()
 7 SYSTEMPATH/CodeIgniter.php(457): CodeIgniter\CodeIgniter->runController()
 8 SYSTEMPATH/CodeIgniter.php(340): CodeIgniter\CodeIgniter->handleRequest()
 9 FCPATH/index.php(67): CodeIgniter\CodeIgniter->run()
CRITICAL - 2022-11-08 13:43:11 --> Undefined variable $txt_po_cls_rid
in APPPATH/Views/mtap/trx-purchase-order.php on line 148.
 1 APPPATH/Views/mtap/trx-purchase-order.php(148): CodeIgniter\Debug\Exceptions->errorHandler()
 2 SYSTEMPATH/View/View.php(213): include('APPPATH/Views/mtap/trx-purchase-order.php')
 3 SYSTEMPATH/View/View.php(216): CodeIgniter\View\View->CodeIgniter\View\{closure}()
 4 SYSTEMPATH/Common.php(1142): CodeIgniter\View\View->render()
 5 APPPATH/Controllers/Md_purchase.php(20): view()
 6 SYSTEMPATH/CodeIgniter.php(902): App\Controllers\Md_purchase->index()
 7 SYSTEMPATH/CodeIgniter.php(457): CodeIgniter\CodeIgniter->runController()
 8 SYSTEMPATH/CodeIgniter.php(340): CodeIgniter\CodeIgniter->handleRequest()
 9 FCPATH/index.php(67): CodeIgniter\CodeIgniter->run()
CRITICAL - 2022-11-08 13:43:11 --> Undefined variable $txt_po_cls_rid
in APPPATH/Views/mtap/trx-purchase-order.php on line 148.
 1 APPPATH/Views/mtap/trx-purchase-order.php(148): CodeIgniter\Debug\Exceptions->errorHandler()
 2 SYSTEMPATH/View/View.php(213): include('APPPATH/Views/mtap/trx-purchase-order.php')
 3 SYSTEMPATH/View/View.php(216): CodeIgniter\View\View->CodeIgniter\View\{closure}()
 4 SYSTEMPATH/Common.php(1142): CodeIgniter\View\View->render()
 5 APPPATH/Controllers/Md_purchase.php(20): view()
 6 SYSTEMPATH/CodeIgniter.php(902): App\Controllers\Md_purchase->index()
 7 SYSTEMPATH/CodeIgniter.php(457): CodeIgniter\CodeIgniter->runController()
 8 SYSTEMPATH/CodeIgniter.php(340): CodeIgniter\CodeIgniter->handleRequest()
 9 FCPATH/index.php(67): CodeIgniter\CodeIgniter->run()
CRITICAL - 2022-11-08 13:43:11 --> Undefined variable $txt_po_cls_rid
in APPPATH/Views/mtap/trx-purchase-order.php on line 148.
 1 APPPATH/Views/mtap/trx-purchase-order.php(148): CodeIgniter\Debug\Exceptions->errorHandler()
 2 SYSTEMPATH/View/View.php(213): include('APPPATH/Views/mtap/trx-purchase-order.php')
 3 SYSTEMPATH/View/View.php(216): CodeIgniter\View\View->CodeIgniter\View\{closure}()
 4 SYSTEMPATH/Common.php(1142): CodeIgniter\View\View->render()
 5 APPPATH/Controllers/Md_purchase.php(20): view()
 6 SYSTEMPATH/CodeIgniter.php(902): App\Controllers\Md_purchase->index()
 7 SYSTEMPATH/CodeIgniter.php(457): CodeIgniter\CodeIgniter->runController()
 8 SYSTEMPATH/CodeIgniter.php(340): CodeIgniter\CodeIgniter->handleRequest()
 9 FCPATH/index.php(67): CodeIgniter\CodeIgniter->run()
CRITICAL - 2022-11-08 13:43:15 --> Undefined variable $txt_po_cls_rid
in APPPATH/Views/mtap/trx-purchase-order.php on line 148.
 1 APPPATH/Views/mtap/trx-purchase-order.php(148): CodeIgniter\Debug\Exceptions->errorHandler()
 2 SYSTEMPATH/View/View.php(213): include('APPPATH/Views/mtap/trx-purchase-order.php')
 3 SYSTEMPATH/View/View.php(216): CodeIgniter\View\View->CodeIgniter\View\{closure}()
 4 SYSTEMPATH/Common.php(1142): CodeIgniter\View\View->render()
 5 APPPATH/Controllers/Md_purchase.php(20): view()
 6 SYSTEMPATH/CodeIgniter.php(902): App\Controllers\Md_purchase->index()
 7 SYSTEMPATH/CodeIgniter.php(457): CodeIgniter\CodeIgniter->runController()
 8 SYSTEMPATH/CodeIgniter.php(340): CodeIgniter\CodeIgniter->handleRequest()
 9 FCPATH/index.php(67): CodeIgniter\CodeIgniter->run()
CRITICAL - 2022-11-08 13:44:43 --> Undefined variable $txt_po_cls_rid
in APPPATH/Views/mtap/trx-purchase-order.php on line 148.
 1 APPPATH/Views/mtap/trx-purchase-order.php(148): CodeIgniter\Debug\Exceptions->errorHandler()
 2 SYSTEMPATH/View/View.php(213): include('APPPATH/Views/mtap/trx-purchase-order.php')
 3 SYSTEMPATH/View/View.php(216): CodeIgniter\View\View->CodeIgniter\View\{closure}()
 4 SYSTEMPATH/Common.php(1142): CodeIgniter\View\View->render()
 5 APPPATH/Controllers/Md_purchase.php(20): view()
 6 SYSTEMPATH/CodeIgniter.php(902): App\Controllers\Md_purchase->index()
 7 SYSTEMPATH/CodeIgniter.php(457): CodeIgniter\CodeIgniter->runController()
 8 SYSTEMPATH/CodeIgniter.php(340): CodeIgniter\CodeIgniter->handleRequest()
 9 FCPATH/index.php(67): CodeIgniter\CodeIgniter->run()
CRITICAL - 2022-11-08 13:44:44 --> Undefined variable $txt_po_cls_rid
in APPPATH/Views/mtap/trx-purchase-order.php on line 148.
 1 APPPATH/Views/mtap/trx-purchase-order.php(148): CodeIgniter\Debug\Exceptions->errorHandler()
 2 SYSTEMPATH/View/View.php(213): include('APPPATH/Views/mtap/trx-purchase-order.php')
 3 SYSTEMPATH/View/View.php(216): CodeIgniter\View\View->CodeIgniter\View\{closure}()
 4 SYSTEMPATH/Common.php(1142): CodeIgniter\View\View->render()
 5 APPPATH/Controllers/Md_purchase.php(20): view()
 6 SYSTEMPATH/CodeIgniter.php(902): App\Controllers\Md_purchase->index()
 7 SYSTEMPATH/CodeIgniter.php(457): CodeIgniter\CodeIgniter->runController()
 8 SYSTEMPATH/CodeIgniter.php(340): CodeIgniter\CodeIgniter->handleRequest()
 9 FCPATH/index.php(67): CodeIgniter\CodeIgniter->run()
CRITICAL - 2022-11-08 13:45:10 --> Undefined variable $txt_po_cls_rid
in APPPATH/Views/mtap/trx-purchase-order.php on line 148.
 1 APPPATH/Views/mtap/trx-purchase-order.php(148): CodeIgniter\Debug\Exceptions->errorHandler()
 2 SYSTEMPATH/View/View.php(213): include('APPPATH/Views/mtap/trx-purchase-order.php')
 3 SYSTEMPATH/View/View.php(216): CodeIgniter\View\View->CodeIgniter\View\{closure}()
 4 SYSTEMPATH/Common.php(1142): CodeIgniter\View\View->render()
 5 APPPATH/Controllers/Md_purchase.php(20): view()
 6 SYSTEMPATH/CodeIgniter.php(902): App\Controllers\Md_purchase->index()
 7 SYSTEMPATH/CodeIgniter.php(457): CodeIgniter\CodeIgniter->runController()
 8 SYSTEMPATH/CodeIgniter.php(340): CodeIgniter\CodeIgniter->handleRequest()
 9 FCPATH/index.php(67): CodeIgniter\CodeIgniter->run()
CRITICAL - 2022-11-08 13:47:46 --> Undefined variable $txt_po_cls_rid
in APPPATH/Views/mtap/trx-purchase-order.php on line 148.
 1 APPPATH/Views/mtap/trx-purchase-order.php(148): CodeIgniter\Debug\Exceptions->errorHandler()
 2 SYSTEMPATH/View/View.php(213): include('APPPATH/Views/mtap/trx-purchase-order.php')
 3 SYSTEMPATH/View/View.php(216): CodeIgniter\View\View->CodeIgniter\View\{closure}()
 4 SYSTEMPATH/Common.php(1142): CodeIgniter\View\View->render()
 5 APPPATH/Controllers/Md_purchase.php(20): view()
 6 SYSTEMPATH/CodeIgniter.php(902): App\Controllers\Md_purchase->index()
 7 SYSTEMPATH/CodeIgniter.php(457): CodeIgniter\CodeIgniter->runController()
 8 SYSTEMPATH/CodeIgniter.php(340): CodeIgniter\CodeIgniter->handleRequest()
 9 FCPATH/index.php(67): CodeIgniter\CodeIgniter->run()
CRITICAL - 2022-11-08 13:47:47 --> Undefined variable $txt_po_cls_rid
in APPPATH/Views/mtap/trx-purchase-order.php on line 148.
 1 APPPATH/Views/mtap/trx-purchase-order.php(148): CodeIgniter\Debug\Exceptions->errorHandler()
 2 SYSTEMPATH/View/View.php(213): include('APPPATH/Views/mtap/trx-purchase-order.php')
 3 SYSTEMPATH/View/View.php(216): CodeIgniter\View\View->CodeIgniter\View\{closure}()
 4 SYSTEMPATH/Common.php(1142): CodeIgniter\View\View->render()
 5 APPPATH/Controllers/Md_purchase.php(20): view()
 6 SYSTEMPATH/CodeIgniter.php(902): App\Controllers\Md_purchase->index()
 7 SYSTEMPATH/CodeIgniter.php(457): CodeIgniter\CodeIgniter->runController()
 8 SYSTEMPATH/CodeIgniter.php(340): CodeIgniter\CodeIgniter->handleRequest()
 9 FCPATH/index.php(67): CodeIgniter\CodeIgniter->run()
CRITICAL - 2022-11-08 13:47:47 --> Undefined variable $txt_po_cls_rid
in APPPATH/Views/mtap/trx-purchase-order.php on line 148.
 1 APPPATH/Views/mtap/trx-purchase-order.php(148): CodeIgniter\Debug\Exceptions->errorHandler()
 2 SYSTEMPATH/View/View.php(213): include('APPPATH/Views/mtap/trx-purchase-order.php')
 3 SYSTEMPATH/View/View.php(216): CodeIgniter\View\View->CodeIgniter\View\{closure}()
 4 SYSTEMPATH/Common.php(1142): CodeIgniter\View\View->render()
 5 APPPATH/Controllers/Md_purchase.php(20): view()
 6 SYSTEMPATH/CodeIgniter.php(902): App\Controllers\Md_purchase->index()
 7 SYSTEMPATH/CodeIgniter.php(457): CodeIgniter\CodeIgniter->runController()
 8 SYSTEMPATH/CodeIgniter.php(340): CodeIgniter\CodeIgniter->handleRequest()
 9 FCPATH/index.php(67): CodeIgniter\CodeIgniter->run()
CRITICAL - 2022-11-08 13:47:47 --> Undefined variable $txt_po_cls_rid
in APPPATH/Views/mtap/trx-purchase-order.php on line 148.
 1 APPPATH/Views/mtap/trx-purchase-order.php(148): CodeIgniter\Debug\Exceptions->errorHandler()
 2 SYSTEMPATH/View/View.php(213): include('APPPATH/Views/mtap/trx-purchase-order.php')
 3 SYSTEMPATH/View/View.php(216): CodeIgniter\View\View->CodeIgniter\View\{closure}()
 4 SYSTEMPATH/Common.php(1142): CodeIgniter\View\View->render()
 5 APPPATH/Controllers/Md_purchase.php(20): view()
 6 SYSTEMPATH/CodeIgniter.php(902): App\Controllers\Md_purchase->index()
 7 SYSTEMPATH/CodeIgniter.php(457): CodeIgniter\CodeIgniter->runController()
 8 SYSTEMPATH/CodeIgniter.php(340): CodeIgniter\CodeIgniter->handleRequest()
 9 FCPATH/index.php(67): CodeIgniter\CodeIgniter->run()
CRITICAL - 2022-11-08 13:48:04 --> Undefined variable $txt_po_cls_rid
in APPPATH/Views/mtap/trx-purchase-order.php on line 148.
 1 APPPATH/Views/mtap/trx-purchase-order.php(148): CodeIgniter\Debug\Exceptions->errorHandler()
 2 SYSTEMPATH/View/View.php(213): include('APPPATH/Views/mtap/trx-purchase-order.php')
 3 SYSTEMPATH/View/View.php(216): CodeIgniter\View\View->CodeIgniter\View\{closure}()
 4 SYSTEMPATH/Common.php(1142): CodeIgniter\View\View->render()
 5 APPPATH/Controllers/Md_purchase.php(20): view()
 6 SYSTEMPATH/CodeIgniter.php(902): App\Controllers\Md_purchase->index()
 7 SYSTEMPATH/CodeIgniter.php(457): CodeIgniter\CodeIgniter->runController()
 8 SYSTEMPATH/CodeIgniter.php(340): CodeIgniter\CodeIgniter->handleRequest()
 9 FCPATH/index.php(67): CodeIgniter\CodeIgniter->run()
CRITICAL - 2022-11-08 13:48:05 --> Undefined variable $txt_po_cls_rid
in APPPATH/Views/mtap/trx-purchase-order.php on line 148.
 1 APPPATH/Views/mtap/trx-purchase-order.php(148): CodeIgniter\Debug\Exceptions->errorHandler()
 2 SYSTEMPATH/View/View.php(213): include('APPPATH/Views/mtap/trx-purchase-order.php')
 3 SYSTEMPATH/View/View.php(216): CodeIgniter\View\View->CodeIgniter\View\{closure}()
 4 SYSTEMPATH/Common.php(1142): CodeIgniter\View\View->render()
 5 APPPATH/Controllers/Md_purchase.php(20): view()
 6 SYSTEMPATH/CodeIgniter.php(902): App\Controllers\Md_purchase->index()
 7 SYSTEMPATH/CodeIgniter.php(457): CodeIgniter\CodeIgniter->runController()
 8 SYSTEMPATH/CodeIgniter.php(340): CodeIgniter\CodeIgniter->handleRequest()
 9 FCPATH/index.php(67): CodeIgniter\CodeIgniter->run()
