CRITICAL - 2022-04-20 08:51:40 --> Undefined variable: mylibz
#0 /mdevz/mynlinksys/app/Views/masterdata/md-article-recs.php(20): CodeIgniter\Debug\Exceptions->errorHandler()
#1 /mdevz/mynlinksys/system/View/View.php(210): include('/mdevz/mynlinks...')
#2 /mdevz/mynlinksys/system/View/View.php(213): CodeIgniter\View\View->CodeIgniter\View\{closure}()
#3 /mdevz/mynlinksys/system/Common.php(1089): CodeIgniter\View\View->render()
#4 /mdevz/mynlinksys/app/Controllers/Md_article.php(28): view()
#5 /mdevz/mynlinksys/system/CodeIgniter.php(832): App\Controllers\Md_article->recs()
#6 /mdevz/mynlinksys/system/CodeIgniter.php(419): CodeIgniter\CodeIgniter->runController()
#7 /mdevz/mynlinksys/system/CodeIgniter.php(326): CodeIgniter\CodeIgniter->handleRequest()
#8 /mdevz/mynlinksys/public/index.php(37): CodeIgniter\CodeIgniter->run()
#9 {main}
CRITICAL - 2022-04-20 08:51:45 --> Undefined variable: mylibz
#0 /mdevz/mynlinksys/app/Views/masterdata/md-article-recs.php(20): CodeIgniter\Debug\Exceptions->errorHandler()
#1 /mdevz/mynlinksys/system/View/View.php(210): include('/mdevz/mynlinks...')
#2 /mdevz/mynlinksys/system/View/View.php(213): CodeIgniter\View\View->CodeIgniter\View\{closure}()
#3 /mdevz/mynlinksys/system/Common.php(1089): CodeIgniter\View\View->render()
#4 /mdevz/mynlinksys/app/Controllers/Md_article.php(28): view()
#5 /mdevz/mynlinksys/system/CodeIgniter.php(832): App\Controllers\Md_article->recs()
#6 /mdevz/mynlinksys/system/CodeIgniter.php(419): CodeIgniter\CodeIgniter->runController()
#7 /mdevz/mynlinksys/system/CodeIgniter.php(326): CodeIgniter\CodeIgniter->handleRequest()
#8 /mdevz/mynlinksys/public/index.php(37): CodeIgniter\CodeIgniter->run()
#9 {main}
CRITICAL - 2022-04-20 10:22:16 --> Undefined variable: mylibz
#0 /mdevz/mynlinksys/app/Views/accounting/gjv-entry.php(17): CodeIgniter\Debug\Exceptions->errorHandler()
#1 /mdevz/mynlinksys/system/View/View.php(210): include('/mdevz/mynlinks...')
#2 /mdevz/mynlinksys/system/View/View.php(213): CodeIgniter\View\View->CodeIgniter\View\{closure}()
#3 /mdevz/mynlinksys/system/Common.php(1089): CodeIgniter\View\View->render()
#4 /mdevz/mynlinksys/app/Controllers/Myaccounting.php(31): view()
#5 /mdevz/mynlinksys/system/CodeIgniter.php(832): App\Controllers\Myaccounting->gjv_entry()
#6 /mdevz/mynlinksys/system/CodeIgniter.php(419): CodeIgniter\CodeIgniter->runController()
#7 /mdevz/mynlinksys/system/CodeIgniter.php(326): CodeIgniter\CodeIgniter->handleRequest()
#8 /mdevz/mynlinksys/public/index.php(37): CodeIgniter\CodeIgniter->run()
#9 {main}
CRITICAL - 2022-04-20 10:23:36 --> You must set the database table to be used with your query.
#0 /mdevz/mynlinksys/system/Model.php(545): CodeIgniter\Database\BaseConnection->table()
#1 /mdevz/mynlinksys/system/Model.php(722): CodeIgniter\Model->builder()
#2 /mdevz/mynlinksys/app/Views/accounting/gjv-entry.php(286): CodeIgniter\Model->__call()
#3 /mdevz/mynlinksys/system/View/View.php(210): include('/mdevz/mynlinks...')
#4 /mdevz/mynlinksys/system/View/View.php(213): CodeIgniter\View\View->CodeIgniter\View\{closure}()
#5 /mdevz/mynlinksys/system/Common.php(1089): CodeIgniter\View\View->render()
#6 /mdevz/mynlinksys/app/Controllers/Myaccounting.php(31): view()
#7 /mdevz/mynlinksys/system/CodeIgniter.php(832): App\Controllers\Myaccounting->gjv_entry()
#8 /mdevz/mynlinksys/system/CodeIgniter.php(419): CodeIgniter\CodeIgniter->runController()
#9 /mdevz/mynlinksys/system/CodeIgniter.php(326): CodeIgniter\CodeIgniter->handleRequest()
#10 /mdevz/mynlinksys/public/index.php(37): CodeIgniter\CodeIgniter->run()
#11 {main}
CRITICAL - 2022-04-20 10:27:26 --> You must set the database table to be used with your query.
#0 /mdevz/mynlinksys/system/Model.php(545): CodeIgniter\Database\BaseConnection->table()
#1 /mdevz/mynlinksys/system/Model.php(722): CodeIgniter\Model->builder()
#2 /mdevz/mynlinksys/app/Views/accounting/gjv-entry.php(286): CodeIgniter\Model->__call()
#3 /mdevz/mynlinksys/system/View/View.php(210): include('/mdevz/mynlinks...')
#4 /mdevz/mynlinksys/system/View/View.php(213): CodeIgniter\View\View->CodeIgniter\View\{closure}()
#5 /mdevz/mynlinksys/system/Common.php(1089): CodeIgniter\View\View->render()
#6 /mdevz/mynlinksys/app/Controllers/Myaccounting.php(31): view()
#7 /mdevz/mynlinksys/system/CodeIgniter.php(832): App\Controllers\Myaccounting->gjv_entry()
#8 /mdevz/mynlinksys/system/CodeIgniter.php(419): CodeIgniter\CodeIgniter->runController()
#9 /mdevz/mynlinksys/system/CodeIgniter.php(326): CodeIgniter\CodeIgniter->handleRequest()
#10 /mdevz/mynlinksys/public/index.php(37): CodeIgniter\CodeIgniter->run()
#11 {main}
CRITICAL - 2022-04-20 10:27:50 --> You must set the database table to be used with your query.
#0 /mdevz/mynlinksys/system/Model.php(545): CodeIgniter\Database\BaseConnection->table()
#1 /mdevz/mynlinksys/system/Model.php(722): CodeIgniter\Model->builder()
#2 /mdevz/mynlinksys/app/Views/accounting/gjv-entry.php(286): CodeIgniter\Model->__call()
#3 /mdevz/mynlinksys/system/View/View.php(210): include('/mdevz/mynlinks...')
#4 /mdevz/mynlinksys/system/View/View.php(213): CodeIgniter\View\View->CodeIgniter\View\{closure}()
#5 /mdevz/mynlinksys/system/Common.php(1089): CodeIgniter\View\View->render()
#6 /mdevz/mynlinksys/app/Controllers/Myaccounting.php(31): view()
#7 /mdevz/mynlinksys/system/CodeIgniter.php(832): App\Controllers\Myaccounting->gjv_entry()
#8 /mdevz/mynlinksys/system/CodeIgniter.php(419): CodeIgniter\CodeIgniter->runController()
#9 /mdevz/mynlinksys/system/CodeIgniter.php(326): CodeIgniter\CodeIgniter->handleRequest()
#10 /mdevz/mynlinksys/public/index.php(37): CodeIgniter\CodeIgniter->run()
#11 {main}
CRITICAL - 2022-04-20 10:27:52 --> You must set the database table to be used with your query.
#0 /mdevz/mynlinksys/system/Model.php(545): CodeIgniter\Database\BaseConnection->table()
#1 /mdevz/mynlinksys/system/Model.php(722): CodeIgniter\Model->builder()
#2 /mdevz/mynlinksys/app/Views/accounting/gjv-entry.php(286): CodeIgniter\Model->__call()
#3 /mdevz/mynlinksys/system/View/View.php(210): include('/mdevz/mynlinks...')
#4 /mdevz/mynlinksys/system/View/View.php(213): CodeIgniter\View\View->CodeIgniter\View\{closure}()
#5 /mdevz/mynlinksys/system/Common.php(1089): CodeIgniter\View\View->render()
#6 /mdevz/mynlinksys/app/Controllers/Myaccounting.php(31): view()
#7 /mdevz/mynlinksys/system/CodeIgniter.php(832): App\Controllers\Myaccounting->gjv_entry()
#8 /mdevz/mynlinksys/system/CodeIgniter.php(419): CodeIgniter\CodeIgniter->runController()
#9 /mdevz/mynlinksys/system/CodeIgniter.php(326): CodeIgniter\CodeIgniter->handleRequest()
#10 /mdevz/mynlinksys/public/index.php(37): CodeIgniter\CodeIgniter->run()
#11 {main}
CRITICAL - 2022-04-20 10:27:53 --> You must set the database table to be used with your query.
#0 /mdevz/mynlinksys/system/Model.php(545): CodeIgniter\Database\BaseConnection->table()
#1 /mdevz/mynlinksys/system/Model.php(722): CodeIgniter\Model->builder()
#2 /mdevz/mynlinksys/app/Views/accounting/gjv-entry.php(286): CodeIgniter\Model->__call()
#3 /mdevz/mynlinksys/system/View/View.php(210): include('/mdevz/mynlinks...')
#4 /mdevz/mynlinksys/system/View/View.php(213): CodeIgniter\View\View->CodeIgniter\View\{closure}()
#5 /mdevz/mynlinksys/system/Common.php(1089): CodeIgniter\View\View->render()
#6 /mdevz/mynlinksys/app/Controllers/Myaccounting.php(31): view()
#7 /mdevz/mynlinksys/system/CodeIgniter.php(832): App\Controllers\Myaccounting->gjv_entry()
#8 /mdevz/mynlinksys/system/CodeIgniter.php(419): CodeIgniter\CodeIgniter->runController()
#9 /mdevz/mynlinksys/system/CodeIgniter.php(326): CodeIgniter\CodeIgniter->handleRequest()
#10 /mdevz/mynlinksys/public/index.php(37): CodeIgniter\CodeIgniter->run()
#11 {main}
ERROR - 2022-04-20 10:43:23 --> Table 'ap2.trx_manrecs_gl_hdz' doesn't exist
CRITICAL - 2022-04-20 10:43:23 --> Table 'ap2.trx_manrecs_gl_hdz' doesn't exist
#0 /mdevz/mynlinksys/system/Database/MySQLi/Connection.php(292): mysqli->query()
#1 /mdevz/mynlinksys/system/Database/BaseConnection.php(670): CodeIgniter\Database\MySQLi\Connection->execute()
#2 /mdevz/mynlinksys/system/Database/BaseConnection.php(598): CodeIgniter\Database\BaseConnection->simpleQuery()
#3 /mdevz/mynlinksys/app/Models/MyLibzDBModel.php(19): CodeIgniter\Database\BaseConnection->query()
#4 /mdevz/mynlinksys/app/Views/accounting/gjv-entry.php(45): App\Models\MyLibzDBModel->myoa_sql_exec()
#5 /mdevz/mynlinksys/system/View/View.php(210): include('/mdevz/mynlinks...')
#6 /mdevz/mynlinksys/system/View/View.php(213): CodeIgniter\View\View->CodeIgniter\View\{closure}()
#7 /mdevz/mynlinksys/system/Common.php(1089): CodeIgniter\View\View->render()
#8 /mdevz/mynlinksys/app/Controllers/Myaccounting.php(31): view()
#9 /mdevz/mynlinksys/system/CodeIgniter.php(832): App\Controllers\Myaccounting->gjv_entry()
#10 /mdevz/mynlinksys/system/CodeIgniter.php(419): CodeIgniter\CodeIgniter->runController()
#11 /mdevz/mynlinksys/system/CodeIgniter.php(326): CodeIgniter\CodeIgniter->handleRequest()
#12 /mdevz/mynlinksys/public/index.php(37): CodeIgniter\CodeIgniter->run()
#13 {main}
CRITICAL - 2022-04-20 10:45:24 --> Undefined variable: mpw_tkn
#0 /mdevz/mynlinksys/app/Views/accounting/gjv-entry.php(156): CodeIgniter\Debug\Exceptions->errorHandler()
#1 /mdevz/mynlinksys/system/View/View.php(210): include('/mdevz/mynlinks...')
#2 /mdevz/mynlinksys/system/View/View.php(213): CodeIgniter\View\View->CodeIgniter\View\{closure}()
#3 /mdevz/mynlinksys/system/Common.php(1089): CodeIgniter\View\View->render()
#4 /mdevz/mynlinksys/app/Controllers/Myaccounting.php(31): view()
#5 /mdevz/mynlinksys/system/CodeIgniter.php(832): App\Controllers\Myaccounting->gjv_entry()
#6 /mdevz/mynlinksys/system/CodeIgniter.php(419): CodeIgniter\CodeIgniter->runController()
#7 /mdevz/mynlinksys/system/CodeIgniter.php(326): CodeIgniter\CodeIgniter->handleRequest()
#8 /mdevz/mynlinksys/public/index.php(37): CodeIgniter\CodeIgniter->run()
#9 {main}
CRITICAL - 2022-04-20 10:53:15 --> syntax error, unexpected ':', expecting ';' or ','
#0 /mdevz/mynlinksys/system/View/View.php(213): CodeIgniter\View\View->CodeIgniter\View\{closure}()
#1 /mdevz/mynlinksys/system/Common.php(1089): CodeIgniter\View\View->render()
#2 /mdevz/mynlinksys/app/Controllers/Myaccounting.php(24): view()
#3 /mdevz/mynlinksys/system/CodeIgniter.php(832): App\Controllers\Myaccounting->ap_entry()
#4 /mdevz/mynlinksys/system/CodeIgniter.php(419): CodeIgniter\CodeIgniter->runController()
#5 /mdevz/mynlinksys/system/CodeIgniter.php(326): CodeIgniter\CodeIgniter->handleRequest()
#6 /mdevz/mynlinksys/public/index.php(37): CodeIgniter\CodeIgniter->run()
#7 {main}
ERROR - 2022-04-20 13:58:08 --> You have an error in your SQL syntax; check the manual that corresponds to your MariaDB server version for the right syntax to use near 'S AUTO SUPPLY%')  GROUP BY `COMP_NAME` ORDER BY `COMP_NAME` LIMIT 50' at line 2
CRITICAL - 2022-04-20 13:58:08 --> You have an error in your SQL syntax; check the manual that corresponds to your MariaDB server version for the right syntax to use near 'S AUTO SUPPLY%')  GROUP BY `COMP_NAME` ORDER BY `COMP_NAME` LIMIT 50' at line 2
#0 /mdevz/mynlinksys/system/Database/MySQLi/Connection.php(292): mysqli->query()
#1 /mdevz/mynlinksys/system/Database/BaseConnection.php(670): CodeIgniter\Database\MySQLi\Connection->execute()
#2 /mdevz/mynlinksys/system/Database/BaseConnection.php(598): CodeIgniter\Database\BaseConnection->simpleQuery()
#3 /mdevz/mynlinksys/app/Models/MyLibzDBModel.php(19): CodeIgniter\Database\BaseConnection->query()
#4 /mdevz/mynlinksys/app/Controllers/My_search.php(26): App\Models\MyLibzDBModel->myoa_sql_exec()
#5 /mdevz/mynlinksys/system/CodeIgniter.php(832): App\Controllers\My_search->company()
#6 /mdevz/mynlinksys/system/CodeIgniter.php(419): CodeIgniter\CodeIgniter->runController()
#7 /mdevz/mynlinksys/system/CodeIgniter.php(326): CodeIgniter\CodeIgniter->handleRequest()
#8 /mdevz/mynlinksys/public/index.php(37): CodeIgniter\CodeIgniter->run()
#9 {main}
