ERROR - 2022-05-05 16:08:20 --> You have an error in your SQL syntax; check the manual that corresponds to your MariaDB server version for the right syntax to use near '{str_reg_code}
		GROUP BY SUBSTR(aa.`10-digit PSGC`,1,5) ORDER BY aa.`Name` ...' at line 8
CRITICAL - 2022-05-05 16:08:20 --> You have an error in your SQL syntax; check the manual that corresponds to your MariaDB server version for the right syntax to use near '{str_reg_code}
		GROUP BY SUBSTR(aa.`10-digit PSGC`,1,5) ORDER BY aa.`Name` ...' at line 8
#0 /medata/webapps/mynrc/system/Database/MySQLi/Connection.php(292): mysqli->query()
#1 /medata/webapps/mynrc/system/Database/BaseConnection.php(670): CodeIgniter\Database\MySQLi\Connection->execute()
#2 /medata/webapps/mynrc/system/Database/BaseConnection.php(598): CodeIgniter\Database\BaseConnection->simpleQuery()
#3 /medata/webapps/mynrc/app/Models/MyLibzDBModel.php(19): CodeIgniter\Database\BaseConnection->query()
#4 /medata/webapps/mynrc/app/Controllers/My_search.php(557): App\Models\MyLibzDBModel->myoa_sql_exec()
#5 /medata/webapps/mynrc/system/CodeIgniter.php(832): App\Controllers\My_search->prov_search()
#6 /medata/webapps/mynrc/system/CodeIgniter.php(419): CodeIgniter\CodeIgniter->runController()
#7 /medata/webapps/mynrc/system/CodeIgniter.php(326): CodeIgniter\CodeIgniter->handleRequest()
#8 /medata/webapps/mynrc/public/index.php(37): CodeIgniter\CodeIgniter->run()
#9 {main}
ERROR - 2022-05-05 16:12:47 --> You have an error in your SQL syntax; check the manual that corresponds to your MariaDB server version for the right syntax to use near '{str_reg_code}
		GROUP BY SUBSTR(aa.`10-digit PSGC`,1,5) ORDER BY aa.`Name` ...' at line 8
CRITICAL - 2022-05-05 16:12:47 --> You have an error in your SQL syntax; check the manual that corresponds to your MariaDB server version for the right syntax to use near '{str_reg_code}
		GROUP BY SUBSTR(aa.`10-digit PSGC`,1,5) ORDER BY aa.`Name` ...' at line 8
#0 /medata/webapps/mynrc/system/Database/MySQLi/Connection.php(292): mysqli->query()
#1 /medata/webapps/mynrc/system/Database/BaseConnection.php(670): CodeIgniter\Database\MySQLi\Connection->execute()
#2 /medata/webapps/mynrc/system/Database/BaseConnection.php(598): CodeIgniter\Database\BaseConnection->simpleQuery()
#3 /medata/webapps/mynrc/app/Models/MyLibzDBModel.php(19): CodeIgniter\Database\BaseConnection->query()
#4 /medata/webapps/mynrc/app/Controllers/My_search.php(557): App\Models\MyLibzDBModel->myoa_sql_exec()
#5 /medata/webapps/mynrc/system/CodeIgniter.php(832): App\Controllers\My_search->prov_search()
#6 /medata/webapps/mynrc/system/CodeIgniter.php(419): CodeIgniter\CodeIgniter->runController()
#7 /medata/webapps/mynrc/system/CodeIgniter.php(326): CodeIgniter\CodeIgniter->handleRequest()
#8 /medata/webapps/mynrc/public/index.php(37): CodeIgniter\CodeIgniter->run()
#9 {main}
ERROR - 2022-05-05 16:13:00 --> You have an error in your SQL syntax; check the manual that corresponds to your MariaDB server version for the right syntax to use near '{str_reg_code}
		GROUP BY SUBSTR(aa.`10-digit PSGC`,1,5) ORDER BY aa.`Name` ...' at line 8
CRITICAL - 2022-05-05 16:13:00 --> You have an error in your SQL syntax; check the manual that corresponds to your MariaDB server version for the right syntax to use near '{str_reg_code}
		GROUP BY SUBSTR(aa.`10-digit PSGC`,1,5) ORDER BY aa.`Name` ...' at line 8
#0 /medata/webapps/mynrc/system/Database/MySQLi/Connection.php(292): mysqli->query()
#1 /medata/webapps/mynrc/system/Database/BaseConnection.php(670): CodeIgniter\Database\MySQLi\Connection->execute()
#2 /medata/webapps/mynrc/system/Database/BaseConnection.php(598): CodeIgniter\Database\BaseConnection->simpleQuery()
#3 /medata/webapps/mynrc/app/Models/MyLibzDBModel.php(19): CodeIgniter\Database\BaseConnection->query()
#4 /medata/webapps/mynrc/app/Controllers/My_search.php(557): App\Models\MyLibzDBModel->myoa_sql_exec()
#5 /medata/webapps/mynrc/system/CodeIgniter.php(832): App\Controllers\My_search->prov_search()
#6 /medata/webapps/mynrc/system/CodeIgniter.php(419): CodeIgniter\CodeIgniter->runController()
#7 /medata/webapps/mynrc/system/CodeIgniter.php(326): CodeIgniter\CodeIgniter->handleRequest()
#8 /medata/webapps/mynrc/public/index.php(37): CodeIgniter\CodeIgniter->run()
#9 {main}
ERROR - 2022-05-05 16:35:35 --> Unknown column 'CUST_EMAILx' in 'where clause'
CRITICAL - 2022-05-05 16:35:35 --> Unknown column 'CUST_EMAILx' in 'where clause'
#0 /medata/webapps/mynrc/system/Database/MySQLi/Connection.php(292): mysqli->query()
#1 /medata/webapps/mynrc/system/Database/BaseConnection.php(670): CodeIgniter\Database\MySQLi\Connection->execute()
#2 /medata/webapps/mynrc/system/Database/BaseConnection.php(598): CodeIgniter\Database\BaseConnection->simpleQuery()
#3 /medata/webapps/mynrc/app/Models/MyLibzDBModel.php(19): CodeIgniter\Database\BaseConnection->query()
#4 /medata/webapps/mynrc/app/Models/MytestingModel.php(23): App\Models\MyLibzDBModel->myoa_sql_exec()
#5 /medata/webapps/mynrc/app/Controllers/Me_testing.php(34): App\Models\MytestingModel->test_entry_save()
#6 /medata/webapps/mynrc/system/CodeIgniter.php(832): App\Controllers\Me_testing->test_entry_save()
#7 /medata/webapps/mynrc/system/CodeIgniter.php(419): CodeIgniter\CodeIgniter->runController()
#8 /medata/webapps/mynrc/system/CodeIgniter.php(326): CodeIgniter\CodeIgniter->handleRequest()
#9 /medata/webapps/mynrc/public/index.php(37): CodeIgniter\CodeIgniter->run()
#10 {main}
ERROR - 2022-05-05 16:35:39 --> Unknown column 'CUST_EMAILx' in 'where clause'
CRITICAL - 2022-05-05 16:35:39 --> Unknown column 'CUST_EMAILx' in 'where clause'
#0 /medata/webapps/mynrc/system/Database/MySQLi/Connection.php(292): mysqli->query()
#1 /medata/webapps/mynrc/system/Database/BaseConnection.php(670): CodeIgniter\Database\MySQLi\Connection->execute()
#2 /medata/webapps/mynrc/system/Database/BaseConnection.php(598): CodeIgniter\Database\BaseConnection->simpleQuery()
#3 /medata/webapps/mynrc/app/Models/MyLibzDBModel.php(19): CodeIgniter\Database\BaseConnection->query()
#4 /medata/webapps/mynrc/app/Models/MytestingModel.php(23): App\Models\MyLibzDBModel->myoa_sql_exec()
#5 /medata/webapps/mynrc/app/Controllers/Me_testing.php(34): App\Models\MytestingModel->test_entry_save()
#6 /medata/webapps/mynrc/system/CodeIgniter.php(832): App\Controllers\Me_testing->test_entry_save()
#7 /medata/webapps/mynrc/system/CodeIgniter.php(419): CodeIgniter\CodeIgniter->runController()
#8 /medata/webapps/mynrc/system/CodeIgniter.php(326): CodeIgniter\CodeIgniter->handleRequest()
#9 /medata/webapps/mynrc/public/index.php(37): CodeIgniter\CodeIgniter->run()
#10 {main}
ERROR - 2022-05-05 16:38:16 --> Unknown column 'CUST_EMAILx' in 'where clause'
CRITICAL - 2022-05-05 16:38:16 --> Unknown column 'CUST_EMAILx' in 'where clause'
#0 /medata/webapps/mynrc/system/Database/MySQLi/Connection.php(292): mysqli->query()
#1 /medata/webapps/mynrc/system/Database/BaseConnection.php(670): CodeIgniter\Database\MySQLi\Connection->execute()
#2 /medata/webapps/mynrc/system/Database/BaseConnection.php(598): CodeIgniter\Database\BaseConnection->simpleQuery()
#3 /medata/webapps/mynrc/app/Models/MyLibzDBModel.php(19): CodeIgniter\Database\BaseConnection->query()
#4 /medata/webapps/mynrc/app/Models/MytestingModel.php(23): App\Models\MyLibzDBModel->myoa_sql_exec()
#5 /medata/webapps/mynrc/app/Controllers/Me_testing.php(34): App\Models\MytestingModel->test_entry_save()
#6 /medata/webapps/mynrc/system/CodeIgniter.php(832): App\Controllers\Me_testing->test_entry_save()
#7 /medata/webapps/mynrc/system/CodeIgniter.php(419): CodeIgniter\CodeIgniter->runController()
#8 /medata/webapps/mynrc/system/CodeIgniter.php(326): CodeIgniter\CodeIgniter->handleRequest()
#9 /medata/webapps/mynrc/public/index.php(37): CodeIgniter\CodeIgniter->run()
#10 {main}
ERROR - 2022-05-05 16:40:34 --> You have an error in your SQL syntax; check the manual that corresponds to your MariaDB server version for the right syntax to use near 'f' and CUST_EMAIL = '34654we'' at line 1
ERROR - 2022-05-05 16:50:42 --> You have an error in your SQL syntax; check the manual that corresponds to your MariaDB server version for the right syntax to use near 'f' and CUST_EMAIL = '34654we'' at line 1
ERROR - 2022-05-05 16:51:04 --> You have an error in your SQL syntax; check the manual that corresponds to your MariaDB server version for the right syntax to use near 'f' and CUST_EMAIL = '34654we'' at line 1
ERROR - 2022-05-05 16:52:33 --> You have an error in your SQL syntax; check the manual that corresponds to your MariaDB server version for the right syntax to use near '\'e3s\'f\' and CUST_EMAIL = \'34654we\'' at line 1
ERROR - 2022-05-05 16:52:41 --> You have an error in your SQL syntax; check the manual that corresponds to your MariaDB server version for the right syntax to use near '\'e3ssd\' and CUST_EMAIL = \'34654we\'' at line 1
ERROR - 2022-05-05 16:53:36 --> You have an error in your SQL syntax; check the manual that corresponds to your MariaDB server version for the right syntax to use near '\'e3ssd\' and CUST_EMAIL = \'34654we\'' at line 1
ERROR - 2022-05-05 16:54:15 --> You have an error in your SQL syntax; check the manual that corresponds to your MariaDB server version for the right syntax to use near '\\\'e3ssd\\\' and  CUST_EMAIL = \\\'34654we\\\' limit 1' at line 1
ERROR - 2022-05-05 16:55:33 --> You have an error in your SQL syntax; check the manual that corresponds to your MariaDB server version for the right syntax to use near '\'e3ssd\' and  CUST_EMAIL = \'34654we\' limit 1' at line 1
ERROR - 2022-05-05 16:57:05 --> You have an error in your SQL syntax; check the manual that corresponds to your MariaDB server version for the right syntax to use near 'd' and CUST_EMAIL = '34654we'' at line 1
ERROR - 2022-05-05 17:01:16 --> You have an error in your SQL syntax; check the manual that corresponds to your MariaDB server version for the right syntax to use near '3434' and  CUST_EMAIL = '3453464' and CUST_NO = '3434'')' at line 5
