ERROR - 2022-05-04 09:36:37 --> Error connecting to the database: No such file or directory
CRITICAL - 2022-05-04 09:36:37 --> Unable to connect to the database.
Main connection [MySQLi]: No such file or directory
#0 /medata/webapps/mynrc/system/Session/Handlers/DatabaseHandler.php(94): CodeIgniter\Database\BaseConnection->initialize()
#1 [internal function]: CodeIgniter\Session\Handlers\DatabaseHandler->open()
#2 /medata/webapps/mynrc/system/Session/Session.php(894): session_start()
#3 /medata/webapps/mynrc/system/Session/Session.php(238): CodeIgniter\Session\Session->startSession()
#4 /medata/webapps/mynrc/system/Config/Services.php(577): CodeIgniter\Session\Session->start()
#5 /medata/webapps/mynrc/system/Config/BaseService.php(248): CodeIgniter\Config\Services::session()
#6 /medata/webapps/mynrc/system/Config/BaseService.php(189): CodeIgniter\Config\BaseService::__callStatic()
#7 /medata/webapps/mynrc/system/Config/Services.php(563): CodeIgniter\Config\BaseService::getSharedInstance()
#8 /medata/webapps/mynrc/system/Config/BaseService.php(248): CodeIgniter\Config\Services::session()
#9 /medata/webapps/mynrc/system/Common.php(901): CodeIgniter\Config\BaseService::__callStatic()
#10 /medata/webapps/mynrc/app/Filters/Myauthuser.php(11): session()
#11 /medata/webapps/mynrc/system/Filters/Filters.php(173): App\Filters\Myauthuser->before()
#12 /medata/webapps/mynrc/system/CodeIgniter.php(393): CodeIgniter\Filters\Filters->run()
#13 /medata/webapps/mynrc/system/CodeIgniter.php(326): CodeIgniter\CodeIgniter->handleRequest()
#14 /medata/webapps/mynrc/public/index.php(37): CodeIgniter\CodeIgniter->run()
#15 {main}
ERROR - 2022-05-04 09:40:02 --> Error connecting to the database: Access denied for user '****'@'localhost' (using password: YES)
CRITICAL - 2022-05-04 09:40:02 --> Unable to connect to the database.
Main connection [MySQLi]: Access denied for user '****'@'localhost' (using password: YES)
#0 /medata/webapps/mynrc/system/Session/Handlers/DatabaseHandler.php(94): CodeIgniter\Database\BaseConnection->initialize()
#1 [internal function]: CodeIgniter\Session\Handlers\DatabaseHandler->open()
#2 /medata/webapps/mynrc/system/Session/Session.php(894): session_start()
#3 /medata/webapps/mynrc/system/Session/Session.php(238): CodeIgniter\Session\Session->startSession()
#4 /medata/webapps/mynrc/system/Config/Services.php(577): CodeIgniter\Session\Session->start()
#5 /medata/webapps/mynrc/system/Config/BaseService.php(248): CodeIgniter\Config\Services::session()
#6 /medata/webapps/mynrc/system/Config/BaseService.php(189): CodeIgniter\Config\BaseService::__callStatic()
#7 /medata/webapps/mynrc/system/Config/Services.php(563): CodeIgniter\Config\BaseService::getSharedInstance()
#8 /medata/webapps/mynrc/system/Config/BaseService.php(248): CodeIgniter\Config\Services::session()
#9 /medata/webapps/mynrc/system/Common.php(901): CodeIgniter\Config\BaseService::__callStatic()
#10 /medata/webapps/mynrc/app/Filters/Myauthuser.php(11): session()
#11 /medata/webapps/mynrc/system/Filters/Filters.php(173): App\Filters\Myauthuser->before()
#12 /medata/webapps/mynrc/system/CodeIgniter.php(393): CodeIgniter\Filters\Filters->run()
#13 /medata/webapps/mynrc/system/CodeIgniter.php(326): CodeIgniter\CodeIgniter->handleRequest()
#14 /medata/webapps/mynrc/public/index.php(37): CodeIgniter\CodeIgniter->run()
#15 {main}
ERROR - 2022-05-04 09:40:03 --> Error connecting to the database: Access denied for user '****'@'localhost' (using password: YES)
CRITICAL - 2022-05-04 09:40:03 --> Unable to connect to the database.
Main connection [MySQLi]: Access denied for user '****'@'localhost' (using password: YES)
#0 /medata/webapps/mynrc/system/Session/Handlers/DatabaseHandler.php(94): CodeIgniter\Database\BaseConnection->initialize()
#1 [internal function]: CodeIgniter\Session\Handlers\DatabaseHandler->open()
#2 /medata/webapps/mynrc/system/Session/Session.php(894): session_start()
#3 /medata/webapps/mynrc/system/Session/Session.php(238): CodeIgniter\Session\Session->startSession()
#4 /medata/webapps/mynrc/system/Config/Services.php(577): CodeIgniter\Session\Session->start()
#5 /medata/webapps/mynrc/system/Config/BaseService.php(248): CodeIgniter\Config\Services::session()
#6 /medata/webapps/mynrc/system/Config/BaseService.php(189): CodeIgniter\Config\BaseService::__callStatic()
#7 /medata/webapps/mynrc/system/Config/Services.php(563): CodeIgniter\Config\BaseService::getSharedInstance()
#8 /medata/webapps/mynrc/system/Config/BaseService.php(248): CodeIgniter\Config\Services::session()
#9 /medata/webapps/mynrc/system/Common.php(901): CodeIgniter\Config\BaseService::__callStatic()
#10 /medata/webapps/mynrc/app/Filters/Myauthuser.php(11): session()
#11 /medata/webapps/mynrc/system/Filters/Filters.php(173): App\Filters\Myauthuser->before()
#12 /medata/webapps/mynrc/system/CodeIgniter.php(393): CodeIgniter\Filters\Filters->run()
#13 /medata/webapps/mynrc/system/CodeIgniter.php(326): CodeIgniter\CodeIgniter->handleRequest()
#14 /medata/webapps/mynrc/public/index.php(37): CodeIgniter\CodeIgniter->run()
#15 {main}
ERROR - 2022-05-04 09:40:33 --> Table 'ap8.myci_sessions' doesn't exist
CRITICAL - 2022-05-04 09:40:33 --> Table 'ap8.myci_sessions' doesn't exist
#0 /medata/webapps/mynrc/system/Database/MySQLi/Connection.php(292): mysqli->query()
#1 /medata/webapps/mynrc/system/Database/BaseConnection.php(670): CodeIgniter\Database\MySQLi\Connection->execute()
#2 /medata/webapps/mynrc/system/Database/BaseConnection.php(598): CodeIgniter\Database\BaseConnection->simpleQuery()
#3 /medata/webapps/mynrc/system/Database/BaseBuilder.php(1455): CodeIgniter\Database\BaseConnection->query()
#4 /medata/webapps/mynrc/system/Session/Handlers/DatabaseHandler.php(129): CodeIgniter\Database\BaseBuilder->get()
#5 [internal function]: CodeIgniter\Session\Handlers\DatabaseHandler->read()
#6 /medata/webapps/mynrc/system/Session/Session.php(894): session_start()
#7 /medata/webapps/mynrc/system/Session/Session.php(238): CodeIgniter\Session\Session->startSession()
#8 /medata/webapps/mynrc/system/Config/Services.php(577): CodeIgniter\Session\Session->start()
#9 /medata/webapps/mynrc/system/Config/BaseService.php(248): CodeIgniter\Config\Services::session()
#10 /medata/webapps/mynrc/system/Config/BaseService.php(189): CodeIgniter\Config\BaseService::__callStatic()
#11 /medata/webapps/mynrc/system/Config/Services.php(563): CodeIgniter\Config\BaseService::getSharedInstance()
#12 /medata/webapps/mynrc/system/Config/BaseService.php(248): CodeIgniter\Config\Services::session()
#13 /medata/webapps/mynrc/system/Common.php(901): CodeIgniter\Config\BaseService::__callStatic()
#14 /medata/webapps/mynrc/app/Filters/Myauthuser.php(11): session()
#15 /medata/webapps/mynrc/system/Filters/Filters.php(173): App\Filters\Myauthuser->before()
#16 /medata/webapps/mynrc/system/CodeIgniter.php(393): CodeIgniter\Filters\Filters->run()
#17 /medata/webapps/mynrc/system/CodeIgniter.php(326): CodeIgniter\CodeIgniter->handleRequest()
#18 /medata/webapps/mynrc/public/index.php(37): CodeIgniter\CodeIgniter->run()
#19 {main}
ERROR - 2022-05-04 09:40:34 --> Table 'ap8.myci_sessions' doesn't exist
CRITICAL - 2022-05-04 09:40:34 --> Table 'ap8.myci_sessions' doesn't exist
#0 /medata/webapps/mynrc/system/Database/MySQLi/Connection.php(292): mysqli->query()
#1 /medata/webapps/mynrc/system/Database/BaseConnection.php(670): CodeIgniter\Database\MySQLi\Connection->execute()
#2 /medata/webapps/mynrc/system/Database/BaseConnection.php(598): CodeIgniter\Database\BaseConnection->simpleQuery()
#3 /medata/webapps/mynrc/system/Database/BaseBuilder.php(1455): CodeIgniter\Database\BaseConnection->query()
#4 /medata/webapps/mynrc/system/Session/Handlers/DatabaseHandler.php(129): CodeIgniter\Database\BaseBuilder->get()
#5 [internal function]: CodeIgniter\Session\Handlers\DatabaseHandler->read()
#6 /medata/webapps/mynrc/system/Session/Session.php(894): session_start()
#7 /medata/webapps/mynrc/system/Session/Session.php(238): CodeIgniter\Session\Session->startSession()
#8 /medata/webapps/mynrc/system/Config/Services.php(577): CodeIgniter\Session\Session->start()
#9 /medata/webapps/mynrc/system/Config/BaseService.php(248): CodeIgniter\Config\Services::session()
#10 /medata/webapps/mynrc/system/Config/BaseService.php(189): CodeIgniter\Config\BaseService::__callStatic()
#11 /medata/webapps/mynrc/system/Config/Services.php(563): CodeIgniter\Config\BaseService::getSharedInstance()
#12 /medata/webapps/mynrc/system/Config/BaseService.php(248): CodeIgniter\Config\Services::session()
#13 /medata/webapps/mynrc/system/Common.php(901): CodeIgniter\Config\BaseService::__callStatic()
#14 /medata/webapps/mynrc/app/Filters/Myauthuser.php(11): session()
#15 /medata/webapps/mynrc/system/Filters/Filters.php(173): App\Filters\Myauthuser->before()
#16 /medata/webapps/mynrc/system/CodeIgniter.php(393): CodeIgniter\Filters\Filters->run()
#17 /medata/webapps/mynrc/system/CodeIgniter.php(326): CodeIgniter\CodeIgniter->handleRequest()
#18 /medata/webapps/mynrc/public/index.php(37): CodeIgniter\CodeIgniter->run()
#19 {main}
ERROR - 2022-05-04 09:41:45 --> Table 'ap8.myci_sessions' doesn't exist
CRITICAL - 2022-05-04 09:41:45 --> Table 'ap8.myci_sessions' doesn't exist
#0 /medata/webapps/mynrc/system/Database/MySQLi/Connection.php(292): mysqli->query()
#1 /medata/webapps/mynrc/system/Database/BaseConnection.php(670): CodeIgniter\Database\MySQLi\Connection->execute()
#2 /medata/webapps/mynrc/system/Database/BaseConnection.php(598): CodeIgniter\Database\BaseConnection->simpleQuery()
#3 /medata/webapps/mynrc/system/Database/BaseBuilder.php(1455): CodeIgniter\Database\BaseConnection->query()
#4 /medata/webapps/mynrc/system/Session/Handlers/DatabaseHandler.php(129): CodeIgniter\Database\BaseBuilder->get()
#5 [internal function]: CodeIgniter\Session\Handlers\DatabaseHandler->read()
#6 /medata/webapps/mynrc/system/Session/Session.php(894): session_start()
#7 /medata/webapps/mynrc/system/Session/Session.php(238): CodeIgniter\Session\Session->startSession()
#8 /medata/webapps/mynrc/system/Config/Services.php(577): CodeIgniter\Session\Session->start()
#9 /medata/webapps/mynrc/system/Config/BaseService.php(248): CodeIgniter\Config\Services::session()
#10 /medata/webapps/mynrc/system/Config/BaseService.php(189): CodeIgniter\Config\BaseService::__callStatic()
#11 /medata/webapps/mynrc/system/Config/Services.php(563): CodeIgniter\Config\BaseService::getSharedInstance()
#12 /medata/webapps/mynrc/system/Config/BaseService.php(248): CodeIgniter\Config\Services::session()
#13 /medata/webapps/mynrc/system/Common.php(901): CodeIgniter\Config\BaseService::__callStatic()
#14 /medata/webapps/mynrc/app/Filters/Myauthuser.php(11): session()
#15 /medata/webapps/mynrc/system/Filters/Filters.php(173): App\Filters\Myauthuser->before()
#16 /medata/webapps/mynrc/system/CodeIgniter.php(393): CodeIgniter\Filters\Filters->run()
#17 /medata/webapps/mynrc/system/CodeIgniter.php(326): CodeIgniter\CodeIgniter->handleRequest()
#18 /medata/webapps/mynrc/public/index.php(37): CodeIgniter\CodeIgniter->run()
#19 {main}
ERROR - 2022-05-04 09:41:48 --> Table 'ap8.myci_sessions' doesn't exist
CRITICAL - 2022-05-04 09:41:48 --> Table 'ap8.myci_sessions' doesn't exist
#0 /medata/webapps/mynrc/system/Database/MySQLi/Connection.php(292): mysqli->query()
#1 /medata/webapps/mynrc/system/Database/BaseConnection.php(670): CodeIgniter\Database\MySQLi\Connection->execute()
#2 /medata/webapps/mynrc/system/Database/BaseConnection.php(598): CodeIgniter\Database\BaseConnection->simpleQuery()
#3 /medata/webapps/mynrc/system/Database/BaseBuilder.php(1455): CodeIgniter\Database\BaseConnection->query()
#4 /medata/webapps/mynrc/system/Session/Handlers/DatabaseHandler.php(129): CodeIgniter\Database\BaseBuilder->get()
#5 [internal function]: CodeIgniter\Session\Handlers\DatabaseHandler->read()
#6 /medata/webapps/mynrc/system/Session/Session.php(894): session_start()
#7 /medata/webapps/mynrc/system/Session/Session.php(238): CodeIgniter\Session\Session->startSession()
#8 /medata/webapps/mynrc/system/Config/Services.php(577): CodeIgniter\Session\Session->start()
#9 /medata/webapps/mynrc/system/Config/BaseService.php(248): CodeIgniter\Config\Services::session()
#10 /medata/webapps/mynrc/system/Config/BaseService.php(189): CodeIgniter\Config\BaseService::__callStatic()
#11 /medata/webapps/mynrc/system/Config/Services.php(563): CodeIgniter\Config\BaseService::getSharedInstance()
#12 /medata/webapps/mynrc/system/Config/BaseService.php(248): CodeIgniter\Config\Services::session()
#13 /medata/webapps/mynrc/system/Common.php(901): CodeIgniter\Config\BaseService::__callStatic()
#14 /medata/webapps/mynrc/app/Filters/Myauthuser.php(11): session()
#15 /medata/webapps/mynrc/system/Filters/Filters.php(173): App\Filters\Myauthuser->before()
#16 /medata/webapps/mynrc/system/CodeIgniter.php(393): CodeIgniter\Filters\Filters->run()
#17 /medata/webapps/mynrc/system/CodeIgniter.php(326): CodeIgniter\CodeIgniter->handleRequest()
#18 /medata/webapps/mynrc/public/index.php(37): CodeIgniter\CodeIgniter->run()
#19 {main}
