CRITICAL - 2022-04-19 15:47:30 --> Trying to get property 'dbx' of non-object
#0 /mdevz/mynlinksys/app/Models/MyMDArticleModel.php(14): CodeIgniter\Debug\Exceptions->errorHandler()
#1 /mdevz/mynlinksys/app/Controllers/Md_article.php(13): App\Models\MyMDArticleModel->__construct()
#2 /mdevz/mynlinksys/system/CodeIgniter.php(809): App\Controllers\Md_article->__construct()
#3 /mdevz/mynlinksys/system/CodeIgniter.php(410): CodeIgniter\CodeIgniter->createController()
#4 /mdevz/mynlinksys/system/CodeIgniter.php(326): CodeIgniter\CodeIgniter->handleRequest()
#5 /mdevz/mynlinksys/public/index.php(37): CodeIgniter\CodeIgniter->run()
#6 {main}
CRITICAL - 2022-04-19 15:51:45 --> Call to a member function mysys_user() on null
#0 /mdevz/mynlinksys/system/View/View.php(210): include()
#1 /mdevz/mynlinksys/system/View/View.php(213): CodeIgniter\View\View->CodeIgniter\View\{closure}()
#2 /mdevz/mynlinksys/system/Common.php(1089): CodeIgniter\View\View->render()
#3 /mdevz/mynlinksys/app/Controllers/Md_article.php(32): view()
#4 /mdevz/mynlinksys/system/CodeIgniter.php(832): App\Controllers\Md_article->profile()
#5 /mdevz/mynlinksys/system/CodeIgniter.php(419): CodeIgniter\CodeIgniter->runController()
#6 /mdevz/mynlinksys/system/CodeIgniter.php(326): CodeIgniter\CodeIgniter->handleRequest()
#7 /mdevz/mynlinksys/public/index.php(37): CodeIgniter\CodeIgniter->run()
#8 {main}
CRITICAL - 2022-04-19 16:11:06 --> Invalid file: masterdata/md-articlee.php
#0 /mdevz/mynlinksys/system/View/View.php(198): CodeIgniter\Exceptions\FrameworkException::forInvalidFile()
#1 /mdevz/mynlinksys/system/Common.php(1089): CodeIgniter\View\View->render()
#2 /mdevz/mynlinksys/app/Controllers/Md_article.php(19): view()
#3 /mdevz/mynlinksys/system/CodeIgniter.php(832): App\Controllers\Md_article->index()
#4 /mdevz/mynlinksys/system/CodeIgniter.php(419): CodeIgniter\CodeIgniter->runController()
#5 /mdevz/mynlinksys/system/CodeIgniter.php(326): CodeIgniter\CodeIgniter->handleRequest()
#6 /mdevz/mynlinksys/public/index.php(37): CodeIgniter\CodeIgniter->run()
#7 {main}
ERROR - 2022-04-19 16:28:58 --> Error connecting to the database: Access denied for user '****'@'localhost' (using password: YES)
CRITICAL - 2022-04-19 16:28:58 --> Unable to connect to the database.
Main connection [MySQLi]: Access denied for user '****'@'localhost' (using password: YES)
#0 /mdevz/mynlinksys/system/Session/Handlers/DatabaseHandler.php(94): CodeIgniter\Database\BaseConnection->initialize()
#1 [internal function]: CodeIgniter\Session\Handlers\DatabaseHandler->open()
#2 /mdevz/mynlinksys/system/Session/Session.php(894): session_start()
#3 /mdevz/mynlinksys/system/Session/Session.php(238): CodeIgniter\Session\Session->startSession()
#4 /mdevz/mynlinksys/system/Config/Services.php(577): CodeIgniter\Session\Session->start()
#5 /mdevz/mynlinksys/system/Config/BaseService.php(248): CodeIgniter\Config\Services::session()
#6 /mdevz/mynlinksys/system/Config/BaseService.php(189): CodeIgniter\Config\BaseService::__callStatic()
#7 /mdevz/mynlinksys/system/Config/Services.php(563): CodeIgniter\Config\BaseService::getSharedInstance()
#8 /mdevz/mynlinksys/system/Config/BaseService.php(248): CodeIgniter\Config\Services::session()
#9 /mdevz/mynlinksys/system/Common.php(901): CodeIgniter\Config\BaseService::__callStatic()
#10 /mdevz/mynlinksys/app/Models/MyLibzDBModel.php(84): session()
#11 /mdevz/mynlinksys/app/Models/MyMDArticleModel.php(18): App\Models\MyLibzDBModel->mysys_user()
#12 /mdevz/mynlinksys/app/Views/masterdata/md-article.php(36): App\Models\MyMDArticleModel->rec_view()
#13 /mdevz/mynlinksys/system/View/View.php(210): include('/mdevz/mynlinks...')
#14 /mdevz/mynlinksys/system/View/View.php(213): CodeIgniter\View\View->CodeIgniter\View\{closure}()
#15 /mdevz/mynlinksys/system/Common.php(1089): CodeIgniter\View\View->render()
#16 /mdevz/mynlinksys/app/Controllers/Md_article.php(19): view()
#17 /mdevz/mynlinksys/system/CodeIgniter.php(832): App\Controllers\Md_article->index()
#18 /mdevz/mynlinksys/system/CodeIgniter.php(419): CodeIgniter\CodeIgniter->runController()
#19 /mdevz/mynlinksys/system/CodeIgniter.php(326): CodeIgniter\CodeIgniter->handleRequest()
#20 /mdevz/mynlinksys/public/index.php(37): CodeIgniter\CodeIgniter->run()
#21 {main}
ERROR - 2022-04-19 16:32:51 --> Error connecting to the database: Access denied for user '****'@'localhost' (using password: YES)
CRITICAL - 2022-04-19 16:32:51 --> Unable to connect to the database.
Main connection [MySQLi]: Access denied for user '****'@'localhost' (using password: YES)
#0 /mdevz/mynlinksys/system/Session/Handlers/DatabaseHandler.php(94): CodeIgniter\Database\BaseConnection->initialize()
#1 [internal function]: CodeIgniter\Session\Handlers\DatabaseHandler->open()
#2 /mdevz/mynlinksys/system/Session/Session.php(894): session_start()
#3 /mdevz/mynlinksys/system/Session/Session.php(238): CodeIgniter\Session\Session->startSession()
#4 /mdevz/mynlinksys/system/Config/Services.php(577): CodeIgniter\Session\Session->start()
#5 /mdevz/mynlinksys/system/Config/BaseService.php(248): CodeIgniter\Config\Services::session()
#6 /mdevz/mynlinksys/system/Config/BaseService.php(189): CodeIgniter\Config\BaseService::__callStatic()
#7 /mdevz/mynlinksys/system/Config/Services.php(563): CodeIgniter\Config\BaseService::getSharedInstance()
#8 /mdevz/mynlinksys/system/Config/BaseService.php(248): CodeIgniter\Config\Services::session()
#9 /mdevz/mynlinksys/system/Common.php(901): CodeIgniter\Config\BaseService::__callStatic()
#10 /mdevz/mynlinksys/app/Models/MyLibzDBModel.php(84): session()
#11 /mdevz/mynlinksys/app/Models/MyMDArticleModel.php(18): App\Models\MyLibzDBModel->mysys_user()
#12 /mdevz/mynlinksys/app/Views/masterdata/md-article.php(36): App\Models\MyMDArticleModel->rec_view()
#13 /mdevz/mynlinksys/system/View/View.php(210): include('/mdevz/mynlinks...')
#14 /mdevz/mynlinksys/system/View/View.php(213): CodeIgniter\View\View->CodeIgniter\View\{closure}()
#15 /mdevz/mynlinksys/system/Common.php(1089): CodeIgniter\View\View->render()
#16 /mdevz/mynlinksys/app/Controllers/Md_article.php(19): view()
#17 /mdevz/mynlinksys/system/CodeIgniter.php(832): App\Controllers\Md_article->index()
#18 /mdevz/mynlinksys/system/CodeIgniter.php(419): CodeIgniter\CodeIgniter->runController()
#19 /mdevz/mynlinksys/system/CodeIgniter.php(326): CodeIgniter\CodeIgniter->handleRequest()
#20 /mdevz/mynlinksys/public/index.php(37): CodeIgniter\CodeIgniter->run()
#21 {main}
CRITICAL - 2022-04-19 16:46:12 --> Call to undefined function modelx()
#0 /mdevz/mynlinksys/system/View/View.php(210): include()
#1 /mdevz/mynlinksys/system/View/View.php(213): CodeIgniter\View\View->CodeIgniter\View\{closure}()
#2 /mdevz/mynlinksys/system/Common.php(1089): CodeIgniter\View\View->render()
#3 /mdevz/mynlinksys/app/Controllers/Md_article.php(19): view()
#4 /mdevz/mynlinksys/system/CodeIgniter.php(832): App\Controllers\Md_article->index()
#5 /mdevz/mynlinksys/system/CodeIgniter.php(419): CodeIgniter\CodeIgniter->runController()
#6 /mdevz/mynlinksys/system/CodeIgniter.php(326): CodeIgniter\CodeIgniter->handleRequest()
#7 /mdevz/mynlinksys/public/index.php(37): CodeIgniter\CodeIgniter->run()
#8 {main}
CRITICAL - 2022-04-19 16:48:34 --> Undefined variable: mylibzdb
#0 /mdevz/mynlinksys/app/Views/masterdata/md-article-recs.php(13): CodeIgniter\Debug\Exceptions->errorHandler()
#1 /mdevz/mynlinksys/system/View/View.php(210): include('/mdevz/mynlinks...')
#2 /mdevz/mynlinksys/system/View/View.php(213): CodeIgniter\View\View->CodeIgniter\View\{closure}()
#3 /mdevz/mynlinksys/system/Common.php(1089): CodeIgniter\View\View->render()
#4 /mdevz/mynlinksys/app/Views/masterdata/md-article.php(38): view()
#5 /mdevz/mynlinksys/system/View/View.php(210): include('/mdevz/mynlinks...')
#6 /mdevz/mynlinksys/system/View/View.php(213): CodeIgniter\View\View->CodeIgniter\View\{closure}()
#7 /mdevz/mynlinksys/system/Common.php(1089): CodeIgniter\View\View->render()
#8 /mdevz/mynlinksys/app/Controllers/Md_article.php(19): view()
#9 /mdevz/mynlinksys/system/CodeIgniter.php(832): App\Controllers\Md_article->index()
#10 /mdevz/mynlinksys/system/CodeIgniter.php(419): CodeIgniter\CodeIgniter->runController()
#11 /mdevz/mynlinksys/system/CodeIgniter.php(326): CodeIgniter\CodeIgniter->handleRequest()
#12 /mdevz/mynlinksys/public/index.php(37): CodeIgniter\CodeIgniter->run()
#13 {main}
CRITICAL - 2022-04-19 16:49:57 --> Undefined variable: mylibz
#0 /mdevz/mynlinksys/app/Views/masterdata/md-article-recs.php(19): CodeIgniter\Debug\Exceptions->errorHandler()
#1 /mdevz/mynlinksys/system/View/View.php(210): include('/mdevz/mynlinks...')
#2 /mdevz/mynlinksys/system/View/View.php(213): CodeIgniter\View\View->CodeIgniter\View\{closure}()
#3 /mdevz/mynlinksys/system/Common.php(1089): CodeIgniter\View\View->render()
#4 /mdevz/mynlinksys/app/Views/masterdata/md-article.php(38): view()
#5 /mdevz/mynlinksys/system/View/View.php(210): include('/mdevz/mynlinks...')
#6 /mdevz/mynlinksys/system/View/View.php(213): CodeIgniter\View\View->CodeIgniter\View\{closure}()
#7 /mdevz/mynlinksys/system/Common.php(1089): CodeIgniter\View\View->render()
#8 /mdevz/mynlinksys/app/Controllers/Md_article.php(19): view()
#9 /mdevz/mynlinksys/system/CodeIgniter.php(832): App\Controllers\Md_article->index()
#10 /mdevz/mynlinksys/system/CodeIgniter.php(419): CodeIgniter\CodeIgniter->runController()
#11 /mdevz/mynlinksys/system/CodeIgniter.php(326): CodeIgniter\CodeIgniter->handleRequest()
#12 /mdevz/mynlinksys/public/index.php(37): CodeIgniter\CodeIgniter->run()
#13 {main}
CRITICAL - 2022-04-19 16:50:45 --> Call to undefined function form_open()
#0 /mdevz/mynlinksys/system/View/View.php(210): include()
#1 /mdevz/mynlinksys/system/View/View.php(213): CodeIgniter\View\View->CodeIgniter\View\{closure}()
#2 /mdevz/mynlinksys/system/Common.php(1089): CodeIgniter\View\View->render()
#3 /mdevz/mynlinksys/app/Views/masterdata/md-article.php(38): view()
#4 /mdevz/mynlinksys/system/View/View.php(210): include('/mdevz/mynlinks...')
#5 /mdevz/mynlinksys/system/View/View.php(213): CodeIgniter\View\View->CodeIgniter\View\{closure}()
#6 /mdevz/mynlinksys/system/Common.php(1089): CodeIgniter\View\View->render()
#7 /mdevz/mynlinksys/app/Controllers/Md_article.php(19): view()
#8 /mdevz/mynlinksys/system/CodeIgniter.php(832): App\Controllers\Md_article->index()
#9 /mdevz/mynlinksys/system/CodeIgniter.php(419): CodeIgniter\CodeIgniter->runController()
#10 /mdevz/mynlinksys/system/CodeIgniter.php(326): CodeIgniter\CodeIgniter->handleRequest()
#11 /mdevz/mynlinksys/public/index.php(37): CodeIgniter\CodeIgniter->run()
#12 {main}
CRITICAL - 2022-04-19 16:53:01 --> Undefined variable: mylibz
#0 /mdevz/mynlinksys/app/Views/masterdata/md-article-recs.php(20): CodeIgniter\Debug\Exceptions->errorHandler()
#1 /mdevz/mynlinksys/system/View/View.php(210): include('/mdevz/mynlinks...')
#2 /mdevz/mynlinksys/system/View/View.php(213): CodeIgniter\View\View->CodeIgniter\View\{closure}()
#3 /mdevz/mynlinksys/system/Common.php(1089): CodeIgniter\View\View->render()
#4 /mdevz/mynlinksys/app/Controllers/Md_article.php(28): view()
#5 /mdevz/mynlinksys/system/CodeIgniter.php(832): App\Controllers\Md_article->recs()
#6 /mdevz/mynlinksys/system/CodeIgniter.php(419): CodeIgniter\CodeIgniter->runController()
#7 /mdevz/mynlinksys/system/CodeIgniter.php(326): CodeIgniter\CodeIgniter->handleRequest()
#8 /mdevz/mynlinksys/public/index.php(37): CodeIgniter\CodeIgniter->run()
#9 {main}
