CRITICAL - 2022-06-13 08:33:11 --> unlink(/mdevs/mynrc/writable/debugbar/debugbar_1654929124.json): No such file or directory
#0 [internal function]: CodeIgniter\Debug\Exceptions->errorHandler()
#1 /mdevs/mynrc/system/Debug/Toolbar/Collectors/History.php(74): unlink()
#2 /mdevs/mynrc/system/Debug/Toolbar.php(487): CodeIgniter\Debug\Toolbar\Collectors\History->setFiles()
#3 /mdevs/mynrc/system/Debug/Toolbar.php(464): CodeIgniter\Debug\Toolbar->format()
#4 /mdevs/mynrc/app/Config/Events.php(48): CodeIgniter\Debug\Toolbar->respond()
#5 /mdevs/mynrc/system/Events/Events.php(149): CodeIgniter\Events\Events::Config\{closure}()
#6 /mdevs/mynrc/system/CodeIgniter.php(308): CodeIgniter\Events\Events::trigger()
#7 /mdevs/mynrc/public/index.php(37): CodeIgniter\CodeIgniter->run()
#8 {main}
CRITICAL - 2022-06-13 08:46:26 --> Class 'App\Models\MyCardTagModel' not found
#0 /mdevs/mynrc/system/CodeIgniter.php(809): App\Controllers\Md_cards->__construct()
#1 /mdevs/mynrc/system/CodeIgniter.php(410): CodeIgniter\CodeIgniter->createController()
#2 /mdevs/mynrc/system/CodeIgniter.php(326): CodeIgniter\CodeIgniter->handleRequest()
#3 /mdevs/mynrc/public/index.php(37): CodeIgniter\CodeIgniter->run()
#4 {main}
CRITICAL - 2022-06-13 08:46:46 --> Class 'App\Models\MyCardTagModel' not found
#0 /mdevs/mynrc/system/CodeIgniter.php(809): App\Controllers\Md_cards->__construct()
#1 /mdevs/mynrc/system/CodeIgniter.php(410): CodeIgniter\CodeIgniter->createController()
#2 /mdevs/mynrc/system/CodeIgniter.php(326): CodeIgniter\CodeIgniter->handleRequest()
#3 /mdevs/mynrc/public/index.php(37): CodeIgniter\CodeIgniter->run()
#4 {main}
CRITICAL - 2022-06-13 08:46:50 --> Class 'App\Models\MyCardTagModel' not found
#0 /mdevs/mynrc/system/CodeIgniter.php(809): App\Controllers\Md_cards->__construct()
#1 /mdevs/mynrc/system/CodeIgniter.php(410): CodeIgniter\CodeIgniter->createController()
#2 /mdevs/mynrc/system/CodeIgniter.php(326): CodeIgniter\CodeIgniter->handleRequest()
#3 /mdevs/mynrc/public/index.php(37): CodeIgniter\CodeIgniter->run()
#4 {main}
CRITICAL - 2022-06-13 08:46:56 --> Class 'App\Models\MyCardTagModel' not found
#0 /mdevs/mynrc/system/CodeIgniter.php(809): App\Controllers\Md_cards->__construct()
#1 /mdevs/mynrc/system/CodeIgniter.php(410): CodeIgniter\CodeIgniter->createController()
#2 /mdevs/mynrc/system/CodeIgniter.php(326): CodeIgniter\CodeIgniter->handleRequest()
#3 /mdevs/mynrc/public/index.php(37): CodeIgniter\CodeIgniter->run()
#4 {main}
CRITICAL - 2022-06-13 09:46:24 --> You must set the database table to be used with your query.
#0 /mdevs/mynrc/system/Model.php(545): CodeIgniter\Database\BaseConnection->table()
#1 /mdevs/mynrc/system/Model.php(693): CodeIgniter\Model->builder()
#2 /mdevs/mynrc/app/Models/MyCardTagModel.php(69): CodeIgniter\Model->__get()
#3 /mdevs/mynrc/app/Controllers/Md_cards.php(52): App\Models\MyCardTagModel->md_cardtag_upld()
#4 /mdevs/mynrc/system/CodeIgniter.php(832): App\Controllers\Md_cards->md_cards_uplds()
#5 /mdevs/mynrc/system/CodeIgniter.php(419): CodeIgniter\CodeIgniter->runController()
#6 /mdevs/mynrc/system/CodeIgniter.php(326): CodeIgniter\CodeIgniter->handleRequest()
#7 /mdevs/mynrc/public/index.php(37): CodeIgniter\CodeIgniter->run()
#8 {main}
CRITICAL - 2022-06-13 09:53:44 --> You must set the database table to be used with your query.
#0 /mdevs/mynrc/system/Model.php(545): CodeIgniter\Database\BaseConnection->table()
#1 /mdevs/mynrc/system/Model.php(693): CodeIgniter\Model->builder()
#2 /mdevs/mynrc/app/Models/MyCardTagModel.php(69): CodeIgniter\Model->__get()
#3 /mdevs/mynrc/app/Controllers/Md_cards.php(52): App\Models\MyCardTagModel->md_cardtag_upld()
#4 /mdevs/mynrc/system/CodeIgniter.php(832): App\Controllers\Md_cards->md_cards_uplds()
#5 /mdevs/mynrc/system/CodeIgniter.php(419): CodeIgniter\CodeIgniter->runController()
#6 /mdevs/mynrc/system/CodeIgniter.php(326): CodeIgniter\CodeIgniter->handleRequest()
#7 /mdevs/mynrc/public/index.php(37): CodeIgniter\CodeIgniter->run()
#8 {main}
CRITICAL - 2022-06-13 09:55:32 --> You must set the database table to be used with your query.
#0 /mdevs/mynrc/system/Model.php(545): CodeIgniter\Database\BaseConnection->table()
#1 /mdevs/mynrc/system/Model.php(693): CodeIgniter\Model->builder()
#2 /mdevs/mynrc/app/Models/MyCardTagModel.php(69): CodeIgniter\Model->__get()
#3 /mdevs/mynrc/app/Controllers/Md_cards.php(52): App\Models\MyCardTagModel->md_cardtag_upld()
#4 /mdevs/mynrc/system/CodeIgniter.php(832): App\Controllers\Md_cards->md_cards_uplds()
#5 /mdevs/mynrc/system/CodeIgniter.php(419): CodeIgniter\CodeIgniter->runController()
#6 /mdevs/mynrc/system/CodeIgniter.php(326): CodeIgniter\CodeIgniter->handleRequest()
#7 /mdevs/mynrc/public/index.php(37): CodeIgniter\CodeIgniter->run()
#8 {main}
CRITICAL - 2022-06-13 10:23:07 --> You must set the database table to be used with your query.
#0 /mdevs/mynrc/system/Model.php(545): CodeIgniter\Database\BaseConnection->table()
#1 /mdevs/mynrc/system/Model.php(693): CodeIgniter\Model->builder()
#2 /mdevs/mynrc/app/Models/MyCardTagModel.php(69): CodeIgniter\Model->__get()
#3 /mdevs/mynrc/app/Controllers/Md_cards.php(52): App\Models\MyCardTagModel->md_cardtag_upld()
#4 /mdevs/mynrc/system/CodeIgniter.php(832): App\Controllers\Md_cards->md_cards_uplds()
#5 /mdevs/mynrc/system/CodeIgniter.php(419): CodeIgniter\CodeIgniter->runController()
#6 /mdevs/mynrc/system/CodeIgniter.php(326): CodeIgniter\CodeIgniter->handleRequest()
#7 /mdevs/mynrc/public/index.php(37): CodeIgniter\CodeIgniter->run()
#8 {main}
CRITICAL - 2022-06-13 10:23:13 --> You must set the database table to be used with your query.
#0 /mdevs/mynrc/system/Model.php(545): CodeIgniter\Database\BaseConnection->table()
#1 /mdevs/mynrc/system/Model.php(693): CodeIgniter\Model->builder()
#2 /mdevs/mynrc/app/Models/MyCardTagModel.php(69): CodeIgniter\Model->__get()
#3 /mdevs/mynrc/app/Controllers/Md_cards.php(52): App\Models\MyCardTagModel->md_cardtag_upld()
#4 /mdevs/mynrc/system/CodeIgniter.php(832): App\Controllers\Md_cards->md_cards_uplds()
#5 /mdevs/mynrc/system/CodeIgniter.php(419): CodeIgniter\CodeIgniter->runController()
#6 /mdevs/mynrc/system/CodeIgniter.php(326): CodeIgniter\CodeIgniter->handleRequest()
#7 /mdevs/mynrc/public/index.php(37): CodeIgniter\CodeIgniter->run()
#8 {main}
CRITICAL - 2022-06-13 10:24:19 --> You must set the database table to be used with your query.
#0 /mdevs/mynrc/system/Model.php(545): CodeIgniter\Database\BaseConnection->table()
#1 /mdevs/mynrc/system/Model.php(693): CodeIgniter\Model->builder()
#2 /mdevs/mynrc/app/Models/MyCardTagModel.php(69): CodeIgniter\Model->__get()
#3 /mdevs/mynrc/app/Controllers/Md_cards.php(52): App\Models\MyCardTagModel->md_cardtag_upld()
#4 /mdevs/mynrc/system/CodeIgniter.php(832): App\Controllers\Md_cards->md_cards_uplds()
#5 /mdevs/mynrc/system/CodeIgniter.php(419): CodeIgniter\CodeIgniter->runController()
#6 /mdevs/mynrc/system/CodeIgniter.php(326): CodeIgniter\CodeIgniter->handleRequest()
#7 /mdevs/mynrc/public/index.php(37): CodeIgniter\CodeIgniter->run()
#8 {main}
CRITICAL - 2022-06-13 10:25:03 --> You must set the database table to be used with your query.
#0 /mdevs/mynrc/system/Model.php(545): CodeIgniter\Database\BaseConnection->table()
#1 /mdevs/mynrc/system/Model.php(693): CodeIgniter\Model->builder()
#2 /mdevs/mynrc/app/Models/MyCardTagModel.php(69): CodeIgniter\Model->__get()
#3 /mdevs/mynrc/app/Controllers/Md_cards.php(52): App\Models\MyCardTagModel->md_cardtag_upld()
#4 /mdevs/mynrc/system/CodeIgniter.php(832): App\Controllers\Md_cards->md_cards_uplds()
#5 /mdevs/mynrc/system/CodeIgniter.php(419): CodeIgniter\CodeIgniter->runController()
#6 /mdevs/mynrc/system/CodeIgniter.php(326): CodeIgniter\CodeIgniter->handleRequest()
#7 /mdevs/mynrc/public/index.php(37): CodeIgniter\CodeIgniter->run()
#8 {main}
CRITICAL - 2022-06-13 10:26:39 --> syntax error, unexpected ';', expecting ')'
#0 /mdevs/mynrc/system/Autoloader/Autoloader.php(241): CodeIgniter\Autoloader\Autoloader->includeFile()
#1 /mdevs/mynrc/system/Autoloader/Autoloader.php(219): CodeIgniter\Autoloader\Autoloader->loadInNamespace()
#2 [internal function]: CodeIgniter\Autoloader\Autoloader->loadClass()
#3 [internal function]: spl_autoload_call()
#4 /mdevs/mynrc/system/CodeIgniter.php(797): class_exists()
#5 /mdevs/mynrc/system/CodeIgniter.php(406): CodeIgniter\CodeIgniter->startController()
#6 /mdevs/mynrc/system/CodeIgniter.php(326): CodeIgniter\CodeIgniter->handleRequest()
#7 /mdevs/mynrc/public/index.php(37): CodeIgniter\CodeIgniter->run()
#8 {main}
CRITICAL - 2022-06-13 10:31:29 --> You must set the database table to be used with your query.
#0 /mdevs/mynrc/system/Model.php(545): CodeIgniter\Database\BaseConnection->table()
#1 /mdevs/mynrc/system/Model.php(722): CodeIgniter\Model->builder()
#2 /mdevs/mynrc/app/Models/MyCardTagModel.php(69): CodeIgniter\Model->__call()
#3 /mdevs/mynrc/app/Controllers/Md_cards.php(53): App\Models\MyCardTagModel->md_cardtag_upld()
#4 /mdevs/mynrc/system/CodeIgniter.php(832): App\Controllers\Md_cards->md_cards_uplds()
#5 /mdevs/mynrc/system/CodeIgniter.php(419): CodeIgniter\CodeIgniter->runController()
#6 /mdevs/mynrc/system/CodeIgniter.php(326): CodeIgniter\CodeIgniter->handleRequest()
#7 /mdevs/mynrc/public/index.php(37): CodeIgniter\CodeIgniter->run()
#8 {main}
CRITICAL - 2022-06-13 10:31:31 --> You must set the database table to be used with your query.
#0 /mdevs/mynrc/system/Model.php(545): CodeIgniter\Database\BaseConnection->table()
#1 /mdevs/mynrc/system/Model.php(722): CodeIgniter\Model->builder()
#2 /mdevs/mynrc/app/Models/MyCardTagModel.php(69): CodeIgniter\Model->__call()
#3 /mdevs/mynrc/app/Controllers/Md_cards.php(53): App\Models\MyCardTagModel->md_cardtag_upld()
#4 /mdevs/mynrc/system/CodeIgniter.php(832): App\Controllers\Md_cards->md_cards_uplds()
#5 /mdevs/mynrc/system/CodeIgniter.php(419): CodeIgniter\CodeIgniter->runController()
#6 /mdevs/mynrc/system/CodeIgniter.php(326): CodeIgniter\CodeIgniter->handleRequest()
#7 /mdevs/mynrc/public/index.php(37): CodeIgniter\CodeIgniter->run()
#8 {main}
CRITICAL - 2022-06-13 10:32:34 --> You must set the database table to be used with your query.
#0 /mdevs/mynrc/system/Model.php(545): CodeIgniter\Database\BaseConnection->table()
#1 /mdevs/mynrc/system/Model.php(722): CodeIgniter\Model->builder()
#2 /mdevs/mynrc/app/Models/MyCardTagModel.php(69): CodeIgniter\Model->__call()
#3 /mdevs/mynrc/app/Controllers/Md_cards.php(53): App\Models\MyCardTagModel->md_cardtag_upld()
#4 /mdevs/mynrc/system/CodeIgniter.php(832): App\Controllers\Md_cards->md_cards_uplds()
#5 /mdevs/mynrc/system/CodeIgniter.php(419): CodeIgniter\CodeIgniter->runController()
#6 /mdevs/mynrc/system/CodeIgniter.php(326): CodeIgniter\CodeIgniter->handleRequest()
#7 /mdevs/mynrc/public/index.php(37): CodeIgniter\CodeIgniter->run()
#8 {main}
CRITICAL - 2022-06-13 10:34:35 --> You must set the database table to be used with your query.
#0 /mdevs/mynrc/system/Model.php(545): CodeIgniter\Database\BaseConnection->table()
#1 /mdevs/mynrc/system/Model.php(693): CodeIgniter\Model->builder()
#2 /mdevs/mynrc/app/Models/MyCardTagModel.php(86): CodeIgniter\Model->__get()
#3 /mdevs/mynrc/app/Controllers/Md_cards.php(53): App\Models\MyCardTagModel->md_cardtag_upld()
#4 /mdevs/mynrc/system/CodeIgniter.php(832): App\Controllers\Md_cards->md_cards_uplds()
#5 /mdevs/mynrc/system/CodeIgniter.php(419): CodeIgniter\CodeIgniter->runController()
#6 /mdevs/mynrc/system/CodeIgniter.php(326): CodeIgniter\CodeIgniter->handleRequest()
#7 /mdevs/mynrc/public/index.php(37): CodeIgniter\CodeIgniter->run()
#8 {main}
CRITICAL - 2022-06-13 10:35:07 --> You must set the database table to be used with your query.
#0 /mdevs/mynrc/system/Model.php(545): CodeIgniter\Database\BaseConnection->table()
#1 /mdevs/mynrc/system/Model.php(693): CodeIgniter\Model->builder()
#2 /mdevs/mynrc/app/Models/MyCardTagModel.php(87): CodeIgniter\Model->__get()
#3 /mdevs/mynrc/app/Controllers/Md_cards.php(53): App\Models\MyCardTagModel->md_cardtag_upld()
#4 /mdevs/mynrc/system/CodeIgniter.php(832): App\Controllers\Md_cards->md_cards_uplds()
#5 /mdevs/mynrc/system/CodeIgniter.php(419): CodeIgniter\CodeIgniter->runController()
#6 /mdevs/mynrc/system/CodeIgniter.php(326): CodeIgniter\CodeIgniter->handleRequest()
#7 /mdevs/mynrc/public/index.php(37): CodeIgniter\CodeIgniter->run()
#8 {main}
CRITICAL - 2022-06-13 11:10:40 --> Array to string conversion
#0 /mdevs/mynrc/app/Models/MyCardTagModel.php(103): CodeIgniter\Debug\Exceptions->errorHandler()
#1 /mdevs/mynrc/app/Controllers/Md_cards.php(53): App\Models\MyCardTagModel->md_cardtag_upld()
#2 /mdevs/mynrc/system/CodeIgniter.php(832): App\Controllers\Md_cards->md_cards_uplds()
#3 /mdevs/mynrc/system/CodeIgniter.php(419): CodeIgniter\CodeIgniter->runController()
#4 /mdevs/mynrc/system/CodeIgniter.php(326): CodeIgniter\CodeIgniter->handleRequest()
#5 /mdevs/mynrc/public/index.php(37): CodeIgniter\CodeIgniter->run()
#6 {main}
CRITICAL - 2022-06-13 11:21:39 --> Class 'App\Models\File' not found
#0 /mdevs/mynrc/app/Controllers/Md_cards.php(53): App\Models\MyCardTagModel->md_cardtag_upld()
#1 /mdevs/mynrc/system/CodeIgniter.php(832): App\Controllers\Md_cards->md_cards_uplds()
#2 /mdevs/mynrc/system/CodeIgniter.php(419): CodeIgniter\CodeIgniter->runController()
#3 /mdevs/mynrc/system/CodeIgniter.php(326): CodeIgniter\CodeIgniter->handleRequest()
#4 /mdevs/mynrc/public/index.php(37): CodeIgniter\CodeIgniter->run()
#5 {main}
CRITICAL - 2022-06-13 11:23:05 --> Undefined variable: filepath
#0 /mdevs/mynrc/app/Models/MyCardTagModel.php(102): CodeIgniter\Debug\Exceptions->errorHandler()
#1 /mdevs/mynrc/app/Controllers/Md_cards.php(53): App\Models\MyCardTagModel->md_cardtag_upld()
#2 /mdevs/mynrc/system/CodeIgniter.php(832): App\Controllers\Md_cards->md_cards_uplds()
#3 /mdevs/mynrc/system/CodeIgniter.php(419): CodeIgniter\CodeIgniter->runController()
#4 /mdevs/mynrc/system/CodeIgniter.php(326): CodeIgniter\CodeIgniter->handleRequest()
#5 /mdevs/mynrc/public/index.php(37): CodeIgniter\CodeIgniter->run()
#6 {main}
CRITICAL - 2022-06-13 11:25:09 --> Trying to get property 'fileName' of non-object
#0 /mdevs/mynrc/app/Models/MyCardTagModel.php(103): CodeIgniter\Debug\Exceptions->errorHandler()
#1 /mdevs/mynrc/app/Controllers/Md_cards.php(53): App\Models\MyCardTagModel->md_cardtag_upld()
#2 /mdevs/mynrc/system/CodeIgniter.php(832): App\Controllers\Md_cards->md_cards_uplds()
#3 /mdevs/mynrc/system/CodeIgniter.php(419): CodeIgniter\CodeIgniter->runController()
#4 /mdevs/mynrc/system/CodeIgniter.php(326): CodeIgniter\CodeIgniter->handleRequest()
#5 /mdevs/mynrc/public/index.php(37): CodeIgniter\CodeIgniter->run()
#6 {main}
CRITICAL - 2022-06-13 11:25:29 --> Undefined index: fileName
#0 /mdevs/mynrc/app/Models/MyCardTagModel.php(103): CodeIgniter\Debug\Exceptions->errorHandler()
#1 /mdevs/mynrc/app/Controllers/Md_cards.php(53): App\Models\MyCardTagModel->md_cardtag_upld()
#2 /mdevs/mynrc/system/CodeIgniter.php(832): App\Controllers\Md_cards->md_cards_uplds()
#3 /mdevs/mynrc/system/CodeIgniter.php(419): CodeIgniter\CodeIgniter->runController()
#4 /mdevs/mynrc/system/CodeIgniter.php(326): CodeIgniter\CodeIgniter->handleRequest()
#5 /mdevs/mynrc/public/index.php(37): CodeIgniter\CodeIgniter->run()
#6 {main}
CRITICAL - 2022-06-13 11:26:16 --> Cannot use object of type CodeIgniter\Files\File as array
#0 /mdevs/mynrc/app/Controllers/Md_cards.php(53): App\Models\MyCardTagModel->md_cardtag_upld()
#1 /mdevs/mynrc/system/CodeIgniter.php(832): App\Controllers\Md_cards->md_cards_uplds()
#2 /mdevs/mynrc/system/CodeIgniter.php(419): CodeIgniter\CodeIgniter->runController()
#3 /mdevs/mynrc/system/CodeIgniter.php(326): CodeIgniter\CodeIgniter->handleRequest()
#4 /mdevs/mynrc/public/index.php(37): CodeIgniter\CodeIgniter->run()
#5 {main}
CRITICAL - 2022-06-13 11:36:17 --> You must set the database table to be used with your query.
#0 /mdevs/mynrc/system/Model.php(545): CodeIgniter\Database\BaseConnection->table()
#1 /mdevs/mynrc/system/Model.php(693): CodeIgniter\Model->builder()
#2 /mdevs/mynrc/app/Models/MyCardTagModel.php(110): CodeIgniter\Model->__get()
#3 /mdevs/mynrc/app/Controllers/Md_cards.php(53): App\Models\MyCardTagModel->md_cardtag_upld()
#4 /mdevs/mynrc/system/CodeIgniter.php(832): App\Controllers\Md_cards->md_cards_uplds()
#5 /mdevs/mynrc/system/CodeIgniter.php(419): CodeIgniter\CodeIgniter->runController()
#6 /mdevs/mynrc/system/CodeIgniter.php(326): CodeIgniter\CodeIgniter->handleRequest()
#7 /mdevs/mynrc/public/index.php(37): CodeIgniter\CodeIgniter->run()
#8 {main}
CRITICAL - 2022-06-13 11:37:03 --> You must set the database table to be used with your query.
#0 /mdevs/mynrc/system/Model.php(545): CodeIgniter\Database\BaseConnection->table()
#1 /mdevs/mynrc/system/Model.php(693): CodeIgniter\Model->builder()
#2 /mdevs/mynrc/app/Models/MyCardTagModel.php(113): CodeIgniter\Model->__get()
#3 /mdevs/mynrc/app/Controllers/Md_cards.php(53): App\Models\MyCardTagModel->md_cardtag_upld()
#4 /mdevs/mynrc/system/CodeIgniter.php(832): App\Controllers\Md_cards->md_cards_uplds()
#5 /mdevs/mynrc/system/CodeIgniter.php(419): CodeIgniter\CodeIgniter->runController()
#6 /mdevs/mynrc/system/CodeIgniter.php(326): CodeIgniter\CodeIgniter->handleRequest()
#7 /mdevs/mynrc/public/index.php(37): CodeIgniter\CodeIgniter->run()
#8 {main}
CRITICAL - 2022-06-13 11:38:42 --> You must set the database table to be used with your query.
#0 /mdevs/mynrc/system/Model.php(545): CodeIgniter\Database\BaseConnection->table()
#1 /mdevs/mynrc/system/Model.php(722): CodeIgniter\Model->builder()
#2 /mdevs/mynrc/app/Models/MyCardTagModel.php(114): CodeIgniter\Model->__call()
#3 /mdevs/mynrc/app/Controllers/Md_cards.php(53): App\Models\MyCardTagModel->md_cardtag_upld()
#4 /mdevs/mynrc/system/CodeIgniter.php(832): App\Controllers\Md_cards->md_cards_uplds()
#5 /mdevs/mynrc/system/CodeIgniter.php(419): CodeIgniter\CodeIgniter->runController()
#6 /mdevs/mynrc/system/CodeIgniter.php(326): CodeIgniter\CodeIgniter->handleRequest()
#7 /mdevs/mynrc/public/index.php(37): CodeIgniter\CodeIgniter->run()
#8 {main}
CRITICAL - 2022-06-13 11:39:14 --> You must set the database table to be used with your query.
#0 /mdevs/mynrc/system/Model.php(545): CodeIgniter\Database\BaseConnection->table()
#1 /mdevs/mynrc/system/Model.php(722): CodeIgniter\Model->builder()
#2 /mdevs/mynrc/app/Models/MyCardTagModel.php(114): CodeIgniter\Model->__call()
#3 /mdevs/mynrc/app/Controllers/Md_cards.php(53): App\Models\MyCardTagModel->md_cardtag_upld()
#4 /mdevs/mynrc/system/CodeIgniter.php(832): App\Controllers\Md_cards->md_cards_uplds()
#5 /mdevs/mynrc/system/CodeIgniter.php(419): CodeIgniter\CodeIgniter->runController()
#6 /mdevs/mynrc/system/CodeIgniter.php(326): CodeIgniter\CodeIgniter->handleRequest()
#7 /mdevs/mynrc/public/index.php(37): CodeIgniter\CodeIgniter->run()
#8 {main}
ERROR - 2022-06-13 11:39:32 --> Can't find file './cardTag/1655091571_bbfd777d327d708f290e.csv'.
CRITICAL - 2022-06-13 11:39:59 --> You must set the database table to be used with your query.
#0 /mdevs/mynrc/system/Model.php(545): CodeIgniter\Database\BaseConnection->table()
#1 /mdevs/mynrc/system/Model.php(722): CodeIgniter\Model->builder()
#2 /mdevs/mynrc/app/Models/MyCardTagModel.php(114): CodeIgniter\Model->__call()
#3 /mdevs/mynrc/app/Controllers/Md_cards.php(53): App\Models\MyCardTagModel->md_cardtag_upld()
#4 /mdevs/mynrc/system/CodeIgniter.php(832): App\Controllers\Md_cards->md_cards_uplds()
#5 /mdevs/mynrc/system/CodeIgniter.php(419): CodeIgniter\CodeIgniter->runController()
#6 /mdevs/mynrc/system/CodeIgniter.php(326): CodeIgniter\CodeIgniter->handleRequest()
#7 /mdevs/mynrc/public/index.php(37): CodeIgniter\CodeIgniter->run()
#8 {main}
ERROR - 2022-06-13 11:41:24 --> Can't find file './cardTag/1655091684_655451d6ab324a8cc606.csv'.
CRITICAL - 2022-06-13 11:42:06 --> You must set the database table to be used with your query.
#0 /mdevs/mynrc/system/Model.php(545): CodeIgniter\Database\BaseConnection->table()
#1 /mdevs/mynrc/system/Model.php(722): CodeIgniter\Model->builder()
#2 /mdevs/mynrc/app/Models/MyCardTagModel.php(115): CodeIgniter\Model->__call()
#3 /mdevs/mynrc/app/Controllers/Md_cards.php(53): App\Models\MyCardTagModel->md_cardtag_upld()
#4 /mdevs/mynrc/system/CodeIgniter.php(832): App\Controllers\Md_cards->md_cards_uplds()
#5 /mdevs/mynrc/system/CodeIgniter.php(419): CodeIgniter\CodeIgniter->runController()
#6 /mdevs/mynrc/system/CodeIgniter.php(326): CodeIgniter\CodeIgniter->handleRequest()
#7 /mdevs/mynrc/public/index.php(37): CodeIgniter\CodeIgniter->run()
#8 {main}
ERROR - 2022-06-13 11:46:43 --> Can't find file './cardTag/1655092003_5205ed67acb12f0c2cd2.csv'.
ERROR - 2022-06-13 11:48:49 --> Can't find file './cardTag/1655092129_867fbdfbae633cb17b93.csv'.
CRITICAL - 2022-06-13 11:57:58 --> finfo_file(/tmp/phpjwKALJ): failed to open stream: No such file or directory
#0 [internal function]: CodeIgniter\Debug\Exceptions->errorHandler()
#1 /mdevs/mynrc/system/Files/File.php(109): finfo_file()
#2 /mdevs/mynrc/system/HTTP/Files/UploadedFile.php(302): CodeIgniter\Files\File->getMimeType()
#3 /mdevs/mynrc/system/HTTP/Files/UploadedFile.php(291): CodeIgniter\HTTP\Files\UploadedFile->guessExtension()
#4 /mdevs/mynrc/system/Files/File.php(121): CodeIgniter\HTTP\Files\UploadedFile->getExtension()
#5 /mdevs/mynrc/system/HTTP/Files/UploadedFile.php(338): CodeIgniter\Files\File->getRandomName()
#6 /mdevs/mynrc/app/Models/MyCardTagModel.php(100): CodeIgniter\HTTP\Files\UploadedFile->store()
#7 /mdevs/mynrc/app/Controllers/Md_cards.php(53): App\Models\MyCardTagModel->md_cardtag_upld()
#8 /mdevs/mynrc/system/CodeIgniter.php(832): App\Controllers\Md_cards->md_cards_uplds()
#9 /mdevs/mynrc/system/CodeIgniter.php(419): CodeIgniter\CodeIgniter->runController()
#10 /mdevs/mynrc/system/CodeIgniter.php(326): CodeIgniter\CodeIgniter->handleRequest()
#11 /mdevs/mynrc/public/index.php(37): CodeIgniter\CodeIgniter->run()
#12 {main}
CRITICAL - 2022-06-13 11:59:22 --> The uploaded file has already been moved.
#0 /mdevs/mynrc/system/HTTP/Files/UploadedFile.php(133): CodeIgniter\HTTP\Exceptions\HTTPException::forAlreadyMoved()
#1 /mdevs/mynrc/app/Models/MyCardTagModel.php(108): CodeIgniter\HTTP\Files\UploadedFile->move()
#2 /mdevs/mynrc/app/Controllers/Md_cards.php(53): App\Models\MyCardTagModel->md_cardtag_upld()
#3 /mdevs/mynrc/system/CodeIgniter.php(832): App\Controllers\Md_cards->md_cards_uplds()
#4 /mdevs/mynrc/system/CodeIgniter.php(419): CodeIgniter\CodeIgniter->runController()
#5 /mdevs/mynrc/system/CodeIgniter.php(326): CodeIgniter\CodeIgniter->handleRequest()
#6 /mdevs/mynrc/public/index.php(37): CodeIgniter\CodeIgniter->run()
#7 {main}
CRITICAL - 2022-06-13 12:00:45 --> The uploaded file has already been moved.
#0 /mdevs/mynrc/system/HTTP/Files/UploadedFile.php(133): CodeIgniter\HTTP\Exceptions\HTTPException::forAlreadyMoved()
#1 /mdevs/mynrc/app/Models/MyCardTagModel.php(108): CodeIgniter\HTTP\Files\UploadedFile->move()
#2 /mdevs/mynrc/app/Controllers/Md_cards.php(53): App\Models\MyCardTagModel->md_cardtag_upld()
#3 /mdevs/mynrc/system/CodeIgniter.php(832): App\Controllers\Md_cards->md_cards_uplds()
#4 /mdevs/mynrc/system/CodeIgniter.php(419): CodeIgniter\CodeIgniter->runController()
#5 /mdevs/mynrc/system/CodeIgniter.php(326): CodeIgniter\CodeIgniter->handleRequest()
#6 /mdevs/mynrc/public/index.php(37): CodeIgniter\CodeIgniter->run()
#7 {main}
CRITICAL - 2022-06-13 13:13:23 --> The uploaded file has already been moved.
#0 /mdevs/mynrc/system/HTTP/Files/UploadedFile.php(133): CodeIgniter\HTTP\Exceptions\HTTPException::forAlreadyMoved()
#1 /mdevs/mynrc/app/Models/MyCardTagModel.php(108): CodeIgniter\HTTP\Files\UploadedFile->move()
#2 /mdevs/mynrc/app/Controllers/Md_cards.php(53): App\Models\MyCardTagModel->md_cardtag_upld()
#3 /mdevs/mynrc/system/CodeIgniter.php(832): App\Controllers\Md_cards->md_cards_uplds()
#4 /mdevs/mynrc/system/CodeIgniter.php(419): CodeIgniter\CodeIgniter->runController()
#5 /mdevs/mynrc/system/CodeIgniter.php(326): CodeIgniter\CodeIgniter->handleRequest()
#6 /mdevs/mynrc/public/index.php(37): CodeIgniter\CodeIgniter->run()
#7 {main}
CRITICAL - 2022-06-13 13:15:27 --> The uploaded file has already been moved.
#0 /mdevs/mynrc/system/HTTP/Files/UploadedFile.php(133): CodeIgniter\HTTP\Exceptions\HTTPException::forAlreadyMoved()
#1 /mdevs/mynrc/app/Models/MyCardTagModel.php(101): CodeIgniter\HTTP\Files\UploadedFile->move()
#2 /mdevs/mynrc/app/Controllers/Md_cards.php(53): App\Models\MyCardTagModel->md_cardtag_upld()
#3 /mdevs/mynrc/system/CodeIgniter.php(832): App\Controllers\Md_cards->md_cards_uplds()
#4 /mdevs/mynrc/system/CodeIgniter.php(419): CodeIgniter\CodeIgniter->runController()
#5 /mdevs/mynrc/system/CodeIgniter.php(326): CodeIgniter\CodeIgniter->handleRequest()
#6 /mdevs/mynrc/public/index.php(37): CodeIgniter\CodeIgniter->run()
#7 {main}
CRITICAL - 2022-06-13 13:15:56 --> Undefined variable: path
#0 /mdevs/mynrc/app/Models/MyCardTagModel.php(102): CodeIgniter\Debug\Exceptions->errorHandler()
#1 /mdevs/mynrc/app/Controllers/Md_cards.php(53): App\Models\MyCardTagModel->md_cardtag_upld()
#2 /mdevs/mynrc/system/CodeIgniter.php(832): App\Controllers\Md_cards->md_cards_uplds()
#3 /mdevs/mynrc/system/CodeIgniter.php(419): CodeIgniter\CodeIgniter->runController()
#4 /mdevs/mynrc/system/CodeIgniter.php(326): CodeIgniter\CodeIgniter->handleRequest()
#5 /mdevs/mynrc/public/index.php(37): CodeIgniter\CodeIgniter->run()
#6 {main}
CRITICAL - 2022-06-13 13:17:00 --> Undefined variable: path
#0 /mdevs/mynrc/app/Models/MyCardTagModel.php(102): CodeIgniter\Debug\Exceptions->errorHandler()
#1 /mdevs/mynrc/app/Controllers/Md_cards.php(53): App\Models\MyCardTagModel->md_cardtag_upld()
#2 /mdevs/mynrc/system/CodeIgniter.php(832): App\Controllers\Md_cards->md_cards_uplds()
#3 /mdevs/mynrc/system/CodeIgniter.php(419): CodeIgniter\CodeIgniter->runController()
#4 /mdevs/mynrc/system/CodeIgniter.php(326): CodeIgniter\CodeIgniter->handleRequest()
#5 /mdevs/mynrc/public/index.php(37): CodeIgniter\CodeIgniter->run()
#6 {main}
CRITICAL - 2022-06-13 13:17:27 --> Undefined variable: path
#0 /mdevs/mynrc/app/Models/MyCardTagModel.php(148): CodeIgniter\Debug\Exceptions->errorHandler()
#1 /mdevs/mynrc/app/Controllers/Md_cards.php(53): App\Models\MyCardTagModel->md_cardtag_upld()
#2 /mdevs/mynrc/system/CodeIgniter.php(832): App\Controllers\Md_cards->md_cards_uplds()
#3 /mdevs/mynrc/system/CodeIgniter.php(419): CodeIgniter\CodeIgniter->runController()
#4 /mdevs/mynrc/system/CodeIgniter.php(326): CodeIgniter\CodeIgniter->handleRequest()
#5 /mdevs/mynrc/public/index.php(37): CodeIgniter\CodeIgniter->run()
#6 {main}
ERROR - 2022-06-13 13:21:09 --> Error reading file
CRITICAL - 2022-06-13 13:21:44 --> Call to undefined method CodeIgniter\Database\MySQLi\Result::num_rows()
#0 /mdevs/mynrc/app/Controllers/Md_cards.php(53): App\Models\MyCardTagModel->md_cardtag_upld()
#1 /mdevs/mynrc/system/CodeIgniter.php(832): App\Controllers\Md_cards->md_cards_uplds()
#2 /mdevs/mynrc/system/CodeIgniter.php(419): CodeIgniter\CodeIgniter->runController()
#3 /mdevs/mynrc/system/CodeIgniter.php(326): CodeIgniter\CodeIgniter->handleRequest()
#4 /mdevs/mynrc/public/index.php(37): CodeIgniter\CodeIgniter->run()
#5 {main}
CRITICAL - 2022-06-13 13:23:26 --> Call to undefined method CodeIgniter\Database\MySQLi\Result::num_rows()
#0 /mdevs/mynrc/app/Controllers/Md_cards.php(53): App\Models\MyCardTagModel->md_cardtag_upld()
#1 /mdevs/mynrc/system/CodeIgniter.php(832): App\Controllers\Md_cards->md_cards_uplds()
#2 /mdevs/mynrc/system/CodeIgniter.php(419): CodeIgniter\CodeIgniter->runController()
#3 /mdevs/mynrc/system/CodeIgniter.php(326): CodeIgniter\CodeIgniter->handleRequest()
#4 /mdevs/mynrc/public/index.php(37): CodeIgniter\CodeIgniter->run()
#5 {main}
CRITICAL - 2022-06-13 13:27:09 --> Call to undefined method CodeIgniter\Database\MySQLi\Result::free_result()
#0 /mdevs/mynrc/app/Controllers/Md_cards.php(53): App\Models\MyCardTagModel->md_cardtag_upld()
#1 /mdevs/mynrc/system/CodeIgniter.php(832): App\Controllers\Md_cards->md_cards_uplds()
#2 /mdevs/mynrc/system/CodeIgniter.php(419): CodeIgniter\CodeIgniter->runController()
#3 /mdevs/mynrc/system/CodeIgniter.php(326): CodeIgniter\CodeIgniter->handleRequest()
#4 /mdevs/mynrc/public/index.php(37): CodeIgniter\CodeIgniter->run()
#5 {main}
CRITICAL - 2022-06-13 13:31:32 --> Call to undefined method CodeIgniter\Database\MySQLi\Result::row_array()
#0 /mdevs/mynrc/app/Controllers/Md_cards.php(53): App\Models\MyCardTagModel->md_cardtag_upld()
#1 /mdevs/mynrc/system/CodeIgniter.php(832): App\Controllers\Md_cards->md_cards_uplds()
#2 /mdevs/mynrc/system/CodeIgniter.php(419): CodeIgniter\CodeIgniter->runController()
#3 /mdevs/mynrc/system/CodeIgniter.php(326): CodeIgniter\CodeIgniter->handleRequest()
#4 /mdevs/mynrc/public/index.php(37): CodeIgniter\CodeIgniter->run()
#5 {main}
CRITICAL - 2022-06-13 13:33:38 --> You must set the database table to be used with your query.
#0 /mdevs/mynrc/system/Model.php(545): CodeIgniter\Database\BaseConnection->table()
#1 /mdevs/mynrc/system/Model.php(722): CodeIgniter\Model->builder()
#2 /mdevs/mynrc/app/Models/MyCardTagModel.php(230): CodeIgniter\Model->__call()
#3 /mdevs/mynrc/app/Controllers/Md_cards.php(53): App\Models\MyCardTagModel->md_cardtag_upld()
#4 /mdevs/mynrc/system/CodeIgniter.php(832): App\Controllers\Md_cards->md_cards_uplds()
#5 /mdevs/mynrc/system/CodeIgniter.php(419): CodeIgniter\CodeIgniter->runController()
#6 /mdevs/mynrc/system/CodeIgniter.php(326): CodeIgniter\CodeIgniter->handleRequest()
#7 /mdevs/mynrc/public/index.php(37): CodeIgniter\CodeIgniter->run()
#8 {main}
CRITICAL - 2022-06-13 13:36:35 --> You must set the database table to be used with your query.
#0 /mdevs/mynrc/system/Model.php(545): CodeIgniter\Database\BaseConnection->table()
#1 /mdevs/mynrc/system/Model.php(693): CodeIgniter\Model->builder()
#2 /mdevs/mynrc/app/Models/MyDatumModel.php(82): CodeIgniter\Model->__get()
#3 /mdevs/mynrc/app/Models/MyCardTagModel.php(230): App\Models\MyDatumModel->get_ctr()
#4 /mdevs/mynrc/app/Controllers/Md_cards.php(53): App\Models\MyCardTagModel->md_cardtag_upld()
#5 /mdevs/mynrc/system/CodeIgniter.php(832): App\Controllers\Md_cards->md_cards_uplds()
#6 /mdevs/mynrc/system/CodeIgniter.php(419): CodeIgniter\CodeIgniter->runController()
#7 /mdevs/mynrc/system/CodeIgniter.php(326): CodeIgniter\CodeIgniter->handleRequest()
#8 /mdevs/mynrc/public/index.php(37): CodeIgniter\CodeIgniter->run()
#9 {main}
CRITICAL - 2022-06-13 13:38:14 --> You must set the database table to be used with your query.
#0 /mdevs/mynrc/system/Model.php(545): CodeIgniter\Database\BaseConnection->table()
#1 /mdevs/mynrc/system/Model.php(693): CodeIgniter\Model->builder()
#2 /mdevs/mynrc/app/Models/MyDatumModel.php(84): CodeIgniter\Model->__get()
#3 /mdevs/mynrc/app/Models/MyCardTagModel.php(230): App\Models\MyDatumModel->get_ctr()
#4 /mdevs/mynrc/app/Controllers/Md_cards.php(53): App\Models\MyCardTagModel->md_cardtag_upld()
#5 /mdevs/mynrc/system/CodeIgniter.php(832): App\Controllers\Md_cards->md_cards_uplds()
#6 /mdevs/mynrc/system/CodeIgniter.php(419): CodeIgniter\CodeIgniter->runController()
#7 /mdevs/mynrc/system/CodeIgniter.php(326): CodeIgniter\CodeIgniter->handleRequest()
#8 /mdevs/mynrc/public/index.php(37): CodeIgniter\CodeIgniter->run()
#9 {main}
ERROR - 2022-06-13 13:39:46 --> You have an error in your SQL syntax; check the manual that corresponds to your MariaDB server version for the right syntax to use near '`muser`,
        `encd`
        ) SELECT
        '400002440022', 
        car...' at line 6
ERROR - 2022-06-13 13:40:31 --> Unknown column 'muser' in 'field list'
ERROR - 2022-06-13 13:42:23 --> You have an error in your SQL syntax; check the manual that corresponds to your MariaDB server version for the right syntax to use near '(
        `cardNo`,`cardTag`,`Branch`,`MUSER`,`ENCD`
        ) SELECT `cardNo...' at line 1
ERROR - 2022-06-13 13:45:07 --> You have an error in your SQL syntax; check the manual that corresponds to your MariaDB server version for the right syntax to use near 'JOIN ap8.trx_card_tag_logs bb) 
        WHERE bb.`sysctrlno` = '400002440022'...' at line 4
ERROR - 2022-06-13 13:45:45 --> You have an error in your SQL syntax; check the manual that corresponds to your MariaDB server version for the right syntax to use near ') 
        WHERE bb.`sysctrlno` = '400002440022' AND !(trim(bb.`cardNo`) = ''...' at line 4
CRITICAL - 2022-06-13 13:51:47 --> You must set the database table to be used with your query.
#0 /mdevs/mynrc/system/Model.php(545): CodeIgniter\Database\BaseConnection->table()
#1 /mdevs/mynrc/system/Model.php(693): CodeIgniter\Model->builder()
#2 /mdevs/mynrc/app/Models/MyDatumModel.php(84): CodeIgniter\Model->__get()
#3 /mdevs/mynrc/app/Models/MyCardTagModel.php(230): App\Models\MyDatumModel->get_ctr()
#4 /mdevs/mynrc/app/Controllers/Md_cards.php(53): App\Models\MyCardTagModel->md_cardtag_upld()
#5 /mdevs/mynrc/system/CodeIgniter.php(832): App\Controllers\Md_cards->md_cards_uplds()
#6 /mdevs/mynrc/system/CodeIgniter.php(419): CodeIgniter\CodeIgniter->runController()
#7 /mdevs/mynrc/system/CodeIgniter.php(326): CodeIgniter\CodeIgniter->handleRequest()
#8 /mdevs/mynrc/public/index.php(37): CodeIgniter\CodeIgniter->run()
#9 {main}
CRITICAL - 2022-06-13 13:54:43 --> You must set the database table to be used with your query.
#0 /mdevs/mynrc/system/Model.php(545): CodeIgniter\Database\BaseConnection->table()
#1 /mdevs/mynrc/system/Model.php(693): CodeIgniter\Model->builder()
#2 /mdevs/mynrc/app/Models/MyDatumModel.php(84): CodeIgniter\Model->__get()
#3 /mdevs/mynrc/app/Models/MyCardTagModel.php(230): App\Models\MyDatumModel->get_ctr()
#4 /mdevs/mynrc/app/Controllers/Md_cards.php(53): App\Models\MyCardTagModel->md_cardtag_upld()
#5 /mdevs/mynrc/system/CodeIgniter.php(832): App\Controllers\Md_cards->md_cards_uplds()
#6 /mdevs/mynrc/system/CodeIgniter.php(419): CodeIgniter\CodeIgniter->runController()
#7 /mdevs/mynrc/system/CodeIgniter.php(326): CodeIgniter\CodeIgniter->handleRequest()
#8 /mdevs/mynrc/public/index.php(37): CodeIgniter\CodeIgniter->run()
#9 {main}
CRITICAL - 2022-06-13 13:55:23 --> You must set the database table to be used with your query.
#0 /mdevs/mynrc/system/Model.php(545): CodeIgniter\Database\BaseConnection->table()
#1 /mdevs/mynrc/system/Model.php(693): CodeIgniter\Model->builder()
#2 /mdevs/mynrc/app/Models/MyDatumModel.php(84): CodeIgniter\Model->__get()
#3 /mdevs/mynrc/app/Models/MyCardTagModel.php(230): App\Models\MyDatumModel->get_ctr()
#4 /mdevs/mynrc/app/Controllers/Md_cards.php(53): App\Models\MyCardTagModel->md_cardtag_upld()
#5 /mdevs/mynrc/system/CodeIgniter.php(832): App\Controllers\Md_cards->md_cards_uplds()
#6 /mdevs/mynrc/system/CodeIgniter.php(419): CodeIgniter\CodeIgniter->runController()
#7 /mdevs/mynrc/system/CodeIgniter.php(326): CodeIgniter\CodeIgniter->handleRequest()
#8 /mdevs/mynrc/public/index.php(37): CodeIgniter\CodeIgniter->run()
#9 {main}
CRITICAL - 2022-06-13 14:27:21 --> Undefined variable: myCardTag
#0 /mdevs/mynrc/app/Views/mdcardno/md-tagcardsdmg.php(69): CodeIgniter\Debug\Exceptions->errorHandler()
#1 /mdevs/mynrc/system/View/View.php(210): include('/mdevs/mynrc/ap...')
#2 /mdevs/mynrc/system/View/View.php(213): CodeIgniter\View\View->CodeIgniter\View\{closure}()
#3 /mdevs/mynrc/system/Common.php(1089): CodeIgniter\View\View->render()
#4 /mdevs/mynrc/app/Controllers/Md_cards.php(46): view()
#5 /mdevs/mynrc/system/CodeIgniter.php(832): App\Controllers\Md_cards->md_tagcardsdmg()
#6 /mdevs/mynrc/system/CodeIgniter.php(419): CodeIgniter\CodeIgniter->runController()
#7 /mdevs/mynrc/system/CodeIgniter.php(326): CodeIgniter\CodeIgniter->handleRequest()
#8 /mdevs/mynrc/public/index.php(37): CodeIgniter\CodeIgniter->run()
#9 {main}
CRITICAL - 2022-06-13 14:39:22 --> Argument 2 passed to view() must be of the type array, string given, called in /mdevs/mynrc/app/Views/mdcardno/md-tagcardsdmg.php on line 76
#0 /mdevs/mynrc/app/Views/mdcardno/md-tagcardsdmg.php(76): view()
#1 /mdevs/mynrc/system/View/View.php(210): include('/mdevs/mynrc/ap...')
#2 /mdevs/mynrc/system/View/View.php(213): CodeIgniter\View\View->CodeIgniter\View\{closure}()
#3 /mdevs/mynrc/system/Common.php(1089): CodeIgniter\View\View->render()
#4 /mdevs/mynrc/app/Controllers/Md_cards.php(46): view()
#5 /mdevs/mynrc/system/CodeIgniter.php(832): App\Controllers\Md_cards->md_tagcardsdmg()
#6 /mdevs/mynrc/system/CodeIgniter.php(419): CodeIgniter\CodeIgniter->runController()
#7 /mdevs/mynrc/system/CodeIgniter.php(326): CodeIgniter\CodeIgniter->handleRequest()
#8 /mdevs/mynrc/public/index.php(37): CodeIgniter\CodeIgniter->run()
#9 {main}
CRITICAL - 2022-06-13 14:41:56 --> Undefined variable: meType
#0 /mdevs/mynrc/app/Views/mdcardno/md-cards-upld.php(8): CodeIgniter\Debug\Exceptions->errorHandler()
#1 /mdevs/mynrc/system/View/View.php(210): include('/mdevs/mynrc/ap...')
#2 /mdevs/mynrc/system/View/View.php(213): CodeIgniter\View\View->CodeIgniter\View\{closure}()
#3 /mdevs/mynrc/system/Common.php(1089): CodeIgniter\View\View->render()
#4 /mdevs/mynrc/app/Views/mdcardno/md-tagcardslost.php(78): view()
#5 /mdevs/mynrc/system/View/View.php(210): include('/mdevs/mynrc/ap...')
#6 /mdevs/mynrc/system/View/View.php(213): CodeIgniter\View\View->CodeIgniter\View\{closure}()
#7 /mdevs/mynrc/system/Common.php(1089): CodeIgniter\View\View->render()
#8 /mdevs/mynrc/app/Controllers/Md_cards.php(29): view()
#9 /mdevs/mynrc/system/CodeIgniter.php(832): App\Controllers\Md_cards->md_tagcardslost()
#10 /mdevs/mynrc/system/CodeIgniter.php(419): CodeIgniter\CodeIgniter->runController()
#11 /mdevs/mynrc/system/CodeIgniter.php(326): CodeIgniter\CodeIgniter->handleRequest()
#12 /mdevs/mynrc/public/index.php(37): CodeIgniter\CodeIgniter->run()
#13 {main}
CRITICAL - 2022-06-13 14:42:00 --> Undefined variable: meType
#0 /mdevs/mynrc/app/Views/mdcardno/md-cards-upld.php(8): CodeIgniter\Debug\Exceptions->errorHandler()
#1 /mdevs/mynrc/system/View/View.php(210): include('/mdevs/mynrc/ap...')
#2 /mdevs/mynrc/system/View/View.php(213): CodeIgniter\View\View->CodeIgniter\View\{closure}()
#3 /mdevs/mynrc/system/Common.php(1089): CodeIgniter\View\View->render()
#4 /mdevs/mynrc/app/Views/mdcardno/md-tagcardslost.php(78): view()
#5 /mdevs/mynrc/system/View/View.php(210): include('/mdevs/mynrc/ap...')
#6 /mdevs/mynrc/system/View/View.php(213): CodeIgniter\View\View->CodeIgniter\View\{closure}()
#7 /mdevs/mynrc/system/Common.php(1089): CodeIgniter\View\View->render()
#8 /mdevs/mynrc/app/Controllers/Md_cards.php(29): view()
#9 /mdevs/mynrc/system/CodeIgniter.php(832): App\Controllers\Md_cards->md_tagcardslost()
#10 /mdevs/mynrc/system/CodeIgniter.php(419): CodeIgniter\CodeIgniter->runController()
#11 /mdevs/mynrc/system/CodeIgniter.php(326): CodeIgniter\CodeIgniter->handleRequest()
#12 /mdevs/mynrc/public/index.php(37): CodeIgniter\CodeIgniter->run()
#13 {main}
CRITICAL - 2022-06-13 14:42:05 --> Undefined variable: meType
#0 /mdevs/mynrc/app/Views/mdcardno/md-cards-upld.php(8): CodeIgniter\Debug\Exceptions->errorHandler()
#1 /mdevs/mynrc/system/View/View.php(210): include('/mdevs/mynrc/ap...')
#2 /mdevs/mynrc/system/View/View.php(213): CodeIgniter\View\View->CodeIgniter\View\{closure}()
#3 /mdevs/mynrc/system/Common.php(1089): CodeIgniter\View\View->render()
#4 /mdevs/mynrc/app/Views/mdcardno/md-tagcardslost.php(78): view()
#5 /mdevs/mynrc/system/View/View.php(210): include('/mdevs/mynrc/ap...')
#6 /mdevs/mynrc/system/View/View.php(213): CodeIgniter\View\View->CodeIgniter\View\{closure}()
#7 /mdevs/mynrc/system/Common.php(1089): CodeIgniter\View\View->render()
#8 /mdevs/mynrc/app/Controllers/Md_cards.php(29): view()
#9 /mdevs/mynrc/system/CodeIgniter.php(832): App\Controllers\Md_cards->md_tagcardslost()
#10 /mdevs/mynrc/system/CodeIgniter.php(419): CodeIgniter\CodeIgniter->runController()
#11 /mdevs/mynrc/system/CodeIgniter.php(326): CodeIgniter\CodeIgniter->handleRequest()
#12 /mdevs/mynrc/public/index.php(37): CodeIgniter\CodeIgniter->run()
#13 {main}
CRITICAL - 2022-06-13 14:42:07 --> Undefined variable: meType
#0 /mdevs/mynrc/app/Views/mdcardno/md-cards-upld.php(8): CodeIgniter\Debug\Exceptions->errorHandler()
#1 /mdevs/mynrc/system/View/View.php(210): include('/mdevs/mynrc/ap...')
#2 /mdevs/mynrc/system/View/View.php(213): CodeIgniter\View\View->CodeIgniter\View\{closure}()
#3 /mdevs/mynrc/system/Common.php(1089): CodeIgniter\View\View->render()
#4 /mdevs/mynrc/app/Views/mdcardno/md-tagcardslost.php(78): view()
#5 /mdevs/mynrc/system/View/View.php(210): include('/mdevs/mynrc/ap...')
#6 /mdevs/mynrc/system/View/View.php(213): CodeIgniter\View\View->CodeIgniter\View\{closure}()
#7 /mdevs/mynrc/system/Common.php(1089): CodeIgniter\View\View->render()
#8 /mdevs/mynrc/app/Controllers/Md_cards.php(29): view()
#9 /mdevs/mynrc/system/CodeIgniter.php(832): App\Controllers\Md_cards->md_tagcardslost()
#10 /mdevs/mynrc/system/CodeIgniter.php(419): CodeIgniter\CodeIgniter->runController()
#11 /mdevs/mynrc/system/CodeIgniter.php(326): CodeIgniter\CodeIgniter->handleRequest()
#12 /mdevs/mynrc/public/index.php(37): CodeIgniter\CodeIgniter->run()
#13 {main}
CRITICAL - 2022-06-13 14:42:07 --> Undefined variable: meType
#0 /mdevs/mynrc/app/Views/mdcardno/md-cards-upld.php(8): CodeIgniter\Debug\Exceptions->errorHandler()
#1 /mdevs/mynrc/system/View/View.php(210): include('/mdevs/mynrc/ap...')
#2 /mdevs/mynrc/system/View/View.php(213): CodeIgniter\View\View->CodeIgniter\View\{closure}()
#3 /mdevs/mynrc/system/Common.php(1089): CodeIgniter\View\View->render()
#4 /mdevs/mynrc/app/Views/mdcardno/md-tagcardslost.php(78): view()
#5 /mdevs/mynrc/system/View/View.php(210): include('/mdevs/mynrc/ap...')
#6 /mdevs/mynrc/system/View/View.php(213): CodeIgniter\View\View->CodeIgniter\View\{closure}()
#7 /mdevs/mynrc/system/Common.php(1089): CodeIgniter\View\View->render()
#8 /mdevs/mynrc/app/Controllers/Md_cards.php(29): view()
#9 /mdevs/mynrc/system/CodeIgniter.php(832): App\Controllers\Md_cards->md_tagcardslost()
#10 /mdevs/mynrc/system/CodeIgniter.php(419): CodeIgniter\CodeIgniter->runController()
#11 /mdevs/mynrc/system/CodeIgniter.php(326): CodeIgniter\CodeIgniter->handleRequest()
#12 /mdevs/mynrc/public/index.php(37): CodeIgniter\CodeIgniter->run()
#13 {main}
CRITICAL - 2022-06-13 14:42:19 --> Undefined variable: meType
#0 /mdevs/mynrc/app/Views/mdcardno/md-cards-upld.php(8): CodeIgniter\Debug\Exceptions->errorHandler()
#1 /mdevs/mynrc/system/View/View.php(210): include('/mdevs/mynrc/ap...')
#2 /mdevs/mynrc/system/View/View.php(213): CodeIgniter\View\View->CodeIgniter\View\{closure}()
#3 /mdevs/mynrc/system/Common.php(1089): CodeIgniter\View\View->render()
#4 /mdevs/mynrc/app/Views/mdcardno/md-tagcardslost.php(78): view()
#5 /mdevs/mynrc/system/View/View.php(210): include('/mdevs/mynrc/ap...')
#6 /mdevs/mynrc/system/View/View.php(213): CodeIgniter\View\View->CodeIgniter\View\{closure}()
#7 /mdevs/mynrc/system/Common.php(1089): CodeIgniter\View\View->render()
#8 /mdevs/mynrc/app/Controllers/Md_cards.php(29): view()
#9 /mdevs/mynrc/system/CodeIgniter.php(832): App\Controllers\Md_cards->md_tagcardslost()
#10 /mdevs/mynrc/system/CodeIgniter.php(419): CodeIgniter\CodeIgniter->runController()
#11 /mdevs/mynrc/system/CodeIgniter.php(326): CodeIgniter\CodeIgniter->handleRequest()
#12 /mdevs/mynrc/public/index.php(37): CodeIgniter\CodeIgniter->run()
#13 {main}
ERROR - 2022-06-13 15:33:29 --> You have an error in your SQL syntax; check the manual that corresponds to your MariaDB server version for the right syntax to use near '<> '' 
        ap8.`trx_nrc_cards_tag` aa
        where 
         
        
 ...' at line 5
ERROR - 2022-06-13 15:33:48 --> You have an error in your SQL syntax; check the manual that corresponds to your MariaDB server version for the right syntax to use near '!= '' 
        ap8.`trx_nrc_cards_tag` aa
        where 
         
        
 ...' at line 5
ERROR - 2022-06-13 15:33:49 --> You have an error in your SQL syntax; check the manual that corresponds to your MariaDB server version for the right syntax to use near '!= '' 
        ap8.`trx_nrc_cards_tag` aa
        where 
         
        
 ...' at line 5
ERROR - 2022-06-13 15:33:49 --> You have an error in your SQL syntax; check the manual that corresponds to your MariaDB server version for the right syntax to use near '!= '' 
        ap8.`trx_nrc_cards_tag` aa
        where 
         
        
 ...' at line 5
ERROR - 2022-06-13 15:33:50 --> You have an error in your SQL syntax; check the manual that corresponds to your MariaDB server version for the right syntax to use near '!= '' 
        ap8.`trx_nrc_cards_tag` aa
        where 
         
        
 ...' at line 5
ERROR - 2022-06-13 15:33:50 --> You have an error in your SQL syntax; check the manual that corresponds to your MariaDB server version for the right syntax to use near '!= '' 
        ap8.`trx_nrc_cards_tag` aa
        where 
         
        
 ...' at line 5
ERROR - 2022-06-13 15:33:50 --> You have an error in your SQL syntax; check the manual that corresponds to your MariaDB server version for the right syntax to use near '!= '' 
        ap8.`trx_nrc_cards_tag` aa
        where 
         
        
 ...' at line 5
CRITICAL - 2022-06-13 15:36:08 --> syntax error, unexpected '$strqry' (T_VARIABLE)
#0 /mdevs/mynrc/system/Autoloader/Autoloader.php(241): CodeIgniter\Autoloader\Autoloader->includeFile()
#1 /mdevs/mynrc/system/Autoloader/Autoloader.php(219): CodeIgniter\Autoloader\Autoloader->loadInNamespace()
#2 [internal function]: CodeIgniter\Autoloader\Autoloader->loadClass()
#3 /mdevs/mynrc/app/Controllers/Md_cards.php(15): spl_autoload_call()
#4 /mdevs/mynrc/system/CodeIgniter.php(809): App\Controllers\Md_cards->__construct()
#5 /mdevs/mynrc/system/CodeIgniter.php(410): CodeIgniter\CodeIgniter->createController()
#6 /mdevs/mynrc/system/CodeIgniter.php(326): CodeIgniter\CodeIgniter->handleRequest()
#7 /mdevs/mynrc/public/index.php(37): CodeIgniter\CodeIgniter->run()
#8 {main}
