CRITICAL - 2022-06-20 08:21:59 --> unlink(/mdevs/mynrc/writable/debugbar/debugbar_1655538850.json): No such file or directory
#0 [internal function]: CodeIgniter\Debug\Exceptions->errorHandler()
#1 /mdevs/mynrc/system/Debug/Toolbar/Collectors/History.php(74): unlink()
#2 /mdevs/mynrc/system/Debug/Toolbar.php(487): CodeIgniter\Debug\Toolbar\Collectors\History->setFiles()
#3 /mdevs/mynrc/system/Debug/Toolbar.php(464): CodeIgniter\Debug\Toolbar->format()
#4 /mdevs/mynrc/app/Config/Events.php(48): CodeIgniter\Debug\Toolbar->respond()
#5 /mdevs/mynrc/system/Events/Events.php(149): CodeIgniter\Events\Events::Config\{closure}()
#6 /mdevs/mynrc/system/CodeIgniter.php(308): CodeIgniter\Events\Events::trigger()
#7 /mdevs/mynrc/public/index.php(37): CodeIgniter\CodeIgniter->run()
#8 {main}
CRITICAL - 2022-06-20 08:39:02 --> Undefined variable: totalTime
#0 /mdevs/mynrc/system/Debug/Toolbar/Views/toolbar.tpl.php(40): CodeIgniter\Debug\Exceptions->errorHandler()
#1 /mdevs/mynrc/system/Debug/Toolbar.php(501): include('/mdevs/mynrc/sy...')
#2 /mdevs/mynrc/system/Debug/Toolbar.php(464): CodeIgniter\Debug\Toolbar->format()
#3 /mdevs/mynrc/app/Config/Events.php(48): CodeIgniter\Debug\Toolbar->respond()
#4 /mdevs/mynrc/system/Events/Events.php(149): CodeIgniter\Events\Events::Config\{closure}()
#5 /mdevs/mynrc/system/CodeIgniter.php(308): CodeIgniter\Events\Events::trigger()
#6 /mdevs/mynrc/public/index.php(37): CodeIgniter\CodeIgniter->run()
#7 {main}
ERROR - 2022-06-20 09:27:29 --> You have an error in your SQL syntax; check the manual that corresponds to your MariaDB server version for the right syntax to use near '.`trx_nrc_cards_tag` aa where AND (aa.`cardTag` = 'L' OR aa.`cardTag` = '' ) ...' at line 8
ERROR - 2022-06-20 09:28:16 --> You have an error in your SQL syntax; check the manual that corresponds to your MariaDB server version for the right syntax to use near 'AND (aa.`cardTag` = 'L' OR aa.`cardTag` = '' )  ) aa ON cu.`CUST_NO` = aa.`ca...' at line 8
ERROR - 2022-06-20 11:42:12 --> You have an error in your SQL syntax; check the manual that corresponds to your MariaDB server version for the right syntax to use near 'AND (aa.`cardTag` = 'L' OR aa.`cardTag` = '' ) 
        ) oa' at line 11
ERROR - 2022-06-20 13:40:32 --> Table 'ap8.diQt_Branch' doesn't exist
