CRITICAL - 2022-11-09 10:58:58 --> syntax error, unexpected end of file
in APPPATH/Views/mtap/trx-purchase-order.php on line 1360.
 1 SYSTEMPATH/View/View.php(216): CodeIgniter\View\View->CodeIgniter\View\{closure}()
 2 SYSTEMPATH/Common.php(1142): CodeIgniter\View\View->render()
 3 APPPATH/Controllers/Md_purchase.php(20): view()
 4 SYSTEMPATH/CodeIgniter.php(902): App\Controllers\Md_purchase->index()
 5 SYSTEMPATH/CodeIgniter.php(457): CodeIgniter\CodeIgniter->runController()
 6 SYSTEMPATH/CodeIgniter.php(340): CodeIgniter\CodeIgniter->handleRequest()
 7 FCPATH/index.php(67): CodeIgniter\CodeIgniter->run()
CRITICAL - 2022-11-09 10:59:08 --> syntax error, unexpected end of file
in APPPATH/Views/mtap/trx-purchase-order.php on line 1360.
 1 SYSTEMPATH/View/View.php(216): CodeIgniter\View\View->CodeIgniter\View\{closure}()
 2 SYSTEMPATH/Common.php(1142): CodeIgniter\View\View->render()
 3 APPPATH/Controllers/Md_purchase.php(20): view()
 4 SYSTEMPATH/CodeIgniter.php(902): App\Controllers\Md_purchase->index()
 5 SYSTEMPATH/CodeIgniter.php(457): CodeIgniter\CodeIgniter->runController()
 6 SYSTEMPATH/CodeIgniter.php(340): CodeIgniter\CodeIgniter->handleRequest()
 7 FCPATH/index.php(67): CodeIgniter\CodeIgniter->run()
CRITICAL - 2022-11-09 10:59:15 --> syntax error, unexpected end of file
in APPPATH/Views/mtap/trx-purchase-order.php on line 1360.
 1 SYSTEMPATH/View/View.php(216): CodeIgniter\View\View->CodeIgniter\View\{closure}()
 2 SYSTEMPATH/Common.php(1142): CodeIgniter\View\View->render()
 3 APPPATH/Controllers/Md_purchase.php(20): view()
 4 SYSTEMPATH/CodeIgniter.php(902): App\Controllers\Md_purchase->index()
 5 SYSTEMPATH/CodeIgniter.php(457): CodeIgniter\CodeIgniter->runController()
 6 SYSTEMPATH/CodeIgniter.php(340): CodeIgniter\CodeIgniter->handleRequest()
 7 FCPATH/index.php(67): CodeIgniter\CodeIgniter->run()
CRITICAL - 2022-11-09 11:14:46 --> Undefined property: CodeIgniter\View\View::$mylibz
in APPPATH/Views/mtap/trx-purchase-order.php on line 394.
 1 APPPATH/Views/mtap/trx-purchase-order.php(394): CodeIgniter\Debug\Exceptions->errorHandler()
 2 SYSTEMPATH/View/View.php(213): include('APPPATH/Views/mtap/trx-purchase-order.php')
 3 SYSTEMPATH/View/View.php(216): CodeIgniter\View\View->CodeIgniter\View\{closure}()
 4 SYSTEMPATH/Common.php(1142): CodeIgniter\View\View->render()
 5 APPPATH/Controllers/Md_purchase.php(20): view()
 6 SYSTEMPATH/CodeIgniter.php(902): App\Controllers\Md_purchase->index()
 7 SYSTEMPATH/CodeIgniter.php(457): CodeIgniter\CodeIgniter->runController()
 8 SYSTEMPATH/CodeIgniter.php(340): CodeIgniter\CodeIgniter->handleRequest()
 9 FCPATH/index.php(67): CodeIgniter\CodeIgniter->run()
CRITICAL - 2022-11-09 11:49:52 --> Undefined property: CodeIgniter\View\View::$mylibz
in APPPATH/Views/mtap/trx-purchase-order.php on line 394.
 1 APPPATH/Views/mtap/trx-purchase-order.php(394): CodeIgniter\Debug\Exceptions->errorHandler()
 2 SYSTEMPATH/View/View.php(213): include('APPPATH/Views/mtap/trx-purchase-order.php')
 3 SYSTEMPATH/View/View.php(216): CodeIgniter\View\View->CodeIgniter\View\{closure}()
 4 SYSTEMPATH/Common.php(1142): CodeIgniter\View\View->render()
 5 APPPATH/Controllers/Md_purchase.php(20): view()
 6 SYSTEMPATH/CodeIgniter.php(902): App\Controllers\Md_purchase->index()
 7 SYSTEMPATH/CodeIgniter.php(457): CodeIgniter\CodeIgniter->runController()
 8 SYSTEMPATH/CodeIgniter.php(340): CodeIgniter\CodeIgniter->handleRequest()
 9 FCPATH/index.php(67): CodeIgniter\CodeIgniter->run()
CRITICAL - 2022-11-09 11:49:53 --> Undefined property: CodeIgniter\View\View::$mylibz
in APPPATH/Views/mtap/trx-purchase-order.php on line 394.
 1 APPPATH/Views/mtap/trx-purchase-order.php(394): CodeIgniter\Debug\Exceptions->errorHandler()
 2 SYSTEMPATH/View/View.php(213): include('APPPATH/Views/mtap/trx-purchase-order.php')
 3 SYSTEMPATH/View/View.php(216): CodeIgniter\View\View->CodeIgniter\View\{closure}()
 4 SYSTEMPATH/Common.php(1142): CodeIgniter\View\View->render()
 5 APPPATH/Controllers/Md_purchase.php(20): view()
 6 SYSTEMPATH/CodeIgniter.php(902): App\Controllers\Md_purchase->index()
 7 SYSTEMPATH/CodeIgniter.php(457): CodeIgniter\CodeIgniter->runController()
 8 SYSTEMPATH/CodeIgniter.php(340): CodeIgniter\CodeIgniter->handleRequest()
 9 FCPATH/index.php(67): CodeIgniter\CodeIgniter->run()
CRITICAL - 2022-11-09 11:49:53 --> Undefined property: CodeIgniter\View\View::$mylibz
in APPPATH/Views/mtap/trx-purchase-order.php on line 394.
 1 APPPATH/Views/mtap/trx-purchase-order.php(394): CodeIgniter\Debug\Exceptions->errorHandler()
 2 SYSTEMPATH/View/View.php(213): include('APPPATH/Views/mtap/trx-purchase-order.php')
 3 SYSTEMPATH/View/View.php(216): CodeIgniter\View\View->CodeIgniter\View\{closure}()
 4 SYSTEMPATH/Common.php(1142): CodeIgniter\View\View->render()
 5 APPPATH/Controllers/Md_purchase.php(20): view()
 6 SYSTEMPATH/CodeIgniter.php(902): App\Controllers\Md_purchase->index()
 7 SYSTEMPATH/CodeIgniter.php(457): CodeIgniter\CodeIgniter->runController()
 8 SYSTEMPATH/CodeIgniter.php(340): CodeIgniter\CodeIgniter->handleRequest()
 9 FCPATH/index.php(67): CodeIgniter\CodeIgniter->run()
CRITICAL - 2022-11-09 11:51:25 --> Undefined property: CodeIgniter\View\View::$mylibz
in APPPATH/Views/mtap/trx-purchase-order.php on line 394.
 1 APPPATH/Views/mtap/trx-purchase-order.php(394): CodeIgniter\Debug\Exceptions->errorHandler()
 2 SYSTEMPATH/View/View.php(213): include('APPPATH/Views/mtap/trx-purchase-order.php')
 3 SYSTEMPATH/View/View.php(216): CodeIgniter\View\View->CodeIgniter\View\{closure}()
 4 SYSTEMPATH/Common.php(1142): CodeIgniter\View\View->render()
 5 APPPATH/Controllers/Md_purchase.php(20): view()
 6 SYSTEMPATH/CodeIgniter.php(902): App\Controllers\Md_purchase->index()
 7 SYSTEMPATH/CodeIgniter.php(457): CodeIgniter\CodeIgniter->runController()
 8 SYSTEMPATH/CodeIgniter.php(340): CodeIgniter\CodeIgniter->handleRequest()
 9 FCPATH/index.php(67): CodeIgniter\CodeIgniter->run()
CRITICAL - 2022-11-09 11:51:26 --> Undefined property: CodeIgniter\View\View::$mylibz
in APPPATH/Views/mtap/trx-purchase-order.php on line 394.
 1 APPPATH/Views/mtap/trx-purchase-order.php(394): CodeIgniter\Debug\Exceptions->errorHandler()
 2 SYSTEMPATH/View/View.php(213): include('APPPATH/Views/mtap/trx-purchase-order.php')
 3 SYSTEMPATH/View/View.php(216): CodeIgniter\View\View->CodeIgniter\View\{closure}()
 4 SYSTEMPATH/Common.php(1142): CodeIgniter\View\View->render()
 5 APPPATH/Controllers/Md_purchase.php(20): view()
 6 SYSTEMPATH/CodeIgniter.php(902): App\Controllers\Md_purchase->index()
 7 SYSTEMPATH/CodeIgniter.php(457): CodeIgniter\CodeIgniter->runController()
 8 SYSTEMPATH/CodeIgniter.php(340): CodeIgniter\CodeIgniter->handleRequest()
 9 FCPATH/index.php(67): CodeIgniter\CodeIgniter->run()
CRITICAL - 2022-11-09 11:51:26 --> Undefined property: CodeIgniter\View\View::$mylibz
in APPPATH/Views/mtap/trx-purchase-order.php on line 394.
 1 APPPATH/Views/mtap/trx-purchase-order.php(394): CodeIgniter\Debug\Exceptions->errorHandler()
 2 SYSTEMPATH/View/View.php(213): include('APPPATH/Views/mtap/trx-purchase-order.php')
 3 SYSTEMPATH/View/View.php(216): CodeIgniter\View\View->CodeIgniter\View\{closure}()
 4 SYSTEMPATH/Common.php(1142): CodeIgniter\View\View->render()
 5 APPPATH/Controllers/Md_purchase.php(20): view()
 6 SYSTEMPATH/CodeIgniter.php(902): App\Controllers\Md_purchase->index()
 7 SYSTEMPATH/CodeIgniter.php(457): CodeIgniter\CodeIgniter->runController()
 8 SYSTEMPATH/CodeIgniter.php(340): CodeIgniter\CodeIgniter->handleRequest()
 9 FCPATH/index.php(67): CodeIgniter\CodeIgniter->run()
CRITICAL - 2022-11-09 11:51:26 --> Undefined property: CodeIgniter\View\View::$mylibz
in APPPATH/Views/mtap/trx-purchase-order.php on line 394.
 1 APPPATH/Views/mtap/trx-purchase-order.php(394): CodeIgniter\Debug\Exceptions->errorHandler()
 2 SYSTEMPATH/View/View.php(213): include('APPPATH/Views/mtap/trx-purchase-order.php')
 3 SYSTEMPATH/View/View.php(216): CodeIgniter\View\View->CodeIgniter\View\{closure}()
 4 SYSTEMPATH/Common.php(1142): CodeIgniter\View\View->render()
 5 APPPATH/Controllers/Md_purchase.php(20): view()
 6 SYSTEMPATH/CodeIgniter.php(902): App\Controllers\Md_purchase->index()
 7 SYSTEMPATH/CodeIgniter.php(457): CodeIgniter\CodeIgniter->runController()
 8 SYSTEMPATH/CodeIgniter.php(340): CodeIgniter\CodeIgniter->handleRequest()
 9 FCPATH/index.php(67): CodeIgniter\CodeIgniter->run()
CRITICAL - 2022-11-09 11:51:26 --> Undefined property: CodeIgniter\View\View::$mylibz
in APPPATH/Views/mtap/trx-purchase-order.php on line 394.
 1 APPPATH/Views/mtap/trx-purchase-order.php(394): CodeIgniter\Debug\Exceptions->errorHandler()
 2 SYSTEMPATH/View/View.php(213): include('APPPATH/Views/mtap/trx-purchase-order.php')
 3 SYSTEMPATH/View/View.php(216): CodeIgniter\View\View->CodeIgniter\View\{closure}()
 4 SYSTEMPATH/Common.php(1142): CodeIgniter\View\View->render()
 5 APPPATH/Controllers/Md_purchase.php(20): view()
 6 SYSTEMPATH/CodeIgniter.php(902): App\Controllers\Md_purchase->index()
 7 SYSTEMPATH/CodeIgniter.php(457): CodeIgniter\CodeIgniter->runController()
 8 SYSTEMPATH/CodeIgniter.php(340): CodeIgniter\CodeIgniter->handleRequest()
 9 FCPATH/index.php(67): CodeIgniter\CodeIgniter->run()
CRITICAL - 2022-11-09 11:51:27 --> Undefined property: CodeIgniter\View\View::$mylibz
in APPPATH/Views/mtap/trx-purchase-order.php on line 394.
 1 APPPATH/Views/mtap/trx-purchase-order.php(394): CodeIgniter\Debug\Exceptions->errorHandler()
 2 SYSTEMPATH/View/View.php(213): include('APPPATH/Views/mtap/trx-purchase-order.php')
 3 SYSTEMPATH/View/View.php(216): CodeIgniter\View\View->CodeIgniter\View\{closure}()
 4 SYSTEMPATH/Common.php(1142): CodeIgniter\View\View->render()
 5 APPPATH/Controllers/Md_purchase.php(20): view()
 6 SYSTEMPATH/CodeIgniter.php(902): App\Controllers\Md_purchase->index()
 7 SYSTEMPATH/CodeIgniter.php(457): CodeIgniter\CodeIgniter->runController()
 8 SYSTEMPATH/CodeIgniter.php(340): CodeIgniter\CodeIgniter->handleRequest()
 9 FCPATH/index.php(67): CodeIgniter\CodeIgniter->run()
CRITICAL - 2022-11-09 11:51:27 --> Undefined property: CodeIgniter\View\View::$mylibz
in APPPATH/Views/mtap/trx-purchase-order.php on line 394.
 1 APPPATH/Views/mtap/trx-purchase-order.php(394): CodeIgniter\Debug\Exceptions->errorHandler()
 2 SYSTEMPATH/View/View.php(213): include('APPPATH/Views/mtap/trx-purchase-order.php')
 3 SYSTEMPATH/View/View.php(216): CodeIgniter\View\View->CodeIgniter\View\{closure}()
 4 SYSTEMPATH/Common.php(1142): CodeIgniter\View\View->render()
 5 APPPATH/Controllers/Md_purchase.php(20): view()
 6 SYSTEMPATH/CodeIgniter.php(902): App\Controllers\Md_purchase->index()
 7 SYSTEMPATH/CodeIgniter.php(457): CodeIgniter\CodeIgniter->runController()
 8 SYSTEMPATH/CodeIgniter.php(340): CodeIgniter\CodeIgniter->handleRequest()
 9 FCPATH/index.php(67): CodeIgniter\CodeIgniter->run()
CRITICAL - 2022-11-09 11:51:34 --> Undefined property: CodeIgniter\View\View::$mylibz
in APPPATH/Views/mtap/trx-purchase-order.php on line 394.
 1 APPPATH/Views/mtap/trx-purchase-order.php(394): CodeIgniter\Debug\Exceptions->errorHandler()
 2 SYSTEMPATH/View/View.php(213): include('APPPATH/Views/mtap/trx-purchase-order.php')
 3 SYSTEMPATH/View/View.php(216): CodeIgniter\View\View->CodeIgniter\View\{closure}()
 4 SYSTEMPATH/Common.php(1142): CodeIgniter\View\View->render()
 5 APPPATH/Controllers/Md_purchase.php(20): view()
 6 SYSTEMPATH/CodeIgniter.php(902): App\Controllers\Md_purchase->index()
 7 SYSTEMPATH/CodeIgniter.php(457): CodeIgniter\CodeIgniter->runController()
 8 SYSTEMPATH/CodeIgniter.php(340): CodeIgniter\CodeIgniter->handleRequest()
 9 FCPATH/index.php(67): CodeIgniter\CodeIgniter->run()
CRITICAL - 2022-11-09 11:59:46 --> Undefined property: CodeIgniter\View\View::$mylibz
in APPPATH/Views/mtap/trx-purchase-order.php on line 394.
 1 APPPATH/Views/mtap/trx-purchase-order.php(394): CodeIgniter\Debug\Exceptions->errorHandler()
 2 SYSTEMPATH/View/View.php(213): include('APPPATH/Views/mtap/trx-purchase-order.php')
 3 SYSTEMPATH/View/View.php(216): CodeIgniter\View\View->CodeIgniter\View\{closure}()
 4 SYSTEMPATH/Common.php(1142): CodeIgniter\View\View->render()
 5 APPPATH/Controllers/Md_purchase.php(20): view()
 6 SYSTEMPATH/CodeIgniter.php(902): App\Controllers\Md_purchase->index()
 7 SYSTEMPATH/CodeIgniter.php(457): CodeIgniter\CodeIgniter->runController()
 8 SYSTEMPATH/CodeIgniter.php(340): CodeIgniter\CodeIgniter->handleRequest()
 9 FCPATH/index.php(67): CodeIgniter\CodeIgniter->run()
CRITICAL - 2022-11-09 12:01:33 --> Undefined property: CodeIgniter\View\View::$mylibz
in APPPATH/Views/mtap/trx-purchase-order.php on line 394.
 1 APPPATH/Views/mtap/trx-purchase-order.php(394): CodeIgniter\Debug\Exceptions->errorHandler()
 2 SYSTEMPATH/View/View.php(213): include('APPPATH/Views/mtap/trx-purchase-order.php')
 3 SYSTEMPATH/View/View.php(216): CodeIgniter\View\View->CodeIgniter\View\{closure}()
 4 SYSTEMPATH/Common.php(1142): CodeIgniter\View\View->render()
 5 APPPATH/Controllers/Md_purchase.php(20): view()
 6 SYSTEMPATH/CodeIgniter.php(902): App\Controllers\Md_purchase->index()
 7 SYSTEMPATH/CodeIgniter.php(457): CodeIgniter\CodeIgniter->runController()
 8 SYSTEMPATH/CodeIgniter.php(340): CodeIgniter\CodeIgniter->handleRequest()
 9 FCPATH/index.php(67): CodeIgniter\CodeIgniter->run()
CRITICAL - 2022-11-09 12:01:33 --> Undefined property: CodeIgniter\View\View::$mylibz
in APPPATH/Views/mtap/trx-purchase-order.php on line 394.
 1 APPPATH/Views/mtap/trx-purchase-order.php(394): CodeIgniter\Debug\Exceptions->errorHandler()
 2 SYSTEMPATH/View/View.php(213): include('APPPATH/Views/mtap/trx-purchase-order.php')
 3 SYSTEMPATH/View/View.php(216): CodeIgniter\View\View->CodeIgniter\View\{closure}()
 4 SYSTEMPATH/Common.php(1142): CodeIgniter\View\View->render()
 5 APPPATH/Controllers/Md_purchase.php(20): view()
 6 SYSTEMPATH/CodeIgniter.php(902): App\Controllers\Md_purchase->index()
 7 SYSTEMPATH/CodeIgniter.php(457): CodeIgniter\CodeIgniter->runController()
 8 SYSTEMPATH/CodeIgniter.php(340): CodeIgniter\CodeIgniter->handleRequest()
 9 FCPATH/index.php(67): CodeIgniter\CodeIgniter->run()
CRITICAL - 2022-11-09 12:01:33 --> Undefined property: CodeIgniter\View\View::$mylibz
in APPPATH/Views/mtap/trx-purchase-order.php on line 394.
 1 APPPATH/Views/mtap/trx-purchase-order.php(394): CodeIgniter\Debug\Exceptions->errorHandler()
 2 SYSTEMPATH/View/View.php(213): include('APPPATH/Views/mtap/trx-purchase-order.php')
 3 SYSTEMPATH/View/View.php(216): CodeIgniter\View\View->CodeIgniter\View\{closure}()
 4 SYSTEMPATH/Common.php(1142): CodeIgniter\View\View->render()
 5 APPPATH/Controllers/Md_purchase.php(20): view()
 6 SYSTEMPATH/CodeIgniter.php(902): App\Controllers\Md_purchase->index()
 7 SYSTEMPATH/CodeIgniter.php(457): CodeIgniter\CodeIgniter->runController()
 8 SYSTEMPATH/CodeIgniter.php(340): CodeIgniter\CodeIgniter->handleRequest()
 9 FCPATH/index.php(67): CodeIgniter\CodeIgniter->run()
CRITICAL - 2022-11-09 12:01:33 --> Undefined property: CodeIgniter\View\View::$mylibz
in APPPATH/Views/mtap/trx-purchase-order.php on line 394.
 1 APPPATH/Views/mtap/trx-purchase-order.php(394): CodeIgniter\Debug\Exceptions->errorHandler()
 2 SYSTEMPATH/View/View.php(213): include('APPPATH/Views/mtap/trx-purchase-order.php')
 3 SYSTEMPATH/View/View.php(216): CodeIgniter\View\View->CodeIgniter\View\{closure}()
 4 SYSTEMPATH/Common.php(1142): CodeIgniter\View\View->render()
 5 APPPATH/Controllers/Md_purchase.php(20): view()
 6 SYSTEMPATH/CodeIgniter.php(902): App\Controllers\Md_purchase->index()
 7 SYSTEMPATH/CodeIgniter.php(457): CodeIgniter\CodeIgniter->runController()
 8 SYSTEMPATH/CodeIgniter.php(340): CodeIgniter\CodeIgniter->handleRequest()
 9 FCPATH/index.php(67): CodeIgniter\CodeIgniter->run()
CRITICAL - 2022-11-09 12:01:34 --> Undefined property: CodeIgniter\View\View::$mylibz
in APPPATH/Views/mtap/trx-purchase-order.php on line 394.
 1 APPPATH/Views/mtap/trx-purchase-order.php(394): CodeIgniter\Debug\Exceptions->errorHandler()
 2 SYSTEMPATH/View/View.php(213): include('APPPATH/Views/mtap/trx-purchase-order.php')
 3 SYSTEMPATH/View/View.php(216): CodeIgniter\View\View->CodeIgniter\View\{closure}()
 4 SYSTEMPATH/Common.php(1142): CodeIgniter\View\View->render()
 5 APPPATH/Controllers/Md_purchase.php(20): view()
 6 SYSTEMPATH/CodeIgniter.php(902): App\Controllers\Md_purchase->index()
 7 SYSTEMPATH/CodeIgniter.php(457): CodeIgniter\CodeIgniter->runController()
 8 SYSTEMPATH/CodeIgniter.php(340): CodeIgniter\CodeIgniter->handleRequest()
 9 FCPATH/index.php(67): CodeIgniter\CodeIgniter->run()
CRITICAL - 2022-11-09 12:01:34 --> Undefined property: CodeIgniter\View\View::$mylibz
in APPPATH/Views/mtap/trx-purchase-order.php on line 394.
 1 APPPATH/Views/mtap/trx-purchase-order.php(394): CodeIgniter\Debug\Exceptions->errorHandler()
 2 SYSTEMPATH/View/View.php(213): include('APPPATH/Views/mtap/trx-purchase-order.php')
 3 SYSTEMPATH/View/View.php(216): CodeIgniter\View\View->CodeIgniter\View\{closure}()
 4 SYSTEMPATH/Common.php(1142): CodeIgniter\View\View->render()
 5 APPPATH/Controllers/Md_purchase.php(20): view()
 6 SYSTEMPATH/CodeIgniter.php(902): App\Controllers\Md_purchase->index()
 7 SYSTEMPATH/CodeIgniter.php(457): CodeIgniter\CodeIgniter->runController()
 8 SYSTEMPATH/CodeIgniter.php(340): CodeIgniter\CodeIgniter->handleRequest()
 9 FCPATH/index.php(67): CodeIgniter\CodeIgniter->run()
CRITICAL - 2022-11-09 12:01:34 --> Undefined property: CodeIgniter\View\View::$mylibz
in APPPATH/Views/mtap/trx-purchase-order.php on line 394.
 1 APPPATH/Views/mtap/trx-purchase-order.php(394): CodeIgniter\Debug\Exceptions->errorHandler()
 2 SYSTEMPATH/View/View.php(213): include('APPPATH/Views/mtap/trx-purchase-order.php')
 3 SYSTEMPATH/View/View.php(216): CodeIgniter\View\View->CodeIgniter\View\{closure}()
 4 SYSTEMPATH/Common.php(1142): CodeIgniter\View\View->render()
 5 APPPATH/Controllers/Md_purchase.php(20): view()
 6 SYSTEMPATH/CodeIgniter.php(902): App\Controllers\Md_purchase->index()
 7 SYSTEMPATH/CodeIgniter.php(457): CodeIgniter\CodeIgniter->runController()
 8 SYSTEMPATH/CodeIgniter.php(340): CodeIgniter\CodeIgniter->handleRequest()
 9 FCPATH/index.php(67): CodeIgniter\CodeIgniter->run()
CRITICAL - 2022-11-09 12:01:36 --> Undefined property: CodeIgniter\View\View::$mylibz
in APPPATH/Views/mtap/trx-purchase-order.php on line 394.
 1 APPPATH/Views/mtap/trx-purchase-order.php(394): CodeIgniter\Debug\Exceptions->errorHandler()
 2 SYSTEMPATH/View/View.php(213): include('APPPATH/Views/mtap/trx-purchase-order.php')
 3 SYSTEMPATH/View/View.php(216): CodeIgniter\View\View->CodeIgniter\View\{closure}()
 4 SYSTEMPATH/Common.php(1142): CodeIgniter\View\View->render()
 5 APPPATH/Controllers/Md_purchase.php(20): view()
 6 SYSTEMPATH/CodeIgniter.php(902): App\Controllers\Md_purchase->index()
 7 SYSTEMPATH/CodeIgniter.php(457): CodeIgniter\CodeIgniter->runController()
 8 SYSTEMPATH/CodeIgniter.php(340): CodeIgniter\CodeIgniter->handleRequest()
 9 FCPATH/index.php(67): CodeIgniter\CodeIgniter->run()
CRITICAL - 2022-11-09 12:01:37 --> Undefined property: CodeIgniter\View\View::$mylibz
in APPPATH/Views/mtap/trx-purchase-order.php on line 394.
 1 APPPATH/Views/mtap/trx-purchase-order.php(394): CodeIgniter\Debug\Exceptions->errorHandler()
 2 SYSTEMPATH/View/View.php(213): include('APPPATH/Views/mtap/trx-purchase-order.php')
 3 SYSTEMPATH/View/View.php(216): CodeIgniter\View\View->CodeIgniter\View\{closure}()
 4 SYSTEMPATH/Common.php(1142): CodeIgniter\View\View->render()
 5 APPPATH/Controllers/Md_purchase.php(20): view()
 6 SYSTEMPATH/CodeIgniter.php(902): App\Controllers\Md_purchase->index()
 7 SYSTEMPATH/CodeIgniter.php(457): CodeIgniter\CodeIgniter->runController()
 8 SYSTEMPATH/CodeIgniter.php(340): CodeIgniter\CodeIgniter->handleRequest()
 9 FCPATH/index.php(67): CodeIgniter\CodeIgniter->run()
CRITICAL - 2022-11-09 12:01:37 --> Undefined property: CodeIgniter\View\View::$mylibz
in APPPATH/Views/mtap/trx-purchase-order.php on line 394.
 1 APPPATH/Views/mtap/trx-purchase-order.php(394): CodeIgniter\Debug\Exceptions->errorHandler()
 2 SYSTEMPATH/View/View.php(213): include('APPPATH/Views/mtap/trx-purchase-order.php')
 3 SYSTEMPATH/View/View.php(216): CodeIgniter\View\View->CodeIgniter\View\{closure}()
 4 SYSTEMPATH/Common.php(1142): CodeIgniter\View\View->render()
 5 APPPATH/Controllers/Md_purchase.php(20): view()
 6 SYSTEMPATH/CodeIgniter.php(902): App\Controllers\Md_purchase->index()
 7 SYSTEMPATH/CodeIgniter.php(457): CodeIgniter\CodeIgniter->runController()
 8 SYSTEMPATH/CodeIgniter.php(340): CodeIgniter\CodeIgniter->handleRequest()
 9 FCPATH/index.php(67): CodeIgniter\CodeIgniter->run()
CRITICAL - 2022-11-09 12:01:37 --> Undefined property: CodeIgniter\View\View::$mylibz
in APPPATH/Views/mtap/trx-purchase-order.php on line 394.
 1 APPPATH/Views/mtap/trx-purchase-order.php(394): CodeIgniter\Debug\Exceptions->errorHandler()
 2 SYSTEMPATH/View/View.php(213): include('APPPATH/Views/mtap/trx-purchase-order.php')
 3 SYSTEMPATH/View/View.php(216): CodeIgniter\View\View->CodeIgniter\View\{closure}()
 4 SYSTEMPATH/Common.php(1142): CodeIgniter\View\View->render()
 5 APPPATH/Controllers/Md_purchase.php(20): view()
 6 SYSTEMPATH/CodeIgniter.php(902): App\Controllers\Md_purchase->index()
 7 SYSTEMPATH/CodeIgniter.php(457): CodeIgniter\CodeIgniter->runController()
 8 SYSTEMPATH/CodeIgniter.php(340): CodeIgniter\CodeIgniter->handleRequest()
 9 FCPATH/index.php(67): CodeIgniter\CodeIgniter->run()
CRITICAL - 2022-11-09 12:01:38 --> Undefined property: CodeIgniter\View\View::$mylibz
in APPPATH/Views/mtap/trx-purchase-order.php on line 394.
 1 APPPATH/Views/mtap/trx-purchase-order.php(394): CodeIgniter\Debug\Exceptions->errorHandler()
 2 SYSTEMPATH/View/View.php(213): include('APPPATH/Views/mtap/trx-purchase-order.php')
 3 SYSTEMPATH/View/View.php(216): CodeIgniter\View\View->CodeIgniter\View\{closure}()
 4 SYSTEMPATH/Common.php(1142): CodeIgniter\View\View->render()
 5 APPPATH/Controllers/Md_purchase.php(20): view()
 6 SYSTEMPATH/CodeIgniter.php(902): App\Controllers\Md_purchase->index()
 7 SYSTEMPATH/CodeIgniter.php(457): CodeIgniter\CodeIgniter->runController()
 8 SYSTEMPATH/CodeIgniter.php(340): CodeIgniter\CodeIgniter->handleRequest()
 9 FCPATH/index.php(67): CodeIgniter\CodeIgniter->run()
CRITICAL - 2022-11-09 12:01:38 --> Undefined property: CodeIgniter\View\View::$mylibz
in APPPATH/Views/mtap/trx-purchase-order.php on line 394.
 1 APPPATH/Views/mtap/trx-purchase-order.php(394): CodeIgniter\Debug\Exceptions->errorHandler()
 2 SYSTEMPATH/View/View.php(213): include('APPPATH/Views/mtap/trx-purchase-order.php')
 3 SYSTEMPATH/View/View.php(216): CodeIgniter\View\View->CodeIgniter\View\{closure}()
 4 SYSTEMPATH/Common.php(1142): CodeIgniter\View\View->render()
 5 APPPATH/Controllers/Md_purchase.php(20): view()
 6 SYSTEMPATH/CodeIgniter.php(902): App\Controllers\Md_purchase->index()
 7 SYSTEMPATH/CodeIgniter.php(457): CodeIgniter\CodeIgniter->runController()
 8 SYSTEMPATH/CodeIgniter.php(340): CodeIgniter\CodeIgniter->handleRequest()
 9 FCPATH/index.php(67): CodeIgniter\CodeIgniter->run()
CRITICAL - 2022-11-09 12:01:38 --> Undefined property: CodeIgniter\View\View::$mylibz
in APPPATH/Views/mtap/trx-purchase-order.php on line 394.
 1 APPPATH/Views/mtap/trx-purchase-order.php(394): CodeIgniter\Debug\Exceptions->errorHandler()
 2 SYSTEMPATH/View/View.php(213): include('APPPATH/Views/mtap/trx-purchase-order.php')
 3 SYSTEMPATH/View/View.php(216): CodeIgniter\View\View->CodeIgniter\View\{closure}()
 4 SYSTEMPATH/Common.php(1142): CodeIgniter\View\View->render()
 5 APPPATH/Controllers/Md_purchase.php(20): view()
 6 SYSTEMPATH/CodeIgniter.php(902): App\Controllers\Md_purchase->index()
 7 SYSTEMPATH/CodeIgniter.php(457): CodeIgniter\CodeIgniter->runController()
 8 SYSTEMPATH/CodeIgniter.php(340): CodeIgniter\CodeIgniter->handleRequest()
 9 FCPATH/index.php(67): CodeIgniter\CodeIgniter->run()
CRITICAL - 2022-11-09 12:01:38 --> Undefined property: CodeIgniter\View\View::$mylibz
in APPPATH/Views/mtap/trx-purchase-order.php on line 394.
 1 APPPATH/Views/mtap/trx-purchase-order.php(394): CodeIgniter\Debug\Exceptions->errorHandler()
 2 SYSTEMPATH/View/View.php(213): include('APPPATH/Views/mtap/trx-purchase-order.php')
 3 SYSTEMPATH/View/View.php(216): CodeIgniter\View\View->CodeIgniter\View\{closure}()
 4 SYSTEMPATH/Common.php(1142): CodeIgniter\View\View->render()
 5 APPPATH/Controllers/Md_purchase.php(20): view()
 6 SYSTEMPATH/CodeIgniter.php(902): App\Controllers\Md_purchase->index()
 7 SYSTEMPATH/CodeIgniter.php(457): CodeIgniter\CodeIgniter->runController()
 8 SYSTEMPATH/CodeIgniter.php(340): CodeIgniter\CodeIgniter->handleRequest()
 9 FCPATH/index.php(67): CodeIgniter\CodeIgniter->run()
CRITICAL - 2022-11-09 12:01:38 --> Undefined property: CodeIgniter\View\View::$mylibz
in APPPATH/Views/mtap/trx-purchase-order.php on line 394.
 1 APPPATH/Views/mtap/trx-purchase-order.php(394): CodeIgniter\Debug\Exceptions->errorHandler()
 2 SYSTEMPATH/View/View.php(213): include('APPPATH/Views/mtap/trx-purchase-order.php')
 3 SYSTEMPATH/View/View.php(216): CodeIgniter\View\View->CodeIgniter\View\{closure}()
 4 SYSTEMPATH/Common.php(1142): CodeIgniter\View\View->render()
 5 APPPATH/Controllers/Md_purchase.php(20): view()
 6 SYSTEMPATH/CodeIgniter.php(902): App\Controllers\Md_purchase->index()
 7 SYSTEMPATH/CodeIgniter.php(457): CodeIgniter\CodeIgniter->runController()
 8 SYSTEMPATH/CodeIgniter.php(340): CodeIgniter\CodeIgniter->handleRequest()
 9 FCPATH/index.php(67): CodeIgniter\CodeIgniter->run()
CRITICAL - 2022-11-09 12:01:39 --> Undefined property: CodeIgniter\View\View::$mylibz
in APPPATH/Views/mtap/trx-purchase-order.php on line 394.
 1 APPPATH/Views/mtap/trx-purchase-order.php(394): CodeIgniter\Debug\Exceptions->errorHandler()
 2 SYSTEMPATH/View/View.php(213): include('APPPATH/Views/mtap/trx-purchase-order.php')
 3 SYSTEMPATH/View/View.php(216): CodeIgniter\View\View->CodeIgniter\View\{closure}()
 4 SYSTEMPATH/Common.php(1142): CodeIgniter\View\View->render()
 5 APPPATH/Controllers/Md_purchase.php(20): view()
 6 SYSTEMPATH/CodeIgniter.php(902): App\Controllers\Md_purchase->index()
 7 SYSTEMPATH/CodeIgniter.php(457): CodeIgniter\CodeIgniter->runController()
 8 SYSTEMPATH/CodeIgniter.php(340): CodeIgniter\CodeIgniter->handleRequest()
 9 FCPATH/index.php(67): CodeIgniter\CodeIgniter->run()
CRITICAL - 2022-11-09 12:01:39 --> Undefined property: CodeIgniter\View\View::$mylibz
in APPPATH/Views/mtap/trx-purchase-order.php on line 394.
 1 APPPATH/Views/mtap/trx-purchase-order.php(394): CodeIgniter\Debug\Exceptions->errorHandler()
 2 SYSTEMPATH/View/View.php(213): include('APPPATH/Views/mtap/trx-purchase-order.php')
 3 SYSTEMPATH/View/View.php(216): CodeIgniter\View\View->CodeIgniter\View\{closure}()
 4 SYSTEMPATH/Common.php(1142): CodeIgniter\View\View->render()
 5 APPPATH/Controllers/Md_purchase.php(20): view()
 6 SYSTEMPATH/CodeIgniter.php(902): App\Controllers\Md_purchase->index()
 7 SYSTEMPATH/CodeIgniter.php(457): CodeIgniter\CodeIgniter->runController()
 8 SYSTEMPATH/CodeIgniter.php(340): CodeIgniter\CodeIgniter->handleRequest()
 9 FCPATH/index.php(67): CodeIgniter\CodeIgniter->run()
CRITICAL - 2022-11-09 12:01:39 --> Undefined property: CodeIgniter\View\View::$mylibz
in APPPATH/Views/mtap/trx-purchase-order.php on line 394.
 1 APPPATH/Views/mtap/trx-purchase-order.php(394): CodeIgniter\Debug\Exceptions->errorHandler()
 2 SYSTEMPATH/View/View.php(213): include('APPPATH/Views/mtap/trx-purchase-order.php')
 3 SYSTEMPATH/View/View.php(216): CodeIgniter\View\View->CodeIgniter\View\{closure}()
 4 SYSTEMPATH/Common.php(1142): CodeIgniter\View\View->render()
 5 APPPATH/Controllers/Md_purchase.php(20): view()
 6 SYSTEMPATH/CodeIgniter.php(902): App\Controllers\Md_purchase->index()
 7 SYSTEMPATH/CodeIgniter.php(457): CodeIgniter\CodeIgniter->runController()
 8 SYSTEMPATH/CodeIgniter.php(340): CodeIgniter\CodeIgniter->handleRequest()
 9 FCPATH/index.php(67): CodeIgniter\CodeIgniter->run()
CRITICAL - 2022-11-09 12:01:39 --> Undefined property: CodeIgniter\View\View::$mylibz
in APPPATH/Views/mtap/trx-purchase-order.php on line 394.
 1 APPPATH/Views/mtap/trx-purchase-order.php(394): CodeIgniter\Debug\Exceptions->errorHandler()
 2 SYSTEMPATH/View/View.php(213): include('APPPATH/Views/mtap/trx-purchase-order.php')
 3 SYSTEMPATH/View/View.php(216): CodeIgniter\View\View->CodeIgniter\View\{closure}()
 4 SYSTEMPATH/Common.php(1142): CodeIgniter\View\View->render()
 5 APPPATH/Controllers/Md_purchase.php(20): view()
 6 SYSTEMPATH/CodeIgniter.php(902): App\Controllers\Md_purchase->index()
 7 SYSTEMPATH/CodeIgniter.php(457): CodeIgniter\CodeIgniter->runController()
 8 SYSTEMPATH/CodeIgniter.php(340): CodeIgniter\CodeIgniter->handleRequest()
 9 FCPATH/index.php(67): CodeIgniter\CodeIgniter->run()
CRITICAL - 2022-11-09 12:01:40 --> Undefined property: CodeIgniter\View\View::$mylibz
in APPPATH/Views/mtap/trx-purchase-order.php on line 394.
 1 APPPATH/Views/mtap/trx-purchase-order.php(394): CodeIgniter\Debug\Exceptions->errorHandler()
 2 SYSTEMPATH/View/View.php(213): include('APPPATH/Views/mtap/trx-purchase-order.php')
 3 SYSTEMPATH/View/View.php(216): CodeIgniter\View\View->CodeIgniter\View\{closure}()
 4 SYSTEMPATH/Common.php(1142): CodeIgniter\View\View->render()
 5 APPPATH/Controllers/Md_purchase.php(20): view()
 6 SYSTEMPATH/CodeIgniter.php(902): App\Controllers\Md_purchase->index()
 7 SYSTEMPATH/CodeIgniter.php(457): CodeIgniter\CodeIgniter->runController()
 8 SYSTEMPATH/CodeIgniter.php(340): CodeIgniter\CodeIgniter->handleRequest()
 9 FCPATH/index.php(67): CodeIgniter\CodeIgniter->run()
CRITICAL - 2022-11-09 12:01:40 --> Undefined property: CodeIgniter\View\View::$mylibz
in APPPATH/Views/mtap/trx-purchase-order.php on line 394.
 1 APPPATH/Views/mtap/trx-purchase-order.php(394): CodeIgniter\Debug\Exceptions->errorHandler()
 2 SYSTEMPATH/View/View.php(213): include('APPPATH/Views/mtap/trx-purchase-order.php')
 3 SYSTEMPATH/View/View.php(216): CodeIgniter\View\View->CodeIgniter\View\{closure}()
 4 SYSTEMPATH/Common.php(1142): CodeIgniter\View\View->render()
 5 APPPATH/Controllers/Md_purchase.php(20): view()
 6 SYSTEMPATH/CodeIgniter.php(902): App\Controllers\Md_purchase->index()
 7 SYSTEMPATH/CodeIgniter.php(457): CodeIgniter\CodeIgniter->runController()
 8 SYSTEMPATH/CodeIgniter.php(340): CodeIgniter\CodeIgniter->handleRequest()
 9 FCPATH/index.php(67): CodeIgniter\CodeIgniter->run()
CRITICAL - 2022-11-09 12:01:40 --> Undefined property: CodeIgniter\View\View::$mylibz
in APPPATH/Views/mtap/trx-purchase-order.php on line 394.
 1 APPPATH/Views/mtap/trx-purchase-order.php(394): CodeIgniter\Debug\Exceptions->errorHandler()
 2 SYSTEMPATH/View/View.php(213): include('APPPATH/Views/mtap/trx-purchase-order.php')
 3 SYSTEMPATH/View/View.php(216): CodeIgniter\View\View->CodeIgniter\View\{closure}()
 4 SYSTEMPATH/Common.php(1142): CodeIgniter\View\View->render()
 5 APPPATH/Controllers/Md_purchase.php(20): view()
 6 SYSTEMPATH/CodeIgniter.php(902): App\Controllers\Md_purchase->index()
 7 SYSTEMPATH/CodeIgniter.php(457): CodeIgniter\CodeIgniter->runController()
 8 SYSTEMPATH/CodeIgniter.php(340): CodeIgniter\CodeIgniter->handleRequest()
 9 FCPATH/index.php(67): CodeIgniter\CodeIgniter->run()
CRITICAL - 2022-11-09 12:01:40 --> Undefined property: CodeIgniter\View\View::$mylibz
in APPPATH/Views/mtap/trx-purchase-order.php on line 394.
 1 APPPATH/Views/mtap/trx-purchase-order.php(394): CodeIgniter\Debug\Exceptions->errorHandler()
 2 SYSTEMPATH/View/View.php(213): include('APPPATH/Views/mtap/trx-purchase-order.php')
 3 SYSTEMPATH/View/View.php(216): CodeIgniter\View\View->CodeIgniter\View\{closure}()
 4 SYSTEMPATH/Common.php(1142): CodeIgniter\View\View->render()
 5 APPPATH/Controllers/Md_purchase.php(20): view()
 6 SYSTEMPATH/CodeIgniter.php(902): App\Controllers\Md_purchase->index()
 7 SYSTEMPATH/CodeIgniter.php(457): CodeIgniter\CodeIgniter->runController()
 8 SYSTEMPATH/CodeIgniter.php(340): CodeIgniter\CodeIgniter->handleRequest()
 9 FCPATH/index.php(67): CodeIgniter\CodeIgniter->run()
CRITICAL - 2022-11-09 12:01:40 --> Undefined property: CodeIgniter\View\View::$mylibz
in APPPATH/Views/mtap/trx-purchase-order.php on line 394.
 1 APPPATH/Views/mtap/trx-purchase-order.php(394): CodeIgniter\Debug\Exceptions->errorHandler()
 2 SYSTEMPATH/View/View.php(213): include('APPPATH/Views/mtap/trx-purchase-order.php')
 3 SYSTEMPATH/View/View.php(216): CodeIgniter\View\View->CodeIgniter\View\{closure}()
 4 SYSTEMPATH/Common.php(1142): CodeIgniter\View\View->render()
 5 APPPATH/Controllers/Md_purchase.php(20): view()
 6 SYSTEMPATH/CodeIgniter.php(902): App\Controllers\Md_purchase->index()
 7 SYSTEMPATH/CodeIgniter.php(457): CodeIgniter\CodeIgniter->runController()
 8 SYSTEMPATH/CodeIgniter.php(340): CodeIgniter\CodeIgniter->handleRequest()
 9 FCPATH/index.php(67): CodeIgniter\CodeIgniter->run()
CRITICAL - 2022-11-09 12:01:41 --> Undefined property: CodeIgniter\View\View::$mylibz
in APPPATH/Views/mtap/trx-purchase-order.php on line 394.
 1 APPPATH/Views/mtap/trx-purchase-order.php(394): CodeIgniter\Debug\Exceptions->errorHandler()
 2 SYSTEMPATH/View/View.php(213): include('APPPATH/Views/mtap/trx-purchase-order.php')
 3 SYSTEMPATH/View/View.php(216): CodeIgniter\View\View->CodeIgniter\View\{closure}()
 4 SYSTEMPATH/Common.php(1142): CodeIgniter\View\View->render()
 5 APPPATH/Controllers/Md_purchase.php(20): view()
 6 SYSTEMPATH/CodeIgniter.php(902): App\Controllers\Md_purchase->index()
 7 SYSTEMPATH/CodeIgniter.php(457): CodeIgniter\CodeIgniter->runController()
 8 SYSTEMPATH/CodeIgniter.php(340): CodeIgniter\CodeIgniter->handleRequest()
 9 FCPATH/index.php(67): CodeIgniter\CodeIgniter->run()
CRITICAL - 2022-11-09 12:01:41 --> Undefined property: CodeIgniter\View\View::$mylibz
in APPPATH/Views/mtap/trx-purchase-order.php on line 394.
 1 APPPATH/Views/mtap/trx-purchase-order.php(394): CodeIgniter\Debug\Exceptions->errorHandler()
 2 SYSTEMPATH/View/View.php(213): include('APPPATH/Views/mtap/trx-purchase-order.php')
 3 SYSTEMPATH/View/View.php(216): CodeIgniter\View\View->CodeIgniter\View\{closure}()
 4 SYSTEMPATH/Common.php(1142): CodeIgniter\View\View->render()
 5 APPPATH/Controllers/Md_purchase.php(20): view()
 6 SYSTEMPATH/CodeIgniter.php(902): App\Controllers\Md_purchase->index()
 7 SYSTEMPATH/CodeIgniter.php(457): CodeIgniter\CodeIgniter->runController()
 8 SYSTEMPATH/CodeIgniter.php(340): CodeIgniter\CodeIgniter->handleRequest()
 9 FCPATH/index.php(67): CodeIgniter\CodeIgniter->run()
CRITICAL - 2022-11-09 12:01:41 --> Undefined property: CodeIgniter\View\View::$mylibz
in APPPATH/Views/mtap/trx-purchase-order.php on line 394.
 1 APPPATH/Views/mtap/trx-purchase-order.php(394): CodeIgniter\Debug\Exceptions->errorHandler()
 2 SYSTEMPATH/View/View.php(213): include('APPPATH/Views/mtap/trx-purchase-order.php')
 3 SYSTEMPATH/View/View.php(216): CodeIgniter\View\View->CodeIgniter\View\{closure}()
 4 SYSTEMPATH/Common.php(1142): CodeIgniter\View\View->render()
 5 APPPATH/Controllers/Md_purchase.php(20): view()
 6 SYSTEMPATH/CodeIgniter.php(902): App\Controllers\Md_purchase->index()
 7 SYSTEMPATH/CodeIgniter.php(457): CodeIgniter\CodeIgniter->runController()
 8 SYSTEMPATH/CodeIgniter.php(340): CodeIgniter\CodeIgniter->handleRequest()
 9 FCPATH/index.php(67): CodeIgniter\CodeIgniter->run()
CRITICAL - 2022-11-09 12:01:41 --> Undefined property: CodeIgniter\View\View::$mylibz
in APPPATH/Views/mtap/trx-purchase-order.php on line 394.
 1 APPPATH/Views/mtap/trx-purchase-order.php(394): CodeIgniter\Debug\Exceptions->errorHandler()
 2 SYSTEMPATH/View/View.php(213): include('APPPATH/Views/mtap/trx-purchase-order.php')
 3 SYSTEMPATH/View/View.php(216): CodeIgniter\View\View->CodeIgniter\View\{closure}()
 4 SYSTEMPATH/Common.php(1142): CodeIgniter\View\View->render()
 5 APPPATH/Controllers/Md_purchase.php(20): view()
 6 SYSTEMPATH/CodeIgniter.php(902): App\Controllers\Md_purchase->index()
 7 SYSTEMPATH/CodeIgniter.php(457): CodeIgniter\CodeIgniter->runController()
 8 SYSTEMPATH/CodeIgniter.php(340): CodeIgniter\CodeIgniter->handleRequest()
 9 FCPATH/index.php(67): CodeIgniter\CodeIgniter->run()
CRITICAL - 2022-11-09 12:01:41 --> Undefined property: CodeIgniter\View\View::$mylibz
in APPPATH/Views/mtap/trx-purchase-order.php on line 394.
 1 APPPATH/Views/mtap/trx-purchase-order.php(394): CodeIgniter\Debug\Exceptions->errorHandler()
 2 SYSTEMPATH/View/View.php(213): include('APPPATH/Views/mtap/trx-purchase-order.php')
 3 SYSTEMPATH/View/View.php(216): CodeIgniter\View\View->CodeIgniter\View\{closure}()
 4 SYSTEMPATH/Common.php(1142): CodeIgniter\View\View->render()
 5 APPPATH/Controllers/Md_purchase.php(20): view()
 6 SYSTEMPATH/CodeIgniter.php(902): App\Controllers\Md_purchase->index()
 7 SYSTEMPATH/CodeIgniter.php(457): CodeIgniter\CodeIgniter->runController()
 8 SYSTEMPATH/CodeIgniter.php(340): CodeIgniter\CodeIgniter->handleRequest()
 9 FCPATH/index.php(67): CodeIgniter\CodeIgniter->run()
CRITICAL - 2022-11-09 12:01:42 --> Undefined property: CodeIgniter\View\View::$mylibz
in APPPATH/Views/mtap/trx-purchase-order.php on line 394.
 1 APPPATH/Views/mtap/trx-purchase-order.php(394): CodeIgniter\Debug\Exceptions->errorHandler()
 2 SYSTEMPATH/View/View.php(213): include('APPPATH/Views/mtap/trx-purchase-order.php')
 3 SYSTEMPATH/View/View.php(216): CodeIgniter\View\View->CodeIgniter\View\{closure}()
 4 SYSTEMPATH/Common.php(1142): CodeIgniter\View\View->render()
 5 APPPATH/Controllers/Md_purchase.php(20): view()
 6 SYSTEMPATH/CodeIgniter.php(902): App\Controllers\Md_purchase->index()
 7 SYSTEMPATH/CodeIgniter.php(457): CodeIgniter\CodeIgniter->runController()
 8 SYSTEMPATH/CodeIgniter.php(340): CodeIgniter\CodeIgniter->handleRequest()
 9 FCPATH/index.php(67): CodeIgniter\CodeIgniter->run()
CRITICAL - 2022-11-09 12:01:52 --> Undefined property: CodeIgniter\View\View::$mylibz
in APPPATH/Views/mtap/trx-purchase-order.php on line 394.
 1 APPPATH/Views/mtap/trx-purchase-order.php(394): CodeIgniter\Debug\Exceptions->errorHandler()
 2 SYSTEMPATH/View/View.php(213): include('APPPATH/Views/mtap/trx-purchase-order.php')
 3 SYSTEMPATH/View/View.php(216): CodeIgniter\View\View->CodeIgniter\View\{closure}()
 4 SYSTEMPATH/Common.php(1142): CodeIgniter\View\View->render()
 5 APPPATH/Controllers/Md_purchase.php(20): view()
 6 SYSTEMPATH/CodeIgniter.php(902): App\Controllers\Md_purchase->index()
 7 SYSTEMPATH/CodeIgniter.php(457): CodeIgniter\CodeIgniter->runController()
 8 SYSTEMPATH/CodeIgniter.php(340): CodeIgniter\CodeIgniter->handleRequest()
 9 FCPATH/index.php(67): CodeIgniter\CodeIgniter->run()
CRITICAL - 2022-11-09 12:01:52 --> Undefined property: CodeIgniter\View\View::$mylibz
in APPPATH/Views/mtap/trx-purchase-order.php on line 394.
 1 APPPATH/Views/mtap/trx-purchase-order.php(394): CodeIgniter\Debug\Exceptions->errorHandler()
 2 SYSTEMPATH/View/View.php(213): include('APPPATH/Views/mtap/trx-purchase-order.php')
 3 SYSTEMPATH/View/View.php(216): CodeIgniter\View\View->CodeIgniter\View\{closure}()
 4 SYSTEMPATH/Common.php(1142): CodeIgniter\View\View->render()
 5 APPPATH/Controllers/Md_purchase.php(20): view()
 6 SYSTEMPATH/CodeIgniter.php(902): App\Controllers\Md_purchase->index()
 7 SYSTEMPATH/CodeIgniter.php(457): CodeIgniter\CodeIgniter->runController()
 8 SYSTEMPATH/CodeIgniter.php(340): CodeIgniter\CodeIgniter->handleRequest()
 9 FCPATH/index.php(67): CodeIgniter\CodeIgniter->run()
CRITICAL - 2022-11-09 13:07:25 --> Trying to access array offset on value of type null
in APPPATH/Controllers/Mysearchdata.php on line 360.
 1 APPPATH/Controllers/Mysearchdata.php(360): CodeIgniter\Debug\Exceptions->errorHandler()
 2 SYSTEMPATH/CodeIgniter.php(902): App\Controllers\Mysearchdata->myget_warehouse_bin_list()
 3 SYSTEMPATH/CodeIgniter.php(457): CodeIgniter\CodeIgniter->runController()
 4 SYSTEMPATH/CodeIgniter.php(340): CodeIgniter\CodeIgniter->handleRequest()
 5 FCPATH/index.php(67): CodeIgniter\CodeIgniter->run()
CRITICAL - 2022-11-09 13:07:38 --> Trying to access array offset on value of type null
in APPPATH/Controllers/Mysearchdata.php on line 360.
 1 APPPATH/Controllers/Mysearchdata.php(360): CodeIgniter\Debug\Exceptions->errorHandler()
 2 SYSTEMPATH/CodeIgniter.php(902): App\Controllers\Mysearchdata->myget_warehouse_bin_list()
 3 SYSTEMPATH/CodeIgniter.php(457): CodeIgniter\CodeIgniter->runController()
 4 SYSTEMPATH/CodeIgniter.php(340): CodeIgniter\CodeIgniter->handleRequest()
 5 FCPATH/index.php(67): CodeIgniter\CodeIgniter->run()
CRITICAL - 2022-11-09 13:09:38 --> Trying to access array offset on value of type null
in APPPATH/Controllers/Mysearchdata.php on line 360.
 1 APPPATH/Controllers/Mysearchdata.php(360): CodeIgniter\Debug\Exceptions->errorHandler()
 2 SYSTEMPATH/CodeIgniter.php(902): App\Controllers\Mysearchdata->myget_warehouse_bin_list()
 3 SYSTEMPATH/CodeIgniter.php(457): CodeIgniter\CodeIgniter->runController()
 4 SYSTEMPATH/CodeIgniter.php(340): CodeIgniter\CodeIgniter->handleRequest()
 5 FCPATH/index.php(67): CodeIgniter\CodeIgniter->run()
CRITICAL - 2022-11-09 13:18:11 --> Trying to access array offset on value of type null
in APPPATH/Controllers/Mysearchdata.php on line 360.
 1 APPPATH/Controllers/Mysearchdata.php(360): CodeIgniter\Debug\Exceptions->errorHandler()
 2 SYSTEMPATH/CodeIgniter.php(902): App\Controllers\Mysearchdata->myget_warehouse_bin_list()
 3 SYSTEMPATH/CodeIgniter.php(457): CodeIgniter\CodeIgniter->runController()
 4 SYSTEMPATH/CodeIgniter.php(340): CodeIgniter\CodeIgniter->handleRequest()
 5 FCPATH/index.php(67): CodeIgniter\CodeIgniter->run()
CRITICAL - 2022-11-09 13:18:16 --> Trying to access array offset on value of type null
in APPPATH/Controllers/Mysearchdata.php on line 360.
 1 APPPATH/Controllers/Mysearchdata.php(360): CodeIgniter\Debug\Exceptions->errorHandler()
 2 SYSTEMPATH/CodeIgniter.php(902): App\Controllers\Mysearchdata->myget_warehouse_bin_list()
 3 SYSTEMPATH/CodeIgniter.php(457): CodeIgniter\CodeIgniter->runController()
 4 SYSTEMPATH/CodeIgniter.php(340): CodeIgniter\CodeIgniter->handleRequest()
 5 FCPATH/index.php(67): CodeIgniter\CodeIgniter->run()
CRITICAL - 2022-11-09 13:20:49 --> Undefined property: App\Controllers\Mysearchdata::$input
in APPPATH/Controllers/Mysearchdata.php on line 781.
 1 APPPATH/Controllers/Mysearchdata.php(781): CodeIgniter\Debug\Exceptions->errorHandler()
 2 SYSTEMPATH/CodeIgniter.php(902): App\Controllers\Mysearchdata->auto_add_lines_po()
 3 SYSTEMPATH/CodeIgniter.php(457): CodeIgniter\CodeIgniter->runController()
 4 SYSTEMPATH/CodeIgniter.php(340): CodeIgniter\CodeIgniter->handleRequest()
 5 FCPATH/index.php(67): CodeIgniter\CodeIgniter->run()
CRITICAL - 2022-11-09 13:56:16 --> Undefined property: CodeIgniter\View\View::$mylibz
in APPPATH/Views/mtap/trx-purchase-order.php on line 397.
 1 APPPATH/Views/mtap/trx-purchase-order.php(397): CodeIgniter\Debug\Exceptions->errorHandler()
 2 SYSTEMPATH/View/View.php(213): include('APPPATH/Views/mtap/trx-purchase-order.php')
 3 SYSTEMPATH/View/View.php(216): CodeIgniter\View\View->CodeIgniter\View\{closure}()
 4 SYSTEMPATH/Common.php(1142): CodeIgniter\View\View->render()
 5 APPPATH/Controllers/Md_purchase.php(20): view()
 6 SYSTEMPATH/CodeIgniter.php(902): App\Controllers\Md_purchase->index()
 7 SYSTEMPATH/CodeIgniter.php(457): CodeIgniter\CodeIgniter->runController()
 8 SYSTEMPATH/CodeIgniter.php(340): CodeIgniter\CodeIgniter->handleRequest()
 9 FCPATH/index.php(67): CodeIgniter\CodeIgniter->run()
CRITICAL - 2022-11-09 13:56:36 --> Undefined property: CodeIgniter\View\View::$mylibz
in APPPATH/Views/mtap/trx-purchase-order.php on line 397.
 1 APPPATH/Views/mtap/trx-purchase-order.php(397): CodeIgniter\Debug\Exceptions->errorHandler()
 2 SYSTEMPATH/View/View.php(213): include('APPPATH/Views/mtap/trx-purchase-order.php')
 3 SYSTEMPATH/View/View.php(216): CodeIgniter\View\View->CodeIgniter\View\{closure}()
 4 SYSTEMPATH/Common.php(1142): CodeIgniter\View\View->render()
 5 APPPATH/Controllers/Md_purchase.php(20): view()
 6 SYSTEMPATH/CodeIgniter.php(902): App\Controllers\Md_purchase->index()
 7 SYSTEMPATH/CodeIgniter.php(457): CodeIgniter\CodeIgniter->runController()
 8 SYSTEMPATH/CodeIgniter.php(340): CodeIgniter\CodeIgniter->handleRequest()
 9 FCPATH/index.php(67): CodeIgniter\CodeIgniter->run()
CRITICAL - 2022-11-09 13:56:37 --> Undefined property: CodeIgniter\View\View::$mylibz
in APPPATH/Views/mtap/trx-purchase-order.php on line 397.
 1 APPPATH/Views/mtap/trx-purchase-order.php(397): CodeIgniter\Debug\Exceptions->errorHandler()
 2 SYSTEMPATH/View/View.php(213): include('APPPATH/Views/mtap/trx-purchase-order.php')
 3 SYSTEMPATH/View/View.php(216): CodeIgniter\View\View->CodeIgniter\View\{closure}()
 4 SYSTEMPATH/Common.php(1142): CodeIgniter\View\View->render()
 5 APPPATH/Controllers/Md_purchase.php(20): view()
 6 SYSTEMPATH/CodeIgniter.php(902): App\Controllers\Md_purchase->index()
 7 SYSTEMPATH/CodeIgniter.php(457): CodeIgniter\CodeIgniter->runController()
 8 SYSTEMPATH/CodeIgniter.php(340): CodeIgniter\CodeIgniter->handleRequest()
 9 FCPATH/index.php(67): CodeIgniter\CodeIgniter->run()
CRITICAL - 2022-11-09 13:57:55 --> Undefined property: CodeIgniter\View\View::$mylibz
in APPPATH/Views/mtap/trx-purchase-order.php on line 397.
 1 APPPATH/Views/mtap/trx-purchase-order.php(397): CodeIgniter\Debug\Exceptions->errorHandler()
 2 SYSTEMPATH/View/View.php(213): include('APPPATH/Views/mtap/trx-purchase-order.php')
 3 SYSTEMPATH/View/View.php(216): CodeIgniter\View\View->CodeIgniter\View\{closure}()
 4 SYSTEMPATH/Common.php(1142): CodeIgniter\View\View->render()
 5 APPPATH/Controllers/Md_purchase.php(20): view()
 6 SYSTEMPATH/CodeIgniter.php(902): App\Controllers\Md_purchase->index()
 7 SYSTEMPATH/CodeIgniter.php(457): CodeIgniter\CodeIgniter->runController()
 8 SYSTEMPATH/CodeIgniter.php(340): CodeIgniter\CodeIgniter->handleRequest()
 9 FCPATH/index.php(67): CodeIgniter\CodeIgniter->run()
CRITICAL - 2022-11-09 13:57:55 --> Undefined property: CodeIgniter\View\View::$mylibz
in APPPATH/Views/mtap/trx-purchase-order.php on line 397.
 1 APPPATH/Views/mtap/trx-purchase-order.php(397): CodeIgniter\Debug\Exceptions->errorHandler()
 2 SYSTEMPATH/View/View.php(213): include('APPPATH/Views/mtap/trx-purchase-order.php')
 3 SYSTEMPATH/View/View.php(216): CodeIgniter\View\View->CodeIgniter\View\{closure}()
 4 SYSTEMPATH/Common.php(1142): CodeIgniter\View\View->render()
 5 APPPATH/Controllers/Md_purchase.php(20): view()
 6 SYSTEMPATH/CodeIgniter.php(902): App\Controllers\Md_purchase->index()
 7 SYSTEMPATH/CodeIgniter.php(457): CodeIgniter\CodeIgniter->runController()
 8 SYSTEMPATH/CodeIgniter.php(340): CodeIgniter\CodeIgniter->handleRequest()
 9 FCPATH/index.php(67): CodeIgniter\CodeIgniter->run()
CRITICAL - 2022-11-09 13:57:56 --> Undefined property: CodeIgniter\View\View::$mylibz
in APPPATH/Views/mtap/trx-purchase-order.php on line 397.
 1 APPPATH/Views/mtap/trx-purchase-order.php(397): CodeIgniter\Debug\Exceptions->errorHandler()
 2 SYSTEMPATH/View/View.php(213): include('APPPATH/Views/mtap/trx-purchase-order.php')
 3 SYSTEMPATH/View/View.php(216): CodeIgniter\View\View->CodeIgniter\View\{closure}()
 4 SYSTEMPATH/Common.php(1142): CodeIgniter\View\View->render()
 5 APPPATH/Controllers/Md_purchase.php(20): view()
 6 SYSTEMPATH/CodeIgniter.php(902): App\Controllers\Md_purchase->index()
 7 SYSTEMPATH/CodeIgniter.php(457): CodeIgniter\CodeIgniter->runController()
 8 SYSTEMPATH/CodeIgniter.php(340): CodeIgniter\CodeIgniter->handleRequest()
 9 FCPATH/index.php(67): CodeIgniter\CodeIgniter->run()
CRITICAL - 2022-11-09 13:57:56 --> Undefined property: CodeIgniter\View\View::$mylibz
in APPPATH/Views/mtap/trx-purchase-order.php on line 397.
 1 APPPATH/Views/mtap/trx-purchase-order.php(397): CodeIgniter\Debug\Exceptions->errorHandler()
 2 SYSTEMPATH/View/View.php(213): include('APPPATH/Views/mtap/trx-purchase-order.php')
 3 SYSTEMPATH/View/View.php(216): CodeIgniter\View\View->CodeIgniter\View\{closure}()
 4 SYSTEMPATH/Common.php(1142): CodeIgniter\View\View->render()
 5 APPPATH/Controllers/Md_purchase.php(20): view()
 6 SYSTEMPATH/CodeIgniter.php(902): App\Controllers\Md_purchase->index()
 7 SYSTEMPATH/CodeIgniter.php(457): CodeIgniter\CodeIgniter->runController()
 8 SYSTEMPATH/CodeIgniter.php(340): CodeIgniter\CodeIgniter->handleRequest()
 9 FCPATH/index.php(67): CodeIgniter\CodeIgniter->run()
CRITICAL - 2022-11-09 13:59:05 --> Undefined property: CodeIgniter\View\View::$mylibz
in APPPATH/Views/mtap/trx-purchase-order.php on line 396.
 1 APPPATH/Views/mtap/trx-purchase-order.php(396): CodeIgniter\Debug\Exceptions->errorHandler()
 2 SYSTEMPATH/View/View.php(213): include('APPPATH/Views/mtap/trx-purchase-order.php')
 3 SYSTEMPATH/View/View.php(216): CodeIgniter\View\View->CodeIgniter\View\{closure}()
 4 SYSTEMPATH/Common.php(1142): CodeIgniter\View\View->render()
 5 APPPATH/Controllers/Md_purchase.php(20): view()
 6 SYSTEMPATH/CodeIgniter.php(902): App\Controllers\Md_purchase->index()
 7 SYSTEMPATH/CodeIgniter.php(457): CodeIgniter\CodeIgniter->runController()
 8 SYSTEMPATH/CodeIgniter.php(340): CodeIgniter\CodeIgniter->handleRequest()
 9 FCPATH/index.php(67): CodeIgniter\CodeIgniter->run()
CRITICAL - 2022-11-09 13:59:06 --> Undefined property: CodeIgniter\View\View::$mylibz
in APPPATH/Views/mtap/trx-purchase-order.php on line 396.
 1 APPPATH/Views/mtap/trx-purchase-order.php(396): CodeIgniter\Debug\Exceptions->errorHandler()
 2 SYSTEMPATH/View/View.php(213): include('APPPATH/Views/mtap/trx-purchase-order.php')
 3 SYSTEMPATH/View/View.php(216): CodeIgniter\View\View->CodeIgniter\View\{closure}()
 4 SYSTEMPATH/Common.php(1142): CodeIgniter\View\View->render()
 5 APPPATH/Controllers/Md_purchase.php(20): view()
 6 SYSTEMPATH/CodeIgniter.php(902): App\Controllers\Md_purchase->index()
 7 SYSTEMPATH/CodeIgniter.php(457): CodeIgniter\CodeIgniter->runController()
 8 SYSTEMPATH/CodeIgniter.php(340): CodeIgniter\CodeIgniter->handleRequest()
 9 FCPATH/index.php(67): CodeIgniter\CodeIgniter->run()
CRITICAL - 2022-11-09 14:00:46 --> Undefined property: CodeIgniter\View\View::$mylibz
in APPPATH/Views/mtap/trx-purchase-order.php on line 396.
 1 APPPATH/Views/mtap/trx-purchase-order.php(396): CodeIgniter\Debug\Exceptions->errorHandler()
 2 SYSTEMPATH/View/View.php(213): include('APPPATH/Views/mtap/trx-purchase-order.php')
 3 SYSTEMPATH/View/View.php(216): CodeIgniter\View\View->CodeIgniter\View\{closure}()
 4 SYSTEMPATH/Common.php(1142): CodeIgniter\View\View->render()
 5 APPPATH/Controllers/Md_purchase.php(20): view()
 6 SYSTEMPATH/CodeIgniter.php(902): App\Controllers\Md_purchase->index()
 7 SYSTEMPATH/CodeIgniter.php(457): CodeIgniter\CodeIgniter->runController()
 8 SYSTEMPATH/CodeIgniter.php(340): CodeIgniter\CodeIgniter->handleRequest()
 9 FCPATH/index.php(67): CodeIgniter\CodeIgniter->run()
CRITICAL - 2022-11-09 14:00:47 --> Undefined property: CodeIgniter\View\View::$mylibz
in APPPATH/Views/mtap/trx-purchase-order.php on line 396.
 1 APPPATH/Views/mtap/trx-purchase-order.php(396): CodeIgniter\Debug\Exceptions->errorHandler()
 2 SYSTEMPATH/View/View.php(213): include('APPPATH/Views/mtap/trx-purchase-order.php')
 3 SYSTEMPATH/View/View.php(216): CodeIgniter\View\View->CodeIgniter\View\{closure}()
 4 SYSTEMPATH/Common.php(1142): CodeIgniter\View\View->render()
 5 APPPATH/Controllers/Md_purchase.php(20): view()
 6 SYSTEMPATH/CodeIgniter.php(902): App\Controllers\Md_purchase->index()
 7 SYSTEMPATH/CodeIgniter.php(457): CodeIgniter\CodeIgniter->runController()
 8 SYSTEMPATH/CodeIgniter.php(340): CodeIgniter\CodeIgniter->handleRequest()
 9 FCPATH/index.php(67): CodeIgniter\CodeIgniter->run()
CRITICAL - 2022-11-09 14:00:47 --> Undefined property: CodeIgniter\View\View::$mylibz
in APPPATH/Views/mtap/trx-purchase-order.php on line 396.
 1 APPPATH/Views/mtap/trx-purchase-order.php(396): CodeIgniter\Debug\Exceptions->errorHandler()
 2 SYSTEMPATH/View/View.php(213): include('APPPATH/Views/mtap/trx-purchase-order.php')
 3 SYSTEMPATH/View/View.php(216): CodeIgniter\View\View->CodeIgniter\View\{closure}()
 4 SYSTEMPATH/Common.php(1142): CodeIgniter\View\View->render()
 5 APPPATH/Controllers/Md_purchase.php(20): view()
 6 SYSTEMPATH/CodeIgniter.php(902): App\Controllers\Md_purchase->index()
 7 SYSTEMPATH/CodeIgniter.php(457): CodeIgniter\CodeIgniter->runController()
 8 SYSTEMPATH/CodeIgniter.php(340): CodeIgniter\CodeIgniter->handleRequest()
 9 FCPATH/index.php(67): CodeIgniter\CodeIgniter->run()
CRITICAL - 2022-11-09 14:00:47 --> Undefined property: CodeIgniter\View\View::$mylibz
in APPPATH/Views/mtap/trx-purchase-order.php on line 396.
 1 APPPATH/Views/mtap/trx-purchase-order.php(396): CodeIgniter\Debug\Exceptions->errorHandler()
 2 SYSTEMPATH/View/View.php(213): include('APPPATH/Views/mtap/trx-purchase-order.php')
 3 SYSTEMPATH/View/View.php(216): CodeIgniter\View\View->CodeIgniter\View\{closure}()
 4 SYSTEMPATH/Common.php(1142): CodeIgniter\View\View->render()
 5 APPPATH/Controllers/Md_purchase.php(20): view()
 6 SYSTEMPATH/CodeIgniter.php(902): App\Controllers\Md_purchase->index()
 7 SYSTEMPATH/CodeIgniter.php(457): CodeIgniter\CodeIgniter->runController()
 8 SYSTEMPATH/CodeIgniter.php(340): CodeIgniter\CodeIgniter->handleRequest()
 9 FCPATH/index.php(67): CodeIgniter\CodeIgniter->run()
CRITICAL - 2022-11-09 14:00:47 --> Undefined property: CodeIgniter\View\View::$mylibz
in APPPATH/Views/mtap/trx-purchase-order.php on line 396.
 1 APPPATH/Views/mtap/trx-purchase-order.php(396): CodeIgniter\Debug\Exceptions->errorHandler()
 2 SYSTEMPATH/View/View.php(213): include('APPPATH/Views/mtap/trx-purchase-order.php')
 3 SYSTEMPATH/View/View.php(216): CodeIgniter\View\View->CodeIgniter\View\{closure}()
 4 SYSTEMPATH/Common.php(1142): CodeIgniter\View\View->render()
 5 APPPATH/Controllers/Md_purchase.php(20): view()
 6 SYSTEMPATH/CodeIgniter.php(902): App\Controllers\Md_purchase->index()
 7 SYSTEMPATH/CodeIgniter.php(457): CodeIgniter\CodeIgniter->runController()
 8 SYSTEMPATH/CodeIgniter.php(340): CodeIgniter\CodeIgniter->handleRequest()
 9 FCPATH/index.php(67): CodeIgniter\CodeIgniter->run()
CRITICAL - 2022-11-09 14:01:43 --> Undefined property: CodeIgniter\View\View::$mylibz
in APPPATH/Views/mtap/trx-purchase-order.php on line 396.
 1 APPPATH/Views/mtap/trx-purchase-order.php(396): CodeIgniter\Debug\Exceptions->errorHandler()
 2 SYSTEMPATH/View/View.php(213): include('APPPATH/Views/mtap/trx-purchase-order.php')
 3 SYSTEMPATH/View/View.php(216): CodeIgniter\View\View->CodeIgniter\View\{closure}()
 4 SYSTEMPATH/Common.php(1142): CodeIgniter\View\View->render()
 5 APPPATH/Controllers/Md_purchase.php(20): view()
 6 SYSTEMPATH/CodeIgniter.php(902): App\Controllers\Md_purchase->index()
 7 SYSTEMPATH/CodeIgniter.php(457): CodeIgniter\CodeIgniter->runController()
 8 SYSTEMPATH/CodeIgniter.php(340): CodeIgniter\CodeIgniter->handleRequest()
 9 FCPATH/index.php(67): CodeIgniter\CodeIgniter->run()
CRITICAL - 2022-11-09 14:01:43 --> Undefined property: CodeIgniter\View\View::$mylibz
in APPPATH/Views/mtap/trx-purchase-order.php on line 396.
 1 APPPATH/Views/mtap/trx-purchase-order.php(396): CodeIgniter\Debug\Exceptions->errorHandler()
 2 SYSTEMPATH/View/View.php(213): include('APPPATH/Views/mtap/trx-purchase-order.php')
 3 SYSTEMPATH/View/View.php(216): CodeIgniter\View\View->CodeIgniter\View\{closure}()
 4 SYSTEMPATH/Common.php(1142): CodeIgniter\View\View->render()
 5 APPPATH/Controllers/Md_purchase.php(20): view()
 6 SYSTEMPATH/CodeIgniter.php(902): App\Controllers\Md_purchase->index()
 7 SYSTEMPATH/CodeIgniter.php(457): CodeIgniter\CodeIgniter->runController()
 8 SYSTEMPATH/CodeIgniter.php(340): CodeIgniter\CodeIgniter->handleRequest()
 9 FCPATH/index.php(67): CodeIgniter\CodeIgniter->run()
CRITICAL - 2022-11-09 14:01:58 --> Undefined property: CodeIgniter\View\View::$mylibz
in APPPATH/Views/mtap/trx-purchase-order.php on line 396.
 1 APPPATH/Views/mtap/trx-purchase-order.php(396): CodeIgniter\Debug\Exceptions->errorHandler()
 2 SYSTEMPATH/View/View.php(213): include('APPPATH/Views/mtap/trx-purchase-order.php')
 3 SYSTEMPATH/View/View.php(216): CodeIgniter\View\View->CodeIgniter\View\{closure}()
 4 SYSTEMPATH/Common.php(1142): CodeIgniter\View\View->render()
 5 APPPATH/Controllers/Md_purchase.php(20): view()
 6 SYSTEMPATH/CodeIgniter.php(902): App\Controllers\Md_purchase->index()
 7 SYSTEMPATH/CodeIgniter.php(457): CodeIgniter\CodeIgniter->runController()
 8 SYSTEMPATH/CodeIgniter.php(340): CodeIgniter\CodeIgniter->handleRequest()
 9 FCPATH/index.php(67): CodeIgniter\CodeIgniter->run()
CRITICAL - 2022-11-09 14:01:58 --> Undefined property: CodeIgniter\View\View::$mylibz
in APPPATH/Views/mtap/trx-purchase-order.php on line 396.
 1 APPPATH/Views/mtap/trx-purchase-order.php(396): CodeIgniter\Debug\Exceptions->errorHandler()
 2 SYSTEMPATH/View/View.php(213): include('APPPATH/Views/mtap/trx-purchase-order.php')
 3 SYSTEMPATH/View/View.php(216): CodeIgniter\View\View->CodeIgniter\View\{closure}()
 4 SYSTEMPATH/Common.php(1142): CodeIgniter\View\View->render()
 5 APPPATH/Controllers/Md_purchase.php(20): view()
 6 SYSTEMPATH/CodeIgniter.php(902): App\Controllers\Md_purchase->index()
 7 SYSTEMPATH/CodeIgniter.php(457): CodeIgniter\CodeIgniter->runController()
 8 SYSTEMPATH/CodeIgniter.php(340): CodeIgniter\CodeIgniter->handleRequest()
 9 FCPATH/index.php(67): CodeIgniter\CodeIgniter->run()
CRITICAL - 2022-11-09 14:01:59 --> Undefined property: CodeIgniter\View\View::$mylibz
in APPPATH/Views/mtap/trx-purchase-order.php on line 396.
 1 APPPATH/Views/mtap/trx-purchase-order.php(396): CodeIgniter\Debug\Exceptions->errorHandler()
 2 SYSTEMPATH/View/View.php(213): include('APPPATH/Views/mtap/trx-purchase-order.php')
 3 SYSTEMPATH/View/View.php(216): CodeIgniter\View\View->CodeIgniter\View\{closure}()
 4 SYSTEMPATH/Common.php(1142): CodeIgniter\View\View->render()
 5 APPPATH/Controllers/Md_purchase.php(20): view()
 6 SYSTEMPATH/CodeIgniter.php(902): App\Controllers\Md_purchase->index()
 7 SYSTEMPATH/CodeIgniter.php(457): CodeIgniter\CodeIgniter->runController()
 8 SYSTEMPATH/CodeIgniter.php(340): CodeIgniter\CodeIgniter->handleRequest()
 9 FCPATH/index.php(67): CodeIgniter\CodeIgniter->run()
CRITICAL - 2022-11-09 14:07:09 --> Undefined property: CodeIgniter\View\View::$mylibz
in APPPATH/Views/mtap/trx-purchase-order.php on line 396.
 1 APPPATH/Views/mtap/trx-purchase-order.php(396): CodeIgniter\Debug\Exceptions->errorHandler()
 2 SYSTEMPATH/View/View.php(213): include('APPPATH/Views/mtap/trx-purchase-order.php')
 3 SYSTEMPATH/View/View.php(216): CodeIgniter\View\View->CodeIgniter\View\{closure}()
 4 SYSTEMPATH/Common.php(1142): CodeIgniter\View\View->render()
 5 APPPATH/Controllers/Md_purchase.php(20): view()
 6 SYSTEMPATH/CodeIgniter.php(902): App\Controllers\Md_purchase->index()
 7 SYSTEMPATH/CodeIgniter.php(457): CodeIgniter\CodeIgniter->runController()
 8 SYSTEMPATH/CodeIgniter.php(340): CodeIgniter\CodeIgniter->handleRequest()
 9 FCPATH/index.php(67): CodeIgniter\CodeIgniter->run()
CRITICAL - 2022-11-09 14:07:10 --> Undefined property: CodeIgniter\View\View::$mylibz
in APPPATH/Views/mtap/trx-purchase-order.php on line 396.
 1 APPPATH/Views/mtap/trx-purchase-order.php(396): CodeIgniter\Debug\Exceptions->errorHandler()
 2 SYSTEMPATH/View/View.php(213): include('APPPATH/Views/mtap/trx-purchase-order.php')
 3 SYSTEMPATH/View/View.php(216): CodeIgniter\View\View->CodeIgniter\View\{closure}()
 4 SYSTEMPATH/Common.php(1142): CodeIgniter\View\View->render()
 5 APPPATH/Controllers/Md_purchase.php(20): view()
 6 SYSTEMPATH/CodeIgniter.php(902): App\Controllers\Md_purchase->index()
 7 SYSTEMPATH/CodeIgniter.php(457): CodeIgniter\CodeIgniter->runController()
 8 SYSTEMPATH/CodeIgniter.php(340): CodeIgniter\CodeIgniter->handleRequest()
 9 FCPATH/index.php(67): CodeIgniter\CodeIgniter->run()
CRITICAL - 2022-11-09 14:07:10 --> Undefined property: CodeIgniter\View\View::$mylibz
in APPPATH/Views/mtap/trx-purchase-order.php on line 396.
 1 APPPATH/Views/mtap/trx-purchase-order.php(396): CodeIgniter\Debug\Exceptions->errorHandler()
 2 SYSTEMPATH/View/View.php(213): include('APPPATH/Views/mtap/trx-purchase-order.php')
 3 SYSTEMPATH/View/View.php(216): CodeIgniter\View\View->CodeIgniter\View\{closure}()
 4 SYSTEMPATH/Common.php(1142): CodeIgniter\View\View->render()
 5 APPPATH/Controllers/Md_purchase.php(20): view()
 6 SYSTEMPATH/CodeIgniter.php(902): App\Controllers\Md_purchase->index()
 7 SYSTEMPATH/CodeIgniter.php(457): CodeIgniter\CodeIgniter->runController()
 8 SYSTEMPATH/CodeIgniter.php(340): CodeIgniter\CodeIgniter->handleRequest()
 9 FCPATH/index.php(67): CodeIgniter\CodeIgniter->run()
CRITICAL - 2022-11-09 14:07:10 --> Undefined property: CodeIgniter\View\View::$mylibz
in APPPATH/Views/mtap/trx-purchase-order.php on line 396.
 1 APPPATH/Views/mtap/trx-purchase-order.php(396): CodeIgniter\Debug\Exceptions->errorHandler()
 2 SYSTEMPATH/View/View.php(213): include('APPPATH/Views/mtap/trx-purchase-order.php')
 3 SYSTEMPATH/View/View.php(216): CodeIgniter\View\View->CodeIgniter\View\{closure}()
 4 SYSTEMPATH/Common.php(1142): CodeIgniter\View\View->render()
 5 APPPATH/Controllers/Md_purchase.php(20): view()
 6 SYSTEMPATH/CodeIgniter.php(902): App\Controllers\Md_purchase->index()
 7 SYSTEMPATH/CodeIgniter.php(457): CodeIgniter\CodeIgniter->runController()
 8 SYSTEMPATH/CodeIgniter.php(340): CodeIgniter\CodeIgniter->handleRequest()
 9 FCPATH/index.php(67): CodeIgniter\CodeIgniter->run()
CRITICAL - 2022-11-09 14:07:10 --> Undefined property: CodeIgniter\View\View::$mylibz
in APPPATH/Views/mtap/trx-purchase-order.php on line 396.
 1 APPPATH/Views/mtap/trx-purchase-order.php(396): CodeIgniter\Debug\Exceptions->errorHandler()
 2 SYSTEMPATH/View/View.php(213): include('APPPATH/Views/mtap/trx-purchase-order.php')
 3 SYSTEMPATH/View/View.php(216): CodeIgniter\View\View->CodeIgniter\View\{closure}()
 4 SYSTEMPATH/Common.php(1142): CodeIgniter\View\View->render()
 5 APPPATH/Controllers/Md_purchase.php(20): view()
 6 SYSTEMPATH/CodeIgniter.php(902): App\Controllers\Md_purchase->index()
 7 SYSTEMPATH/CodeIgniter.php(457): CodeIgniter\CodeIgniter->runController()
 8 SYSTEMPATH/CodeIgniter.php(340): CodeIgniter\CodeIgniter->handleRequest()
 9 FCPATH/index.php(67): CodeIgniter\CodeIgniter->run()
CRITICAL - 2022-11-09 14:07:11 --> Undefined property: CodeIgniter\View\View::$mylibz
in APPPATH/Views/mtap/trx-purchase-order.php on line 396.
 1 APPPATH/Views/mtap/trx-purchase-order.php(396): CodeIgniter\Debug\Exceptions->errorHandler()
 2 SYSTEMPATH/View/View.php(213): include('APPPATH/Views/mtap/trx-purchase-order.php')
 3 SYSTEMPATH/View/View.php(216): CodeIgniter\View\View->CodeIgniter\View\{closure}()
 4 SYSTEMPATH/Common.php(1142): CodeIgniter\View\View->render()
 5 APPPATH/Controllers/Md_purchase.php(20): view()
 6 SYSTEMPATH/CodeIgniter.php(902): App\Controllers\Md_purchase->index()
 7 SYSTEMPATH/CodeIgniter.php(457): CodeIgniter\CodeIgniter->runController()
 8 SYSTEMPATH/CodeIgniter.php(340): CodeIgniter\CodeIgniter->handleRequest()
 9 FCPATH/index.php(67): CodeIgniter\CodeIgniter->run()
CRITICAL - 2022-11-09 14:07:16 --> Undefined property: CodeIgniter\View\View::$mylibz
in APPPATH/Views/mtap/trx-purchase-order.php on line 396.
 1 APPPATH/Views/mtap/trx-purchase-order.php(396): CodeIgniter\Debug\Exceptions->errorHandler()
 2 SYSTEMPATH/View/View.php(213): include('APPPATH/Views/mtap/trx-purchase-order.php')
 3 SYSTEMPATH/View/View.php(216): CodeIgniter\View\View->CodeIgniter\View\{closure}()
 4 SYSTEMPATH/Common.php(1142): CodeIgniter\View\View->render()
 5 APPPATH/Controllers/Md_purchase.php(20): view()
 6 SYSTEMPATH/CodeIgniter.php(902): App\Controllers\Md_purchase->index()
 7 SYSTEMPATH/CodeIgniter.php(457): CodeIgniter\CodeIgniter->runController()
 8 SYSTEMPATH/CodeIgniter.php(340): CodeIgniter\CodeIgniter->handleRequest()
 9 FCPATH/index.php(67): CodeIgniter\CodeIgniter->run()
CRITICAL - 2022-11-09 14:09:13 --> Undefined property: CodeIgniter\View\View::$mylibz
in APPPATH/Views/mtap/trx-purchase-order.php on line 398.
 1 APPPATH/Views/mtap/trx-purchase-order.php(398): CodeIgniter\Debug\Exceptions->errorHandler()
 2 SYSTEMPATH/View/View.php(213): include('APPPATH/Views/mtap/trx-purchase-order.php')
 3 SYSTEMPATH/View/View.php(216): CodeIgniter\View\View->CodeIgniter\View\{closure}()
 4 SYSTEMPATH/Common.php(1142): CodeIgniter\View\View->render()
 5 APPPATH/Controllers/Md_purchase.php(20): view()
 6 SYSTEMPATH/CodeIgniter.php(902): App\Controllers\Md_purchase->index()
 7 SYSTEMPATH/CodeIgniter.php(457): CodeIgniter\CodeIgniter->runController()
 8 SYSTEMPATH/CodeIgniter.php(340): CodeIgniter\CodeIgniter->handleRequest()
 9 FCPATH/index.php(67): CodeIgniter\CodeIgniter->run()
CRITICAL - 2022-11-09 14:09:29 --> Undefined property: CodeIgniter\View\View::$mylibz
in APPPATH/Views/mtap/trx-purchase-order.php on line 398.
 1 APPPATH/Views/mtap/trx-purchase-order.php(398): CodeIgniter\Debug\Exceptions->errorHandler()
 2 SYSTEMPATH/View/View.php(213): include('APPPATH/Views/mtap/trx-purchase-order.php')
 3 SYSTEMPATH/View/View.php(216): CodeIgniter\View\View->CodeIgniter\View\{closure}()
 4 SYSTEMPATH/Common.php(1142): CodeIgniter\View\View->render()
 5 APPPATH/Controllers/Md_purchase.php(20): view()
 6 SYSTEMPATH/CodeIgniter.php(902): App\Controllers\Md_purchase->index()
 7 SYSTEMPATH/CodeIgniter.php(457): CodeIgniter\CodeIgniter->runController()
 8 SYSTEMPATH/CodeIgniter.php(340): CodeIgniter\CodeIgniter->handleRequest()
 9 FCPATH/index.php(67): CodeIgniter\CodeIgniter->run()
CRITICAL - 2022-11-09 14:09:29 --> Undefined property: CodeIgniter\View\View::$mylibz
in APPPATH/Views/mtap/trx-purchase-order.php on line 398.
 1 APPPATH/Views/mtap/trx-purchase-order.php(398): CodeIgniter\Debug\Exceptions->errorHandler()
 2 SYSTEMPATH/View/View.php(213): include('APPPATH/Views/mtap/trx-purchase-order.php')
 3 SYSTEMPATH/View/View.php(216): CodeIgniter\View\View->CodeIgniter\View\{closure}()
 4 SYSTEMPATH/Common.php(1142): CodeIgniter\View\View->render()
 5 APPPATH/Controllers/Md_purchase.php(20): view()
 6 SYSTEMPATH/CodeIgniter.php(902): App\Controllers\Md_purchase->index()
 7 SYSTEMPATH/CodeIgniter.php(457): CodeIgniter\CodeIgniter->runController()
 8 SYSTEMPATH/CodeIgniter.php(340): CodeIgniter\CodeIgniter->handleRequest()
 9 FCPATH/index.php(67): CodeIgniter\CodeIgniter->run()
CRITICAL - 2022-11-09 14:09:29 --> Undefined property: CodeIgniter\View\View::$mylibz
in APPPATH/Views/mtap/trx-purchase-order.php on line 398.
 1 APPPATH/Views/mtap/trx-purchase-order.php(398): CodeIgniter\Debug\Exceptions->errorHandler()
 2 SYSTEMPATH/View/View.php(213): include('APPPATH/Views/mtap/trx-purchase-order.php')
 3 SYSTEMPATH/View/View.php(216): CodeIgniter\View\View->CodeIgniter\View\{closure}()
 4 SYSTEMPATH/Common.php(1142): CodeIgniter\View\View->render()
 5 APPPATH/Controllers/Md_purchase.php(20): view()
 6 SYSTEMPATH/CodeIgniter.php(902): App\Controllers\Md_purchase->index()
 7 SYSTEMPATH/CodeIgniter.php(457): CodeIgniter\CodeIgniter->runController()
 8 SYSTEMPATH/CodeIgniter.php(340): CodeIgniter\CodeIgniter->handleRequest()
 9 FCPATH/index.php(67): CodeIgniter\CodeIgniter->run()
CRITICAL - 2022-11-09 14:09:30 --> Undefined property: CodeIgniter\View\View::$mylibz
in APPPATH/Views/mtap/trx-purchase-order.php on line 398.
 1 APPPATH/Views/mtap/trx-purchase-order.php(398): CodeIgniter\Debug\Exceptions->errorHandler()
 2 SYSTEMPATH/View/View.php(213): include('APPPATH/Views/mtap/trx-purchase-order.php')
 3 SYSTEMPATH/View/View.php(216): CodeIgniter\View\View->CodeIgniter\View\{closure}()
 4 SYSTEMPATH/Common.php(1142): CodeIgniter\View\View->render()
 5 APPPATH/Controllers/Md_purchase.php(20): view()
 6 SYSTEMPATH/CodeIgniter.php(902): App\Controllers\Md_purchase->index()
 7 SYSTEMPATH/CodeIgniter.php(457): CodeIgniter\CodeIgniter->runController()
 8 SYSTEMPATH/CodeIgniter.php(340): CodeIgniter\CodeIgniter->handleRequest()
 9 FCPATH/index.php(67): CodeIgniter\CodeIgniter->run()
CRITICAL - 2022-11-09 14:10:51 --> Undefined property: CodeIgniter\View\View::$mylibzdb
in APPPATH/Views/mtap/trx-purchase-order.php on line 398.
 1 APPPATH/Views/mtap/trx-purchase-order.php(398): CodeIgniter\Debug\Exceptions->errorHandler()
 2 SYSTEMPATH/View/View.php(213): include('APPPATH/Views/mtap/trx-purchase-order.php')
 3 SYSTEMPATH/View/View.php(216): CodeIgniter\View\View->CodeIgniter\View\{closure}()
 4 SYSTEMPATH/Common.php(1142): CodeIgniter\View\View->render()
 5 APPPATH/Controllers/Md_purchase.php(20): view()
 6 SYSTEMPATH/CodeIgniter.php(902): App\Controllers\Md_purchase->index()
 7 SYSTEMPATH/CodeIgniter.php(457): CodeIgniter\CodeIgniter->runController()
 8 SYSTEMPATH/CodeIgniter.php(340): CodeIgniter\CodeIgniter->handleRequest()
 9 FCPATH/index.php(67): CodeIgniter\CodeIgniter->run()
CRITICAL - 2022-11-09 14:10:51 --> Undefined property: CodeIgniter\View\View::$mylibzdb
in APPPATH/Views/mtap/trx-purchase-order.php on line 398.
 1 APPPATH/Views/mtap/trx-purchase-order.php(398): CodeIgniter\Debug\Exceptions->errorHandler()
 2 SYSTEMPATH/View/View.php(213): include('APPPATH/Views/mtap/trx-purchase-order.php')
 3 SYSTEMPATH/View/View.php(216): CodeIgniter\View\View->CodeIgniter\View\{closure}()
 4 SYSTEMPATH/Common.php(1142): CodeIgniter\View\View->render()
 5 APPPATH/Controllers/Md_purchase.php(20): view()
 6 SYSTEMPATH/CodeIgniter.php(902): App\Controllers\Md_purchase->index()
 7 SYSTEMPATH/CodeIgniter.php(457): CodeIgniter\CodeIgniter->runController()
 8 SYSTEMPATH/CodeIgniter.php(340): CodeIgniter\CodeIgniter->handleRequest()
 9 FCPATH/index.php(67): CodeIgniter\CodeIgniter->run()
CRITICAL - 2022-11-09 14:10:51 --> Undefined property: CodeIgniter\View\View::$mylibzdb
in APPPATH/Views/mtap/trx-purchase-order.php on line 398.
 1 APPPATH/Views/mtap/trx-purchase-order.php(398): CodeIgniter\Debug\Exceptions->errorHandler()
 2 SYSTEMPATH/View/View.php(213): include('APPPATH/Views/mtap/trx-purchase-order.php')
 3 SYSTEMPATH/View/View.php(216): CodeIgniter\View\View->CodeIgniter\View\{closure}()
 4 SYSTEMPATH/Common.php(1142): CodeIgniter\View\View->render()
 5 APPPATH/Controllers/Md_purchase.php(20): view()
 6 SYSTEMPATH/CodeIgniter.php(902): App\Controllers\Md_purchase->index()
 7 SYSTEMPATH/CodeIgniter.php(457): CodeIgniter\CodeIgniter->runController()
 8 SYSTEMPATH/CodeIgniter.php(340): CodeIgniter\CodeIgniter->handleRequest()
 9 FCPATH/index.php(67): CodeIgniter\CodeIgniter->run()
CRITICAL - 2022-11-09 14:10:52 --> Undefined property: CodeIgniter\View\View::$mylibzdb
in APPPATH/Views/mtap/trx-purchase-order.php on line 398.
 1 APPPATH/Views/mtap/trx-purchase-order.php(398): CodeIgniter\Debug\Exceptions->errorHandler()
 2 SYSTEMPATH/View/View.php(213): include('APPPATH/Views/mtap/trx-purchase-order.php')
 3 SYSTEMPATH/View/View.php(216): CodeIgniter\View\View->CodeIgniter\View\{closure}()
 4 SYSTEMPATH/Common.php(1142): CodeIgniter\View\View->render()
 5 APPPATH/Controllers/Md_purchase.php(20): view()
 6 SYSTEMPATH/CodeIgniter.php(902): App\Controllers\Md_purchase->index()
 7 SYSTEMPATH/CodeIgniter.php(457): CodeIgniter\CodeIgniter->runController()
 8 SYSTEMPATH/CodeIgniter.php(340): CodeIgniter\CodeIgniter->handleRequest()
 9 FCPATH/index.php(67): CodeIgniter\CodeIgniter->run()
CRITICAL - 2022-11-09 14:16:22 --> Undefined property: CodeIgniter\View\View::$mylibzdb
in APPPATH/Views/mtap/trx-purchase-order.php on line 399.
 1 APPPATH/Views/mtap/trx-purchase-order.php(399): CodeIgniter\Debug\Exceptions->errorHandler()
 2 SYSTEMPATH/View/View.php(213): include('APPPATH/Views/mtap/trx-purchase-order.php')
 3 SYSTEMPATH/View/View.php(216): CodeIgniter\View\View->CodeIgniter\View\{closure}()
 4 SYSTEMPATH/Common.php(1142): CodeIgniter\View\View->render()
 5 APPPATH/Controllers/Md_purchase.php(20): view()
 6 SYSTEMPATH/CodeIgniter.php(902): App\Controllers\Md_purchase->index()
 7 SYSTEMPATH/CodeIgniter.php(457): CodeIgniter\CodeIgniter->runController()
 8 SYSTEMPATH/CodeIgniter.php(340): CodeIgniter\CodeIgniter->handleRequest()
 9 FCPATH/index.php(67): CodeIgniter\CodeIgniter->run()
CRITICAL - 2022-11-09 14:16:23 --> Undefined property: CodeIgniter\View\View::$mylibzdb
in APPPATH/Views/mtap/trx-purchase-order.php on line 399.
 1 APPPATH/Views/mtap/trx-purchase-order.php(399): CodeIgniter\Debug\Exceptions->errorHandler()
 2 SYSTEMPATH/View/View.php(213): include('APPPATH/Views/mtap/trx-purchase-order.php')
 3 SYSTEMPATH/View/View.php(216): CodeIgniter\View\View->CodeIgniter\View\{closure}()
 4 SYSTEMPATH/Common.php(1142): CodeIgniter\View\View->render()
 5 APPPATH/Controllers/Md_purchase.php(20): view()
 6 SYSTEMPATH/CodeIgniter.php(902): App\Controllers\Md_purchase->index()
 7 SYSTEMPATH/CodeIgniter.php(457): CodeIgniter\CodeIgniter->runController()
 8 SYSTEMPATH/CodeIgniter.php(340): CodeIgniter\CodeIgniter->handleRequest()
 9 FCPATH/index.php(67): CodeIgniter\CodeIgniter->run()
CRITICAL - 2022-11-09 14:16:23 --> Undefined property: CodeIgniter\View\View::$mylibzdb
in APPPATH/Views/mtap/trx-purchase-order.php on line 399.
 1 APPPATH/Views/mtap/trx-purchase-order.php(399): CodeIgniter\Debug\Exceptions->errorHandler()
 2 SYSTEMPATH/View/View.php(213): include('APPPATH/Views/mtap/trx-purchase-order.php')
 3 SYSTEMPATH/View/View.php(216): CodeIgniter\View\View->CodeIgniter\View\{closure}()
 4 SYSTEMPATH/Common.php(1142): CodeIgniter\View\View->render()
 5 APPPATH/Controllers/Md_purchase.php(20): view()
 6 SYSTEMPATH/CodeIgniter.php(902): App\Controllers\Md_purchase->index()
 7 SYSTEMPATH/CodeIgniter.php(457): CodeIgniter\CodeIgniter->runController()
 8 SYSTEMPATH/CodeIgniter.php(340): CodeIgniter\CodeIgniter->handleRequest()
 9 FCPATH/index.php(67): CodeIgniter\CodeIgniter->run()
CRITICAL - 2022-11-09 14:16:23 --> Undefined property: CodeIgniter\View\View::$mylibzdb
in APPPATH/Views/mtap/trx-purchase-order.php on line 399.
 1 APPPATH/Views/mtap/trx-purchase-order.php(399): CodeIgniter\Debug\Exceptions->errorHandler()
 2 SYSTEMPATH/View/View.php(213): include('APPPATH/Views/mtap/trx-purchase-order.php')
 3 SYSTEMPATH/View/View.php(216): CodeIgniter\View\View->CodeIgniter\View\{closure}()
 4 SYSTEMPATH/Common.php(1142): CodeIgniter\View\View->render()
 5 APPPATH/Controllers/Md_purchase.php(20): view()
 6 SYSTEMPATH/CodeIgniter.php(902): App\Controllers\Md_purchase->index()
 7 SYSTEMPATH/CodeIgniter.php(457): CodeIgniter\CodeIgniter->runController()
 8 SYSTEMPATH/CodeIgniter.php(340): CodeIgniter\CodeIgniter->handleRequest()
 9 FCPATH/index.php(67): CodeIgniter\CodeIgniter->run()
CRITICAL - 2022-11-09 14:16:23 --> Undefined property: CodeIgniter\View\View::$mylibzdb
in APPPATH/Views/mtap/trx-purchase-order.php on line 399.
 1 APPPATH/Views/mtap/trx-purchase-order.php(399): CodeIgniter\Debug\Exceptions->errorHandler()
 2 SYSTEMPATH/View/View.php(213): include('APPPATH/Views/mtap/trx-purchase-order.php')
 3 SYSTEMPATH/View/View.php(216): CodeIgniter\View\View->CodeIgniter\View\{closure}()
 4 SYSTEMPATH/Common.php(1142): CodeIgniter\View\View->render()
 5 APPPATH/Controllers/Md_purchase.php(20): view()
 6 SYSTEMPATH/CodeIgniter.php(902): App\Controllers\Md_purchase->index()
 7 SYSTEMPATH/CodeIgniter.php(457): CodeIgniter\CodeIgniter->runController()
 8 SYSTEMPATH/CodeIgniter.php(340): CodeIgniter\CodeIgniter->handleRequest()
 9 FCPATH/index.php(67): CodeIgniter\CodeIgniter->run()
CRITICAL - 2022-11-09 14:16:23 --> Undefined property: CodeIgniter\View\View::$mylibzdb
in APPPATH/Views/mtap/trx-purchase-order.php on line 399.
 1 APPPATH/Views/mtap/trx-purchase-order.php(399): CodeIgniter\Debug\Exceptions->errorHandler()
 2 SYSTEMPATH/View/View.php(213): include('APPPATH/Views/mtap/trx-purchase-order.php')
 3 SYSTEMPATH/View/View.php(216): CodeIgniter\View\View->CodeIgniter\View\{closure}()
 4 SYSTEMPATH/Common.php(1142): CodeIgniter\View\View->render()
 5 APPPATH/Controllers/Md_purchase.php(20): view()
 6 SYSTEMPATH/CodeIgniter.php(902): App\Controllers\Md_purchase->index()
 7 SYSTEMPATH/CodeIgniter.php(457): CodeIgniter\CodeIgniter->runController()
 8 SYSTEMPATH/CodeIgniter.php(340): CodeIgniter\CodeIgniter->handleRequest()
 9 FCPATH/index.php(67): CodeIgniter\CodeIgniter->run()
CRITICAL - 2022-11-09 14:16:24 --> Undefined property: CodeIgniter\View\View::$mylibzdb
in APPPATH/Views/mtap/trx-purchase-order.php on line 399.
 1 APPPATH/Views/mtap/trx-purchase-order.php(399): CodeIgniter\Debug\Exceptions->errorHandler()
 2 SYSTEMPATH/View/View.php(213): include('APPPATH/Views/mtap/trx-purchase-order.php')
 3 SYSTEMPATH/View/View.php(216): CodeIgniter\View\View->CodeIgniter\View\{closure}()
 4 SYSTEMPATH/Common.php(1142): CodeIgniter\View\View->render()
 5 APPPATH/Controllers/Md_purchase.php(20): view()
 6 SYSTEMPATH/CodeIgniter.php(902): App\Controllers\Md_purchase->index()
 7 SYSTEMPATH/CodeIgniter.php(457): CodeIgniter\CodeIgniter->runController()
 8 SYSTEMPATH/CodeIgniter.php(340): CodeIgniter\CodeIgniter->handleRequest()
 9 FCPATH/index.php(67): CodeIgniter\CodeIgniter->run()
CRITICAL - 2022-11-09 14:59:52 --> Undefined property: CodeIgniter\View\View::$mylibzdb
in APPPATH/Views/mtap/trx-purchase-order.php on line 399.
 1 APPPATH/Views/mtap/trx-purchase-order.php(399): CodeIgniter\Debug\Exceptions->errorHandler()
 2 SYSTEMPATH/View/View.php(213): include('APPPATH/Views/mtap/trx-purchase-order.php')
 3 SYSTEMPATH/View/View.php(216): CodeIgniter\View\View->CodeIgniter\View\{closure}()
 4 SYSTEMPATH/Common.php(1142): CodeIgniter\View\View->render()
 5 APPPATH/Controllers/Md_purchase.php(20): view()
 6 SYSTEMPATH/CodeIgniter.php(902): App\Controllers\Md_purchase->index()
 7 SYSTEMPATH/CodeIgniter.php(457): CodeIgniter\CodeIgniter->runController()
 8 SYSTEMPATH/CodeIgniter.php(340): CodeIgniter\CodeIgniter->handleRequest()
 9 FCPATH/index.php(67): CodeIgniter\CodeIgniter->run()
ERROR - 2022-11-09 15:07:18 --> mysqli_sql_exception: Table 'd_ap2.gw_po_dt' doesn't exist in /medata/appdevs/mynlinksc/system/Database/MySQLi/Connection.php:292
Stack trace:
#0 /medata/appdevs/mynlinksc/system/Database/MySQLi/Connection.php(292): mysqli->query()
#1 /medata/appdevs/mynlinksc/system/Database/BaseConnection.php(693): CodeIgniter\Database\MySQLi\Connection->execute()
#2 /medata/appdevs/mynlinksc/system/Database/BaseConnection.php(620): CodeIgniter\Database\BaseConnection->simpleQuery()
#3 /medata/appdevs/mynlinksc/app/Models/MyLibzDBModel.php(19): CodeIgniter\Database\BaseConnection->query()
#4 /medata/appdevs/mynlinksc/app/Views/mtap/trx-purchase-order.php(399): App\Models\MyLibzDBModel->myoa_sql_exec()
#5 /medata/appdevs/mynlinksc/system/View/View.php(213): include('...')
#6 /medata/appdevs/mynlinksc/system/View/View.php(216): CodeIgniter\View\View->CodeIgniter\View\{closure}()
#7 /medata/appdevs/mynlinksc/system/Common.php(1142): CodeIgniter\View\View->render()
#8 /medata/appdevs/mynlinksc/app/Controllers/Md_purchase.php(20): view()
#9 /medata/appdevs/mynlinksc/system/CodeIgniter.php(902): App\Controllers\Md_purchase->index()
#10 /medata/appdevs/mynlinksc/system/CodeIgniter.php(457): CodeIgniter\CodeIgniter->runController()
#11 /medata/appdevs/mynlinksc/system/CodeIgniter.php(340): CodeIgniter\CodeIgniter->handleRequest()
#12 /medata/appdevs/mynlinksc/public/index.php(67): CodeIgniter\CodeIgniter->run()
#13 {main}
ERROR - 2022-11-09 15:07:56 --> mysqli_sql_exception: Table 'd_ap2.gw_po_dt' doesn't exist in /medata/appdevs/mynlinksc/system/Database/MySQLi/Connection.php:292
Stack trace:
#0 /medata/appdevs/mynlinksc/system/Database/MySQLi/Connection.php(292): mysqli->query()
#1 /medata/appdevs/mynlinksc/system/Database/BaseConnection.php(693): CodeIgniter\Database\MySQLi\Connection->execute()
#2 /medata/appdevs/mynlinksc/system/Database/BaseConnection.php(620): CodeIgniter\Database\BaseConnection->simpleQuery()
#3 /medata/appdevs/mynlinksc/app/Models/MyLibzDBModel.php(19): CodeIgniter\Database\BaseConnection->query()
#4 /medata/appdevs/mynlinksc/app/Views/mtap/trx-purchase-order.php(399): App\Models\MyLibzDBModel->myoa_sql_exec()
#5 /medata/appdevs/mynlinksc/system/View/View.php(213): include('...')
#6 /medata/appdevs/mynlinksc/system/View/View.php(216): CodeIgniter\View\View->CodeIgniter\View\{closure}()
#7 /medata/appdevs/mynlinksc/system/Common.php(1142): CodeIgniter\View\View->render()
#8 /medata/appdevs/mynlinksc/app/Controllers/Md_purchase.php(20): view()
#9 /medata/appdevs/mynlinksc/system/CodeIgniter.php(902): App\Controllers\Md_purchase->index()
#10 /medata/appdevs/mynlinksc/system/CodeIgniter.php(457): CodeIgniter\CodeIgniter->runController()
#11 /medata/appdevs/mynlinksc/system/CodeIgniter.php(340): CodeIgniter\CodeIgniter->handleRequest()
#12 /medata/appdevs/mynlinksc/public/index.php(67): CodeIgniter\CodeIgniter->run()
#13 {main}
CRITICAL - 2022-11-09 15:35:50 --> substr(): Passing null to parameter #1 ($string) of type string is deprecated
in APPPATH/Models/MyLibzSysModel.php on line 39.
 1 [internal function]: CodeIgniter\Debug\Exceptions->errorHandler()
 2 APPPATH/Models/MyLibzSysModel.php(39): substr()
 3 APPPATH/Models/MyPurchaseModel.php(91): App\Models\MyLibzSysModel->mydate_yyyymmdd()
 4 APPPATH/Controllers/Md_purchase.php(25): App\Models\MyPurchaseModel->purch_entry_save()
 5 SYSTEMPATH/CodeIgniter.php(902): App\Controllers\Md_purchase->purchase_save()
 6 SYSTEMPATH/CodeIgniter.php(457): CodeIgniter\CodeIgniter->runController()
 7 SYSTEMPATH/CodeIgniter.php(340): CodeIgniter\CodeIgniter->handleRequest()
 8 FCPATH/index.php(67): CodeIgniter\CodeIgniter->run()
CRITICAL - 2022-11-09 15:43:02 --> substr(): Passing null to parameter #1 ($string) of type string is deprecated
in APPPATH/Models/MyLibzSysModel.php on line 39.
 1 [internal function]: CodeIgniter\Debug\Exceptions->errorHandler()
 2 APPPATH/Models/MyLibzSysModel.php(39): substr()
 3 APPPATH/Models/MyPurchaseModel.php(91): App\Models\MyLibzSysModel->mydate_yyyymmdd()
 4 APPPATH/Controllers/Md_purchase.php(25): App\Models\MyPurchaseModel->purch_entry_save()
 5 SYSTEMPATH/CodeIgniter.php(902): App\Controllers\Md_purchase->purchase_save()
 6 SYSTEMPATH/CodeIgniter.php(457): CodeIgniter\CodeIgniter->runController()
 7 SYSTEMPATH/CodeIgniter.php(340): CodeIgniter\CodeIgniter->handleRequest()
 8 FCPATH/index.php(67): CodeIgniter\CodeIgniter->run()
CRITICAL - 2022-11-09 15:53:35 --> You must set the database table to be used with your query.
in SYSTEMPATH/Database/BaseConnection.php on line 872.
 1 SYSTEMPATH/Model.php(587): CodeIgniter\Database\BaseConnection->table()
 2 SYSTEMPATH/Model.php(735): CodeIgniter\Model->builder()
 3 APPPATH/Models/MyPurchaseModel.php(113): CodeIgniter\Model->__get()
 4 APPPATH/Controllers/Md_purchase.php(25): App\Models\MyPurchaseModel->purch_entry_save()
 5 SYSTEMPATH/CodeIgniter.php(902): App\Controllers\Md_purchase->purchase_save()
 6 SYSTEMPATH/CodeIgniter.php(457): CodeIgniter\CodeIgniter->runController()
 7 SYSTEMPATH/CodeIgniter.php(340): CodeIgniter\CodeIgniter->handleRequest()
 8 FCPATH/index.php(67): CodeIgniter\CodeIgniter->run()
CRITICAL - 2022-11-09 15:53:44 --> substr(): Passing null to parameter #1 ($string) of type string is deprecated
in APPPATH/Models/MyLibzSysModel.php on line 39.
 1 [internal function]: CodeIgniter\Debug\Exceptions->errorHandler()
 2 APPPATH/Models/MyLibzSysModel.php(39): substr()
 3 APPPATH/Models/MyPurchaseModel.php(91): App\Models\MyLibzSysModel->mydate_yyyymmdd()
 4 APPPATH/Controllers/Md_purchase.php(25): App\Models\MyPurchaseModel->purch_entry_save()
 5 SYSTEMPATH/CodeIgniter.php(902): App\Controllers\Md_purchase->purchase_save()
 6 SYSTEMPATH/CodeIgniter.php(457): CodeIgniter\CodeIgniter->runController()
 7 SYSTEMPATH/CodeIgniter.php(340): CodeIgniter\CodeIgniter->handleRequest()
 8 FCPATH/index.php(67): CodeIgniter\CodeIgniter->run()
CRITICAL - 2022-11-09 15:58:42 --> syntax error, unexpected identifier "var_dump"
in APPPATH/Models/MyPurchaseModel.php on line 88.
 1 SYSTEMPATH/Autoloader/Autoloader.php(259): CodeIgniter\Autoloader\Autoloader->includeFile()
 2 SYSTEMPATH/Autoloader/Autoloader.php(237): CodeIgniter\Autoloader\Autoloader->loadInNamespace()
 3 APPPATH/Controllers/Md_purchase.php(13): CodeIgniter\Autoloader\Autoloader->loadClass()
 4 SYSTEMPATH/CodeIgniter.php(864): App\Controllers\Md_purchase->__construct()
 5 SYSTEMPATH/CodeIgniter.php(448): CodeIgniter\CodeIgniter->createController()
 6 SYSTEMPATH/CodeIgniter.php(340): CodeIgniter\CodeIgniter->handleRequest()
 7 FCPATH/index.php(67): CodeIgniter\CodeIgniter->run()
CRITICAL - 2022-11-09 15:59:16 --> syntax error, unexpected token "echo"
in APPPATH/Models/MyPurchaseModel.php on line 88.
 1 SYSTEMPATH/Autoloader/Autoloader.php(259): CodeIgniter\Autoloader\Autoloader->includeFile()
 2 SYSTEMPATH/Autoloader/Autoloader.php(237): CodeIgniter\Autoloader\Autoloader->loadInNamespace()
 3 APPPATH/Controllers/Md_purchase.php(13): CodeIgniter\Autoloader\Autoloader->loadClass()
 4 SYSTEMPATH/CodeIgniter.php(864): App\Controllers\Md_purchase->__construct()
 5 SYSTEMPATH/CodeIgniter.php(448): CodeIgniter\CodeIgniter->createController()
 6 SYSTEMPATH/CodeIgniter.php(340): CodeIgniter\CodeIgniter->handleRequest()
 7 FCPATH/index.php(67): CodeIgniter\CodeIgniter->run()
CRITICAL - 2022-11-09 15:59:17 --> syntax error, unexpected token "echo"
in APPPATH/Models/MyPurchaseModel.php on line 88.
 1 SYSTEMPATH/Autoloader/Autoloader.php(259): CodeIgniter\Autoloader\Autoloader->includeFile()
 2 SYSTEMPATH/Autoloader/Autoloader.php(237): CodeIgniter\Autoloader\Autoloader->loadInNamespace()
 3 APPPATH/Controllers/Md_purchase.php(13): CodeIgniter\Autoloader\Autoloader->loadClass()
 4 SYSTEMPATH/CodeIgniter.php(864): App\Controllers\Md_purchase->__construct()
 5 SYSTEMPATH/CodeIgniter.php(448): CodeIgniter\CodeIgniter->createController()
 6 SYSTEMPATH/CodeIgniter.php(340): CodeIgniter\CodeIgniter->handleRequest()
 7 FCPATH/index.php(67): CodeIgniter\CodeIgniter->run()
CRITICAL - 2022-11-09 16:16:34 --> You must set the database table to be used with your query.
in SYSTEMPATH/Database/BaseConnection.php on line 872.
 1 SYSTEMPATH/Model.php(587): CodeIgniter\Database\BaseConnection->table()
 2 SYSTEMPATH/Model.php(735): CodeIgniter\Model->builder()
 3 APPPATH/Models/MyPurchaseModel.php(115): CodeIgniter\Model->__get()
 4 APPPATH/Controllers/Md_purchase.php(25): App\Models\MyPurchaseModel->purch_entry_save()
 5 SYSTEMPATH/CodeIgniter.php(902): App\Controllers\Md_purchase->purchase_save()
 6 SYSTEMPATH/CodeIgniter.php(457): CodeIgniter\CodeIgniter->runController()
 7 SYSTEMPATH/CodeIgniter.php(340): CodeIgniter\CodeIgniter->handleRequest()
 8 FCPATH/index.php(67): CodeIgniter\CodeIgniter->run()
CRITICAL - 2022-11-09 16:16:44 --> substr(): Passing null to parameter #1 ($string) of type string is deprecated
in APPPATH/Models/MyLibzSysModel.php on line 39.
 1 [internal function]: CodeIgniter\Debug\Exceptions->errorHandler()
 2 APPPATH/Models/MyLibzSysModel.php(39): substr()
 3 APPPATH/Models/MyPurchaseModel.php(93): App\Models\MyLibzSysModel->mydate_yyyymmdd()
 4 APPPATH/Controllers/Md_purchase.php(25): App\Models\MyPurchaseModel->purch_entry_save()
 5 SYSTEMPATH/CodeIgniter.php(902): App\Controllers\Md_purchase->purchase_save()
 6 SYSTEMPATH/CodeIgniter.php(457): CodeIgniter\CodeIgniter->runController()
 7 SYSTEMPATH/CodeIgniter.php(340): CodeIgniter\CodeIgniter->handleRequest()
 8 FCPATH/index.php(67): CodeIgniter\CodeIgniter->run()
CRITICAL - 2022-11-09 16:31:26 --> You must set the database table to be used with your query.
in SYSTEMPATH/Database/BaseConnection.php on line 872.
 1 SYSTEMPATH/Model.php(587): CodeIgniter\Database\BaseConnection->table()
 2 SYSTEMPATH/Model.php(735): CodeIgniter\Model->builder()
 3 APPPATH/Models/MyPurchaseModel.php(113): CodeIgniter\Model->__get()
 4 APPPATH/Controllers/Md_purchase.php(25): App\Models\MyPurchaseModel->purch_entry_save()
 5 SYSTEMPATH/CodeIgniter.php(902): App\Controllers\Md_purchase->purchase_save()
 6 SYSTEMPATH/CodeIgniter.php(457): CodeIgniter\CodeIgniter->runController()
 7 SYSTEMPATH/CodeIgniter.php(340): CodeIgniter\CodeIgniter->handleRequest()
 8 FCPATH/index.php(67): CodeIgniter\CodeIgniter->run()
CRITICAL - 2022-11-09 16:32:29 --> You must set the database table to be used with your query.
in SYSTEMPATH/Database/BaseConnection.php on line 872.
 1 SYSTEMPATH/Model.php(587): CodeIgniter\Database\BaseConnection->table()
 2 SYSTEMPATH/Model.php(735): CodeIgniter\Model->builder()
 3 APPPATH/Models/MyPurchaseModel.php(113): CodeIgniter\Model->__get()
 4 APPPATH/Controllers/Md_purchase.php(25): App\Models\MyPurchaseModel->purch_entry_save()
 5 SYSTEMPATH/CodeIgniter.php(902): App\Controllers\Md_purchase->purchase_save()
 6 SYSTEMPATH/CodeIgniter.php(457): CodeIgniter\CodeIgniter->runController()
 7 SYSTEMPATH/CodeIgniter.php(340): CodeIgniter\CodeIgniter->handleRequest()
 8 FCPATH/index.php(67): CodeIgniter\CodeIgniter->run()
CRITICAL - 2022-11-09 16:32:37 --> You must set the database table to be used with your query.
in SYSTEMPATH/Database/BaseConnection.php on line 872.
 1 SYSTEMPATH/Model.php(587): CodeIgniter\Database\BaseConnection->table()
 2 SYSTEMPATH/Model.php(735): CodeIgniter\Model->builder()
 3 APPPATH/Models/MyPurchaseModel.php(113): CodeIgniter\Model->__get()
 4 APPPATH/Controllers/Md_purchase.php(25): App\Models\MyPurchaseModel->purch_entry_save()
 5 SYSTEMPATH/CodeIgniter.php(902): App\Controllers\Md_purchase->purchase_save()
 6 SYSTEMPATH/CodeIgniter.php(457): CodeIgniter\CodeIgniter->runController()
 7 SYSTEMPATH/CodeIgniter.php(340): CodeIgniter\CodeIgniter->handleRequest()
 8 FCPATH/index.php(67): CodeIgniter\CodeIgniter->run()
CRITICAL - 2022-11-09 16:34:55 --> Undefined variable $fld_availedbranch_code
in APPPATH/Models/MyPurchaseModel.php on line 229.
 1 APPPATH/Models/MyPurchaseModel.php(229): CodeIgniter\Debug\Exceptions->errorHandler()
 2 APPPATH/Controllers/Md_purchase.php(25): App\Models\MyPurchaseModel->purch_entry_save()
 3 SYSTEMPATH/CodeIgniter.php(902): App\Controllers\Md_purchase->purchase_save()
 4 SYSTEMPATH/CodeIgniter.php(457): CodeIgniter\CodeIgniter->runController()
 5 SYSTEMPATH/CodeIgniter.php(340): CodeIgniter\CodeIgniter->handleRequest()
 6 FCPATH/index.php(67): CodeIgniter\CodeIgniter->run()
CRITICAL - 2022-11-09 16:40:58 --> Undefined variable $mtkn_potr
in APPPATH/Models/MyPurchaseModel.php on line 266.
 1 APPPATH/Models/MyPurchaseModel.php(266): CodeIgniter\Debug\Exceptions->errorHandler()
 2 APPPATH/Controllers/Md_purchase.php(25): App\Models\MyPurchaseModel->purch_entry_save()
 3 SYSTEMPATH/CodeIgniter.php(902): App\Controllers\Md_purchase->purchase_save()
 4 SYSTEMPATH/CodeIgniter.php(457): CodeIgniter\CodeIgniter->runController()
 5 SYSTEMPATH/CodeIgniter.php(340): CodeIgniter\CodeIgniter->handleRequest()
 6 FCPATH/index.php(67): CodeIgniter\CodeIgniter->run()
CRITICAL - 2022-11-09 16:48:38 --> Undefined variable $mpocls_rid
in APPPATH/Models/MyPurchaseModel.php on line 388.
 1 APPPATH/Models/MyPurchaseModel.php(388): CodeIgniter\Debug\Exceptions->errorHandler()
 2 APPPATH/Controllers/Md_purchase.php(25): App\Models\MyPurchaseModel->purch_entry_save()
 3 SYSTEMPATH/CodeIgniter.php(902): App\Controllers\Md_purchase->purchase_save()
 4 SYSTEMPATH/CodeIgniter.php(457): CodeIgniter\CodeIgniter->runController()
 5 SYSTEMPATH/CodeIgniter.php(340): CodeIgniter\CodeIgniter->handleRequest()
 6 FCPATH/index.php(67): CodeIgniter\CodeIgniter->run()
CRITICAL - 2022-11-09 16:51:16 --> Undefined variable $txtimport_vendor_id
in APPPATH/Models/MyPurchaseModel.php on line 393.
 1 APPPATH/Models/MyPurchaseModel.php(393): CodeIgniter\Debug\Exceptions->errorHandler()
 2 APPPATH/Controllers/Md_purchase.php(25): App\Models\MyPurchaseModel->purch_entry_save()
 3 SYSTEMPATH/CodeIgniter.php(902): App\Controllers\Md_purchase->purchase_save()
 4 SYSTEMPATH/CodeIgniter.php(457): CodeIgniter\CodeIgniter->runController()
 5 SYSTEMPATH/CodeIgniter.php(340): CodeIgniter\CodeIgniter->handleRequest()
 6 FCPATH/index.php(67): CodeIgniter\CodeIgniter->run()
CRITICAL - 2022-11-09 16:52:25 --> Undefined variable $txtvnd
in APPPATH/Models/MyPurchaseModel.php on line 391.
 1 APPPATH/Models/MyPurchaseModel.php(391): CodeIgniter\Debug\Exceptions->errorHandler()
 2 APPPATH/Controllers/Md_purchase.php(25): App\Models\MyPurchaseModel->purch_entry_save()
 3 SYSTEMPATH/CodeIgniter.php(902): App\Controllers\Md_purchase->purchase_save()
 4 SYSTEMPATH/CodeIgniter.php(457): CodeIgniter\CodeIgniter->runController()
 5 SYSTEMPATH/CodeIgniter.php(340): CodeIgniter\CodeIgniter->handleRequest()
 6 FCPATH/index.php(67): CodeIgniter\CodeIgniter->run()
CRITICAL - 2022-11-09 16:54:46 --> Undefined variable $txtvnd
in APPPATH/Models/MyPurchaseModel.php on line 409.
 1 APPPATH/Models/MyPurchaseModel.php(409): CodeIgniter\Debug\Exceptions->errorHandler()
 2 APPPATH/Controllers/Md_purchase.php(25): App\Models\MyPurchaseModel->purch_entry_save()
 3 SYSTEMPATH/CodeIgniter.php(902): App\Controllers\Md_purchase->purchase_save()
 4 SYSTEMPATH/CodeIgniter.php(457): CodeIgniter\CodeIgniter->runController()
 5 SYSTEMPATH/CodeIgniter.php(340): CodeIgniter\CodeIgniter->handleRequest()
 6 FCPATH/index.php(67): CodeIgniter\CodeIgniter->run()
CRITICAL - 2022-11-09 16:55:41 --> Undefined variable $txtvnd
in APPPATH/Models/MyPurchaseModel.php on line 409.
 1 APPPATH/Models/MyPurchaseModel.php(409): CodeIgniter\Debug\Exceptions->errorHandler()
 2 APPPATH/Controllers/Md_purchase.php(25): App\Models\MyPurchaseModel->purch_entry_save()
 3 SYSTEMPATH/CodeIgniter.php(902): App\Controllers\Md_purchase->purchase_save()
 4 SYSTEMPATH/CodeIgniter.php(457): CodeIgniter\CodeIgniter->runController()
 5 SYSTEMPATH/CodeIgniter.php(340): CodeIgniter\CodeIgniter->handleRequest()
 6 FCPATH/index.php(67): CodeIgniter\CodeIgniter->run()
CRITICAL - 2022-11-09 16:55:47 --> Undefined variable $txtvnd
in APPPATH/Models/MyPurchaseModel.php on line 409.
 1 APPPATH/Models/MyPurchaseModel.php(409): CodeIgniter\Debug\Exceptions->errorHandler()
 2 APPPATH/Controllers/Md_purchase.php(25): App\Models\MyPurchaseModel->purch_entry_save()
 3 SYSTEMPATH/CodeIgniter.php(902): App\Controllers\Md_purchase->purchase_save()
 4 SYSTEMPATH/CodeIgniter.php(457): CodeIgniter\CodeIgniter->runController()
 5 SYSTEMPATH/CodeIgniter.php(340): CodeIgniter\CodeIgniter->handleRequest()
 6 FCPATH/index.php(67): CodeIgniter\CodeIgniter->run()
