CRITICAL - 2022-04-27 16:57:29 --> str_replace(): Passing null to parameter #3 ($subject) of type array|string is deprecated
#0 [internal function]: CodeIgniter\Debug\Exceptions->errorHandler()
#1 /mdevz/mynlinksys/app/Models/MyLibzSysModel.php(8): str_replace()
#2 /mdevz/mynlinksys/app/Views/masterdata/md-article-recs.php(20): App\Models\MyLibzSysModel->oa_nospchar()
#3 /mdevz/mynlinksys/system/View/View.php(210): include('...')
#4 /mdevz/mynlinksys/system/View/View.php(213): CodeIgniter\View\View->CodeIgniter\View\{closure}()
#5 /mdevz/mynlinksys/system/Common.php(1089): CodeIgniter\View\View->render()
#6 /mdevz/mynlinksys/app/Views/masterdata/md-article.php(39): view()
#7 /mdevz/mynlinksys/system/View/View.php(210): include('...')
#8 /mdevz/mynlinksys/system/View/View.php(213): CodeIgniter\View\View->CodeIgniter\View\{closure}()
#9 /mdevz/mynlinksys/system/Common.php(1089): CodeIgniter\View\View->render()
#10 /mdevz/mynlinksys/app/Controllers/Md_article.php(19): view()
#11 /mdevz/mynlinksys/system/CodeIgniter.php(832): App\Controllers\Md_article->index()
#12 /mdevz/mynlinksys/system/CodeIgniter.php(419): CodeIgniter\CodeIgniter->runController()
#13 /mdevz/mynlinksys/system/CodeIgniter.php(326): CodeIgniter\CodeIgniter->handleRequest()
#14 /mdevz/mynlinksys/public/index.php(37): CodeIgniter\CodeIgniter->run()
#15 {main}
ERROR - 2022-04-27 16:59:43 --> Table 'ap2.trx_E0054_salesout' doesn't exist
CRITICAL - 2022-04-27 16:59:43 --> Table 'ap2.trx_E0054_salesout' doesn't exist
#0 /mdevz/mynlinksys/system/Database/MySQLi/Connection.php(292): mysqli->query()
#1 /mdevz/mynlinksys/system/Database/BaseConnection.php(670): CodeIgniter\Database\MySQLi\Connection->execute()
#2 /mdevz/mynlinksys/system/Database/BaseConnection.php(598): CodeIgniter\Database\BaseConnection->simpleQuery()
#3 /mdevz/mynlinksys/app/Models/MyLibzDBModel.php(19): CodeIgniter\Database\BaseConnection->query()
#4 /mdevz/mynlinksys/app/Models/MySalesOutModel.php(341): App\Models\MyLibzDBModel->myoa_sql_exec()
#5 /mdevz/mynlinksys/app/Controllers/Mysales.php(48): App\Models\MySalesOutModel->sales_out_details_daily_rec()
#6 /mdevz/mynlinksys/system/CodeIgniter.php(832): App\Controllers\Mysales->sales_out_details_tab_daily_proc()
#7 /mdevz/mynlinksys/system/CodeIgniter.php(419): CodeIgniter\CodeIgniter->runController()
#8 /mdevz/mynlinksys/system/CodeIgniter.php(326): CodeIgniter\CodeIgniter->handleRequest()
#9 /mdevz/mynlinksys/public/index.php(37): CodeIgniter\CodeIgniter->run()
#10 {main}
ERROR - 2022-04-27 16:59:56 --> Table 'ap2.trx_E0054_salesout' doesn't exist
CRITICAL - 2022-04-27 16:59:56 --> Table 'ap2.trx_E0054_salesout' doesn't exist
#0 /mdevz/mynlinksys/system/Database/MySQLi/Connection.php(292): mysqli->query()
#1 /mdevz/mynlinksys/system/Database/BaseConnection.php(670): CodeIgniter\Database\MySQLi\Connection->execute()
#2 /mdevz/mynlinksys/system/Database/BaseConnection.php(598): CodeIgniter\Database\BaseConnection->simpleQuery()
#3 /mdevz/mynlinksys/app/Models/MyLibzDBModel.php(19): CodeIgniter\Database\BaseConnection->query()
#4 /mdevz/mynlinksys/app/Models/MySalesOutModel.php(341): App\Models\MyLibzDBModel->myoa_sql_exec()
#5 /mdevz/mynlinksys/app/Controllers/Mysales.php(48): App\Models\MySalesOutModel->sales_out_details_daily_rec()
#6 /mdevz/mynlinksys/system/CodeIgniter.php(832): App\Controllers\Mysales->sales_out_details_tab_daily_proc()
#7 /mdevz/mynlinksys/system/CodeIgniter.php(419): CodeIgniter\CodeIgniter->runController()
#8 /mdevz/mynlinksys/system/CodeIgniter.php(326): CodeIgniter\CodeIgniter->handleRequest()
#9 /mdevz/mynlinksys/public/index.php(37): CodeIgniter\CodeIgniter->run()
#10 {main}
CRITICAL - 2022-04-27 17:02:06 --> number_format(): Passing null to parameter #1 ($num) of type float is deprecated
#0 [internal function]: CodeIgniter\Debug\Exceptions->errorHandler()
#1 /mdevz/mynlinksys/app/Views/sales/sales-out-details-tab-daily-rec.php(128): number_format()
#2 /mdevz/mynlinksys/system/View/View.php(210): include('...')
#3 /mdevz/mynlinksys/system/View/View.php(213): CodeIgniter\View\View->CodeIgniter\View\{closure}()
#4 /mdevz/mynlinksys/system/Common.php(1089): CodeIgniter\View\View->render()
#5 /mdevz/mynlinksys/app/Controllers/Mysales.php(49): view()
#6 /mdevz/mynlinksys/system/CodeIgniter.php(832): App\Controllers\Mysales->sales_out_details_tab_daily_proc()
#7 /mdevz/mynlinksys/system/CodeIgniter.php(419): CodeIgniter\CodeIgniter->runController()
#8 /mdevz/mynlinksys/system/CodeIgniter.php(326): CodeIgniter\CodeIgniter->handleRequest()
#9 /mdevz/mynlinksys/public/index.php(37): CodeIgniter\CodeIgniter->run()
#10 {main}
CRITICAL - 2022-04-27 17:02:25 --> number_format(): Passing null to parameter #1 ($num) of type float is deprecated
#0 [internal function]: CodeIgniter\Debug\Exceptions->errorHandler()
#1 /mdevz/mynlinksys/app/Views/sales/sales-out-details-tab-daily-rec.php(128): number_format()
#2 /mdevz/mynlinksys/system/View/View.php(210): include('...')
#3 /mdevz/mynlinksys/system/View/View.php(213): CodeIgniter\View\View->CodeIgniter\View\{closure}()
#4 /mdevz/mynlinksys/system/Common.php(1089): CodeIgniter\View\View->render()
#5 /mdevz/mynlinksys/app/Controllers/Mysales.php(49): view()
#6 /mdevz/mynlinksys/system/CodeIgniter.php(832): App\Controllers\Mysales->sales_out_details_tab_daily_proc()
#7 /mdevz/mynlinksys/system/CodeIgniter.php(419): CodeIgniter\CodeIgniter->runController()
#8 /mdevz/mynlinksys/system/CodeIgniter.php(326): CodeIgniter\CodeIgniter->handleRequest()
#9 /mdevz/mynlinksys/public/index.php(37): CodeIgniter\CodeIgniter->run()
#10 {main}
CRITICAL - 2022-04-27 17:18:39 --> number_format(): Passing null to parameter #1 ($num) of type float is deprecated
#0 [internal function]: CodeIgniter\Debug\Exceptions->errorHandler()
#1 /mdevz/mynlinksys/app/Views/sales/sales-out-details-tab-daily-rec.php(130): number_format()
#2 /mdevz/mynlinksys/system/View/View.php(210): include('...')
#3 /mdevz/mynlinksys/system/View/View.php(213): CodeIgniter\View\View->CodeIgniter\View\{closure}()
#4 /mdevz/mynlinksys/system/Common.php(1089): CodeIgniter\View\View->render()
#5 /mdevz/mynlinksys/app/Controllers/Mysales.php(49): view()
#6 /mdevz/mynlinksys/system/CodeIgniter.php(832): App\Controllers\Mysales->sales_out_details_tab_daily_proc()
#7 /mdevz/mynlinksys/system/CodeIgniter.php(419): CodeIgniter\CodeIgniter->runController()
#8 /mdevz/mynlinksys/system/CodeIgniter.php(326): CodeIgniter\CodeIgniter->handleRequest()
#9 /mdevz/mynlinksys/public/index.php(37): CodeIgniter\CodeIgniter->run()
#10 {main}
CRITICAL - 2022-04-27 17:47:02 --> Unmatched ')'
#0 /mdevz/mynlinksys/system/View/View.php(213): CodeIgniter\View\View->CodeIgniter\View\{closure}()
#1 /mdevz/mynlinksys/system/Common.php(1089): CodeIgniter\View\View->render()
#2 /mdevz/mynlinksys/app/Controllers/Mysales.php(61): view()
#3 /mdevz/mynlinksys/system/CodeIgniter.php(832): App\Controllers\Mysales->sales_out_details_tab_daily_rec()
#4 /mdevz/mynlinksys/system/CodeIgniter.php(419): CodeIgniter\CodeIgniter->runController()
#5 /mdevz/mynlinksys/system/CodeIgniter.php(326): CodeIgniter\CodeIgniter->handleRequest()
#6 /mdevz/mynlinksys/public/index.php(37): CodeIgniter\CodeIgniter->run()
#7 {main}
ERROR - 2022-04-27 18:21:17 --> Table 'ap8.myci_sessions' doesn't exist
CRITICAL - 2022-04-27 18:21:17 --> Table 'ap8.myci_sessions' doesn't exist
#0 /mdevz/mynrc/system/Database/MySQLi/Connection.php(292): mysqli->query()
#1 /mdevz/mynrc/system/Database/BaseConnection.php(670): CodeIgniter\Database\MySQLi\Connection->execute()
#2 /mdevz/mynrc/system/Database/BaseConnection.php(598): CodeIgniter\Database\BaseConnection->simpleQuery()
#3 /mdevz/mynrc/system/Database/BaseBuilder.php(1455): CodeIgniter\Database\BaseConnection->query()
#4 /mdevz/mynrc/system/Session/Handlers/DatabaseHandler.php(129): CodeIgniter\Database\BaseBuilder->get()
#5 [internal function]: CodeIgniter\Session\Handlers\DatabaseHandler->read()
#6 /mdevz/mynrc/system/Session/Session.php(894): session_start()
#7 /mdevz/mynrc/system/Session/Session.php(238): CodeIgniter\Session\Session->startSession()
#8 /mdevz/mynrc/system/Config/Services.php(577): CodeIgniter\Session\Session->start()
#9 /mdevz/mynrc/system/Config/BaseService.php(248): CodeIgniter\Config\Services::session()
#10 /mdevz/mynrc/system/Config/BaseService.php(189): CodeIgniter\Config\BaseService::__callStatic()
#11 /mdevz/mynrc/system/Config/Services.php(563): CodeIgniter\Config\BaseService::getSharedInstance()
#12 /mdevz/mynrc/system/Config/BaseService.php(248): CodeIgniter\Config\Services::session()
#13 /mdevz/mynrc/system/Common.php(901): CodeIgniter\Config\BaseService::__callStatic()
#14 /mdevz/mynrc/app/Filters/Myauthuser.php(11): session()
#15 /mdevz/mynrc/system/Filters/Filters.php(173): App\Filters\Myauthuser->before()
#16 /mdevz/mynrc/system/CodeIgniter.php(393): CodeIgniter\Filters\Filters->run()
#17 /mdevz/mynrc/system/CodeIgniter.php(326): CodeIgniter\CodeIgniter->handleRequest()
#18 /mdevz/mynrc/public/index.php(37): CodeIgniter\CodeIgniter->run()
#19 {main}
ERROR - 2022-04-27 18:25:08 --> Table 'ap8.myusers' doesn't exist
CRITICAL - 2022-04-27 18:25:08 --> Table 'ap8.myusers' doesn't exist
#0 /mdevz/mynrc/system/Database/MySQLi/Connection.php(292): mysqli->query()
#1 /mdevz/mynrc/system/Database/BaseConnection.php(670): CodeIgniter\Database\MySQLi\Connection->execute()
#2 /mdevz/mynrc/system/Database/BaseConnection.php(598): CodeIgniter\Database\BaseConnection->simpleQuery()
#3 /mdevz/mynrc/app/Models/MyLibzDBModel.php(19): CodeIgniter\Database\BaseConnection->query()
#4 /mdevz/mynrc/app/Models/MyUserModel.php(29): App\Models\MyLibzDBModel->myoa_sql_exec()
#5 /mdevz/mynrc/app/Controllers/Mylogin.php(20): App\Models\MyUserModel->Verify_User()
#6 /mdevz/mynrc/system/CodeIgniter.php(832): App\Controllers\Mylogin->auth()
#7 /mdevz/mynrc/system/CodeIgniter.php(419): CodeIgniter\CodeIgniter->runController()
#8 /mdevz/mynrc/system/CodeIgniter.php(326): CodeIgniter\CodeIgniter->handleRequest()
#9 /mdevz/mynrc/public/index.php(37): CodeIgniter\CodeIgniter->run()
#10 {main}
ERROR - 2022-04-27 18:28:09 --> Table 'ap8.ualam' doesn't exist
CRITICAL - 2022-04-27 18:28:09 --> Table 'ap8.ualam' doesn't exist
#0 /mdevz/mynrc/system/Database/MySQLi/Connection.php(292): mysqli->query()
#1 /mdevz/mynrc/system/Database/BaseConnection.php(670): CodeIgniter\Database\MySQLi\Connection->execute()
#2 /mdevz/mynrc/system/Database/BaseConnection.php(598): CodeIgniter\Database\BaseConnection->simpleQuery()
#3 /mdevz/mynrc/app/Models/MyLibzDBModel.php(19): CodeIgniter\Database\BaseConnection->query()
#4 /mdevz/mynrc/app/Models/MyLibzDBModel.php(105): App\Models\MyLibzDBModel->myoa_sql_exec()
#5 /mdevz/mynrc/app/Controllers/Mylogin.php(65): App\Models\MyLibzDBModel->user_logs_activity_module()
#6 /mdevz/mynrc/system/CodeIgniter.php(832): App\Controllers\Mylogin->auth()
#7 /mdevz/mynrc/system/CodeIgniter.php(419): CodeIgniter\CodeIgniter->runController()
#8 /mdevz/mynrc/system/CodeIgniter.php(326): CodeIgniter\CodeIgniter->handleRequest()
#9 /mdevz/mynrc/public/index.php(37): CodeIgniter\CodeIgniter->run()
#10 {main}
