CRITICAL - 2022-09-07 08:26:58 --> unlink(/mdevs/mynrc/writable/debugbar/debugbar_1662452828.json): No such file or directory
#0 [internal function]: CodeIgniter\Debug\Exceptions->errorHandler()
#1 /mdevs/mynrc/system/Debug/Toolbar/Collectors/History.php(74): unlink()
#2 /mdevs/mynrc/system/Debug/Toolbar.php(487): CodeIgniter\Debug\Toolbar\Collectors\History->setFiles()
#3 /mdevs/mynrc/system/Debug/Toolbar.php(464): CodeIgniter\Debug\Toolbar->format()
#4 /mdevs/mynrc/app/Config/Events.php(48): CodeIgniter\Debug\Toolbar->respond()
#5 /mdevs/mynrc/system/Events/Events.php(149): CodeIgniter\Events\Events::Config\{closure}()
#6 /mdevs/mynrc/system/CodeIgniter.php(308): CodeIgniter\Events\Events::trigger()
#7 /mdevs/mynrc/public/index.php(37): CodeIgniter\CodeIgniter->run()
#8 {main}
CRITICAL - 2022-09-07 08:26:58 --> unlink(/mdevs/mynrc/writable/debugbar/debugbar_1662452828.json): No such file or directory
#0 [internal function]: CodeIgniter\Debug\Exceptions->errorHandler()
#1 /mdevs/mynrc/system/Debug/Toolbar/Collectors/History.php(74): unlink()
#2 /mdevs/mynrc/system/Debug/Toolbar.php(487): CodeIgniter\Debug\Toolbar\Collectors\History->setFiles()
#3 /mdevs/mynrc/system/Debug/Toolbar.php(464): CodeIgniter\Debug\Toolbar->format()
#4 /mdevs/mynrc/app/Config/Events.php(48): CodeIgniter\Debug\Toolbar->respond()
#5 /mdevs/mynrc/system/Events/Events.php(149): CodeIgniter\Events\Events::Config\{closure}()
#6 /mdevs/mynrc/system/CodeIgniter.php(308): CodeIgniter\Events\Events::trigger()
#7 /mdevs/mynrc/public/index.php(37): CodeIgniter\CodeIgniter->run()
#8 {main}
CRITICAL - 2022-09-07 08:26:58 --> unlink(/mdevs/mynrc/writable/debugbar/debugbar_1662452828.json): No such file or directory
#0 [internal function]: CodeIgniter\Debug\Exceptions->errorHandler()
#1 /mdevs/mynrc/system/Debug/Toolbar/Collectors/History.php(74): unlink()
#2 /mdevs/mynrc/system/Debug/Toolbar.php(487): CodeIgniter\Debug\Toolbar\Collectors\History->setFiles()
#3 /mdevs/mynrc/system/Debug/Toolbar.php(464): CodeIgniter\Debug\Toolbar->format()
#4 /mdevs/mynrc/app/Config/Events.php(48): CodeIgniter\Debug\Toolbar->respond()
#5 /mdevs/mynrc/system/Events/Events.php(149): CodeIgniter\Events\Events::Config\{closure}()
#6 /mdevs/mynrc/system/CodeIgniter.php(308): CodeIgniter\Events\Events::trigger()
#7 /mdevs/mynrc/public/index.php(37): CodeIgniter\CodeIgniter->run()
#8 {main}
CRITICAL - 2022-09-07 09:13:10 --> Undefined variable: totalTime
#0 /mdevs/mynrc/system/Debug/Toolbar/Views/toolbar.tpl.php(40): CodeIgniter\Debug\Exceptions->errorHandler()
#1 /mdevs/mynrc/system/Debug/Toolbar.php(501): include('/mdevs/mynrc/sy...')
#2 /mdevs/mynrc/system/Debug/Toolbar.php(464): CodeIgniter\Debug\Toolbar->format()
#3 /mdevs/mynrc/app/Config/Events.php(48): CodeIgniter\Debug\Toolbar->respond()
#4 /mdevs/mynrc/system/Events/Events.php(149): CodeIgniter\Events\Events::Config\{closure}()
#5 /mdevs/mynrc/system/CodeIgniter.php(308): CodeIgniter\Events\Events::trigger()
#6 /mdevs/mynrc/public/index.php(37): CodeIgniter\CodeIgniter->run()
#7 {main}
CRITICAL - 2022-09-07 11:38:45 --> Undefined variable: totalTime
#0 /mdevs/mynrc/system/Debug/Toolbar/Views/toolbar.tpl.php(40): CodeIgniter\Debug\Exceptions->errorHandler()
#1 /mdevs/mynrc/system/Debug/Toolbar.php(501): include('/mdevs/mynrc/sy...')
#2 /mdevs/mynrc/system/Debug/Toolbar.php(464): CodeIgniter\Debug\Toolbar->format()
#3 /mdevs/mynrc/app/Config/Events.php(48): CodeIgniter\Debug\Toolbar->respond()
#4 /mdevs/mynrc/system/Events/Events.php(149): CodeIgniter\Events\Events::Config\{closure}()
#5 /mdevs/mynrc/system/CodeIgniter.php(308): CodeIgniter\Events\Events::trigger()
#6 /mdevs/mynrc/public/index.php(37): CodeIgniter\CodeIgniter->run()
#7 {main}
CRITICAL - 2022-09-07 11:43:20 --> Undefined variable: totalTime
#0 /mdevs/mynrc/system/Debug/Toolbar/Views/toolbar.tpl.php(40): CodeIgniter\Debug\Exceptions->errorHandler()
#1 /mdevs/mynrc/system/Debug/Toolbar.php(501): include('/mdevs/mynrc/sy...')
#2 /mdevs/mynrc/system/Debug/Toolbar.php(464): CodeIgniter\Debug\Toolbar->format()
#3 /mdevs/mynrc/app/Config/Events.php(48): CodeIgniter\Debug\Toolbar->respond()
#4 /mdevs/mynrc/system/Events/Events.php(149): CodeIgniter\Events\Events::Config\{closure}()
#5 /mdevs/mynrc/system/CodeIgniter.php(308): CodeIgniter\Events\Events::trigger()
#6 /mdevs/mynrc/public/index.php(37): CodeIgniter\CodeIgniter->run()
#7 {main}
CRITICAL - 2022-09-07 11:45:01 --> Undefined variable: totalTime
#0 /mdevs/mynrc/system/Debug/Toolbar/Views/toolbar.tpl.php(40): CodeIgniter\Debug\Exceptions->errorHandler()
#1 /mdevs/mynrc/system/Debug/Toolbar.php(501): include('/mdevs/mynrc/sy...')
#2 /mdevs/mynrc/system/Debug/Toolbar.php(464): CodeIgniter\Debug\Toolbar->format()
#3 /mdevs/mynrc/app/Config/Events.php(48): CodeIgniter\Debug\Toolbar->respond()
#4 /mdevs/mynrc/system/Events/Events.php(149): CodeIgniter\Events\Events::Config\{closure}()
#5 /mdevs/mynrc/system/CodeIgniter.php(308): CodeIgniter\Events\Events::trigger()
#6 /mdevs/mynrc/public/index.php(37): CodeIgniter\CodeIgniter->run()
#7 {main}
CRITICAL - 2022-09-07 11:45:11 --> Undefined variable: totalTime
#0 /mdevs/mynrc/system/Debug/Toolbar/Views/toolbar.tpl.php(40): CodeIgniter\Debug\Exceptions->errorHandler()
#1 /mdevs/mynrc/system/Debug/Toolbar.php(501): include('/mdevs/mynrc/sy...')
#2 /mdevs/mynrc/system/Debug/Toolbar.php(464): CodeIgniter\Debug\Toolbar->format()
#3 /mdevs/mynrc/app/Config/Events.php(48): CodeIgniter\Debug\Toolbar->respond()
#4 /mdevs/mynrc/system/Events/Events.php(149): CodeIgniter\Events\Events::Config\{closure}()
#5 /mdevs/mynrc/system/CodeIgniter.php(308): CodeIgniter\Events\Events::trigger()
#6 /mdevs/mynrc/public/index.php(37): CodeIgniter\CodeIgniter->run()
#7 {main}
CRITICAL - 2022-09-07 14:18:04 --> Undefined property: App\Controllers\WhCrossing::$load
#0 /mdevs/mynrc/app/Controllers/WhCrossing.php(85): CodeIgniter\Debug\Exceptions->errorHandler()
#1 /mdevs/mynrc/system/CodeIgniter.php(832): App\Controllers\WhCrossing->whcrossing_sd()
#2 /mdevs/mynrc/system/CodeIgniter.php(419): CodeIgniter\CodeIgniter->runController()
#3 /mdevs/mynrc/system/CodeIgniter.php(326): CodeIgniter\CodeIgniter->handleRequest()
#4 /mdevs/mynrc/public/index.php(37): CodeIgniter\CodeIgniter->run()
#5 {main}
CRITICAL - 2022-09-07 14:18:25 --> Undefined property: CodeIgniter\View\View::$load
#0 /mdevs/mynrc/app/Views/Whcrossing/Whcrossing_shipdoc.php(8): CodeIgniter\Debug\Exceptions->errorHandler()
#1 /mdevs/mynrc/system/View/View.php(210): include('/mdevs/mynrc/ap...')
#2 /mdevs/mynrc/system/View/View.php(213): CodeIgniter\View\View->CodeIgniter\View\{closure}()
#3 /mdevs/mynrc/system/Common.php(1089): CodeIgniter\View\View->render()
#4 /mdevs/mynrc/app/Controllers/WhCrossing.php(85): view()
#5 /mdevs/mynrc/system/CodeIgniter.php(832): App\Controllers\WhCrossing->whcrossing_sd()
#6 /mdevs/mynrc/system/CodeIgniter.php(419): CodeIgniter\CodeIgniter->runController()
#7 /mdevs/mynrc/system/CodeIgniter.php(326): CodeIgniter\CodeIgniter->handleRequest()
#8 /mdevs/mynrc/public/index.php(37): CodeIgniter\CodeIgniter->run()
#9 {main}
CRITICAL - 2022-09-07 14:19:29 --> Undefined property: CodeIgniter\View\View::$mylibz
#0 /mdevs/mynrc/app/Views/Whcrossing/Whcrossing_shipdoc.php(9): CodeIgniter\Debug\Exceptions->errorHandler()
#1 /mdevs/mynrc/system/View/View.php(210): include('/mdevs/mynrc/ap...')
#2 /mdevs/mynrc/system/View/View.php(213): CodeIgniter\View\View->CodeIgniter\View\{closure}()
#3 /mdevs/mynrc/system/Common.php(1089): CodeIgniter\View\View->render()
#4 /mdevs/mynrc/app/Controllers/WhCrossing.php(85): view()
#5 /mdevs/mynrc/system/CodeIgniter.php(832): App\Controllers\WhCrossing->whcrossing_sd()
#6 /mdevs/mynrc/system/CodeIgniter.php(419): CodeIgniter\CodeIgniter->runController()
#7 /mdevs/mynrc/system/CodeIgniter.php(326): CodeIgniter\CodeIgniter->handleRequest()
#8 /mdevs/mynrc/public/index.php(37): CodeIgniter\CodeIgniter->run()
#9 {main}
CRITICAL - 2022-09-07 14:19:30 --> Undefined property: CodeIgniter\View\View::$mylibz
#0 /mdevs/mynrc/app/Views/Whcrossing/Whcrossing_shipdoc.php(9): CodeIgniter\Debug\Exceptions->errorHandler()
#1 /mdevs/mynrc/system/View/View.php(210): include('/mdevs/mynrc/ap...')
#2 /mdevs/mynrc/system/View/View.php(213): CodeIgniter\View\View->CodeIgniter\View\{closure}()
#3 /mdevs/mynrc/system/Common.php(1089): CodeIgniter\View\View->render()
#4 /mdevs/mynrc/app/Controllers/WhCrossing.php(85): view()
#5 /mdevs/mynrc/system/CodeIgniter.php(832): App\Controllers\WhCrossing->whcrossing_sd()
#6 /mdevs/mynrc/system/CodeIgniter.php(419): CodeIgniter\CodeIgniter->runController()
#7 /mdevs/mynrc/system/CodeIgniter.php(326): CodeIgniter\CodeIgniter->handleRequest()
#8 /mdevs/mynrc/public/index.php(37): CodeIgniter\CodeIgniter->run()
#9 {main}
CRITICAL - 2022-09-07 14:20:44 --> Undefined property: CodeIgniter\View\View::$mylibz
#0 /mdevs/mynrc/app/Views/Whcrossing/Whcrossing_shipdoc.php(9): CodeIgniter\Debug\Exceptions->errorHandler()
#1 /mdevs/mynrc/system/View/View.php(210): include('/mdevs/mynrc/ap...')
#2 /mdevs/mynrc/system/View/View.php(213): CodeIgniter\View\View->CodeIgniter\View\{closure}()
#3 /mdevs/mynrc/system/Common.php(1089): CodeIgniter\View\View->render()
#4 /mdevs/mynrc/app/Controllers/WhCrossing.php(85): view()
#5 /mdevs/mynrc/system/CodeIgniter.php(832): App\Controllers\WhCrossing->whcrossing_sd()
#6 /mdevs/mynrc/system/CodeIgniter.php(419): CodeIgniter\CodeIgniter->runController()
#7 /mdevs/mynrc/system/CodeIgniter.php(326): CodeIgniter\CodeIgniter->handleRequest()
#8 /mdevs/mynrc/public/index.php(37): CodeIgniter\CodeIgniter->run()
#9 {main}
CRITICAL - 2022-09-07 14:20:45 --> Undefined property: CodeIgniter\View\View::$mylibz
#0 /mdevs/mynrc/app/Views/Whcrossing/Whcrossing_shipdoc.php(9): CodeIgniter\Debug\Exceptions->errorHandler()
#1 /mdevs/mynrc/system/View/View.php(210): include('/mdevs/mynrc/ap...')
#2 /mdevs/mynrc/system/View/View.php(213): CodeIgniter\View\View->CodeIgniter\View\{closure}()
#3 /mdevs/mynrc/system/Common.php(1089): CodeIgniter\View\View->render()
#4 /mdevs/mynrc/app/Controllers/WhCrossing.php(85): view()
#5 /mdevs/mynrc/system/CodeIgniter.php(832): App\Controllers\WhCrossing->whcrossing_sd()
#6 /mdevs/mynrc/system/CodeIgniter.php(419): CodeIgniter\CodeIgniter->runController()
#7 /mdevs/mynrc/system/CodeIgniter.php(326): CodeIgniter\CodeIgniter->handleRequest()
#8 /mdevs/mynrc/public/index.php(37): CodeIgniter\CodeIgniter->run()
#9 {main}
CRITICAL - 2022-09-07 14:20:45 --> Undefined property: CodeIgniter\View\View::$mylibz
#0 /mdevs/mynrc/app/Views/Whcrossing/Whcrossing_shipdoc.php(9): CodeIgniter\Debug\Exceptions->errorHandler()
#1 /mdevs/mynrc/system/View/View.php(210): include('/mdevs/mynrc/ap...')
#2 /mdevs/mynrc/system/View/View.php(213): CodeIgniter\View\View->CodeIgniter\View\{closure}()
#3 /mdevs/mynrc/system/Common.php(1089): CodeIgniter\View\View->render()
#4 /mdevs/mynrc/app/Controllers/WhCrossing.php(85): view()
#5 /mdevs/mynrc/system/CodeIgniter.php(832): App\Controllers\WhCrossing->whcrossing_sd()
#6 /mdevs/mynrc/system/CodeIgniter.php(419): CodeIgniter\CodeIgniter->runController()
#7 /mdevs/mynrc/system/CodeIgniter.php(326): CodeIgniter\CodeIgniter->handleRequest()
#8 /mdevs/mynrc/public/index.php(37): CodeIgniter\CodeIgniter->run()
#9 {main}
CRITICAL - 2022-09-07 14:21:09 --> Undefined property: CodeIgniter\View\View::$mylibz
#0 /mdevs/mynrc/app/Views/Whcrossing/Whcrossing_shipdoc.php(9): CodeIgniter\Debug\Exceptions->errorHandler()
#1 /mdevs/mynrc/system/View/View.php(210): include('/mdevs/mynrc/ap...')
#2 /mdevs/mynrc/system/View/View.php(213): CodeIgniter\View\View->CodeIgniter\View\{closure}()
#3 /mdevs/mynrc/system/Common.php(1089): CodeIgniter\View\View->render()
#4 /mdevs/mynrc/app/Controllers/WhCrossing.php(85): view()
#5 /mdevs/mynrc/system/CodeIgniter.php(832): App\Controllers\WhCrossing->whcrossing_sd()
#6 /mdevs/mynrc/system/CodeIgniter.php(419): CodeIgniter\CodeIgniter->runController()
#7 /mdevs/mynrc/system/CodeIgniter.php(326): CodeIgniter\CodeIgniter->handleRequest()
#8 /mdevs/mynrc/public/index.php(37): CodeIgniter\CodeIgniter->run()
#9 {main}
CRITICAL - 2022-09-07 14:21:50 --> Undefined property: CodeIgniter\View\View::$mylibz
#0 /mdevs/mynrc/app/Views/Whcrossing/Whcrossing_shipdoc.php(9): CodeIgniter\Debug\Exceptions->errorHandler()
#1 /mdevs/mynrc/system/View/View.php(210): include('/mdevs/mynrc/ap...')
#2 /mdevs/mynrc/system/View/View.php(213): CodeIgniter\View\View->CodeIgniter\View\{closure}()
#3 /mdevs/mynrc/system/Common.php(1089): CodeIgniter\View\View->render()
#4 /mdevs/mynrc/app/Controllers/WhCrossing.php(85): view()
#5 /mdevs/mynrc/system/CodeIgniter.php(832): App\Controllers\WhCrossing->whcrossing_sd()
#6 /mdevs/mynrc/system/CodeIgniter.php(419): CodeIgniter\CodeIgniter->runController()
#7 /mdevs/mynrc/system/CodeIgniter.php(326): CodeIgniter\CodeIgniter->handleRequest()
#8 /mdevs/mynrc/public/index.php(37): CodeIgniter\CodeIgniter->run()
#9 {main}
CRITICAL - 2022-09-07 14:21:51 --> Undefined property: CodeIgniter\View\View::$mylibz
#0 /mdevs/mynrc/app/Views/Whcrossing/Whcrossing_shipdoc.php(9): CodeIgniter\Debug\Exceptions->errorHandler()
#1 /mdevs/mynrc/system/View/View.php(210): include('/mdevs/mynrc/ap...')
#2 /mdevs/mynrc/system/View/View.php(213): CodeIgniter\View\View->CodeIgniter\View\{closure}()
#3 /mdevs/mynrc/system/Common.php(1089): CodeIgniter\View\View->render()
#4 /mdevs/mynrc/app/Controllers/WhCrossing.php(85): view()
#5 /mdevs/mynrc/system/CodeIgniter.php(832): App\Controllers\WhCrossing->whcrossing_sd()
#6 /mdevs/mynrc/system/CodeIgniter.php(419): CodeIgniter\CodeIgniter->runController()
#7 /mdevs/mynrc/system/CodeIgniter.php(326): CodeIgniter\CodeIgniter->handleRequest()
#8 /mdevs/mynrc/public/index.php(37): CodeIgniter\CodeIgniter->run()
#9 {main}
CRITICAL - 2022-09-07 14:21:51 --> Undefined property: CodeIgniter\View\View::$mylibz
#0 /mdevs/mynrc/app/Views/Whcrossing/Whcrossing_shipdoc.php(9): CodeIgniter\Debug\Exceptions->errorHandler()
#1 /mdevs/mynrc/system/View/View.php(210): include('/mdevs/mynrc/ap...')
#2 /mdevs/mynrc/system/View/View.php(213): CodeIgniter\View\View->CodeIgniter\View\{closure}()
#3 /mdevs/mynrc/system/Common.php(1089): CodeIgniter\View\View->render()
#4 /mdevs/mynrc/app/Controllers/WhCrossing.php(85): view()
#5 /mdevs/mynrc/system/CodeIgniter.php(832): App\Controllers\WhCrossing->whcrossing_sd()
#6 /mdevs/mynrc/system/CodeIgniter.php(419): CodeIgniter\CodeIgniter->runController()
#7 /mdevs/mynrc/system/CodeIgniter.php(326): CodeIgniter\CodeIgniter->handleRequest()
#8 /mdevs/mynrc/public/index.php(37): CodeIgniter\CodeIgniter->run()
#9 {main}
CRITICAL - 2022-09-07 14:21:51 --> Undefined property: CodeIgniter\View\View::$mylibz
#0 /mdevs/mynrc/app/Views/Whcrossing/Whcrossing_shipdoc.php(9): CodeIgniter\Debug\Exceptions->errorHandler()
#1 /mdevs/mynrc/system/View/View.php(210): include('/mdevs/mynrc/ap...')
#2 /mdevs/mynrc/system/View/View.php(213): CodeIgniter\View\View->CodeIgniter\View\{closure}()
#3 /mdevs/mynrc/system/Common.php(1089): CodeIgniter\View\View->render()
#4 /mdevs/mynrc/app/Controllers/WhCrossing.php(85): view()
#5 /mdevs/mynrc/system/CodeIgniter.php(832): App\Controllers\WhCrossing->whcrossing_sd()
#6 /mdevs/mynrc/system/CodeIgniter.php(419): CodeIgniter\CodeIgniter->runController()
#7 /mdevs/mynrc/system/CodeIgniter.php(326): CodeIgniter\CodeIgniter->handleRequest()
#8 /mdevs/mynrc/public/index.php(37): CodeIgniter\CodeIgniter->run()
#9 {main}
CRITICAL - 2022-09-07 14:21:51 --> Undefined property: CodeIgniter\View\View::$mylibz
#0 /mdevs/mynrc/app/Views/Whcrossing/Whcrossing_shipdoc.php(9): CodeIgniter\Debug\Exceptions->errorHandler()
#1 /mdevs/mynrc/system/View/View.php(210): include('/mdevs/mynrc/ap...')
#2 /mdevs/mynrc/system/View/View.php(213): CodeIgniter\View\View->CodeIgniter\View\{closure}()
#3 /mdevs/mynrc/system/Common.php(1089): CodeIgniter\View\View->render()
#4 /mdevs/mynrc/app/Controllers/WhCrossing.php(85): view()
#5 /mdevs/mynrc/system/CodeIgniter.php(832): App\Controllers\WhCrossing->whcrossing_sd()
#6 /mdevs/mynrc/system/CodeIgniter.php(419): CodeIgniter\CodeIgniter->runController()
#7 /mdevs/mynrc/system/CodeIgniter.php(326): CodeIgniter\CodeIgniter->handleRequest()
#8 /mdevs/mynrc/public/index.php(37): CodeIgniter\CodeIgniter->run()
#9 {main}
CRITICAL - 2022-09-07 14:21:52 --> Undefined property: CodeIgniter\View\View::$mylibz
#0 /mdevs/mynrc/app/Views/Whcrossing/Whcrossing_shipdoc.php(9): CodeIgniter\Debug\Exceptions->errorHandler()
#1 /mdevs/mynrc/system/View/View.php(210): include('/mdevs/mynrc/ap...')
#2 /mdevs/mynrc/system/View/View.php(213): CodeIgniter\View\View->CodeIgniter\View\{closure}()
#3 /mdevs/mynrc/system/Common.php(1089): CodeIgniter\View\View->render()
#4 /mdevs/mynrc/app/Controllers/WhCrossing.php(85): view()
#5 /mdevs/mynrc/system/CodeIgniter.php(832): App\Controllers\WhCrossing->whcrossing_sd()
#6 /mdevs/mynrc/system/CodeIgniter.php(419): CodeIgniter\CodeIgniter->runController()
#7 /mdevs/mynrc/system/CodeIgniter.php(326): CodeIgniter\CodeIgniter->handleRequest()
#8 /mdevs/mynrc/public/index.php(37): CodeIgniter\CodeIgniter->run()
#9 {main}
CRITICAL - 2022-09-07 14:21:52 --> Undefined property: CodeIgniter\View\View::$mylibz
#0 /mdevs/mynrc/app/Views/Whcrossing/Whcrossing_shipdoc.php(9): CodeIgniter\Debug\Exceptions->errorHandler()
#1 /mdevs/mynrc/system/View/View.php(210): include('/mdevs/mynrc/ap...')
#2 /mdevs/mynrc/system/View/View.php(213): CodeIgniter\View\View->CodeIgniter\View\{closure}()
#3 /mdevs/mynrc/system/Common.php(1089): CodeIgniter\View\View->render()
#4 /mdevs/mynrc/app/Controllers/WhCrossing.php(85): view()
#5 /mdevs/mynrc/system/CodeIgniter.php(832): App\Controllers\WhCrossing->whcrossing_sd()
#6 /mdevs/mynrc/system/CodeIgniter.php(419): CodeIgniter\CodeIgniter->runController()
#7 /mdevs/mynrc/system/CodeIgniter.php(326): CodeIgniter\CodeIgniter->handleRequest()
#8 /mdevs/mynrc/public/index.php(37): CodeIgniter\CodeIgniter->run()
#9 {main}
CRITICAL - 2022-09-07 14:21:52 --> Undefined property: CodeIgniter\View\View::$mylibz
#0 /mdevs/mynrc/app/Views/Whcrossing/Whcrossing_shipdoc.php(9): CodeIgniter\Debug\Exceptions->errorHandler()
#1 /mdevs/mynrc/system/View/View.php(210): include('/mdevs/mynrc/ap...')
#2 /mdevs/mynrc/system/View/View.php(213): CodeIgniter\View\View->CodeIgniter\View\{closure}()
#3 /mdevs/mynrc/system/Common.php(1089): CodeIgniter\View\View->render()
#4 /mdevs/mynrc/app/Controllers/WhCrossing.php(85): view()
#5 /mdevs/mynrc/system/CodeIgniter.php(832): App\Controllers\WhCrossing->whcrossing_sd()
#6 /mdevs/mynrc/system/CodeIgniter.php(419): CodeIgniter\CodeIgniter->runController()
#7 /mdevs/mynrc/system/CodeIgniter.php(326): CodeIgniter\CodeIgniter->handleRequest()
#8 /mdevs/mynrc/public/index.php(37): CodeIgniter\CodeIgniter->run()
#9 {main}
CRITICAL - 2022-09-07 14:21:54 --> Undefined property: CodeIgniter\View\View::$mylibz
#0 /mdevs/mynrc/app/Views/Whcrossing/Whcrossing_shipdoc.php(9): CodeIgniter\Debug\Exceptions->errorHandler()
#1 /mdevs/mynrc/system/View/View.php(210): include('/mdevs/mynrc/ap...')
#2 /mdevs/mynrc/system/View/View.php(213): CodeIgniter\View\View->CodeIgniter\View\{closure}()
#3 /mdevs/mynrc/system/Common.php(1089): CodeIgniter\View\View->render()
#4 /mdevs/mynrc/app/Controllers/WhCrossing.php(85): view()
#5 /mdevs/mynrc/system/CodeIgniter.php(832): App\Controllers\WhCrossing->whcrossing_sd()
#6 /mdevs/mynrc/system/CodeIgniter.php(419): CodeIgniter\CodeIgniter->runController()
#7 /mdevs/mynrc/system/CodeIgniter.php(326): CodeIgniter\CodeIgniter->handleRequest()
#8 /mdevs/mynrc/public/index.php(37): CodeIgniter\CodeIgniter->run()
#9 {main}
CRITICAL - 2022-09-07 14:21:54 --> Undefined property: CodeIgniter\View\View::$mylibz
#0 /mdevs/mynrc/app/Views/Whcrossing/Whcrossing_shipdoc.php(9): CodeIgniter\Debug\Exceptions->errorHandler()
#1 /mdevs/mynrc/system/View/View.php(210): include('/mdevs/mynrc/ap...')
#2 /mdevs/mynrc/system/View/View.php(213): CodeIgniter\View\View->CodeIgniter\View\{closure}()
#3 /mdevs/mynrc/system/Common.php(1089): CodeIgniter\View\View->render()
#4 /mdevs/mynrc/app/Controllers/WhCrossing.php(85): view()
#5 /mdevs/mynrc/system/CodeIgniter.php(832): App\Controllers\WhCrossing->whcrossing_sd()
#6 /mdevs/mynrc/system/CodeIgniter.php(419): CodeIgniter\CodeIgniter->runController()
#7 /mdevs/mynrc/system/CodeIgniter.php(326): CodeIgniter\CodeIgniter->handleRequest()
#8 /mdevs/mynrc/public/index.php(37): CodeIgniter\CodeIgniter->run()
#9 {main}
CRITICAL - 2022-09-07 14:21:54 --> Undefined property: CodeIgniter\View\View::$mylibz
#0 /mdevs/mynrc/app/Views/Whcrossing/Whcrossing_shipdoc.php(9): CodeIgniter\Debug\Exceptions->errorHandler()
#1 /mdevs/mynrc/system/View/View.php(210): include('/mdevs/mynrc/ap...')
#2 /mdevs/mynrc/system/View/View.php(213): CodeIgniter\View\View->CodeIgniter\View\{closure}()
#3 /mdevs/mynrc/system/Common.php(1089): CodeIgniter\View\View->render()
#4 /mdevs/mynrc/app/Controllers/WhCrossing.php(85): view()
#5 /mdevs/mynrc/system/CodeIgniter.php(832): App\Controllers\WhCrossing->whcrossing_sd()
#6 /mdevs/mynrc/system/CodeIgniter.php(419): CodeIgniter\CodeIgniter->runController()
#7 /mdevs/mynrc/system/CodeIgniter.php(326): CodeIgniter\CodeIgniter->handleRequest()
#8 /mdevs/mynrc/public/index.php(37): CodeIgniter\CodeIgniter->run()
#9 {main}
CRITICAL - 2022-09-07 14:22:21 --> Undefined property: CodeIgniter\View\View::$mylibzdb
#0 /mdevs/mynrc/app/Views/Whcrossing/Whcrossing_shipdoc.php(15): CodeIgniter\Debug\Exceptions->errorHandler()
#1 /mdevs/mynrc/system/View/View.php(210): include('/mdevs/mynrc/ap...')
#2 /mdevs/mynrc/system/View/View.php(213): CodeIgniter\View\View->CodeIgniter\View\{closure}()
#3 /mdevs/mynrc/system/Common.php(1089): CodeIgniter\View\View->render()
#4 /mdevs/mynrc/app/Controllers/WhCrossing.php(85): view()
#5 /mdevs/mynrc/system/CodeIgniter.php(832): App\Controllers\WhCrossing->whcrossing_sd()
#6 /mdevs/mynrc/system/CodeIgniter.php(419): CodeIgniter\CodeIgniter->runController()
#7 /mdevs/mynrc/system/CodeIgniter.php(326): CodeIgniter\CodeIgniter->handleRequest()
#8 /mdevs/mynrc/public/index.php(37): CodeIgniter\CodeIgniter->run()
#9 {main}
CRITICAL - 2022-09-07 14:22:22 --> Undefined property: CodeIgniter\View\View::$mylibzdb
#0 /mdevs/mynrc/app/Views/Whcrossing/Whcrossing_shipdoc.php(15): CodeIgniter\Debug\Exceptions->errorHandler()
#1 /mdevs/mynrc/system/View/View.php(210): include('/mdevs/mynrc/ap...')
#2 /mdevs/mynrc/system/View/View.php(213): CodeIgniter\View\View->CodeIgniter\View\{closure}()
#3 /mdevs/mynrc/system/Common.php(1089): CodeIgniter\View\View->render()
#4 /mdevs/mynrc/app/Controllers/WhCrossing.php(85): view()
#5 /mdevs/mynrc/system/CodeIgniter.php(832): App\Controllers\WhCrossing->whcrossing_sd()
#6 /mdevs/mynrc/system/CodeIgniter.php(419): CodeIgniter\CodeIgniter->runController()
#7 /mdevs/mynrc/system/CodeIgniter.php(326): CodeIgniter\CodeIgniter->handleRequest()
#8 /mdevs/mynrc/public/index.php(37): CodeIgniter\CodeIgniter->run()
#9 {main}
CRITICAL - 2022-09-07 14:22:22 --> Undefined property: CodeIgniter\View\View::$mylibzdb
#0 /mdevs/mynrc/app/Views/Whcrossing/Whcrossing_shipdoc.php(15): CodeIgniter\Debug\Exceptions->errorHandler()
#1 /mdevs/mynrc/system/View/View.php(210): include('/mdevs/mynrc/ap...')
#2 /mdevs/mynrc/system/View/View.php(213): CodeIgniter\View\View->CodeIgniter\View\{closure}()
#3 /mdevs/mynrc/system/Common.php(1089): CodeIgniter\View\View->render()
#4 /mdevs/mynrc/app/Controllers/WhCrossing.php(85): view()
#5 /mdevs/mynrc/system/CodeIgniter.php(832): App\Controllers\WhCrossing->whcrossing_sd()
#6 /mdevs/mynrc/system/CodeIgniter.php(419): CodeIgniter\CodeIgniter->runController()
#7 /mdevs/mynrc/system/CodeIgniter.php(326): CodeIgniter\CodeIgniter->handleRequest()
#8 /mdevs/mynrc/public/index.php(37): CodeIgniter\CodeIgniter->run()
#9 {main}
CRITICAL - 2022-09-07 14:22:22 --> Undefined property: CodeIgniter\View\View::$mylibzdb
#0 /mdevs/mynrc/app/Views/Whcrossing/Whcrossing_shipdoc.php(15): CodeIgniter\Debug\Exceptions->errorHandler()
#1 /mdevs/mynrc/system/View/View.php(210): include('/mdevs/mynrc/ap...')
#2 /mdevs/mynrc/system/View/View.php(213): CodeIgniter\View\View->CodeIgniter\View\{closure}()
#3 /mdevs/mynrc/system/Common.php(1089): CodeIgniter\View\View->render()
#4 /mdevs/mynrc/app/Controllers/WhCrossing.php(85): view()
#5 /mdevs/mynrc/system/CodeIgniter.php(832): App\Controllers\WhCrossing->whcrossing_sd()
#6 /mdevs/mynrc/system/CodeIgniter.php(419): CodeIgniter\CodeIgniter->runController()
#7 /mdevs/mynrc/system/CodeIgniter.php(326): CodeIgniter\CodeIgniter->handleRequest()
#8 /mdevs/mynrc/public/index.php(37): CodeIgniter\CodeIgniter->run()
#9 {main}
CRITICAL - 2022-09-07 14:23:11 --> Undefined property: CodeIgniter\View\View::$mylibzdb
#0 /mdevs/mynrc/app/Views/Whcrossing/Whcrossing_shipdoc.php(15): CodeIgniter\Debug\Exceptions->errorHandler()
#1 /mdevs/mynrc/system/View/View.php(210): include('/mdevs/mynrc/ap...')
#2 /mdevs/mynrc/system/View/View.php(213): CodeIgniter\View\View->CodeIgniter\View\{closure}()
#3 /mdevs/mynrc/system/Common.php(1089): CodeIgniter\View\View->render()
#4 /mdevs/mynrc/app/Controllers/WhCrossing.php(85): view()
#5 /mdevs/mynrc/system/CodeIgniter.php(832): App\Controllers\WhCrossing->whcrossing_sd()
#6 /mdevs/mynrc/system/CodeIgniter.php(419): CodeIgniter\CodeIgniter->runController()
#7 /mdevs/mynrc/system/CodeIgniter.php(326): CodeIgniter\CodeIgniter->handleRequest()
#8 /mdevs/mynrc/public/index.php(37): CodeIgniter\CodeIgniter->run()
#9 {main}
CRITICAL - 2022-09-07 14:23:12 --> Undefined property: CodeIgniter\View\View::$mylibzdb
#0 /mdevs/mynrc/app/Views/Whcrossing/Whcrossing_shipdoc.php(15): CodeIgniter\Debug\Exceptions->errorHandler()
#1 /mdevs/mynrc/system/View/View.php(210): include('/mdevs/mynrc/ap...')
#2 /mdevs/mynrc/system/View/View.php(213): CodeIgniter\View\View->CodeIgniter\View\{closure}()
#3 /mdevs/mynrc/system/Common.php(1089): CodeIgniter\View\View->render()
#4 /mdevs/mynrc/app/Controllers/WhCrossing.php(85): view()
#5 /mdevs/mynrc/system/CodeIgniter.php(832): App\Controllers\WhCrossing->whcrossing_sd()
#6 /mdevs/mynrc/system/CodeIgniter.php(419): CodeIgniter\CodeIgniter->runController()
#7 /mdevs/mynrc/system/CodeIgniter.php(326): CodeIgniter\CodeIgniter->handleRequest()
#8 /mdevs/mynrc/public/index.php(37): CodeIgniter\CodeIgniter->run()
#9 {main}
CRITICAL - 2022-09-07 14:23:25 --> Undefined variable: input
#0 /mdevs/mynrc/app/Views/Whcrossing/Whcrossing_shipdoc.php(18): CodeIgniter\Debug\Exceptions->errorHandler()
#1 /mdevs/mynrc/system/View/View.php(210): include('/mdevs/mynrc/ap...')
#2 /mdevs/mynrc/system/View/View.php(213): CodeIgniter\View\View->CodeIgniter\View\{closure}()
#3 /mdevs/mynrc/system/Common.php(1089): CodeIgniter\View\View->render()
#4 /mdevs/mynrc/app/Controllers/WhCrossing.php(85): view()
#5 /mdevs/mynrc/system/CodeIgniter.php(832): App\Controllers\WhCrossing->whcrossing_sd()
#6 /mdevs/mynrc/system/CodeIgniter.php(419): CodeIgniter\CodeIgniter->runController()
#7 /mdevs/mynrc/system/CodeIgniter.php(326): CodeIgniter\CodeIgniter->handleRequest()
#8 /mdevs/mynrc/public/index.php(37): CodeIgniter\CodeIgniter->run()
#9 {main}
CRITICAL - 2022-09-07 14:23:26 --> Undefined variable: input
#0 /mdevs/mynrc/app/Views/Whcrossing/Whcrossing_shipdoc.php(18): CodeIgniter\Debug\Exceptions->errorHandler()
#1 /mdevs/mynrc/system/View/View.php(210): include('/mdevs/mynrc/ap...')
#2 /mdevs/mynrc/system/View/View.php(213): CodeIgniter\View\View->CodeIgniter\View\{closure}()
#3 /mdevs/mynrc/system/Common.php(1089): CodeIgniter\View\View->render()
#4 /mdevs/mynrc/app/Controllers/WhCrossing.php(85): view()
#5 /mdevs/mynrc/system/CodeIgniter.php(832): App\Controllers\WhCrossing->whcrossing_sd()
#6 /mdevs/mynrc/system/CodeIgniter.php(419): CodeIgniter\CodeIgniter->runController()
#7 /mdevs/mynrc/system/CodeIgniter.php(326): CodeIgniter\CodeIgniter->handleRequest()
#8 /mdevs/mynrc/public/index.php(37): CodeIgniter\CodeIgniter->run()
#9 {main}
CRITICAL - 2022-09-07 14:23:26 --> Undefined variable: input
#0 /mdevs/mynrc/app/Views/Whcrossing/Whcrossing_shipdoc.php(18): CodeIgniter\Debug\Exceptions->errorHandler()
#1 /mdevs/mynrc/system/View/View.php(210): include('/mdevs/mynrc/ap...')
#2 /mdevs/mynrc/system/View/View.php(213): CodeIgniter\View\View->CodeIgniter\View\{closure}()
#3 /mdevs/mynrc/system/Common.php(1089): CodeIgniter\View\View->render()
#4 /mdevs/mynrc/app/Controllers/WhCrossing.php(85): view()
#5 /mdevs/mynrc/system/CodeIgniter.php(832): App\Controllers\WhCrossing->whcrossing_sd()
#6 /mdevs/mynrc/system/CodeIgniter.php(419): CodeIgniter\CodeIgniter->runController()
#7 /mdevs/mynrc/system/CodeIgniter.php(326): CodeIgniter\CodeIgniter->handleRequest()
#8 /mdevs/mynrc/public/index.php(37): CodeIgniter\CodeIgniter->run()
#9 {main}
CRITICAL - 2022-09-07 14:23:26 --> Undefined variable: input
#0 /mdevs/mynrc/app/Views/Whcrossing/Whcrossing_shipdoc.php(18): CodeIgniter\Debug\Exceptions->errorHandler()
#1 /mdevs/mynrc/system/View/View.php(210): include('/mdevs/mynrc/ap...')
#2 /mdevs/mynrc/system/View/View.php(213): CodeIgniter\View\View->CodeIgniter\View\{closure}()
#3 /mdevs/mynrc/system/Common.php(1089): CodeIgniter\View\View->render()
#4 /mdevs/mynrc/app/Controllers/WhCrossing.php(85): view()
#5 /mdevs/mynrc/system/CodeIgniter.php(832): App\Controllers\WhCrossing->whcrossing_sd()
#6 /mdevs/mynrc/system/CodeIgniter.php(419): CodeIgniter\CodeIgniter->runController()
#7 /mdevs/mynrc/system/CodeIgniter.php(326): CodeIgniter\CodeIgniter->handleRequest()
#8 /mdevs/mynrc/public/index.php(37): CodeIgniter\CodeIgniter->run()
#9 {main}
CRITICAL - 2022-09-07 14:23:27 --> Undefined variable: input
#0 /mdevs/mynrc/app/Views/Whcrossing/Whcrossing_shipdoc.php(18): CodeIgniter\Debug\Exceptions->errorHandler()
#1 /mdevs/mynrc/system/View/View.php(210): include('/mdevs/mynrc/ap...')
#2 /mdevs/mynrc/system/View/View.php(213): CodeIgniter\View\View->CodeIgniter\View\{closure}()
#3 /mdevs/mynrc/system/Common.php(1089): CodeIgniter\View\View->render()
#4 /mdevs/mynrc/app/Controllers/WhCrossing.php(85): view()
#5 /mdevs/mynrc/system/CodeIgniter.php(832): App\Controllers\WhCrossing->whcrossing_sd()
#6 /mdevs/mynrc/system/CodeIgniter.php(419): CodeIgniter\CodeIgniter->runController()
#7 /mdevs/mynrc/system/CodeIgniter.php(326): CodeIgniter\CodeIgniter->handleRequest()
#8 /mdevs/mynrc/public/index.php(37): CodeIgniter\CodeIgniter->run()
#9 {main}
CRITICAL - 2022-09-07 14:23:27 --> Undefined variable: input
#0 /mdevs/mynrc/app/Views/Whcrossing/Whcrossing_shipdoc.php(18): CodeIgniter\Debug\Exceptions->errorHandler()
#1 /mdevs/mynrc/system/View/View.php(210): include('/mdevs/mynrc/ap...')
#2 /mdevs/mynrc/system/View/View.php(213): CodeIgniter\View\View->CodeIgniter\View\{closure}()
#3 /mdevs/mynrc/system/Common.php(1089): CodeIgniter\View\View->render()
#4 /mdevs/mynrc/app/Controllers/WhCrossing.php(85): view()
#5 /mdevs/mynrc/system/CodeIgniter.php(832): App\Controllers\WhCrossing->whcrossing_sd()
#6 /mdevs/mynrc/system/CodeIgniter.php(419): CodeIgniter\CodeIgniter->runController()
#7 /mdevs/mynrc/system/CodeIgniter.php(326): CodeIgniter\CodeIgniter->handleRequest()
#8 /mdevs/mynrc/public/index.php(37): CodeIgniter\CodeIgniter->run()
#9 {main}
CRITICAL - 2022-09-07 14:23:27 --> Undefined variable: input
#0 /mdevs/mynrc/app/Views/Whcrossing/Whcrossing_shipdoc.php(18): CodeIgniter\Debug\Exceptions->errorHandler()
#1 /mdevs/mynrc/system/View/View.php(210): include('/mdevs/mynrc/ap...')
#2 /mdevs/mynrc/system/View/View.php(213): CodeIgniter\View\View->CodeIgniter\View\{closure}()
#3 /mdevs/mynrc/system/Common.php(1089): CodeIgniter\View\View->render()
#4 /mdevs/mynrc/app/Controllers/WhCrossing.php(85): view()
#5 /mdevs/mynrc/system/CodeIgniter.php(832): App\Controllers\WhCrossing->whcrossing_sd()
#6 /mdevs/mynrc/system/CodeIgniter.php(419): CodeIgniter\CodeIgniter->runController()
#7 /mdevs/mynrc/system/CodeIgniter.php(326): CodeIgniter\CodeIgniter->handleRequest()
#8 /mdevs/mynrc/public/index.php(37): CodeIgniter\CodeIgniter->run()
#9 {main}
CRITICAL - 2022-09-07 14:23:27 --> Undefined variable: input
#0 /mdevs/mynrc/app/Views/Whcrossing/Whcrossing_shipdoc.php(18): CodeIgniter\Debug\Exceptions->errorHandler()
#1 /mdevs/mynrc/system/View/View.php(210): include('/mdevs/mynrc/ap...')
#2 /mdevs/mynrc/system/View/View.php(213): CodeIgniter\View\View->CodeIgniter\View\{closure}()
#3 /mdevs/mynrc/system/Common.php(1089): CodeIgniter\View\View->render()
#4 /mdevs/mynrc/app/Controllers/WhCrossing.php(85): view()
#5 /mdevs/mynrc/system/CodeIgniter.php(832): App\Controllers\WhCrossing->whcrossing_sd()
#6 /mdevs/mynrc/system/CodeIgniter.php(419): CodeIgniter\CodeIgniter->runController()
#7 /mdevs/mynrc/system/CodeIgniter.php(326): CodeIgniter\CodeIgniter->handleRequest()
#8 /mdevs/mynrc/public/index.php(37): CodeIgniter\CodeIgniter->run()
#9 {main}
CRITICAL - 2022-09-07 14:23:27 --> Undefined variable: input
#0 /mdevs/mynrc/app/Views/Whcrossing/Whcrossing_shipdoc.php(18): CodeIgniter\Debug\Exceptions->errorHandler()
#1 /mdevs/mynrc/system/View/View.php(210): include('/mdevs/mynrc/ap...')
#2 /mdevs/mynrc/system/View/View.php(213): CodeIgniter\View\View->CodeIgniter\View\{closure}()
#3 /mdevs/mynrc/system/Common.php(1089): CodeIgniter\View\View->render()
#4 /mdevs/mynrc/app/Controllers/WhCrossing.php(85): view()
#5 /mdevs/mynrc/system/CodeIgniter.php(832): App\Controllers\WhCrossing->whcrossing_sd()
#6 /mdevs/mynrc/system/CodeIgniter.php(419): CodeIgniter\CodeIgniter->runController()
#7 /mdevs/mynrc/system/CodeIgniter.php(326): CodeIgniter\CodeIgniter->handleRequest()
#8 /mdevs/mynrc/public/index.php(37): CodeIgniter\CodeIgniter->run()
#9 {main}
CRITICAL - 2022-09-07 14:23:28 --> Undefined variable: input
#0 /mdevs/mynrc/app/Views/Whcrossing/Whcrossing_shipdoc.php(18): CodeIgniter\Debug\Exceptions->errorHandler()
#1 /mdevs/mynrc/system/View/View.php(210): include('/mdevs/mynrc/ap...')
#2 /mdevs/mynrc/system/View/View.php(213): CodeIgniter\View\View->CodeIgniter\View\{closure}()
#3 /mdevs/mynrc/system/Common.php(1089): CodeIgniter\View\View->render()
#4 /mdevs/mynrc/app/Controllers/WhCrossing.php(85): view()
#5 /mdevs/mynrc/system/CodeIgniter.php(832): App\Controllers\WhCrossing->whcrossing_sd()
#6 /mdevs/mynrc/system/CodeIgniter.php(419): CodeIgniter\CodeIgniter->runController()
#7 /mdevs/mynrc/system/CodeIgniter.php(326): CodeIgniter\CodeIgniter->handleRequest()
#8 /mdevs/mynrc/public/index.php(37): CodeIgniter\CodeIgniter->run()
#9 {main}
CRITICAL - 2022-09-07 14:23:28 --> Undefined variable: input
#0 /mdevs/mynrc/app/Views/Whcrossing/Whcrossing_shipdoc.php(18): CodeIgniter\Debug\Exceptions->errorHandler()
#1 /mdevs/mynrc/system/View/View.php(210): include('/mdevs/mynrc/ap...')
#2 /mdevs/mynrc/system/View/View.php(213): CodeIgniter\View\View->CodeIgniter\View\{closure}()
#3 /mdevs/mynrc/system/Common.php(1089): CodeIgniter\View\View->render()
#4 /mdevs/mynrc/app/Controllers/WhCrossing.php(85): view()
#5 /mdevs/mynrc/system/CodeIgniter.php(832): App\Controllers\WhCrossing->whcrossing_sd()
#6 /mdevs/mynrc/system/CodeIgniter.php(419): CodeIgniter\CodeIgniter->runController()
#7 /mdevs/mynrc/system/CodeIgniter.php(326): CodeIgniter\CodeIgniter->handleRequest()
#8 /mdevs/mynrc/public/index.php(37): CodeIgniter\CodeIgniter->run()
#9 {main}
CRITICAL - 2022-09-07 14:23:43 --> Undefined variable: pd_stats
#0 /mdevs/mynrc/app/Views/Whcrossing/Whcrossing_shipdoc.php(358): CodeIgniter\Debug\Exceptions->errorHandler()
#1 /mdevs/mynrc/system/View/View.php(210): include('/mdevs/mynrc/ap...')
#2 /mdevs/mynrc/system/View/View.php(213): CodeIgniter\View\View->CodeIgniter\View\{closure}()
#3 /mdevs/mynrc/system/Common.php(1089): CodeIgniter\View\View->render()
#4 /mdevs/mynrc/app/Controllers/WhCrossing.php(85): view()
#5 /mdevs/mynrc/system/CodeIgniter.php(832): App\Controllers\WhCrossing->whcrossing_sd()
#6 /mdevs/mynrc/system/CodeIgniter.php(419): CodeIgniter\CodeIgniter->runController()
#7 /mdevs/mynrc/system/CodeIgniter.php(326): CodeIgniter\CodeIgniter->handleRequest()
#8 /mdevs/mynrc/public/index.php(37): CodeIgniter\CodeIgniter->run()
#9 {main}
CRITICAL - 2022-09-07 14:23:44 --> Undefined variable: pd_stats
#0 /mdevs/mynrc/app/Views/Whcrossing/Whcrossing_shipdoc.php(358): CodeIgniter\Debug\Exceptions->errorHandler()
#1 /mdevs/mynrc/system/View/View.php(210): include('/mdevs/mynrc/ap...')
#2 /mdevs/mynrc/system/View/View.php(213): CodeIgniter\View\View->CodeIgniter\View\{closure}()
#3 /mdevs/mynrc/system/Common.php(1089): CodeIgniter\View\View->render()
#4 /mdevs/mynrc/app/Controllers/WhCrossing.php(85): view()
#5 /mdevs/mynrc/system/CodeIgniter.php(832): App\Controllers\WhCrossing->whcrossing_sd()
#6 /mdevs/mynrc/system/CodeIgniter.php(419): CodeIgniter\CodeIgniter->runController()
#7 /mdevs/mynrc/system/CodeIgniter.php(326): CodeIgniter\CodeIgniter->handleRequest()
#8 /mdevs/mynrc/public/index.php(37): CodeIgniter\CodeIgniter->run()
#9 {main}
CRITICAL - 2022-09-07 14:23:44 --> Undefined variable: pd_stats
#0 /mdevs/mynrc/app/Views/Whcrossing/Whcrossing_shipdoc.php(358): CodeIgniter\Debug\Exceptions->errorHandler()
#1 /mdevs/mynrc/system/View/View.php(210): include('/mdevs/mynrc/ap...')
#2 /mdevs/mynrc/system/View/View.php(213): CodeIgniter\View\View->CodeIgniter\View\{closure}()
#3 /mdevs/mynrc/system/Common.php(1089): CodeIgniter\View\View->render()
#4 /mdevs/mynrc/app/Controllers/WhCrossing.php(85): view()
#5 /mdevs/mynrc/system/CodeIgniter.php(832): App\Controllers\WhCrossing->whcrossing_sd()
#6 /mdevs/mynrc/system/CodeIgniter.php(419): CodeIgniter\CodeIgniter->runController()
#7 /mdevs/mynrc/system/CodeIgniter.php(326): CodeIgniter\CodeIgniter->handleRequest()
#8 /mdevs/mynrc/public/index.php(37): CodeIgniter\CodeIgniter->run()
#9 {main}
CRITICAL - 2022-09-07 14:23:44 --> Undefined variable: pd_stats
#0 /mdevs/mynrc/app/Views/Whcrossing/Whcrossing_shipdoc.php(358): CodeIgniter\Debug\Exceptions->errorHandler()
#1 /mdevs/mynrc/system/View/View.php(210): include('/mdevs/mynrc/ap...')
#2 /mdevs/mynrc/system/View/View.php(213): CodeIgniter\View\View->CodeIgniter\View\{closure}()
#3 /mdevs/mynrc/system/Common.php(1089): CodeIgniter\View\View->render()
#4 /mdevs/mynrc/app/Controllers/WhCrossing.php(85): view()
#5 /mdevs/mynrc/system/CodeIgniter.php(832): App\Controllers\WhCrossing->whcrossing_sd()
#6 /mdevs/mynrc/system/CodeIgniter.php(419): CodeIgniter\CodeIgniter->runController()
#7 /mdevs/mynrc/system/CodeIgniter.php(326): CodeIgniter\CodeIgniter->handleRequest()
#8 /mdevs/mynrc/public/index.php(37): CodeIgniter\CodeIgniter->run()
#9 {main}
CRITICAL - 2022-09-07 14:23:44 --> Undefined variable: pd_stats
#0 /mdevs/mynrc/app/Views/Whcrossing/Whcrossing_shipdoc.php(358): CodeIgniter\Debug\Exceptions->errorHandler()
#1 /mdevs/mynrc/system/View/View.php(210): include('/mdevs/mynrc/ap...')
#2 /mdevs/mynrc/system/View/View.php(213): CodeIgniter\View\View->CodeIgniter\View\{closure}()
#3 /mdevs/mynrc/system/Common.php(1089): CodeIgniter\View\View->render()
#4 /mdevs/mynrc/app/Controllers/WhCrossing.php(85): view()
#5 /mdevs/mynrc/system/CodeIgniter.php(832): App\Controllers\WhCrossing->whcrossing_sd()
#6 /mdevs/mynrc/system/CodeIgniter.php(419): CodeIgniter\CodeIgniter->runController()
#7 /mdevs/mynrc/system/CodeIgniter.php(326): CodeIgniter\CodeIgniter->handleRequest()
#8 /mdevs/mynrc/public/index.php(37): CodeIgniter\CodeIgniter->run()
#9 {main}
CRITICAL - 2022-09-07 14:23:44 --> Undefined variable: pd_stats
#0 /mdevs/mynrc/app/Views/Whcrossing/Whcrossing_shipdoc.php(358): CodeIgniter\Debug\Exceptions->errorHandler()
#1 /mdevs/mynrc/system/View/View.php(210): include('/mdevs/mynrc/ap...')
#2 /mdevs/mynrc/system/View/View.php(213): CodeIgniter\View\View->CodeIgniter\View\{closure}()
#3 /mdevs/mynrc/system/Common.php(1089): CodeIgniter\View\View->render()
#4 /mdevs/mynrc/app/Controllers/WhCrossing.php(85): view()
#5 /mdevs/mynrc/system/CodeIgniter.php(832): App\Controllers\WhCrossing->whcrossing_sd()
#6 /mdevs/mynrc/system/CodeIgniter.php(419): CodeIgniter\CodeIgniter->runController()
#7 /mdevs/mynrc/system/CodeIgniter.php(326): CodeIgniter\CodeIgniter->handleRequest()
#8 /mdevs/mynrc/public/index.php(37): CodeIgniter\CodeIgniter->run()
#9 {main}
CRITICAL - 2022-09-07 14:23:45 --> Undefined variable: pd_stats
#0 /mdevs/mynrc/app/Views/Whcrossing/Whcrossing_shipdoc.php(358): CodeIgniter\Debug\Exceptions->errorHandler()
#1 /mdevs/mynrc/system/View/View.php(210): include('/mdevs/mynrc/ap...')
#2 /mdevs/mynrc/system/View/View.php(213): CodeIgniter\View\View->CodeIgniter\View\{closure}()
#3 /mdevs/mynrc/system/Common.php(1089): CodeIgniter\View\View->render()
#4 /mdevs/mynrc/app/Controllers/WhCrossing.php(85): view()
#5 /mdevs/mynrc/system/CodeIgniter.php(832): App\Controllers\WhCrossing->whcrossing_sd()
#6 /mdevs/mynrc/system/CodeIgniter.php(419): CodeIgniter\CodeIgniter->runController()
#7 /mdevs/mynrc/system/CodeIgniter.php(326): CodeIgniter\CodeIgniter->handleRequest()
#8 /mdevs/mynrc/public/index.php(37): CodeIgniter\CodeIgniter->run()
#9 {main}
