CRITICAL - 2022-11-14 09:34:31 --> strpos(): Passing null to parameter #1 ($haystack) of type string is deprecated
in APPPATH/Libraries/Fpdf/Fpdf.php on line 1212.
 1 [internal function]: CodeIgniter\Debug\Exceptions->errorHandler()
 2 APPPATH/Libraries/Fpdf/Fpdf.php(1212): strpos()
 3 APPPATH/Libraries/Fpdf/Fpdf.php(634): App\Libraries\Fpdf\Fpdf->_escape()
 4 APPPATH/Views/warehouse_out/warehouse_out_print.php(191): App\Libraries\Fpdf\Fpdf->Cell()
 5 SYSTEMPATH/View/View.php(213): include('APPPATH/Views/warehouse_out/warehouse_out_print.php')
 6 SYSTEMPATH/View/View.php(216): CodeIgniter\View\View->CodeIgniter\View\{closure}()
 7 SYSTEMPATH/Common.php(1142): CodeIgniter\View\View->render()
 8 APPPATH/Controllers/Warehouse_out.php(153): view()
 9 SYSTEMPATH/CodeIgniter.php(902): App\Controllers\Warehouse_out->mywhout_print()
10 SYSTEMPATH/CodeIgniter.php(457): CodeIgniter\CodeIgniter->runController()
11 SYSTEMPATH/CodeIgniter.php(340): CodeIgniter\CodeIgniter->handleRequest()
12 FCPATH/index.php(67): CodeIgniter\CodeIgniter->run()
CRITICAL - 2022-11-14 09:37:03 --> strpos(): Passing null to parameter #1 ($haystack) of type string is deprecated
in APPPATH/Libraries/Fpdf/Fpdf.php on line 1212.
 1 [internal function]: CodeIgniter\Debug\Exceptions->errorHandler()
 2 APPPATH/Libraries/Fpdf/Fpdf.php(1212): strpos()
 3 APPPATH/Libraries/Fpdf/Fpdf.php(634): App\Libraries\Fpdf\Fpdf->_escape()
 4 APPPATH/Views/warehouse_out/warehouse_out_print.php(191): App\Libraries\Fpdf\Fpdf->Cell()
 5 SYSTEMPATH/View/View.php(213): include('APPPATH/Views/warehouse_out/warehouse_out_print.php')
 6 SYSTEMPATH/View/View.php(216): CodeIgniter\View\View->CodeIgniter\View\{closure}()
 7 SYSTEMPATH/Common.php(1142): CodeIgniter\View\View->render()
 8 APPPATH/Controllers/Warehouse_out.php(153): view()
 9 SYSTEMPATH/CodeIgniter.php(902): App\Controllers\Warehouse_out->mywhout_print()
10 SYSTEMPATH/CodeIgniter.php(457): CodeIgniter\CodeIgniter->runController()
11 SYSTEMPATH/CodeIgniter.php(340): CodeIgniter\CodeIgniter->handleRequest()
12 FCPATH/index.php(67): CodeIgniter\CodeIgniter->run()
CRITICAL - 2022-11-14 09:43:12 --> strpos(): Passing null to parameter #1 ($haystack) of type string is deprecated
in APPPATH/Libraries/Fpdf/Fpdf.php on line 1212.
 1 [internal function]: CodeIgniter\Debug\Exceptions->errorHandler()
 2 APPPATH/Libraries/Fpdf/Fpdf.php(1212): strpos()
 3 APPPATH/Libraries/Fpdf/Fpdf.php(634): App\Libraries\Fpdf\Fpdf->_escape()
 4 APPPATH/Views/warehouse_out/warehouse_out_print.php(191): App\Libraries\Fpdf\Fpdf->Cell()
 5 SYSTEMPATH/View/View.php(213): include('APPPATH/Views/warehouse_out/warehouse_out_print.php')
 6 SYSTEMPATH/View/View.php(216): CodeIgniter\View\View->CodeIgniter\View\{closure}()
 7 SYSTEMPATH/Common.php(1142): CodeIgniter\View\View->render()
 8 APPPATH/Controllers/Warehouse_out.php(153): view()
 9 SYSTEMPATH/CodeIgniter.php(902): App\Controllers\Warehouse_out->mywhout_print()
10 SYSTEMPATH/CodeIgniter.php(457): CodeIgniter\CodeIgniter->runController()
11 SYSTEMPATH/CodeIgniter.php(340): CodeIgniter\CodeIgniter->handleRequest()
12 FCPATH/index.php(67): CodeIgniter\CodeIgniter->run()
CRITICAL - 2022-11-14 09:43:13 --> strpos(): Passing null to parameter #1 ($haystack) of type string is deprecated
in APPPATH/Libraries/Fpdf/Fpdf.php on line 1212.
 1 [internal function]: CodeIgniter\Debug\Exceptions->errorHandler()
 2 APPPATH/Libraries/Fpdf/Fpdf.php(1212): strpos()
 3 APPPATH/Libraries/Fpdf/Fpdf.php(634): App\Libraries\Fpdf\Fpdf->_escape()
 4 APPPATH/Views/warehouse_out/warehouse_out_print.php(191): App\Libraries\Fpdf\Fpdf->Cell()
 5 SYSTEMPATH/View/View.php(213): include('APPPATH/Views/warehouse_out/warehouse_out_print.php')
 6 SYSTEMPATH/View/View.php(216): CodeIgniter\View\View->CodeIgniter\View\{closure}()
 7 SYSTEMPATH/Common.php(1142): CodeIgniter\View\View->render()
 8 APPPATH/Controllers/Warehouse_out.php(153): view()
 9 SYSTEMPATH/CodeIgniter.php(902): App\Controllers\Warehouse_out->mywhout_print()
10 SYSTEMPATH/CodeIgniter.php(457): CodeIgniter\CodeIgniter->runController()
11 SYSTEMPATH/CodeIgniter.php(340): CodeIgniter\CodeIgniter->handleRequest()
12 FCPATH/index.php(67): CodeIgniter\CodeIgniter->run()
CRITICAL - 2022-11-14 09:43:13 --> strpos(): Passing null to parameter #1 ($haystack) of type string is deprecated
in APPPATH/Libraries/Fpdf/Fpdf.php on line 1212.
 1 [internal function]: CodeIgniter\Debug\Exceptions->errorHandler()
 2 APPPATH/Libraries/Fpdf/Fpdf.php(1212): strpos()
 3 APPPATH/Libraries/Fpdf/Fpdf.php(634): App\Libraries\Fpdf\Fpdf->_escape()
 4 APPPATH/Views/warehouse_out/warehouse_out_print.php(191): App\Libraries\Fpdf\Fpdf->Cell()
 5 SYSTEMPATH/View/View.php(213): include('APPPATH/Views/warehouse_out/warehouse_out_print.php')
 6 SYSTEMPATH/View/View.php(216): CodeIgniter\View\View->CodeIgniter\View\{closure}()
 7 SYSTEMPATH/Common.php(1142): CodeIgniter\View\View->render()
 8 APPPATH/Controllers/Warehouse_out.php(153): view()
 9 SYSTEMPATH/CodeIgniter.php(902): App\Controllers\Warehouse_out->mywhout_print()
10 SYSTEMPATH/CodeIgniter.php(457): CodeIgniter\CodeIgniter->runController()
11 SYSTEMPATH/CodeIgniter.php(340): CodeIgniter\CodeIgniter->handleRequest()
12 FCPATH/index.php(67): CodeIgniter\CodeIgniter->run()
CRITICAL - 2022-11-14 09:43:14 --> strpos(): Passing null to parameter #1 ($haystack) of type string is deprecated
in APPPATH/Libraries/Fpdf/Fpdf.php on line 1212.
 1 [internal function]: CodeIgniter\Debug\Exceptions->errorHandler()
 2 APPPATH/Libraries/Fpdf/Fpdf.php(1212): strpos()
 3 APPPATH/Libraries/Fpdf/Fpdf.php(634): App\Libraries\Fpdf\Fpdf->_escape()
 4 APPPATH/Views/warehouse_out/warehouse_out_print.php(191): App\Libraries\Fpdf\Fpdf->Cell()
 5 SYSTEMPATH/View/View.php(213): include('APPPATH/Views/warehouse_out/warehouse_out_print.php')
 6 SYSTEMPATH/View/View.php(216): CodeIgniter\View\View->CodeIgniter\View\{closure}()
 7 SYSTEMPATH/Common.php(1142): CodeIgniter\View\View->render()
 8 APPPATH/Controllers/Warehouse_out.php(153): view()
 9 SYSTEMPATH/CodeIgniter.php(902): App\Controllers\Warehouse_out->mywhout_print()
10 SYSTEMPATH/CodeIgniter.php(457): CodeIgniter\CodeIgniter->runController()
11 SYSTEMPATH/CodeIgniter.php(340): CodeIgniter\CodeIgniter->handleRequest()
12 FCPATH/index.php(67): CodeIgniter\CodeIgniter->run()
CRITICAL - 2022-11-14 09:43:15 --> strpos(): Passing null to parameter #1 ($haystack) of type string is deprecated
in APPPATH/Libraries/Fpdf/Fpdf.php on line 1212.
 1 [internal function]: CodeIgniter\Debug\Exceptions->errorHandler()
 2 APPPATH/Libraries/Fpdf/Fpdf.php(1212): strpos()
 3 APPPATH/Libraries/Fpdf/Fpdf.php(634): App\Libraries\Fpdf\Fpdf->_escape()
 4 APPPATH/Views/warehouse_out/warehouse_out_print.php(191): App\Libraries\Fpdf\Fpdf->Cell()
 5 SYSTEMPATH/View/View.php(213): include('APPPATH/Views/warehouse_out/warehouse_out_print.php')
 6 SYSTEMPATH/View/View.php(216): CodeIgniter\View\View->CodeIgniter\View\{closure}()
 7 SYSTEMPATH/Common.php(1142): CodeIgniter\View\View->render()
 8 APPPATH/Controllers/Warehouse_out.php(153): view()
 9 SYSTEMPATH/CodeIgniter.php(902): App\Controllers\Warehouse_out->mywhout_print()
10 SYSTEMPATH/CodeIgniter.php(457): CodeIgniter\CodeIgniter->runController()
11 SYSTEMPATH/CodeIgniter.php(340): CodeIgniter\CodeIgniter->handleRequest()
12 FCPATH/index.php(67): CodeIgniter\CodeIgniter->run()
CRITICAL - 2022-11-14 09:43:15 --> strpos(): Passing null to parameter #1 ($haystack) of type string is deprecated
in APPPATH/Libraries/Fpdf/Fpdf.php on line 1212.
 1 [internal function]: CodeIgniter\Debug\Exceptions->errorHandler()
 2 APPPATH/Libraries/Fpdf/Fpdf.php(1212): strpos()
 3 APPPATH/Libraries/Fpdf/Fpdf.php(634): App\Libraries\Fpdf\Fpdf->_escape()
 4 APPPATH/Views/warehouse_out/warehouse_out_print.php(191): App\Libraries\Fpdf\Fpdf->Cell()
 5 SYSTEMPATH/View/View.php(213): include('APPPATH/Views/warehouse_out/warehouse_out_print.php')
 6 SYSTEMPATH/View/View.php(216): CodeIgniter\View\View->CodeIgniter\View\{closure}()
 7 SYSTEMPATH/Common.php(1142): CodeIgniter\View\View->render()
 8 APPPATH/Controllers/Warehouse_out.php(153): view()
 9 SYSTEMPATH/CodeIgniter.php(902): App\Controllers\Warehouse_out->mywhout_print()
10 SYSTEMPATH/CodeIgniter.php(457): CodeIgniter\CodeIgniter->runController()
11 SYSTEMPATH/CodeIgniter.php(340): CodeIgniter\CodeIgniter->handleRequest()
12 FCPATH/index.php(67): CodeIgniter\CodeIgniter->run()
CRITICAL - 2022-11-14 09:43:20 --> strpos(): Passing null to parameter #1 ($haystack) of type string is deprecated
in APPPATH/Libraries/Fpdf/Fpdf.php on line 1212.
 1 [internal function]: CodeIgniter\Debug\Exceptions->errorHandler()
 2 APPPATH/Libraries/Fpdf/Fpdf.php(1212): strpos()
 3 APPPATH/Libraries/Fpdf/Fpdf.php(634): App\Libraries\Fpdf\Fpdf->_escape()
 4 APPPATH/Views/warehouse_out/warehouse_out_print.php(191): App\Libraries\Fpdf\Fpdf->Cell()
 5 SYSTEMPATH/View/View.php(213): include('APPPATH/Views/warehouse_out/warehouse_out_print.php')
 6 SYSTEMPATH/View/View.php(216): CodeIgniter\View\View->CodeIgniter\View\{closure}()
 7 SYSTEMPATH/Common.php(1142): CodeIgniter\View\View->render()
 8 APPPATH/Controllers/Warehouse_out.php(153): view()
 9 SYSTEMPATH/CodeIgniter.php(902): App\Controllers\Warehouse_out->mywhout_print()
10 SYSTEMPATH/CodeIgniter.php(457): CodeIgniter\CodeIgniter->runController()
11 SYSTEMPATH/CodeIgniter.php(340): CodeIgniter\CodeIgniter->handleRequest()
12 FCPATH/index.php(67): CodeIgniter\CodeIgniter->run()
CRITICAL - 2022-11-14 09:43:21 --> strpos(): Passing null to parameter #1 ($haystack) of type string is deprecated
in APPPATH/Libraries/Fpdf/Fpdf.php on line 1212.
 1 [internal function]: CodeIgniter\Debug\Exceptions->errorHandler()
 2 APPPATH/Libraries/Fpdf/Fpdf.php(1212): strpos()
 3 APPPATH/Libraries/Fpdf/Fpdf.php(634): App\Libraries\Fpdf\Fpdf->_escape()
 4 APPPATH/Views/warehouse_out/warehouse_out_print.php(191): App\Libraries\Fpdf\Fpdf->Cell()
 5 SYSTEMPATH/View/View.php(213): include('APPPATH/Views/warehouse_out/warehouse_out_print.php')
 6 SYSTEMPATH/View/View.php(216): CodeIgniter\View\View->CodeIgniter\View\{closure}()
 7 SYSTEMPATH/Common.php(1142): CodeIgniter\View\View->render()
 8 APPPATH/Controllers/Warehouse_out.php(153): view()
 9 SYSTEMPATH/CodeIgniter.php(902): App\Controllers\Warehouse_out->mywhout_print()
10 SYSTEMPATH/CodeIgniter.php(457): CodeIgniter\CodeIgniter->runController()
11 SYSTEMPATH/CodeIgniter.php(340): CodeIgniter\CodeIgniter->handleRequest()
12 FCPATH/index.php(67): CodeIgniter\CodeIgniter->run()
CRITICAL - 2022-11-14 09:43:32 --> strpos(): Passing null to parameter #1 ($haystack) of type string is deprecated
in APPPATH/Libraries/Fpdf/Fpdf.php on line 1212.
 1 [internal function]: CodeIgniter\Debug\Exceptions->errorHandler()
 2 APPPATH/Libraries/Fpdf/Fpdf.php(1212): strpos()
 3 APPPATH/Libraries/Fpdf/Fpdf.php(634): App\Libraries\Fpdf\Fpdf->_escape()
 4 APPPATH/Views/warehouse_out/warehouse_out_print.php(191): App\Libraries\Fpdf\Fpdf->Cell()
 5 SYSTEMPATH/View/View.php(213): include('APPPATH/Views/warehouse_out/warehouse_out_print.php')
 6 SYSTEMPATH/View/View.php(216): CodeIgniter\View\View->CodeIgniter\View\{closure}()
 7 SYSTEMPATH/Common.php(1142): CodeIgniter\View\View->render()
 8 APPPATH/Controllers/Warehouse_out.php(153): view()
 9 SYSTEMPATH/CodeIgniter.php(902): App\Controllers\Warehouse_out->mywhout_print()
10 SYSTEMPATH/CodeIgniter.php(457): CodeIgniter\CodeIgniter->runController()
11 SYSTEMPATH/CodeIgniter.php(340): CodeIgniter\CodeIgniter->handleRequest()
12 FCPATH/index.php(67): CodeIgniter\CodeIgniter->run()
CRITICAL - 2022-11-14 09:43:35 --> strpos(): Passing null to parameter #1 ($haystack) of type string is deprecated
in APPPATH/Libraries/Fpdf/Fpdf.php on line 1212.
 1 [internal function]: CodeIgniter\Debug\Exceptions->errorHandler()
 2 APPPATH/Libraries/Fpdf/Fpdf.php(1212): strpos()
 3 APPPATH/Libraries/Fpdf/Fpdf.php(634): App\Libraries\Fpdf\Fpdf->_escape()
 4 APPPATH/Views/warehouse_out/warehouse_out_fprint.php(192): App\Libraries\Fpdf\Fpdf->Cell()
 5 SYSTEMPATH/View/View.php(213): include('APPPATH/Views/warehouse_out/warehouse_out_fprint.php')
 6 SYSTEMPATH/View/View.php(216): CodeIgniter\View\View->CodeIgniter\View\{closure}()
 7 SYSTEMPATH/Common.php(1142): CodeIgniter\View\View->render()
 8 APPPATH/Controllers/Warehouse_out.php(174): view()
 9 SYSTEMPATH/CodeIgniter.php(902): App\Controllers\Warehouse_out->mywhout_fprint()
10 SYSTEMPATH/CodeIgniter.php(457): CodeIgniter\CodeIgniter->runController()
11 SYSTEMPATH/CodeIgniter.php(340): CodeIgniter\CodeIgniter->handleRequest()
12 FCPATH/index.php(67): CodeIgniter\CodeIgniter->run()
CRITICAL - 2022-11-14 09:49:51 --> strpos(): Passing null to parameter #1 ($haystack) of type string is deprecated
in APPPATH/Libraries/Fpdf/Fpdf.php on line 1212.
 1 [internal function]: CodeIgniter\Debug\Exceptions->errorHandler()
 2 APPPATH/Libraries/Fpdf/Fpdf.php(1212): strpos()
 3 APPPATH/Libraries/Fpdf/Fpdf.php(634): App\Libraries\Fpdf\Fpdf->_escape()
 4 APPPATH/Views/warehouse_out/warehouse_out_print.php(191): App\Libraries\Fpdf\Fpdf->Cell()
 5 SYSTEMPATH/View/View.php(213): include('APPPATH/Views/warehouse_out/warehouse_out_print.php')
 6 SYSTEMPATH/View/View.php(216): CodeIgniter\View\View->CodeIgniter\View\{closure}()
 7 SYSTEMPATH/Common.php(1142): CodeIgniter\View\View->render()
 8 APPPATH/Controllers/Warehouse_out.php(153): view()
 9 SYSTEMPATH/CodeIgniter.php(902): App\Controllers\Warehouse_out->mywhout_print()
10 SYSTEMPATH/CodeIgniter.php(457): CodeIgniter\CodeIgniter->runController()
11 SYSTEMPATH/CodeIgniter.php(340): CodeIgniter\CodeIgniter->handleRequest()
12 FCPATH/index.php(67): CodeIgniter\CodeIgniter->run()
ERROR - 2022-11-14 09:55:00 --> mysqli_sql_exception: You have an error in your SQL syntax; check the manual that corresponds to your MariaDB server version for the right syntax to use near 'where sha2(concat(aa.recid,'181-1mysyzerpmy'),384) = '758b34d27370b35a808f7cb...' at line 15 in /medata/appdevs/mynlinksc/system/Database/MySQLi/Connection.php:292
Stack trace:
#0 /medata/appdevs/mynlinksc/system/Database/MySQLi/Connection.php(292): mysqli->query()
#1 /medata/appdevs/mynlinksc/system/Database/BaseConnection.php(693): CodeIgniter\Database\MySQLi\Connection->execute()
#2 /medata/appdevs/mynlinksc/system/Database/BaseConnection.php(620): CodeIgniter\Database\BaseConnection->simpleQuery()
#3 /medata/appdevs/mynlinksc/app/Models/MyLibzDBModel.php(19): CodeIgniter\Database\BaseConnection->query()
#4 /medata/appdevs/mynlinksc/app/Views/mtap/trx-purchase-order-print.php(51): App\Models\MyLibzDBModel->myoa_sql_exec()
#5 /medata/appdevs/mynlinksc/system/View/View.php(213): include('...')
#6 /medata/appdevs/mynlinksc/system/View/View.php(216): CodeIgniter\View\View->CodeIgniter\View\{closure}()
#7 /medata/appdevs/mynlinksc/system/Common.php(1142): CodeIgniter\View\View->render()
#8 /medata/appdevs/mynlinksc/app/Controllers/Md_purchase.php(54): view()
#9 /medata/appdevs/mynlinksc/system/CodeIgniter.php(902): App\Controllers\Md_purchase->purchase_print()
#10 /medata/appdevs/mynlinksc/system/CodeIgniter.php(457): CodeIgniter\CodeIgniter->runController()
#11 /medata/appdevs/mynlinksc/system/CodeIgniter.php(340): CodeIgniter\CodeIgniter->handleRequest()
#12 /medata/appdevs/mynlinksc/public/index.php(67): CodeIgniter\CodeIgniter->run()
#13 {main}
CRITICAL - 2022-11-14 09:57:49 --> Undefined variable $approved_fullname1
in APPPATH/Views/mtap/trx-purchase-order-print.php on line 571.
 1 APPPATH/Views/mtap/trx-purchase-order-print.php(571): CodeIgniter\Debug\Exceptions->errorHandler()
 2 SYSTEMPATH/View/View.php(213): include('APPPATH/Views/mtap/trx-purchase-order-print.php')
 3 SYSTEMPATH/View/View.php(216): CodeIgniter\View\View->CodeIgniter\View\{closure}()
 4 SYSTEMPATH/Common.php(1142): CodeIgniter\View\View->render()
 5 APPPATH/Controllers/Md_purchase.php(54): view()
 6 SYSTEMPATH/CodeIgniter.php(902): App\Controllers\Md_purchase->purchase_print()
 7 SYSTEMPATH/CodeIgniter.php(457): CodeIgniter\CodeIgniter->runController()
 8 SYSTEMPATH/CodeIgniter.php(340): CodeIgniter\CodeIgniter->handleRequest()
 9 FCPATH/index.php(67): CodeIgniter\CodeIgniter->run()
CRITICAL - 2022-11-14 10:28:36 --> Undefined variable $approved_fullname2
in APPPATH/Views/mtap/trx-purchase-order-print.php on line 571.
 1 APPPATH/Views/mtap/trx-purchase-order-print.php(571): CodeIgniter\Debug\Exceptions->errorHandler()
 2 SYSTEMPATH/View/View.php(213): include('APPPATH/Views/mtap/trx-purchase-order-print.php')
 3 SYSTEMPATH/View/View.php(216): CodeIgniter\View\View->CodeIgniter\View\{closure}()
 4 SYSTEMPATH/Common.php(1142): CodeIgniter\View\View->render()
 5 APPPATH/Controllers/Md_purchase.php(54): view()
 6 SYSTEMPATH/CodeIgniter.php(902): App\Controllers\Md_purchase->purchase_print()
 7 SYSTEMPATH/CodeIgniter.php(457): CodeIgniter\CodeIgniter->runController()
 8 SYSTEMPATH/CodeIgniter.php(340): CodeIgniter\CodeIgniter->handleRequest()
 9 FCPATH/index.php(67): CodeIgniter\CodeIgniter->run()
CRITICAL - 2022-11-14 11:21:26 --> strpos(): Passing null to parameter #1 ($haystack) of type string is deprecated
in APPPATH/Libraries/Fpdf/Fpdf.php on line 1212.
 1 [internal function]: CodeIgniter\Debug\Exceptions->errorHandler()
 2 APPPATH/Libraries/Fpdf/Fpdf.php(1212): strpos()
 3 APPPATH/Libraries/Fpdf/Fpdf.php(634): App\Libraries\Fpdf\Fpdf->_escape()
 4 APPPATH/Views/warehouse_out/warehouse_out_print.php(191): App\Libraries\Fpdf\Fpdf->Cell()
 5 SYSTEMPATH/View/View.php(213): include('APPPATH/Views/warehouse_out/warehouse_out_print.php')
 6 SYSTEMPATH/View/View.php(216): CodeIgniter\View\View->CodeIgniter\View\{closure}()
 7 SYSTEMPATH/Common.php(1142): CodeIgniter\View\View->render()
 8 APPPATH/Controllers/Warehouse_out.php(153): view()
 9 SYSTEMPATH/CodeIgniter.php(902): App\Controllers\Warehouse_out->mywhout_print()
10 SYSTEMPATH/CodeIgniter.php(457): CodeIgniter\CodeIgniter->runController()
11 SYSTEMPATH/CodeIgniter.php(340): CodeIgniter\CodeIgniter->handleRequest()
12 FCPATH/index.php(67): CodeIgniter\CodeIgniter->run()
CRITICAL - 2022-11-14 11:23:54 --> strpos(): Passing null to parameter #1 ($haystack) of type string is deprecated
in APPPATH/Libraries/Fpdf/Fpdf.php on line 1212.
 1 [internal function]: CodeIgniter\Debug\Exceptions->errorHandler()
 2 APPPATH/Libraries/Fpdf/Fpdf.php(1212): strpos()
 3 APPPATH/Libraries/Fpdf/Fpdf.php(634): App\Libraries\Fpdf\Fpdf->_escape()
 4 APPPATH/Views/warehouse_out/warehouse_out_print.php(191): App\Libraries\Fpdf\Fpdf->Cell()
 5 SYSTEMPATH/View/View.php(213): include('APPPATH/Views/warehouse_out/warehouse_out_print.php')
 6 SYSTEMPATH/View/View.php(216): CodeIgniter\View\View->CodeIgniter\View\{closure}()
 7 SYSTEMPATH/Common.php(1142): CodeIgniter\View\View->render()
 8 APPPATH/Controllers/Warehouse_out.php(153): view()
 9 SYSTEMPATH/CodeIgniter.php(902): App\Controllers\Warehouse_out->mywhout_print()
10 SYSTEMPATH/CodeIgniter.php(457): CodeIgniter\CodeIgniter->runController()
11 SYSTEMPATH/CodeIgniter.php(340): CodeIgniter\CodeIgniter->handleRequest()
12 FCPATH/index.php(67): CodeIgniter\CodeIgniter->run()
CRITICAL - 2022-11-14 11:24:44 --> strpos(): Passing null to parameter #1 ($haystack) of type string is deprecated
in APPPATH/Libraries/Fpdf/Fpdf.php on line 1212.
 1 [internal function]: CodeIgniter\Debug\Exceptions->errorHandler()
 2 APPPATH/Libraries/Fpdf/Fpdf.php(1212): strpos()
 3 APPPATH/Libraries/Fpdf/Fpdf.php(634): App\Libraries\Fpdf\Fpdf->_escape()
 4 APPPATH/Views/warehouse_out/warehouse_out_print.php(191): App\Libraries\Fpdf\Fpdf->Cell()
 5 SYSTEMPATH/View/View.php(213): include('APPPATH/Views/warehouse_out/warehouse_out_print.php')
 6 SYSTEMPATH/View/View.php(216): CodeIgniter\View\View->CodeIgniter\View\{closure}()
 7 SYSTEMPATH/Common.php(1142): CodeIgniter\View\View->render()
 8 APPPATH/Controllers/Warehouse_out.php(153): view()
 9 SYSTEMPATH/CodeIgniter.php(902): App\Controllers\Warehouse_out->mywhout_print()
10 SYSTEMPATH/CodeIgniter.php(457): CodeIgniter\CodeIgniter->runController()
11 SYSTEMPATH/CodeIgniter.php(340): CodeIgniter\CodeIgniter->handleRequest()
12 FCPATH/index.php(67): CodeIgniter\CodeIgniter->run()
CRITICAL - 2022-11-14 11:25:24 --> strpos(): Passing null to parameter #1 ($haystack) of type string is deprecated
in APPPATH/Libraries/Fpdf/Fpdf.php on line 1212.
 1 [internal function]: CodeIgniter\Debug\Exceptions->errorHandler()
 2 APPPATH/Libraries/Fpdf/Fpdf.php(1212): strpos()
 3 APPPATH/Libraries/Fpdf/Fpdf.php(634): App\Libraries\Fpdf\Fpdf->_escape()
 4 APPPATH/Views/warehouse_out/warehouse_out_print.php(191): App\Libraries\Fpdf\Fpdf->Cell()
 5 SYSTEMPATH/View/View.php(213): include('APPPATH/Views/warehouse_out/warehouse_out_print.php')
 6 SYSTEMPATH/View/View.php(216): CodeIgniter\View\View->CodeIgniter\View\{closure}()
 7 SYSTEMPATH/Common.php(1142): CodeIgniter\View\View->render()
 8 APPPATH/Controllers/Warehouse_out.php(153): view()
 9 SYSTEMPATH/CodeIgniter.php(902): App\Controllers\Warehouse_out->mywhout_print()
10 SYSTEMPATH/CodeIgniter.php(457): CodeIgniter\CodeIgniter->runController()
11 SYSTEMPATH/CodeIgniter.php(340): CodeIgniter\CodeIgniter->handleRequest()
12 FCPATH/index.php(67): CodeIgniter\CodeIgniter->run()
CRITICAL - 2022-11-14 11:25:26 --> strpos(): Passing null to parameter #1 ($haystack) of type string is deprecated
in APPPATH/Libraries/Fpdf/Fpdf.php on line 1212.
 1 [internal function]: CodeIgniter\Debug\Exceptions->errorHandler()
 2 APPPATH/Libraries/Fpdf/Fpdf.php(1212): strpos()
 3 APPPATH/Libraries/Fpdf/Fpdf.php(634): App\Libraries\Fpdf\Fpdf->_escape()
 4 APPPATH/Views/warehouse_out/warehouse_out_print.php(191): App\Libraries\Fpdf\Fpdf->Cell()
 5 SYSTEMPATH/View/View.php(213): include('APPPATH/Views/warehouse_out/warehouse_out_print.php')
 6 SYSTEMPATH/View/View.php(216): CodeIgniter\View\View->CodeIgniter\View\{closure}()
 7 SYSTEMPATH/Common.php(1142): CodeIgniter\View\View->render()
 8 APPPATH/Controllers/Warehouse_out.php(153): view()
 9 SYSTEMPATH/CodeIgniter.php(902): App\Controllers\Warehouse_out->mywhout_print()
10 SYSTEMPATH/CodeIgniter.php(457): CodeIgniter\CodeIgniter->runController()
11 SYSTEMPATH/CodeIgniter.php(340): CodeIgniter\CodeIgniter->handleRequest()
12 FCPATH/index.php(67): CodeIgniter\CodeIgniter->run()
CRITICAL - 2022-11-14 11:25:29 --> strpos(): Passing null to parameter #1 ($haystack) of type string is deprecated
in APPPATH/Libraries/Fpdf/Fpdf.php on line 1212.
 1 [internal function]: CodeIgniter\Debug\Exceptions->errorHandler()
 2 APPPATH/Libraries/Fpdf/Fpdf.php(1212): strpos()
 3 APPPATH/Libraries/Fpdf/Fpdf.php(634): App\Libraries\Fpdf\Fpdf->_escape()
 4 APPPATH/Views/warehouse_out/warehouse_out_print.php(191): App\Libraries\Fpdf\Fpdf->Cell()
 5 SYSTEMPATH/View/View.php(213): include('APPPATH/Views/warehouse_out/warehouse_out_print.php')
 6 SYSTEMPATH/View/View.php(216): CodeIgniter\View\View->CodeIgniter\View\{closure}()
 7 SYSTEMPATH/Common.php(1142): CodeIgniter\View\View->render()
 8 APPPATH/Controllers/Warehouse_out.php(153): view()
 9 SYSTEMPATH/CodeIgniter.php(902): App\Controllers\Warehouse_out->mywhout_print()
10 SYSTEMPATH/CodeIgniter.php(457): CodeIgniter\CodeIgniter->runController()
11 SYSTEMPATH/CodeIgniter.php(340): CodeIgniter\CodeIgniter->handleRequest()
12 FCPATH/index.php(67): CodeIgniter\CodeIgniter->run()
ERROR - 2022-11-14 13:47:01 --> mysqli_sql_exception: You have an error in your SQL syntax; check the manual that corresponds to your MariaDB server version for the right syntax to use near '` bb on(aa.`art_rid` = bb.recid)) 
	join d_ap2.mst_plant cc on (cc.`recid` = ...' at line 10 in /medata/appdevs/mynlinksc/system/Database/MySQLi/Connection.php:292
Stack trace:
#0 /medata/appdevs/mynlinksc/system/Database/MySQLi/Connection.php(292): mysqli->query()
#1 /medata/appdevs/mynlinksc/system/Database/BaseConnection.php(693): CodeIgniter\Database\MySQLi\Connection->execute()
#2 /medata/appdevs/mynlinksc/system/Database/BaseConnection.php(620): CodeIgniter\Database\BaseConnection->simpleQuery()
#3 /medata/appdevs/mynlinksc/app/Models/MyLibzDBModel.php(19): CodeIgniter\Database\BaseConnection->query()
#4 /medata/appdevs/mynlinksc/app/Views/mtap/trx-purchase-order-print.php(211): App\Models\MyLibzDBModel->myoa_sql_exec()
#5 /medata/appdevs/mynlinksc/system/View/View.php(213): include('...')
#6 /medata/appdevs/mynlinksc/system/View/View.php(216): CodeIgniter\View\View->CodeIgniter\View\{closure}()
#7 /medata/appdevs/mynlinksc/system/Common.php(1142): CodeIgniter\View\View->render()
#8 /medata/appdevs/mynlinksc/app/Controllers/Md_purchase.php(54): view()
#9 /medata/appdevs/mynlinksc/system/CodeIgniter.php(902): App\Controllers\Md_purchase->purchase_print()
#10 /medata/appdevs/mynlinksc/system/CodeIgniter.php(457): CodeIgniter\CodeIgniter->runController()
#11 /medata/appdevs/mynlinksc/system/CodeIgniter.php(340): CodeIgniter\CodeIgniter->handleRequest()
#12 /medata/appdevs/mynlinksc/public/index.php(67): CodeIgniter\CodeIgniter->run()
#13 {main}
ERROR - 2022-11-14 13:48:57 --> mysqli_sql_exception: Unknown table 'd_ap2.aa' in /medata/appdevs/mynlinksc/system/Database/MySQLi/Connection.php:292
Stack trace:
#0 /medata/appdevs/mynlinksc/system/Database/MySQLi/Connection.php(292): mysqli->query()
#1 /medata/appdevs/mynlinksc/system/Database/BaseConnection.php(693): CodeIgniter\Database\MySQLi\Connection->execute()
#2 /medata/appdevs/mynlinksc/system/Database/BaseConnection.php(620): CodeIgniter\Database\BaseConnection->simpleQuery()
#3 /medata/appdevs/mynlinksc/app/Models/MyLibzDBModel.php(19): CodeIgniter\Database\BaseConnection->query()
#4 /medata/appdevs/mynlinksc/app/Views/mtap/trx-purchase-order-print.php(211): App\Models\MyLibzDBModel->myoa_sql_exec()
#5 /medata/appdevs/mynlinksc/system/View/View.php(213): include('...')
#6 /medata/appdevs/mynlinksc/system/View/View.php(216): CodeIgniter\View\View->CodeIgniter\View\{closure}()
#7 /medata/appdevs/mynlinksc/system/Common.php(1142): CodeIgniter\View\View->render()
#8 /medata/appdevs/mynlinksc/app/Controllers/Md_purchase.php(54): view()
#9 /medata/appdevs/mynlinksc/system/CodeIgniter.php(902): App\Controllers\Md_purchase->purchase_print()
#10 /medata/appdevs/mynlinksc/system/CodeIgniter.php(457): CodeIgniter\CodeIgniter->runController()
#11 /medata/appdevs/mynlinksc/system/CodeIgniter.php(340): CodeIgniter\CodeIgniter->handleRequest()
#12 /medata/appdevs/mynlinksc/public/index.php(67): CodeIgniter\CodeIgniter->run()
#13 {main}
ERROR - 2022-11-14 13:49:52 --> mysqli_sql_exception: Unknown column 'a.mat_rid' in 'on clause' in /medata/appdevs/mynlinksc/system/Database/MySQLi/Connection.php:292
Stack trace:
#0 /medata/appdevs/mynlinksc/system/Database/MySQLi/Connection.php(292): mysqli->query()
#1 /medata/appdevs/mynlinksc/system/Database/BaseConnection.php(693): CodeIgniter\Database\MySQLi\Connection->execute()
#2 /medata/appdevs/mynlinksc/system/Database/BaseConnection.php(620): CodeIgniter\Database\BaseConnection->simpleQuery()
#3 /medata/appdevs/mynlinksc/app/Models/MyLibzDBModel.php(19): CodeIgniter\Database\BaseConnection->query()
#4 /medata/appdevs/mynlinksc/app/Views/mtap/trx-purchase-order-print.php(339): App\Models\MyLibzDBModel->myoa_sql_exec()
#5 /medata/appdevs/mynlinksc/system/View/View.php(213): include('...')
#6 /medata/appdevs/mynlinksc/system/View/View.php(216): CodeIgniter\View\View->CodeIgniter\View\{closure}()
#7 /medata/appdevs/mynlinksc/system/Common.php(1142): CodeIgniter\View\View->render()
#8 /medata/appdevs/mynlinksc/app/Controllers/Md_purchase.php(54): view()
#9 /medata/appdevs/mynlinksc/system/CodeIgniter.php(902): App\Controllers\Md_purchase->purchase_print()
#10 /medata/appdevs/mynlinksc/system/CodeIgniter.php(457): CodeIgniter\CodeIgniter->runController()
#11 /medata/appdevs/mynlinksc/system/CodeIgniter.php(340): CodeIgniter\CodeIgniter->handleRequest()
#12 /medata/appdevs/mynlinksc/public/index.php(67): CodeIgniter\CodeIgniter->run()
#13 {main}
CRITICAL - 2022-11-14 14:02:20 --> strpos(): Passing null to parameter #1 ($haystack) of type string is deprecated
in APPPATH/Libraries/Fpdf/Fpdf.php on line 1212.
 1 [internal function]: CodeIgniter\Debug\Exceptions->errorHandler()
 2 APPPATH/Libraries/Fpdf/Fpdf.php(1212): strpos()
 3 APPPATH/Libraries/Fpdf/Fpdf.php(634): App\Libraries\Fpdf\Fpdf->_escape()
 4 APPPATH/Views/warehouse_out/warehouse_out_print.php(191): App\Libraries\Fpdf\Fpdf->Cell()
 5 SYSTEMPATH/View/View.php(213): include('APPPATH/Views/warehouse_out/warehouse_out_print.php')
 6 SYSTEMPATH/View/View.php(216): CodeIgniter\View\View->CodeIgniter\View\{closure}()
 7 SYSTEMPATH/Common.php(1142): CodeIgniter\View\View->render()
 8 APPPATH/Controllers/Warehouse_out.php(153): view()
 9 SYSTEMPATH/CodeIgniter.php(902): App\Controllers\Warehouse_out->mywhout_print()
10 SYSTEMPATH/CodeIgniter.php(457): CodeIgniter\CodeIgniter->runController()
11 SYSTEMPATH/CodeIgniter.php(340): CodeIgniter\CodeIgniter->handleRequest()
12 FCPATH/index.php(67): CodeIgniter\CodeIgniter->run()
CRITICAL - 2022-11-14 14:07:56 --> strpos(): Passing null to parameter #1 ($haystack) of type string is deprecated
in APPPATH/Libraries/Fpdf/Fpdf.php on line 1212.
 1 [internal function]: CodeIgniter\Debug\Exceptions->errorHandler()
 2 APPPATH/Libraries/Fpdf/Fpdf.php(1212): strpos()
 3 APPPATH/Libraries/Fpdf/Fpdf.php(634): App\Libraries\Fpdf\Fpdf->_escape()
 4 APPPATH/Views/warehouse_out/warehouse_out_print.php(191): App\Libraries\Fpdf\Fpdf->Cell()
 5 SYSTEMPATH/View/View.php(213): include('APPPATH/Views/warehouse_out/warehouse_out_print.php')
 6 SYSTEMPATH/View/View.php(216): CodeIgniter\View\View->CodeIgniter\View\{closure}()
 7 SYSTEMPATH/Common.php(1142): CodeIgniter\View\View->render()
 8 APPPATH/Controllers/Warehouse_out.php(153): view()
 9 SYSTEMPATH/CodeIgniter.php(902): App\Controllers\Warehouse_out->mywhout_print()
10 SYSTEMPATH/CodeIgniter.php(457): CodeIgniter\CodeIgniter->runController()
11 SYSTEMPATH/CodeIgniter.php(340): CodeIgniter\CodeIgniter->handleRequest()
12 FCPATH/index.php(67): CodeIgniter\CodeIgniter->run()
CRITICAL - 2022-11-14 14:07:58 --> strpos(): Passing null to parameter #1 ($haystack) of type string is deprecated
in APPPATH/Libraries/Fpdf/Fpdf.php on line 1212.
 1 [internal function]: CodeIgniter\Debug\Exceptions->errorHandler()
 2 APPPATH/Libraries/Fpdf/Fpdf.php(1212): strpos()
 3 APPPATH/Libraries/Fpdf/Fpdf.php(634): App\Libraries\Fpdf\Fpdf->_escape()
 4 APPPATH/Views/warehouse_out/warehouse_out_print.php(191): App\Libraries\Fpdf\Fpdf->Cell()
 5 SYSTEMPATH/View/View.php(213): include('APPPATH/Views/warehouse_out/warehouse_out_print.php')
 6 SYSTEMPATH/View/View.php(216): CodeIgniter\View\View->CodeIgniter\View\{closure}()
 7 SYSTEMPATH/Common.php(1142): CodeIgniter\View\View->render()
 8 APPPATH/Controllers/Warehouse_out.php(153): view()
 9 SYSTEMPATH/CodeIgniter.php(902): App\Controllers\Warehouse_out->mywhout_print()
10 SYSTEMPATH/CodeIgniter.php(457): CodeIgniter\CodeIgniter->runController()
11 SYSTEMPATH/CodeIgniter.php(340): CodeIgniter\CodeIgniter->handleRequest()
12 FCPATH/index.php(67): CodeIgniter\CodeIgniter->run()
CRITICAL - 2022-11-14 14:08:58 --> strpos(): Passing null to parameter #1 ($haystack) of type string is deprecated
in APPPATH/Libraries/Fpdf/Fpdf.php on line 1212.
 1 [internal function]: CodeIgniter\Debug\Exceptions->errorHandler()
 2 APPPATH/Libraries/Fpdf/Fpdf.php(1212): strpos()
 3 APPPATH/Libraries/Fpdf/Fpdf.php(634): App\Libraries\Fpdf\Fpdf->_escape()
 4 APPPATH/Views/warehouse_out/warehouse_out_print.php(191): App\Libraries\Fpdf\Fpdf->Cell()
 5 SYSTEMPATH/View/View.php(213): include('APPPATH/Views/warehouse_out/warehouse_out_print.php')
 6 SYSTEMPATH/View/View.php(216): CodeIgniter\View\View->CodeIgniter\View\{closure}()
 7 SYSTEMPATH/Common.php(1142): CodeIgniter\View\View->render()
 8 APPPATH/Controllers/Warehouse_out.php(153): view()
 9 SYSTEMPATH/CodeIgniter.php(902): App\Controllers\Warehouse_out->mywhout_print()
10 SYSTEMPATH/CodeIgniter.php(457): CodeIgniter\CodeIgniter->runController()
11 SYSTEMPATH/CodeIgniter.php(340): CodeIgniter\CodeIgniter->handleRequest()
12 FCPATH/index.php(67): CodeIgniter\CodeIgniter->run()
CRITICAL - 2022-11-14 14:08:59 --> strpos(): Passing null to parameter #1 ($haystack) of type string is deprecated
in APPPATH/Libraries/Fpdf/Fpdf.php on line 1212.
 1 [internal function]: CodeIgniter\Debug\Exceptions->errorHandler()
 2 APPPATH/Libraries/Fpdf/Fpdf.php(1212): strpos()
 3 APPPATH/Libraries/Fpdf/Fpdf.php(634): App\Libraries\Fpdf\Fpdf->_escape()
 4 APPPATH/Views/warehouse_out/warehouse_out_print.php(191): App\Libraries\Fpdf\Fpdf->Cell()
 5 SYSTEMPATH/View/View.php(213): include('APPPATH/Views/warehouse_out/warehouse_out_print.php')
 6 SYSTEMPATH/View/View.php(216): CodeIgniter\View\View->CodeIgniter\View\{closure}()
 7 SYSTEMPATH/Common.php(1142): CodeIgniter\View\View->render()
 8 APPPATH/Controllers/Warehouse_out.php(153): view()
 9 SYSTEMPATH/CodeIgniter.php(902): App\Controllers\Warehouse_out->mywhout_print()
10 SYSTEMPATH/CodeIgniter.php(457): CodeIgniter\CodeIgniter->runController()
11 SYSTEMPATH/CodeIgniter.php(340): CodeIgniter\CodeIgniter->handleRequest()
12 FCPATH/index.php(67): CodeIgniter\CodeIgniter->run()
CRITICAL - 2022-11-14 14:08:59 --> strpos(): Passing null to parameter #1 ($haystack) of type string is deprecated
in APPPATH/Libraries/Fpdf/Fpdf.php on line 1212.
 1 [internal function]: CodeIgniter\Debug\Exceptions->errorHandler()
 2 APPPATH/Libraries/Fpdf/Fpdf.php(1212): strpos()
 3 APPPATH/Libraries/Fpdf/Fpdf.php(634): App\Libraries\Fpdf\Fpdf->_escape()
 4 APPPATH/Views/warehouse_out/warehouse_out_print.php(191): App\Libraries\Fpdf\Fpdf->Cell()
 5 SYSTEMPATH/View/View.php(213): include('APPPATH/Views/warehouse_out/warehouse_out_print.php')
 6 SYSTEMPATH/View/View.php(216): CodeIgniter\View\View->CodeIgniter\View\{closure}()
 7 SYSTEMPATH/Common.php(1142): CodeIgniter\View\View->render()
 8 APPPATH/Controllers/Warehouse_out.php(153): view()
 9 SYSTEMPATH/CodeIgniter.php(902): App\Controllers\Warehouse_out->mywhout_print()
10 SYSTEMPATH/CodeIgniter.php(457): CodeIgniter\CodeIgniter->runController()
11 SYSTEMPATH/CodeIgniter.php(340): CodeIgniter\CodeIgniter->handleRequest()
12 FCPATH/index.php(67): CodeIgniter\CodeIgniter->run()
CRITICAL - 2022-11-14 14:08:59 --> strpos(): Passing null to parameter #1 ($haystack) of type string is deprecated
in APPPATH/Libraries/Fpdf/Fpdf.php on line 1212.
 1 [internal function]: CodeIgniter\Debug\Exceptions->errorHandler()
 2 APPPATH/Libraries/Fpdf/Fpdf.php(1212): strpos()
 3 APPPATH/Libraries/Fpdf/Fpdf.php(634): App\Libraries\Fpdf\Fpdf->_escape()
 4 APPPATH/Views/warehouse_out/warehouse_out_print.php(191): App\Libraries\Fpdf\Fpdf->Cell()
 5 SYSTEMPATH/View/View.php(213): include('APPPATH/Views/warehouse_out/warehouse_out_print.php')
 6 SYSTEMPATH/View/View.php(216): CodeIgniter\View\View->CodeIgniter\View\{closure}()
 7 SYSTEMPATH/Common.php(1142): CodeIgniter\View\View->render()
 8 APPPATH/Controllers/Warehouse_out.php(153): view()
 9 SYSTEMPATH/CodeIgniter.php(902): App\Controllers\Warehouse_out->mywhout_print()
10 SYSTEMPATH/CodeIgniter.php(457): CodeIgniter\CodeIgniter->runController()
11 SYSTEMPATH/CodeIgniter.php(340): CodeIgniter\CodeIgniter->handleRequest()
12 FCPATH/index.php(67): CodeIgniter\CodeIgniter->run()
CRITICAL - 2022-11-14 14:09:00 --> strpos(): Passing null to parameter #1 ($haystack) of type string is deprecated
in APPPATH/Libraries/Fpdf/Fpdf.php on line 1212.
 1 [internal function]: CodeIgniter\Debug\Exceptions->errorHandler()
 2 APPPATH/Libraries/Fpdf/Fpdf.php(1212): strpos()
 3 APPPATH/Libraries/Fpdf/Fpdf.php(634): App\Libraries\Fpdf\Fpdf->_escape()
 4 APPPATH/Views/warehouse_out/warehouse_out_print.php(191): App\Libraries\Fpdf\Fpdf->Cell()
 5 SYSTEMPATH/View/View.php(213): include('APPPATH/Views/warehouse_out/warehouse_out_print.php')
 6 SYSTEMPATH/View/View.php(216): CodeIgniter\View\View->CodeIgniter\View\{closure}()
 7 SYSTEMPATH/Common.php(1142): CodeIgniter\View\View->render()
 8 APPPATH/Controllers/Warehouse_out.php(153): view()
 9 SYSTEMPATH/CodeIgniter.php(902): App\Controllers\Warehouse_out->mywhout_print()
10 SYSTEMPATH/CodeIgniter.php(457): CodeIgniter\CodeIgniter->runController()
11 SYSTEMPATH/CodeIgniter.php(340): CodeIgniter\CodeIgniter->handleRequest()
12 FCPATH/index.php(67): CodeIgniter\CodeIgniter->run()
CRITICAL - 2022-11-14 14:09:08 --> strpos(): Passing null to parameter #1 ($haystack) of type string is deprecated
in APPPATH/Libraries/Fpdf/Fpdf.php on line 1212.
 1 [internal function]: CodeIgniter\Debug\Exceptions->errorHandler()
 2 APPPATH/Libraries/Fpdf/Fpdf.php(1212): strpos()
 3 APPPATH/Libraries/Fpdf/Fpdf.php(634): App\Libraries\Fpdf\Fpdf->_escape()
 4 APPPATH/Views/warehouse_out/warehouse_out_print.php(191): App\Libraries\Fpdf\Fpdf->Cell()
 5 SYSTEMPATH/View/View.php(213): include('APPPATH/Views/warehouse_out/warehouse_out_print.php')
 6 SYSTEMPATH/View/View.php(216): CodeIgniter\View\View->CodeIgniter\View\{closure}()
 7 SYSTEMPATH/Common.php(1142): CodeIgniter\View\View->render()
 8 APPPATH/Controllers/Warehouse_out.php(153): view()
 9 SYSTEMPATH/CodeIgniter.php(902): App\Controllers\Warehouse_out->mywhout_print()
10 SYSTEMPATH/CodeIgniter.php(457): CodeIgniter\CodeIgniter->runController()
11 SYSTEMPATH/CodeIgniter.php(340): CodeIgniter\CodeIgniter->handleRequest()
12 FCPATH/index.php(67): CodeIgniter\CodeIgniter->run()
CRITICAL - 2022-11-14 14:09:09 --> strpos(): Passing null to parameter #1 ($haystack) of type string is deprecated
in APPPATH/Libraries/Fpdf/Fpdf.php on line 1212.
 1 [internal function]: CodeIgniter\Debug\Exceptions->errorHandler()
 2 APPPATH/Libraries/Fpdf/Fpdf.php(1212): strpos()
 3 APPPATH/Libraries/Fpdf/Fpdf.php(634): App\Libraries\Fpdf\Fpdf->_escape()
 4 APPPATH/Views/warehouse_out/warehouse_out_print.php(191): App\Libraries\Fpdf\Fpdf->Cell()
 5 SYSTEMPATH/View/View.php(213): include('APPPATH/Views/warehouse_out/warehouse_out_print.php')
 6 SYSTEMPATH/View/View.php(216): CodeIgniter\View\View->CodeIgniter\View\{closure}()
 7 SYSTEMPATH/Common.php(1142): CodeIgniter\View\View->render()
 8 APPPATH/Controllers/Warehouse_out.php(153): view()
 9 SYSTEMPATH/CodeIgniter.php(902): App\Controllers\Warehouse_out->mywhout_print()
10 SYSTEMPATH/CodeIgniter.php(457): CodeIgniter\CodeIgniter->runController()
11 SYSTEMPATH/CodeIgniter.php(340): CodeIgniter\CodeIgniter->handleRequest()
12 FCPATH/index.php(67): CodeIgniter\CodeIgniter->run()
CRITICAL - 2022-11-14 14:09:10 --> strpos(): Passing null to parameter #1 ($haystack) of type string is deprecated
in APPPATH/Libraries/Fpdf/Fpdf.php on line 1212.
 1 [internal function]: CodeIgniter\Debug\Exceptions->errorHandler()
 2 APPPATH/Libraries/Fpdf/Fpdf.php(1212): strpos()
 3 APPPATH/Libraries/Fpdf/Fpdf.php(634): App\Libraries\Fpdf\Fpdf->_escape()
 4 APPPATH/Views/warehouse_out/warehouse_out_print.php(191): App\Libraries\Fpdf\Fpdf->Cell()
 5 SYSTEMPATH/View/View.php(213): include('APPPATH/Views/warehouse_out/warehouse_out_print.php')
 6 SYSTEMPATH/View/View.php(216): CodeIgniter\View\View->CodeIgniter\View\{closure}()
 7 SYSTEMPATH/Common.php(1142): CodeIgniter\View\View->render()
 8 APPPATH/Controllers/Warehouse_out.php(153): view()
 9 SYSTEMPATH/CodeIgniter.php(902): App\Controllers\Warehouse_out->mywhout_print()
10 SYSTEMPATH/CodeIgniter.php(457): CodeIgniter\CodeIgniter->runController()
11 SYSTEMPATH/CodeIgniter.php(340): CodeIgniter\CodeIgniter->handleRequest()
12 FCPATH/index.php(67): CodeIgniter\CodeIgniter->run()
CRITICAL - 2022-11-14 14:10:26 --> strpos(): Passing null to parameter #1 ($haystack) of type string is deprecated
in APPPATH/Libraries/Fpdf/Fpdf.php on line 1212.
 1 [internal function]: CodeIgniter\Debug\Exceptions->errorHandler()
 2 APPPATH/Libraries/Fpdf/Fpdf.php(1212): strpos()
 3 APPPATH/Libraries/Fpdf/Fpdf.php(634): App\Libraries\Fpdf\Fpdf->_escape()
 4 APPPATH/Views/mtap/trx-purchase-order-print.php(610): App\Libraries\Fpdf\Fpdf->Cell()
 5 SYSTEMPATH/View/View.php(213): include('APPPATH/Views/mtap/trx-purchase-order-print.php')
 6 SYSTEMPATH/View/View.php(216): CodeIgniter\View\View->CodeIgniter\View\{closure}()
 7 SYSTEMPATH/Common.php(1142): CodeIgniter\View\View->render()
 8 APPPATH/Controllers/Md_purchase.php(54): view()
 9 SYSTEMPATH/CodeIgniter.php(902): App\Controllers\Md_purchase->purchase_print()
10 SYSTEMPATH/CodeIgniter.php(457): CodeIgniter\CodeIgniter->runController()
11 SYSTEMPATH/CodeIgniter.php(340): CodeIgniter\CodeIgniter->handleRequest()
12 FCPATH/index.php(67): CodeIgniter\CodeIgniter->run()
CRITICAL - 2022-11-14 14:11:31 --> strpos(): Passing null to parameter #1 ($haystack) of type string is deprecated
in APPPATH/Libraries/Fpdf/Fpdf.php on line 1212.
 1 [internal function]: CodeIgniter\Debug\Exceptions->errorHandler()
 2 APPPATH/Libraries/Fpdf/Fpdf.php(1212): strpos()
 3 APPPATH/Libraries/Fpdf/Fpdf.php(634): App\Libraries\Fpdf\Fpdf->_escape()
 4 APPPATH/Views/warehouse_out/warehouse_out_print.php(191): App\Libraries\Fpdf\Fpdf->Cell()
 5 SYSTEMPATH/View/View.php(213): include('APPPATH/Views/warehouse_out/warehouse_out_print.php')
 6 SYSTEMPATH/View/View.php(216): CodeIgniter\View\View->CodeIgniter\View\{closure}()
 7 SYSTEMPATH/Common.php(1142): CodeIgniter\View\View->render()
 8 APPPATH/Controllers/Warehouse_out.php(153): view()
 9 SYSTEMPATH/CodeIgniter.php(902): App\Controllers\Warehouse_out->mywhout_print()
10 SYSTEMPATH/CodeIgniter.php(457): CodeIgniter\CodeIgniter->runController()
11 SYSTEMPATH/CodeIgniter.php(340): CodeIgniter\CodeIgniter->handleRequest()
12 FCPATH/index.php(67): CodeIgniter\CodeIgniter->run()
CRITICAL - 2022-11-14 14:11:32 --> strpos(): Passing null to parameter #1 ($haystack) of type string is deprecated
in APPPATH/Libraries/Fpdf/Fpdf.php on line 1212.
 1 [internal function]: CodeIgniter\Debug\Exceptions->errorHandler()
 2 APPPATH/Libraries/Fpdf/Fpdf.php(1212): strpos()
 3 APPPATH/Libraries/Fpdf/Fpdf.php(634): App\Libraries\Fpdf\Fpdf->_escape()
 4 APPPATH/Views/warehouse_out/warehouse_out_print.php(191): App\Libraries\Fpdf\Fpdf->Cell()
 5 SYSTEMPATH/View/View.php(213): include('APPPATH/Views/warehouse_out/warehouse_out_print.php')
 6 SYSTEMPATH/View/View.php(216): CodeIgniter\View\View->CodeIgniter\View\{closure}()
 7 SYSTEMPATH/Common.php(1142): CodeIgniter\View\View->render()
 8 APPPATH/Controllers/Warehouse_out.php(153): view()
 9 SYSTEMPATH/CodeIgniter.php(902): App\Controllers\Warehouse_out->mywhout_print()
10 SYSTEMPATH/CodeIgniter.php(457): CodeIgniter\CodeIgniter->runController()
11 SYSTEMPATH/CodeIgniter.php(340): CodeIgniter\CodeIgniter->handleRequest()
12 FCPATH/index.php(67): CodeIgniter\CodeIgniter->run()
CRITICAL - 2022-11-14 14:11:33 --> strpos(): Passing null to parameter #1 ($haystack) of type string is deprecated
in APPPATH/Libraries/Fpdf/Fpdf.php on line 1212.
 1 [internal function]: CodeIgniter\Debug\Exceptions->errorHandler()
 2 APPPATH/Libraries/Fpdf/Fpdf.php(1212): strpos()
 3 APPPATH/Libraries/Fpdf/Fpdf.php(634): App\Libraries\Fpdf\Fpdf->_escape()
 4 APPPATH/Views/warehouse_out/warehouse_out_print.php(191): App\Libraries\Fpdf\Fpdf->Cell()
 5 SYSTEMPATH/View/View.php(213): include('APPPATH/Views/warehouse_out/warehouse_out_print.php')
 6 SYSTEMPATH/View/View.php(216): CodeIgniter\View\View->CodeIgniter\View\{closure}()
 7 SYSTEMPATH/Common.php(1142): CodeIgniter\View\View->render()
 8 APPPATH/Controllers/Warehouse_out.php(153): view()
 9 SYSTEMPATH/CodeIgniter.php(902): App\Controllers\Warehouse_out->mywhout_print()
10 SYSTEMPATH/CodeIgniter.php(457): CodeIgniter\CodeIgniter->runController()
11 SYSTEMPATH/CodeIgniter.php(340): CodeIgniter\CodeIgniter->handleRequest()
12 FCPATH/index.php(67): CodeIgniter\CodeIgniter->run()
CRITICAL - 2022-11-14 14:11:33 --> strpos(): Passing null to parameter #1 ($haystack) of type string is deprecated
in APPPATH/Libraries/Fpdf/Fpdf.php on line 1212.
 1 [internal function]: CodeIgniter\Debug\Exceptions->errorHandler()
 2 APPPATH/Libraries/Fpdf/Fpdf.php(1212): strpos()
 3 APPPATH/Libraries/Fpdf/Fpdf.php(634): App\Libraries\Fpdf\Fpdf->_escape()
 4 APPPATH/Views/warehouse_out/warehouse_out_print.php(191): App\Libraries\Fpdf\Fpdf->Cell()
 5 SYSTEMPATH/View/View.php(213): include('APPPATH/Views/warehouse_out/warehouse_out_print.php')
 6 SYSTEMPATH/View/View.php(216): CodeIgniter\View\View->CodeIgniter\View\{closure}()
 7 SYSTEMPATH/Common.php(1142): CodeIgniter\View\View->render()
 8 APPPATH/Controllers/Warehouse_out.php(153): view()
 9 SYSTEMPATH/CodeIgniter.php(902): App\Controllers\Warehouse_out->mywhout_print()
10 SYSTEMPATH/CodeIgniter.php(457): CodeIgniter\CodeIgniter->runController()
11 SYSTEMPATH/CodeIgniter.php(340): CodeIgniter\CodeIgniter->handleRequest()
12 FCPATH/index.php(67): CodeIgniter\CodeIgniter->run()
CRITICAL - 2022-11-14 14:11:33 --> strpos(): Passing null to parameter #1 ($haystack) of type string is deprecated
in APPPATH/Libraries/Fpdf/Fpdf.php on line 1212.
 1 [internal function]: CodeIgniter\Debug\Exceptions->errorHandler()
 2 APPPATH/Libraries/Fpdf/Fpdf.php(1212): strpos()
 3 APPPATH/Libraries/Fpdf/Fpdf.php(634): App\Libraries\Fpdf\Fpdf->_escape()
 4 APPPATH/Views/warehouse_out/warehouse_out_print.php(191): App\Libraries\Fpdf\Fpdf->Cell()
 5 SYSTEMPATH/View/View.php(213): include('APPPATH/Views/warehouse_out/warehouse_out_print.php')
 6 SYSTEMPATH/View/View.php(216): CodeIgniter\View\View->CodeIgniter\View\{closure}()
 7 SYSTEMPATH/Common.php(1142): CodeIgniter\View\View->render()
 8 APPPATH/Controllers/Warehouse_out.php(153): view()
 9 SYSTEMPATH/CodeIgniter.php(902): App\Controllers\Warehouse_out->mywhout_print()
10 SYSTEMPATH/CodeIgniter.php(457): CodeIgniter\CodeIgniter->runController()
11 SYSTEMPATH/CodeIgniter.php(340): CodeIgniter\CodeIgniter->handleRequest()
12 FCPATH/index.php(67): CodeIgniter\CodeIgniter->run()
CRITICAL - 2022-11-14 14:11:36 --> strpos(): Passing null to parameter #1 ($haystack) of type string is deprecated
in APPPATH/Libraries/Fpdf/Fpdf.php on line 1212.
 1 [internal function]: CodeIgniter\Debug\Exceptions->errorHandler()
 2 APPPATH/Libraries/Fpdf/Fpdf.php(1212): strpos()
 3 APPPATH/Libraries/Fpdf/Fpdf.php(634): App\Libraries\Fpdf\Fpdf->_escape()
 4 APPPATH/Views/warehouse_out/warehouse_out_fprint.php(192): App\Libraries\Fpdf\Fpdf->Cell()
 5 SYSTEMPATH/View/View.php(213): include('APPPATH/Views/warehouse_out/warehouse_out_fprint.php')
 6 SYSTEMPATH/View/View.php(216): CodeIgniter\View\View->CodeIgniter\View\{closure}()
 7 SYSTEMPATH/Common.php(1142): CodeIgniter\View\View->render()
 8 APPPATH/Controllers/Warehouse_out.php(174): view()
 9 SYSTEMPATH/CodeIgniter.php(902): App\Controllers\Warehouse_out->mywhout_fprint()
10 SYSTEMPATH/CodeIgniter.php(457): CodeIgniter\CodeIgniter->runController()
11 SYSTEMPATH/CodeIgniter.php(340): CodeIgniter\CodeIgniter->handleRequest()
12 FCPATH/index.php(67): CodeIgniter\CodeIgniter->run()
CRITICAL - 2022-11-14 14:11:41 --> strpos(): Passing null to parameter #1 ($haystack) of type string is deprecated
in APPPATH/Libraries/Fpdf/Fpdf.php on line 1212.
 1 [internal function]: CodeIgniter\Debug\Exceptions->errorHandler()
 2 APPPATH/Libraries/Fpdf/Fpdf.php(1212): strpos()
 3 APPPATH/Libraries/Fpdf/Fpdf.php(634): App\Libraries\Fpdf\Fpdf->_escape()
 4 APPPATH/Views/warehouse_out/warehouse_out_print.php(191): App\Libraries\Fpdf\Fpdf->Cell()
 5 SYSTEMPATH/View/View.php(213): include('APPPATH/Views/warehouse_out/warehouse_out_print.php')
 6 SYSTEMPATH/View/View.php(216): CodeIgniter\View\View->CodeIgniter\View\{closure}()
 7 SYSTEMPATH/Common.php(1142): CodeIgniter\View\View->render()
 8 APPPATH/Controllers/Warehouse_out.php(153): view()
 9 SYSTEMPATH/CodeIgniter.php(902): App\Controllers\Warehouse_out->mywhout_print()
10 SYSTEMPATH/CodeIgniter.php(457): CodeIgniter\CodeIgniter->runController()
11 SYSTEMPATH/CodeIgniter.php(340): CodeIgniter\CodeIgniter->handleRequest()
12 FCPATH/index.php(67): CodeIgniter\CodeIgniter->run()
CRITICAL - 2022-11-14 14:17:08 --> strpos(): Passing null to parameter #1 ($haystack) of type string is deprecated
in APPPATH/Libraries/Fpdf/Fpdf.php on line 1212.
 1 [internal function]: CodeIgniter\Debug\Exceptions->errorHandler()
 2 APPPATH/Libraries/Fpdf/Fpdf.php(1212): strpos()
 3 APPPATH/Libraries/Fpdf/Fpdf.php(634): App\Libraries\Fpdf\Fpdf->_escape()
 4 APPPATH/Views/warehouse_out/warehouse_out_print.php(191): App\Libraries\Fpdf\Fpdf->Cell()
 5 SYSTEMPATH/View/View.php(213): include('APPPATH/Views/warehouse_out/warehouse_out_print.php')
 6 SYSTEMPATH/View/View.php(216): CodeIgniter\View\View->CodeIgniter\View\{closure}()
 7 SYSTEMPATH/Common.php(1142): CodeIgniter\View\View->render()
 8 APPPATH/Controllers/Warehouse_out.php(153): view()
 9 SYSTEMPATH/CodeIgniter.php(902): App\Controllers\Warehouse_out->mywhout_print()
10 SYSTEMPATH/CodeIgniter.php(457): CodeIgniter\CodeIgniter->runController()
11 SYSTEMPATH/CodeIgniter.php(340): CodeIgniter\CodeIgniter->handleRequest()
12 FCPATH/index.php(67): CodeIgniter\CodeIgniter->run()
CRITICAL - 2022-11-14 14:29:02 --> strpos(): Passing null to parameter #1 ($haystack) of type string is deprecated
in APPPATH/Libraries/Fpdf/Fpdf.php on line 1212.
 1 [internal function]: CodeIgniter\Debug\Exceptions->errorHandler()
 2 APPPATH/Libraries/Fpdf/Fpdf.php(1212): strpos()
 3 APPPATH/Libraries/Fpdf/Fpdf.php(634): App\Libraries\Fpdf\Fpdf->_escape()
 4 APPPATH/Views/mtap/trx-purchase-order-print.php(610): App\Libraries\Fpdf\Fpdf->Cell()
 5 SYSTEMPATH/View/View.php(213): include('APPPATH/Views/mtap/trx-purchase-order-print.php')
 6 SYSTEMPATH/View/View.php(216): CodeIgniter\View\View->CodeIgniter\View\{closure}()
 7 SYSTEMPATH/Common.php(1142): CodeIgniter\View\View->render()
 8 APPPATH/Controllers/Md_purchase.php(54): view()
 9 SYSTEMPATH/CodeIgniter.php(902): App\Controllers\Md_purchase->purchase_print()
10 SYSTEMPATH/CodeIgniter.php(457): CodeIgniter\CodeIgniter->runController()
11 SYSTEMPATH/CodeIgniter.php(340): CodeIgniter\CodeIgniter->handleRequest()
12 FCPATH/index.php(67): CodeIgniter\CodeIgniter->run()
CRITICAL - 2022-11-14 14:30:55 --> strpos(): Passing null to parameter #1 ($haystack) of type string is deprecated
in APPPATH/Libraries/Fpdf/Fpdf.php on line 1212.
 1 [internal function]: CodeIgniter\Debug\Exceptions->errorHandler()
 2 APPPATH/Libraries/Fpdf/Fpdf.php(1212): strpos()
 3 APPPATH/Libraries/Fpdf/Fpdf.php(634): App\Libraries\Fpdf\Fpdf->_escape()
 4 APPPATH/Views/warehouse_out/warehouse_out_print.php(191): App\Libraries\Fpdf\Fpdf->Cell()
 5 SYSTEMPATH/View/View.php(213): include('APPPATH/Views/warehouse_out/warehouse_out_print.php')
 6 SYSTEMPATH/View/View.php(216): CodeIgniter\View\View->CodeIgniter\View\{closure}()
 7 SYSTEMPATH/Common.php(1142): CodeIgniter\View\View->render()
 8 APPPATH/Controllers/Warehouse_out.php(153): view()
 9 SYSTEMPATH/CodeIgniter.php(902): App\Controllers\Warehouse_out->mywhout_print()
10 SYSTEMPATH/CodeIgniter.php(457): CodeIgniter\CodeIgniter->runController()
11 SYSTEMPATH/CodeIgniter.php(340): CodeIgniter\CodeIgniter->handleRequest()
12 FCPATH/index.php(67): CodeIgniter\CodeIgniter->run()
CRITICAL - 2022-11-14 14:30:56 --> strpos(): Passing null to parameter #1 ($haystack) of type string is deprecated
in APPPATH/Libraries/Fpdf/Fpdf.php on line 1212.
 1 [internal function]: CodeIgniter\Debug\Exceptions->errorHandler()
 2 APPPATH/Libraries/Fpdf/Fpdf.php(1212): strpos()
 3 APPPATH/Libraries/Fpdf/Fpdf.php(634): App\Libraries\Fpdf\Fpdf->_escape()
 4 APPPATH/Views/warehouse_out/warehouse_out_print.php(191): App\Libraries\Fpdf\Fpdf->Cell()
 5 SYSTEMPATH/View/View.php(213): include('APPPATH/Views/warehouse_out/warehouse_out_print.php')
 6 SYSTEMPATH/View/View.php(216): CodeIgniter\View\View->CodeIgniter\View\{closure}()
 7 SYSTEMPATH/Common.php(1142): CodeIgniter\View\View->render()
 8 APPPATH/Controllers/Warehouse_out.php(153): view()
 9 SYSTEMPATH/CodeIgniter.php(902): App\Controllers\Warehouse_out->mywhout_print()
10 SYSTEMPATH/CodeIgniter.php(457): CodeIgniter\CodeIgniter->runController()
11 SYSTEMPATH/CodeIgniter.php(340): CodeIgniter\CodeIgniter->handleRequest()
12 FCPATH/index.php(67): CodeIgniter\CodeIgniter->run()
CRITICAL - 2022-11-14 14:52:40 --> strpos(): Passing null to parameter #1 ($haystack) of type string is deprecated
in APPPATH/Libraries/Fpdf/Fpdf.php on line 1212.
 1 [internal function]: CodeIgniter\Debug\Exceptions->errorHandler()
 2 APPPATH/Libraries/Fpdf/Fpdf.php(1212): strpos()
 3 APPPATH/Libraries/Fpdf/Fpdf.php(634): App\Libraries\Fpdf\Fpdf->_escape()
 4 APPPATH/Views/warehouse_out/warehouse_out_fprint.php(192): App\Libraries\Fpdf\Fpdf->Cell()
 5 SYSTEMPATH/View/View.php(213): include('APPPATH/Views/warehouse_out/warehouse_out_fprint.php')
 6 SYSTEMPATH/View/View.php(216): CodeIgniter\View\View->CodeIgniter\View\{closure}()
 7 SYSTEMPATH/Common.php(1142): CodeIgniter\View\View->render()
 8 APPPATH/Controllers/Warehouse_out.php(174): view()
 9 SYSTEMPATH/CodeIgniter.php(902): App\Controllers\Warehouse_out->mywhout_fprint()
10 SYSTEMPATH/CodeIgniter.php(457): CodeIgniter\CodeIgniter->runController()
11 SYSTEMPATH/CodeIgniter.php(340): CodeIgniter\CodeIgniter->handleRequest()
12 FCPATH/index.php(67): CodeIgniter\CodeIgniter->run()
CRITICAL - 2022-11-14 14:52:43 --> strpos(): Passing null to parameter #1 ($haystack) of type string is deprecated
in APPPATH/Libraries/Fpdf/Fpdf.php on line 1212.
 1 [internal function]: CodeIgniter\Debug\Exceptions->errorHandler()
 2 APPPATH/Libraries/Fpdf/Fpdf.php(1212): strpos()
 3 APPPATH/Libraries/Fpdf/Fpdf.php(634): App\Libraries\Fpdf\Fpdf->_escape()
 4 APPPATH/Views/warehouse_out/warehouse_out_print.php(191): App\Libraries\Fpdf\Fpdf->Cell()
 5 SYSTEMPATH/View/View.php(213): include('APPPATH/Views/warehouse_out/warehouse_out_print.php')
 6 SYSTEMPATH/View/View.php(216): CodeIgniter\View\View->CodeIgniter\View\{closure}()
 7 SYSTEMPATH/Common.php(1142): CodeIgniter\View\View->render()
 8 APPPATH/Controllers/Warehouse_out.php(153): view()
 9 SYSTEMPATH/CodeIgniter.php(902): App\Controllers\Warehouse_out->mywhout_print()
10 SYSTEMPATH/CodeIgniter.php(457): CodeIgniter\CodeIgniter->runController()
11 SYSTEMPATH/CodeIgniter.php(340): CodeIgniter\CodeIgniter->handleRequest()
12 FCPATH/index.php(67): CodeIgniter\CodeIgniter->run()
CRITICAL - 2022-11-14 14:55:30 --> strpos(): Passing null to parameter #1 ($haystack) of type string is deprecated
in APPPATH/Libraries/Fpdf/Fpdf.php on line 1212.
 1 [internal function]: CodeIgniter\Debug\Exceptions->errorHandler()
 2 APPPATH/Libraries/Fpdf/Fpdf.php(1212): strpos()
 3 APPPATH/Libraries/Fpdf/Fpdf.php(634): App\Libraries\Fpdf\Fpdf->_escape()
 4 APPPATH/Views/warehouse_out/warehouse_out_print.php(191): App\Libraries\Fpdf\Fpdf->Cell()
 5 SYSTEMPATH/View/View.php(213): include('APPPATH/Views/warehouse_out/warehouse_out_print.php')
 6 SYSTEMPATH/View/View.php(216): CodeIgniter\View\View->CodeIgniter\View\{closure}()
 7 SYSTEMPATH/Common.php(1142): CodeIgniter\View\View->render()
 8 APPPATH/Controllers/Warehouse_out.php(153): view()
 9 SYSTEMPATH/CodeIgniter.php(902): App\Controllers\Warehouse_out->mywhout_print()
10 SYSTEMPATH/CodeIgniter.php(457): CodeIgniter\CodeIgniter->runController()
11 SYSTEMPATH/CodeIgniter.php(340): CodeIgniter\CodeIgniter->handleRequest()
12 FCPATH/index.php(67): CodeIgniter\CodeIgniter->run()
CRITICAL - 2022-11-14 14:55:31 --> strpos(): Passing null to parameter #1 ($haystack) of type string is deprecated
in APPPATH/Libraries/Fpdf/Fpdf.php on line 1212.
 1 [internal function]: CodeIgniter\Debug\Exceptions->errorHandler()
 2 APPPATH/Libraries/Fpdf/Fpdf.php(1212): strpos()
 3 APPPATH/Libraries/Fpdf/Fpdf.php(634): App\Libraries\Fpdf\Fpdf->_escape()
 4 APPPATH/Views/warehouse_out/warehouse_out_print.php(191): App\Libraries\Fpdf\Fpdf->Cell()
 5 SYSTEMPATH/View/View.php(213): include('APPPATH/Views/warehouse_out/warehouse_out_print.php')
 6 SYSTEMPATH/View/View.php(216): CodeIgniter\View\View->CodeIgniter\View\{closure}()
 7 SYSTEMPATH/Common.php(1142): CodeIgniter\View\View->render()
 8 APPPATH/Controllers/Warehouse_out.php(153): view()
 9 SYSTEMPATH/CodeIgniter.php(902): App\Controllers\Warehouse_out->mywhout_print()
10 SYSTEMPATH/CodeIgniter.php(457): CodeIgniter\CodeIgniter->runController()
11 SYSTEMPATH/CodeIgniter.php(340): CodeIgniter\CodeIgniter->handleRequest()
12 FCPATH/index.php(67): CodeIgniter\CodeIgniter->run()
CRITICAL - 2022-11-14 14:55:31 --> strpos(): Passing null to parameter #1 ($haystack) of type string is deprecated
in APPPATH/Libraries/Fpdf/Fpdf.php on line 1212.
 1 [internal function]: CodeIgniter\Debug\Exceptions->errorHandler()
 2 APPPATH/Libraries/Fpdf/Fpdf.php(1212): strpos()
 3 APPPATH/Libraries/Fpdf/Fpdf.php(634): App\Libraries\Fpdf\Fpdf->_escape()
 4 APPPATH/Views/warehouse_out/warehouse_out_print.php(191): App\Libraries\Fpdf\Fpdf->Cell()
 5 SYSTEMPATH/View/View.php(213): include('APPPATH/Views/warehouse_out/warehouse_out_print.php')
 6 SYSTEMPATH/View/View.php(216): CodeIgniter\View\View->CodeIgniter\View\{closure}()
 7 SYSTEMPATH/Common.php(1142): CodeIgniter\View\View->render()
 8 APPPATH/Controllers/Warehouse_out.php(153): view()
 9 SYSTEMPATH/CodeIgniter.php(902): App\Controllers\Warehouse_out->mywhout_print()
10 SYSTEMPATH/CodeIgniter.php(457): CodeIgniter\CodeIgniter->runController()
11 SYSTEMPATH/CodeIgniter.php(340): CodeIgniter\CodeIgniter->handleRequest()
12 FCPATH/index.php(67): CodeIgniter\CodeIgniter->run()
CRITICAL - 2022-11-14 14:55:32 --> strpos(): Passing null to parameter #1 ($haystack) of type string is deprecated
in APPPATH/Libraries/Fpdf/Fpdf.php on line 1212.
 1 [internal function]: CodeIgniter\Debug\Exceptions->errorHandler()
 2 APPPATH/Libraries/Fpdf/Fpdf.php(1212): strpos()
 3 APPPATH/Libraries/Fpdf/Fpdf.php(634): App\Libraries\Fpdf\Fpdf->_escape()
 4 APPPATH/Views/warehouse_out/warehouse_out_print.php(191): App\Libraries\Fpdf\Fpdf->Cell()
 5 SYSTEMPATH/View/View.php(213): include('APPPATH/Views/warehouse_out/warehouse_out_print.php')
 6 SYSTEMPATH/View/View.php(216): CodeIgniter\View\View->CodeIgniter\View\{closure}()
 7 SYSTEMPATH/Common.php(1142): CodeIgniter\View\View->render()
 8 APPPATH/Controllers/Warehouse_out.php(153): view()
 9 SYSTEMPATH/CodeIgniter.php(902): App\Controllers\Warehouse_out->mywhout_print()
10 SYSTEMPATH/CodeIgniter.php(457): CodeIgniter\CodeIgniter->runController()
11 SYSTEMPATH/CodeIgniter.php(340): CodeIgniter\CodeIgniter->handleRequest()
12 FCPATH/index.php(67): CodeIgniter\CodeIgniter->run()
CRITICAL - 2022-11-14 14:55:33 --> strpos(): Passing null to parameter #1 ($haystack) of type string is deprecated
in APPPATH/Libraries/Fpdf/Fpdf.php on line 1212.
 1 [internal function]: CodeIgniter\Debug\Exceptions->errorHandler()
 2 APPPATH/Libraries/Fpdf/Fpdf.php(1212): strpos()
 3 APPPATH/Libraries/Fpdf/Fpdf.php(634): App\Libraries\Fpdf\Fpdf->_escape()
 4 APPPATH/Views/warehouse_out/warehouse_out_print.php(191): App\Libraries\Fpdf\Fpdf->Cell()
 5 SYSTEMPATH/View/View.php(213): include('APPPATH/Views/warehouse_out/warehouse_out_print.php')
 6 SYSTEMPATH/View/View.php(216): CodeIgniter\View\View->CodeIgniter\View\{closure}()
 7 SYSTEMPATH/Common.php(1142): CodeIgniter\View\View->render()
 8 APPPATH/Controllers/Warehouse_out.php(153): view()
 9 SYSTEMPATH/CodeIgniter.php(902): App\Controllers\Warehouse_out->mywhout_print()
10 SYSTEMPATH/CodeIgniter.php(457): CodeIgniter\CodeIgniter->runController()
11 SYSTEMPATH/CodeIgniter.php(340): CodeIgniter\CodeIgniter->handleRequest()
12 FCPATH/index.php(67): CodeIgniter\CodeIgniter->run()
CRITICAL - 2022-11-14 16:15:31 --> strpos(): Passing null to parameter #1 ($haystack) of type string is deprecated
in APPPATH/Libraries/Fpdf/Fpdf.php on line 1212.
 1 [internal function]: CodeIgniter\Debug\Exceptions->errorHandler()
 2 APPPATH/Libraries/Fpdf/Fpdf.php(1212): strpos()
 3 APPPATH/Libraries/Fpdf/Fpdf.php(634): App\Libraries\Fpdf\Fpdf->_escape()
 4 APPPATH/Views/warehouse_out/warehouse_out_fprint.php(192): App\Libraries\Fpdf\Fpdf->Cell()
 5 SYSTEMPATH/View/View.php(213): include('APPPATH/Views/warehouse_out/warehouse_out_fprint.php')
 6 SYSTEMPATH/View/View.php(216): CodeIgniter\View\View->CodeIgniter\View\{closure}()
 7 SYSTEMPATH/Common.php(1142): CodeIgniter\View\View->render()
 8 APPPATH/Controllers/Warehouse_out.php(174): view()
 9 SYSTEMPATH/CodeIgniter.php(902): App\Controllers\Warehouse_out->mywhout_fprint()
10 SYSTEMPATH/CodeIgniter.php(457): CodeIgniter\CodeIgniter->runController()
11 SYSTEMPATH/CodeIgniter.php(340): CodeIgniter\CodeIgniter->handleRequest()
12 FCPATH/index.php(67): CodeIgniter\CodeIgniter->run()
