CRITICAL - 2022-09-03 13:28:03 --> Class 'BaseController' not found
#0 /mdevs/mynrc/system/Autoloader/Autoloader.php(264): include_once()
#1 /mdevs/mynrc/system/Autoloader/Autoloader.php(241): CodeIgniter\Autoloader\Autoloader->includeFile()
#2 /mdevs/mynrc/system/Autoloader/Autoloader.php(219): CodeIgniter\Autoloader\Autoloader->loadInNamespace()
#3 [internal function]: CodeIgniter\Autoloader\Autoloader->loadClass()
#4 [internal function]: spl_autoload_call()
#5 /mdevs/mynrc/system/CodeIgniter.php(797): class_exists()
#6 /mdevs/mynrc/system/CodeIgniter.php(406): CodeIgniter\CodeIgniter->startController()
#7 /mdevs/mynrc/system/CodeIgniter.php(326): CodeIgniter\CodeIgniter->handleRequest()
#8 /mdevs/mynrc/public/index.php(37): CodeIgniter\CodeIgniter->run()
#9 {main}
CRITICAL - 2022-09-03 13:28:35 --> Cannot call constructor
#0 /mdevs/mynrc/system/CodeIgniter.php(809): App\Controllers\WhCrossing->__construct()
#1 /mdevs/mynrc/system/CodeIgniter.php(410): CodeIgniter\CodeIgniter->createController()
#2 /mdevs/mynrc/system/CodeIgniter.php(326): CodeIgniter\CodeIgniter->handleRequest()
#3 /mdevs/mynrc/public/index.php(37): CodeIgniter\CodeIgniter->run()
#4 {main}
CRITICAL - 2022-09-03 13:28:36 --> Cannot call constructor
#0 /mdevs/mynrc/system/CodeIgniter.php(809): App\Controllers\WhCrossing->__construct()
#1 /mdevs/mynrc/system/CodeIgniter.php(410): CodeIgniter\CodeIgniter->createController()
#2 /mdevs/mynrc/system/CodeIgniter.php(326): CodeIgniter\CodeIgniter->handleRequest()
#3 /mdevs/mynrc/public/index.php(37): CodeIgniter\CodeIgniter->run()
#4 {main}
CRITICAL - 2022-09-03 13:28:37 --> Cannot call constructor
#0 /mdevs/mynrc/system/CodeIgniter.php(809): App\Controllers\WhCrossing->__construct()
#1 /mdevs/mynrc/system/CodeIgniter.php(410): CodeIgniter\CodeIgniter->createController()
#2 /mdevs/mynrc/system/CodeIgniter.php(326): CodeIgniter\CodeIgniter->handleRequest()
#3 /mdevs/mynrc/public/index.php(37): CodeIgniter\CodeIgniter->run()
#4 {main}
CRITICAL - 2022-09-03 13:28:37 --> Cannot call constructor
#0 /mdevs/mynrc/system/CodeIgniter.php(809): App\Controllers\WhCrossing->__construct()
#1 /mdevs/mynrc/system/CodeIgniter.php(410): CodeIgniter\CodeIgniter->createController()
#2 /mdevs/mynrc/system/CodeIgniter.php(326): CodeIgniter\CodeIgniter->handleRequest()
#3 /mdevs/mynrc/public/index.php(37): CodeIgniter\CodeIgniter->run()
#4 {main}
CRITICAL - 2022-09-03 13:28:37 --> Cannot call constructor
#0 /mdevs/mynrc/system/CodeIgniter.php(809): App\Controllers\WhCrossing->__construct()
#1 /mdevs/mynrc/system/CodeIgniter.php(410): CodeIgniter\CodeIgniter->createController()
#2 /mdevs/mynrc/system/CodeIgniter.php(326): CodeIgniter\CodeIgniter->handleRequest()
#3 /mdevs/mynrc/public/index.php(37): CodeIgniter\CodeIgniter->run()
#4 {main}
CRITICAL - 2022-09-03 13:28:37 --> Cannot call constructor
#0 /mdevs/mynrc/system/CodeIgniter.php(809): App\Controllers\WhCrossing->__construct()
#1 /mdevs/mynrc/system/CodeIgniter.php(410): CodeIgniter\CodeIgniter->createController()
#2 /mdevs/mynrc/system/CodeIgniter.php(326): CodeIgniter\CodeIgniter->handleRequest()
#3 /mdevs/mynrc/public/index.php(37): CodeIgniter\CodeIgniter->run()
#4 {main}
CRITICAL - 2022-09-03 13:28:37 --> Cannot call constructor
#0 /mdevs/mynrc/system/CodeIgniter.php(809): App\Controllers\WhCrossing->__construct()
#1 /mdevs/mynrc/system/CodeIgniter.php(410): CodeIgniter\CodeIgniter->createController()
#2 /mdevs/mynrc/system/CodeIgniter.php(326): CodeIgniter\CodeIgniter->handleRequest()
#3 /mdevs/mynrc/public/index.php(37): CodeIgniter\CodeIgniter->run()
#4 {main}
CRITICAL - 2022-09-03 13:29:26 --> Cannot call constructor
#0 /mdevs/mynrc/system/CodeIgniter.php(809): App\Controllers\WhCrossing->__construct()
#1 /mdevs/mynrc/system/CodeIgniter.php(410): CodeIgniter\CodeIgniter->createController()
#2 /mdevs/mynrc/system/CodeIgniter.php(326): CodeIgniter\CodeIgniter->handleRequest()
#3 /mdevs/mynrc/public/index.php(37): CodeIgniter\CodeIgniter->run()
#4 {main}
CRITICAL - 2022-09-03 13:29:27 --> Cannot call constructor
#0 /mdevs/mynrc/system/CodeIgniter.php(809): App\Controllers\WhCrossing->__construct()
#1 /mdevs/mynrc/system/CodeIgniter.php(410): CodeIgniter\CodeIgniter->createController()
#2 /mdevs/mynrc/system/CodeIgniter.php(326): CodeIgniter\CodeIgniter->handleRequest()
#3 /mdevs/mynrc/public/index.php(37): CodeIgniter\CodeIgniter->run()
#4 {main}
CRITICAL - 2022-09-03 13:29:27 --> Cannot call constructor
#0 /mdevs/mynrc/system/CodeIgniter.php(809): App\Controllers\WhCrossing->__construct()
#1 /mdevs/mynrc/system/CodeIgniter.php(410): CodeIgniter\CodeIgniter->createController()
#2 /mdevs/mynrc/system/CodeIgniter.php(326): CodeIgniter\CodeIgniter->handleRequest()
#3 /mdevs/mynrc/public/index.php(37): CodeIgniter\CodeIgniter->run()
#4 {main}
CRITICAL - 2022-09-03 13:29:54 --> Class 'App\Controllers\MyMDArticleModel' not found
#0 /mdevs/mynrc/system/CodeIgniter.php(809): App\Controllers\WhCrossing->__construct()
#1 /mdevs/mynrc/system/CodeIgniter.php(410): CodeIgniter\CodeIgniter->createController()
#2 /mdevs/mynrc/system/CodeIgniter.php(326): CodeIgniter\CodeIgniter->handleRequest()
#3 /mdevs/mynrc/public/index.php(37): CodeIgniter\CodeIgniter->run()
#4 {main}
CRITICAL - 2022-09-03 14:46:21 --> Class 'CI_Model' not found
#0 /mdevs/mynrc/system/Autoloader/Autoloader.php(264): include_once()
#1 /mdevs/mynrc/system/Autoloader/Autoloader.php(241): CodeIgniter\Autoloader\Autoloader->includeFile()
#2 /mdevs/mynrc/system/Autoloader/Autoloader.php(219): CodeIgniter\Autoloader\Autoloader->loadInNamespace()
#3 [internal function]: CodeIgniter\Autoloader\Autoloader->loadClass()
#4 /mdevs/mynrc/app/Controllers/WhCrossing.php(23): spl_autoload_call()
#5 /mdevs/mynrc/system/CodeIgniter.php(809): App\Controllers\WhCrossing->__construct()
#6 /mdevs/mynrc/system/CodeIgniter.php(410): CodeIgniter\CodeIgniter->createController()
#7 /mdevs/mynrc/system/CodeIgniter.php(326): CodeIgniter\CodeIgniter->handleRequest()
#8 /mdevs/mynrc/public/index.php(37): CodeIgniter\CodeIgniter->run()
#9 {main}
CRITICAL - 2022-09-03 14:48:00 --> Declaration of App\Models\Mytrx_whcrossing_model::save() must be compatible with CodeIgniter\BaseModel::save($data): bool
#0 [internal function]: CodeIgniter\Debug\Exceptions->shutdownHandler()
#1 {main}
CRITICAL - 2022-09-03 14:48:31 --> Declaration of App\Models\Mytrx_whcrossing_model::save() must be compatible with CodeIgniter\BaseModel::save($data): bool
#0 [internal function]: CodeIgniter\Debug\Exceptions->shutdownHandler()
#1 {main}
CRITICAL - 2022-09-03 14:49:39 --> Declaration of App\Models\Mytrx_whcrossing_model::save() must be compatible with CodeIgniter\BaseModel::save($data): bool
#0 [internal function]: CodeIgniter\Debug\Exceptions->shutdownHandler()
#1 {main}
CRITICAL - 2022-09-03 14:49:40 --> Declaration of App\Models\Mytrx_whcrossing_model::save() must be compatible with CodeIgniter\BaseModel::save($data): bool
#0 [internal function]: CodeIgniter\Debug\Exceptions->shutdownHandler()
#1 {main}
CRITICAL - 2022-09-03 14:49:40 --> Declaration of App\Models\Mytrx_whcrossing_model::save() must be compatible with CodeIgniter\BaseModel::save($data): bool
#0 [internal function]: CodeIgniter\Debug\Exceptions->shutdownHandler()
#1 {main}
CRITICAL - 2022-09-03 14:49:40 --> Declaration of App\Models\Mytrx_whcrossing_model::save() must be compatible with CodeIgniter\BaseModel::save($data): bool
#0 [internal function]: CodeIgniter\Debug\Exceptions->shutdownHandler()
#1 {main}
CRITICAL - 2022-09-03 14:49:40 --> Declaration of App\Models\Mytrx_whcrossing_model::save() must be compatible with CodeIgniter\BaseModel::save($data): bool
#0 [internal function]: CodeIgniter\Debug\Exceptions->shutdownHandler()
#1 {main}
CRITICAL - 2022-09-03 14:49:41 --> Declaration of App\Models\Mytrx_whcrossing_model::save() must be compatible with CodeIgniter\BaseModel::save($data): bool
#0 [internal function]: CodeIgniter\Debug\Exceptions->shutdownHandler()
#1 {main}
CRITICAL - 2022-09-03 14:49:41 --> Declaration of App\Models\Mytrx_whcrossing_model::save() must be compatible with CodeIgniter\BaseModel::save($data): bool
#0 [internal function]: CodeIgniter\Debug\Exceptions->shutdownHandler()
#1 {main}
CRITICAL - 2022-09-03 14:49:42 --> Declaration of App\Models\Mytrx_whcrossing_model::save() must be compatible with CodeIgniter\BaseModel::save($data): bool
#0 [internal function]: CodeIgniter\Debug\Exceptions->shutdownHandler()
#1 {main}
CRITICAL - 2022-09-03 14:50:27 --> Declaration of App\Models\Mytrx_whcrossing_model::save() must be compatible with CodeIgniter\BaseModel::save($data): bool
#0 [internal function]: CodeIgniter\Debug\Exceptions->shutdownHandler()
#1 {main}
CRITICAL - 2022-09-03 14:53:04 --> Declaration of App\Models\Mytrx_whcrossing_model::save() must be compatible with CodeIgniter\BaseModel::save($data): bool
#0 [internal function]: CodeIgniter\Debug\Exceptions->shutdownHandler()
#1 {main}
CRITICAL - 2022-09-03 15:20:40 --> Class 'App\Models\mymelibsys_model' not found
#0 /mdevs/mynrc/system/CodeIgniter.php(809): App\Controllers\WhCrossing->__construct()
#1 /mdevs/mynrc/system/CodeIgniter.php(410): CodeIgniter\CodeIgniter->createController()
#2 /mdevs/mynrc/system/CodeIgniter.php(326): CodeIgniter\CodeIgniter->handleRequest()
#3 /mdevs/mynrc/public/index.php(37): CodeIgniter\CodeIgniter->run()
#4 {main}
CRITICAL - 2022-09-03 15:25:03 --> Class 'App\Models\mymelibsys_model' not found
#0 /mdevs/mynrc/system/CodeIgniter.php(809): App\Controllers\WhCrossing->__construct()
#1 /mdevs/mynrc/system/CodeIgniter.php(410): CodeIgniter\CodeIgniter->createController()
#2 /mdevs/mynrc/system/CodeIgniter.php(326): CodeIgniter\CodeIgniter->handleRequest()
#3 /mdevs/mynrc/public/index.php(37): CodeIgniter\CodeIgniter->run()
#4 {main}
CRITICAL - 2022-09-03 15:25:04 --> Class 'App\Models\mymelibsys_model' not found
#0 /mdevs/mynrc/system/CodeIgniter.php(809): App\Controllers\WhCrossing->__construct()
#1 /mdevs/mynrc/system/CodeIgniter.php(410): CodeIgniter\CodeIgniter->createController()
#2 /mdevs/mynrc/system/CodeIgniter.php(326): CodeIgniter\CodeIgniter->handleRequest()
#3 /mdevs/mynrc/public/index.php(37): CodeIgniter\CodeIgniter->run()
#4 {main}
CRITICAL - 2022-09-03 15:25:05 --> Class 'App\Models\mymelibsys_model' not found
#0 /mdevs/mynrc/system/CodeIgniter.php(809): App\Controllers\WhCrossing->__construct()
#1 /mdevs/mynrc/system/CodeIgniter.php(410): CodeIgniter\CodeIgniter->createController()
#2 /mdevs/mynrc/system/CodeIgniter.php(326): CodeIgniter\CodeIgniter->handleRequest()
#3 /mdevs/mynrc/public/index.php(37): CodeIgniter\CodeIgniter->run()
#4 {main}
CRITICAL - 2022-09-03 15:25:05 --> Class 'App\Models\mymelibsys_model' not found
#0 /mdevs/mynrc/system/CodeIgniter.php(809): App\Controllers\WhCrossing->__construct()
#1 /mdevs/mynrc/system/CodeIgniter.php(410): CodeIgniter\CodeIgniter->createController()
#2 /mdevs/mynrc/system/CodeIgniter.php(326): CodeIgniter\CodeIgniter->handleRequest()
#3 /mdevs/mynrc/public/index.php(37): CodeIgniter\CodeIgniter->run()
#4 {main}
CRITICAL - 2022-09-03 15:25:06 --> Class 'App\Models\mymelibsys_model' not found
#0 /mdevs/mynrc/system/CodeIgniter.php(809): App\Controllers\WhCrossing->__construct()
#1 /mdevs/mynrc/system/CodeIgniter.php(410): CodeIgniter\CodeIgniter->createController()
#2 /mdevs/mynrc/system/CodeIgniter.php(326): CodeIgniter\CodeIgniter->handleRequest()
#3 /mdevs/mynrc/public/index.php(37): CodeIgniter\CodeIgniter->run()
#4 {main}
CRITICAL - 2022-09-03 15:25:06 --> Class 'App\Models\mymelibsys_model' not found
#0 /mdevs/mynrc/system/CodeIgniter.php(809): App\Controllers\WhCrossing->__construct()
#1 /mdevs/mynrc/system/CodeIgniter.php(410): CodeIgniter\CodeIgniter->createController()
#2 /mdevs/mynrc/system/CodeIgniter.php(326): CodeIgniter\CodeIgniter->handleRequest()
#3 /mdevs/mynrc/public/index.php(37): CodeIgniter\CodeIgniter->run()
#4 {main}
CRITICAL - 2022-09-03 15:25:07 --> Class 'App\Models\mymelibsys_model' not found
#0 /mdevs/mynrc/system/CodeIgniter.php(809): App\Controllers\WhCrossing->__construct()
#1 /mdevs/mynrc/system/CodeIgniter.php(410): CodeIgniter\CodeIgniter->createController()
#2 /mdevs/mynrc/system/CodeIgniter.php(326): CodeIgniter\CodeIgniter->handleRequest()
#3 /mdevs/mynrc/public/index.php(37): CodeIgniter\CodeIgniter->run()
#4 {main}
CRITICAL - 2022-09-03 15:25:07 --> Class 'App\Models\mymelibsys_model' not found
#0 /mdevs/mynrc/system/CodeIgniter.php(809): App\Controllers\WhCrossing->__construct()
#1 /mdevs/mynrc/system/CodeIgniter.php(410): CodeIgniter\CodeIgniter->createController()
#2 /mdevs/mynrc/system/CodeIgniter.php(326): CodeIgniter\CodeIgniter->handleRequest()
#3 /mdevs/mynrc/public/index.php(37): CodeIgniter\CodeIgniter->run()
#4 {main}
CRITICAL - 2022-09-03 15:25:08 --> Class 'App\Models\mymelibsys_model' not found
#0 /mdevs/mynrc/system/CodeIgniter.php(809): App\Controllers\WhCrossing->__construct()
#1 /mdevs/mynrc/system/CodeIgniter.php(410): CodeIgniter\CodeIgniter->createController()
#2 /mdevs/mynrc/system/CodeIgniter.php(326): CodeIgniter\CodeIgniter->handleRequest()
#3 /mdevs/mynrc/public/index.php(37): CodeIgniter\CodeIgniter->run()
#4 {main}
CRITICAL - 2022-09-03 15:25:29 --> Class 'App\Models\mymelibsys_model' not found
#0 /mdevs/mynrc/system/CodeIgniter.php(809): App\Controllers\WhCrossing->__construct()
#1 /mdevs/mynrc/system/CodeIgniter.php(410): CodeIgniter\CodeIgniter->createController()
#2 /mdevs/mynrc/system/CodeIgniter.php(326): CodeIgniter\CodeIgniter->handleRequest()
#3 /mdevs/mynrc/public/index.php(37): CodeIgniter\CodeIgniter->run()
#4 {main}
CRITICAL - 2022-09-03 15:25:30 --> Class 'App\Models\mymelibsys_model' not found
#0 /mdevs/mynrc/system/CodeIgniter.php(809): App\Controllers\WhCrossing->__construct()
#1 /mdevs/mynrc/system/CodeIgniter.php(410): CodeIgniter\CodeIgniter->createController()
#2 /mdevs/mynrc/system/CodeIgniter.php(326): CodeIgniter\CodeIgniter->handleRequest()
#3 /mdevs/mynrc/public/index.php(37): CodeIgniter\CodeIgniter->run()
#4 {main}
CRITICAL - 2022-09-03 15:25:30 --> Class 'App\Models\mymelibsys_model' not found
#0 /mdevs/mynrc/system/CodeIgniter.php(809): App\Controllers\WhCrossing->__construct()
#1 /mdevs/mynrc/system/CodeIgniter.php(410): CodeIgniter\CodeIgniter->createController()
#2 /mdevs/mynrc/system/CodeIgniter.php(326): CodeIgniter\CodeIgniter->handleRequest()
#3 /mdevs/mynrc/public/index.php(37): CodeIgniter\CodeIgniter->run()
#4 {main}
CRITICAL - 2022-09-03 15:25:30 --> Class 'App\Models\mymelibsys_model' not found
#0 /mdevs/mynrc/system/CodeIgniter.php(809): App\Controllers\WhCrossing->__construct()
#1 /mdevs/mynrc/system/CodeIgniter.php(410): CodeIgniter\CodeIgniter->createController()
#2 /mdevs/mynrc/system/CodeIgniter.php(326): CodeIgniter\CodeIgniter->handleRequest()
#3 /mdevs/mynrc/public/index.php(37): CodeIgniter\CodeIgniter->run()
#4 {main}
CRITICAL - 2022-09-03 15:25:31 --> Class 'App\Models\mymelibsys_model' not found
#0 /mdevs/mynrc/system/CodeIgniter.php(809): App\Controllers\WhCrossing->__construct()
#1 /mdevs/mynrc/system/CodeIgniter.php(410): CodeIgniter\CodeIgniter->createController()
#2 /mdevs/mynrc/system/CodeIgniter.php(326): CodeIgniter\CodeIgniter->handleRequest()
#3 /mdevs/mynrc/public/index.php(37): CodeIgniter\CodeIgniter->run()
#4 {main}
CRITICAL - 2022-09-03 15:25:31 --> Class 'App\Models\mymelibsys_model' not found
#0 /mdevs/mynrc/system/CodeIgniter.php(809): App\Controllers\WhCrossing->__construct()
#1 /mdevs/mynrc/system/CodeIgniter.php(410): CodeIgniter\CodeIgniter->createController()
#2 /mdevs/mynrc/system/CodeIgniter.php(326): CodeIgniter\CodeIgniter->handleRequest()
#3 /mdevs/mynrc/public/index.php(37): CodeIgniter\CodeIgniter->run()
#4 {main}
CRITICAL - 2022-09-03 15:25:31 --> Class 'App\Models\mymelibsys_model' not found
#0 /mdevs/mynrc/system/CodeIgniter.php(809): App\Controllers\WhCrossing->__construct()
#1 /mdevs/mynrc/system/CodeIgniter.php(410): CodeIgniter\CodeIgniter->createController()
#2 /mdevs/mynrc/system/CodeIgniter.php(326): CodeIgniter\CodeIgniter->handleRequest()
#3 /mdevs/mynrc/public/index.php(37): CodeIgniter\CodeIgniter->run()
#4 {main}
CRITICAL - 2022-09-03 15:25:31 --> Class 'App\Models\mymelibsys_model' not found
#0 /mdevs/mynrc/system/CodeIgniter.php(809): App\Controllers\WhCrossing->__construct()
#1 /mdevs/mynrc/system/CodeIgniter.php(410): CodeIgniter\CodeIgniter->createController()
#2 /mdevs/mynrc/system/CodeIgniter.php(326): CodeIgniter\CodeIgniter->handleRequest()
#3 /mdevs/mynrc/public/index.php(37): CodeIgniter\CodeIgniter->run()
#4 {main}
CRITICAL - 2022-09-03 15:25:31 --> Class 'App\Models\mymelibsys_model' not found
#0 /mdevs/mynrc/system/CodeIgniter.php(809): App\Controllers\WhCrossing->__construct()
#1 /mdevs/mynrc/system/CodeIgniter.php(410): CodeIgniter\CodeIgniter->createController()
#2 /mdevs/mynrc/system/CodeIgniter.php(326): CodeIgniter\CodeIgniter->handleRequest()
#3 /mdevs/mynrc/public/index.php(37): CodeIgniter\CodeIgniter->run()
#4 {main}
CRITICAL - 2022-09-03 15:25:31 --> Class 'App\Models\mymelibsys_model' not found
#0 /mdevs/mynrc/system/CodeIgniter.php(809): App\Controllers\WhCrossing->__construct()
#1 /mdevs/mynrc/system/CodeIgniter.php(410): CodeIgniter\CodeIgniter->createController()
#2 /mdevs/mynrc/system/CodeIgniter.php(326): CodeIgniter\CodeIgniter->handleRequest()
#3 /mdevs/mynrc/public/index.php(37): CodeIgniter\CodeIgniter->run()
#4 {main}
CRITICAL - 2022-09-03 15:25:32 --> Class 'App\Models\mymelibsys_model' not found
#0 /mdevs/mynrc/system/CodeIgniter.php(809): App\Controllers\WhCrossing->__construct()
#1 /mdevs/mynrc/system/CodeIgniter.php(410): CodeIgniter\CodeIgniter->createController()
#2 /mdevs/mynrc/system/CodeIgniter.php(326): CodeIgniter\CodeIgniter->handleRequest()
#3 /mdevs/mynrc/public/index.php(37): CodeIgniter\CodeIgniter->run()
#4 {main}
CRITICAL - 2022-09-03 15:25:32 --> Class 'App\Models\mymelibsys_model' not found
#0 /mdevs/mynrc/system/CodeIgniter.php(809): App\Controllers\WhCrossing->__construct()
#1 /mdevs/mynrc/system/CodeIgniter.php(410): CodeIgniter\CodeIgniter->createController()
#2 /mdevs/mynrc/system/CodeIgniter.php(326): CodeIgniter\CodeIgniter->handleRequest()
#3 /mdevs/mynrc/public/index.php(37): CodeIgniter\CodeIgniter->run()
#4 {main}
CRITICAL - 2022-09-03 15:25:32 --> Class 'App\Models\mymelibsys_model' not found
#0 /mdevs/mynrc/system/CodeIgniter.php(809): App\Controllers\WhCrossing->__construct()
#1 /mdevs/mynrc/system/CodeIgniter.php(410): CodeIgniter\CodeIgniter->createController()
#2 /mdevs/mynrc/system/CodeIgniter.php(326): CodeIgniter\CodeIgniter->handleRequest()
#3 /mdevs/mynrc/public/index.php(37): CodeIgniter\CodeIgniter->run()
#4 {main}
CRITICAL - 2022-09-03 15:25:32 --> Class 'App\Models\mymelibsys_model' not found
#0 /mdevs/mynrc/system/CodeIgniter.php(809): App\Controllers\WhCrossing->__construct()
#1 /mdevs/mynrc/system/CodeIgniter.php(410): CodeIgniter\CodeIgniter->createController()
#2 /mdevs/mynrc/system/CodeIgniter.php(326): CodeIgniter\CodeIgniter->handleRequest()
#3 /mdevs/mynrc/public/index.php(37): CodeIgniter\CodeIgniter->run()
#4 {main}
CRITICAL - 2022-09-03 15:25:32 --> Class 'App\Models\mymelibsys_model' not found
#0 /mdevs/mynrc/system/CodeIgniter.php(809): App\Controllers\WhCrossing->__construct()
#1 /mdevs/mynrc/system/CodeIgniter.php(410): CodeIgniter\CodeIgniter->createController()
#2 /mdevs/mynrc/system/CodeIgniter.php(326): CodeIgniter\CodeIgniter->handleRequest()
#3 /mdevs/mynrc/public/index.php(37): CodeIgniter\CodeIgniter->run()
#4 {main}
CRITICAL - 2022-09-03 15:25:38 --> Class 'App\Models\mymelibsys_model' not found
#0 /mdevs/mynrc/system/CodeIgniter.php(809): App\Controllers\WhCrossing->__construct()
#1 /mdevs/mynrc/system/CodeIgniter.php(410): CodeIgniter\CodeIgniter->createController()
#2 /mdevs/mynrc/system/CodeIgniter.php(326): CodeIgniter\CodeIgniter->handleRequest()
#3 /mdevs/mynrc/public/index.php(37): CodeIgniter\CodeIgniter->run()
#4 {main}
CRITICAL - 2022-09-03 15:25:38 --> Class 'App\Models\mymelibsys_model' not found
#0 /mdevs/mynrc/system/CodeIgniter.php(809): App\Controllers\WhCrossing->__construct()
#1 /mdevs/mynrc/system/CodeIgniter.php(410): CodeIgniter\CodeIgniter->createController()
#2 /mdevs/mynrc/system/CodeIgniter.php(326): CodeIgniter\CodeIgniter->handleRequest()
#3 /mdevs/mynrc/public/index.php(37): CodeIgniter\CodeIgniter->run()
#4 {main}
CRITICAL - 2022-09-03 15:25:39 --> Class 'App\Models\mymelibsys_model' not found
#0 /mdevs/mynrc/system/CodeIgniter.php(809): App\Controllers\WhCrossing->__construct()
#1 /mdevs/mynrc/system/CodeIgniter.php(410): CodeIgniter\CodeIgniter->createController()
#2 /mdevs/mynrc/system/CodeIgniter.php(326): CodeIgniter\CodeIgniter->handleRequest()
#3 /mdevs/mynrc/public/index.php(37): CodeIgniter\CodeIgniter->run()
#4 {main}
CRITICAL - 2022-09-03 15:25:39 --> Class 'App\Models\mymelibsys_model' not found
#0 /mdevs/mynrc/system/CodeIgniter.php(809): App\Controllers\WhCrossing->__construct()
#1 /mdevs/mynrc/system/CodeIgniter.php(410): CodeIgniter\CodeIgniter->createController()
#2 /mdevs/mynrc/system/CodeIgniter.php(326): CodeIgniter\CodeIgniter->handleRequest()
#3 /mdevs/mynrc/public/index.php(37): CodeIgniter\CodeIgniter->run()
#4 {main}
CRITICAL - 2022-09-03 15:25:39 --> Class 'App\Models\mymelibsys_model' not found
#0 /mdevs/mynrc/system/CodeIgniter.php(809): App\Controllers\WhCrossing->__construct()
#1 /mdevs/mynrc/system/CodeIgniter.php(410): CodeIgniter\CodeIgniter->createController()
#2 /mdevs/mynrc/system/CodeIgniter.php(326): CodeIgniter\CodeIgniter->handleRequest()
#3 /mdevs/mynrc/public/index.php(37): CodeIgniter\CodeIgniter->run()
#4 {main}
CRITICAL - 2022-09-03 15:25:39 --> Class 'App\Models\mymelibsys_model' not found
#0 /mdevs/mynrc/system/CodeIgniter.php(809): App\Controllers\WhCrossing->__construct()
#1 /mdevs/mynrc/system/CodeIgniter.php(410): CodeIgniter\CodeIgniter->createController()
#2 /mdevs/mynrc/system/CodeIgniter.php(326): CodeIgniter\CodeIgniter->handleRequest()
#3 /mdevs/mynrc/public/index.php(37): CodeIgniter\CodeIgniter->run()
#4 {main}
CRITICAL - 2022-09-03 15:25:39 --> Class 'App\Models\mymelibsys_model' not found
#0 /mdevs/mynrc/system/CodeIgniter.php(809): App\Controllers\WhCrossing->__construct()
#1 /mdevs/mynrc/system/CodeIgniter.php(410): CodeIgniter\CodeIgniter->createController()
#2 /mdevs/mynrc/system/CodeIgniter.php(326): CodeIgniter\CodeIgniter->handleRequest()
#3 /mdevs/mynrc/public/index.php(37): CodeIgniter\CodeIgniter->run()
#4 {main}
CRITICAL - 2022-09-03 15:25:39 --> Class 'App\Models\mymelibsys_model' not found
#0 /mdevs/mynrc/system/CodeIgniter.php(809): App\Controllers\WhCrossing->__construct()
#1 /mdevs/mynrc/system/CodeIgniter.php(410): CodeIgniter\CodeIgniter->createController()
#2 /mdevs/mynrc/system/CodeIgniter.php(326): CodeIgniter\CodeIgniter->handleRequest()
#3 /mdevs/mynrc/public/index.php(37): CodeIgniter\CodeIgniter->run()
#4 {main}
CRITICAL - 2022-09-03 15:25:40 --> Class 'App\Models\mymelibsys_model' not found
#0 /mdevs/mynrc/system/CodeIgniter.php(809): App\Controllers\WhCrossing->__construct()
#1 /mdevs/mynrc/system/CodeIgniter.php(410): CodeIgniter\CodeIgniter->createController()
#2 /mdevs/mynrc/system/CodeIgniter.php(326): CodeIgniter\CodeIgniter->handleRequest()
#3 /mdevs/mynrc/public/index.php(37): CodeIgniter\CodeIgniter->run()
#4 {main}
CRITICAL - 2022-09-03 15:25:40 --> Class 'App\Models\mymelibsys_model' not found
#0 /mdevs/mynrc/system/CodeIgniter.php(809): App\Controllers\WhCrossing->__construct()
#1 /mdevs/mynrc/system/CodeIgniter.php(410): CodeIgniter\CodeIgniter->createController()
#2 /mdevs/mynrc/system/CodeIgniter.php(326): CodeIgniter\CodeIgniter->handleRequest()
#3 /mdevs/mynrc/public/index.php(37): CodeIgniter\CodeIgniter->run()
#4 {main}
CRITICAL - 2022-09-03 15:25:40 --> Class 'App\Models\mymelibsys_model' not found
#0 /mdevs/mynrc/system/CodeIgniter.php(809): App\Controllers\WhCrossing->__construct()
#1 /mdevs/mynrc/system/CodeIgniter.php(410): CodeIgniter\CodeIgniter->createController()
#2 /mdevs/mynrc/system/CodeIgniter.php(326): CodeIgniter\CodeIgniter->handleRequest()
#3 /mdevs/mynrc/public/index.php(37): CodeIgniter\CodeIgniter->run()
#4 {main}
CRITICAL - 2022-09-03 15:25:40 --> Class 'App\Models\mymelibsys_model' not found
#0 /mdevs/mynrc/system/CodeIgniter.php(809): App\Controllers\WhCrossing->__construct()
#1 /mdevs/mynrc/system/CodeIgniter.php(410): CodeIgniter\CodeIgniter->createController()
#2 /mdevs/mynrc/system/CodeIgniter.php(326): CodeIgniter\CodeIgniter->handleRequest()
#3 /mdevs/mynrc/public/index.php(37): CodeIgniter\CodeIgniter->run()
#4 {main}
CRITICAL - 2022-09-03 15:25:41 --> Class 'App\Models\mymelibsys_model' not found
#0 /mdevs/mynrc/system/CodeIgniter.php(809): App\Controllers\WhCrossing->__construct()
#1 /mdevs/mynrc/system/CodeIgniter.php(410): CodeIgniter\CodeIgniter->createController()
#2 /mdevs/mynrc/system/CodeIgniter.php(326): CodeIgniter\CodeIgniter->handleRequest()
#3 /mdevs/mynrc/public/index.php(37): CodeIgniter\CodeIgniter->run()
#4 {main}
CRITICAL - 2022-09-03 15:25:41 --> Class 'App\Models\mymelibsys_model' not found
#0 /mdevs/mynrc/system/CodeIgniter.php(809): App\Controllers\WhCrossing->__construct()
#1 /mdevs/mynrc/system/CodeIgniter.php(410): CodeIgniter\CodeIgniter->createController()
#2 /mdevs/mynrc/system/CodeIgniter.php(326): CodeIgniter\CodeIgniter->handleRequest()
#3 /mdevs/mynrc/public/index.php(37): CodeIgniter\CodeIgniter->run()
#4 {main}
CRITICAL - 2022-09-03 15:25:41 --> Class 'App\Models\mymelibsys_model' not found
#0 /mdevs/mynrc/system/CodeIgniter.php(809): App\Controllers\WhCrossing->__construct()
#1 /mdevs/mynrc/system/CodeIgniter.php(410): CodeIgniter\CodeIgniter->createController()
#2 /mdevs/mynrc/system/CodeIgniter.php(326): CodeIgniter\CodeIgniter->handleRequest()
#3 /mdevs/mynrc/public/index.php(37): CodeIgniter\CodeIgniter->run()
#4 {main}
CRITICAL - 2022-09-03 15:25:41 --> Class 'App\Models\mymelibsys_model' not found
#0 /mdevs/mynrc/system/CodeIgniter.php(809): App\Controllers\WhCrossing->__construct()
#1 /mdevs/mynrc/system/CodeIgniter.php(410): CodeIgniter\CodeIgniter->createController()
#2 /mdevs/mynrc/system/CodeIgniter.php(326): CodeIgniter\CodeIgniter->handleRequest()
#3 /mdevs/mynrc/public/index.php(37): CodeIgniter\CodeIgniter->run()
#4 {main}
CRITICAL - 2022-09-03 15:25:41 --> Class 'App\Models\mymelibsys_model' not found
#0 /mdevs/mynrc/system/CodeIgniter.php(809): App\Controllers\WhCrossing->__construct()
#1 /mdevs/mynrc/system/CodeIgniter.php(410): CodeIgniter\CodeIgniter->createController()
#2 /mdevs/mynrc/system/CodeIgniter.php(326): CodeIgniter\CodeIgniter->handleRequest()
#3 /mdevs/mynrc/public/index.php(37): CodeIgniter\CodeIgniter->run()
#4 {main}
CRITICAL - 2022-09-03 15:27:11 --> Class 'App\Models\mymelibsys_model' not found
#0 /mdevs/mynrc/system/CodeIgniter.php(809): App\Controllers\WhCrossing->__construct()
#1 /mdevs/mynrc/system/CodeIgniter.php(410): CodeIgniter\CodeIgniter->createController()
#2 /mdevs/mynrc/system/CodeIgniter.php(326): CodeIgniter\CodeIgniter->handleRequest()
#3 /mdevs/mynrc/public/index.php(37): CodeIgniter\CodeIgniter->run()
#4 {main}
CRITICAL - 2022-09-03 15:27:11 --> Class 'App\Models\mymelibsys_model' not found
#0 /mdevs/mynrc/system/CodeIgniter.php(809): App\Controllers\WhCrossing->__construct()
#1 /mdevs/mynrc/system/CodeIgniter.php(410): CodeIgniter\CodeIgniter->createController()
#2 /mdevs/mynrc/system/CodeIgniter.php(326): CodeIgniter\CodeIgniter->handleRequest()
#3 /mdevs/mynrc/public/index.php(37): CodeIgniter\CodeIgniter->run()
#4 {main}
CRITICAL - 2022-09-03 15:27:12 --> Class 'App\Models\mymelibsys_model' not found
#0 /mdevs/mynrc/system/CodeIgniter.php(809): App\Controllers\WhCrossing->__construct()
#1 /mdevs/mynrc/system/CodeIgniter.php(410): CodeIgniter\CodeIgniter->createController()
#2 /mdevs/mynrc/system/CodeIgniter.php(326): CodeIgniter\CodeIgniter->handleRequest()
#3 /mdevs/mynrc/public/index.php(37): CodeIgniter\CodeIgniter->run()
#4 {main}
CRITICAL - 2022-09-03 15:27:12 --> Class 'App\Models\mymelibsys_model' not found
#0 /mdevs/mynrc/system/CodeIgniter.php(809): App\Controllers\WhCrossing->__construct()
#1 /mdevs/mynrc/system/CodeIgniter.php(410): CodeIgniter\CodeIgniter->createController()
#2 /mdevs/mynrc/system/CodeIgniter.php(326): CodeIgniter\CodeIgniter->handleRequest()
#3 /mdevs/mynrc/public/index.php(37): CodeIgniter\CodeIgniter->run()
#4 {main}
CRITICAL - 2022-09-03 15:27:12 --> Class 'App\Models\mymelibsys_model' not found
#0 /mdevs/mynrc/system/CodeIgniter.php(809): App\Controllers\WhCrossing->__construct()
#1 /mdevs/mynrc/system/CodeIgniter.php(410): CodeIgniter\CodeIgniter->createController()
#2 /mdevs/mynrc/system/CodeIgniter.php(326): CodeIgniter\CodeIgniter->handleRequest()
#3 /mdevs/mynrc/public/index.php(37): CodeIgniter\CodeIgniter->run()
#4 {main}
CRITICAL - 2022-09-03 15:27:13 --> Class 'App\Models\mymelibsys_model' not found
#0 /mdevs/mynrc/system/CodeIgniter.php(809): App\Controllers\WhCrossing->__construct()
#1 /mdevs/mynrc/system/CodeIgniter.php(410): CodeIgniter\CodeIgniter->createController()
#2 /mdevs/mynrc/system/CodeIgniter.php(326): CodeIgniter\CodeIgniter->handleRequest()
#3 /mdevs/mynrc/public/index.php(37): CodeIgniter\CodeIgniter->run()
#4 {main}
CRITICAL - 2022-09-03 15:27:13 --> Class 'App\Models\mymelibsys_model' not found
#0 /mdevs/mynrc/system/CodeIgniter.php(809): App\Controllers\WhCrossing->__construct()
#1 /mdevs/mynrc/system/CodeIgniter.php(410): CodeIgniter\CodeIgniter->createController()
#2 /mdevs/mynrc/system/CodeIgniter.php(326): CodeIgniter\CodeIgniter->handleRequest()
#3 /mdevs/mynrc/public/index.php(37): CodeIgniter\CodeIgniter->run()
#4 {main}
CRITICAL - 2022-09-03 15:27:13 --> Class 'App\Models\mymelibsys_model' not found
#0 /mdevs/mynrc/system/CodeIgniter.php(809): App\Controllers\WhCrossing->__construct()
#1 /mdevs/mynrc/system/CodeIgniter.php(410): CodeIgniter\CodeIgniter->createController()
#2 /mdevs/mynrc/system/CodeIgniter.php(326): CodeIgniter\CodeIgniter->handleRequest()
#3 /mdevs/mynrc/public/index.php(37): CodeIgniter\CodeIgniter->run()
#4 {main}
CRITICAL - 2022-09-03 15:27:13 --> Class 'App\Models\mymelibsys_model' not found
#0 /mdevs/mynrc/system/CodeIgniter.php(809): App\Controllers\WhCrossing->__construct()
#1 /mdevs/mynrc/system/CodeIgniter.php(410): CodeIgniter\CodeIgniter->createController()
#2 /mdevs/mynrc/system/CodeIgniter.php(326): CodeIgniter\CodeIgniter->handleRequest()
#3 /mdevs/mynrc/public/index.php(37): CodeIgniter\CodeIgniter->run()
#4 {main}
CRITICAL - 2022-09-03 15:27:13 --> Class 'App\Models\mymelibsys_model' not found
#0 /mdevs/mynrc/system/CodeIgniter.php(809): App\Controllers\WhCrossing->__construct()
#1 /mdevs/mynrc/system/CodeIgniter.php(410): CodeIgniter\CodeIgniter->createController()
#2 /mdevs/mynrc/system/CodeIgniter.php(326): CodeIgniter\CodeIgniter->handleRequest()
#3 /mdevs/mynrc/public/index.php(37): CodeIgniter\CodeIgniter->run()
#4 {main}
CRITICAL - 2022-09-03 15:30:56 --> Class 'CI_Model' not found
#0 /mdevs/mynrc/system/Autoloader/Autoloader.php(264): include_once()
#1 /mdevs/mynrc/system/Autoloader/Autoloader.php(241): CodeIgniter\Autoloader\Autoloader->includeFile()
#2 /mdevs/mynrc/system/Autoloader/Autoloader.php(219): CodeIgniter\Autoloader\Autoloader->loadInNamespace()
#3 [internal function]: CodeIgniter\Autoloader\Autoloader->loadClass()
#4 /mdevs/mynrc/app/Controllers/WhCrossing.php(24): spl_autoload_call()
#5 /mdevs/mynrc/system/CodeIgniter.php(809): App\Controllers\WhCrossing->__construct()
#6 /mdevs/mynrc/system/CodeIgniter.php(410): CodeIgniter\CodeIgniter->createController()
#7 /mdevs/mynrc/system/CodeIgniter.php(326): CodeIgniter\CodeIgniter->handleRequest()
#8 /mdevs/mynrc/public/index.php(37): CodeIgniter\CodeIgniter->run()
#9 {main}
CRITICAL - 2022-09-03 15:31:15 --> Class 'Model' not found
#0 /mdevs/mynrc/system/Autoloader/Autoloader.php(264): include_once()
#1 /mdevs/mynrc/system/Autoloader/Autoloader.php(241): CodeIgniter\Autoloader\Autoloader->includeFile()
#2 /mdevs/mynrc/system/Autoloader/Autoloader.php(219): CodeIgniter\Autoloader\Autoloader->loadInNamespace()
#3 [internal function]: CodeIgniter\Autoloader\Autoloader->loadClass()
#4 /mdevs/mynrc/app/Controllers/WhCrossing.php(24): spl_autoload_call()
#5 /mdevs/mynrc/system/CodeIgniter.php(809): App\Controllers\WhCrossing->__construct()
#6 /mdevs/mynrc/system/CodeIgniter.php(410): CodeIgniter\CodeIgniter->createController()
#7 /mdevs/mynrc/system/CodeIgniter.php(326): CodeIgniter\CodeIgniter->handleRequest()
#8 /mdevs/mynrc/public/index.php(37): CodeIgniter\CodeIgniter->run()
#9 {main}
CRITICAL - 2022-09-03 15:31:42 --> Class 'App\Models\mydatum_model' not found
#0 /mdevs/mynrc/system/CodeIgniter.php(809): App\Controllers\WhCrossing->__construct()
#1 /mdevs/mynrc/system/CodeIgniter.php(410): CodeIgniter\CodeIgniter->createController()
#2 /mdevs/mynrc/system/CodeIgniter.php(326): CodeIgniter\CodeIgniter->handleRequest()
#3 /mdevs/mynrc/public/index.php(37): CodeIgniter\CodeIgniter->run()
#4 {main}
CRITICAL - 2022-09-03 15:32:17 --> Class 'App\Models\Mydatum_model' not found
#0 /mdevs/mynrc/system/CodeIgniter.php(809): App\Controllers\WhCrossing->__construct()
#1 /mdevs/mynrc/system/CodeIgniter.php(410): CodeIgniter\CodeIgniter->createController()
#2 /mdevs/mynrc/system/CodeIgniter.php(326): CodeIgniter\CodeIgniter->handleRequest()
#3 /mdevs/mynrc/public/index.php(37): CodeIgniter\CodeIgniter->run()
#4 {main}
CRITICAL - 2022-09-03 15:32:18 --> Class 'App\Models\Mydatum_model' not found
#0 /mdevs/mynrc/system/CodeIgniter.php(809): App\Controllers\WhCrossing->__construct()
#1 /mdevs/mynrc/system/CodeIgniter.php(410): CodeIgniter\CodeIgniter->createController()
#2 /mdevs/mynrc/system/CodeIgniter.php(326): CodeIgniter\CodeIgniter->handleRequest()
#3 /mdevs/mynrc/public/index.php(37): CodeIgniter\CodeIgniter->run()
#4 {main}
CRITICAL - 2022-09-03 15:32:19 --> Class 'App\Models\Mydatum_model' not found
#0 /mdevs/mynrc/system/CodeIgniter.php(809): App\Controllers\WhCrossing->__construct()
#1 /mdevs/mynrc/system/CodeIgniter.php(410): CodeIgniter\CodeIgniter->createController()
#2 /mdevs/mynrc/system/CodeIgniter.php(326): CodeIgniter\CodeIgniter->handleRequest()
#3 /mdevs/mynrc/public/index.php(37): CodeIgniter\CodeIgniter->run()
#4 {main}
CRITICAL - 2022-09-03 15:32:19 --> Class 'App\Models\Mydatum_model' not found
#0 /mdevs/mynrc/system/CodeIgniter.php(809): App\Controllers\WhCrossing->__construct()
#1 /mdevs/mynrc/system/CodeIgniter.php(410): CodeIgniter\CodeIgniter->createController()
#2 /mdevs/mynrc/system/CodeIgniter.php(326): CodeIgniter\CodeIgniter->handleRequest()
#3 /mdevs/mynrc/public/index.php(37): CodeIgniter\CodeIgniter->run()
#4 {main}
CRITICAL - 2022-09-03 15:32:19 --> Class 'App\Models\Mydatum_model' not found
#0 /mdevs/mynrc/system/CodeIgniter.php(809): App\Controllers\WhCrossing->__construct()
#1 /mdevs/mynrc/system/CodeIgniter.php(410): CodeIgniter\CodeIgniter->createController()
#2 /mdevs/mynrc/system/CodeIgniter.php(326): CodeIgniter\CodeIgniter->handleRequest()
#3 /mdevs/mynrc/public/index.php(37): CodeIgniter\CodeIgniter->run()
#4 {main}
CRITICAL - 2022-09-03 15:32:19 --> Class 'App\Models\Mydatum_model' not found
#0 /mdevs/mynrc/system/CodeIgniter.php(809): App\Controllers\WhCrossing->__construct()
#1 /mdevs/mynrc/system/CodeIgniter.php(410): CodeIgniter\CodeIgniter->createController()
#2 /mdevs/mynrc/system/CodeIgniter.php(326): CodeIgniter\CodeIgniter->handleRequest()
#3 /mdevs/mynrc/public/index.php(37): CodeIgniter\CodeIgniter->run()
#4 {main}
CRITICAL - 2022-09-03 15:32:19 --> Class 'App\Models\Mydatum_model' not found
#0 /mdevs/mynrc/system/CodeIgniter.php(809): App\Controllers\WhCrossing->__construct()
#1 /mdevs/mynrc/system/CodeIgniter.php(410): CodeIgniter\CodeIgniter->createController()
#2 /mdevs/mynrc/system/CodeIgniter.php(326): CodeIgniter\CodeIgniter->handleRequest()
#3 /mdevs/mynrc/public/index.php(37): CodeIgniter\CodeIgniter->run()
#4 {main}
CRITICAL - 2022-09-03 15:32:19 --> Class 'App\Models\Mydatum_model' not found
#0 /mdevs/mynrc/system/CodeIgniter.php(809): App\Controllers\WhCrossing->__construct()
#1 /mdevs/mynrc/system/CodeIgniter.php(410): CodeIgniter\CodeIgniter->createController()
#2 /mdevs/mynrc/system/CodeIgniter.php(326): CodeIgniter\CodeIgniter->handleRequest()
#3 /mdevs/mynrc/public/index.php(37): CodeIgniter\CodeIgniter->run()
#4 {main}
CRITICAL - 2022-09-03 15:32:20 --> Class 'App\Models\Mydatum_model' not found
#0 /mdevs/mynrc/system/CodeIgniter.php(809): App\Controllers\WhCrossing->__construct()
#1 /mdevs/mynrc/system/CodeIgniter.php(410): CodeIgniter\CodeIgniter->createController()
#2 /mdevs/mynrc/system/CodeIgniter.php(326): CodeIgniter\CodeIgniter->handleRequest()
#3 /mdevs/mynrc/public/index.php(37): CodeIgniter\CodeIgniter->run()
#4 {main}
CRITICAL - 2022-09-03 15:32:20 --> Class 'App\Models\Mydatum_model' not found
#0 /mdevs/mynrc/system/CodeIgniter.php(809): App\Controllers\WhCrossing->__construct()
#1 /mdevs/mynrc/system/CodeIgniter.php(410): CodeIgniter\CodeIgniter->createController()
#2 /mdevs/mynrc/system/CodeIgniter.php(326): CodeIgniter\CodeIgniter->handleRequest()
#3 /mdevs/mynrc/public/index.php(37): CodeIgniter\CodeIgniter->run()
#4 {main}
CRITICAL - 2022-09-03 15:32:40 --> Class 'App\Models\MyDatum_model' not found
#0 /mdevs/mynrc/system/CodeIgniter.php(809): App\Controllers\WhCrossing->__construct()
#1 /mdevs/mynrc/system/CodeIgniter.php(410): CodeIgniter\CodeIgniter->createController()
#2 /mdevs/mynrc/system/CodeIgniter.php(326): CodeIgniter\CodeIgniter->handleRequest()
#3 /mdevs/mynrc/public/index.php(37): CodeIgniter\CodeIgniter->run()
#4 {main}
CRITICAL - 2022-09-03 15:32:55 --> Class 'App\Models\Mydata_ua_model' not found
#0 /mdevs/mynrc/system/CodeIgniter.php(809): App\Controllers\WhCrossing->__construct()
#1 /mdevs/mynrc/system/CodeIgniter.php(410): CodeIgniter\CodeIgniter->createController()
#2 /mdevs/mynrc/system/CodeIgniter.php(326): CodeIgniter\CodeIgniter->handleRequest()
#3 /mdevs/mynrc/public/index.php(37): CodeIgniter\CodeIgniter->run()
#4 {main}
CRITICAL - 2022-09-03 15:34:23 --> Undefined property: App\Controllers\WhCrossing::$load
#0 /mdevs/mynrc/app/Controllers/WhCrossing.php(33): CodeIgniter\Debug\Exceptions->errorHandler()
#1 /mdevs/mynrc/system/CodeIgniter.php(832): App\Controllers\WhCrossing->index()
#2 /mdevs/mynrc/system/CodeIgniter.php(419): CodeIgniter\CodeIgniter->runController()
#3 /mdevs/mynrc/system/CodeIgniter.php(326): CodeIgniter\CodeIgniter->handleRequest()
#4 /mdevs/mynrc/public/index.php(37): CodeIgniter\CodeIgniter->run()
#5 {main}
CRITICAL - 2022-09-03 15:34:42 --> Undefined property: CodeIgniter\View\View::$mylibz
#0 /mdevs/mynrc/app/Views/Whcrossing/Whcrossing_main.php(10): CodeIgniter\Debug\Exceptions->errorHandler()
#1 /mdevs/mynrc/system/View/View.php(210): include('/mdevs/mynrc/ap...')
#2 /mdevs/mynrc/system/View/View.php(213): CodeIgniter\View\View->CodeIgniter\View\{closure}()
#3 /mdevs/mynrc/system/Common.php(1089): CodeIgniter\View\View->render()
#4 /mdevs/mynrc/app/Controllers/WhCrossing.php(33): view()
#5 /mdevs/mynrc/system/CodeIgniter.php(832): App\Controllers\WhCrossing->index()
#6 /mdevs/mynrc/system/CodeIgniter.php(419): CodeIgniter\CodeIgniter->runController()
#7 /mdevs/mynrc/system/CodeIgniter.php(326): CodeIgniter\CodeIgniter->handleRequest()
#8 /mdevs/mynrc/public/index.php(37): CodeIgniter\CodeIgniter->run()
#9 {main}
CRITICAL - 2022-09-03 15:40:07 --> Undefined property: CodeIgniter\View\View::$mylibz
#0 /mdevs/mynrc/app/Views/Whcrossing/Whcrossing_main.php(10): CodeIgniter\Debug\Exceptions->errorHandler()
#1 /mdevs/mynrc/system/View/View.php(210): include('/mdevs/mynrc/ap...')
#2 /mdevs/mynrc/system/View/View.php(213): CodeIgniter\View\View->CodeIgniter\View\{closure}()
#3 /mdevs/mynrc/system/Common.php(1089): CodeIgniter\View\View->render()
#4 /mdevs/mynrc/app/Controllers/WhCrossing.php(33): view()
#5 /mdevs/mynrc/system/CodeIgniter.php(832): App\Controllers\WhCrossing->index()
#6 /mdevs/mynrc/system/CodeIgniter.php(419): CodeIgniter\CodeIgniter->runController()
#7 /mdevs/mynrc/system/CodeIgniter.php(326): CodeIgniter\CodeIgniter->handleRequest()
#8 /mdevs/mynrc/public/index.php(37): CodeIgniter\CodeIgniter->run()
#9 {main}
CRITICAL - 2022-09-03 15:41:15 --> Undefined property: CodeIgniter\View\View::$mylibz
#0 /mdevs/mynrc/app/Views/Whcrossing/Whcrossing_main.php(10): CodeIgniter\Debug\Exceptions->errorHandler()
#1 /mdevs/mynrc/system/View/View.php(210): include('/mdevs/mynrc/ap...')
#2 /mdevs/mynrc/system/View/View.php(213): CodeIgniter\View\View->CodeIgniter\View\{closure}()
#3 /mdevs/mynrc/system/Common.php(1089): CodeIgniter\View\View->render()
#4 /mdevs/mynrc/app/Controllers/WhCrossing.php(33): view()
#5 /mdevs/mynrc/system/CodeIgniter.php(832): App\Controllers\WhCrossing->index()
#6 /mdevs/mynrc/system/CodeIgniter.php(419): CodeIgniter\CodeIgniter->runController()
#7 /mdevs/mynrc/system/CodeIgniter.php(326): CodeIgniter\CodeIgniter->handleRequest()
#8 /mdevs/mynrc/public/index.php(37): CodeIgniter\CodeIgniter->run()
#9 {main}
CRITICAL - 2022-09-03 15:45:27 --> var_dump() expects at least 1 parameter, 0 given
#0 [internal function]: CodeIgniter\Debug\Exceptions->errorHandler()
#1 /mdevs/mynrc/app/Views/Whcrossing/Whcrossing_main.php(16): var_dump()
#2 /mdevs/mynrc/system/View/View.php(210): include('/mdevs/mynrc/ap...')
#3 /mdevs/mynrc/system/View/View.php(213): CodeIgniter\View\View->CodeIgniter\View\{closure}()
#4 /mdevs/mynrc/system/Common.php(1089): CodeIgniter\View\View->render()
#5 /mdevs/mynrc/app/Controllers/WhCrossing.php(33): view()
#6 /mdevs/mynrc/system/CodeIgniter.php(832): App\Controllers\WhCrossing->index()
#7 /mdevs/mynrc/system/CodeIgniter.php(419): CodeIgniter\CodeIgniter->runController()
#8 /mdevs/mynrc/system/CodeIgniter.php(326): CodeIgniter\CodeIgniter->handleRequest()
#9 /mdevs/mynrc/public/index.php(37): CodeIgniter\CodeIgniter->run()
#10 {main}
CRITICAL - 2022-09-03 15:45:35 --> Undefined property: CodeIgniter\View\View::$input
#0 /mdevs/mynrc/app/Views/Whcrossing/Whcrossing_main.php(19): CodeIgniter\Debug\Exceptions->errorHandler()
#1 /mdevs/mynrc/system/View/View.php(210): include('/mdevs/mynrc/ap...')
#2 /mdevs/mynrc/system/View/View.php(213): CodeIgniter\View\View->CodeIgniter\View\{closure}()
#3 /mdevs/mynrc/system/Common.php(1089): CodeIgniter\View\View->render()
#4 /mdevs/mynrc/app/Controllers/WhCrossing.php(33): view()
#5 /mdevs/mynrc/system/CodeIgniter.php(832): App\Controllers\WhCrossing->index()
#6 /mdevs/mynrc/system/CodeIgniter.php(419): CodeIgniter\CodeIgniter->runController()
#7 /mdevs/mynrc/system/CodeIgniter.php(326): CodeIgniter\CodeIgniter->handleRequest()
#8 /mdevs/mynrc/public/index.php(37): CodeIgniter\CodeIgniter->run()
#9 {main}
CRITICAL - 2022-09-03 15:45:54 --> Undefined property: CodeIgniter\View\View::$request
#0 /mdevs/mynrc/app/Views/Whcrossing/Whcrossing_main.php(19): CodeIgniter\Debug\Exceptions->errorHandler()
#1 /mdevs/mynrc/system/View/View.php(210): include('/mdevs/mynrc/ap...')
#2 /mdevs/mynrc/system/View/View.php(213): CodeIgniter\View\View->CodeIgniter\View\{closure}()
#3 /mdevs/mynrc/system/Common.php(1089): CodeIgniter\View\View->render()
#4 /mdevs/mynrc/app/Controllers/WhCrossing.php(33): view()
#5 /mdevs/mynrc/system/CodeIgniter.php(832): App\Controllers\WhCrossing->index()
#6 /mdevs/mynrc/system/CodeIgniter.php(419): CodeIgniter\CodeIgniter->runController()
#7 /mdevs/mynrc/system/CodeIgniter.php(326): CodeIgniter\CodeIgniter->handleRequest()
#8 /mdevs/mynrc/public/index.php(37): CodeIgniter\CodeIgniter->run()
#9 {main}
CRITICAL - 2022-09-03 15:45:54 --> Undefined property: CodeIgniter\View\View::$request
#0 /mdevs/mynrc/app/Views/Whcrossing/Whcrossing_main.php(19): CodeIgniter\Debug\Exceptions->errorHandler()
#1 /mdevs/mynrc/system/View/View.php(210): include('/mdevs/mynrc/ap...')
#2 /mdevs/mynrc/system/View/View.php(213): CodeIgniter\View\View->CodeIgniter\View\{closure}()
#3 /mdevs/mynrc/system/Common.php(1089): CodeIgniter\View\View->render()
#4 /mdevs/mynrc/app/Controllers/WhCrossing.php(33): view()
#5 /mdevs/mynrc/system/CodeIgniter.php(832): App\Controllers\WhCrossing->index()
#6 /mdevs/mynrc/system/CodeIgniter.php(419): CodeIgniter\CodeIgniter->runController()
#7 /mdevs/mynrc/system/CodeIgniter.php(326): CodeIgniter\CodeIgniter->handleRequest()
#8 /mdevs/mynrc/public/index.php(37): CodeIgniter\CodeIgniter->run()
#9 {main}
CRITICAL - 2022-09-03 15:45:55 --> Undefined property: CodeIgniter\View\View::$request
#0 /mdevs/mynrc/app/Views/Whcrossing/Whcrossing_main.php(19): CodeIgniter\Debug\Exceptions->errorHandler()
#1 /mdevs/mynrc/system/View/View.php(210): include('/mdevs/mynrc/ap...')
#2 /mdevs/mynrc/system/View/View.php(213): CodeIgniter\View\View->CodeIgniter\View\{closure}()
#3 /mdevs/mynrc/system/Common.php(1089): CodeIgniter\View\View->render()
#4 /mdevs/mynrc/app/Controllers/WhCrossing.php(33): view()
#5 /mdevs/mynrc/system/CodeIgniter.php(832): App\Controllers\WhCrossing->index()
#6 /mdevs/mynrc/system/CodeIgniter.php(419): CodeIgniter\CodeIgniter->runController()
#7 /mdevs/mynrc/system/CodeIgniter.php(326): CodeIgniter\CodeIgniter->handleRequest()
#8 /mdevs/mynrc/public/index.php(37): CodeIgniter\CodeIgniter->run()
#9 {main}
CRITICAL - 2022-09-03 15:45:55 --> Undefined property: CodeIgniter\View\View::$request
#0 /mdevs/mynrc/app/Views/Whcrossing/Whcrossing_main.php(19): CodeIgniter\Debug\Exceptions->errorHandler()
#1 /mdevs/mynrc/system/View/View.php(210): include('/mdevs/mynrc/ap...')
#2 /mdevs/mynrc/system/View/View.php(213): CodeIgniter\View\View->CodeIgniter\View\{closure}()
#3 /mdevs/mynrc/system/Common.php(1089): CodeIgniter\View\View->render()
#4 /mdevs/mynrc/app/Controllers/WhCrossing.php(33): view()
#5 /mdevs/mynrc/system/CodeIgniter.php(832): App\Controllers\WhCrossing->index()
#6 /mdevs/mynrc/system/CodeIgniter.php(419): CodeIgniter\CodeIgniter->runController()
#7 /mdevs/mynrc/system/CodeIgniter.php(326): CodeIgniter\CodeIgniter->handleRequest()
#8 /mdevs/mynrc/public/index.php(37): CodeIgniter\CodeIgniter->run()
#9 {main}
CRITICAL - 2022-09-03 15:45:55 --> Undefined property: CodeIgniter\View\View::$request
#0 /mdevs/mynrc/app/Views/Whcrossing/Whcrossing_main.php(19): CodeIgniter\Debug\Exceptions->errorHandler()
#1 /mdevs/mynrc/system/View/View.php(210): include('/mdevs/mynrc/ap...')
#2 /mdevs/mynrc/system/View/View.php(213): CodeIgniter\View\View->CodeIgniter\View\{closure}()
#3 /mdevs/mynrc/system/Common.php(1089): CodeIgniter\View\View->render()
#4 /mdevs/mynrc/app/Controllers/WhCrossing.php(33): view()
#5 /mdevs/mynrc/system/CodeIgniter.php(832): App\Controllers\WhCrossing->index()
#6 /mdevs/mynrc/system/CodeIgniter.php(419): CodeIgniter\CodeIgniter->runController()
#7 /mdevs/mynrc/system/CodeIgniter.php(326): CodeIgniter\CodeIgniter->handleRequest()
#8 /mdevs/mynrc/public/index.php(37): CodeIgniter\CodeIgniter->run()
#9 {main}
CRITICAL - 2022-09-03 15:45:55 --> Undefined property: CodeIgniter\View\View::$request
#0 /mdevs/mynrc/app/Views/Whcrossing/Whcrossing_main.php(19): CodeIgniter\Debug\Exceptions->errorHandler()
#1 /mdevs/mynrc/system/View/View.php(210): include('/mdevs/mynrc/ap...')
#2 /mdevs/mynrc/system/View/View.php(213): CodeIgniter\View\View->CodeIgniter\View\{closure}()
#3 /mdevs/mynrc/system/Common.php(1089): CodeIgniter\View\View->render()
#4 /mdevs/mynrc/app/Controllers/WhCrossing.php(33): view()
#5 /mdevs/mynrc/system/CodeIgniter.php(832): App\Controllers\WhCrossing->index()
#6 /mdevs/mynrc/system/CodeIgniter.php(419): CodeIgniter\CodeIgniter->runController()
#7 /mdevs/mynrc/system/CodeIgniter.php(326): CodeIgniter\CodeIgniter->handleRequest()
#8 /mdevs/mynrc/public/index.php(37): CodeIgniter\CodeIgniter->run()
#9 {main}
CRITICAL - 2022-09-03 15:45:55 --> Undefined property: CodeIgniter\View\View::$request
#0 /mdevs/mynrc/app/Views/Whcrossing/Whcrossing_main.php(19): CodeIgniter\Debug\Exceptions->errorHandler()
#1 /mdevs/mynrc/system/View/View.php(210): include('/mdevs/mynrc/ap...')
#2 /mdevs/mynrc/system/View/View.php(213): CodeIgniter\View\View->CodeIgniter\View\{closure}()
#3 /mdevs/mynrc/system/Common.php(1089): CodeIgniter\View\View->render()
#4 /mdevs/mynrc/app/Controllers/WhCrossing.php(33): view()
#5 /mdevs/mynrc/system/CodeIgniter.php(832): App\Controllers\WhCrossing->index()
#6 /mdevs/mynrc/system/CodeIgniter.php(419): CodeIgniter\CodeIgniter->runController()
#7 /mdevs/mynrc/system/CodeIgniter.php(326): CodeIgniter\CodeIgniter->handleRequest()
#8 /mdevs/mynrc/public/index.php(37): CodeIgniter\CodeIgniter->run()
#9 {main}
CRITICAL - 2022-09-03 15:46:37 --> Undefined property: CodeIgniter\View\View::$load
#0 /mdevs/mynrc/app/Views/Whcrossing/Whcrossing_main.php(202): CodeIgniter\Debug\Exceptions->errorHandler()
#1 /mdevs/mynrc/system/View/View.php(210): include('/mdevs/mynrc/ap...')
#2 /mdevs/mynrc/system/View/View.php(213): CodeIgniter\View\View->CodeIgniter\View\{closure}()
#3 /mdevs/mynrc/system/Common.php(1089): CodeIgniter\View\View->render()
#4 /mdevs/mynrc/app/Controllers/WhCrossing.php(33): view()
#5 /mdevs/mynrc/system/CodeIgniter.php(832): App\Controllers\WhCrossing->index()
#6 /mdevs/mynrc/system/CodeIgniter.php(419): CodeIgniter\CodeIgniter->runController()
#7 /mdevs/mynrc/system/CodeIgniter.php(326): CodeIgniter\CodeIgniter->handleRequest()
#8 /mdevs/mynrc/public/index.php(37): CodeIgniter\CodeIgniter->run()
#9 {main}
CRITICAL - 2022-09-03 15:58:16 --> Undefined property: App\Controllers\WhCrossing::$input
#0 /mdevs/mynrc/app/Controllers/WhCrossing.php(58): CodeIgniter\Debug\Exceptions->errorHandler()
#1 /mdevs/mynrc/system/CodeIgniter.php(832): App\Controllers\WhCrossing->whcrossing_recs()
#2 /mdevs/mynrc/system/CodeIgniter.php(419): CodeIgniter\CodeIgniter->runController()
#3 /mdevs/mynrc/system/CodeIgniter.php(326): CodeIgniter\CodeIgniter->handleRequest()
#4 /mdevs/mynrc/public/index.php(37): CodeIgniter\CodeIgniter->run()
#5 {main}
CRITICAL - 2022-09-03 15:58:17 --> Undefined property: App\Controllers\WhCrossing::$input
#0 /mdevs/mynrc/app/Controllers/WhCrossing.php(58): CodeIgniter\Debug\Exceptions->errorHandler()
#1 /mdevs/mynrc/system/CodeIgniter.php(832): App\Controllers\WhCrossing->whcrossing_recs()
#2 /mdevs/mynrc/system/CodeIgniter.php(419): CodeIgniter\CodeIgniter->runController()
#3 /mdevs/mynrc/system/CodeIgniter.php(326): CodeIgniter\CodeIgniter->handleRequest()
#4 /mdevs/mynrc/public/index.php(37): CodeIgniter\CodeIgniter->run()
#5 {main}
CRITICAL - 2022-09-03 15:58:28 --> Undefined property: App\Controllers\WhCrossing::$input
#0 /mdevs/mynrc/app/Controllers/WhCrossing.php(58): CodeIgniter\Debug\Exceptions->errorHandler()
#1 /mdevs/mynrc/system/CodeIgniter.php(832): App\Controllers\WhCrossing->whcrossing_recs()
#2 /mdevs/mynrc/system/CodeIgniter.php(419): CodeIgniter\CodeIgniter->runController()
#3 /mdevs/mynrc/system/CodeIgniter.php(326): CodeIgniter\CodeIgniter->handleRequest()
#4 /mdevs/mynrc/public/index.php(37): CodeIgniter\CodeIgniter->run()
#5 {main}
CRITICAL - 2022-09-03 15:59:22 --> Undefined property: App\Controllers\WhCrossing::$input
#0 /mdevs/mynrc/app/Controllers/WhCrossing.php(58): CodeIgniter\Debug\Exceptions->errorHandler()
#1 /mdevs/mynrc/system/CodeIgniter.php(832): App\Controllers\WhCrossing->whcrossing_recs()
#2 /mdevs/mynrc/system/CodeIgniter.php(419): CodeIgniter\CodeIgniter->runController()
#3 /mdevs/mynrc/system/CodeIgniter.php(326): CodeIgniter\CodeIgniter->handleRequest()
#4 /mdevs/mynrc/public/index.php(37): CodeIgniter\CodeIgniter->run()
#5 {main}
CRITICAL - 2022-09-03 15:59:22 --> Undefined property: App\Controllers\WhCrossing::$input
#0 /mdevs/mynrc/app/Controllers/WhCrossing.php(58): CodeIgniter\Debug\Exceptions->errorHandler()
#1 /mdevs/mynrc/system/CodeIgniter.php(832): App\Controllers\WhCrossing->whcrossing_recs()
#2 /mdevs/mynrc/system/CodeIgniter.php(419): CodeIgniter\CodeIgniter->runController()
#3 /mdevs/mynrc/system/CodeIgniter.php(326): CodeIgniter\CodeIgniter->handleRequest()
#4 /mdevs/mynrc/public/index.php(37): CodeIgniter\CodeIgniter->run()
#5 {main}
CRITICAL - 2022-09-03 15:59:22 --> Undefined property: App\Controllers\WhCrossing::$input
#0 /mdevs/mynrc/app/Controllers/WhCrossing.php(58): CodeIgniter\Debug\Exceptions->errorHandler()
#1 /mdevs/mynrc/system/CodeIgniter.php(832): App\Controllers\WhCrossing->whcrossing_recs()
#2 /mdevs/mynrc/system/CodeIgniter.php(419): CodeIgniter\CodeIgniter->runController()
#3 /mdevs/mynrc/system/CodeIgniter.php(326): CodeIgniter\CodeIgniter->handleRequest()
#4 /mdevs/mynrc/public/index.php(37): CodeIgniter\CodeIgniter->run()
#5 {main}
CRITICAL - 2022-09-03 15:59:54 --> You must set the database table to be used with your query.
#0 /mdevs/mynrc/system/Model.php(545): CodeIgniter\Database\BaseConnection->table()
#1 /mdevs/mynrc/system/Model.php(693): CodeIgniter\Model->builder()
#2 /mdevs/mynrc/app/Models/Mytrx_whcrossing_model.php(30): CodeIgniter\Model->__get()
#3 /mdevs/mynrc/app/Controllers/WhCrossing.php(61): App\Models\Mytrx_whcrossing_model->view_ent_recs()
#4 /mdevs/mynrc/system/CodeIgniter.php(832): App\Controllers\WhCrossing->whcrossing_recs()
#5 /mdevs/mynrc/system/CodeIgniter.php(419): CodeIgniter\CodeIgniter->runController()
#6 /mdevs/mynrc/system/CodeIgniter.php(326): CodeIgniter\CodeIgniter->handleRequest()
#7 /mdevs/mynrc/public/index.php(37): CodeIgniter\CodeIgniter->run()
#8 {main}
CRITICAL - 2022-09-03 16:12:37 --> You must set the database table to be used with your query.
#0 /mdevs/mynrc/system/Model.php(545): CodeIgniter\Database\BaseConnection->table()
#1 /mdevs/mynrc/system/Model.php(722): CodeIgniter\Model->builder()
#2 /mdevs/mynrc/app/Models/Mytrx_whcrossing_model.php(32): CodeIgniter\Model->__call()
#3 /mdevs/mynrc/app/Controllers/WhCrossing.php(61): App\Models\Mytrx_whcrossing_model->view_ent_recs()
#4 /mdevs/mynrc/system/CodeIgniter.php(832): App\Controllers\WhCrossing->whcrossing_recs()
#5 /mdevs/mynrc/system/CodeIgniter.php(419): CodeIgniter\CodeIgniter->runController()
#6 /mdevs/mynrc/system/CodeIgniter.php(326): CodeIgniter\CodeIgniter->handleRequest()
#7 /mdevs/mynrc/public/index.php(37): CodeIgniter\CodeIgniter->run()
#8 {main}
CRITICAL - 2022-09-03 16:12:39 --> You must set the database table to be used with your query.
#0 /mdevs/mynrc/system/Model.php(545): CodeIgniter\Database\BaseConnection->table()
#1 /mdevs/mynrc/system/Model.php(722): CodeIgniter\Model->builder()
#2 /mdevs/mynrc/app/Models/Mytrx_whcrossing_model.php(32): CodeIgniter\Model->__call()
#3 /mdevs/mynrc/app/Controllers/WhCrossing.php(61): App\Models\Mytrx_whcrossing_model->view_ent_recs()
#4 /mdevs/mynrc/system/CodeIgniter.php(832): App\Controllers\WhCrossing->whcrossing_recs()
#5 /mdevs/mynrc/system/CodeIgniter.php(419): CodeIgniter\CodeIgniter->runController()
#6 /mdevs/mynrc/system/CodeIgniter.php(326): CodeIgniter\CodeIgniter->handleRequest()
#7 /mdevs/mynrc/public/index.php(37): CodeIgniter\CodeIgniter->run()
#8 {main}
CRITICAL - 2022-09-03 16:12:39 --> You must set the database table to be used with your query.
#0 /mdevs/mynrc/system/Model.php(545): CodeIgniter\Database\BaseConnection->table()
#1 /mdevs/mynrc/system/Model.php(722): CodeIgniter\Model->builder()
#2 /mdevs/mynrc/app/Models/Mytrx_whcrossing_model.php(32): CodeIgniter\Model->__call()
#3 /mdevs/mynrc/app/Controllers/WhCrossing.php(61): App\Models\Mytrx_whcrossing_model->view_ent_recs()
#4 /mdevs/mynrc/system/CodeIgniter.php(832): App\Controllers\WhCrossing->whcrossing_recs()
#5 /mdevs/mynrc/system/CodeIgniter.php(419): CodeIgniter\CodeIgniter->runController()
#6 /mdevs/mynrc/system/CodeIgniter.php(326): CodeIgniter\CodeIgniter->handleRequest()
#7 /mdevs/mynrc/public/index.php(37): CodeIgniter\CodeIgniter->run()
#8 {main}
CRITICAL - 2022-09-03 16:16:29 --> You must set the database table to be used with your query.
#0 /mdevs/mynrc/system/Model.php(545): CodeIgniter\Database\BaseConnection->table()
#1 /mdevs/mynrc/system/Model.php(693): CodeIgniter\Model->builder()
#2 /mdevs/mynrc/app/Models/Mytrx_whcrossing_model.php(34): CodeIgniter\Model->__get()
#3 /mdevs/mynrc/app/Controllers/WhCrossing.php(61): App\Models\Mytrx_whcrossing_model->view_ent_recs()
#4 /mdevs/mynrc/system/CodeIgniter.php(832): App\Controllers\WhCrossing->whcrossing_recs()
#5 /mdevs/mynrc/system/CodeIgniter.php(419): CodeIgniter\CodeIgniter->runController()
#6 /mdevs/mynrc/system/CodeIgniter.php(326): CodeIgniter\CodeIgniter->handleRequest()
#7 /mdevs/mynrc/public/index.php(37): CodeIgniter\CodeIgniter->run()
#8 {main}
CRITICAL - 2022-09-03 16:16:34 --> You must set the database table to be used with your query.
#0 /mdevs/mynrc/system/Model.php(545): CodeIgniter\Database\BaseConnection->table()
#1 /mdevs/mynrc/system/Model.php(693): CodeIgniter\Model->builder()
#2 /mdevs/mynrc/app/Models/Mytrx_whcrossing_model.php(34): CodeIgniter\Model->__get()
#3 /mdevs/mynrc/app/Controllers/WhCrossing.php(61): App\Models\Mytrx_whcrossing_model->view_ent_recs()
#4 /mdevs/mynrc/system/CodeIgniter.php(832): App\Controllers\WhCrossing->whcrossing_recs()
#5 /mdevs/mynrc/system/CodeIgniter.php(419): CodeIgniter\CodeIgniter->runController()
#6 /mdevs/mynrc/system/CodeIgniter.php(326): CodeIgniter\CodeIgniter->handleRequest()
#7 /mdevs/mynrc/public/index.php(37): CodeIgniter\CodeIgniter->run()
#8 {main}
CRITICAL - 2022-09-03 16:16:35 --> You must set the database table to be used with your query.
#0 /mdevs/mynrc/system/Model.php(545): CodeIgniter\Database\BaseConnection->table()
#1 /mdevs/mynrc/system/Model.php(693): CodeIgniter\Model->builder()
#2 /mdevs/mynrc/app/Models/Mytrx_whcrossing_model.php(34): CodeIgniter\Model->__get()
#3 /mdevs/mynrc/app/Controllers/WhCrossing.php(61): App\Models\Mytrx_whcrossing_model->view_ent_recs()
#4 /mdevs/mynrc/system/CodeIgniter.php(832): App\Controllers\WhCrossing->whcrossing_recs()
#5 /mdevs/mynrc/system/CodeIgniter.php(419): CodeIgniter\CodeIgniter->runController()
#6 /mdevs/mynrc/system/CodeIgniter.php(326): CodeIgniter\CodeIgniter->handleRequest()
#7 /mdevs/mynrc/public/index.php(37): CodeIgniter\CodeIgniter->run()
#8 {main}
CRITICAL - 2022-09-03 16:16:38 --> You must set the database table to be used with your query.
#0 /mdevs/mynrc/system/Model.php(545): CodeIgniter\Database\BaseConnection->table()
#1 /mdevs/mynrc/system/Model.php(693): CodeIgniter\Model->builder()
#2 /mdevs/mynrc/app/Models/Mytrx_whcrossing_model.php(34): CodeIgniter\Model->__get()
#3 /mdevs/mynrc/app/Controllers/WhCrossing.php(61): App\Models\Mytrx_whcrossing_model->view_ent_recs()
#4 /mdevs/mynrc/system/CodeIgniter.php(832): App\Controllers\WhCrossing->whcrossing_recs()
#5 /mdevs/mynrc/system/CodeIgniter.php(419): CodeIgniter\CodeIgniter->runController()
#6 /mdevs/mynrc/system/CodeIgniter.php(326): CodeIgniter\CodeIgniter->handleRequest()
#7 /mdevs/mynrc/public/index.php(37): CodeIgniter\CodeIgniter->run()
#8 {main}
ERROR - 2022-09-03 16:17:30 --> Table 'ap8.trx_agpo_hd_print' doesn't exist
ERROR - 2022-09-03 16:17:32 --> Table 'ap8.trx_agpo_hd_print' doesn't exist
ERROR - 2022-09-03 16:19:47 --> Table 'ap8.trx_agpo_hd_print' doesn't exist
CRITICAL - 2022-09-03 16:33:05 --> Call to undefined method CodeIgniter\Database\MySQLi\Result::row_array()
#0 /mdevs/mynrc/app/Controllers/WhCrossing.php(61): App\Models\Mytrx_whcrossing_model->view_ent_recs()
#1 /mdevs/mynrc/system/CodeIgniter.php(832): App\Controllers\WhCrossing->whcrossing_recs()
#2 /mdevs/mynrc/system/CodeIgniter.php(419): CodeIgniter\CodeIgniter->runController()
#3 /mdevs/mynrc/system/CodeIgniter.php(326): CodeIgniter\CodeIgniter->handleRequest()
#4 /mdevs/mynrc/public/index.php(37): CodeIgniter\CodeIgniter->run()
#5 {main}
CRITICAL - 2022-09-03 16:36:00 --> Call to undefined method CodeIgniter\Database\MySQLi\Result::num_rows()
#0 /mdevs/mynrc/app/Controllers/WhCrossing.php(61): App\Models\Mytrx_whcrossing_model->view_ent_recs()
#1 /mdevs/mynrc/system/CodeIgniter.php(832): App\Controllers\WhCrossing->whcrossing_recs()
#2 /mdevs/mynrc/system/CodeIgniter.php(419): CodeIgniter\CodeIgniter->runController()
#3 /mdevs/mynrc/system/CodeIgniter.php(326): CodeIgniter\CodeIgniter->handleRequest()
#4 /mdevs/mynrc/public/index.php(37): CodeIgniter\CodeIgniter->run()
#5 {main}
CRITICAL - 2022-09-03 16:36:27 --> Invalid file: trx/Whcrossing/Whcrossing_recs.php
#0 /mdevs/mynrc/system/View/View.php(198): CodeIgniter\Exceptions\FrameworkException::forInvalidFile()
#1 /mdevs/mynrc/system/Common.php(1089): CodeIgniter\View\View->render()
#2 /mdevs/mynrc/app/Controllers/WhCrossing.php(62): view()
#3 /mdevs/mynrc/system/CodeIgniter.php(832): App\Controllers\WhCrossing->whcrossing_recs()
#4 /mdevs/mynrc/system/CodeIgniter.php(419): CodeIgniter\CodeIgniter->runController()
#5 /mdevs/mynrc/system/CodeIgniter.php(326): CodeIgniter\CodeIgniter->handleRequest()
#6 /mdevs/mynrc/public/index.php(37): CodeIgniter\CodeIgniter->run()
#7 {main}
CRITICAL - 2022-09-03 16:38:25 --> Invalid file: trx/Whcrossing/Whcrossing_recs.php
#0 /mdevs/mynrc/system/View/View.php(198): CodeIgniter\Exceptions\FrameworkException::forInvalidFile()
#1 /mdevs/mynrc/system/Common.php(1089): CodeIgniter\View\View->render()
#2 /mdevs/mynrc/app/Controllers/WhCrossing.php(62): view()
#3 /mdevs/mynrc/system/CodeIgniter.php(832): App\Controllers\WhCrossing->whcrossing_recs()
#4 /mdevs/mynrc/system/CodeIgniter.php(419): CodeIgniter\CodeIgniter->runController()
#5 /mdevs/mynrc/system/CodeIgniter.php(326): CodeIgniter\CodeIgniter->handleRequest()
#6 /mdevs/mynrc/public/index.php(37): CodeIgniter\CodeIgniter->run()
#7 {main}
CRITICAL - 2022-09-03 16:39:03 --> Invalid file: trx/Whcrossing/Whcrossing_recs.php
#0 /mdevs/mynrc/system/View/View.php(198): CodeIgniter\Exceptions\FrameworkException::forInvalidFile()
#1 /mdevs/mynrc/system/Common.php(1089): CodeIgniter\View\View->render()
#2 /mdevs/mynrc/app/Controllers/WhCrossing.php(62): view()
#3 /mdevs/mynrc/system/CodeIgniter.php(832): App\Controllers\WhCrossing->whcrossing_recs()
#4 /mdevs/mynrc/system/CodeIgniter.php(419): CodeIgniter\CodeIgniter->runController()
#5 /mdevs/mynrc/system/CodeIgniter.php(326): CodeIgniter\CodeIgniter->handleRequest()
#6 /mdevs/mynrc/public/index.php(37): CodeIgniter\CodeIgniter->run()
#7 {main}
CRITICAL - 2022-09-03 16:39:04 --> Invalid file: trx/Whcrossing/Whcrossing_recs.php
#0 /mdevs/mynrc/system/View/View.php(198): CodeIgniter\Exceptions\FrameworkException::forInvalidFile()
#1 /mdevs/mynrc/system/Common.php(1089): CodeIgniter\View\View->render()
#2 /mdevs/mynrc/app/Controllers/WhCrossing.php(62): view()
#3 /mdevs/mynrc/system/CodeIgniter.php(832): App\Controllers\WhCrossing->whcrossing_recs()
#4 /mdevs/mynrc/system/CodeIgniter.php(419): CodeIgniter\CodeIgniter->runController()
#5 /mdevs/mynrc/system/CodeIgniter.php(326): CodeIgniter\CodeIgniter->handleRequest()
#6 /mdevs/mynrc/public/index.php(37): CodeIgniter\CodeIgniter->run()
#7 {main}
CRITICAL - 2022-09-03 16:40:09 --> Invalid file: trx/Whcrossing/Whcrossing_recs.php
#0 /mdevs/mynrc/system/View/View.php(198): CodeIgniter\Exceptions\FrameworkException::forInvalidFile()
#1 /mdevs/mynrc/system/Common.php(1089): CodeIgniter\View\View->render()
#2 /mdevs/mynrc/app/Controllers/WhCrossing.php(62): view()
#3 /mdevs/mynrc/system/CodeIgniter.php(832): App\Controllers\WhCrossing->whcrossing_recs()
#4 /mdevs/mynrc/system/CodeIgniter.php(419): CodeIgniter\CodeIgniter->runController()
#5 /mdevs/mynrc/system/CodeIgniter.php(326): CodeIgniter\CodeIgniter->handleRequest()
#6 /mdevs/mynrc/public/index.php(37): CodeIgniter\CodeIgniter->run()
#7 {main}
CRITICAL - 2022-09-03 16:40:10 --> Invalid file: trx/Whcrossing/Whcrossing_recs.php
#0 /mdevs/mynrc/system/View/View.php(198): CodeIgniter\Exceptions\FrameworkException::forInvalidFile()
#1 /mdevs/mynrc/system/Common.php(1089): CodeIgniter\View\View->render()
#2 /mdevs/mynrc/app/Controllers/WhCrossing.php(62): view()
#3 /mdevs/mynrc/system/CodeIgniter.php(832): App\Controllers\WhCrossing->whcrossing_recs()
#4 /mdevs/mynrc/system/CodeIgniter.php(419): CodeIgniter\CodeIgniter->runController()
#5 /mdevs/mynrc/system/CodeIgniter.php(326): CodeIgniter\CodeIgniter->handleRequest()
#6 /mdevs/mynrc/public/index.php(37): CodeIgniter\CodeIgniter->run()
#7 {main}
CRITICAL - 2022-09-03 16:43:18 --> Invalid file: trx/Whcrossing/Whcrossing_recs.php
#0 /mdevs/mynrc/system/View/View.php(198): CodeIgniter\Exceptions\FrameworkException::forInvalidFile()
#1 /mdevs/mynrc/system/Common.php(1089): CodeIgniter\View\View->render()
#2 /mdevs/mynrc/app/Controllers/WhCrossing.php(62): view()
#3 /mdevs/mynrc/system/CodeIgniter.php(832): App\Controllers\WhCrossing->whcrossing_recs()
#4 /mdevs/mynrc/system/CodeIgniter.php(419): CodeIgniter\CodeIgniter->runController()
#5 /mdevs/mynrc/system/CodeIgniter.php(326): CodeIgniter\CodeIgniter->handleRequest()
#6 /mdevs/mynrc/public/index.php(37): CodeIgniter\CodeIgniter->run()
#7 {main}
CRITICAL - 2022-09-03 16:43:19 --> Invalid file: trx/Whcrossing/Whcrossing_recs.php
#0 /mdevs/mynrc/system/View/View.php(198): CodeIgniter\Exceptions\FrameworkException::forInvalidFile()
#1 /mdevs/mynrc/system/Common.php(1089): CodeIgniter\View\View->render()
#2 /mdevs/mynrc/app/Controllers/WhCrossing.php(62): view()
#3 /mdevs/mynrc/system/CodeIgniter.php(832): App\Controllers\WhCrossing->whcrossing_recs()
#4 /mdevs/mynrc/system/CodeIgniter.php(419): CodeIgniter\CodeIgniter->runController()
#5 /mdevs/mynrc/system/CodeIgniter.php(326): CodeIgniter\CodeIgniter->handleRequest()
#6 /mdevs/mynrc/public/index.php(37): CodeIgniter\CodeIgniter->run()
#7 {main}
CRITICAL - 2022-09-03 16:43:19 --> Invalid file: trx/Whcrossing/Whcrossing_recs.php
#0 /mdevs/mynrc/system/View/View.php(198): CodeIgniter\Exceptions\FrameworkException::forInvalidFile()
#1 /mdevs/mynrc/system/Common.php(1089): CodeIgniter\View\View->render()
#2 /mdevs/mynrc/app/Controllers/WhCrossing.php(62): view()
#3 /mdevs/mynrc/system/CodeIgniter.php(832): App\Controllers\WhCrossing->whcrossing_recs()
#4 /mdevs/mynrc/system/CodeIgniter.php(419): CodeIgniter\CodeIgniter->runController()
#5 /mdevs/mynrc/system/CodeIgniter.php(326): CodeIgniter\CodeIgniter->handleRequest()
#6 /mdevs/mynrc/public/index.php(37): CodeIgniter\CodeIgniter->run()
#7 {main}
CRITICAL - 2022-09-03 16:43:19 --> Invalid file: trx/Whcrossing/Whcrossing_recs.php
#0 /mdevs/mynrc/system/View/View.php(198): CodeIgniter\Exceptions\FrameworkException::forInvalidFile()
#1 /mdevs/mynrc/system/Common.php(1089): CodeIgniter\View\View->render()
#2 /mdevs/mynrc/app/Controllers/WhCrossing.php(62): view()
#3 /mdevs/mynrc/system/CodeIgniter.php(832): App\Controllers\WhCrossing->whcrossing_recs()
#4 /mdevs/mynrc/system/CodeIgniter.php(419): CodeIgniter\CodeIgniter->runController()
#5 /mdevs/mynrc/system/CodeIgniter.php(326): CodeIgniter\CodeIgniter->handleRequest()
#6 /mdevs/mynrc/public/index.php(37): CodeIgniter\CodeIgniter->run()
#7 {main}
CRITICAL - 2022-09-03 16:43:20 --> Invalid file: trx/Whcrossing/Whcrossing_recs.php
#0 /mdevs/mynrc/system/View/View.php(198): CodeIgniter\Exceptions\FrameworkException::forInvalidFile()
#1 /mdevs/mynrc/system/Common.php(1089): CodeIgniter\View\View->render()
#2 /mdevs/mynrc/app/Controllers/WhCrossing.php(62): view()
#3 /mdevs/mynrc/system/CodeIgniter.php(832): App\Controllers\WhCrossing->whcrossing_recs()
#4 /mdevs/mynrc/system/CodeIgniter.php(419): CodeIgniter\CodeIgniter->runController()
#5 /mdevs/mynrc/system/CodeIgniter.php(326): CodeIgniter\CodeIgniter->handleRequest()
#6 /mdevs/mynrc/public/index.php(37): CodeIgniter\CodeIgniter->run()
#7 {main}
CRITICAL - 2022-09-03 16:43:26 --> Invalid file: trx/Whcrossing/Whcrossing_recs.php
#0 /mdevs/mynrc/system/View/View.php(198): CodeIgniter\Exceptions\FrameworkException::forInvalidFile()
#1 /mdevs/mynrc/system/Common.php(1089): CodeIgniter\View\View->render()
#2 /mdevs/mynrc/app/Controllers/WhCrossing.php(62): view()
#3 /mdevs/mynrc/system/CodeIgniter.php(832): App\Controllers\WhCrossing->whcrossing_recs()
#4 /mdevs/mynrc/system/CodeIgniter.php(419): CodeIgniter\CodeIgniter->runController()
#5 /mdevs/mynrc/system/CodeIgniter.php(326): CodeIgniter\CodeIgniter->handleRequest()
#6 /mdevs/mynrc/public/index.php(37): CodeIgniter\CodeIgniter->run()
#7 {main}
CRITICAL - 2022-09-03 16:43:51 --> Invalid file: trx/Whcrossing/Whcrossing_recs.php
#0 /mdevs/mynrc/system/View/View.php(198): CodeIgniter\Exceptions\FrameworkException::forInvalidFile()
#1 /mdevs/mynrc/system/Common.php(1089): CodeIgniter\View\View->render()
#2 /mdevs/mynrc/app/Controllers/WhCrossing.php(62): view()
#3 /mdevs/mynrc/system/CodeIgniter.php(832): App\Controllers\WhCrossing->whcrossing_recs()
#4 /mdevs/mynrc/system/CodeIgniter.php(419): CodeIgniter\CodeIgniter->runController()
#5 /mdevs/mynrc/system/CodeIgniter.php(326): CodeIgniter\CodeIgniter->handleRequest()
#6 /mdevs/mynrc/public/index.php(37): CodeIgniter\CodeIgniter->run()
#7 {main}
CRITICAL - 2022-09-03 16:43:52 --> Invalid file: trx/Whcrossing/Whcrossing_recs.php
#0 /mdevs/mynrc/system/View/View.php(198): CodeIgniter\Exceptions\FrameworkException::forInvalidFile()
#1 /mdevs/mynrc/system/Common.php(1089): CodeIgniter\View\View->render()
#2 /mdevs/mynrc/app/Controllers/WhCrossing.php(62): view()
#3 /mdevs/mynrc/system/CodeIgniter.php(832): App\Controllers\WhCrossing->whcrossing_recs()
#4 /mdevs/mynrc/system/CodeIgniter.php(419): CodeIgniter\CodeIgniter->runController()
#5 /mdevs/mynrc/system/CodeIgniter.php(326): CodeIgniter\CodeIgniter->handleRequest()
#6 /mdevs/mynrc/public/index.php(37): CodeIgniter\CodeIgniter->run()
#7 {main}
CRITICAL - 2022-09-03 16:43:52 --> Invalid file: trx/Whcrossing/Whcrossing_recs.php
#0 /mdevs/mynrc/system/View/View.php(198): CodeIgniter\Exceptions\FrameworkException::forInvalidFile()
#1 /mdevs/mynrc/system/Common.php(1089): CodeIgniter\View\View->render()
#2 /mdevs/mynrc/app/Controllers/WhCrossing.php(62): view()
#3 /mdevs/mynrc/system/CodeIgniter.php(832): App\Controllers\WhCrossing->whcrossing_recs()
#4 /mdevs/mynrc/system/CodeIgniter.php(419): CodeIgniter\CodeIgniter->runController()
#5 /mdevs/mynrc/system/CodeIgniter.php(326): CodeIgniter\CodeIgniter->handleRequest()
#6 /mdevs/mynrc/public/index.php(37): CodeIgniter\CodeIgniter->run()
#7 {main}
CRITICAL - 2022-09-03 16:43:52 --> Invalid file: trx/Whcrossing/Whcrossing_recs.php
#0 /mdevs/mynrc/system/View/View.php(198): CodeIgniter\Exceptions\FrameworkException::forInvalidFile()
#1 /mdevs/mynrc/system/Common.php(1089): CodeIgniter\View\View->render()
#2 /mdevs/mynrc/app/Controllers/WhCrossing.php(62): view()
#3 /mdevs/mynrc/system/CodeIgniter.php(832): App\Controllers\WhCrossing->whcrossing_recs()
#4 /mdevs/mynrc/system/CodeIgniter.php(419): CodeIgniter\CodeIgniter->runController()
#5 /mdevs/mynrc/system/CodeIgniter.php(326): CodeIgniter\CodeIgniter->handleRequest()
#6 /mdevs/mynrc/public/index.php(37): CodeIgniter\CodeIgniter->run()
#7 {main}
CRITICAL - 2022-09-03 16:43:52 --> Invalid file: trx/Whcrossing/Whcrossing_recs.php
#0 /mdevs/mynrc/system/View/View.php(198): CodeIgniter\Exceptions\FrameworkException::forInvalidFile()
#1 /mdevs/mynrc/system/Common.php(1089): CodeIgniter\View\View->render()
#2 /mdevs/mynrc/app/Controllers/WhCrossing.php(62): view()
#3 /mdevs/mynrc/system/CodeIgniter.php(832): App\Controllers\WhCrossing->whcrossing_recs()
#4 /mdevs/mynrc/system/CodeIgniter.php(419): CodeIgniter\CodeIgniter->runController()
#5 /mdevs/mynrc/system/CodeIgniter.php(326): CodeIgniter\CodeIgniter->handleRequest()
#6 /mdevs/mynrc/public/index.php(37): CodeIgniter\CodeIgniter->run()
#7 {main}
CRITICAL - 2022-09-03 16:43:53 --> Invalid file: trx/Whcrossing/Whcrossing_recs.php
#0 /mdevs/mynrc/system/View/View.php(198): CodeIgniter\Exceptions\FrameworkException::forInvalidFile()
#1 /mdevs/mynrc/system/Common.php(1089): CodeIgniter\View\View->render()
#2 /mdevs/mynrc/app/Controllers/WhCrossing.php(62): view()
#3 /mdevs/mynrc/system/CodeIgniter.php(832): App\Controllers\WhCrossing->whcrossing_recs()
#4 /mdevs/mynrc/system/CodeIgniter.php(419): CodeIgniter\CodeIgniter->runController()
#5 /mdevs/mynrc/system/CodeIgniter.php(326): CodeIgniter\CodeIgniter->handleRequest()
#6 /mdevs/mynrc/public/index.php(37): CodeIgniter\CodeIgniter->run()
#7 {main}
CRITICAL - 2022-09-03 16:43:53 --> Invalid file: trx/Whcrossing/Whcrossing_recs.php
#0 /mdevs/mynrc/system/View/View.php(198): CodeIgniter\Exceptions\FrameworkException::forInvalidFile()
#1 /mdevs/mynrc/system/Common.php(1089): CodeIgniter\View\View->render()
#2 /mdevs/mynrc/app/Controllers/WhCrossing.php(62): view()
#3 /mdevs/mynrc/system/CodeIgniter.php(832): App\Controllers\WhCrossing->whcrossing_recs()
#4 /mdevs/mynrc/system/CodeIgniter.php(419): CodeIgniter\CodeIgniter->runController()
#5 /mdevs/mynrc/system/CodeIgniter.php(326): CodeIgniter\CodeIgniter->handleRequest()
#6 /mdevs/mynrc/public/index.php(37): CodeIgniter\CodeIgniter->run()
#7 {main}
CRITICAL - 2022-09-03 16:43:53 --> Invalid file: trx/Whcrossing/Whcrossing_recs.php
#0 /mdevs/mynrc/system/View/View.php(198): CodeIgniter\Exceptions\FrameworkException::forInvalidFile()
#1 /mdevs/mynrc/system/Common.php(1089): CodeIgniter\View\View->render()
#2 /mdevs/mynrc/app/Controllers/WhCrossing.php(62): view()
#3 /mdevs/mynrc/system/CodeIgniter.php(832): App\Controllers\WhCrossing->whcrossing_recs()
#4 /mdevs/mynrc/system/CodeIgniter.php(419): CodeIgniter\CodeIgniter->runController()
#5 /mdevs/mynrc/system/CodeIgniter.php(326): CodeIgniter\CodeIgniter->handleRequest()
#6 /mdevs/mynrc/public/index.php(37): CodeIgniter\CodeIgniter->run()
#7 {main}
CRITICAL - 2022-09-03 16:43:53 --> Invalid file: trx/Whcrossing/Whcrossing_recs.php
#0 /mdevs/mynrc/system/View/View.php(198): CodeIgniter\Exceptions\FrameworkException::forInvalidFile()
#1 /mdevs/mynrc/system/Common.php(1089): CodeIgniter\View\View->render()
#2 /mdevs/mynrc/app/Controllers/WhCrossing.php(62): view()
#3 /mdevs/mynrc/system/CodeIgniter.php(832): App\Controllers\WhCrossing->whcrossing_recs()
#4 /mdevs/mynrc/system/CodeIgniter.php(419): CodeIgniter\CodeIgniter->runController()
#5 /mdevs/mynrc/system/CodeIgniter.php(326): CodeIgniter\CodeIgniter->handleRequest()
#6 /mdevs/mynrc/public/index.php(37): CodeIgniter\CodeIgniter->run()
#7 {main}
CRITICAL - 2022-09-03 16:43:53 --> Invalid file: trx/Whcrossing/Whcrossing_recs.php
#0 /mdevs/mynrc/system/View/View.php(198): CodeIgniter\Exceptions\FrameworkException::forInvalidFile()
#1 /mdevs/mynrc/system/Common.php(1089): CodeIgniter\View\View->render()
#2 /mdevs/mynrc/app/Controllers/WhCrossing.php(62): view()
#3 /mdevs/mynrc/system/CodeIgniter.php(832): App\Controllers\WhCrossing->whcrossing_recs()
#4 /mdevs/mynrc/system/CodeIgniter.php(419): CodeIgniter\CodeIgniter->runController()
#5 /mdevs/mynrc/system/CodeIgniter.php(326): CodeIgniter\CodeIgniter->handleRequest()
#6 /mdevs/mynrc/public/index.php(37): CodeIgniter\CodeIgniter->run()
#7 {main}
CRITICAL - 2022-09-03 16:43:55 --> Invalid file: trx/Whcrossing/Whcrossing_recs.php
#0 /mdevs/mynrc/system/View/View.php(198): CodeIgniter\Exceptions\FrameworkException::forInvalidFile()
#1 /mdevs/mynrc/system/Common.php(1089): CodeIgniter\View\View->render()
#2 /mdevs/mynrc/app/Controllers/WhCrossing.php(62): view()
#3 /mdevs/mynrc/system/CodeIgniter.php(832): App\Controllers\WhCrossing->whcrossing_recs()
#4 /mdevs/mynrc/system/CodeIgniter.php(419): CodeIgniter\CodeIgniter->runController()
#5 /mdevs/mynrc/system/CodeIgniter.php(326): CodeIgniter\CodeIgniter->handleRequest()
#6 /mdevs/mynrc/public/index.php(37): CodeIgniter\CodeIgniter->run()
#7 {main}
CRITICAL - 2022-09-03 16:43:55 --> Invalid file: trx/Whcrossing/Whcrossing_recs.php
#0 /mdevs/mynrc/system/View/View.php(198): CodeIgniter\Exceptions\FrameworkException::forInvalidFile()
#1 /mdevs/mynrc/system/Common.php(1089): CodeIgniter\View\View->render()
#2 /mdevs/mynrc/app/Controllers/WhCrossing.php(62): view()
#3 /mdevs/mynrc/system/CodeIgniter.php(832): App\Controllers\WhCrossing->whcrossing_recs()
#4 /mdevs/mynrc/system/CodeIgniter.php(419): CodeIgniter\CodeIgniter->runController()
#5 /mdevs/mynrc/system/CodeIgniter.php(326): CodeIgniter\CodeIgniter->handleRequest()
#6 /mdevs/mynrc/public/index.php(37): CodeIgniter\CodeIgniter->run()
#7 {main}
CRITICAL - 2022-09-03 16:43:56 --> Invalid file: trx/Whcrossing/Whcrossing_recs.php
#0 /mdevs/mynrc/system/View/View.php(198): CodeIgniter\Exceptions\FrameworkException::forInvalidFile()
#1 /mdevs/mynrc/system/Common.php(1089): CodeIgniter\View\View->render()
#2 /mdevs/mynrc/app/Controllers/WhCrossing.php(62): view()
#3 /mdevs/mynrc/system/CodeIgniter.php(832): App\Controllers\WhCrossing->whcrossing_recs()
#4 /mdevs/mynrc/system/CodeIgniter.php(419): CodeIgniter\CodeIgniter->runController()
#5 /mdevs/mynrc/system/CodeIgniter.php(326): CodeIgniter\CodeIgniter->handleRequest()
#6 /mdevs/mynrc/public/index.php(37): CodeIgniter\CodeIgniter->run()
#7 {main}
CRITICAL - 2022-09-03 16:43:57 --> Invalid file: trx/Whcrossing/Whcrossing_recs.php
#0 /mdevs/mynrc/system/View/View.php(198): CodeIgniter\Exceptions\FrameworkException::forInvalidFile()
#1 /mdevs/mynrc/system/Common.php(1089): CodeIgniter\View\View->render()
#2 /mdevs/mynrc/app/Controllers/WhCrossing.php(62): view()
#3 /mdevs/mynrc/system/CodeIgniter.php(832): App\Controllers\WhCrossing->whcrossing_recs()
#4 /mdevs/mynrc/system/CodeIgniter.php(419): CodeIgniter\CodeIgniter->runController()
#5 /mdevs/mynrc/system/CodeIgniter.php(326): CodeIgniter\CodeIgniter->handleRequest()
#6 /mdevs/mynrc/public/index.php(37): CodeIgniter\CodeIgniter->run()
#7 {main}
CRITICAL - 2022-09-03 16:43:57 --> Invalid file: trx/Whcrossing/Whcrossing_recs.php
#0 /mdevs/mynrc/system/View/View.php(198): CodeIgniter\Exceptions\FrameworkException::forInvalidFile()
#1 /mdevs/mynrc/system/Common.php(1089): CodeIgniter\View\View->render()
#2 /mdevs/mynrc/app/Controllers/WhCrossing.php(62): view()
#3 /mdevs/mynrc/system/CodeIgniter.php(832): App\Controllers\WhCrossing->whcrossing_recs()
#4 /mdevs/mynrc/system/CodeIgniter.php(419): CodeIgniter\CodeIgniter->runController()
#5 /mdevs/mynrc/system/CodeIgniter.php(326): CodeIgniter\CodeIgniter->handleRequest()
#6 /mdevs/mynrc/public/index.php(37): CodeIgniter\CodeIgniter->run()
#7 {main}
CRITICAL - 2022-09-03 16:44:51 --> Invalid file: trx/Whcrossing/Whcrossing_recs.php
#0 /mdevs/mynrc/system/View/View.php(198): CodeIgniter\Exceptions\FrameworkException::forInvalidFile()
#1 /mdevs/mynrc/system/Common.php(1089): CodeIgniter\View\View->render()
#2 /mdevs/mynrc/app/Controllers/WhCrossing.php(62): view()
#3 /mdevs/mynrc/system/CodeIgniter.php(832): App\Controllers\WhCrossing->whcrossing_recs()
#4 /mdevs/mynrc/system/CodeIgniter.php(419): CodeIgniter\CodeIgniter->runController()
#5 /mdevs/mynrc/system/CodeIgniter.php(326): CodeIgniter\CodeIgniter->handleRequest()
#6 /mdevs/mynrc/public/index.php(37): CodeIgniter\CodeIgniter->run()
#7 {main}
CRITICAL - 2022-09-03 16:44:52 --> Invalid file: trx/Whcrossing/Whcrossing_recs.php
#0 /mdevs/mynrc/system/View/View.php(198): CodeIgniter\Exceptions\FrameworkException::forInvalidFile()
#1 /mdevs/mynrc/system/Common.php(1089): CodeIgniter\View\View->render()
#2 /mdevs/mynrc/app/Controllers/WhCrossing.php(62): view()
#3 /mdevs/mynrc/system/CodeIgniter.php(832): App\Controllers\WhCrossing->whcrossing_recs()
#4 /mdevs/mynrc/system/CodeIgniter.php(419): CodeIgniter\CodeIgniter->runController()
#5 /mdevs/mynrc/system/CodeIgniter.php(326): CodeIgniter\CodeIgniter->handleRequest()
#6 /mdevs/mynrc/public/index.php(37): CodeIgniter\CodeIgniter->run()
#7 {main}
CRITICAL - 2022-09-03 16:44:52 --> Invalid file: trx/Whcrossing/Whcrossing_recs.php
#0 /mdevs/mynrc/system/View/View.php(198): CodeIgniter\Exceptions\FrameworkException::forInvalidFile()
#1 /mdevs/mynrc/system/Common.php(1089): CodeIgniter\View\View->render()
#2 /mdevs/mynrc/app/Controllers/WhCrossing.php(62): view()
#3 /mdevs/mynrc/system/CodeIgniter.php(832): App\Controllers\WhCrossing->whcrossing_recs()
#4 /mdevs/mynrc/system/CodeIgniter.php(419): CodeIgniter\CodeIgniter->runController()
#5 /mdevs/mynrc/system/CodeIgniter.php(326): CodeIgniter\CodeIgniter->handleRequest()
#6 /mdevs/mynrc/public/index.php(37): CodeIgniter\CodeIgniter->run()
#7 {main}
CRITICAL - 2022-09-03 16:44:52 --> Invalid file: trx/Whcrossing/Whcrossing_recs.php
#0 /mdevs/mynrc/system/View/View.php(198): CodeIgniter\Exceptions\FrameworkException::forInvalidFile()
#1 /mdevs/mynrc/system/Common.php(1089): CodeIgniter\View\View->render()
#2 /mdevs/mynrc/app/Controllers/WhCrossing.php(62): view()
#3 /mdevs/mynrc/system/CodeIgniter.php(832): App\Controllers\WhCrossing->whcrossing_recs()
#4 /mdevs/mynrc/system/CodeIgniter.php(419): CodeIgniter\CodeIgniter->runController()
#5 /mdevs/mynrc/system/CodeIgniter.php(326): CodeIgniter\CodeIgniter->handleRequest()
#6 /mdevs/mynrc/public/index.php(37): CodeIgniter\CodeIgniter->run()
#7 {main}
CRITICAL - 2022-09-03 16:45:32 --> Invalid file: trx/Whcrossing/Whcrossing_recs.php
#0 /mdevs/mynrc/system/View/View.php(198): CodeIgniter\Exceptions\FrameworkException::forInvalidFile()
#1 /mdevs/mynrc/system/Common.php(1089): CodeIgniter\View\View->render()
#2 /mdevs/mynrc/app/Controllers/WhCrossing.php(62): view()
#3 /mdevs/mynrc/system/CodeIgniter.php(832): App\Controllers\WhCrossing->whcrossing_recs()
#4 /mdevs/mynrc/system/CodeIgniter.php(419): CodeIgniter\CodeIgniter->runController()
#5 /mdevs/mynrc/system/CodeIgniter.php(326): CodeIgniter\CodeIgniter->handleRequest()
#6 /mdevs/mynrc/public/index.php(37): CodeIgniter\CodeIgniter->run()
#7 {main}
CRITICAL - 2022-09-03 16:45:32 --> Invalid file: trx/Whcrossing/Whcrossing_recs.php
#0 /mdevs/mynrc/system/View/View.php(198): CodeIgniter\Exceptions\FrameworkException::forInvalidFile()
#1 /mdevs/mynrc/system/Common.php(1089): CodeIgniter\View\View->render()
#2 /mdevs/mynrc/app/Controllers/WhCrossing.php(62): view()
#3 /mdevs/mynrc/system/CodeIgniter.php(832): App\Controllers\WhCrossing->whcrossing_recs()
#4 /mdevs/mynrc/system/CodeIgniter.php(419): CodeIgniter\CodeIgniter->runController()
#5 /mdevs/mynrc/system/CodeIgniter.php(326): CodeIgniter\CodeIgniter->handleRequest()
#6 /mdevs/mynrc/public/index.php(37): CodeIgniter\CodeIgniter->run()
#7 {main}
CRITICAL - 2022-09-03 16:46:56 --> Invalid file: trx/Whcrossing/Whcrossing_recs.php
#0 /mdevs/mynrc/system/View/View.php(198): CodeIgniter\Exceptions\FrameworkException::forInvalidFile()
#1 /mdevs/mynrc/system/Common.php(1089): CodeIgniter\View\View->render()
#2 /mdevs/mynrc/app/Controllers/WhCrossing.php(62): view()
#3 /mdevs/mynrc/system/CodeIgniter.php(832): App\Controllers\WhCrossing->whcrossing_recs()
#4 /mdevs/mynrc/system/CodeIgniter.php(419): CodeIgniter\CodeIgniter->runController()
#5 /mdevs/mynrc/system/CodeIgniter.php(326): CodeIgniter\CodeIgniter->handleRequest()
#6 /mdevs/mynrc/public/index.php(37): CodeIgniter\CodeIgniter->run()
#7 {main}
CRITICAL - 2022-09-03 16:46:56 --> Invalid file: trx/Whcrossing/Whcrossing_recs.php
#0 /mdevs/mynrc/system/View/View.php(198): CodeIgniter\Exceptions\FrameworkException::forInvalidFile()
#1 /mdevs/mynrc/system/Common.php(1089): CodeIgniter\View\View->render()
#2 /mdevs/mynrc/app/Controllers/WhCrossing.php(62): view()
#3 /mdevs/mynrc/system/CodeIgniter.php(832): App\Controllers\WhCrossing->whcrossing_recs()
#4 /mdevs/mynrc/system/CodeIgniter.php(419): CodeIgniter\CodeIgniter->runController()
#5 /mdevs/mynrc/system/CodeIgniter.php(326): CodeIgniter\CodeIgniter->handleRequest()
#6 /mdevs/mynrc/public/index.php(37): CodeIgniter\CodeIgniter->run()
#7 {main}
CRITICAL - 2022-09-03 16:46:57 --> Invalid file: trx/Whcrossing/Whcrossing_recs.php
#0 /mdevs/mynrc/system/View/View.php(198): CodeIgniter\Exceptions\FrameworkException::forInvalidFile()
#1 /mdevs/mynrc/system/Common.php(1089): CodeIgniter\View\View->render()
#2 /mdevs/mynrc/app/Controllers/WhCrossing.php(62): view()
#3 /mdevs/mynrc/system/CodeIgniter.php(832): App\Controllers\WhCrossing->whcrossing_recs()
#4 /mdevs/mynrc/system/CodeIgniter.php(419): CodeIgniter\CodeIgniter->runController()
#5 /mdevs/mynrc/system/CodeIgniter.php(326): CodeIgniter\CodeIgniter->handleRequest()
#6 /mdevs/mynrc/public/index.php(37): CodeIgniter\CodeIgniter->run()
#7 {main}
CRITICAL - 2022-09-03 16:48:40 --> Invalid file: trx/Whcrossing/Whcrossing_recs.php
#0 /mdevs/mynrc/system/View/View.php(198): CodeIgniter\Exceptions\FrameworkException::forInvalidFile()
#1 /mdevs/mynrc/system/Common.php(1089): CodeIgniter\View\View->render()
#2 /mdevs/mynrc/app/Controllers/WhCrossing.php(62): view()
#3 /mdevs/mynrc/system/CodeIgniter.php(832): App\Controllers\WhCrossing->whcrossing_recs()
#4 /mdevs/mynrc/system/CodeIgniter.php(419): CodeIgniter\CodeIgniter->runController()
#5 /mdevs/mynrc/system/CodeIgniter.php(326): CodeIgniter\CodeIgniter->handleRequest()
#6 /mdevs/mynrc/public/index.php(37): CodeIgniter\CodeIgniter->run()
#7 {main}
CRITICAL - 2022-09-03 16:48:40 --> Invalid file: trx/Whcrossing/Whcrossing_recs.php
#0 /mdevs/mynrc/system/View/View.php(198): CodeIgniter\Exceptions\FrameworkException::forInvalidFile()
#1 /mdevs/mynrc/system/Common.php(1089): CodeIgniter\View\View->render()
#2 /mdevs/mynrc/app/Controllers/WhCrossing.php(62): view()
#3 /mdevs/mynrc/system/CodeIgniter.php(832): App\Controllers\WhCrossing->whcrossing_recs()
#4 /mdevs/mynrc/system/CodeIgniter.php(419): CodeIgniter\CodeIgniter->runController()
#5 /mdevs/mynrc/system/CodeIgniter.php(326): CodeIgniter\CodeIgniter->handleRequest()
#6 /mdevs/mynrc/public/index.php(37): CodeIgniter\CodeIgniter->run()
#7 {main}
CRITICAL - 2022-09-03 16:48:41 --> Invalid file: trx/Whcrossing/Whcrossing_recs.php
#0 /mdevs/mynrc/system/View/View.php(198): CodeIgniter\Exceptions\FrameworkException::forInvalidFile()
#1 /mdevs/mynrc/system/Common.php(1089): CodeIgniter\View\View->render()
#2 /mdevs/mynrc/app/Controllers/WhCrossing.php(62): view()
#3 /mdevs/mynrc/system/CodeIgniter.php(832): App\Controllers\WhCrossing->whcrossing_recs()
#4 /mdevs/mynrc/system/CodeIgniter.php(419): CodeIgniter\CodeIgniter->runController()
#5 /mdevs/mynrc/system/CodeIgniter.php(326): CodeIgniter\CodeIgniter->handleRequest()
#6 /mdevs/mynrc/public/index.php(37): CodeIgniter\CodeIgniter->run()
#7 {main}
CRITICAL - 2022-09-03 16:48:41 --> Invalid file: trx/Whcrossing/Whcrossing_recs.php
#0 /mdevs/mynrc/system/View/View.php(198): CodeIgniter\Exceptions\FrameworkException::forInvalidFile()
#1 /mdevs/mynrc/system/Common.php(1089): CodeIgniter\View\View->render()
#2 /mdevs/mynrc/app/Controllers/WhCrossing.php(62): view()
#3 /mdevs/mynrc/system/CodeIgniter.php(832): App\Controllers\WhCrossing->whcrossing_recs()
#4 /mdevs/mynrc/system/CodeIgniter.php(419): CodeIgniter\CodeIgniter->runController()
#5 /mdevs/mynrc/system/CodeIgniter.php(326): CodeIgniter\CodeIgniter->handleRequest()
#6 /mdevs/mynrc/public/index.php(37): CodeIgniter\CodeIgniter->run()
#7 {main}
