CRITICAL - 2022-12-20 09:44:39 --> DateTime::__construct(): Passing null to parameter #1 ($datetime) of type string is deprecated
in APPPATH/Views/good_receive/gr_print.php on line 76.
 1 [internal function]: CodeIgniter\Debug\Exceptions->errorHandler()
 2 APPPATH/Views/good_receive/gr_print.php(76): DateTime->__construct()
 3 SYSTEMPATH/View/View.php(213): include('APPPATH/Views/good_receive/gr_print.php')
 4 SYSTEMPATH/View/View.php(216): CodeIgniter\View\View->CodeIgniter\View\{closure}()
 5 SYSTEMPATH/Common.php(1142): CodeIgniter\View\View->render()
 6 APPPATH/Controllers/Mytrx_gr.php(164): view()
 7 SYSTEMPATH/CodeIgniter.php(902): App\Controllers\Mytrx_gr->gr_print()
 8 SYSTEMPATH/CodeIgniter.php(457): CodeIgniter\CodeIgniter->runController()
 9 SYSTEMPATH/CodeIgniter.php(340): CodeIgniter\CodeIgniter->handleRequest()
10 FCPATH/index.php(67): CodeIgniter\CodeIgniter->run()
CRITICAL - 2022-12-20 09:50:36 --> DateTime::__construct(): Passing null to parameter #1 ($datetime) of type string is deprecated
in APPPATH/Views/good_receive/gr_print.php on line 76.
 1 [internal function]: CodeIgniter\Debug\Exceptions->errorHandler()
 2 APPPATH/Views/good_receive/gr_print.php(76): DateTime->__construct()
 3 SYSTEMPATH/View/View.php(213): include('APPPATH/Views/good_receive/gr_print.php')
 4 SYSTEMPATH/View/View.php(216): CodeIgniter\View\View->CodeIgniter\View\{closure}()
 5 SYSTEMPATH/Common.php(1142): CodeIgniter\View\View->render()
 6 APPPATH/Controllers/Mytrx_gr.php(168): view()
 7 SYSTEMPATH/CodeIgniter.php(902): App\Controllers\Mytrx_gr->gr_print()
 8 SYSTEMPATH/CodeIgniter.php(457): CodeIgniter\CodeIgniter->runController()
 9 SYSTEMPATH/CodeIgniter.php(340): CodeIgniter\CodeIgniter->handleRequest()
10 FCPATH/index.php(67): CodeIgniter\CodeIgniter->run()
CRITICAL - 2022-12-20 10:25:15 --> DateTime::__construct(): Passing null to parameter #1 ($datetime) of type string is deprecated
in APPPATH/Views/good_receive/gr_print.php on line 76.
 1 [internal function]: CodeIgniter\Debug\Exceptions->errorHandler()
 2 APPPATH/Views/good_receive/gr_print.php(76): DateTime->__construct()
 3 SYSTEMPATH/View/View.php(213): include('APPPATH/Views/good_receive/gr_print.php')
 4 SYSTEMPATH/View/View.php(216): CodeIgniter\View\View->CodeIgniter\View\{closure}()
 5 SYSTEMPATH/Common.php(1142): CodeIgniter\View\View->render()
 6 APPPATH/Controllers/Mytrx_gr.php(168): view()
 7 SYSTEMPATH/CodeIgniter.php(902): App\Controllers\Mytrx_gr->gr_print()
 8 SYSTEMPATH/CodeIgniter.php(457): CodeIgniter\CodeIgniter->runController()
 9 SYSTEMPATH/CodeIgniter.php(340): CodeIgniter\CodeIgniter->handleRequest()
10 FCPATH/index.php(67): CodeIgniter\CodeIgniter->run()
CRITICAL - 2022-12-20 10:34:55 --> DateTime::__construct(): Passing null to parameter #1 ($datetime) of type string is deprecated
in APPPATH/Views/good_receive/gr_print.php on line 76.
 1 [internal function]: CodeIgniter\Debug\Exceptions->errorHandler()
 2 APPPATH/Views/good_receive/gr_print.php(76): DateTime->__construct()
 3 SYSTEMPATH/View/View.php(213): include('APPPATH/Views/good_receive/gr_print.php')
 4 SYSTEMPATH/View/View.php(216): CodeIgniter\View\View->CodeIgniter\View\{closure}()
 5 SYSTEMPATH/Common.php(1142): CodeIgniter\View\View->render()
 6 APPPATH/Controllers/Mytrx_gr.php(168): view()
 7 SYSTEMPATH/CodeIgniter.php(902): App\Controllers\Mytrx_gr->gr_print()
 8 SYSTEMPATH/CodeIgniter.php(457): CodeIgniter\CodeIgniter->runController()
 9 SYSTEMPATH/CodeIgniter.php(340): CodeIgniter\CodeIgniter->handleRequest()
10 FCPATH/index.php(67): CodeIgniter\CodeIgniter->run()
ERROR - 2022-12-20 11:03:44 --> mysqli_sql_exception: Unknown column 'a.apprvd_by' in 'on clause' in /medata/appdevs/mynlinksc/system/Database/MySQLi/Connection.php:292
Stack trace:
#0 /medata/appdevs/mynlinksc/system/Database/MySQLi/Connection.php(292): mysqli->query()
#1 /medata/appdevs/mynlinksc/system/Database/BaseConnection.php(693): CodeIgniter\Database\MySQLi\Connection->execute()
#2 /medata/appdevs/mynlinksc/system/Database/BaseConnection.php(620): CodeIgniter\Database\BaseConnection->simpleQuery()
#3 /medata/appdevs/mynlinksc/app/Models/MyLibzDBModel.php(19): CodeIgniter\Database\BaseConnection->query()
#4 /medata/appdevs/mynlinksc/app/Views/good_receive/gr_print.php(59): App\Models\MyLibzDBModel->myoa_sql_exec()
#5 /medata/appdevs/mynlinksc/system/View/View.php(213): include('...')
#6 /medata/appdevs/mynlinksc/system/View/View.php(216): CodeIgniter\View\View->CodeIgniter\View\{closure}()
#7 /medata/appdevs/mynlinksc/system/Common.php(1142): CodeIgniter\View\View->render()
#8 /medata/appdevs/mynlinksc/app/Controllers/Mytrx_gr.php(168): view()
#9 /medata/appdevs/mynlinksc/system/CodeIgniter.php(902): App\Controllers\Mytrx_gr->gr_print()
#10 /medata/appdevs/mynlinksc/system/CodeIgniter.php(457): CodeIgniter\CodeIgniter->runController()
#11 /medata/appdevs/mynlinksc/system/CodeIgniter.php(340): CodeIgniter\CodeIgniter->handleRequest()
#12 /medata/appdevs/mynlinksc/public/index.php(67): CodeIgniter\CodeIgniter->run()
#13 {main}
ERROR - 2022-12-20 11:03:45 --> mysqli_sql_exception: Unknown column 'a.apprvd_by' in 'on clause' in /medata/appdevs/mynlinksc/system/Database/MySQLi/Connection.php:292
Stack trace:
#0 /medata/appdevs/mynlinksc/system/Database/MySQLi/Connection.php(292): mysqli->query()
#1 /medata/appdevs/mynlinksc/system/Database/BaseConnection.php(693): CodeIgniter\Database\MySQLi\Connection->execute()
#2 /medata/appdevs/mynlinksc/system/Database/BaseConnection.php(620): CodeIgniter\Database\BaseConnection->simpleQuery()
#3 /medata/appdevs/mynlinksc/app/Models/MyLibzDBModel.php(19): CodeIgniter\Database\BaseConnection->query()
#4 /medata/appdevs/mynlinksc/app/Views/good_receive/gr_print.php(59): App\Models\MyLibzDBModel->myoa_sql_exec()
#5 /medata/appdevs/mynlinksc/system/View/View.php(213): include('...')
#6 /medata/appdevs/mynlinksc/system/View/View.php(216): CodeIgniter\View\View->CodeIgniter\View\{closure}()
#7 /medata/appdevs/mynlinksc/system/Common.php(1142): CodeIgniter\View\View->render()
#8 /medata/appdevs/mynlinksc/app/Controllers/Mytrx_gr.php(168): view()
#9 /medata/appdevs/mynlinksc/system/CodeIgniter.php(902): App\Controllers\Mytrx_gr->gr_print()
#10 /medata/appdevs/mynlinksc/system/CodeIgniter.php(457): CodeIgniter\CodeIgniter->runController()
#11 /medata/appdevs/mynlinksc/system/CodeIgniter.php(340): CodeIgniter\CodeIgniter->handleRequest()
#12 /medata/appdevs/mynlinksc/public/index.php(67): CodeIgniter\CodeIgniter->run()
#13 {main}
ERROR - 2022-12-20 11:03:45 --> mysqli_sql_exception: Unknown column 'a.apprvd_by' in 'on clause' in /medata/appdevs/mynlinksc/system/Database/MySQLi/Connection.php:292
Stack trace:
#0 /medata/appdevs/mynlinksc/system/Database/MySQLi/Connection.php(292): mysqli->query()
#1 /medata/appdevs/mynlinksc/system/Database/BaseConnection.php(693): CodeIgniter\Database\MySQLi\Connection->execute()
#2 /medata/appdevs/mynlinksc/system/Database/BaseConnection.php(620): CodeIgniter\Database\BaseConnection->simpleQuery()
#3 /medata/appdevs/mynlinksc/app/Models/MyLibzDBModel.php(19): CodeIgniter\Database\BaseConnection->query()
#4 /medata/appdevs/mynlinksc/app/Views/good_receive/gr_print.php(59): App\Models\MyLibzDBModel->myoa_sql_exec()
#5 /medata/appdevs/mynlinksc/system/View/View.php(213): include('...')
#6 /medata/appdevs/mynlinksc/system/View/View.php(216): CodeIgniter\View\View->CodeIgniter\View\{closure}()
#7 /medata/appdevs/mynlinksc/system/Common.php(1142): CodeIgniter\View\View->render()
#8 /medata/appdevs/mynlinksc/app/Controllers/Mytrx_gr.php(168): view()
#9 /medata/appdevs/mynlinksc/system/CodeIgniter.php(902): App\Controllers\Mytrx_gr->gr_print()
#10 /medata/appdevs/mynlinksc/system/CodeIgniter.php(457): CodeIgniter\CodeIgniter->runController()
#11 /medata/appdevs/mynlinksc/system/CodeIgniter.php(340): CodeIgniter\CodeIgniter->handleRequest()
#12 /medata/appdevs/mynlinksc/public/index.php(67): CodeIgniter\CodeIgniter->run()
#13 {main}
ERROR - 2022-12-20 11:03:46 --> mysqli_sql_exception: Unknown column 'a.apprvd_by' in 'on clause' in /medata/appdevs/mynlinksc/system/Database/MySQLi/Connection.php:292
Stack trace:
#0 /medata/appdevs/mynlinksc/system/Database/MySQLi/Connection.php(292): mysqli->query()
#1 /medata/appdevs/mynlinksc/system/Database/BaseConnection.php(693): CodeIgniter\Database\MySQLi\Connection->execute()
#2 /medata/appdevs/mynlinksc/system/Database/BaseConnection.php(620): CodeIgniter\Database\BaseConnection->simpleQuery()
#3 /medata/appdevs/mynlinksc/app/Models/MyLibzDBModel.php(19): CodeIgniter\Database\BaseConnection->query()
#4 /medata/appdevs/mynlinksc/app/Views/good_receive/gr_print.php(59): App\Models\MyLibzDBModel->myoa_sql_exec()
#5 /medata/appdevs/mynlinksc/system/View/View.php(213): include('...')
#6 /medata/appdevs/mynlinksc/system/View/View.php(216): CodeIgniter\View\View->CodeIgniter\View\{closure}()
#7 /medata/appdevs/mynlinksc/system/Common.php(1142): CodeIgniter\View\View->render()
#8 /medata/appdevs/mynlinksc/app/Controllers/Mytrx_gr.php(168): view()
#9 /medata/appdevs/mynlinksc/system/CodeIgniter.php(902): App\Controllers\Mytrx_gr->gr_print()
#10 /medata/appdevs/mynlinksc/system/CodeIgniter.php(457): CodeIgniter\CodeIgniter->runController()
#11 /medata/appdevs/mynlinksc/system/CodeIgniter.php(340): CodeIgniter\CodeIgniter->handleRequest()
#12 /medata/appdevs/mynlinksc/public/index.php(67): CodeIgniter\CodeIgniter->run()
#13 {main}
ERROR - 2022-12-20 11:03:46 --> mysqli_sql_exception: Unknown column 'a.apprvd_by' in 'on clause' in /medata/appdevs/mynlinksc/system/Database/MySQLi/Connection.php:292
Stack trace:
#0 /medata/appdevs/mynlinksc/system/Database/MySQLi/Connection.php(292): mysqli->query()
#1 /medata/appdevs/mynlinksc/system/Database/BaseConnection.php(693): CodeIgniter\Database\MySQLi\Connection->execute()
#2 /medata/appdevs/mynlinksc/system/Database/BaseConnection.php(620): CodeIgniter\Database\BaseConnection->simpleQuery()
#3 /medata/appdevs/mynlinksc/app/Models/MyLibzDBModel.php(19): CodeIgniter\Database\BaseConnection->query()
#4 /medata/appdevs/mynlinksc/app/Views/good_receive/gr_print.php(59): App\Models\MyLibzDBModel->myoa_sql_exec()
#5 /medata/appdevs/mynlinksc/system/View/View.php(213): include('...')
#6 /medata/appdevs/mynlinksc/system/View/View.php(216): CodeIgniter\View\View->CodeIgniter\View\{closure}()
#7 /medata/appdevs/mynlinksc/system/Common.php(1142): CodeIgniter\View\View->render()
#8 /medata/appdevs/mynlinksc/app/Controllers/Mytrx_gr.php(168): view()
#9 /medata/appdevs/mynlinksc/system/CodeIgniter.php(902): App\Controllers\Mytrx_gr->gr_print()
#10 /medata/appdevs/mynlinksc/system/CodeIgniter.php(457): CodeIgniter\CodeIgniter->runController()
#11 /medata/appdevs/mynlinksc/system/CodeIgniter.php(340): CodeIgniter\CodeIgniter->handleRequest()
#12 /medata/appdevs/mynlinksc/public/index.php(67): CodeIgniter\CodeIgniter->run()
#13 {main}
ERROR - 2022-12-20 11:03:47 --> mysqli_sql_exception: Unknown column 'a.apprvd_by' in 'on clause' in /medata/appdevs/mynlinksc/system/Database/MySQLi/Connection.php:292
Stack trace:
#0 /medata/appdevs/mynlinksc/system/Database/MySQLi/Connection.php(292): mysqli->query()
#1 /medata/appdevs/mynlinksc/system/Database/BaseConnection.php(693): CodeIgniter\Database\MySQLi\Connection->execute()
#2 /medata/appdevs/mynlinksc/system/Database/BaseConnection.php(620): CodeIgniter\Database\BaseConnection->simpleQuery()
#3 /medata/appdevs/mynlinksc/app/Models/MyLibzDBModel.php(19): CodeIgniter\Database\BaseConnection->query()
#4 /medata/appdevs/mynlinksc/app/Views/good_receive/gr_print.php(59): App\Models\MyLibzDBModel->myoa_sql_exec()
#5 /medata/appdevs/mynlinksc/system/View/View.php(213): include('...')
#6 /medata/appdevs/mynlinksc/system/View/View.php(216): CodeIgniter\View\View->CodeIgniter\View\{closure}()
#7 /medata/appdevs/mynlinksc/system/Common.php(1142): CodeIgniter\View\View->render()
#8 /medata/appdevs/mynlinksc/app/Controllers/Mytrx_gr.php(168): view()
#9 /medata/appdevs/mynlinksc/system/CodeIgniter.php(902): App\Controllers\Mytrx_gr->gr_print()
#10 /medata/appdevs/mynlinksc/system/CodeIgniter.php(457): CodeIgniter\CodeIgniter->runController()
#11 /medata/appdevs/mynlinksc/system/CodeIgniter.php(340): CodeIgniter\CodeIgniter->handleRequest()
#12 /medata/appdevs/mynlinksc/public/index.php(67): CodeIgniter\CodeIgniter->run()
#13 {main}
ERROR - 2022-12-20 11:03:48 --> mysqli_sql_exception: Unknown column 'a.apprvd_by' in 'on clause' in /medata/appdevs/mynlinksc/system/Database/MySQLi/Connection.php:292
Stack trace:
#0 /medata/appdevs/mynlinksc/system/Database/MySQLi/Connection.php(292): mysqli->query()
#1 /medata/appdevs/mynlinksc/system/Database/BaseConnection.php(693): CodeIgniter\Database\MySQLi\Connection->execute()
#2 /medata/appdevs/mynlinksc/system/Database/BaseConnection.php(620): CodeIgniter\Database\BaseConnection->simpleQuery()
#3 /medata/appdevs/mynlinksc/app/Models/MyLibzDBModel.php(19): CodeIgniter\Database\BaseConnection->query()
#4 /medata/appdevs/mynlinksc/app/Views/good_receive/gr_print.php(59): App\Models\MyLibzDBModel->myoa_sql_exec()
#5 /medata/appdevs/mynlinksc/system/View/View.php(213): include('...')
#6 /medata/appdevs/mynlinksc/system/View/View.php(216): CodeIgniter\View\View->CodeIgniter\View\{closure}()
#7 /medata/appdevs/mynlinksc/system/Common.php(1142): CodeIgniter\View\View->render()
#8 /medata/appdevs/mynlinksc/app/Controllers/Mytrx_gr.php(168): view()
#9 /medata/appdevs/mynlinksc/system/CodeIgniter.php(902): App\Controllers\Mytrx_gr->gr_print()
#10 /medata/appdevs/mynlinksc/system/CodeIgniter.php(457): CodeIgniter\CodeIgniter->runController()
#11 /medata/appdevs/mynlinksc/system/CodeIgniter.php(340): CodeIgniter\CodeIgniter->handleRequest()
#12 /medata/appdevs/mynlinksc/public/index.php(67): CodeIgniter\CodeIgniter->run()
#13 {main}
ERROR - 2022-12-20 11:03:48 --> mysqli_sql_exception: Unknown column 'a.apprvd_by' in 'on clause' in /medata/appdevs/mynlinksc/system/Database/MySQLi/Connection.php:292
Stack trace:
#0 /medata/appdevs/mynlinksc/system/Database/MySQLi/Connection.php(292): mysqli->query()
#1 /medata/appdevs/mynlinksc/system/Database/BaseConnection.php(693): CodeIgniter\Database\MySQLi\Connection->execute()
#2 /medata/appdevs/mynlinksc/system/Database/BaseConnection.php(620): CodeIgniter\Database\BaseConnection->simpleQuery()
#3 /medata/appdevs/mynlinksc/app/Models/MyLibzDBModel.php(19): CodeIgniter\Database\BaseConnection->query()
#4 /medata/appdevs/mynlinksc/app/Views/good_receive/gr_print.php(59): App\Models\MyLibzDBModel->myoa_sql_exec()
#5 /medata/appdevs/mynlinksc/system/View/View.php(213): include('...')
#6 /medata/appdevs/mynlinksc/system/View/View.php(216): CodeIgniter\View\View->CodeIgniter\View\{closure}()
#7 /medata/appdevs/mynlinksc/system/Common.php(1142): CodeIgniter\View\View->render()
#8 /medata/appdevs/mynlinksc/app/Controllers/Mytrx_gr.php(168): view()
#9 /medata/appdevs/mynlinksc/system/CodeIgniter.php(902): App\Controllers\Mytrx_gr->gr_print()
#10 /medata/appdevs/mynlinksc/system/CodeIgniter.php(457): CodeIgniter\CodeIgniter->runController()
#11 /medata/appdevs/mynlinksc/system/CodeIgniter.php(340): CodeIgniter\CodeIgniter->handleRequest()
#12 /medata/appdevs/mynlinksc/public/index.php(67): CodeIgniter\CodeIgniter->run()
#13 {main}
ERROR - 2022-12-20 11:03:49 --> mysqli_sql_exception: Unknown column 'a.apprvd_by' in 'on clause' in /medata/appdevs/mynlinksc/system/Database/MySQLi/Connection.php:292
Stack trace:
#0 /medata/appdevs/mynlinksc/system/Database/MySQLi/Connection.php(292): mysqli->query()
#1 /medata/appdevs/mynlinksc/system/Database/BaseConnection.php(693): CodeIgniter\Database\MySQLi\Connection->execute()
#2 /medata/appdevs/mynlinksc/system/Database/BaseConnection.php(620): CodeIgniter\Database\BaseConnection->simpleQuery()
#3 /medata/appdevs/mynlinksc/app/Models/MyLibzDBModel.php(19): CodeIgniter\Database\BaseConnection->query()
#4 /medata/appdevs/mynlinksc/app/Views/good_receive/gr_print.php(59): App\Models\MyLibzDBModel->myoa_sql_exec()
#5 /medata/appdevs/mynlinksc/system/View/View.php(213): include('...')
#6 /medata/appdevs/mynlinksc/system/View/View.php(216): CodeIgniter\View\View->CodeIgniter\View\{closure}()
#7 /medata/appdevs/mynlinksc/system/Common.php(1142): CodeIgniter\View\View->render()
#8 /medata/appdevs/mynlinksc/app/Controllers/Mytrx_gr.php(168): view()
#9 /medata/appdevs/mynlinksc/system/CodeIgniter.php(902): App\Controllers\Mytrx_gr->gr_print()
#10 /medata/appdevs/mynlinksc/system/CodeIgniter.php(457): CodeIgniter\CodeIgniter->runController()
#11 /medata/appdevs/mynlinksc/system/CodeIgniter.php(340): CodeIgniter\CodeIgniter->handleRequest()
#12 /medata/appdevs/mynlinksc/public/index.php(67): CodeIgniter\CodeIgniter->run()
#13 {main}
ERROR - 2022-12-20 11:03:49 --> mysqli_sql_exception: Unknown column 'a.apprvd_by' in 'on clause' in /medata/appdevs/mynlinksc/system/Database/MySQLi/Connection.php:292
Stack trace:
#0 /medata/appdevs/mynlinksc/system/Database/MySQLi/Connection.php(292): mysqli->query()
#1 /medata/appdevs/mynlinksc/system/Database/BaseConnection.php(693): CodeIgniter\Database\MySQLi\Connection->execute()
#2 /medata/appdevs/mynlinksc/system/Database/BaseConnection.php(620): CodeIgniter\Database\BaseConnection->simpleQuery()
#3 /medata/appdevs/mynlinksc/app/Models/MyLibzDBModel.php(19): CodeIgniter\Database\BaseConnection->query()
#4 /medata/appdevs/mynlinksc/app/Views/good_receive/gr_print.php(59): App\Models\MyLibzDBModel->myoa_sql_exec()
#5 /medata/appdevs/mynlinksc/system/View/View.php(213): include('...')
#6 /medata/appdevs/mynlinksc/system/View/View.php(216): CodeIgniter\View\View->CodeIgniter\View\{closure}()
#7 /medata/appdevs/mynlinksc/system/Common.php(1142): CodeIgniter\View\View->render()
#8 /medata/appdevs/mynlinksc/app/Controllers/Mytrx_gr.php(168): view()
#9 /medata/appdevs/mynlinksc/system/CodeIgniter.php(902): App\Controllers\Mytrx_gr->gr_print()
#10 /medata/appdevs/mynlinksc/system/CodeIgniter.php(457): CodeIgniter\CodeIgniter->runController()
#11 /medata/appdevs/mynlinksc/system/CodeIgniter.php(340): CodeIgniter\CodeIgniter->handleRequest()
#12 /medata/appdevs/mynlinksc/public/index.php(67): CodeIgniter\CodeIgniter->run()
#13 {main}
ERROR - 2022-12-20 11:03:49 --> mysqli_sql_exception: Unknown column 'a.apprvd_by' in 'on clause' in /medata/appdevs/mynlinksc/system/Database/MySQLi/Connection.php:292
Stack trace:
#0 /medata/appdevs/mynlinksc/system/Database/MySQLi/Connection.php(292): mysqli->query()
#1 /medata/appdevs/mynlinksc/system/Database/BaseConnection.php(693): CodeIgniter\Database\MySQLi\Connection->execute()
#2 /medata/appdevs/mynlinksc/system/Database/BaseConnection.php(620): CodeIgniter\Database\BaseConnection->simpleQuery()
#3 /medata/appdevs/mynlinksc/app/Models/MyLibzDBModel.php(19): CodeIgniter\Database\BaseConnection->query()
#4 /medata/appdevs/mynlinksc/app/Views/good_receive/gr_print.php(59): App\Models\MyLibzDBModel->myoa_sql_exec()
#5 /medata/appdevs/mynlinksc/system/View/View.php(213): include('...')
#6 /medata/appdevs/mynlinksc/system/View/View.php(216): CodeIgniter\View\View->CodeIgniter\View\{closure}()
#7 /medata/appdevs/mynlinksc/system/Common.php(1142): CodeIgniter\View\View->render()
#8 /medata/appdevs/mynlinksc/app/Controllers/Mytrx_gr.php(168): view()
#9 /medata/appdevs/mynlinksc/system/CodeIgniter.php(902): App\Controllers\Mytrx_gr->gr_print()
#10 /medata/appdevs/mynlinksc/system/CodeIgniter.php(457): CodeIgniter\CodeIgniter->runController()
#11 /medata/appdevs/mynlinksc/system/CodeIgniter.php(340): CodeIgniter\CodeIgniter->handleRequest()
#12 /medata/appdevs/mynlinksc/public/index.php(67): CodeIgniter\CodeIgniter->run()
#13 {main}
CRITICAL - 2022-12-20 11:04:52 --> The route for "mytrx_gr/gr_vw" cannot be found.
in SYSTEMPATH/HTTP/RedirectResponse.php on line 60.
 1 SYSTEMPATH/HTTP/RedirectResponse.php(60): CodeIgniter\HTTP\Exceptions\HTTPException::forInvalidRedirectRoute()
 2 SYSTEMPATH/Common.php(869): CodeIgniter\HTTP\RedirectResponse->route()
 3 APPPATH/Views/good_receive/gr_print.php(84): redirect()
 4 SYSTEMPATH/View/View.php(213): include('APPPATH/Views/good_receive/gr_print.php')
 5 SYSTEMPATH/View/View.php(216): CodeIgniter\View\View->CodeIgniter\View\{closure}()
 6 SYSTEMPATH/Common.php(1142): CodeIgniter\View\View->render()
 7 APPPATH/Controllers/Mytrx_gr.php(168): view()
 8 SYSTEMPATH/CodeIgniter.php(902): App\Controllers\Mytrx_gr->gr_print()
 9 SYSTEMPATH/CodeIgniter.php(457): CodeIgniter\CodeIgniter->runController()
10 SYSTEMPATH/CodeIgniter.php(340): CodeIgniter\CodeIgniter->handleRequest()
11 FCPATH/index.php(67): CodeIgniter\CodeIgniter->run()
CRITICAL - 2022-12-20 11:07:21 --> The route for "mytrx_gr/gr_vw" cannot be found.
in SYSTEMPATH/HTTP/RedirectResponse.php on line 60.
 1 SYSTEMPATH/HTTP/RedirectResponse.php(60): CodeIgniter\HTTP\Exceptions\HTTPException::forInvalidRedirectRoute()
 2 SYSTEMPATH/Common.php(869): CodeIgniter\HTTP\RedirectResponse->route()
 3 APPPATH/Views/good_receive/gr_print.php(84): redirect()
 4 SYSTEMPATH/View/View.php(213): include('APPPATH/Views/good_receive/gr_print.php')
 5 SYSTEMPATH/View/View.php(216): CodeIgniter\View\View->CodeIgniter\View\{closure}()
 6 SYSTEMPATH/Common.php(1142): CodeIgniter\View\View->render()
 7 APPPATH/Controllers/Mytrx_gr.php(168): view()
 8 SYSTEMPATH/CodeIgniter.php(902): App\Controllers\Mytrx_gr->gr_print()
 9 SYSTEMPATH/CodeIgniter.php(457): CodeIgniter\CodeIgniter->runController()
10 SYSTEMPATH/CodeIgniter.php(340): CodeIgniter\CodeIgniter->handleRequest()
11 FCPATH/index.php(67): CodeIgniter\CodeIgniter->run()
CRITICAL - 2022-12-20 11:20:44 --> Undefined variable $refno
in APPPATH/Views/good_receive/gr_print.php on line 88.
 1 APPPATH/Views/good_receive/gr_print.php(88): CodeIgniter\Debug\Exceptions->errorHandler()
 2 SYSTEMPATH/View/View.php(213): include('APPPATH/Views/good_receive/gr_print.php')
 3 SYSTEMPATH/View/View.php(216): CodeIgniter\View\View->CodeIgniter\View\{closure}()
 4 SYSTEMPATH/Common.php(1142): CodeIgniter\View\View->render()
 5 APPPATH/Controllers/Mytrx_gr.php(168): view()
 6 SYSTEMPATH/CodeIgniter.php(902): App\Controllers\Mytrx_gr->gr_print()
 7 SYSTEMPATH/CodeIgniter.php(457): CodeIgniter\CodeIgniter->runController()
 8 SYSTEMPATH/CodeIgniter.php(340): CodeIgniter\CodeIgniter->handleRequest()
 9 FCPATH/index.php(67): CodeIgniter\CodeIgniter->run()
CRITICAL - 2022-12-20 14:07:02 --> Undefined variable $refno
in APPPATH/Views/good_receive/gr_print.php on line 88.
 1 APPPATH/Views/good_receive/gr_print.php(88): CodeIgniter\Debug\Exceptions->errorHandler()
 2 SYSTEMPATH/View/View.php(213): include('APPPATH/Views/good_receive/gr_print.php')
 3 SYSTEMPATH/View/View.php(216): CodeIgniter\View\View->CodeIgniter\View\{closure}()
 4 SYSTEMPATH/Common.php(1142): CodeIgniter\View\View->render()
 5 APPPATH/Controllers/Mytrx_gr.php(168): view()
 6 SYSTEMPATH/CodeIgniter.php(902): App\Controllers\Mytrx_gr->gr_print()
 7 SYSTEMPATH/CodeIgniter.php(457): CodeIgniter\CodeIgniter->runController()
 8 SYSTEMPATH/CodeIgniter.php(340): CodeIgniter\CodeIgniter->handleRequest()
 9 FCPATH/index.php(67): CodeIgniter\CodeIgniter->run()
CRITICAL - 2022-12-20 14:07:05 --> Undefined variable $refno
in APPPATH/Views/good_receive/gr_print.php on line 88.
 1 APPPATH/Views/good_receive/gr_print.php(88): CodeIgniter\Debug\Exceptions->errorHandler()
 2 SYSTEMPATH/View/View.php(213): include('APPPATH/Views/good_receive/gr_print.php')
 3 SYSTEMPATH/View/View.php(216): CodeIgniter\View\View->CodeIgniter\View\{closure}()
 4 SYSTEMPATH/Common.php(1142): CodeIgniter\View\View->render()
 5 APPPATH/Controllers/Mytrx_gr.php(168): view()
 6 SYSTEMPATH/CodeIgniter.php(902): App\Controllers\Mytrx_gr->gr_print()
 7 SYSTEMPATH/CodeIgniter.php(457): CodeIgniter\CodeIgniter->runController()
 8 SYSTEMPATH/CodeIgniter.php(340): CodeIgniter\CodeIgniter->handleRequest()
 9 FCPATH/index.php(67): CodeIgniter\CodeIgniter->run()
CRITICAL - 2022-12-20 16:51:03 --> Invalid file: mtap/fgpack/trx-fg-pack-print.php
in SYSTEMPATH/Exceptions/FrameworkException.php on line 33.
 1 SYSTEMPATH/View/View.php(201): CodeIgniter\Exceptions\FrameworkException::forInvalidFile()
 2 SYSTEMPATH/Common.php(1142): CodeIgniter\View\View->render()
 3 APPPATH/Controllers/Fg_packing.php(43): view()
 4 SYSTEMPATH/CodeIgniter.php(902): App\Controllers\Fg_packing->fgpack_print()
 5 SYSTEMPATH/CodeIgniter.php(457): CodeIgniter\CodeIgniter->runController()
 6 SYSTEMPATH/CodeIgniter.php(340): CodeIgniter\CodeIgniter->handleRequest()
 7 FCPATH/index.php(67): CodeIgniter\CodeIgniter->run()
