CRITICAL - 2022-09-28 08:25:11 --> fopen(): SSL operation failed with code 1. OpenSSL Error messages:
error:1416F086:SSL routines:tls_process_server_certificate:certificate verify failed
in APPPATH/Libraries/Fpdf/Fpdf.php on line 1257.
 1 [internal function]: CodeIgniter\Debug\Exceptions->errorHandler()
 2 APPPATH/Libraries/Fpdf/Fpdf.php(1257): fopen()
 3 APPPATH/Libraries/Fpdf/Fpdf.php(885): App\Libraries\Fpdf\Fpdf->_parsepng()
 4 APPPATH/Views/Whcrossing/Whcrossing_print.php(165): App\Libraries\Fpdf\Fpdf->Image()
 5 SYSTEMPATH/View/View.php(213): include('APPPATH/Views/Whcrossing/Whcrossing_print.php')
 6 SYSTEMPATH/View/View.php(216): CodeIgniter\View\View->CodeIgniter\View\{closure}()
 7 SYSTEMPATH/Common.php(1142): CodeIgniter\View\View->render()
 8 APPPATH/Controllers/WhCrossing.php(76): view()
 9 SYSTEMPATH/CodeIgniter.php(907): App\Controllers\WhCrossing->mycrossing_print()
10 SYSTEMPATH/CodeIgniter.php(457): CodeIgniter\CodeIgniter->runController()
11 SYSTEMPATH/CodeIgniter.php(340): CodeIgniter\CodeIgniter->handleRequest()
12 FCPATH/index.php(67): CodeIgniter\CodeIgniter->run()
CRITICAL - 2022-09-28 08:26:06 --> fopen(): SSL operation failed with code 1. OpenSSL Error messages:
error:1416F086:SSL routines:tls_process_server_certificate:certificate verify failed
in APPPATH/Libraries/Fpdf/Fpdf.php on line 1257.
 1 [internal function]: CodeIgniter\Debug\Exceptions->errorHandler()
 2 APPPATH/Libraries/Fpdf/Fpdf.php(1257): fopen()
 3 APPPATH/Libraries/Fpdf/Fpdf.php(885): App\Libraries\Fpdf\Fpdf->_parsepng()
 4 APPPATH/Views/Whcrossing/Whcrossing_print.php(165): App\Libraries\Fpdf\Fpdf->Image()
 5 SYSTEMPATH/View/View.php(213): include('APPPATH/Views/Whcrossing/Whcrossing_print.php')
 6 SYSTEMPATH/View/View.php(216): CodeIgniter\View\View->CodeIgniter\View\{closure}()
 7 SYSTEMPATH/Common.php(1142): CodeIgniter\View\View->render()
 8 APPPATH/Controllers/WhCrossing.php(76): view()
 9 SYSTEMPATH/CodeIgniter.php(907): App\Controllers\WhCrossing->mycrossing_print()
10 SYSTEMPATH/CodeIgniter.php(457): CodeIgniter\CodeIgniter->runController()
11 SYSTEMPATH/CodeIgniter.php(340): CodeIgniter\CodeIgniter->handleRequest()
12 FCPATH/index.php(67): CodeIgniter\CodeIgniter->run()
CRITICAL - 2022-09-28 08:28:53 --> fopen(): SSL operation failed with code 1. OpenSSL Error messages:
error:1416F086:SSL routines:tls_process_server_certificate:certificate verify failed
in APPPATH/Libraries/Fpdf/Fpdf.php on line 1257.
 1 [internal function]: CodeIgniter\Debug\Exceptions->errorHandler()
 2 APPPATH/Libraries/Fpdf/Fpdf.php(1257): fopen()
 3 APPPATH/Libraries/Fpdf/Fpdf.php(885): App\Libraries\Fpdf\Fpdf->_parsepng()
 4 APPPATH/Views/Whcrossing/Whcrossing_irrprint.php(156): App\Libraries\Fpdf\Fpdf->Image()
 5 SYSTEMPATH/View/View.php(213): include('APPPATH/Views/Whcrossing/Whcrossing_irrprint.php')
 6 SYSTEMPATH/View/View.php(216): CodeIgniter\View\View->CodeIgniter\View\{closure}()
 7 SYSTEMPATH/Common.php(1142): CodeIgniter\View\View->render()
 8 APPPATH/Controllers/WhCrossing.php(89): view()
 9 SYSTEMPATH/CodeIgniter.php(907): App\Controllers\WhCrossing->mycrossing_irrprint()
10 SYSTEMPATH/CodeIgniter.php(457): CodeIgniter\CodeIgniter->runController()
11 SYSTEMPATH/CodeIgniter.php(340): CodeIgniter\CodeIgniter->handleRequest()
12 FCPATH/index.php(67): CodeIgniter\CodeIgniter->run()
CRITICAL - 2022-09-28 08:33:44 --> fopen(): SSL operation failed with code 1. OpenSSL Error messages:
error:1416F086:SSL routines:tls_process_server_certificate:certificate verify failed
in APPPATH/Libraries/Fpdf/Fpdf.php on line 1257.
 1 [internal function]: CodeIgniter\Debug\Exceptions->errorHandler()
 2 APPPATH/Libraries/Fpdf/Fpdf.php(1257): fopen()
 3 APPPATH/Libraries/Fpdf/Fpdf.php(885): App\Libraries\Fpdf\Fpdf->_parsepng()
 4 APPPATH/Views/Whcrossing/Whcrossing_irrprint.php(156): App\Libraries\Fpdf\Fpdf->Image()
 5 SYSTEMPATH/View/View.php(213): include('APPPATH/Views/Whcrossing/Whcrossing_irrprint.php')
 6 SYSTEMPATH/View/View.php(216): CodeIgniter\View\View->CodeIgniter\View\{closure}()
 7 SYSTEMPATH/Common.php(1142): CodeIgniter\View\View->render()
 8 APPPATH/Controllers/WhCrossing.php(89): view()
 9 SYSTEMPATH/CodeIgniter.php(907): App\Controllers\WhCrossing->mycrossing_irrprint()
10 SYSTEMPATH/CodeIgniter.php(457): CodeIgniter\CodeIgniter->runController()
11 SYSTEMPATH/CodeIgniter.php(340): CodeIgniter\CodeIgniter->handleRequest()
12 FCPATH/index.php(67): CodeIgniter\CodeIgniter->run()
CRITICAL - 2022-09-28 08:34:16 --> fopen(): SSL operation failed with code 1. OpenSSL Error messages:
error:1416F086:SSL routines:tls_process_server_certificate:certificate verify failed
in APPPATH/Libraries/Fpdf/Fpdf.php on line 1257.
 1 [internal function]: CodeIgniter\Debug\Exceptions->errorHandler()
 2 APPPATH/Libraries/Fpdf/Fpdf.php(1257): fopen()
 3 APPPATH/Libraries/Fpdf/Fpdf.php(885): App\Libraries\Fpdf\Fpdf->_parsepng()
 4 APPPATH/Views/Whcrossing/Whcrossing_irrprint.php(156): App\Libraries\Fpdf\Fpdf->Image()
 5 SYSTEMPATH/View/View.php(213): include('APPPATH/Views/Whcrossing/Whcrossing_irrprint.php')
 6 SYSTEMPATH/View/View.php(216): CodeIgniter\View\View->CodeIgniter\View\{closure}()
 7 SYSTEMPATH/Common.php(1142): CodeIgniter\View\View->render()
 8 APPPATH/Controllers/WhCrossing.php(89): view()
 9 SYSTEMPATH/CodeIgniter.php(907): App\Controllers\WhCrossing->mycrossing_irrprint()
10 SYSTEMPATH/CodeIgniter.php(457): CodeIgniter\CodeIgniter->runController()
11 SYSTEMPATH/CodeIgniter.php(340): CodeIgniter\CodeIgniter->handleRequest()
12 FCPATH/index.php(67): CodeIgniter\CodeIgniter->run()
CRITICAL - 2022-09-28 08:34:25 --> fopen(): SSL operation failed with code 1. OpenSSL Error messages:
error:1416F086:SSL routines:tls_process_server_certificate:certificate verify failed
in APPPATH/Libraries/Fpdf/Fpdf.php on line 1257.
 1 [internal function]: CodeIgniter\Debug\Exceptions->errorHandler()
 2 APPPATH/Libraries/Fpdf/Fpdf.php(1257): fopen()
 3 APPPATH/Libraries/Fpdf/Fpdf.php(885): App\Libraries\Fpdf\Fpdf->_parsepng()
 4 APPPATH/Views/Whcrossing/Whcrossing_print.php(165): App\Libraries\Fpdf\Fpdf->Image()
 5 SYSTEMPATH/View/View.php(213): include('APPPATH/Views/Whcrossing/Whcrossing_print.php')
 6 SYSTEMPATH/View/View.php(216): CodeIgniter\View\View->CodeIgniter\View\{closure}()
 7 SYSTEMPATH/Common.php(1142): CodeIgniter\View\View->render()
 8 APPPATH/Controllers/WhCrossing.php(76): view()
 9 SYSTEMPATH/CodeIgniter.php(907): App\Controllers\WhCrossing->mycrossing_print()
10 SYSTEMPATH/CodeIgniter.php(457): CodeIgniter\CodeIgniter->runController()
11 SYSTEMPATH/CodeIgniter.php(340): CodeIgniter\CodeIgniter->handleRequest()
12 FCPATH/index.php(67): CodeIgniter\CodeIgniter->run()
CRITICAL - 2022-09-28 08:37:30 --> fopen(): SSL operation failed with code 1. OpenSSL Error messages:
error:1416F086:SSL routines:tls_process_server_certificate:certificate verify failed
in APPPATH/Libraries/Fpdf/Fpdf.php on line 1257.
 1 [internal function]: CodeIgniter\Debug\Exceptions->errorHandler()
 2 APPPATH/Libraries/Fpdf/Fpdf.php(1257): fopen()
 3 APPPATH/Libraries/Fpdf/Fpdf.php(885): App\Libraries\Fpdf\Fpdf->_parsepng()
 4 APPPATH/Views/Whcrossing/Whcrossing_print.php(165): App\Libraries\Fpdf\Fpdf->Image()
 5 SYSTEMPATH/View/View.php(213): include('APPPATH/Views/Whcrossing/Whcrossing_print.php')
 6 SYSTEMPATH/View/View.php(216): CodeIgniter\View\View->CodeIgniter\View\{closure}()
 7 SYSTEMPATH/Common.php(1142): CodeIgniter\View\View->render()
 8 APPPATH/Controllers/WhCrossing.php(76): view()
 9 SYSTEMPATH/CodeIgniter.php(907): App\Controllers\WhCrossing->mycrossing_print()
10 SYSTEMPATH/CodeIgniter.php(457): CodeIgniter\CodeIgniter->runController()
11 SYSTEMPATH/CodeIgniter.php(340): CodeIgniter\CodeIgniter->handleRequest()
12 FCPATH/index.php(67): CodeIgniter\CodeIgniter->run()
CRITICAL - 2022-09-28 09:00:25 --> fopen(https://120.28.137.166/mynlinksc//assets/img/SMC-LOGO.png): failed to open stream: Connection timed out
in APPPATH/Libraries/Fpdf/Fpdf.php on line 1257.
 1 [internal function]: CodeIgniter\Debug\Exceptions->errorHandler()
 2 APPPATH/Libraries/Fpdf/Fpdf.php(1257): fopen()
 3 APPPATH/Libraries/Fpdf/Fpdf.php(885): App\Libraries\Fpdf\Fpdf->_parsepng()
 4 APPPATH/Views/Whcrossing/Whcrossing_irrprint.php(156): App\Libraries\Fpdf\Fpdf->Image()
 5 SYSTEMPATH/View/View.php(213): include('APPPATH/Views/Whcrossing/Whcrossing_irrprint.php')
 6 SYSTEMPATH/View/View.php(216): CodeIgniter\View\View->CodeIgniter\View\{closure}()
 7 SYSTEMPATH/Common.php(1142): CodeIgniter\View\View->render()
 8 APPPATH/Controllers/WhCrossing.php(89): view()
 9 SYSTEMPATH/CodeIgniter.php(907): App\Controllers\WhCrossing->mycrossing_irrprint()
10 SYSTEMPATH/CodeIgniter.php(457): CodeIgniter\CodeIgniter->runController()
11 SYSTEMPATH/CodeIgniter.php(340): CodeIgniter\CodeIgniter->handleRequest()
12 FCPATH/index.php(67): CodeIgniter\CodeIgniter->run()
CRITICAL - 2022-09-28 09:00:31 --> fopen(https://120.28.137.166/mynlinksc//assets/img/SMC-LOGO.png): failed to open stream: Connection timed out
in APPPATH/Libraries/Fpdf/Fpdf.php on line 1257.
 1 [internal function]: CodeIgniter\Debug\Exceptions->errorHandler()
 2 APPPATH/Libraries/Fpdf/Fpdf.php(1257): fopen()
 3 APPPATH/Libraries/Fpdf/Fpdf.php(885): App\Libraries\Fpdf\Fpdf->_parsepng()
 4 APPPATH/Views/Whcrossing/Whcrossing_irrprint.php(156): App\Libraries\Fpdf\Fpdf->Image()
 5 SYSTEMPATH/View/View.php(213): include('APPPATH/Views/Whcrossing/Whcrossing_irrprint.php')
 6 SYSTEMPATH/View/View.php(216): CodeIgniter\View\View->CodeIgniter\View\{closure}()
 7 SYSTEMPATH/Common.php(1142): CodeIgniter\View\View->render()
 8 APPPATH/Controllers/WhCrossing.php(89): view()
 9 SYSTEMPATH/CodeIgniter.php(907): App\Controllers\WhCrossing->mycrossing_irrprint()
10 SYSTEMPATH/CodeIgniter.php(457): CodeIgniter\CodeIgniter->runController()
11 SYSTEMPATH/CodeIgniter.php(340): CodeIgniter\CodeIgniter->handleRequest()
12 FCPATH/index.php(67): CodeIgniter\CodeIgniter->run()
ERROR - 2022-09-28 09:53:06 --> mysqli_sql_exception: Unknown column 'aa.is_crossdocking' in 'where clause' in /var/mdevz/mynlinksc/system/Database/MySQLi/Connection.php:292
Stack trace:
#0 /var/mdevz/mynlinksc/system/Database/MySQLi/Connection.php(292): mysqli->query()
#1 /var/mdevz/mynlinksc/system/Database/BaseConnection.php(693): CodeIgniter\Database\MySQLi\Connection->execute()
#2 /var/mdevz/mynlinksc/system/Database/BaseConnection.php(620): CodeIgniter\Database\BaseConnection->simpleQuery()
#3 /var/mdevz/mynlinksc/app/Models/MyLibzDBModel.php(19): CodeIgniter\Database\BaseConnection->query()
#4 /var/mdevz/mynlinksc/app/Models/Mymelibsys_model.php(585): App\Models\MyLibzDBModel->myoa_sql_exec()
#5 /var/mdevz/mynlinksc/app/Views/warehouse_out/warehouse_out_main.php(48): App\Models\mymelibsys_model->getCDActivePlantWarehouse()
#6 /var/mdevz/mynlinksc/system/View/View.php(213): include('/var/mdevz/mynl...')
#7 /var/mdevz/mynlinksc/system/View/View.php(216): CodeIgniter\View\View->CodeIgniter\View\{closure}()
#8 /var/mdevz/mynlinksc/system/Common.php(1142): CodeIgniter\View\View->render()
#9 /var/mdevz/mynlinksc/app/Controllers/Warehouse_out.php(35): view()
#10 /var/mdevz/mynlinksc/system/CodeIgniter.php(907): App\Controllers\Warehouse_out->index()
#11 /var/mdevz/mynlinksc/system/CodeIgniter.php(457): CodeIgniter\CodeIgniter->runController()
#12 /var/mdevz/mynlinksc/system/CodeIgniter.php(340): CodeIgniter\CodeIgniter->handleRequest()
#13 /var/mdevz/mynlinksc/public/index.php(67): CodeIgniter\CodeIgniter->run()
#14 {main}
ERROR - 2022-09-28 09:53:09 --> mysqli_sql_exception: Unknown column 'aa.is_crossdocking' in 'where clause' in /var/mdevz/mynlinksc/system/Database/MySQLi/Connection.php:292
Stack trace:
#0 /var/mdevz/mynlinksc/system/Database/MySQLi/Connection.php(292): mysqli->query()
#1 /var/mdevz/mynlinksc/system/Database/BaseConnection.php(693): CodeIgniter\Database\MySQLi\Connection->execute()
#2 /var/mdevz/mynlinksc/system/Database/BaseConnection.php(620): CodeIgniter\Database\BaseConnection->simpleQuery()
#3 /var/mdevz/mynlinksc/app/Models/MyLibzDBModel.php(19): CodeIgniter\Database\BaseConnection->query()
#4 /var/mdevz/mynlinksc/app/Models/Mymelibsys_model.php(585): App\Models\MyLibzDBModel->myoa_sql_exec()
#5 /var/mdevz/mynlinksc/app/Views/warehouse_out/warehouse_out_main.php(48): App\Models\mymelibsys_model->getCDActivePlantWarehouse()
#6 /var/mdevz/mynlinksc/system/View/View.php(213): include('/var/mdevz/mynl...')
#7 /var/mdevz/mynlinksc/system/View/View.php(216): CodeIgniter\View\View->CodeIgniter\View\{closure}()
#8 /var/mdevz/mynlinksc/system/Common.php(1142): CodeIgniter\View\View->render()
#9 /var/mdevz/mynlinksc/app/Controllers/Warehouse_out.php(35): view()
#10 /var/mdevz/mynlinksc/system/CodeIgniter.php(907): App\Controllers\Warehouse_out->index()
#11 /var/mdevz/mynlinksc/system/CodeIgniter.php(457): CodeIgniter\CodeIgniter->runController()
#12 /var/mdevz/mynlinksc/system/CodeIgniter.php(340): CodeIgniter\CodeIgniter->handleRequest()
#13 /var/mdevz/mynlinksc/public/index.php(67): CodeIgniter\CodeIgniter->run()
#14 {main}
ERROR - 2022-09-28 09:53:12 --> mysqli_sql_exception: Unknown column 'aa.is_crossdocking' in 'where clause' in /var/mdevz/mynlinksc/system/Database/MySQLi/Connection.php:292
Stack trace:
#0 /var/mdevz/mynlinksc/system/Database/MySQLi/Connection.php(292): mysqli->query()
#1 /var/mdevz/mynlinksc/system/Database/BaseConnection.php(693): CodeIgniter\Database\MySQLi\Connection->execute()
#2 /var/mdevz/mynlinksc/system/Database/BaseConnection.php(620): CodeIgniter\Database\BaseConnection->simpleQuery()
#3 /var/mdevz/mynlinksc/app/Models/MyLibzDBModel.php(19): CodeIgniter\Database\BaseConnection->query()
#4 /var/mdevz/mynlinksc/app/Models/Mymelibsys_model.php(585): App\Models\MyLibzDBModel->myoa_sql_exec()
#5 /var/mdevz/mynlinksc/app/Views/warehouse_out/warehouse_out_main.php(48): App\Models\mymelibsys_model->getCDActivePlantWarehouse()
#6 /var/mdevz/mynlinksc/system/View/View.php(213): include('/var/mdevz/mynl...')
#7 /var/mdevz/mynlinksc/system/View/View.php(216): CodeIgniter\View\View->CodeIgniter\View\{closure}()
#8 /var/mdevz/mynlinksc/system/Common.php(1142): CodeIgniter\View\View->render()
#9 /var/mdevz/mynlinksc/app/Controllers/Warehouse_out.php(35): view()
#10 /var/mdevz/mynlinksc/system/CodeIgniter.php(907): App\Controllers\Warehouse_out->index()
#11 /var/mdevz/mynlinksc/system/CodeIgniter.php(457): CodeIgniter\CodeIgniter->runController()
#12 /var/mdevz/mynlinksc/system/CodeIgniter.php(340): CodeIgniter\CodeIgniter->handleRequest()
#13 /var/mdevz/mynlinksc/public/index.php(67): CodeIgniter\CodeIgniter->run()
#14 {main}
ERROR - 2022-09-28 09:53:12 --> mysqli_sql_exception: Unknown column 'aa.is_crossdocking' in 'where clause' in /var/mdevz/mynlinksc/system/Database/MySQLi/Connection.php:292
Stack trace:
#0 /var/mdevz/mynlinksc/system/Database/MySQLi/Connection.php(292): mysqli->query()
#1 /var/mdevz/mynlinksc/system/Database/BaseConnection.php(693): CodeIgniter\Database\MySQLi\Connection->execute()
#2 /var/mdevz/mynlinksc/system/Database/BaseConnection.php(620): CodeIgniter\Database\BaseConnection->simpleQuery()
#3 /var/mdevz/mynlinksc/app/Models/MyLibzDBModel.php(19): CodeIgniter\Database\BaseConnection->query()
#4 /var/mdevz/mynlinksc/app/Models/Mymelibsys_model.php(585): App\Models\MyLibzDBModel->myoa_sql_exec()
#5 /var/mdevz/mynlinksc/app/Views/warehouse_out/warehouse_out_main.php(48): App\Models\mymelibsys_model->getCDActivePlantWarehouse()
#6 /var/mdevz/mynlinksc/system/View/View.php(213): include('/var/mdevz/mynl...')
#7 /var/mdevz/mynlinksc/system/View/View.php(216): CodeIgniter\View\View->CodeIgniter\View\{closure}()
#8 /var/mdevz/mynlinksc/system/Common.php(1142): CodeIgniter\View\View->render()
#9 /var/mdevz/mynlinksc/app/Controllers/Warehouse_out.php(35): view()
#10 /var/mdevz/mynlinksc/system/CodeIgniter.php(907): App\Controllers\Warehouse_out->index()
#11 /var/mdevz/mynlinksc/system/CodeIgniter.php(457): CodeIgniter\CodeIgniter->runController()
#12 /var/mdevz/mynlinksc/system/CodeIgniter.php(340): CodeIgniter\CodeIgniter->handleRequest()
#13 /var/mdevz/mynlinksc/public/index.php(67): CodeIgniter\CodeIgniter->run()
#14 {main}
ERROR - 2022-09-28 09:53:22 --> mysqli_sql_exception: Unknown column 'aa.is_crossdocking' in 'where clause' in /var/mdevz/mynlinksc/system/Database/MySQLi/Connection.php:292
Stack trace:
#0 /var/mdevz/mynlinksc/system/Database/MySQLi/Connection.php(292): mysqli->query()
#1 /var/mdevz/mynlinksc/system/Database/BaseConnection.php(693): CodeIgniter\Database\MySQLi\Connection->execute()
#2 /var/mdevz/mynlinksc/system/Database/BaseConnection.php(620): CodeIgniter\Database\BaseConnection->simpleQuery()
#3 /var/mdevz/mynlinksc/app/Models/MyLibzDBModel.php(19): CodeIgniter\Database\BaseConnection->query()
#4 /var/mdevz/mynlinksc/app/Models/Mymelibsys_model.php(585): App\Models\MyLibzDBModel->myoa_sql_exec()
#5 /var/mdevz/mynlinksc/app/Views/warehouse_inv/warehouse_inv_main.php(28): App\Models\mymelibsys_model->getCDActivePlantWarehouse()
#6 /var/mdevz/mynlinksc/system/View/View.php(213): include('/var/mdevz/mynl...')
#7 /var/mdevz/mynlinksc/system/View/View.php(216): CodeIgniter\View\View->CodeIgniter\View\{closure}()
#8 /var/mdevz/mynlinksc/system/Common.php(1142): CodeIgniter\View\View->render()
#9 /var/mdevz/mynlinksc/app/Controllers/Warehouse_inv.php(35): view()
#10 /var/mdevz/mynlinksc/system/CodeIgniter.php(907): App\Controllers\Warehouse_inv->index()
#11 /var/mdevz/mynlinksc/system/CodeIgniter.php(457): CodeIgniter\CodeIgniter->runController()
#12 /var/mdevz/mynlinksc/system/CodeIgniter.php(340): CodeIgniter\CodeIgniter->handleRequest()
#13 /var/mdevz/mynlinksc/public/index.php(67): CodeIgniter\CodeIgniter->run()
#14 {main}
CRITICAL - 2022-09-28 10:17:59 --> fopen(): SSL operation failed with code 1. OpenSSL Error messages:
error:1416F086:SSL routines:tls_process_server_certificate:certificate verify failed
in APPPATH/Libraries/Fpdf/Fpdf.php on line 1257.
 1 [internal function]: CodeIgniter\Debug\Exceptions->errorHandler()
 2 APPPATH/Libraries/Fpdf/Fpdf.php(1257): fopen()
 3 APPPATH/Libraries/Fpdf/Fpdf.php(885): App\Libraries\Fpdf\Fpdf->_parsepng()
 4 APPPATH/Views/Whcrossing/Whcrossing_irrprint.php(156): App\Libraries\Fpdf\Fpdf->Image()
 5 SYSTEMPATH/View/View.php(213): include('APPPATH/Views/Whcrossing/Whcrossing_irrprint.php')
 6 SYSTEMPATH/View/View.php(216): CodeIgniter\View\View->CodeIgniter\View\{closure}()
 7 SYSTEMPATH/Common.php(1142): CodeIgniter\View\View->render()
 8 APPPATH/Controllers/WhCrossing.php(89): view()
 9 SYSTEMPATH/CodeIgniter.php(907): App\Controllers\WhCrossing->mycrossing_irrprint()
10 SYSTEMPATH/CodeIgniter.php(457): CodeIgniter\CodeIgniter->runController()
11 SYSTEMPATH/CodeIgniter.php(340): CodeIgniter\CodeIgniter->handleRequest()
12 FCPATH/index.php(67): CodeIgniter\CodeIgniter->run()
CRITICAL - 2022-09-28 10:18:02 --> fopen(): SSL operation failed with code 1. OpenSSL Error messages:
error:1416F086:SSL routines:tls_process_server_certificate:certificate verify failed
in APPPATH/Libraries/Fpdf/Fpdf.php on line 1257.
 1 [internal function]: CodeIgniter\Debug\Exceptions->errorHandler()
 2 APPPATH/Libraries/Fpdf/Fpdf.php(1257): fopen()
 3 APPPATH/Libraries/Fpdf/Fpdf.php(885): App\Libraries\Fpdf\Fpdf->_parsepng()
 4 APPPATH/Views/Whcrossing/Whcrossing_irrprint.php(156): App\Libraries\Fpdf\Fpdf->Image()
 5 SYSTEMPATH/View/View.php(213): include('APPPATH/Views/Whcrossing/Whcrossing_irrprint.php')
 6 SYSTEMPATH/View/View.php(216): CodeIgniter\View\View->CodeIgniter\View\{closure}()
 7 SYSTEMPATH/Common.php(1142): CodeIgniter\View\View->render()
 8 APPPATH/Controllers/WhCrossing.php(89): view()
 9 SYSTEMPATH/CodeIgniter.php(907): App\Controllers\WhCrossing->mycrossing_irrprint()
10 SYSTEMPATH/CodeIgniter.php(457): CodeIgniter\CodeIgniter->runController()
11 SYSTEMPATH/CodeIgniter.php(340): CodeIgniter\CodeIgniter->handleRequest()
12 FCPATH/index.php(67): CodeIgniter\CodeIgniter->run()
ERROR - 2022-09-28 10:18:20 --> mysqli_sql_exception: Unknown column 'aa.is_crossdocking' in 'where clause' in /var/mdevz/mynlinksc/system/Database/MySQLi/Connection.php:292
Stack trace:
#0 /var/mdevz/mynlinksc/system/Database/MySQLi/Connection.php(292): mysqli->query()
#1 /var/mdevz/mynlinksc/system/Database/BaseConnection.php(693): CodeIgniter\Database\MySQLi\Connection->execute()
#2 /var/mdevz/mynlinksc/system/Database/BaseConnection.php(620): CodeIgniter\Database\BaseConnection->simpleQuery()
#3 /var/mdevz/mynlinksc/app/Models/MyLibzDBModel.php(19): CodeIgniter\Database\BaseConnection->query()
#4 /var/mdevz/mynlinksc/app/Controllers/Mysearchdata.php(135): App\Models\MyLibzDBModel->myoa_sql_exec()
#5 /var/mdevz/mynlinksc/system/CodeIgniter.php(907): App\Controllers\Mysearchdata->get_user_cdwrhse_access_dropdown()
#6 /var/mdevz/mynlinksc/system/CodeIgniter.php(457): CodeIgniter\CodeIgniter->runController()
#7 /var/mdevz/mynlinksc/system/CodeIgniter.php(340): CodeIgniter\CodeIgniter->handleRequest()
#8 /var/mdevz/mynlinksc/public/index.php(67): CodeIgniter\CodeIgniter->run()
#9 {main}
ERROR - 2022-09-28 10:18:24 --> mysqli_sql_exception: Unknown column 'aa.is_crossdocking' in 'where clause' in /var/mdevz/mynlinksc/system/Database/MySQLi/Connection.php:292
Stack trace:
#0 /var/mdevz/mynlinksc/system/Database/MySQLi/Connection.php(292): mysqli->query()
#1 /var/mdevz/mynlinksc/system/Database/BaseConnection.php(693): CodeIgniter\Database\MySQLi\Connection->execute()
#2 /var/mdevz/mynlinksc/system/Database/BaseConnection.php(620): CodeIgniter\Database\BaseConnection->simpleQuery()
#3 /var/mdevz/mynlinksc/app/Models/MyLibzDBModel.php(19): CodeIgniter\Database\BaseConnection->query()
#4 /var/mdevz/mynlinksc/app/Controllers/Mysearchdata.php(135): App\Models\MyLibzDBModel->myoa_sql_exec()
#5 /var/mdevz/mynlinksc/system/CodeIgniter.php(907): App\Controllers\Mysearchdata->get_user_cdwrhse_access_dropdown()
#6 /var/mdevz/mynlinksc/system/CodeIgniter.php(457): CodeIgniter\CodeIgniter->runController()
#7 /var/mdevz/mynlinksc/system/CodeIgniter.php(340): CodeIgniter\CodeIgniter->handleRequest()
#8 /var/mdevz/mynlinksc/public/index.php(67): CodeIgniter\CodeIgniter->run()
#9 {main}
ERROR - 2022-09-28 10:18:24 --> mysqli_sql_exception: Unknown column 'aa.is_crossdocking' in 'where clause' in /var/mdevz/mynlinksc/system/Database/MySQLi/Connection.php:292
Stack trace:
#0 /var/mdevz/mynlinksc/system/Database/MySQLi/Connection.php(292): mysqli->query()
#1 /var/mdevz/mynlinksc/system/Database/BaseConnection.php(693): CodeIgniter\Database\MySQLi\Connection->execute()
#2 /var/mdevz/mynlinksc/system/Database/BaseConnection.php(620): CodeIgniter\Database\BaseConnection->simpleQuery()
#3 /var/mdevz/mynlinksc/app/Models/MyLibzDBModel.php(19): CodeIgniter\Database\BaseConnection->query()
#4 /var/mdevz/mynlinksc/app/Controllers/Mysearchdata.php(135): App\Models\MyLibzDBModel->myoa_sql_exec()
#5 /var/mdevz/mynlinksc/system/CodeIgniter.php(907): App\Controllers\Mysearchdata->get_user_cdwrhse_access_dropdown()
#6 /var/mdevz/mynlinksc/system/CodeIgniter.php(457): CodeIgniter\CodeIgniter->runController()
#7 /var/mdevz/mynlinksc/system/CodeIgniter.php(340): CodeIgniter\CodeIgniter->handleRequest()
#8 /var/mdevz/mynlinksc/public/index.php(67): CodeIgniter\CodeIgniter->run()
#9 {main}
ERROR - 2022-09-28 10:18:35 --> mysqli_sql_exception: Unknown column 'aa.is_crossdocking' in 'where clause' in /var/mdevz/mynlinksc/system/Database/MySQLi/Connection.php:292
Stack trace:
#0 /var/mdevz/mynlinksc/system/Database/MySQLi/Connection.php(292): mysqli->query()
#1 /var/mdevz/mynlinksc/system/Database/BaseConnection.php(693): CodeIgniter\Database\MySQLi\Connection->execute()
#2 /var/mdevz/mynlinksc/system/Database/BaseConnection.php(620): CodeIgniter\Database\BaseConnection->simpleQuery()
#3 /var/mdevz/mynlinksc/app/Models/MyLibzDBModel.php(19): CodeIgniter\Database\BaseConnection->query()
#4 /var/mdevz/mynlinksc/app/Controllers/Mysearchdata.php(135): App\Models\MyLibzDBModel->myoa_sql_exec()
#5 /var/mdevz/mynlinksc/system/CodeIgniter.php(907): App\Controllers\Mysearchdata->get_user_cdwrhse_access_dropdown()
#6 /var/mdevz/mynlinksc/system/CodeIgniter.php(457): CodeIgniter\CodeIgniter->runController()
#7 /var/mdevz/mynlinksc/system/CodeIgniter.php(340): CodeIgniter\CodeIgniter->handleRequest()
#8 /var/mdevz/mynlinksc/public/index.php(67): CodeIgniter\CodeIgniter->run()
#9 {main}
ERROR - 2022-09-28 10:18:37 --> mysqli_sql_exception: Unknown column 'aa.is_crossdocking' in 'where clause' in /var/mdevz/mynlinksc/system/Database/MySQLi/Connection.php:292
Stack trace:
#0 /var/mdevz/mynlinksc/system/Database/MySQLi/Connection.php(292): mysqli->query()
#1 /var/mdevz/mynlinksc/system/Database/BaseConnection.php(693): CodeIgniter\Database\MySQLi\Connection->execute()
#2 /var/mdevz/mynlinksc/system/Database/BaseConnection.php(620): CodeIgniter\Database\BaseConnection->simpleQuery()
#3 /var/mdevz/mynlinksc/app/Models/MyLibzDBModel.php(19): CodeIgniter\Database\BaseConnection->query()
#4 /var/mdevz/mynlinksc/app/Controllers/Mysearchdata.php(135): App\Models\MyLibzDBModel->myoa_sql_exec()
#5 /var/mdevz/mynlinksc/system/CodeIgniter.php(907): App\Controllers\Mysearchdata->get_user_cdwrhse_access_dropdown()
#6 /var/mdevz/mynlinksc/system/CodeIgniter.php(457): CodeIgniter\CodeIgniter->runController()
#7 /var/mdevz/mynlinksc/system/CodeIgniter.php(340): CodeIgniter\CodeIgniter->handleRequest()
#8 /var/mdevz/mynlinksc/public/index.php(67): CodeIgniter\CodeIgniter->run()
#9 {main}
ERROR - 2022-09-28 10:18:43 --> mysqli_sql_exception: Unknown column 'aa.is_crossdocking' in 'where clause' in /var/mdevz/mynlinksc/system/Database/MySQLi/Connection.php:292
Stack trace:
#0 /var/mdevz/mynlinksc/system/Database/MySQLi/Connection.php(292): mysqli->query()
#1 /var/mdevz/mynlinksc/system/Database/BaseConnection.php(693): CodeIgniter\Database\MySQLi\Connection->execute()
#2 /var/mdevz/mynlinksc/system/Database/BaseConnection.php(620): CodeIgniter\Database\BaseConnection->simpleQuery()
#3 /var/mdevz/mynlinksc/app/Models/MyLibzDBModel.php(19): CodeIgniter\Database\BaseConnection->query()
#4 /var/mdevz/mynlinksc/app/Controllers/Mysearchdata.php(135): App\Models\MyLibzDBModel->myoa_sql_exec()
#5 /var/mdevz/mynlinksc/system/CodeIgniter.php(907): App\Controllers\Mysearchdata->get_user_cdwrhse_access_dropdown()
#6 /var/mdevz/mynlinksc/system/CodeIgniter.php(457): CodeIgniter\CodeIgniter->runController()
#7 /var/mdevz/mynlinksc/system/CodeIgniter.php(340): CodeIgniter\CodeIgniter->handleRequest()
#8 /var/mdevz/mynlinksc/public/index.php(67): CodeIgniter\CodeIgniter->run()
#9 {main}
ERROR - 2022-09-28 10:19:14 --> mysqli_sql_exception: Unknown column 'aa.is_crossdocking' in 'where clause' in /var/mdevz/mynlinksc/system/Database/MySQLi/Connection.php:292
Stack trace:
#0 /var/mdevz/mynlinksc/system/Database/MySQLi/Connection.php(292): mysqli->query()
#1 /var/mdevz/mynlinksc/system/Database/BaseConnection.php(693): CodeIgniter\Database\MySQLi\Connection->execute()
#2 /var/mdevz/mynlinksc/system/Database/BaseConnection.php(620): CodeIgniter\Database\BaseConnection->simpleQuery()
#3 /var/mdevz/mynlinksc/app/Models/MyLibzDBModel.php(19): CodeIgniter\Database\BaseConnection->query()
#4 /var/mdevz/mynlinksc/app/Models/Mymelibsys_model.php(585): App\Models\MyLibzDBModel->myoa_sql_exec()
#5 /var/mdevz/mynlinksc/app/Views/warehouse_inv/warehouse_inv_main.php(28): App\Models\mymelibsys_model->getCDActivePlantWarehouse()
#6 /var/mdevz/mynlinksc/system/View/View.php(213): include('/var/mdevz/mynl...')
#7 /var/mdevz/mynlinksc/system/View/View.php(216): CodeIgniter\View\View->CodeIgniter\View\{closure}()
#8 /var/mdevz/mynlinksc/system/Common.php(1142): CodeIgniter\View\View->render()
#9 /var/mdevz/mynlinksc/app/Controllers/Warehouse_inv.php(35): view()
#10 /var/mdevz/mynlinksc/system/CodeIgniter.php(907): App\Controllers\Warehouse_inv->index()
#11 /var/mdevz/mynlinksc/system/CodeIgniter.php(457): CodeIgniter\CodeIgniter->runController()
#12 /var/mdevz/mynlinksc/system/CodeIgniter.php(340): CodeIgniter\CodeIgniter->handleRequest()
#13 /var/mdevz/mynlinksc/public/index.php(67): CodeIgniter\CodeIgniter->run()
#14 {main}
ERROR - 2022-09-28 10:19:30 --> mysqli_sql_exception: Unknown column 'aa.is_crossdocking' in 'where clause' in /var/mdevz/mynlinksc/system/Database/MySQLi/Connection.php:292
Stack trace:
#0 /var/mdevz/mynlinksc/system/Database/MySQLi/Connection.php(292): mysqli->query()
#1 /var/mdevz/mynlinksc/system/Database/BaseConnection.php(693): CodeIgniter\Database\MySQLi\Connection->execute()
#2 /var/mdevz/mynlinksc/system/Database/BaseConnection.php(620): CodeIgniter\Database\BaseConnection->simpleQuery()
#3 /var/mdevz/mynlinksc/app/Models/MyLibzDBModel.php(19): CodeIgniter\Database\BaseConnection->query()
#4 /var/mdevz/mynlinksc/app/Controllers/Mysearchdata.php(135): App\Models\MyLibzDBModel->myoa_sql_exec()
#5 /var/mdevz/mynlinksc/system/CodeIgniter.php(907): App\Controllers\Mysearchdata->get_user_cdwrhse_access_dropdown()
#6 /var/mdevz/mynlinksc/system/CodeIgniter.php(457): CodeIgniter\CodeIgniter->runController()
#7 /var/mdevz/mynlinksc/system/CodeIgniter.php(340): CodeIgniter\CodeIgniter->handleRequest()
#8 /var/mdevz/mynlinksc/public/index.php(67): CodeIgniter\CodeIgniter->run()
#9 {main}
ERROR - 2022-09-28 10:19:31 --> mysqli_sql_exception: Unknown column 'aa.is_crossdocking' in 'where clause' in /var/mdevz/mynlinksc/system/Database/MySQLi/Connection.php:292
Stack trace:
#0 /var/mdevz/mynlinksc/system/Database/MySQLi/Connection.php(292): mysqli->query()
#1 /var/mdevz/mynlinksc/system/Database/BaseConnection.php(693): CodeIgniter\Database\MySQLi\Connection->execute()
#2 /var/mdevz/mynlinksc/system/Database/BaseConnection.php(620): CodeIgniter\Database\BaseConnection->simpleQuery()
#3 /var/mdevz/mynlinksc/app/Models/MyLibzDBModel.php(19): CodeIgniter\Database\BaseConnection->query()
#4 /var/mdevz/mynlinksc/app/Controllers/Mysearchdata.php(135): App\Models\MyLibzDBModel->myoa_sql_exec()
#5 /var/mdevz/mynlinksc/system/CodeIgniter.php(907): App\Controllers\Mysearchdata->get_user_cdwrhse_access_dropdown()
#6 /var/mdevz/mynlinksc/system/CodeIgniter.php(457): CodeIgniter\CodeIgniter->runController()
#7 /var/mdevz/mynlinksc/system/CodeIgniter.php(340): CodeIgniter\CodeIgniter->handleRequest()
#8 /var/mdevz/mynlinksc/public/index.php(67): CodeIgniter\CodeIgniter->run()
#9 {main}
ERROR - 2022-09-28 10:19:35 --> mysqli_sql_exception: Unknown column 'aa.is_crossdocking' in 'where clause' in /var/mdevz/mynlinksc/system/Database/MySQLi/Connection.php:292
Stack trace:
#0 /var/mdevz/mynlinksc/system/Database/MySQLi/Connection.php(292): mysqli->query()
#1 /var/mdevz/mynlinksc/system/Database/BaseConnection.php(693): CodeIgniter\Database\MySQLi\Connection->execute()
#2 /var/mdevz/mynlinksc/system/Database/BaseConnection.php(620): CodeIgniter\Database\BaseConnection->simpleQuery()
#3 /var/mdevz/mynlinksc/app/Models/MyLibzDBModel.php(19): CodeIgniter\Database\BaseConnection->query()
#4 /var/mdevz/mynlinksc/app/Controllers/Mysearchdata.php(135): App\Models\MyLibzDBModel->myoa_sql_exec()
#5 /var/mdevz/mynlinksc/system/CodeIgniter.php(907): App\Controllers\Mysearchdata->get_user_cdwrhse_access_dropdown()
#6 /var/mdevz/mynlinksc/system/CodeIgniter.php(457): CodeIgniter\CodeIgniter->runController()
#7 /var/mdevz/mynlinksc/system/CodeIgniter.php(340): CodeIgniter\CodeIgniter->handleRequest()
#8 /var/mdevz/mynlinksc/public/index.php(67): CodeIgniter\CodeIgniter->run()
#9 {main}
ERROR - 2022-09-28 10:19:38 --> mysqli_sql_exception: Unknown column 'aa.is_crossdocking' in 'where clause' in /var/mdevz/mynlinksc/system/Database/MySQLi/Connection.php:292
Stack trace:
#0 /var/mdevz/mynlinksc/system/Database/MySQLi/Connection.php(292): mysqli->query()
#1 /var/mdevz/mynlinksc/system/Database/BaseConnection.php(693): CodeIgniter\Database\MySQLi\Connection->execute()
#2 /var/mdevz/mynlinksc/system/Database/BaseConnection.php(620): CodeIgniter\Database\BaseConnection->simpleQuery()
#3 /var/mdevz/mynlinksc/app/Models/MyLibzDBModel.php(19): CodeIgniter\Database\BaseConnection->query()
#4 /var/mdevz/mynlinksc/app/Controllers/Mysearchdata.php(135): App\Models\MyLibzDBModel->myoa_sql_exec()
#5 /var/mdevz/mynlinksc/system/CodeIgniter.php(907): App\Controllers\Mysearchdata->get_user_cdwrhse_access_dropdown()
#6 /var/mdevz/mynlinksc/system/CodeIgniter.php(457): CodeIgniter\CodeIgniter->runController()
#7 /var/mdevz/mynlinksc/system/CodeIgniter.php(340): CodeIgniter\CodeIgniter->handleRequest()
#8 /var/mdevz/mynlinksc/public/index.php(67): CodeIgniter\CodeIgniter->run()
#9 {main}
CRITICAL - 2022-09-28 10:25:28 --> fopen(): SSL operation failed with code 1. OpenSSL Error messages:
error:1416F086:SSL routines:tls_process_server_certificate:certificate verify failed
in APPPATH/Libraries/Fpdf/Fpdf.php on line 1257.
 1 [internal function]: CodeIgniter\Debug\Exceptions->errorHandler()
 2 APPPATH/Libraries/Fpdf/Fpdf.php(1257): fopen()
 3 APPPATH/Libraries/Fpdf/Fpdf.php(885): App\Libraries\Fpdf\Fpdf->_parsepng()
 4 APPPATH/Views/Whcrossing/Whcrossing_irrprint.php(156): App\Libraries\Fpdf\Fpdf->Image()
 5 SYSTEMPATH/View/View.php(213): include('APPPATH/Views/Whcrossing/Whcrossing_irrprint.php')
 6 SYSTEMPATH/View/View.php(216): CodeIgniter\View\View->CodeIgniter\View\{closure}()
 7 SYSTEMPATH/Common.php(1142): CodeIgniter\View\View->render()
 8 APPPATH/Controllers/WhCrossing.php(89): view()
 9 SYSTEMPATH/CodeIgniter.php(907): App\Controllers\WhCrossing->mycrossing_irrprint()
10 SYSTEMPATH/CodeIgniter.php(457): CodeIgniter\CodeIgniter->runController()
11 SYSTEMPATH/CodeIgniter.php(340): CodeIgniter\CodeIgniter->handleRequest()
12 FCPATH/index.php(67): CodeIgniter\CodeIgniter->run()
CRITICAL - 2022-09-28 10:25:32 --> fopen(): SSL operation failed with code 1. OpenSSL Error messages:
error:1416F086:SSL routines:tls_process_server_certificate:certificate verify failed
in APPPATH/Libraries/Fpdf/Fpdf.php on line 1257.
 1 [internal function]: CodeIgniter\Debug\Exceptions->errorHandler()
 2 APPPATH/Libraries/Fpdf/Fpdf.php(1257): fopen()
 3 APPPATH/Libraries/Fpdf/Fpdf.php(885): App\Libraries\Fpdf\Fpdf->_parsepng()
 4 APPPATH/Views/Whcrossing/Whcrossing_print.php(165): App\Libraries\Fpdf\Fpdf->Image()
 5 SYSTEMPATH/View/View.php(213): include('APPPATH/Views/Whcrossing/Whcrossing_print.php')
 6 SYSTEMPATH/View/View.php(216): CodeIgniter\View\View->CodeIgniter\View\{closure}()
 7 SYSTEMPATH/Common.php(1142): CodeIgniter\View\View->render()
 8 APPPATH/Controllers/WhCrossing.php(76): view()
 9 SYSTEMPATH/CodeIgniter.php(907): App\Controllers\WhCrossing->mycrossing_print()
10 SYSTEMPATH/CodeIgniter.php(457): CodeIgniter\CodeIgniter->runController()
11 SYSTEMPATH/CodeIgniter.php(340): CodeIgniter\CodeIgniter->handleRequest()
12 FCPATH/index.php(67): CodeIgniter\CodeIgniter->run()
CRITICAL - 2022-09-28 12:18:36 --> fopen(): SSL operation failed with code 1. OpenSSL Error messages:
error:1416F086:SSL routines:tls_process_server_certificate:certificate verify failed
in APPPATH/Libraries/Fpdf/Fpdf.php on line 1257.
 1 [internal function]: CodeIgniter\Debug\Exceptions->errorHandler()
 2 APPPATH/Libraries/Fpdf/Fpdf.php(1257): fopen()
 3 APPPATH/Libraries/Fpdf/Fpdf.php(885): App\Libraries\Fpdf\Fpdf->_parsepng()
 4 APPPATH/Views/Whcrossing/Whcrossing_irrprint.php(156): App\Libraries\Fpdf\Fpdf->Image()
 5 SYSTEMPATH/View/View.php(213): include('APPPATH/Views/Whcrossing/Whcrossing_irrprint.php')
 6 SYSTEMPATH/View/View.php(216): CodeIgniter\View\View->CodeIgniter\View\{closure}()
 7 SYSTEMPATH/Common.php(1142): CodeIgniter\View\View->render()
 8 APPPATH/Controllers/WhCrossing.php(89): view()
 9 SYSTEMPATH/CodeIgniter.php(907): App\Controllers\WhCrossing->mycrossing_irrprint()
10 SYSTEMPATH/CodeIgniter.php(457): CodeIgniter\CodeIgniter->runController()
11 SYSTEMPATH/CodeIgniter.php(340): CodeIgniter\CodeIgniter->handleRequest()
12 FCPATH/index.php(67): CodeIgniter\CodeIgniter->run()
CRITICAL - 2022-09-28 14:50:14 --> fopen(https://novorewards.ph/mynlinksc//assets/img/SMC-LOGO.png): failed to open stream: Connection timed out
in APPPATH/Libraries/Fpdf/Fpdf.php on line 1257.
 1 [internal function]: CodeIgniter\Debug\Exceptions->errorHandler()
 2 APPPATH/Libraries/Fpdf/Fpdf.php(1257): fopen()
 3 APPPATH/Libraries/Fpdf/Fpdf.php(885): App\Libraries\Fpdf\Fpdf->_parsepng()
 4 APPPATH/Views/Whcrossing/Whcrossing_irrprint.php(156): App\Libraries\Fpdf\Fpdf->Image()
 5 SYSTEMPATH/View/View.php(213): include('APPPATH/Views/Whcrossing/Whcrossing_irrprint.php')
 6 SYSTEMPATH/View/View.php(216): CodeIgniter\View\View->CodeIgniter\View\{closure}()
 7 SYSTEMPATH/Common.php(1142): CodeIgniter\View\View->render()
 8 APPPATH/Controllers/WhCrossing.php(89): view()
 9 SYSTEMPATH/CodeIgniter.php(907): App\Controllers\WhCrossing->mycrossing_irrprint()
10 SYSTEMPATH/CodeIgniter.php(457): CodeIgniter\CodeIgniter->runController()
11 SYSTEMPATH/CodeIgniter.php(340): CodeIgniter\CodeIgniter->handleRequest()
12 FCPATH/index.php(67): CodeIgniter\CodeIgniter->run()
CRITICAL - 2022-09-28 15:31:58 --> fopen(): SSL operation failed with code 1. OpenSSL Error messages:
error:1416F086:SSL routines:tls_process_server_certificate:certificate verify failed
in APPPATH/Libraries/Fpdf/Fpdf.php on line 1257.
 1 [internal function]: CodeIgniter\Debug\Exceptions->errorHandler()
 2 APPPATH/Libraries/Fpdf/Fpdf.php(1257): fopen()
 3 APPPATH/Libraries/Fpdf/Fpdf.php(885): App\Libraries\Fpdf\Fpdf->_parsepng()
 4 APPPATH/Views/Whcrossing/Whcrossing_irrprint.php(156): App\Libraries\Fpdf\Fpdf->Image()
 5 SYSTEMPATH/View/View.php(213): include('APPPATH/Views/Whcrossing/Whcrossing_irrprint.php')
 6 SYSTEMPATH/View/View.php(216): CodeIgniter\View\View->CodeIgniter\View\{closure}()
 7 SYSTEMPATH/Common.php(1142): CodeIgniter\View\View->render()
 8 APPPATH/Controllers/WhCrossing.php(89): view()
 9 SYSTEMPATH/CodeIgniter.php(907): App\Controllers\WhCrossing->mycrossing_irrprint()
10 SYSTEMPATH/CodeIgniter.php(457): CodeIgniter\CodeIgniter->runController()
11 SYSTEMPATH/CodeIgniter.php(340): CodeIgniter\CodeIgniter->handleRequest()
12 FCPATH/index.php(67): CodeIgniter\CodeIgniter->run()
CRITICAL - 2022-09-28 16:31:31 --> fopen(): SSL operation failed with code 1. OpenSSL Error messages:
error:1416F086:SSL routines:tls_process_server_certificate:certificate verify failed
in APPPATH/Libraries/Fpdf/Fpdf.php on line 1257.
 1 [internal function]: CodeIgniter\Debug\Exceptions->errorHandler()
 2 APPPATH/Libraries/Fpdf/Fpdf.php(1257): fopen()
 3 APPPATH/Libraries/Fpdf/Fpdf.php(885): App\Libraries\Fpdf\Fpdf->_parsepng()
 4 APPPATH/Views/Whcrossing/Whcrossing_irrprint.php(156): App\Libraries\Fpdf\Fpdf->Image()
 5 SYSTEMPATH/View/View.php(213): include('APPPATH/Views/Whcrossing/Whcrossing_irrprint.php')
 6 SYSTEMPATH/View/View.php(216): CodeIgniter\View\View->CodeIgniter\View\{closure}()
 7 SYSTEMPATH/Common.php(1142): CodeIgniter\View\View->render()
 8 APPPATH/Controllers/WhCrossing.php(89): view()
 9 SYSTEMPATH/CodeIgniter.php(907): App\Controllers\WhCrossing->mycrossing_irrprint()
10 SYSTEMPATH/CodeIgniter.php(457): CodeIgniter\CodeIgniter->runController()
11 SYSTEMPATH/CodeIgniter.php(340): CodeIgniter\CodeIgniter->handleRequest()
12 FCPATH/index.php(67): CodeIgniter\CodeIgniter->run()
