CRITICAL - 2022-09-17 08:23:08 --> Undefined property: CodeIgniter\View\View::$input
#0 /mdevs/mynlinksc/app/Views/warehouse_rcvng/warehouse_rcvng_itm_recs.php(13): CodeIgniter\Debug\Exceptions->errorHandler()
#1 /mdevs/mynlinksc/system/View/View.php(210): include('/mdevs/mynlinks...')
#2 /mdevs/mynlinksc/system/View/View.php(213): CodeIgniter\View\View->CodeIgniter\View\{closure}()
#3 /mdevs/mynlinksc/system/Common.php(1089): CodeIgniter\View\View->render()
#4 /mdevs/mynlinksc/app/Controllers/Warehouse_rcvng.php(82): view()
#5 /mdevs/mynlinksc/system/CodeIgniter.php(832): App\Controllers\Warehouse_rcvng->whcdrcvng_ent_itm_recs()
#6 /mdevs/mynlinksc/system/CodeIgniter.php(419): CodeIgniter\CodeIgniter->runController()
#7 /mdevs/mynlinksc/system/CodeIgniter.php(326): CodeIgniter\CodeIgniter->handleRequest()
#8 /mdevs/mynlinksc/public/index.php(37): CodeIgniter\CodeIgniter->run()
#9 {main}
CRITICAL - 2022-09-17 08:25:51 --> Undefined property: CodeIgniter\View\View::$input
#0 /mdevs/mynlinksc/app/Views/warehouse_rcvng/warehouse_rcvng_itm_recs.php(13): CodeIgniter\Debug\Exceptions->errorHandler()
#1 /mdevs/mynlinksc/system/View/View.php(210): include('/mdevs/mynlinks...')
#2 /mdevs/mynlinksc/system/View/View.php(213): CodeIgniter\View\View->CodeIgniter\View\{closure}()
#3 /mdevs/mynlinksc/system/Common.php(1089): CodeIgniter\View\View->render()
#4 /mdevs/mynlinksc/app/Controllers/Warehouse_rcvng.php(82): view()
#5 /mdevs/mynlinksc/system/CodeIgniter.php(832): App\Controllers\Warehouse_rcvng->whcdrcvng_ent_itm_recs()
#6 /mdevs/mynlinksc/system/CodeIgniter.php(419): CodeIgniter\CodeIgniter->runController()
#7 /mdevs/mynlinksc/system/CodeIgniter.php(326): CodeIgniter\CodeIgniter->handleRequest()
#8 /mdevs/mynlinksc/public/index.php(37): CodeIgniter\CodeIgniter->run()
#9 {main}
CRITICAL - 2022-09-17 08:26:35 --> Undefined property: CodeIgniter\View\View::$mylibz
#0 /mdevs/mynlinksc/app/Views/warehouse_rcvng/warehouse_rcvng_itm_recs.php(16): CodeIgniter\Debug\Exceptions->errorHandler()
#1 /mdevs/mynlinksc/system/View/View.php(210): include('/mdevs/mynlinks...')
#2 /mdevs/mynlinksc/system/View/View.php(213): CodeIgniter\View\View->CodeIgniter\View\{closure}()
#3 /mdevs/mynlinksc/system/Common.php(1089): CodeIgniter\View\View->render()
#4 /mdevs/mynlinksc/app/Controllers/Warehouse_rcvng.php(82): view()
#5 /mdevs/mynlinksc/system/CodeIgniter.php(832): App\Controllers\Warehouse_rcvng->whcdrcvng_ent_itm_recs()
#6 /mdevs/mynlinksc/system/CodeIgniter.php(419): CodeIgniter\CodeIgniter->runController()
#7 /mdevs/mynlinksc/system/CodeIgniter.php(326): CodeIgniter\CodeIgniter->handleRequest()
#8 /mdevs/mynlinksc/public/index.php(37): CodeIgniter\CodeIgniter->run()
#9 {main}
CRITICAL - 2022-09-17 08:27:05 --> Undefined property: CodeIgniter\View\View::$mylibzdb
#0 /mdevs/mynlinksc/app/Views/warehouse_rcvng/warehouse_rcvng_itm_recs.php(16): CodeIgniter\Debug\Exceptions->errorHandler()
#1 /mdevs/mynlinksc/system/View/View.php(210): include('/mdevs/mynlinks...')
#2 /mdevs/mynlinksc/system/View/View.php(213): CodeIgniter\View\View->CodeIgniter\View\{closure}()
#3 /mdevs/mynlinksc/system/Common.php(1089): CodeIgniter\View\View->render()
#4 /mdevs/mynlinksc/app/Controllers/Warehouse_rcvng.php(82): view()
#5 /mdevs/mynlinksc/system/CodeIgniter.php(832): App\Controllers\Warehouse_rcvng->whcdrcvng_ent_itm_recs()
#6 /mdevs/mynlinksc/system/CodeIgniter.php(419): CodeIgniter\CodeIgniter->runController()
#7 /mdevs/mynlinksc/system/CodeIgniter.php(326): CodeIgniter\CodeIgniter->handleRequest()
#8 /mdevs/mynlinksc/public/index.php(37): CodeIgniter\CodeIgniter->run()
#9 {main}
CRITICAL - 2022-09-17 08:31:27 --> Undefined property: CodeIgniter\View\View::$mylibzsys
#0 /mdevs/mynlinksc/app/Views/warehouse_rcvng/warehouse_rcvng_itm_recs.php(16): CodeIgniter\Debug\Exceptions->errorHandler()
#1 /mdevs/mynlinksc/system/View/View.php(210): include('/mdevs/mynlinks...')
#2 /mdevs/mynlinksc/system/View/View.php(213): CodeIgniter\View\View->CodeIgniter\View\{closure}()
#3 /mdevs/mynlinksc/system/Common.php(1089): CodeIgniter\View\View->render()
#4 /mdevs/mynlinksc/app/Controllers/Warehouse_rcvng.php(82): view()
#5 /mdevs/mynlinksc/system/CodeIgniter.php(832): App\Controllers\Warehouse_rcvng->whcdrcvng_ent_itm_recs()
#6 /mdevs/mynlinksc/system/CodeIgniter.php(419): CodeIgniter\CodeIgniter->runController()
#7 /mdevs/mynlinksc/system/CodeIgniter.php(326): CodeIgniter\CodeIgniter->handleRequest()
#8 /mdevs/mynlinksc/public/index.php(37): CodeIgniter\CodeIgniter->run()
#9 {main}
CRITICAL - 2022-09-17 08:31:45 --> Undefined property: CodeIgniter\View\View::$mylibz
#0 /mdevs/mynlinksc/app/Views/warehouse_rcvng/warehouse_rcvng_itm_recs.php(50): CodeIgniter\Debug\Exceptions->errorHandler()
#1 /mdevs/mynlinksc/system/View/View.php(210): include('/mdevs/mynlinks...')
#2 /mdevs/mynlinksc/system/View/View.php(213): CodeIgniter\View\View->CodeIgniter\View\{closure}()
#3 /mdevs/mynlinksc/system/Common.php(1089): CodeIgniter\View\View->render()
#4 /mdevs/mynlinksc/app/Controllers/Warehouse_rcvng.php(82): view()
#5 /mdevs/mynlinksc/system/CodeIgniter.php(832): App\Controllers\Warehouse_rcvng->whcdrcvng_ent_itm_recs()
#6 /mdevs/mynlinksc/system/CodeIgniter.php(419): CodeIgniter\CodeIgniter->runController()
#7 /mdevs/mynlinksc/system/CodeIgniter.php(326): CodeIgniter\CodeIgniter->handleRequest()
#8 /mdevs/mynlinksc/public/index.php(37): CodeIgniter\CodeIgniter->run()
#9 {main}
CRITICAL - 2022-09-17 08:32:31 --> Undefined property: CodeIgniter\View\View::$mylibzdb
#0 /mdevs/mynlinksc/app/Views/warehouse_rcvng/warehouse_rcvng_itm_recs.php(50): CodeIgniter\Debug\Exceptions->errorHandler()
#1 /mdevs/mynlinksc/system/View/View.php(210): include('/mdevs/mynlinks...')
#2 /mdevs/mynlinksc/system/View/View.php(213): CodeIgniter\View\View->CodeIgniter\View\{closure}()
#3 /mdevs/mynlinksc/system/Common.php(1089): CodeIgniter\View\View->render()
#4 /mdevs/mynlinksc/app/Controllers/Warehouse_rcvng.php(82): view()
#5 /mdevs/mynlinksc/system/CodeIgniter.php(832): App\Controllers\Warehouse_rcvng->whcdrcvng_ent_itm_recs()
#6 /mdevs/mynlinksc/system/CodeIgniter.php(419): CodeIgniter\CodeIgniter->runController()
#7 /mdevs/mynlinksc/system/CodeIgniter.php(326): CodeIgniter\CodeIgniter->handleRequest()
#8 /mdevs/mynlinksc/public/index.php(37): CodeIgniter\CodeIgniter->run()
#9 {main}
CRITICAL - 2022-09-17 08:33:03 --> You must set the database table to be used with your query.
#0 /mdevs/mynlinksc/system/Model.php(545): CodeIgniter\Database\BaseConnection->table()
#1 /mdevs/mynlinksc/system/Model.php(722): CodeIgniter\Model->builder()
#2 /mdevs/mynlinksc/app/Views/warehouse_rcvng/warehouse_rcvng_itm_recs.php(50): CodeIgniter\Model->__call()
#3 /mdevs/mynlinksc/system/View/View.php(210): include('/mdevs/mynlinks...')
#4 /mdevs/mynlinksc/system/View/View.php(213): CodeIgniter\View\View->CodeIgniter\View\{closure}()
#5 /mdevs/mynlinksc/system/Common.php(1089): CodeIgniter\View\View->render()
#6 /mdevs/mynlinksc/app/Controllers/Warehouse_rcvng.php(82): view()
#7 /mdevs/mynlinksc/system/CodeIgniter.php(832): App\Controllers\Warehouse_rcvng->whcdrcvng_ent_itm_recs()
#8 /mdevs/mynlinksc/system/CodeIgniter.php(419): CodeIgniter\CodeIgniter->runController()
#9 /mdevs/mynlinksc/system/CodeIgniter.php(326): CodeIgniter\CodeIgniter->handleRequest()
#10 /mdevs/mynlinksc/public/index.php(37): CodeIgniter\CodeIgniter->run()
#11 {main}
CRITICAL - 2022-09-17 08:34:02 --> Undefined index: barcde
#0 /mdevs/mynlinksc/app/Views/warehouse_rcvng/warehouse_rcvng_itm_recs.php(80): CodeIgniter\Debug\Exceptions->errorHandler()
#1 /mdevs/mynlinksc/system/View/View.php(210): include('/mdevs/mynlinks...')
#2 /mdevs/mynlinksc/system/View/View.php(213): CodeIgniter\View\View->CodeIgniter\View\{closure}()
#3 /mdevs/mynlinksc/system/Common.php(1089): CodeIgniter\View\View->render()
#4 /mdevs/mynlinksc/app/Controllers/Warehouse_rcvng.php(82): view()
#5 /mdevs/mynlinksc/system/CodeIgniter.php(832): App\Controllers\Warehouse_rcvng->whcdrcvng_ent_itm_recs()
#6 /mdevs/mynlinksc/system/CodeIgniter.php(419): CodeIgniter\CodeIgniter->runController()
#7 /mdevs/mynlinksc/system/CodeIgniter.php(326): CodeIgniter\CodeIgniter->handleRequest()
#8 /mdevs/mynlinksc/public/index.php(37): CodeIgniter\CodeIgniter->run()
#9 {main}
CRITICAL - 2022-09-17 08:35:27 --> Undefined index: barcde
#0 /mdevs/mynlinksc/app/Views/warehouse_rcvng/warehouse_rcvng_itm_recs.php(80): CodeIgniter\Debug\Exceptions->errorHandler()
#1 /mdevs/mynlinksc/system/View/View.php(210): include('/mdevs/mynlinks...')
#2 /mdevs/mynlinksc/system/View/View.php(213): CodeIgniter\View\View->CodeIgniter\View\{closure}()
#3 /mdevs/mynlinksc/system/Common.php(1089): CodeIgniter\View\View->render()
#4 /mdevs/mynlinksc/app/Controllers/Warehouse_rcvng.php(82): view()
#5 /mdevs/mynlinksc/system/CodeIgniter.php(832): App\Controllers\Warehouse_rcvng->whcdrcvng_ent_itm_recs()
#6 /mdevs/mynlinksc/system/CodeIgniter.php(419): CodeIgniter\CodeIgniter->runController()
#7 /mdevs/mynlinksc/system/CodeIgniter.php(326): CodeIgniter\CodeIgniter->handleRequest()
#8 /mdevs/mynlinksc/public/index.php(37): CodeIgniter\CodeIgniter->run()
#9 {main}
CRITICAL - 2022-09-17 08:36:25 --> Undefined index: ART_CODE
#0 /mdevs/mynlinksc/app/Views/warehouse_rcvng/warehouse_rcvng_itm_recs.php(92): CodeIgniter\Debug\Exceptions->errorHandler()
#1 /mdevs/mynlinksc/system/View/View.php(210): include('/mdevs/mynlinks...')
#2 /mdevs/mynlinksc/system/View/View.php(213): CodeIgniter\View\View->CodeIgniter\View\{closure}()
#3 /mdevs/mynlinksc/system/Common.php(1089): CodeIgniter\View\View->render()
#4 /mdevs/mynlinksc/app/Controllers/Warehouse_rcvng.php(82): view()
#5 /mdevs/mynlinksc/system/CodeIgniter.php(832): App\Controllers\Warehouse_rcvng->whcdrcvng_ent_itm_recs()
#6 /mdevs/mynlinksc/system/CodeIgniter.php(419): CodeIgniter\CodeIgniter->runController()
#7 /mdevs/mynlinksc/system/CodeIgniter.php(326): CodeIgniter\CodeIgniter->handleRequest()
#8 /mdevs/mynlinksc/public/index.php(37): CodeIgniter\CodeIgniter->run()
#9 {main}
ERROR - 2022-09-17 08:37:55 --> Duplicate column name 'tamt_scanned'
CRITICAL - 2022-09-17 08:39:14 --> Undefined index: variance
#0 /mdevs/mynlinksc/app/Views/warehouse_rcvng/warehouse_rcvng_itm_recs.php(83): CodeIgniter\Debug\Exceptions->errorHandler()
#1 /mdevs/mynlinksc/system/View/View.php(210): include('/mdevs/mynlinks...')
#2 /mdevs/mynlinksc/system/View/View.php(213): CodeIgniter\View\View->CodeIgniter\View\{closure}()
#3 /mdevs/mynlinksc/system/Common.php(1089): CodeIgniter\View\View->render()
#4 /mdevs/mynlinksc/app/Controllers/Warehouse_rcvng.php(82): view()
#5 /mdevs/mynlinksc/system/CodeIgniter.php(832): App\Controllers\Warehouse_rcvng->whcdrcvng_ent_itm_recs()
#6 /mdevs/mynlinksc/system/CodeIgniter.php(419): CodeIgniter\CodeIgniter->runController()
#7 /mdevs/mynlinksc/system/CodeIgniter.php(326): CodeIgniter\CodeIgniter->handleRequest()
#8 /mdevs/mynlinksc/public/index.php(37): CodeIgniter\CodeIgniter->run()
#9 {main}
CRITICAL - 2022-09-17 08:39:33 --> Undefined index: total_pcs_scanned
#0 /mdevs/mynlinksc/app/Views/warehouse_rcvng/warehouse_rcvng_itm_recs.php(96): CodeIgniter\Debug\Exceptions->errorHandler()
#1 /mdevs/mynlinksc/system/View/View.php(210): include('/mdevs/mynlinks...')
#2 /mdevs/mynlinksc/system/View/View.php(213): CodeIgniter\View\View->CodeIgniter\View\{closure}()
#3 /mdevs/mynlinksc/system/Common.php(1089): CodeIgniter\View\View->render()
#4 /mdevs/mynlinksc/app/Controllers/Warehouse_rcvng.php(82): view()
#5 /mdevs/mynlinksc/system/CodeIgniter.php(832): App\Controllers\Warehouse_rcvng->whcdrcvng_ent_itm_recs()
#6 /mdevs/mynlinksc/system/CodeIgniter.php(419): CodeIgniter\CodeIgniter->runController()
#7 /mdevs/mynlinksc/system/CodeIgniter.php(326): CodeIgniter\CodeIgniter->handleRequest()
#8 /mdevs/mynlinksc/public/index.php(37): CodeIgniter\CodeIgniter->run()
#9 {main}
CRITICAL - 2022-09-17 08:57:42 --> Undefined variable: mtkn_rcv_bc
#0 /mdevs/mynlinksc/app/Views/warehouse_rcvng/warehouse_rcvng_itm_recs.php(72): CodeIgniter\Debug\Exceptions->errorHandler()
#1 /mdevs/mynlinksc/system/View/View.php(210): include('/mdevs/mynlinks...')
#2 /mdevs/mynlinksc/system/View/View.php(213): CodeIgniter\View\View->CodeIgniter\View\{closure}()
#3 /mdevs/mynlinksc/system/Common.php(1089): CodeIgniter\View\View->render()
#4 /mdevs/mynlinksc/app/Controllers/Warehouse_rcvng.php(82): view()
#5 /mdevs/mynlinksc/system/CodeIgniter.php(832): App\Controllers\Warehouse_rcvng->whcdrcvng_ent_itm_recs()
#6 /mdevs/mynlinksc/system/CodeIgniter.php(419): CodeIgniter\CodeIgniter->runController()
#7 /mdevs/mynlinksc/system/CodeIgniter.php(326): CodeIgniter\CodeIgniter->handleRequest()
#8 /mdevs/mynlinksc/public/index.php(37): CodeIgniter\CodeIgniter->run()
#9 {main}
CRITICAL - 2022-09-17 08:57:52 --> Undefined variable: mtkn_rcv_bc
#0 /mdevs/mynlinksc/app/Views/warehouse_rcvng/warehouse_rcvng_itm_recs.php(72): CodeIgniter\Debug\Exceptions->errorHandler()
#1 /mdevs/mynlinksc/system/View/View.php(210): include('/mdevs/mynlinks...')
#2 /mdevs/mynlinksc/system/View/View.php(213): CodeIgniter\View\View->CodeIgniter\View\{closure}()
#3 /mdevs/mynlinksc/system/Common.php(1089): CodeIgniter\View\View->render()
#4 /mdevs/mynlinksc/app/Controllers/Warehouse_rcvng.php(82): view()
#5 /mdevs/mynlinksc/system/CodeIgniter.php(832): App\Controllers\Warehouse_rcvng->whcdrcvng_ent_itm_recs()
#6 /mdevs/mynlinksc/system/CodeIgniter.php(419): CodeIgniter\CodeIgniter->runController()
#7 /mdevs/mynlinksc/system/CodeIgniter.php(326): CodeIgniter\CodeIgniter->handleRequest()
#8 /mdevs/mynlinksc/public/index.php(37): CodeIgniter\CodeIgniter->run()
#9 {main}
CRITICAL - 2022-09-17 09:11:07 --> Undefined variable: nstart
#0 /mdevs/mynlinksc/app/Models/MyWarehousercvModel.php(144): CodeIgniter\Debug\Exceptions->errorHandler()
#1 /mdevs/mynlinksc/app/Controllers/Warehouse_rcvng.php(81): App\Models\MyWarehousercvModel->view_ent_itm_recs()
#2 /mdevs/mynlinksc/system/CodeIgniter.php(832): App\Controllers\Warehouse_rcvng->whcdrcvng_ent_itm_recs()
#3 /mdevs/mynlinksc/system/CodeIgniter.php(419): CodeIgniter\CodeIgniter->runController()
#4 /mdevs/mynlinksc/system/CodeIgniter.php(326): CodeIgniter\CodeIgniter->handleRequest()
#5 /mdevs/mynlinksc/public/index.php(37): CodeIgniter\CodeIgniter->run()
#6 {main}
CRITICAL - 2022-09-17 09:11:12 --> Undefined variable: nstart
#0 /mdevs/mynlinksc/app/Models/MyWarehousercvModel.php(144): CodeIgniter\Debug\Exceptions->errorHandler()
#1 /mdevs/mynlinksc/app/Controllers/Warehouse_rcvng.php(81): App\Models\MyWarehousercvModel->view_ent_itm_recs()
#2 /mdevs/mynlinksc/system/CodeIgniter.php(832): App\Controllers\Warehouse_rcvng->whcdrcvng_ent_itm_recs()
#3 /mdevs/mynlinksc/system/CodeIgniter.php(419): CodeIgniter\CodeIgniter->runController()
#4 /mdevs/mynlinksc/system/CodeIgniter.php(326): CodeIgniter\CodeIgniter->handleRequest()
#5 /mdevs/mynlinksc/public/index.php(37): CodeIgniter\CodeIgniter->run()
#6 {main}
ERROR - 2022-09-17 11:40:56 --> You have an error in your SQL syntax; check the manual that corresponds to your MariaDB server version for the right syntax to use near 'rcv.`stock_code`,
        art.`ART_CODE`,
        art.`ART_DESC`,
        rcv...' at line 25
ERROR - 2022-09-17 11:41:06 --> Unknown column 'b.qty' in 'field list'
CRITICAL - 2022-09-17 13:36:56 --> Invalid file: warehouse_inv/warehouse_rcvng_main.php
#0 /mdevs/mynlinksc/system/View/View.php(198): CodeIgniter\Exceptions\FrameworkException::forInvalidFile()
#1 /mdevs/mynlinksc/system/Common.php(1089): CodeIgniter\View\View->render()
#2 /mdevs/mynlinksc/app/Controllers/Warehouse_inv.php(35): view()
#3 /mdevs/mynlinksc/system/CodeIgniter.php(832): App\Controllers\Warehouse_inv->index()
#4 /mdevs/mynlinksc/system/CodeIgniter.php(419): CodeIgniter\CodeIgniter->runController()
#5 /mdevs/mynlinksc/system/CodeIgniter.php(326): CodeIgniter\CodeIgniter->handleRequest()
#6 /mdevs/mynlinksc/public/index.php(37): CodeIgniter\CodeIgniter->run()
#7 {main}
CRITICAL - 2022-09-17 14:04:28 --> Undefined variable: mtkn_dt
#0 /mdevs/mynlinksc/app/Models/MyWarehousercvModel.php(158): CodeIgniter\Debug\Exceptions->errorHandler()
#1 /mdevs/mynlinksc/app/Controllers/Warehouse_rcvng.php(81): App\Models\MyWarehousercvModel->view_ent_itm_recs()
#2 /mdevs/mynlinksc/system/CodeIgniter.php(832): App\Controllers\Warehouse_rcvng->whcdrcvng_ent_itm_recs()
#3 /mdevs/mynlinksc/system/CodeIgniter.php(419): CodeIgniter\CodeIgniter->runController()
#4 /mdevs/mynlinksc/system/CodeIgniter.php(326): CodeIgniter\CodeIgniter->handleRequest()
#5 /mdevs/mynlinksc/public/index.php(37): CodeIgniter\CodeIgniter->run()
#6 {main}
ERROR - 2022-09-17 14:06:52 --> You have an error in your SQL syntax; check the manual that corresponds to your MariaDB server version for the right syntax to use near 'JOINap2.`mst_article` art ON art.`recid` =  rcv.`mat_rid`
        WHERE rcv.`...' at line 38
ERROR - 2022-09-17 14:07:34 --> You have an error in your SQL syntax; check the manual that corresponds to your MariaDB server version for the right syntax to use near 'JOINap2.`mst_article` art ON art.`recid` =  rcv.`mat_rid`
        WHERE rcv.`...' at line 38
CRITICAL - 2022-09-17 14:56:09 --> Undefined index: txt_mtknr
#0 /mdevs/mynlinksc/app/Views/warehouse_inv/warehouse_inv_itm_recs.php(63): CodeIgniter\Debug\Exceptions->errorHandler()
#1 /mdevs/mynlinksc/system/View/View.php(210): include('/mdevs/mynlinks...')
#2 /mdevs/mynlinksc/system/View/View.php(213): CodeIgniter\View\View->CodeIgniter\View\{closure}()
#3 /mdevs/mynlinksc/system/Common.php(1089): CodeIgniter\View\View->render()
#4 /mdevs/mynlinksc/app/Controllers/Warehouse_inv.php(82): view()
#5 /mdevs/mynlinksc/system/CodeIgniter.php(832): App\Controllers\Warehouse_inv->whcdinv_itm_recs()
#6 /mdevs/mynlinksc/system/CodeIgniter.php(419): CodeIgniter\CodeIgniter->runController()
#7 /mdevs/mynlinksc/system/CodeIgniter.php(326): CodeIgniter\CodeIgniter->handleRequest()
#8 /mdevs/mynlinksc/public/index.php(37): CodeIgniter\CodeIgniter->run()
#9 {main}
CRITICAL - 2022-09-17 14:57:12 --> Undefined index: txt_mtknr
#0 /mdevs/mynlinksc/app/Views/warehouse_inv/warehouse_inv_itm_recs.php(63): CodeIgniter\Debug\Exceptions->errorHandler()
#1 /mdevs/mynlinksc/system/View/View.php(210): include('/mdevs/mynlinks...')
#2 /mdevs/mynlinksc/system/View/View.php(213): CodeIgniter\View\View->CodeIgniter\View\{closure}()
#3 /mdevs/mynlinksc/system/Common.php(1089): CodeIgniter\View\View->render()
#4 /mdevs/mynlinksc/app/Controllers/Warehouse_inv.php(82): view()
#5 /mdevs/mynlinksc/system/CodeIgniter.php(832): App\Controllers\Warehouse_inv->whcdinv_itm_recs()
#6 /mdevs/mynlinksc/system/CodeIgniter.php(419): CodeIgniter\CodeIgniter->runController()
#7 /mdevs/mynlinksc/system/CodeIgniter.php(326): CodeIgniter\CodeIgniter->handleRequest()
#8 /mdevs/mynlinksc/public/index.php(37): CodeIgniter\CodeIgniter->run()
#9 {main}
CRITICAL - 2022-09-17 14:57:55 --> Undefined index: txt_mtknr
#0 /mdevs/mynlinksc/app/Views/warehouse_inv/warehouse_inv_itm_recs.php(63): CodeIgniter\Debug\Exceptions->errorHandler()
#1 /mdevs/mynlinksc/system/View/View.php(210): include('/mdevs/mynlinks...')
#2 /mdevs/mynlinksc/system/View/View.php(213): CodeIgniter\View\View->CodeIgniter\View\{closure}()
#3 /mdevs/mynlinksc/system/Common.php(1089): CodeIgniter\View\View->render()
#4 /mdevs/mynlinksc/app/Controllers/Warehouse_inv.php(82): view()
#5 /mdevs/mynlinksc/system/CodeIgniter.php(832): App\Controllers\Warehouse_inv->whcdinv_itm_recs()
#6 /mdevs/mynlinksc/system/CodeIgniter.php(419): CodeIgniter\CodeIgniter->runController()
#7 /mdevs/mynlinksc/system/CodeIgniter.php(326): CodeIgniter\CodeIgniter->handleRequest()
#8 /mdevs/mynlinksc/public/index.php(37): CodeIgniter\CodeIgniter->run()
#9 {main}
CRITICAL - 2022-09-17 15:21:41 --> Undefined property: CodeIgniter\View\View::$input
#0 /mdevs/mynlinksc/app/Views/warehouse_inv/warehouse_inv_itm_recs.php(117): CodeIgniter\Debug\Exceptions->errorHandler()
#1 /mdevs/mynlinksc/system/View/View.php(210): include('/mdevs/mynlinks...')
#2 /mdevs/mynlinksc/system/View/View.php(213): CodeIgniter\View\View->CodeIgniter\View\{closure}()
#3 /mdevs/mynlinksc/system/Common.php(1089): CodeIgniter\View\View->render()
#4 /mdevs/mynlinksc/app/Controllers/Warehouse_inv.php(82): view()
#5 /mdevs/mynlinksc/system/CodeIgniter.php(832): App\Controllers\Warehouse_inv->whcdinv_itm_recs()
#6 /mdevs/mynlinksc/system/CodeIgniter.php(419): CodeIgniter\CodeIgniter->runController()
#7 /mdevs/mynlinksc/system/CodeIgniter.php(326): CodeIgniter\CodeIgniter->handleRequest()
#8 /mdevs/mynlinksc/public/index.php(37): CodeIgniter\CodeIgniter->run()
#9 {main}
CRITICAL - 2022-09-17 15:29:22 --> Undefined variable: msearchrec
#0 /mdevs/mynlinksc/app/Models/MyWarehouseinvModel.php(169): CodeIgniter\Debug\Exceptions->errorHandler()
#1 /mdevs/mynlinksc/app/Controllers/Warehouse_inv.php(78): App\Models\MyWarehouseinvModel->view_ent_itm_recs()
#2 /mdevs/mynlinksc/system/CodeIgniter.php(832): App\Controllers\Warehouse_inv->whcdinv_itm_recs()
#3 /mdevs/mynlinksc/system/CodeIgniter.php(419): CodeIgniter\CodeIgniter->runController()
#4 /mdevs/mynlinksc/system/CodeIgniter.php(326): CodeIgniter\CodeIgniter->handleRequest()
#5 /mdevs/mynlinksc/public/index.php(37): CodeIgniter\CodeIgniter->run()
#6 {main}
CRITICAL - 2022-09-17 15:29:59 --> Undefined variable: mpages
#0 /mdevs/mynlinksc/app/Controllers/Warehouse_inv.php(84): CodeIgniter\Debug\Exceptions->errorHandler()
#1 /mdevs/mynlinksc/system/CodeIgniter.php(832): App\Controllers\Warehouse_inv->whcdinv_box_content()
#2 /mdevs/mynlinksc/system/CodeIgniter.php(419): CodeIgniter\CodeIgniter->runController()
#3 /mdevs/mynlinksc/system/CodeIgniter.php(326): CodeIgniter\CodeIgniter->handleRequest()
#4 /mdevs/mynlinksc/public/index.php(37): CodeIgniter\CodeIgniter->run()
#5 {main}
CRITICAL - 2022-09-17 15:30:44 --> Undefined variable: mpages
#0 /mdevs/mynlinksc/app/Controllers/Warehouse_inv.php(84): CodeIgniter\Debug\Exceptions->errorHandler()
#1 /mdevs/mynlinksc/system/CodeIgniter.php(832): App\Controllers\Warehouse_inv->whcdinv_box_content()
#2 /mdevs/mynlinksc/system/CodeIgniter.php(419): CodeIgniter\CodeIgniter->runController()
#3 /mdevs/mynlinksc/system/CodeIgniter.php(326): CodeIgniter\CodeIgniter->handleRequest()
#4 /mdevs/mynlinksc/public/index.php(37): CodeIgniter\CodeIgniter->run()
#5 {main}
CRITICAL - 2022-09-17 15:30:55 --> Undefined variable: mpages
#0 /mdevs/mynlinksc/app/Controllers/Warehouse_inv.php(84): CodeIgniter\Debug\Exceptions->errorHandler()
#1 /mdevs/mynlinksc/system/CodeIgniter.php(832): App\Controllers\Warehouse_inv->whcdinv_box_content()
#2 /mdevs/mynlinksc/system/CodeIgniter.php(419): CodeIgniter\CodeIgniter->runController()
#3 /mdevs/mynlinksc/system/CodeIgniter.php(326): CodeIgniter\CodeIgniter->handleRequest()
#4 /mdevs/mynlinksc/public/index.php(37): CodeIgniter\CodeIgniter->run()
#5 {main}
ERROR - 2022-09-17 15:33:24 --> Unknown column 'rcv.plnt_id' in 'where clause'
ERROR - 2022-09-17 15:35:12 --> Unknown column 'rcv.trx' in 'group statement'
CRITICAL - 2022-09-17 15:35:49 --> Undefined index: trx
#0 /mdevs/mynlinksc/app/Views/warehouse_inv/warehouse_box_content_recs.php(71): CodeIgniter\Debug\Exceptions->errorHandler()
#1 /mdevs/mynlinksc/system/View/View.php(210): include('/mdevs/mynlinks...')
#2 /mdevs/mynlinksc/system/View/View.php(213): CodeIgniter\View\View->CodeIgniter\View\{closure}()
#3 /mdevs/mynlinksc/system/Common.php(1089): CodeIgniter\View\View->render()
#4 /mdevs/mynlinksc/app/Controllers/Warehouse_inv.php(85): view()
#5 /mdevs/mynlinksc/system/CodeIgniter.php(832): App\Controllers\Warehouse_inv->whcdinv_box_content()
#6 /mdevs/mynlinksc/system/CodeIgniter.php(419): CodeIgniter\CodeIgniter->runController()
#7 /mdevs/mynlinksc/system/CodeIgniter.php(326): CodeIgniter\CodeIgniter->handleRequest()
#8 /mdevs/mynlinksc/public/index.php(37): CodeIgniter\CodeIgniter->run()
#9 {main}
CRITICAL - 2022-09-17 16:07:28 --> Undefined index: variance
#0 /mdevs/mynlinksc/app/Views/warehouse_inv/warehouse_inv_itm_recs.php(57): CodeIgniter\Debug\Exceptions->errorHandler()
#1 /mdevs/mynlinksc/system/View/View.php(210): include('/mdevs/mynlinks...')
#2 /mdevs/mynlinksc/system/View/View.php(213): CodeIgniter\View\View->CodeIgniter\View\{closure}()
#3 /mdevs/mynlinksc/system/Common.php(1089): CodeIgniter\View\View->render()
#4 /mdevs/mynlinksc/app/Controllers/Warehouse_inv.php(79): view()
#5 /mdevs/mynlinksc/system/CodeIgniter.php(832): App\Controllers\Warehouse_inv->whcdinv_itm_recs()
#6 /mdevs/mynlinksc/system/CodeIgniter.php(419): CodeIgniter\CodeIgniter->runController()
#7 /mdevs/mynlinksc/system/CodeIgniter.php(326): CodeIgniter\CodeIgniter->handleRequest()
#8 /mdevs/mynlinksc/public/index.php(37): CodeIgniter\CodeIgniter->run()
#9 {main}
