CRITICAL - 2022-05-11 09:41:08 --> ini_set(): Session ini settings cannot be changed when a session is active
#0 [internal function]: CodeIgniter\Debug\Exceptions->errorHandler()
#1 /medata/webapps/mynrc/system/Session/Handlers/BaseHandler.php(162): ini_set()
#2 /medata/webapps/mynrc/system/Session/Handlers/DatabaseHandler.php(274): CodeIgniter\Session\Handlers\BaseHandler->fail()
#3 /medata/webapps/mynrc/system/Session/Handlers/DatabaseHandler.php(111): CodeIgniter\Session\Handlers\DatabaseHandler->lockSession()
#4 [internal function]: CodeIgniter\Session\Handlers\DatabaseHandler->read()
#5 /medata/webapps/mynrc/system/Session/Session.php(894): session_start()
#6 /medata/webapps/mynrc/system/Session/Session.php(238): CodeIgniter\Session\Session->startSession()
#7 /medata/webapps/mynrc/system/Config/Services.php(577): CodeIgniter\Session\Session->start()
#8 /medata/webapps/mynrc/system/Config/BaseService.php(248): CodeIgniter\Config\Services::session()
#9 /medata/webapps/mynrc/system/Config/BaseService.php(189): CodeIgniter\Config\BaseService::__callStatic()
#10 /medata/webapps/mynrc/system/Config/Services.php(563): CodeIgniter\Config\BaseService::getSharedInstance()
#11 /medata/webapps/mynrc/system/Config/BaseService.php(248): CodeIgniter\Config\Services::session()
#12 /medata/webapps/mynrc/system/Common.php(901): CodeIgniter\Config\BaseService::__callStatic()
#13 /medata/webapps/mynrc/app/Filters/Myauthuser.php(11): session()
#14 /medata/webapps/mynrc/system/Filters/Filters.php(173): App\Filters\Myauthuser->before()
#15 /medata/webapps/mynrc/system/CodeIgniter.php(393): CodeIgniter\Filters\Filters->run()
#16 /medata/webapps/mynrc/system/CodeIgniter.php(326): CodeIgniter\CodeIgniter->handleRequest()
#17 /medata/webapps/mynrc/public/index.php(37): CodeIgniter\CodeIgniter->run()
#18 {main}
CRITICAL - 2022-05-11 09:41:16 --> ini_set(): Session ini settings cannot be changed when a session is active
#0 [internal function]: CodeIgniter\Debug\Exceptions->errorHandler()
#1 /medata/webapps/mynrc/system/Session/Handlers/BaseHandler.php(162): ini_set()
#2 /medata/webapps/mynrc/system/Session/Handlers/DatabaseHandler.php(274): CodeIgniter\Session\Handlers\BaseHandler->fail()
#3 /medata/webapps/mynrc/system/Session/Handlers/DatabaseHandler.php(111): CodeIgniter\Session\Handlers\DatabaseHandler->lockSession()
#4 [internal function]: CodeIgniter\Session\Handlers\DatabaseHandler->read()
#5 /medata/webapps/mynrc/system/Session/Session.php(894): session_start()
#6 /medata/webapps/mynrc/system/Session/Session.php(238): CodeIgniter\Session\Session->startSession()
#7 /medata/webapps/mynrc/system/Config/Services.php(577): CodeIgniter\Session\Session->start()
#8 /medata/webapps/mynrc/system/Config/BaseService.php(248): CodeIgniter\Config\Services::session()
#9 /medata/webapps/mynrc/system/Config/BaseService.php(189): CodeIgniter\Config\BaseService::__callStatic()
#10 /medata/webapps/mynrc/system/Config/Services.php(563): CodeIgniter\Config\BaseService::getSharedInstance()
#11 /medata/webapps/mynrc/system/Config/BaseService.php(248): CodeIgniter\Config\Services::session()
#12 /medata/webapps/mynrc/system/Common.php(901): CodeIgniter\Config\BaseService::__callStatic()
#13 /medata/webapps/mynrc/app/Filters/Myauthuser.php(11): session()
#14 /medata/webapps/mynrc/system/Filters/Filters.php(173): App\Filters\Myauthuser->before()
#15 /medata/webapps/mynrc/system/CodeIgniter.php(393): CodeIgniter\Filters\Filters->run()
#16 /medata/webapps/mynrc/system/CodeIgniter.php(326): CodeIgniter\CodeIgniter->handleRequest()
#17 /medata/webapps/mynrc/public/index.php(37): CodeIgniter\CodeIgniter->run()
#18 {main}
CRITICAL - 2022-05-11 09:41:18 --> ini_set(): Session ini settings cannot be changed when a session is active
#0 [internal function]: CodeIgniter\Debug\Exceptions->errorHandler()
#1 /medata/webapps/mynrc/system/Session/Handlers/BaseHandler.php(162): ini_set()
#2 /medata/webapps/mynrc/system/Session/Handlers/DatabaseHandler.php(274): CodeIgniter\Session\Handlers\BaseHandler->fail()
#3 /medata/webapps/mynrc/system/Session/Handlers/DatabaseHandler.php(111): CodeIgniter\Session\Handlers\DatabaseHandler->lockSession()
#4 [internal function]: CodeIgniter\Session\Handlers\DatabaseHandler->read()
#5 /medata/webapps/mynrc/system/Session/Session.php(894): session_start()
#6 /medata/webapps/mynrc/system/Session/Session.php(238): CodeIgniter\Session\Session->startSession()
#7 /medata/webapps/mynrc/system/Config/Services.php(577): CodeIgniter\Session\Session->start()
#8 /medata/webapps/mynrc/system/Config/BaseService.php(248): CodeIgniter\Config\Services::session()
#9 /medata/webapps/mynrc/system/Config/BaseService.php(189): CodeIgniter\Config\BaseService::__callStatic()
#10 /medata/webapps/mynrc/system/Config/Services.php(563): CodeIgniter\Config\BaseService::getSharedInstance()
#11 /medata/webapps/mynrc/system/Config/BaseService.php(248): CodeIgniter\Config\Services::session()
#12 /medata/webapps/mynrc/system/Common.php(901): CodeIgniter\Config\BaseService::__callStatic()
#13 /medata/webapps/mynrc/app/Filters/Myauthuser.php(11): session()
#14 /medata/webapps/mynrc/system/Filters/Filters.php(173): App\Filters\Myauthuser->before()
#15 /medata/webapps/mynrc/system/CodeIgniter.php(393): CodeIgniter\Filters\Filters->run()
#16 /medata/webapps/mynrc/system/CodeIgniter.php(326): CodeIgniter\CodeIgniter->handleRequest()
#17 /medata/webapps/mynrc/public/index.php(37): CodeIgniter\CodeIgniter->run()
#18 {main}
CRITICAL - 2022-05-11 09:41:28 --> ini_set(): Session ini settings cannot be changed when a session is active
#0 [internal function]: CodeIgniter\Debug\Exceptions->errorHandler()
#1 /medata/webapps/mynrc/system/Session/Handlers/BaseHandler.php(162): ini_set()
#2 /medata/webapps/mynrc/system/Session/Handlers/DatabaseHandler.php(274): CodeIgniter\Session\Handlers\BaseHandler->fail()
#3 /medata/webapps/mynrc/system/Session/Handlers/DatabaseHandler.php(111): CodeIgniter\Session\Handlers\DatabaseHandler->lockSession()
#4 [internal function]: CodeIgniter\Session\Handlers\DatabaseHandler->read()
#5 /medata/webapps/mynrc/system/Session/Session.php(894): session_start()
#6 /medata/webapps/mynrc/system/Session/Session.php(238): CodeIgniter\Session\Session->startSession()
#7 /medata/webapps/mynrc/system/Config/Services.php(577): CodeIgniter\Session\Session->start()
#8 /medata/webapps/mynrc/system/Config/BaseService.php(248): CodeIgniter\Config\Services::session()
#9 /medata/webapps/mynrc/system/Config/BaseService.php(189): CodeIgniter\Config\BaseService::__callStatic()
#10 /medata/webapps/mynrc/system/Config/Services.php(563): CodeIgniter\Config\BaseService::getSharedInstance()
#11 /medata/webapps/mynrc/system/Config/BaseService.php(248): CodeIgniter\Config\Services::session()
#12 /medata/webapps/mynrc/system/Common.php(901): CodeIgniter\Config\BaseService::__callStatic()
#13 /medata/webapps/mynrc/app/Filters/Myauthuser.php(11): session()
#14 /medata/webapps/mynrc/system/Filters/Filters.php(173): App\Filters\Myauthuser->before()
#15 /medata/webapps/mynrc/system/CodeIgniter.php(393): CodeIgniter\Filters\Filters->run()
#16 /medata/webapps/mynrc/system/CodeIgniter.php(326): CodeIgniter\CodeIgniter->handleRequest()
#17 /medata/webapps/mynrc/public/index.php(37): CodeIgniter\CodeIgniter->run()
#18 {main}
CRITICAL - 2022-05-11 09:41:32 --> ini_set(): Session ini settings cannot be changed when a session is active
#0 [internal function]: CodeIgniter\Debug\Exceptions->errorHandler()
#1 /medata/webapps/mynrc/system/Session/Handlers/BaseHandler.php(162): ini_set()
#2 /medata/webapps/mynrc/system/Session/Handlers/DatabaseHandler.php(274): CodeIgniter\Session\Handlers\BaseHandler->fail()
#3 /medata/webapps/mynrc/system/Session/Handlers/DatabaseHandler.php(111): CodeIgniter\Session\Handlers\DatabaseHandler->lockSession()
#4 [internal function]: CodeIgniter\Session\Handlers\DatabaseHandler->read()
#5 /medata/webapps/mynrc/system/Session/Session.php(894): session_start()
#6 /medata/webapps/mynrc/system/Session/Session.php(238): CodeIgniter\Session\Session->startSession()
#7 /medata/webapps/mynrc/system/Config/Services.php(577): CodeIgniter\Session\Session->start()
#8 /medata/webapps/mynrc/system/Config/BaseService.php(248): CodeIgniter\Config\Services::session()
#9 /medata/webapps/mynrc/system/Config/BaseService.php(189): CodeIgniter\Config\BaseService::__callStatic()
#10 /medata/webapps/mynrc/system/Config/Services.php(563): CodeIgniter\Config\BaseService::getSharedInstance()
#11 /medata/webapps/mynrc/system/Config/BaseService.php(248): CodeIgniter\Config\Services::session()
#12 /medata/webapps/mynrc/system/Common.php(901): CodeIgniter\Config\BaseService::__callStatic()
#13 /medata/webapps/mynrc/app/Filters/Myauthuser.php(11): session()
#14 /medata/webapps/mynrc/system/Filters/Filters.php(173): App\Filters\Myauthuser->before()
#15 /medata/webapps/mynrc/system/CodeIgniter.php(393): CodeIgniter\Filters\Filters->run()
#16 /medata/webapps/mynrc/system/CodeIgniter.php(326): CodeIgniter\CodeIgniter->handleRequest()
#17 /medata/webapps/mynrc/public/index.php(37): CodeIgniter\CodeIgniter->run()
#18 {main}
CRITICAL - 2022-05-11 09:41:33 --> ini_set(): Session ini settings cannot be changed when a session is active
#0 [internal function]: CodeIgniter\Debug\Exceptions->errorHandler()
#1 /medata/webapps/mynrc/system/Session/Handlers/BaseHandler.php(162): ini_set()
#2 /medata/webapps/mynrc/system/Session/Handlers/DatabaseHandler.php(274): CodeIgniter\Session\Handlers\BaseHandler->fail()
#3 /medata/webapps/mynrc/system/Session/Handlers/DatabaseHandler.php(111): CodeIgniter\Session\Handlers\DatabaseHandler->lockSession()
#4 [internal function]: CodeIgniter\Session\Handlers\DatabaseHandler->read()
#5 /medata/webapps/mynrc/system/Session/Session.php(894): session_start()
#6 /medata/webapps/mynrc/system/Session/Session.php(238): CodeIgniter\Session\Session->startSession()
#7 /medata/webapps/mynrc/system/Config/Services.php(577): CodeIgniter\Session\Session->start()
#8 /medata/webapps/mynrc/system/Config/BaseService.php(248): CodeIgniter\Config\Services::session()
#9 /medata/webapps/mynrc/system/Config/BaseService.php(189): CodeIgniter\Config\BaseService::__callStatic()
#10 /medata/webapps/mynrc/system/Config/Services.php(563): CodeIgniter\Config\BaseService::getSharedInstance()
#11 /medata/webapps/mynrc/system/Config/BaseService.php(248): CodeIgniter\Config\Services::session()
#12 /medata/webapps/mynrc/system/Common.php(901): CodeIgniter\Config\BaseService::__callStatic()
#13 /medata/webapps/mynrc/app/Views/login/mylogin.php(52): session()
#14 /medata/webapps/mynrc/system/View/View.php(210): include('...')
#15 /medata/webapps/mynrc/system/View/View.php(213): CodeIgniter\View\View->CodeIgniter\View\{closure}()
#16 /medata/webapps/mynrc/system/Common.php(1089): CodeIgniter\View\View->render()
#17 /medata/webapps/mynrc/app/Controllers/Mylogin.php(9): view()
#18 /medata/webapps/mynrc/system/CodeIgniter.php(832): App\Controllers\Mylogin->index()
#19 /medata/webapps/mynrc/system/CodeIgniter.php(419): CodeIgniter\CodeIgniter->runController()
#20 /medata/webapps/mynrc/system/CodeIgniter.php(326): CodeIgniter\CodeIgniter->handleRequest()
#21 /medata/webapps/mynrc/public/index.php(37): CodeIgniter\CodeIgniter->run()
#22 {main}
CRITICAL - 2022-05-11 09:41:38 --> ini_set(): Session ini settings cannot be changed when a session is active
#0 [internal function]: CodeIgniter\Debug\Exceptions->errorHandler()
#1 /medata/webapps/mynrc/system/Session/Handlers/BaseHandler.php(162): ini_set()
#2 /medata/webapps/mynrc/system/Session/Handlers/DatabaseHandler.php(274): CodeIgniter\Session\Handlers\BaseHandler->fail()
#3 /medata/webapps/mynrc/system/Session/Handlers/DatabaseHandler.php(111): CodeIgniter\Session\Handlers\DatabaseHandler->lockSession()
#4 [internal function]: CodeIgniter\Session\Handlers\DatabaseHandler->read()
#5 /medata/webapps/mynrc/system/Session/Session.php(894): session_start()
#6 /medata/webapps/mynrc/system/Session/Session.php(238): CodeIgniter\Session\Session->startSession()
#7 /medata/webapps/mynrc/system/Config/Services.php(577): CodeIgniter\Session\Session->start()
#8 /medata/webapps/mynrc/system/Config/BaseService.php(248): CodeIgniter\Config\Services::session()
#9 /medata/webapps/mynrc/system/Config/BaseService.php(189): CodeIgniter\Config\BaseService::__callStatic()
#10 /medata/webapps/mynrc/system/Config/Services.php(563): CodeIgniter\Config\BaseService::getSharedInstance()
#11 /medata/webapps/mynrc/system/Config/BaseService.php(248): CodeIgniter\Config\Services::session()
#12 /medata/webapps/mynrc/system/Common.php(901): CodeIgniter\Config\BaseService::__callStatic()
#13 /medata/webapps/mynrc/app/Filters/Myauthuser.php(11): session()
#14 /medata/webapps/mynrc/system/Filters/Filters.php(173): App\Filters\Myauthuser->before()
#15 /medata/webapps/mynrc/system/CodeIgniter.php(393): CodeIgniter\Filters\Filters->run()
#16 /medata/webapps/mynrc/system/CodeIgniter.php(326): CodeIgniter\CodeIgniter->handleRequest()
#17 /medata/webapps/mynrc/public/index.php(37): CodeIgniter\CodeIgniter->run()
#18 {main}
CRITICAL - 2022-05-11 10:43:34 --> ini_set(): Session ini settings cannot be changed when a session is active
#0 [internal function]: CodeIgniter\Debug\Exceptions->errorHandler()
#1 /medata/webapps/mynrc/system/Session/Handlers/BaseHandler.php(162): ini_set()
#2 /medata/webapps/mynrc/system/Session/Handlers/DatabaseHandler.php(274): CodeIgniter\Session\Handlers\BaseHandler->fail()
#3 /medata/webapps/mynrc/system/Session/Handlers/DatabaseHandler.php(111): CodeIgniter\Session\Handlers\DatabaseHandler->lockSession()
#4 [internal function]: CodeIgniter\Session\Handlers\DatabaseHandler->read()
#5 /medata/webapps/mynrc/system/Session/Session.php(894): session_start()
#6 /medata/webapps/mynrc/system/Session/Session.php(238): CodeIgniter\Session\Session->startSession()
#7 /medata/webapps/mynrc/system/Config/Services.php(577): CodeIgniter\Session\Session->start()
#8 /medata/webapps/mynrc/system/Config/BaseService.php(248): CodeIgniter\Config\Services::session()
#9 /medata/webapps/mynrc/system/Config/BaseService.php(189): CodeIgniter\Config\BaseService::__callStatic()
#10 /medata/webapps/mynrc/system/Config/Services.php(563): CodeIgniter\Config\BaseService::getSharedInstance()
#11 /medata/webapps/mynrc/system/Config/BaseService.php(248): CodeIgniter\Config\Services::session()
#12 /medata/webapps/mynrc/system/Common.php(901): CodeIgniter\Config\BaseService::__callStatic()
#13 /medata/webapps/mynrc/app/Filters/Myauthuser.php(11): session()
#14 /medata/webapps/mynrc/system/Filters/Filters.php(173): App\Filters\Myauthuser->before()
#15 /medata/webapps/mynrc/system/CodeIgniter.php(393): CodeIgniter\Filters\Filters->run()
#16 /medata/webapps/mynrc/system/CodeIgniter.php(326): CodeIgniter\CodeIgniter->handleRequest()
#17 /medata/webapps/mynrc/public/index.php(37): CodeIgniter\CodeIgniter->run()
#18 {main}
CRITICAL - 2022-05-11 10:47:44 --> ini_set(): Session ini settings cannot be changed when a session is active
#0 [internal function]: CodeIgniter\Debug\Exceptions->errorHandler()
#1 /medata/webapps/mynrc/system/Session/Handlers/BaseHandler.php(162): ini_set()
#2 /medata/webapps/mynrc/system/Session/Handlers/DatabaseHandler.php(274): CodeIgniter\Session\Handlers\BaseHandler->fail()
#3 /medata/webapps/mynrc/system/Session/Handlers/DatabaseHandler.php(111): CodeIgniter\Session\Handlers\DatabaseHandler->lockSession()
#4 [internal function]: CodeIgniter\Session\Handlers\DatabaseHandler->read()
#5 /medata/webapps/mynrc/system/Session/Session.php(894): session_start()
#6 /medata/webapps/mynrc/system/Session/Session.php(238): CodeIgniter\Session\Session->startSession()
#7 /medata/webapps/mynrc/system/Config/Services.php(577): CodeIgniter\Session\Session->start()
#8 /medata/webapps/mynrc/system/Config/BaseService.php(248): CodeIgniter\Config\Services::session()
#9 /medata/webapps/mynrc/system/Config/BaseService.php(189): CodeIgniter\Config\BaseService::__callStatic()
#10 /medata/webapps/mynrc/system/Config/Services.php(563): CodeIgniter\Config\BaseService::getSharedInstance()
#11 /medata/webapps/mynrc/system/Config/BaseService.php(248): CodeIgniter\Config\Services::session()
#12 /medata/webapps/mynrc/system/Common.php(901): CodeIgniter\Config\BaseService::__callStatic()
#13 /medata/webapps/mynrc/app/Filters/Myauthuser.php(11): session()
#14 /medata/webapps/mynrc/system/Filters/Filters.php(173): App\Filters\Myauthuser->before()
#15 /medata/webapps/mynrc/system/CodeIgniter.php(393): CodeIgniter\Filters\Filters->run()
#16 /medata/webapps/mynrc/system/CodeIgniter.php(326): CodeIgniter\CodeIgniter->handleRequest()
#17 /medata/webapps/mynrc/public/index.php(37): CodeIgniter\CodeIgniter->run()
#18 {main}
CRITICAL - 2022-05-11 10:49:30 --> ini_set(): Session ini settings cannot be changed when a session is active
#0 [internal function]: CodeIgniter\Debug\Exceptions->errorHandler()
#1 /medata/webapps/mynrc/system/Session/Handlers/BaseHandler.php(162): ini_set()
#2 /medata/webapps/mynrc/system/Session/Handlers/DatabaseHandler.php(274): CodeIgniter\Session\Handlers\BaseHandler->fail()
#3 /medata/webapps/mynrc/system/Session/Handlers/DatabaseHandler.php(111): CodeIgniter\Session\Handlers\DatabaseHandler->lockSession()
#4 [internal function]: CodeIgniter\Session\Handlers\DatabaseHandler->read()
#5 /medata/webapps/mynrc/system/Session/Session.php(894): session_start()
#6 /medata/webapps/mynrc/system/Session/Session.php(238): CodeIgniter\Session\Session->startSession()
#7 /medata/webapps/mynrc/system/Config/Services.php(577): CodeIgniter\Session\Session->start()
#8 /medata/webapps/mynrc/system/Config/BaseService.php(248): CodeIgniter\Config\Services::session()
#9 /medata/webapps/mynrc/system/Config/BaseService.php(189): CodeIgniter\Config\BaseService::__callStatic()
#10 /medata/webapps/mynrc/system/Config/Services.php(563): CodeIgniter\Config\BaseService::getSharedInstance()
#11 /medata/webapps/mynrc/system/Config/BaseService.php(248): CodeIgniter\Config\Services::session()
#12 /medata/webapps/mynrc/system/Common.php(901): CodeIgniter\Config\BaseService::__callStatic()
#13 /medata/webapps/mynrc/app/Filters/Myauthuser.php(11): session()
#14 /medata/webapps/mynrc/system/Filters/Filters.php(173): App\Filters\Myauthuser->before()
#15 /medata/webapps/mynrc/system/CodeIgniter.php(393): CodeIgniter\Filters\Filters->run()
#16 /medata/webapps/mynrc/system/CodeIgniter.php(326): CodeIgniter\CodeIgniter->handleRequest()
#17 /medata/webapps/mynrc/public/index.php(37): CodeIgniter\CodeIgniter->run()
#18 {main}
CRITICAL - 2022-05-11 10:49:31 --> ini_set(): Session ini settings cannot be changed when a session is active
#0 [internal function]: CodeIgniter\Debug\Exceptions->errorHandler()
#1 /medata/webapps/mynrc/system/Session/Handlers/BaseHandler.php(162): ini_set()
#2 /medata/webapps/mynrc/system/Session/Handlers/DatabaseHandler.php(274): CodeIgniter\Session\Handlers\BaseHandler->fail()
#3 /medata/webapps/mynrc/system/Session/Handlers/DatabaseHandler.php(111): CodeIgniter\Session\Handlers\DatabaseHandler->lockSession()
#4 [internal function]: CodeIgniter\Session\Handlers\DatabaseHandler->read()
#5 /medata/webapps/mynrc/system/Session/Session.php(894): session_start()
#6 /medata/webapps/mynrc/system/Session/Session.php(238): CodeIgniter\Session\Session->startSession()
#7 /medata/webapps/mynrc/system/Config/Services.php(577): CodeIgniter\Session\Session->start()
#8 /medata/webapps/mynrc/system/Config/BaseService.php(248): CodeIgniter\Config\Services::session()
#9 /medata/webapps/mynrc/system/Config/BaseService.php(189): CodeIgniter\Config\BaseService::__callStatic()
#10 /medata/webapps/mynrc/system/Config/Services.php(563): CodeIgniter\Config\BaseService::getSharedInstance()
#11 /medata/webapps/mynrc/system/Config/BaseService.php(248): CodeIgniter\Config\Services::session()
#12 /medata/webapps/mynrc/system/Common.php(901): CodeIgniter\Config\BaseService::__callStatic()
#13 /medata/webapps/mynrc/app/Filters/Myauthuser.php(11): session()
#14 /medata/webapps/mynrc/system/Filters/Filters.php(173): App\Filters\Myauthuser->before()
#15 /medata/webapps/mynrc/system/CodeIgniter.php(393): CodeIgniter\Filters\Filters->run()
#16 /medata/webapps/mynrc/system/CodeIgniter.php(326): CodeIgniter\CodeIgniter->handleRequest()
#17 /medata/webapps/mynrc/public/index.php(37): CodeIgniter\CodeIgniter->run()
#18 {main}
CRITICAL - 2022-05-11 10:52:10 --> ini_set(): Session ini settings cannot be changed when a session is active
#0 [internal function]: CodeIgniter\Debug\Exceptions->errorHandler()
#1 /medata/webapps/mynrc/system/Session/Handlers/BaseHandler.php(162): ini_set()
#2 /medata/webapps/mynrc/system/Session/Handlers/DatabaseHandler.php(274): CodeIgniter\Session\Handlers\BaseHandler->fail()
#3 /medata/webapps/mynrc/system/Session/Handlers/DatabaseHandler.php(111): CodeIgniter\Session\Handlers\DatabaseHandler->lockSession()
#4 [internal function]: CodeIgniter\Session\Handlers\DatabaseHandler->read()
#5 /medata/webapps/mynrc/system/Session/Session.php(894): session_start()
#6 /medata/webapps/mynrc/system/Session/Session.php(238): CodeIgniter\Session\Session->startSession()
#7 /medata/webapps/mynrc/system/Config/Services.php(577): CodeIgniter\Session\Session->start()
#8 /medata/webapps/mynrc/system/Config/BaseService.php(248): CodeIgniter\Config\Services::session()
#9 /medata/webapps/mynrc/system/Config/BaseService.php(189): CodeIgniter\Config\BaseService::__callStatic()
#10 /medata/webapps/mynrc/system/Config/Services.php(563): CodeIgniter\Config\BaseService::getSharedInstance()
#11 /medata/webapps/mynrc/system/Config/BaseService.php(248): CodeIgniter\Config\Services::session()
#12 /medata/webapps/mynrc/system/Common.php(901): CodeIgniter\Config\BaseService::__callStatic()
#13 /medata/webapps/mynrc/app/Filters/Myauthuser.php(11): session()
#14 /medata/webapps/mynrc/system/Filters/Filters.php(173): App\Filters\Myauthuser->before()
#15 /medata/webapps/mynrc/system/CodeIgniter.php(393): CodeIgniter\Filters\Filters->run()
#16 /medata/webapps/mynrc/system/CodeIgniter.php(326): CodeIgniter\CodeIgniter->handleRequest()
#17 /medata/webapps/mynrc/public/index.php(37): CodeIgniter\CodeIgniter->run()
#18 {main}
CRITICAL - 2022-05-11 10:52:26 --> ini_set(): Session ini settings cannot be changed when a session is active
#0 [internal function]: CodeIgniter\Debug\Exceptions->errorHandler()
#1 /medata/webapps/mynrc/system/Session/Handlers/BaseHandler.php(162): ini_set()
#2 /medata/webapps/mynrc/system/Session/Handlers/DatabaseHandler.php(274): CodeIgniter\Session\Handlers\BaseHandler->fail()
#3 /medata/webapps/mynrc/system/Session/Handlers/DatabaseHandler.php(111): CodeIgniter\Session\Handlers\DatabaseHandler->lockSession()
#4 [internal function]: CodeIgniter\Session\Handlers\DatabaseHandler->read()
#5 /medata/webapps/mynrc/system/Session/Session.php(894): session_start()
#6 /medata/webapps/mynrc/system/Session/Session.php(238): CodeIgniter\Session\Session->startSession()
#7 /medata/webapps/mynrc/system/Config/Services.php(577): CodeIgniter\Session\Session->start()
#8 /medata/webapps/mynrc/system/Config/BaseService.php(248): CodeIgniter\Config\Services::session()
#9 /medata/webapps/mynrc/system/Config/BaseService.php(189): CodeIgniter\Config\BaseService::__callStatic()
#10 /medata/webapps/mynrc/system/Config/Services.php(563): CodeIgniter\Config\BaseService::getSharedInstance()
#11 /medata/webapps/mynrc/system/Config/BaseService.php(248): CodeIgniter\Config\Services::session()
#12 /medata/webapps/mynrc/system/Common.php(901): CodeIgniter\Config\BaseService::__callStatic()
#13 /medata/webapps/mynrc/app/Filters/Myauthuser.php(11): session()
#14 /medata/webapps/mynrc/system/Filters/Filters.php(173): App\Filters\Myauthuser->before()
#15 /medata/webapps/mynrc/system/CodeIgniter.php(393): CodeIgniter\Filters\Filters->run()
#16 /medata/webapps/mynrc/system/CodeIgniter.php(326): CodeIgniter\CodeIgniter->handleRequest()
#17 /medata/webapps/mynrc/public/index.php(37): CodeIgniter\CodeIgniter->run()
#18 {main}
CRITICAL - 2022-05-11 10:53:29 --> ini_set(): Session ini settings cannot be changed when a session is active
#0 [internal function]: CodeIgniter\Debug\Exceptions->errorHandler()
#1 /medata/webapps/mynrc/system/Session/Handlers/BaseHandler.php(162): ini_set()
#2 /medata/webapps/mynrc/system/Session/Handlers/DatabaseHandler.php(274): CodeIgniter\Session\Handlers\BaseHandler->fail()
#3 /medata/webapps/mynrc/system/Session/Handlers/DatabaseHandler.php(111): CodeIgniter\Session\Handlers\DatabaseHandler->lockSession()
#4 [internal function]: CodeIgniter\Session\Handlers\DatabaseHandler->read()
#5 /medata/webapps/mynrc/system/Session/Session.php(894): session_start()
#6 /medata/webapps/mynrc/system/Session/Session.php(238): CodeIgniter\Session\Session->startSession()
#7 /medata/webapps/mynrc/system/Config/Services.php(577): CodeIgniter\Session\Session->start()
#8 /medata/webapps/mynrc/system/Config/BaseService.php(248): CodeIgniter\Config\Services::session()
#9 /medata/webapps/mynrc/system/Config/BaseService.php(189): CodeIgniter\Config\BaseService::__callStatic()
#10 /medata/webapps/mynrc/system/Config/Services.php(563): CodeIgniter\Config\BaseService::getSharedInstance()
#11 /medata/webapps/mynrc/system/Config/BaseService.php(248): CodeIgniter\Config\Services::session()
#12 /medata/webapps/mynrc/system/Common.php(901): CodeIgniter\Config\BaseService::__callStatic()
#13 /medata/webapps/mynrc/app/Filters/Myauthuser.php(11): session()
#14 /medata/webapps/mynrc/system/Filters/Filters.php(173): App\Filters\Myauthuser->before()
#15 /medata/webapps/mynrc/system/CodeIgniter.php(393): CodeIgniter\Filters\Filters->run()
#16 /medata/webapps/mynrc/system/CodeIgniter.php(326): CodeIgniter\CodeIgniter->handleRequest()
#17 /medata/webapps/mynrc/public/index.php(37): CodeIgniter\CodeIgniter->run()
#18 {main}
CRITICAL - 2022-05-11 10:53:56 --> ini_set(): Session ini settings cannot be changed when a session is active
#0 [internal function]: CodeIgniter\Debug\Exceptions->errorHandler()
#1 /medata/webapps/mynrc/system/Session/Handlers/BaseHandler.php(162): ini_set()
#2 /medata/webapps/mynrc/system/Session/Handlers/DatabaseHandler.php(274): CodeIgniter\Session\Handlers\BaseHandler->fail()
#3 /medata/webapps/mynrc/system/Session/Handlers/DatabaseHandler.php(111): CodeIgniter\Session\Handlers\DatabaseHandler->lockSession()
#4 [internal function]: CodeIgniter\Session\Handlers\DatabaseHandler->read()
#5 /medata/webapps/mynrc/system/Session/Session.php(894): session_start()
#6 /medata/webapps/mynrc/system/Session/Session.php(238): CodeIgniter\Session\Session->startSession()
#7 /medata/webapps/mynrc/system/Config/Services.php(577): CodeIgniter\Session\Session->start()
#8 /medata/webapps/mynrc/system/Config/BaseService.php(248): CodeIgniter\Config\Services::session()
#9 /medata/webapps/mynrc/system/Config/BaseService.php(189): CodeIgniter\Config\BaseService::__callStatic()
#10 /medata/webapps/mynrc/system/Config/Services.php(563): CodeIgniter\Config\BaseService::getSharedInstance()
#11 /medata/webapps/mynrc/system/Config/BaseService.php(248): CodeIgniter\Config\Services::session()
#12 /medata/webapps/mynrc/system/Common.php(901): CodeIgniter\Config\BaseService::__callStatic()
#13 /medata/webapps/mynrc/app/Filters/Myauthuser.php(11): session()
#14 /medata/webapps/mynrc/system/Filters/Filters.php(173): App\Filters\Myauthuser->before()
#15 /medata/webapps/mynrc/system/CodeIgniter.php(393): CodeIgniter\Filters\Filters->run()
#16 /medata/webapps/mynrc/system/CodeIgniter.php(326): CodeIgniter\CodeIgniter->handleRequest()
#17 /medata/webapps/mynrc/public/index.php(37): CodeIgniter\CodeIgniter->run()
#18 {main}
CRITICAL - 2022-05-11 11:07:24 --> ini_set(): Session ini settings cannot be changed when a session is active
#0 [internal function]: CodeIgniter\Debug\Exceptions->errorHandler()
#1 /medata/webapps/mynrc/system/Session/Handlers/BaseHandler.php(162): ini_set()
#2 /medata/webapps/mynrc/system/Session/Handlers/DatabaseHandler.php(274): CodeIgniter\Session\Handlers\BaseHandler->fail()
#3 /medata/webapps/mynrc/system/Session/Handlers/DatabaseHandler.php(111): CodeIgniter\Session\Handlers\DatabaseHandler->lockSession()
#4 [internal function]: CodeIgniter\Session\Handlers\DatabaseHandler->read()
#5 /medata/webapps/mynrc/system/Session/Session.php(894): session_start()
#6 /medata/webapps/mynrc/system/Session/Session.php(238): CodeIgniter\Session\Session->startSession()
#7 /medata/webapps/mynrc/system/Config/Services.php(577): CodeIgniter\Session\Session->start()
#8 /medata/webapps/mynrc/system/Config/BaseService.php(248): CodeIgniter\Config\Services::session()
#9 /medata/webapps/mynrc/system/Config/BaseService.php(189): CodeIgniter\Config\BaseService::__callStatic()
#10 /medata/webapps/mynrc/system/Config/Services.php(563): CodeIgniter\Config\BaseService::getSharedInstance()
#11 /medata/webapps/mynrc/system/Config/BaseService.php(248): CodeIgniter\Config\Services::session()
#12 /medata/webapps/mynrc/system/Common.php(901): CodeIgniter\Config\BaseService::__callStatic()
#13 /medata/webapps/mynrc/app/Filters/Myauthuser.php(11): session()
#14 /medata/webapps/mynrc/system/Filters/Filters.php(173): App\Filters\Myauthuser->before()
#15 /medata/webapps/mynrc/system/CodeIgniter.php(393): CodeIgniter\Filters\Filters->run()
#16 /medata/webapps/mynrc/system/CodeIgniter.php(326): CodeIgniter\CodeIgniter->handleRequest()
#17 /medata/webapps/mynrc/public/index.php(37): CodeIgniter\CodeIgniter->run()
#18 {main}
CRITICAL - 2022-05-11 11:14:21 --> ini_set(): Session ini settings cannot be changed when a session is active
#0 [internal function]: CodeIgniter\Debug\Exceptions->errorHandler()
#1 /medata/webapps/mynrc/system/Session/Handlers/BaseHandler.php(162): ini_set()
#2 /medata/webapps/mynrc/system/Session/Handlers/DatabaseHandler.php(274): CodeIgniter\Session\Handlers\BaseHandler->fail()
#3 /medata/webapps/mynrc/system/Session/Handlers/DatabaseHandler.php(111): CodeIgniter\Session\Handlers\DatabaseHandler->lockSession()
#4 [internal function]: CodeIgniter\Session\Handlers\DatabaseHandler->read()
#5 /medata/webapps/mynrc/system/Session/Session.php(894): session_start()
#6 /medata/webapps/mynrc/system/Session/Session.php(238): CodeIgniter\Session\Session->startSession()
#7 /medata/webapps/mynrc/system/Config/Services.php(577): CodeIgniter\Session\Session->start()
#8 /medata/webapps/mynrc/system/Config/BaseService.php(248): CodeIgniter\Config\Services::session()
#9 /medata/webapps/mynrc/system/Config/BaseService.php(189): CodeIgniter\Config\BaseService::__callStatic()
#10 /medata/webapps/mynrc/system/Config/Services.php(563): CodeIgniter\Config\BaseService::getSharedInstance()
#11 /medata/webapps/mynrc/system/Config/BaseService.php(248): CodeIgniter\Config\Services::session()
#12 /medata/webapps/mynrc/system/Common.php(901): CodeIgniter\Config\BaseService::__callStatic()
#13 /medata/webapps/mynrc/app/Filters/Myauthuser.php(11): session()
#14 /medata/webapps/mynrc/system/Filters/Filters.php(173): App\Filters\Myauthuser->before()
#15 /medata/webapps/mynrc/system/CodeIgniter.php(393): CodeIgniter\Filters\Filters->run()
#16 /medata/webapps/mynrc/system/CodeIgniter.php(326): CodeIgniter\CodeIgniter->handleRequest()
#17 /medata/webapps/mynrc/public/index.php(37): CodeIgniter\CodeIgniter->run()
#18 {main}
CRITICAL - 2022-05-11 11:15:43 --> ini_set(): Session ini settings cannot be changed when a session is active
#0 [internal function]: CodeIgniter\Debug\Exceptions->errorHandler()
#1 /medata/webapps/mynrc/system/Session/Handlers/BaseHandler.php(162): ini_set()
#2 /medata/webapps/mynrc/system/Session/Handlers/DatabaseHandler.php(274): CodeIgniter\Session\Handlers\BaseHandler->fail()
#3 /medata/webapps/mynrc/system/Session/Handlers/DatabaseHandler.php(111): CodeIgniter\Session\Handlers\DatabaseHandler->lockSession()
#4 [internal function]: CodeIgniter\Session\Handlers\DatabaseHandler->read()
#5 /medata/webapps/mynrc/system/Session/Session.php(894): session_start()
#6 /medata/webapps/mynrc/system/Session/Session.php(238): CodeIgniter\Session\Session->startSession()
#7 /medata/webapps/mynrc/system/Config/Services.php(577): CodeIgniter\Session\Session->start()
#8 /medata/webapps/mynrc/system/Config/BaseService.php(248): CodeIgniter\Config\Services::session()
#9 /medata/webapps/mynrc/system/Config/BaseService.php(189): CodeIgniter\Config\BaseService::__callStatic()
#10 /medata/webapps/mynrc/system/Config/Services.php(563): CodeIgniter\Config\BaseService::getSharedInstance()
#11 /medata/webapps/mynrc/system/Config/BaseService.php(248): CodeIgniter\Config\Services::session()
#12 /medata/webapps/mynrc/system/Common.php(901): CodeIgniter\Config\BaseService::__callStatic()
#13 /medata/webapps/mynrc/app/Filters/Myauthuser.php(11): session()
#14 /medata/webapps/mynrc/system/Filters/Filters.php(173): App\Filters\Myauthuser->before()
#15 /medata/webapps/mynrc/system/CodeIgniter.php(393): CodeIgniter\Filters\Filters->run()
#16 /medata/webapps/mynrc/system/CodeIgniter.php(326): CodeIgniter\CodeIgniter->handleRequest()
#17 /medata/webapps/mynrc/public/index.php(37): CodeIgniter\CodeIgniter->run()
#18 {main}
CRITICAL - 2022-05-11 11:18:14 --> ini_set(): Session ini settings cannot be changed when a session is active
#0 [internal function]: CodeIgniter\Debug\Exceptions->errorHandler()
#1 /medata/webapps/mynrc/system/Session/Handlers/BaseHandler.php(162): ini_set()
#2 /medata/webapps/mynrc/system/Session/Handlers/DatabaseHandler.php(274): CodeIgniter\Session\Handlers\BaseHandler->fail()
#3 /medata/webapps/mynrc/system/Session/Handlers/DatabaseHandler.php(111): CodeIgniter\Session\Handlers\DatabaseHandler->lockSession()
#4 [internal function]: CodeIgniter\Session\Handlers\DatabaseHandler->read()
#5 /medata/webapps/mynrc/system/Session/Session.php(894): session_start()
#6 /medata/webapps/mynrc/system/Session/Session.php(238): CodeIgniter\Session\Session->startSession()
#7 /medata/webapps/mynrc/system/Config/Services.php(577): CodeIgniter\Session\Session->start()
#8 /medata/webapps/mynrc/system/Config/BaseService.php(248): CodeIgniter\Config\Services::session()
#9 /medata/webapps/mynrc/system/Config/BaseService.php(189): CodeIgniter\Config\BaseService::__callStatic()
#10 /medata/webapps/mynrc/system/Config/Services.php(563): CodeIgniter\Config\BaseService::getSharedInstance()
#11 /medata/webapps/mynrc/system/Config/BaseService.php(248): CodeIgniter\Config\Services::session()
#12 /medata/webapps/mynrc/system/Common.php(901): CodeIgniter\Config\BaseService::__callStatic()
#13 /medata/webapps/mynrc/app/Filters/Myauthuser.php(11): session()
#14 /medata/webapps/mynrc/system/Filters/Filters.php(173): App\Filters\Myauthuser->before()
#15 /medata/webapps/mynrc/system/CodeIgniter.php(393): CodeIgniter\Filters\Filters->run()
#16 /medata/webapps/mynrc/system/CodeIgniter.php(326): CodeIgniter\CodeIgniter->handleRequest()
#17 /medata/webapps/mynrc/public/index.php(37): CodeIgniter\CodeIgniter->run()
#18 {main}
CRITICAL - 2022-05-11 11:18:14 --> ini_set(): Session ini settings cannot be changed when a session is active
#0 [internal function]: CodeIgniter\Debug\Exceptions->errorHandler()
#1 /medata/webapps/mynrc/system/Session/Handlers/BaseHandler.php(162): ini_set()
#2 /medata/webapps/mynrc/system/Session/Handlers/DatabaseHandler.php(274): CodeIgniter\Session\Handlers\BaseHandler->fail()
#3 /medata/webapps/mynrc/system/Session/Handlers/DatabaseHandler.php(111): CodeIgniter\Session\Handlers\DatabaseHandler->lockSession()
#4 [internal function]: CodeIgniter\Session\Handlers\DatabaseHandler->read()
#5 /medata/webapps/mynrc/system/Session/Session.php(894): session_start()
#6 /medata/webapps/mynrc/system/Session/Session.php(238): CodeIgniter\Session\Session->startSession()
#7 /medata/webapps/mynrc/system/Config/Services.php(577): CodeIgniter\Session\Session->start()
#8 /medata/webapps/mynrc/system/Config/BaseService.php(248): CodeIgniter\Config\Services::session()
#9 /medata/webapps/mynrc/system/Config/BaseService.php(189): CodeIgniter\Config\BaseService::__callStatic()
#10 /medata/webapps/mynrc/system/Config/Services.php(563): CodeIgniter\Config\BaseService::getSharedInstance()
#11 /medata/webapps/mynrc/system/Config/BaseService.php(248): CodeIgniter\Config\Services::session()
#12 /medata/webapps/mynrc/system/Common.php(901): CodeIgniter\Config\BaseService::__callStatic()
#13 /medata/webapps/mynrc/app/Filters/Myauthuser.php(11): session()
#14 /medata/webapps/mynrc/system/Filters/Filters.php(173): App\Filters\Myauthuser->before()
#15 /medata/webapps/mynrc/system/CodeIgniter.php(393): CodeIgniter\Filters\Filters->run()
#16 /medata/webapps/mynrc/system/CodeIgniter.php(326): CodeIgniter\CodeIgniter->handleRequest()
#17 /medata/webapps/mynrc/public/index.php(37): CodeIgniter\CodeIgniter->run()
#18 {main}
CRITICAL - 2022-05-11 11:18:19 --> ini_set(): Session ini settings cannot be changed when a session is active
#0 [internal function]: CodeIgniter\Debug\Exceptions->errorHandler()
#1 /medata/webapps/mynrc/system/Session/Handlers/BaseHandler.php(162): ini_set()
#2 /medata/webapps/mynrc/system/Session/Handlers/DatabaseHandler.php(274): CodeIgniter\Session\Handlers\BaseHandler->fail()
#3 /medata/webapps/mynrc/system/Session/Handlers/DatabaseHandler.php(111): CodeIgniter\Session\Handlers\DatabaseHandler->lockSession()
#4 [internal function]: CodeIgniter\Session\Handlers\DatabaseHandler->read()
#5 /medata/webapps/mynrc/system/Session/Session.php(894): session_start()
#6 /medata/webapps/mynrc/system/Session/Session.php(238): CodeIgniter\Session\Session->startSession()
#7 /medata/webapps/mynrc/system/Config/Services.php(577): CodeIgniter\Session\Session->start()
#8 /medata/webapps/mynrc/system/Config/BaseService.php(248): CodeIgniter\Config\Services::session()
#9 /medata/webapps/mynrc/system/Config/BaseService.php(189): CodeIgniter\Config\BaseService::__callStatic()
#10 /medata/webapps/mynrc/system/Config/Services.php(563): CodeIgniter\Config\BaseService::getSharedInstance()
#11 /medata/webapps/mynrc/system/Config/BaseService.php(248): CodeIgniter\Config\Services::session()
#12 /medata/webapps/mynrc/system/Common.php(901): CodeIgniter\Config\BaseService::__callStatic()
#13 /medata/webapps/mynrc/app/Filters/Myauthuser.php(11): session()
#14 /medata/webapps/mynrc/system/Filters/Filters.php(173): App\Filters\Myauthuser->before()
#15 /medata/webapps/mynrc/system/CodeIgniter.php(393): CodeIgniter\Filters\Filters->run()
#16 /medata/webapps/mynrc/system/CodeIgniter.php(326): CodeIgniter\CodeIgniter->handleRequest()
#17 /medata/webapps/mynrc/public/index.php(37): CodeIgniter\CodeIgniter->run()
#18 {main}
CRITICAL - 2022-05-11 11:18:21 --> ini_set(): Session ini settings cannot be changed when a session is active
#0 [internal function]: CodeIgniter\Debug\Exceptions->errorHandler()
#1 /medata/webapps/mynrc/system/Session/Handlers/BaseHandler.php(162): ini_set()
#2 /medata/webapps/mynrc/system/Session/Handlers/DatabaseHandler.php(274): CodeIgniter\Session\Handlers\BaseHandler->fail()
#3 /medata/webapps/mynrc/system/Session/Handlers/DatabaseHandler.php(111): CodeIgniter\Session\Handlers\DatabaseHandler->lockSession()
#4 [internal function]: CodeIgniter\Session\Handlers\DatabaseHandler->read()
#5 /medata/webapps/mynrc/system/Session/Session.php(894): session_start()
#6 /medata/webapps/mynrc/system/Session/Session.php(238): CodeIgniter\Session\Session->startSession()
#7 /medata/webapps/mynrc/system/Config/Services.php(577): CodeIgniter\Session\Session->start()
#8 /medata/webapps/mynrc/system/Config/BaseService.php(248): CodeIgniter\Config\Services::session()
#9 /medata/webapps/mynrc/system/Config/BaseService.php(189): CodeIgniter\Config\BaseService::__callStatic()
#10 /medata/webapps/mynrc/system/Config/Services.php(563): CodeIgniter\Config\BaseService::getSharedInstance()
#11 /medata/webapps/mynrc/system/Config/BaseService.php(248): CodeIgniter\Config\Services::session()
#12 /medata/webapps/mynrc/system/Common.php(901): CodeIgniter\Config\BaseService::__callStatic()
#13 /medata/webapps/mynrc/app/Filters/Myauthuser.php(11): session()
#14 /medata/webapps/mynrc/system/Filters/Filters.php(173): App\Filters\Myauthuser->before()
#15 /medata/webapps/mynrc/system/CodeIgniter.php(393): CodeIgniter\Filters\Filters->run()
#16 /medata/webapps/mynrc/system/CodeIgniter.php(326): CodeIgniter\CodeIgniter->handleRequest()
#17 /medata/webapps/mynrc/public/index.php(37): CodeIgniter\CodeIgniter->run()
#18 {main}
CRITICAL - 2022-05-11 11:18:59 --> ini_set(): Session ini settings cannot be changed when a session is active
#0 [internal function]: CodeIgniter\Debug\Exceptions->errorHandler()
#1 /medata/webapps/mynrc/system/Session/Handlers/BaseHandler.php(162): ini_set()
#2 /medata/webapps/mynrc/system/Session/Handlers/DatabaseHandler.php(274): CodeIgniter\Session\Handlers\BaseHandler->fail()
#3 /medata/webapps/mynrc/system/Session/Handlers/DatabaseHandler.php(111): CodeIgniter\Session\Handlers\DatabaseHandler->lockSession()
#4 [internal function]: CodeIgniter\Session\Handlers\DatabaseHandler->read()
#5 /medata/webapps/mynrc/system/Session/Session.php(894): session_start()
#6 /medata/webapps/mynrc/system/Session/Session.php(238): CodeIgniter\Session\Session->startSession()
#7 /medata/webapps/mynrc/system/Config/Services.php(577): CodeIgniter\Session\Session->start()
#8 /medata/webapps/mynrc/system/Config/BaseService.php(248): CodeIgniter\Config\Services::session()
#9 /medata/webapps/mynrc/system/Config/BaseService.php(189): CodeIgniter\Config\BaseService::__callStatic()
#10 /medata/webapps/mynrc/system/Config/Services.php(563): CodeIgniter\Config\BaseService::getSharedInstance()
#11 /medata/webapps/mynrc/system/Config/BaseService.php(248): CodeIgniter\Config\Services::session()
#12 /medata/webapps/mynrc/system/Common.php(901): CodeIgniter\Config\BaseService::__callStatic()
#13 /medata/webapps/mynrc/app/Filters/Myauthuser.php(11): session()
#14 /medata/webapps/mynrc/system/Filters/Filters.php(173): App\Filters\Myauthuser->before()
#15 /medata/webapps/mynrc/system/CodeIgniter.php(393): CodeIgniter\Filters\Filters->run()
#16 /medata/webapps/mynrc/system/CodeIgniter.php(326): CodeIgniter\CodeIgniter->handleRequest()
#17 /medata/webapps/mynrc/public/index.php(37): CodeIgniter\CodeIgniter->run()
#18 {main}
CRITICAL - 2022-05-11 11:20:08 --> ini_set(): Session ini settings cannot be changed when a session is active
#0 [internal function]: CodeIgniter\Debug\Exceptions->errorHandler()
#1 /medata/webapps/mynrc/system/Session/Handlers/BaseHandler.php(162): ini_set()
#2 /medata/webapps/mynrc/system/Session/Handlers/DatabaseHandler.php(274): CodeIgniter\Session\Handlers\BaseHandler->fail()
#3 /medata/webapps/mynrc/system/Session/Handlers/DatabaseHandler.php(111): CodeIgniter\Session\Handlers\DatabaseHandler->lockSession()
#4 [internal function]: CodeIgniter\Session\Handlers\DatabaseHandler->read()
#5 /medata/webapps/mynrc/system/Session/Session.php(894): session_start()
#6 /medata/webapps/mynrc/system/Session/Session.php(238): CodeIgniter\Session\Session->startSession()
#7 /medata/webapps/mynrc/system/Config/Services.php(577): CodeIgniter\Session\Session->start()
#8 /medata/webapps/mynrc/system/Config/BaseService.php(248): CodeIgniter\Config\Services::session()
#9 /medata/webapps/mynrc/system/Config/BaseService.php(189): CodeIgniter\Config\BaseService::__callStatic()
#10 /medata/webapps/mynrc/system/Config/Services.php(563): CodeIgniter\Config\BaseService::getSharedInstance()
#11 /medata/webapps/mynrc/system/Config/BaseService.php(248): CodeIgniter\Config\Services::session()
#12 /medata/webapps/mynrc/system/Common.php(901): CodeIgniter\Config\BaseService::__callStatic()
#13 /medata/webapps/mynrc/app/Filters/Myauthuser.php(11): session()
#14 /medata/webapps/mynrc/system/Filters/Filters.php(173): App\Filters\Myauthuser->before()
#15 /medata/webapps/mynrc/system/CodeIgniter.php(393): CodeIgniter\Filters\Filters->run()
#16 /medata/webapps/mynrc/system/CodeIgniter.php(326): CodeIgniter\CodeIgniter->handleRequest()
#17 /medata/webapps/mynrc/public/index.php(37): CodeIgniter\CodeIgniter->run()
#18 {main}
CRITICAL - 2022-05-11 11:45:04 --> ini_set(): Session ini settings cannot be changed when a session is active
#0 [internal function]: CodeIgniter\Debug\Exceptions->errorHandler()
#1 /medata/webapps/mynrc/system/Session/Handlers/BaseHandler.php(162): ini_set()
#2 /medata/webapps/mynrc/system/Session/Handlers/DatabaseHandler.php(274): CodeIgniter\Session\Handlers\BaseHandler->fail()
#3 /medata/webapps/mynrc/system/Session/Handlers/DatabaseHandler.php(111): CodeIgniter\Session\Handlers\DatabaseHandler->lockSession()
#4 [internal function]: CodeIgniter\Session\Handlers\DatabaseHandler->read()
#5 /medata/webapps/mynrc/system/Session/Session.php(894): session_start()
#6 /medata/webapps/mynrc/system/Session/Session.php(238): CodeIgniter\Session\Session->startSession()
#7 /medata/webapps/mynrc/system/Config/Services.php(577): CodeIgniter\Session\Session->start()
#8 /medata/webapps/mynrc/system/Config/BaseService.php(248): CodeIgniter\Config\Services::session()
#9 /medata/webapps/mynrc/system/Config/BaseService.php(189): CodeIgniter\Config\BaseService::__callStatic()
#10 /medata/webapps/mynrc/system/Config/Services.php(563): CodeIgniter\Config\BaseService::getSharedInstance()
#11 /medata/webapps/mynrc/system/Config/BaseService.php(248): CodeIgniter\Config\Services::session()
#12 /medata/webapps/mynrc/system/Common.php(901): CodeIgniter\Config\BaseService::__callStatic()
#13 /medata/webapps/mynrc/app/Filters/Myauthuser.php(11): session()
#14 /medata/webapps/mynrc/system/Filters/Filters.php(173): App\Filters\Myauthuser->before()
#15 /medata/webapps/mynrc/system/CodeIgniter.php(393): CodeIgniter\Filters\Filters->run()
#16 /medata/webapps/mynrc/system/CodeIgniter.php(326): CodeIgniter\CodeIgniter->handleRequest()
#17 /medata/webapps/mynrc/public/index.php(37): CodeIgniter\CodeIgniter->run()
#18 {main}
CRITICAL - 2022-05-11 11:50:57 --> ini_set(): Session ini settings cannot be changed when a session is active
#0 [internal function]: CodeIgniter\Debug\Exceptions->errorHandler()
#1 /medata/webapps/mynrc/system/Session/Handlers/BaseHandler.php(162): ini_set()
#2 /medata/webapps/mynrc/system/Session/Handlers/DatabaseHandler.php(274): CodeIgniter\Session\Handlers\BaseHandler->fail()
#3 /medata/webapps/mynrc/system/Session/Handlers/DatabaseHandler.php(111): CodeIgniter\Session\Handlers\DatabaseHandler->lockSession()
#4 [internal function]: CodeIgniter\Session\Handlers\DatabaseHandler->read()
#5 /medata/webapps/mynrc/system/Session/Session.php(894): session_start()
#6 /medata/webapps/mynrc/system/Session/Session.php(238): CodeIgniter\Session\Session->startSession()
#7 /medata/webapps/mynrc/system/Config/Services.php(577): CodeIgniter\Session\Session->start()
#8 /medata/webapps/mynrc/system/Config/BaseService.php(248): CodeIgniter\Config\Services::session()
#9 /medata/webapps/mynrc/system/Config/BaseService.php(189): CodeIgniter\Config\BaseService::__callStatic()
#10 /medata/webapps/mynrc/system/Config/Services.php(563): CodeIgniter\Config\BaseService::getSharedInstance()
#11 /medata/webapps/mynrc/system/Config/BaseService.php(248): CodeIgniter\Config\Services::session()
#12 /medata/webapps/mynrc/system/Common.php(901): CodeIgniter\Config\BaseService::__callStatic()
#13 /medata/webapps/mynrc/app/Filters/Myauthuser.php(11): session()
#14 /medata/webapps/mynrc/system/Filters/Filters.php(173): App\Filters\Myauthuser->before()
#15 /medata/webapps/mynrc/system/CodeIgniter.php(393): CodeIgniter\Filters\Filters->run()
#16 /medata/webapps/mynrc/system/CodeIgniter.php(326): CodeIgniter\CodeIgniter->handleRequest()
#17 /medata/webapps/mynrc/public/index.php(37): CodeIgniter\CodeIgniter->run()
#18 {main}
CRITICAL - 2022-05-11 11:52:22 --> ini_set(): Session ini settings cannot be changed when a session is active
#0 [internal function]: CodeIgniter\Debug\Exceptions->errorHandler()
#1 /medata/webapps/mynrc/system/Session/Handlers/BaseHandler.php(162): ini_set()
#2 /medata/webapps/mynrc/system/Session/Handlers/DatabaseHandler.php(274): CodeIgniter\Session\Handlers\BaseHandler->fail()
#3 /medata/webapps/mynrc/system/Session/Handlers/DatabaseHandler.php(111): CodeIgniter\Session\Handlers\DatabaseHandler->lockSession()
#4 [internal function]: CodeIgniter\Session\Handlers\DatabaseHandler->read()
#5 /medata/webapps/mynrc/system/Session/Session.php(894): session_start()
#6 /medata/webapps/mynrc/system/Session/Session.php(238): CodeIgniter\Session\Session->startSession()
#7 /medata/webapps/mynrc/system/Config/Services.php(577): CodeIgniter\Session\Session->start()
#8 /medata/webapps/mynrc/system/Config/BaseService.php(248): CodeIgniter\Config\Services::session()
#9 /medata/webapps/mynrc/system/Config/BaseService.php(189): CodeIgniter\Config\BaseService::__callStatic()
#10 /medata/webapps/mynrc/system/Config/Services.php(563): CodeIgniter\Config\BaseService::getSharedInstance()
#11 /medata/webapps/mynrc/system/Config/BaseService.php(248): CodeIgniter\Config\Services::session()
#12 /medata/webapps/mynrc/system/Common.php(901): CodeIgniter\Config\BaseService::__callStatic()
#13 /medata/webapps/mynrc/app/Filters/Myauthuser.php(11): session()
#14 /medata/webapps/mynrc/system/Filters/Filters.php(173): App\Filters\Myauthuser->before()
#15 /medata/webapps/mynrc/system/CodeIgniter.php(393): CodeIgniter\Filters\Filters->run()
#16 /medata/webapps/mynrc/system/CodeIgniter.php(326): CodeIgniter\CodeIgniter->handleRequest()
#17 /medata/webapps/mynrc/public/index.php(37): CodeIgniter\CodeIgniter->run()
#18 {main}
CRITICAL - 2022-05-11 12:09:47 --> ini_set(): Session ini settings cannot be changed when a session is active
#0 [internal function]: CodeIgniter\Debug\Exceptions->errorHandler()
#1 /medata/webapps/mynrc/system/Session/Handlers/BaseHandler.php(162): ini_set()
#2 /medata/webapps/mynrc/system/Session/Handlers/DatabaseHandler.php(274): CodeIgniter\Session\Handlers\BaseHandler->fail()
#3 /medata/webapps/mynrc/system/Session/Handlers/DatabaseHandler.php(111): CodeIgniter\Session\Handlers\DatabaseHandler->lockSession()
#4 [internal function]: CodeIgniter\Session\Handlers\DatabaseHandler->read()
#5 /medata/webapps/mynrc/system/Session/Session.php(894): session_start()
#6 /medata/webapps/mynrc/system/Session/Session.php(238): CodeIgniter\Session\Session->startSession()
#7 /medata/webapps/mynrc/system/Config/Services.php(577): CodeIgniter\Session\Session->start()
#8 /medata/webapps/mynrc/system/Config/BaseService.php(248): CodeIgniter\Config\Services::session()
#9 /medata/webapps/mynrc/system/Config/BaseService.php(189): CodeIgniter\Config\BaseService::__callStatic()
#10 /medata/webapps/mynrc/system/Config/Services.php(563): CodeIgniter\Config\BaseService::getSharedInstance()
#11 /medata/webapps/mynrc/system/Config/BaseService.php(248): CodeIgniter\Config\Services::session()
#12 /medata/webapps/mynrc/system/Common.php(901): CodeIgniter\Config\BaseService::__callStatic()
#13 /medata/webapps/mynrc/app/Filters/Myauthuser.php(11): session()
#14 /medata/webapps/mynrc/system/Filters/Filters.php(173): App\Filters\Myauthuser->before()
#15 /medata/webapps/mynrc/system/CodeIgniter.php(393): CodeIgniter\Filters\Filters->run()
#16 /medata/webapps/mynrc/system/CodeIgniter.php(326): CodeIgniter\CodeIgniter->handleRequest()
#17 /medata/webapps/mynrc/public/index.php(37): CodeIgniter\CodeIgniter->run()
#18 {main}
CRITICAL - 2022-05-11 12:09:52 --> ini_set(): Session ini settings cannot be changed when a session is active
#0 [internal function]: CodeIgniter\Debug\Exceptions->errorHandler()
#1 /medata/webapps/mynrc/system/Session/Handlers/BaseHandler.php(162): ini_set()
#2 /medata/webapps/mynrc/system/Session/Handlers/DatabaseHandler.php(274): CodeIgniter\Session\Handlers\BaseHandler->fail()
#3 /medata/webapps/mynrc/system/Session/Handlers/DatabaseHandler.php(111): CodeIgniter\Session\Handlers\DatabaseHandler->lockSession()
#4 [internal function]: CodeIgniter\Session\Handlers\DatabaseHandler->read()
#5 /medata/webapps/mynrc/system/Session/Session.php(894): session_start()
#6 /medata/webapps/mynrc/system/Session/Session.php(238): CodeIgniter\Session\Session->startSession()
#7 /medata/webapps/mynrc/system/Config/Services.php(577): CodeIgniter\Session\Session->start()
#8 /medata/webapps/mynrc/system/Config/BaseService.php(248): CodeIgniter\Config\Services::session()
#9 /medata/webapps/mynrc/system/Config/BaseService.php(189): CodeIgniter\Config\BaseService::__callStatic()
#10 /medata/webapps/mynrc/system/Config/Services.php(563): CodeIgniter\Config\BaseService::getSharedInstance()
#11 /medata/webapps/mynrc/system/Config/BaseService.php(248): CodeIgniter\Config\Services::session()
#12 /medata/webapps/mynrc/system/Common.php(901): CodeIgniter\Config\BaseService::__callStatic()
#13 /medata/webapps/mynrc/app/Filters/Myauthuser.php(11): session()
#14 /medata/webapps/mynrc/system/Filters/Filters.php(173): App\Filters\Myauthuser->before()
#15 /medata/webapps/mynrc/system/CodeIgniter.php(393): CodeIgniter\Filters\Filters->run()
#16 /medata/webapps/mynrc/system/CodeIgniter.php(326): CodeIgniter\CodeIgniter->handleRequest()
#17 /medata/webapps/mynrc/public/index.php(37): CodeIgniter\CodeIgniter->run()
#18 {main}
CRITICAL - 2022-05-11 15:16:29 --> syntax error, unexpected single-quoted string "", expecting variable or "{" or "$"
#0 /medata/webapps/mynrc/system/View/View.php(213): CodeIgniter\View\View->CodeIgniter\View\{closure}()
#1 /medata/webapps/mynrc/system/Common.php(1089): CodeIgniter\View\View->render()
#2 /medata/webapps/mynrc/app/Controllers/Md_customer.php(35): view()
#3 /medata/webapps/mynrc/system/CodeIgniter.php(832): App\Controllers\Md_customer->profile()
#4 /medata/webapps/mynrc/system/CodeIgniter.php(419): CodeIgniter\CodeIgniter->runController()
#5 /medata/webapps/mynrc/system/CodeIgniter.php(326): CodeIgniter\CodeIgniter->handleRequest()
#6 /medata/webapps/mynrc/public/index.php(37): CodeIgniter\CodeIgniter->run()
#7 {main}
CRITICAL - 2022-05-11 15:19:14 --> syntax error, unexpected token ","
#0 /medata/webapps/mynrc/system/View/View.php(213): CodeIgniter\View\View->CodeIgniter\View\{closure}()
#1 /medata/webapps/mynrc/system/Common.php(1089): CodeIgniter\View\View->render()
#2 /medata/webapps/mynrc/app/Controllers/Md_customer.php(35): view()
#3 /medata/webapps/mynrc/system/CodeIgniter.php(832): App\Controllers\Md_customer->profile()
#4 /medata/webapps/mynrc/system/CodeIgniter.php(419): CodeIgniter\CodeIgniter->runController()
#5 /medata/webapps/mynrc/system/CodeIgniter.php(326): CodeIgniter\CodeIgniter->handleRequest()
#6 /medata/webapps/mynrc/public/index.php(37): CodeIgniter\CodeIgniter->run()
#7 {main}
CRITICAL - 2022-05-11 15:20:36 --> Unclosed '{' on line 6 does not match ')'
#0 /medata/webapps/mynrc/system/Autoloader/Autoloader.php(241): CodeIgniter\Autoloader\Autoloader->includeFile()
#1 /medata/webapps/mynrc/system/Autoloader/Autoloader.php(219): CodeIgniter\Autoloader\Autoloader->loadInNamespace()
#2 [internal function]: CodeIgniter\Autoloader\Autoloader->loadClass()
#3 /medata/webapps/mynrc/system/Config/Factories.php(136): class_exists()
#4 /medata/webapps/mynrc/system/Config/Factories.php(106): CodeIgniter\Config\Factories::locateClass()
#5 /medata/webapps/mynrc/system/Common.php(780): CodeIgniter\Config\Factories::__callStatic()
#6 /medata/webapps/mynrc/app/Views/masterdata/md-customer-profile.php(6): model()
#7 /medata/webapps/mynrc/system/View/View.php(210): include('...')
#8 /medata/webapps/mynrc/system/View/View.php(213): CodeIgniter\View\View->CodeIgniter\View\{closure}()
#9 /medata/webapps/mynrc/system/Common.php(1089): CodeIgniter\View\View->render()
#10 /medata/webapps/mynrc/app/Controllers/Md_customer.php(35): view()
#11 /medata/webapps/mynrc/system/CodeIgniter.php(832): App\Controllers\Md_customer->profile()
#12 /medata/webapps/mynrc/system/CodeIgniter.php(419): CodeIgniter\CodeIgniter->runController()
#13 /medata/webapps/mynrc/system/CodeIgniter.php(326): CodeIgniter\CodeIgniter->handleRequest()
#14 /medata/webapps/mynrc/public/index.php(37): CodeIgniter\CodeIgniter->run()
#15 {main}
CRITICAL - 2022-05-11 15:20:58 --> Undefined property: CodeIgniter\View\View::$mylibz
#0 /medata/webapps/mynrc/app/Views/masterdata/md-customer-profile.php(9): CodeIgniter\Debug\Exceptions->errorHandler()
#1 /medata/webapps/mynrc/system/View/View.php(210): include('...')
#2 /medata/webapps/mynrc/system/View/View.php(213): CodeIgniter\View\View->CodeIgniter\View\{closure}()
#3 /medata/webapps/mynrc/system/Common.php(1089): CodeIgniter\View\View->render()
#4 /medata/webapps/mynrc/app/Controllers/Md_customer.php(35): view()
#5 /medata/webapps/mynrc/system/CodeIgniter.php(832): App\Controllers\Md_customer->profile()
#6 /medata/webapps/mynrc/system/CodeIgniter.php(419): CodeIgniter\CodeIgniter->runController()
#7 /medata/webapps/mynrc/system/CodeIgniter.php(326): CodeIgniter\CodeIgniter->handleRequest()
#8 /medata/webapps/mynrc/public/index.php(37): CodeIgniter\CodeIgniter->run()
#9 {main}
CRITICAL - 2022-05-11 15:22:35 --> Undefined property: CodeIgniter\View\View::$request
#0 /medata/webapps/mynrc/app/Views/masterdata/md-customer-profile.php(15): CodeIgniter\Debug\Exceptions->errorHandler()
#1 /medata/webapps/mynrc/system/View/View.php(210): include('...')
#2 /medata/webapps/mynrc/system/View/View.php(213): CodeIgniter\View\View->CodeIgniter\View\{closure}()
#3 /medata/webapps/mynrc/system/Common.php(1089): CodeIgniter\View\View->render()
#4 /medata/webapps/mynrc/app/Controllers/Md_customer.php(35): view()
#5 /medata/webapps/mynrc/system/CodeIgniter.php(832): App\Controllers\Md_customer->profile()
#6 /medata/webapps/mynrc/system/CodeIgniter.php(419): CodeIgniter\CodeIgniter->runController()
#7 /medata/webapps/mynrc/system/CodeIgniter.php(326): CodeIgniter\CodeIgniter->handleRequest()
#8 /medata/webapps/mynrc/public/index.php(37): CodeIgniter\CodeIgniter->run()
#9 {main}
CRITICAL - 2022-05-11 15:28:14 --> Undefined variable $mtkn_arttr
#0 /medata/webapps/mynrc/app/Views/masterdata/md-customer-profile-recs.php(101): CodeIgniter\Debug\Exceptions->errorHandler()
#1 /medata/webapps/mynrc/system/View/View.php(210): include('...')
#2 /medata/webapps/mynrc/system/View/View.php(213): CodeIgniter\View\View->CodeIgniter\View\{closure}()
#3 /medata/webapps/mynrc/system/Common.php(1089): CodeIgniter\View\View->render()
#4 /medata/webapps/mynrc/app/Views/masterdata/md-customer-profile.php(320): view()
#5 /medata/webapps/mynrc/system/View/View.php(210): include('...')
#6 /medata/webapps/mynrc/system/View/View.php(213): CodeIgniter\View\View->CodeIgniter\View\{closure}()
#7 /medata/webapps/mynrc/system/Common.php(1089): CodeIgniter\View\View->render()
#8 /medata/webapps/mynrc/app/Controllers/Md_customer.php(35): view()
#9 /medata/webapps/mynrc/system/CodeIgniter.php(832): App\Controllers\Md_customer->profile()
#10 /medata/webapps/mynrc/system/CodeIgniter.php(419): CodeIgniter\CodeIgniter->runController()
#11 /medata/webapps/mynrc/system/CodeIgniter.php(326): CodeIgniter\CodeIgniter->handleRequest()
#12 /medata/webapps/mynrc/public/index.php(37): CodeIgniter\CodeIgniter->run()
#13 {main}
CRITICAL - 2022-05-11 15:49:35 --> Undefined property: CodeIgniter\View\View::$db_erp
#0 /medata/webapps/mynrc/app/Views/masterdata/md-customer-profile.php(92): CodeIgniter\Debug\Exceptions->errorHandler()
#1 /medata/webapps/mynrc/system/View/View.php(210): include('...')
#2 /medata/webapps/mynrc/system/View/View.php(213): CodeIgniter\View\View->CodeIgniter\View\{closure}()
#3 /medata/webapps/mynrc/system/Common.php(1089): CodeIgniter\View\View->render()
#4 /medata/webapps/mynrc/app/Controllers/Md_customer.php(35): view()
#5 /medata/webapps/mynrc/system/CodeIgniter.php(832): App\Controllers\Md_customer->profile()
#6 /medata/webapps/mynrc/system/CodeIgniter.php(419): CodeIgniter\CodeIgniter->runController()
#7 /medata/webapps/mynrc/system/CodeIgniter.php(326): CodeIgniter\CodeIgniter->handleRequest()
#8 /medata/webapps/mynrc/public/index.php(37): CodeIgniter\CodeIgniter->run()
#9 {main}
CRITICAL - 2022-05-11 15:59:34 --> Undefined property: CodeIgniter\View\View::$mylibzdb
#0 /medata/webapps/mynrc/app/Views/masterdata/md-customer-profile.php(113): CodeIgniter\Debug\Exceptions->errorHandler()
#1 /medata/webapps/mynrc/system/View/View.php(210): include('...')
#2 /medata/webapps/mynrc/system/View/View.php(213): CodeIgniter\View\View->CodeIgniter\View\{closure}()
#3 /medata/webapps/mynrc/system/Common.php(1089): CodeIgniter\View\View->render()
#4 /medata/webapps/mynrc/app/Controllers/Md_customer.php(35): view()
#5 /medata/webapps/mynrc/system/CodeIgniter.php(832): App\Controllers\Md_customer->profile()
#6 /medata/webapps/mynrc/system/CodeIgniter.php(419): CodeIgniter\CodeIgniter->runController()
#7 /medata/webapps/mynrc/system/CodeIgniter.php(326): CodeIgniter\CodeIgniter->handleRequest()
#8 /medata/webapps/mynrc/public/index.php(37): CodeIgniter\CodeIgniter->run()
#9 {main}
ERROR - 2022-05-11 16:00:26 --> Unknown column 'aa.Correspondence Code' in 'field list'
ERROR - 2022-05-11 16:00:35 --> Unknown column 'aa.Correspondence Code' in 'field list'
ERROR - 2022-05-11 16:00:59 --> Unknown column 'aa.Correspondence Code' in 'field list'
ERROR - 2022-05-11 16:03:36 --> Unknown column 'aa.Correspondence Code' in 'field list'
ERROR - 2022-05-11 16:03:41 --> Unknown column 'aa.Correspondence Code' in 'field list'
ERROR - 2022-05-11 16:30:42 --> Unknown column 'aa.Correspondence Code' in 'field list'
ERROR - 2022-05-11 16:30:46 --> Unknown column 'aa.Correspondence Code' in 'field list'
ERROR - 2022-05-11 16:30:48 --> Unknown column 'aa.Correspondence Code' in 'field list'
ERROR - 2022-05-11 16:31:56 --> Unknown column 'aa.Correspondence Code' in 'field list'
ERROR - 2022-05-11 16:34:35 --> Unknown column 'aa.Correspondence Code' in 'field list'
ERROR - 2022-05-11 16:34:59 --> Unknown column 'aa.Correspondence Code' in 'field list'
ERROR - 2022-05-11 16:35:08 --> Unknown column 'aa.Correspondence Code' in 'field list'
ERROR - 2022-05-11 16:51:36 --> Unknown column 'aa.Correspondence Code' in 'field list'
ERROR - 2022-05-11 16:51:47 --> Unknown column 'aa.Correspondence Code' in 'field list'
CRITICAL - 2022-05-11 16:56:39 --> Undefined variable $request
#0 /medata/webapps/mynrc/app/Controllers/Md_customer.php(34): CodeIgniter\Debug\Exceptions->errorHandler()
#1 /medata/webapps/mynrc/system/CodeIgniter.php(832): App\Controllers\Md_customer->profile()
#2 /medata/webapps/mynrc/system/CodeIgniter.php(419): CodeIgniter\CodeIgniter->runController()
#3 /medata/webapps/mynrc/system/CodeIgniter.php(326): CodeIgniter\CodeIgniter->handleRequest()
#4 /medata/webapps/mynrc/public/index.php(37): CodeIgniter\CodeIgniter->run()
#5 {main}
CRITICAL - 2022-05-11 16:59:00 --> Undefined variable $mtkn_trxno
#0 /medata/webapps/mynrc/app/Views/masterdata/md-customer-profile.php(21): CodeIgniter\Debug\Exceptions->errorHandler()
#1 /medata/webapps/mynrc/system/View/View.php(210): include('...')
#2 /medata/webapps/mynrc/system/View/View.php(213): CodeIgniter\View\View->CodeIgniter\View\{closure}()
#3 /medata/webapps/mynrc/system/Common.php(1089): CodeIgniter\View\View->render()
#4 /medata/webapps/mynrc/app/Controllers/Md_customer.php(40): view()
#5 /medata/webapps/mynrc/system/CodeIgniter.php(832): App\Controllers\Md_customer->profile()
#6 /medata/webapps/mynrc/system/CodeIgniter.php(419): CodeIgniter\CodeIgniter->runController()
#7 /medata/webapps/mynrc/system/CodeIgniter.php(326): CodeIgniter\CodeIgniter->handleRequest()
#8 /medata/webapps/mynrc/public/index.php(37): CodeIgniter\CodeIgniter->run()
#9 {main}
CRITICAL - 2022-05-11 17:09:16 --> Undefined variable $mtkn_trxno
#0 /medata/webapps/mynrc/app/Views/masterdata/md-customer-profile.php(184): CodeIgniter\Debug\Exceptions->errorHandler()
#1 /medata/webapps/mynrc/system/View/View.php(210): include('...')
#2 /medata/webapps/mynrc/system/View/View.php(213): CodeIgniter\View\View->CodeIgniter\View\{closure}()
#3 /medata/webapps/mynrc/system/Common.php(1089): CodeIgniter\View\View->render()
#4 /medata/webapps/mynrc/app/Controllers/Md_customer.php(40): view()
#5 /medata/webapps/mynrc/system/CodeIgniter.php(832): App\Controllers\Md_customer->profile()
#6 /medata/webapps/mynrc/system/CodeIgniter.php(419): CodeIgniter\CodeIgniter->runController()
#7 /medata/webapps/mynrc/system/CodeIgniter.php(326): CodeIgniter\CodeIgniter->handleRequest()
#8 /medata/webapps/mynrc/public/index.php(37): CodeIgniter\CodeIgniter->run()
#9 {main}
CRITICAL - 2022-05-11 17:32:24 --> Undefined variable $mtkn_trxno
#0 /medata/webapps/mynrc/app/Views/masterdata/md-customer-profile.php(184): CodeIgniter\Debug\Exceptions->errorHandler()
#1 /medata/webapps/mynrc/system/View/View.php(210): include('...')
#2 /medata/webapps/mynrc/system/View/View.php(213): CodeIgniter\View\View->CodeIgniter\View\{closure}()
#3 /medata/webapps/mynrc/system/Common.php(1089): CodeIgniter\View\View->render()
#4 /medata/webapps/mynrc/app/Controllers/Md_customer.php(40): view()
#5 /medata/webapps/mynrc/system/CodeIgniter.php(832): App\Controllers\Md_customer->profile()
#6 /medata/webapps/mynrc/system/CodeIgniter.php(419): CodeIgniter\CodeIgniter->runController()
#7 /medata/webapps/mynrc/system/CodeIgniter.php(326): CodeIgniter\CodeIgniter->handleRequest()
#8 /medata/webapps/mynrc/public/index.php(37): CodeIgniter\CodeIgniter->run()
#9 {main}
ERROR - 2022-05-11 17:40:31 --> Unknown column 'aa.Correspondence Code' in 'field list'
