CRITICAL - 2022-10-11 08:23:43 --> unlink(/var/mdevz/mynlinksc/writable/debugbar/debugbar_1665389829.184126.json): No such file or directory
in SYSTEMPATH/Debug/Toolbar/Collectors/History.php on line 76.
 1 [internal function]: CodeIgniter\Debug\Exceptions->errorHandler()
 2 SYSTEMPATH/Debug/Toolbar/Collectors/History.php(76): unlink()
 3 SYSTEMPATH/Debug/Toolbar.php(501): CodeIgniter\Debug\Toolbar\Collectors\History->setFiles()
 4 SYSTEMPATH/Debug/Toolbar.php(478): CodeIgniter\Debug\Toolbar->format()
 5 APPPATH/Config/Events.php(48): CodeIgniter\Debug\Toolbar->respond()
 6 SYSTEMPATH/Events/Events.php(149): CodeIgniter\Events\Events::Config\{closure}()
 7 SYSTEMPATH/CodeIgniter.php(317): CodeIgniter\Events\Events::trigger()
 8 FCPATH/index.php(67): CodeIgniter\CodeIgniter->run()
CRITICAL - 2022-10-11 10:54:47 --> ini_set(): A session is active. You cannot change the session module's ini settings at this time
in SYSTEMPATH/Session/Handlers/BaseHandler.php on line 179.
 1 [internal function]: CodeIgniter\Debug\Exceptions->errorHandler()
 2 SYSTEMPATH/Session/Handlers/BaseHandler.php(179): ini_set()
 3 SYSTEMPATH/Session/Handlers/Database/MySQLiHandler.php(33): CodeIgniter\Session\Handlers\BaseHandler->fail()
 4 SYSTEMPATH/Session/Handlers/DatabaseHandler.php(108): CodeIgniter\Session\Handlers\Database\MySQLiHandler->lockSession()
 5 [internal function]: CodeIgniter\Session\Handlers\DatabaseHandler->read()
 6 SYSTEMPATH/Session/Session.php(920): session_start()
 7 SYSTEMPATH/Session/Session.php(242): CodeIgniter\Session\Session->startSession()
 8 SYSTEMPATH/Config/Services.php(665): CodeIgniter\Session\Session->start()
 9 SYSTEMPATH/Config/BaseService.php(253): CodeIgniter\Config\Services::session()
10 SYSTEMPATH/Config/BaseService.php(194): CodeIgniter\Config\BaseService::__callStatic()
11 SYSTEMPATH/Config/Services.php(637): CodeIgniter\Config\BaseService::getSharedInstance()
12 SYSTEMPATH/Config/BaseService.php(253): CodeIgniter\Config\Services::session()
13 SYSTEMPATH/Common.php(939): CodeIgniter\Config\BaseService::__callStatic()
14 APPPATH/Filters/Myauthuser.php(11): session()
15 SYSTEMPATH/Filters/Filters.php(173): App\Filters\Myauthuser->before()
16 SYSTEMPATH/CodeIgniter.php(431): CodeIgniter\Filters\Filters->run()
17 SYSTEMPATH/CodeIgniter.php(340): CodeIgniter\CodeIgniter->handleRequest()
18 FCPATH/index.php(67): CodeIgniter\CodeIgniter->run()
CRITICAL - 2022-10-11 10:55:02 --> ini_set(): A session is active. You cannot change the session module's ini settings at this time
in SYSTEMPATH/Session/Handlers/BaseHandler.php on line 179.
 1 [internal function]: CodeIgniter\Debug\Exceptions->errorHandler()
 2 SYSTEMPATH/Session/Handlers/BaseHandler.php(179): ini_set()
 3 SYSTEMPATH/Session/Handlers/Database/MySQLiHandler.php(33): CodeIgniter\Session\Handlers\BaseHandler->fail()
 4 SYSTEMPATH/Session/Handlers/DatabaseHandler.php(108): CodeIgniter\Session\Handlers\Database\MySQLiHandler->lockSession()
 5 [internal function]: CodeIgniter\Session\Handlers\DatabaseHandler->read()
 6 SYSTEMPATH/Session/Session.php(920): session_start()
 7 SYSTEMPATH/Session/Session.php(242): CodeIgniter\Session\Session->startSession()
 8 SYSTEMPATH/Config/Services.php(665): CodeIgniter\Session\Session->start()
 9 SYSTEMPATH/Config/BaseService.php(253): CodeIgniter\Config\Services::session()
10 SYSTEMPATH/Config/BaseService.php(194): CodeIgniter\Config\BaseService::__callStatic()
11 SYSTEMPATH/Config/Services.php(637): CodeIgniter\Config\BaseService::getSharedInstance()
12 SYSTEMPATH/Config/BaseService.php(253): CodeIgniter\Config\Services::session()
13 SYSTEMPATH/Common.php(939): CodeIgniter\Config\BaseService::__callStatic()
14 APPPATH/Filters/Myauthuser.php(11): session()
15 SYSTEMPATH/Filters/Filters.php(173): App\Filters\Myauthuser->before()
16 SYSTEMPATH/CodeIgniter.php(431): CodeIgniter\Filters\Filters->run()
17 SYSTEMPATH/CodeIgniter.php(340): CodeIgniter\CodeIgniter->handleRequest()
18 FCPATH/index.php(67): CodeIgniter\CodeIgniter->run()
CRITICAL - 2022-10-11 10:55:07 --> ini_set(): A session is active. You cannot change the session module's ini settings at this time
in SYSTEMPATH/Session/Handlers/BaseHandler.php on line 179.
 1 [internal function]: CodeIgniter\Debug\Exceptions->errorHandler()
 2 SYSTEMPATH/Session/Handlers/BaseHandler.php(179): ini_set()
 3 SYSTEMPATH/Session/Handlers/Database/MySQLiHandler.php(33): CodeIgniter\Session\Handlers\BaseHandler->fail()
 4 SYSTEMPATH/Session/Handlers/DatabaseHandler.php(108): CodeIgniter\Session\Handlers\Database\MySQLiHandler->lockSession()
 5 [internal function]: CodeIgniter\Session\Handlers\DatabaseHandler->read()
 6 SYSTEMPATH/Session/Session.php(920): session_start()
 7 SYSTEMPATH/Session/Session.php(242): CodeIgniter\Session\Session->startSession()
 8 SYSTEMPATH/Config/Services.php(665): CodeIgniter\Session\Session->start()
 9 SYSTEMPATH/Config/BaseService.php(253): CodeIgniter\Config\Services::session()
10 SYSTEMPATH/Config/BaseService.php(194): CodeIgniter\Config\BaseService::__callStatic()
11 SYSTEMPATH/Config/Services.php(637): CodeIgniter\Config\BaseService::getSharedInstance()
12 SYSTEMPATH/Config/BaseService.php(253): CodeIgniter\Config\Services::session()
13 SYSTEMPATH/Common.php(939): CodeIgniter\Config\BaseService::__callStatic()
14 APPPATH/Filters/Myauthuser.php(11): session()
15 SYSTEMPATH/Filters/Filters.php(173): App\Filters\Myauthuser->before()
16 SYSTEMPATH/CodeIgniter.php(431): CodeIgniter\Filters\Filters->run()
17 SYSTEMPATH/CodeIgniter.php(340): CodeIgniter\CodeIgniter->handleRequest()
18 FCPATH/index.php(67): CodeIgniter\CodeIgniter->run()
CRITICAL - 2022-10-11 10:57:18 --> ini_set(): A session is active. You cannot change the session module's ini settings at this time
in SYSTEMPATH/Session/Handlers/BaseHandler.php on line 179.
 1 [internal function]: CodeIgniter\Debug\Exceptions->errorHandler()
 2 SYSTEMPATH/Session/Handlers/BaseHandler.php(179): ini_set()
 3 SYSTEMPATH/Session/Handlers/Database/MySQLiHandler.php(33): CodeIgniter\Session\Handlers\BaseHandler->fail()
 4 SYSTEMPATH/Session/Handlers/DatabaseHandler.php(108): CodeIgniter\Session\Handlers\Database\MySQLiHandler->lockSession()
 5 [internal function]: CodeIgniter\Session\Handlers\DatabaseHandler->read()
 6 SYSTEMPATH/Session/Session.php(920): session_start()
 7 SYSTEMPATH/Session/Session.php(242): CodeIgniter\Session\Session->startSession()
 8 SYSTEMPATH/Config/Services.php(665): CodeIgniter\Session\Session->start()
 9 SYSTEMPATH/Config/BaseService.php(253): CodeIgniter\Config\Services::session()
10 SYSTEMPATH/Config/BaseService.php(194): CodeIgniter\Config\BaseService::__callStatic()
11 SYSTEMPATH/Config/Services.php(637): CodeIgniter\Config\BaseService::getSharedInstance()
12 SYSTEMPATH/Config/BaseService.php(253): CodeIgniter\Config\Services::session()
13 SYSTEMPATH/Common.php(939): CodeIgniter\Config\BaseService::__callStatic()
14 APPPATH/Filters/Myauthuser.php(11): session()
15 SYSTEMPATH/Filters/Filters.php(173): App\Filters\Myauthuser->before()
16 SYSTEMPATH/CodeIgniter.php(431): CodeIgniter\Filters\Filters->run()
17 SYSTEMPATH/CodeIgniter.php(340): CodeIgniter\CodeIgniter->handleRequest()
18 FCPATH/index.php(67): CodeIgniter\CodeIgniter->run()
CRITICAL - 2022-10-11 11:06:00 --> ini_set(): A session is active. You cannot change the session module's ini settings at this time
in SYSTEMPATH/Session/Handlers/BaseHandler.php on line 179.
 1 [internal function]: CodeIgniter\Debug\Exceptions->errorHandler()
 2 SYSTEMPATH/Session/Handlers/BaseHandler.php(179): ini_set()
 3 SYSTEMPATH/Session/Handlers/Database/MySQLiHandler.php(33): CodeIgniter\Session\Handlers\BaseHandler->fail()
 4 SYSTEMPATH/Session/Handlers/DatabaseHandler.php(108): CodeIgniter\Session\Handlers\Database\MySQLiHandler->lockSession()
 5 [internal function]: CodeIgniter\Session\Handlers\DatabaseHandler->read()
 6 SYSTEMPATH/Session/Session.php(920): session_start()
 7 SYSTEMPATH/Session/Session.php(242): CodeIgniter\Session\Session->startSession()
 8 SYSTEMPATH/Config/Services.php(665): CodeIgniter\Session\Session->start()
 9 SYSTEMPATH/Config/BaseService.php(253): CodeIgniter\Config\Services::session()
10 SYSTEMPATH/Config/BaseService.php(194): CodeIgniter\Config\BaseService::__callStatic()
11 SYSTEMPATH/Config/Services.php(637): CodeIgniter\Config\BaseService::getSharedInstance()
12 SYSTEMPATH/Config/BaseService.php(253): CodeIgniter\Config\Services::session()
13 SYSTEMPATH/Common.php(939): CodeIgniter\Config\BaseService::__callStatic()
14 APPPATH/Filters/Myauthuser.php(11): session()
15 SYSTEMPATH/Filters/Filters.php(173): App\Filters\Myauthuser->before()
16 SYSTEMPATH/CodeIgniter.php(431): CodeIgniter\Filters\Filters->run()
17 SYSTEMPATH/CodeIgniter.php(340): CodeIgniter\CodeIgniter->handleRequest()
18 FCPATH/index.php(67): CodeIgniter\CodeIgniter->run()
CRITICAL - 2022-10-11 11:06:54 --> ini_set(): A session is active. You cannot change the session module's ini settings at this time
in SYSTEMPATH/Session/Handlers/BaseHandler.php on line 179.
 1 [internal function]: CodeIgniter\Debug\Exceptions->errorHandler()
 2 SYSTEMPATH/Session/Handlers/BaseHandler.php(179): ini_set()
 3 SYSTEMPATH/Session/Handlers/Database/MySQLiHandler.php(33): CodeIgniter\Session\Handlers\BaseHandler->fail()
 4 SYSTEMPATH/Session/Handlers/DatabaseHandler.php(108): CodeIgniter\Session\Handlers\Database\MySQLiHandler->lockSession()
 5 [internal function]: CodeIgniter\Session\Handlers\DatabaseHandler->read()
 6 SYSTEMPATH/Session/Session.php(920): session_start()
 7 SYSTEMPATH/Session/Session.php(242): CodeIgniter\Session\Session->startSession()
 8 SYSTEMPATH/Config/Services.php(665): CodeIgniter\Session\Session->start()
 9 SYSTEMPATH/Config/BaseService.php(253): CodeIgniter\Config\Services::session()
10 SYSTEMPATH/Config/BaseService.php(194): CodeIgniter\Config\BaseService::__callStatic()
11 SYSTEMPATH/Config/Services.php(637): CodeIgniter\Config\BaseService::getSharedInstance()
12 SYSTEMPATH/Config/BaseService.php(253): CodeIgniter\Config\Services::session()
13 SYSTEMPATH/Common.php(939): CodeIgniter\Config\BaseService::__callStatic()
14 APPPATH/Filters/Myauthuser.php(11): session()
15 SYSTEMPATH/Filters/Filters.php(173): App\Filters\Myauthuser->before()
16 SYSTEMPATH/CodeIgniter.php(431): CodeIgniter\Filters\Filters->run()
17 SYSTEMPATH/CodeIgniter.php(340): CodeIgniter\CodeIgniter->handleRequest()
18 FCPATH/index.php(67): CodeIgniter\CodeIgniter->run()
CRITICAL - 2022-10-11 11:07:39 --> ini_set(): A session is active. You cannot change the session module's ini settings at this time
in SYSTEMPATH/Session/Handlers/BaseHandler.php on line 179.
 1 [internal function]: CodeIgniter\Debug\Exceptions->errorHandler()
 2 SYSTEMPATH/Session/Handlers/BaseHandler.php(179): ini_set()
 3 SYSTEMPATH/Session/Handlers/Database/MySQLiHandler.php(33): CodeIgniter\Session\Handlers\BaseHandler->fail()
 4 SYSTEMPATH/Session/Handlers/DatabaseHandler.php(108): CodeIgniter\Session\Handlers\Database\MySQLiHandler->lockSession()
 5 [internal function]: CodeIgniter\Session\Handlers\DatabaseHandler->read()
 6 SYSTEMPATH/Session/Session.php(920): session_start()
 7 SYSTEMPATH/Session/Session.php(242): CodeIgniter\Session\Session->startSession()
 8 SYSTEMPATH/Config/Services.php(665): CodeIgniter\Session\Session->start()
 9 SYSTEMPATH/Config/BaseService.php(253): CodeIgniter\Config\Services::session()
10 SYSTEMPATH/Config/BaseService.php(194): CodeIgniter\Config\BaseService::__callStatic()
11 SYSTEMPATH/Config/Services.php(637): CodeIgniter\Config\BaseService::getSharedInstance()
12 SYSTEMPATH/Config/BaseService.php(253): CodeIgniter\Config\Services::session()
13 SYSTEMPATH/Common.php(939): CodeIgniter\Config\BaseService::__callStatic()
14 APPPATH/Filters/Myauthuser.php(11): session()
15 SYSTEMPATH/Filters/Filters.php(173): App\Filters\Myauthuser->before()
16 SYSTEMPATH/CodeIgniter.php(431): CodeIgniter\Filters\Filters->run()
17 SYSTEMPATH/CodeIgniter.php(340): CodeIgniter\CodeIgniter->handleRequest()
18 FCPATH/index.php(67): CodeIgniter\CodeIgniter->run()
CRITICAL - 2022-10-11 11:07:45 --> ini_set(): A session is active. You cannot change the session module's ini settings at this time
in SYSTEMPATH/Session/Handlers/BaseHandler.php on line 179.
 1 [internal function]: CodeIgniter\Debug\Exceptions->errorHandler()
 2 SYSTEMPATH/Session/Handlers/BaseHandler.php(179): ini_set()
 3 SYSTEMPATH/Session/Handlers/Database/MySQLiHandler.php(33): CodeIgniter\Session\Handlers\BaseHandler->fail()
 4 SYSTEMPATH/Session/Handlers/DatabaseHandler.php(108): CodeIgniter\Session\Handlers\Database\MySQLiHandler->lockSession()
 5 [internal function]: CodeIgniter\Session\Handlers\DatabaseHandler->read()
 6 SYSTEMPATH/Session/Session.php(920): session_start()
 7 SYSTEMPATH/Session/Session.php(242): CodeIgniter\Session\Session->startSession()
 8 SYSTEMPATH/Config/Services.php(665): CodeIgniter\Session\Session->start()
 9 SYSTEMPATH/Config/BaseService.php(253): CodeIgniter\Config\Services::session()
10 SYSTEMPATH/Config/BaseService.php(194): CodeIgniter\Config\BaseService::__callStatic()
11 SYSTEMPATH/Config/Services.php(637): CodeIgniter\Config\BaseService::getSharedInstance()
12 SYSTEMPATH/Config/BaseService.php(253): CodeIgniter\Config\Services::session()
13 SYSTEMPATH/Common.php(939): CodeIgniter\Config\BaseService::__callStatic()
14 APPPATH/Filters/Myauthuser.php(11): session()
15 SYSTEMPATH/Filters/Filters.php(173): App\Filters\Myauthuser->before()
16 SYSTEMPATH/CodeIgniter.php(431): CodeIgniter\Filters\Filters->run()
17 SYSTEMPATH/CodeIgniter.php(340): CodeIgniter\CodeIgniter->handleRequest()
18 FCPATH/index.php(67): CodeIgniter\CodeIgniter->run()
CRITICAL - 2022-10-11 11:07:50 --> ini_set(): A session is active. You cannot change the session module's ini settings at this time
in SYSTEMPATH/Session/Handlers/BaseHandler.php on line 179.
 1 [internal function]: CodeIgniter\Debug\Exceptions->errorHandler()
 2 SYSTEMPATH/Session/Handlers/BaseHandler.php(179): ini_set()
 3 SYSTEMPATH/Session/Handlers/Database/MySQLiHandler.php(33): CodeIgniter\Session\Handlers\BaseHandler->fail()
 4 SYSTEMPATH/Session/Handlers/DatabaseHandler.php(108): CodeIgniter\Session\Handlers\Database\MySQLiHandler->lockSession()
 5 [internal function]: CodeIgniter\Session\Handlers\DatabaseHandler->read()
 6 SYSTEMPATH/Session/Session.php(920): session_start()
 7 SYSTEMPATH/Session/Session.php(242): CodeIgniter\Session\Session->startSession()
 8 SYSTEMPATH/Config/Services.php(665): CodeIgniter\Session\Session->start()
 9 SYSTEMPATH/Config/BaseService.php(253): CodeIgniter\Config\Services::session()
10 SYSTEMPATH/Config/BaseService.php(194): CodeIgniter\Config\BaseService::__callStatic()
11 SYSTEMPATH/Config/Services.php(637): CodeIgniter\Config\BaseService::getSharedInstance()
12 SYSTEMPATH/Config/BaseService.php(253): CodeIgniter\Config\Services::session()
13 SYSTEMPATH/Common.php(939): CodeIgniter\Config\BaseService::__callStatic()
14 APPPATH/Filters/Myauthuser.php(11): session()
15 SYSTEMPATH/Filters/Filters.php(173): App\Filters\Myauthuser->before()
16 SYSTEMPATH/CodeIgniter.php(431): CodeIgniter\Filters\Filters->run()
17 SYSTEMPATH/CodeIgniter.php(340): CodeIgniter\CodeIgniter->handleRequest()
18 FCPATH/index.php(67): CodeIgniter\CodeIgniter->run()
CRITICAL - 2022-10-11 11:08:25 --> ini_set(): A session is active. You cannot change the session module's ini settings at this time
in SYSTEMPATH/Session/Handlers/BaseHandler.php on line 179.
 1 [internal function]: CodeIgniter\Debug\Exceptions->errorHandler()
 2 SYSTEMPATH/Session/Handlers/BaseHandler.php(179): ini_set()
 3 SYSTEMPATH/Session/Handlers/Database/MySQLiHandler.php(33): CodeIgniter\Session\Handlers\BaseHandler->fail()
 4 SYSTEMPATH/Session/Handlers/DatabaseHandler.php(108): CodeIgniter\Session\Handlers\Database\MySQLiHandler->lockSession()
 5 [internal function]: CodeIgniter\Session\Handlers\DatabaseHandler->read()
 6 SYSTEMPATH/Session/Session.php(920): session_start()
 7 SYSTEMPATH/Session/Session.php(242): CodeIgniter\Session\Session->startSession()
 8 SYSTEMPATH/Config/Services.php(665): CodeIgniter\Session\Session->start()
 9 SYSTEMPATH/Config/BaseService.php(253): CodeIgniter\Config\Services::session()
10 SYSTEMPATH/Config/BaseService.php(194): CodeIgniter\Config\BaseService::__callStatic()
11 SYSTEMPATH/Config/Services.php(637): CodeIgniter\Config\BaseService::getSharedInstance()
12 SYSTEMPATH/Config/BaseService.php(253): CodeIgniter\Config\Services::session()
13 SYSTEMPATH/Common.php(939): CodeIgniter\Config\BaseService::__callStatic()
14 APPPATH/Filters/Myauthuser.php(11): session()
15 SYSTEMPATH/Filters/Filters.php(173): App\Filters\Myauthuser->before()
16 SYSTEMPATH/CodeIgniter.php(431): CodeIgniter\Filters\Filters->run()
17 SYSTEMPATH/CodeIgniter.php(340): CodeIgniter\CodeIgniter->handleRequest()
18 FCPATH/index.php(67): CodeIgniter\CodeIgniter->run()
CRITICAL - 2022-10-11 11:08:27 --> ini_set(): A session is active. You cannot change the session module's ini settings at this time
in SYSTEMPATH/Session/Handlers/BaseHandler.php on line 179.
 1 [internal function]: CodeIgniter\Debug\Exceptions->errorHandler()
 2 SYSTEMPATH/Session/Handlers/BaseHandler.php(179): ini_set()
 3 SYSTEMPATH/Session/Handlers/Database/MySQLiHandler.php(33): CodeIgniter\Session\Handlers\BaseHandler->fail()
 4 SYSTEMPATH/Session/Handlers/DatabaseHandler.php(108): CodeIgniter\Session\Handlers\Database\MySQLiHandler->lockSession()
 5 [internal function]: CodeIgniter\Session\Handlers\DatabaseHandler->read()
 6 SYSTEMPATH/Session/Session.php(920): session_start()
 7 SYSTEMPATH/Session/Session.php(242): CodeIgniter\Session\Session->startSession()
 8 SYSTEMPATH/Config/Services.php(665): CodeIgniter\Session\Session->start()
 9 SYSTEMPATH/Config/BaseService.php(253): CodeIgniter\Config\Services::session()
10 SYSTEMPATH/Config/BaseService.php(194): CodeIgniter\Config\BaseService::__callStatic()
11 SYSTEMPATH/Config/Services.php(637): CodeIgniter\Config\BaseService::getSharedInstance()
12 SYSTEMPATH/Config/BaseService.php(253): CodeIgniter\Config\Services::session()
13 SYSTEMPATH/Common.php(939): CodeIgniter\Config\BaseService::__callStatic()
14 APPPATH/Filters/Myauthuser.php(11): session()
15 SYSTEMPATH/Filters/Filters.php(173): App\Filters\Myauthuser->before()
16 SYSTEMPATH/CodeIgniter.php(431): CodeIgniter\Filters\Filters->run()
17 SYSTEMPATH/CodeIgniter.php(340): CodeIgniter\CodeIgniter->handleRequest()
18 FCPATH/index.php(67): CodeIgniter\CodeIgniter->run()
CRITICAL - 2022-10-11 11:09:09 --> ini_set(): A session is active. You cannot change the session module's ini settings at this time
in SYSTEMPATH/Session/Handlers/BaseHandler.php on line 179.
 1 [internal function]: CodeIgniter\Debug\Exceptions->errorHandler()
 2 SYSTEMPATH/Session/Handlers/BaseHandler.php(179): ini_set()
 3 SYSTEMPATH/Session/Handlers/Database/MySQLiHandler.php(33): CodeIgniter\Session\Handlers\BaseHandler->fail()
 4 SYSTEMPATH/Session/Handlers/DatabaseHandler.php(108): CodeIgniter\Session\Handlers\Database\MySQLiHandler->lockSession()
 5 [internal function]: CodeIgniter\Session\Handlers\DatabaseHandler->read()
 6 SYSTEMPATH/Session/Session.php(920): session_start()
 7 SYSTEMPATH/Session/Session.php(242): CodeIgniter\Session\Session->startSession()
 8 SYSTEMPATH/Config/Services.php(665): CodeIgniter\Session\Session->start()
 9 SYSTEMPATH/Config/BaseService.php(253): CodeIgniter\Config\Services::session()
10 SYSTEMPATH/Config/BaseService.php(194): CodeIgniter\Config\BaseService::__callStatic()
11 SYSTEMPATH/Config/Services.php(637): CodeIgniter\Config\BaseService::getSharedInstance()
12 SYSTEMPATH/Config/BaseService.php(253): CodeIgniter\Config\Services::session()
13 SYSTEMPATH/Common.php(939): CodeIgniter\Config\BaseService::__callStatic()
14 APPPATH/Filters/Myauthuser.php(11): session()
15 SYSTEMPATH/Filters/Filters.php(173): App\Filters\Myauthuser->before()
16 SYSTEMPATH/CodeIgniter.php(431): CodeIgniter\Filters\Filters->run()
17 SYSTEMPATH/CodeIgniter.php(340): CodeIgniter\CodeIgniter->handleRequest()
18 FCPATH/index.php(67): CodeIgniter\CodeIgniter->run()
CRITICAL - 2022-10-11 11:09:20 --> ini_set(): A session is active. You cannot change the session module's ini settings at this time
in SYSTEMPATH/Session/Handlers/BaseHandler.php on line 179.
 1 [internal function]: CodeIgniter\Debug\Exceptions->errorHandler()
 2 SYSTEMPATH/Session/Handlers/BaseHandler.php(179): ini_set()
 3 SYSTEMPATH/Session/Handlers/Database/MySQLiHandler.php(33): CodeIgniter\Session\Handlers\BaseHandler->fail()
 4 SYSTEMPATH/Session/Handlers/DatabaseHandler.php(108): CodeIgniter\Session\Handlers\Database\MySQLiHandler->lockSession()
 5 [internal function]: CodeIgniter\Session\Handlers\DatabaseHandler->read()
 6 SYSTEMPATH/Session/Session.php(920): session_start()
 7 SYSTEMPATH/Session/Session.php(242): CodeIgniter\Session\Session->startSession()
 8 SYSTEMPATH/Config/Services.php(665): CodeIgniter\Session\Session->start()
 9 SYSTEMPATH/Config/BaseService.php(253): CodeIgniter\Config\Services::session()
10 SYSTEMPATH/Config/BaseService.php(194): CodeIgniter\Config\BaseService::__callStatic()
11 SYSTEMPATH/Config/Services.php(637): CodeIgniter\Config\BaseService::getSharedInstance()
12 SYSTEMPATH/Config/BaseService.php(253): CodeIgniter\Config\Services::session()
13 SYSTEMPATH/Common.php(939): CodeIgniter\Config\BaseService::__callStatic()
14 APPPATH/Filters/Myauthuser.php(11): session()
15 SYSTEMPATH/Filters/Filters.php(173): App\Filters\Myauthuser->before()
16 SYSTEMPATH/CodeIgniter.php(431): CodeIgniter\Filters\Filters->run()
17 SYSTEMPATH/CodeIgniter.php(340): CodeIgniter\CodeIgniter->handleRequest()
18 FCPATH/index.php(67): CodeIgniter\CodeIgniter->run()
CRITICAL - 2022-10-11 11:10:06 --> ini_set(): A session is active. You cannot change the session module's ini settings at this time
in SYSTEMPATH/Session/Handlers/BaseHandler.php on line 179.
 1 [internal function]: CodeIgniter\Debug\Exceptions->errorHandler()
 2 SYSTEMPATH/Session/Handlers/BaseHandler.php(179): ini_set()
 3 SYSTEMPATH/Session/Handlers/Database/MySQLiHandler.php(33): CodeIgniter\Session\Handlers\BaseHandler->fail()
 4 SYSTEMPATH/Session/Handlers/DatabaseHandler.php(108): CodeIgniter\Session\Handlers\Database\MySQLiHandler->lockSession()
 5 [internal function]: CodeIgniter\Session\Handlers\DatabaseHandler->read()
 6 SYSTEMPATH/Session/Session.php(920): session_start()
 7 SYSTEMPATH/Session/Session.php(242): CodeIgniter\Session\Session->startSession()
 8 SYSTEMPATH/Config/Services.php(665): CodeIgniter\Session\Session->start()
 9 SYSTEMPATH/Config/BaseService.php(253): CodeIgniter\Config\Services::session()
10 SYSTEMPATH/Config/BaseService.php(194): CodeIgniter\Config\BaseService::__callStatic()
11 SYSTEMPATH/Config/Services.php(637): CodeIgniter\Config\BaseService::getSharedInstance()
12 SYSTEMPATH/Config/BaseService.php(253): CodeIgniter\Config\Services::session()
13 SYSTEMPATH/Common.php(939): CodeIgniter\Config\BaseService::__callStatic()
14 APPPATH/Filters/Myauthuser.php(11): session()
15 SYSTEMPATH/Filters/Filters.php(173): App\Filters\Myauthuser->before()
16 SYSTEMPATH/CodeIgniter.php(431): CodeIgniter\Filters\Filters->run()
17 SYSTEMPATH/CodeIgniter.php(340): CodeIgniter\CodeIgniter->handleRequest()
18 FCPATH/index.php(67): CodeIgniter\CodeIgniter->run()
CRITICAL - 2022-10-11 11:10:11 --> ini_set(): A session is active. You cannot change the session module's ini settings at this time
in SYSTEMPATH/Session/Handlers/BaseHandler.php on line 179.
 1 [internal function]: CodeIgniter\Debug\Exceptions->errorHandler()
 2 SYSTEMPATH/Session/Handlers/BaseHandler.php(179): ini_set()
 3 SYSTEMPATH/Session/Handlers/Database/MySQLiHandler.php(33): CodeIgniter\Session\Handlers\BaseHandler->fail()
 4 SYSTEMPATH/Session/Handlers/DatabaseHandler.php(108): CodeIgniter\Session\Handlers\Database\MySQLiHandler->lockSession()
 5 [internal function]: CodeIgniter\Session\Handlers\DatabaseHandler->read()
 6 SYSTEMPATH/Session/Session.php(920): session_start()
 7 SYSTEMPATH/Session/Session.php(242): CodeIgniter\Session\Session->startSession()
 8 SYSTEMPATH/Config/Services.php(665): CodeIgniter\Session\Session->start()
 9 SYSTEMPATH/Config/BaseService.php(253): CodeIgniter\Config\Services::session()
10 SYSTEMPATH/Config/BaseService.php(194): CodeIgniter\Config\BaseService::__callStatic()
11 SYSTEMPATH/Config/Services.php(637): CodeIgniter\Config\BaseService::getSharedInstance()
12 SYSTEMPATH/Config/BaseService.php(253): CodeIgniter\Config\Services::session()
13 SYSTEMPATH/Common.php(939): CodeIgniter\Config\BaseService::__callStatic()
14 APPPATH/Filters/Myauthuser.php(11): session()
15 SYSTEMPATH/Filters/Filters.php(173): App\Filters\Myauthuser->before()
16 SYSTEMPATH/CodeIgniter.php(431): CodeIgniter\Filters\Filters->run()
17 SYSTEMPATH/CodeIgniter.php(340): CodeIgniter\CodeIgniter->handleRequest()
18 FCPATH/index.php(67): CodeIgniter\CodeIgniter->run()
CRITICAL - 2022-10-11 11:10:18 --> ini_set(): A session is active. You cannot change the session module's ini settings at this time
in SYSTEMPATH/Session/Handlers/BaseHandler.php on line 179.
 1 [internal function]: CodeIgniter\Debug\Exceptions->errorHandler()
 2 SYSTEMPATH/Session/Handlers/BaseHandler.php(179): ini_set()
 3 SYSTEMPATH/Session/Handlers/Database/MySQLiHandler.php(33): CodeIgniter\Session\Handlers\BaseHandler->fail()
 4 SYSTEMPATH/Session/Handlers/DatabaseHandler.php(108): CodeIgniter\Session\Handlers\Database\MySQLiHandler->lockSession()
 5 [internal function]: CodeIgniter\Session\Handlers\DatabaseHandler->read()
 6 SYSTEMPATH/Session/Session.php(920): session_start()
 7 SYSTEMPATH/Session/Session.php(242): CodeIgniter\Session\Session->startSession()
 8 SYSTEMPATH/Config/Services.php(665): CodeIgniter\Session\Session->start()
 9 SYSTEMPATH/Config/BaseService.php(253): CodeIgniter\Config\Services::session()
10 SYSTEMPATH/Config/BaseService.php(194): CodeIgniter\Config\BaseService::__callStatic()
11 SYSTEMPATH/Config/Services.php(637): CodeIgniter\Config\BaseService::getSharedInstance()
12 SYSTEMPATH/Config/BaseService.php(253): CodeIgniter\Config\Services::session()
13 SYSTEMPATH/Common.php(939): CodeIgniter\Config\BaseService::__callStatic()
14 APPPATH/Filters/Myauthuser.php(11): session()
15 SYSTEMPATH/Filters/Filters.php(173): App\Filters\Myauthuser->before()
16 SYSTEMPATH/CodeIgniter.php(431): CodeIgniter\Filters\Filters->run()
17 SYSTEMPATH/CodeIgniter.php(340): CodeIgniter\CodeIgniter->handleRequest()
18 FCPATH/index.php(67): CodeIgniter\CodeIgniter->run()
CRITICAL - 2022-10-11 11:10:21 --> ini_set(): A session is active. You cannot change the session module's ini settings at this time
in SYSTEMPATH/Session/Handlers/BaseHandler.php on line 179.
 1 [internal function]: CodeIgniter\Debug\Exceptions->errorHandler()
 2 SYSTEMPATH/Session/Handlers/BaseHandler.php(179): ini_set()
 3 SYSTEMPATH/Session/Handlers/Database/MySQLiHandler.php(33): CodeIgniter\Session\Handlers\BaseHandler->fail()
 4 SYSTEMPATH/Session/Handlers/DatabaseHandler.php(108): CodeIgniter\Session\Handlers\Database\MySQLiHandler->lockSession()
 5 [internal function]: CodeIgniter\Session\Handlers\DatabaseHandler->read()
 6 SYSTEMPATH/Session/Session.php(920): session_start()
 7 SYSTEMPATH/Session/Session.php(242): CodeIgniter\Session\Session->startSession()
 8 SYSTEMPATH/Config/Services.php(665): CodeIgniter\Session\Session->start()
 9 SYSTEMPATH/Config/BaseService.php(253): CodeIgniter\Config\Services::session()
10 SYSTEMPATH/Config/BaseService.php(194): CodeIgniter\Config\BaseService::__callStatic()
11 SYSTEMPATH/Config/Services.php(637): CodeIgniter\Config\BaseService::getSharedInstance()
12 SYSTEMPATH/Config/BaseService.php(253): CodeIgniter\Config\Services::session()
13 SYSTEMPATH/Common.php(939): CodeIgniter\Config\BaseService::__callStatic()
14 APPPATH/Filters/Myauthuser.php(11): session()
15 SYSTEMPATH/Filters/Filters.php(173): App\Filters\Myauthuser->before()
16 SYSTEMPATH/CodeIgniter.php(431): CodeIgniter\Filters\Filters->run()
17 SYSTEMPATH/CodeIgniter.php(340): CodeIgniter\CodeIgniter->handleRequest()
18 FCPATH/index.php(67): CodeIgniter\CodeIgniter->run()
CRITICAL - 2022-10-11 11:10:28 --> ini_set(): A session is active. You cannot change the session module's ini settings at this time
in SYSTEMPATH/Session/Handlers/BaseHandler.php on line 179.
 1 [internal function]: CodeIgniter\Debug\Exceptions->errorHandler()
 2 SYSTEMPATH/Session/Handlers/BaseHandler.php(179): ini_set()
 3 SYSTEMPATH/Session/Handlers/Database/MySQLiHandler.php(33): CodeIgniter\Session\Handlers\BaseHandler->fail()
 4 SYSTEMPATH/Session/Handlers/DatabaseHandler.php(108): CodeIgniter\Session\Handlers\Database\MySQLiHandler->lockSession()
 5 [internal function]: CodeIgniter\Session\Handlers\DatabaseHandler->read()
 6 SYSTEMPATH/Session/Session.php(920): session_start()
 7 SYSTEMPATH/Session/Session.php(242): CodeIgniter\Session\Session->startSession()
 8 SYSTEMPATH/Config/Services.php(665): CodeIgniter\Session\Session->start()
 9 SYSTEMPATH/Config/BaseService.php(253): CodeIgniter\Config\Services::session()
10 SYSTEMPATH/Config/BaseService.php(194): CodeIgniter\Config\BaseService::__callStatic()
11 SYSTEMPATH/Config/Services.php(637): CodeIgniter\Config\BaseService::getSharedInstance()
12 SYSTEMPATH/Config/BaseService.php(253): CodeIgniter\Config\Services::session()
13 SYSTEMPATH/Common.php(939): CodeIgniter\Config\BaseService::__callStatic()
14 APPPATH/Filters/Myauthuser.php(11): session()
15 SYSTEMPATH/Filters/Filters.php(173): App\Filters\Myauthuser->before()
16 SYSTEMPATH/CodeIgniter.php(431): CodeIgniter\Filters\Filters->run()
17 SYSTEMPATH/CodeIgniter.php(340): CodeIgniter\CodeIgniter->handleRequest()
18 FCPATH/index.php(67): CodeIgniter\CodeIgniter->run()
CRITICAL - 2022-10-11 11:10:32 --> ini_set(): A session is active. You cannot change the session module's ini settings at this time
in SYSTEMPATH/Session/Handlers/BaseHandler.php on line 179.
 1 [internal function]: CodeIgniter\Debug\Exceptions->errorHandler()
 2 SYSTEMPATH/Session/Handlers/BaseHandler.php(179): ini_set()
 3 SYSTEMPATH/Session/Handlers/Database/MySQLiHandler.php(33): CodeIgniter\Session\Handlers\BaseHandler->fail()
 4 SYSTEMPATH/Session/Handlers/DatabaseHandler.php(108): CodeIgniter\Session\Handlers\Database\MySQLiHandler->lockSession()
 5 [internal function]: CodeIgniter\Session\Handlers\DatabaseHandler->read()
 6 SYSTEMPATH/Session/Session.php(920): session_start()
 7 SYSTEMPATH/Session/Session.php(242): CodeIgniter\Session\Session->startSession()
 8 SYSTEMPATH/Config/Services.php(665): CodeIgniter\Session\Session->start()
 9 SYSTEMPATH/Config/BaseService.php(253): CodeIgniter\Config\Services::session()
10 SYSTEMPATH/Config/BaseService.php(194): CodeIgniter\Config\BaseService::__callStatic()
11 SYSTEMPATH/Config/Services.php(637): CodeIgniter\Config\BaseService::getSharedInstance()
12 SYSTEMPATH/Config/BaseService.php(253): CodeIgniter\Config\Services::session()
13 SYSTEMPATH/Common.php(939): CodeIgniter\Config\BaseService::__callStatic()
14 APPPATH/Filters/Myauthuser.php(11): session()
15 SYSTEMPATH/Filters/Filters.php(173): App\Filters\Myauthuser->before()
16 SYSTEMPATH/CodeIgniter.php(431): CodeIgniter\Filters\Filters->run()
17 SYSTEMPATH/CodeIgniter.php(340): CodeIgniter\CodeIgniter->handleRequest()
18 FCPATH/index.php(67): CodeIgniter\CodeIgniter->run()
CRITICAL - 2022-10-11 11:11:10 --> ini_set(): A session is active. You cannot change the session module's ini settings at this time
in SYSTEMPATH/Session/Handlers/BaseHandler.php on line 179.
 1 [internal function]: CodeIgniter\Debug\Exceptions->errorHandler()
 2 SYSTEMPATH/Session/Handlers/BaseHandler.php(179): ini_set()
 3 SYSTEMPATH/Session/Handlers/Database/MySQLiHandler.php(33): CodeIgniter\Session\Handlers\BaseHandler->fail()
 4 SYSTEMPATH/Session/Handlers/DatabaseHandler.php(108): CodeIgniter\Session\Handlers\Database\MySQLiHandler->lockSession()
 5 [internal function]: CodeIgniter\Session\Handlers\DatabaseHandler->read()
 6 SYSTEMPATH/Session/Session.php(920): session_start()
 7 SYSTEMPATH/Session/Session.php(242): CodeIgniter\Session\Session->startSession()
 8 SYSTEMPATH/Config/Services.php(665): CodeIgniter\Session\Session->start()
 9 SYSTEMPATH/Config/BaseService.php(253): CodeIgniter\Config\Services::session()
10 SYSTEMPATH/Config/BaseService.php(194): CodeIgniter\Config\BaseService::__callStatic()
11 SYSTEMPATH/Config/Services.php(637): CodeIgniter\Config\BaseService::getSharedInstance()
12 SYSTEMPATH/Config/BaseService.php(253): CodeIgniter\Config\Services::session()
13 SYSTEMPATH/Common.php(939): CodeIgniter\Config\BaseService::__callStatic()
14 APPPATH/Filters/Myauthuser.php(11): session()
15 SYSTEMPATH/Filters/Filters.php(173): App\Filters\Myauthuser->before()
16 SYSTEMPATH/CodeIgniter.php(431): CodeIgniter\Filters\Filters->run()
17 SYSTEMPATH/CodeIgniter.php(340): CodeIgniter\CodeIgniter->handleRequest()
18 FCPATH/index.php(67): CodeIgniter\CodeIgniter->run()
CRITICAL - 2022-10-11 11:11:41 --> ini_set(): A session is active. You cannot change the session module's ini settings at this time
in SYSTEMPATH/Session/Handlers/BaseHandler.php on line 179.
 1 [internal function]: CodeIgniter\Debug\Exceptions->errorHandler()
 2 SYSTEMPATH/Session/Handlers/BaseHandler.php(179): ini_set()
 3 SYSTEMPATH/Session/Handlers/Database/MySQLiHandler.php(33): CodeIgniter\Session\Handlers\BaseHandler->fail()
 4 SYSTEMPATH/Session/Handlers/DatabaseHandler.php(108): CodeIgniter\Session\Handlers\Database\MySQLiHandler->lockSession()
 5 [internal function]: CodeIgniter\Session\Handlers\DatabaseHandler->read()
 6 SYSTEMPATH/Session/Session.php(920): session_start()
 7 SYSTEMPATH/Session/Session.php(242): CodeIgniter\Session\Session->startSession()
 8 SYSTEMPATH/Config/Services.php(665): CodeIgniter\Session\Session->start()
 9 SYSTEMPATH/Config/BaseService.php(253): CodeIgniter\Config\Services::session()
10 SYSTEMPATH/Config/BaseService.php(194): CodeIgniter\Config\BaseService::__callStatic()
11 SYSTEMPATH/Config/Services.php(637): CodeIgniter\Config\BaseService::getSharedInstance()
12 SYSTEMPATH/Config/BaseService.php(253): CodeIgniter\Config\Services::session()
13 SYSTEMPATH/Common.php(939): CodeIgniter\Config\BaseService::__callStatic()
14 APPPATH/Filters/Myauthuser.php(11): session()
15 SYSTEMPATH/Filters/Filters.php(173): App\Filters\Myauthuser->before()
16 SYSTEMPATH/CodeIgniter.php(431): CodeIgniter\Filters\Filters->run()
17 SYSTEMPATH/CodeIgniter.php(340): CodeIgniter\CodeIgniter->handleRequest()
18 FCPATH/index.php(67): CodeIgniter\CodeIgniter->run()
CRITICAL - 2022-10-11 11:14:54 --> ini_set(): A session is active. You cannot change the session module's ini settings at this time
in SYSTEMPATH/Session/Handlers/BaseHandler.php on line 179.
 1 [internal function]: CodeIgniter\Debug\Exceptions->errorHandler()
 2 SYSTEMPATH/Session/Handlers/BaseHandler.php(179): ini_set()
 3 SYSTEMPATH/Session/Handlers/Database/MySQLiHandler.php(33): CodeIgniter\Session\Handlers\BaseHandler->fail()
 4 SYSTEMPATH/Session/Handlers/DatabaseHandler.php(108): CodeIgniter\Session\Handlers\Database\MySQLiHandler->lockSession()
 5 [internal function]: CodeIgniter\Session\Handlers\DatabaseHandler->read()
 6 SYSTEMPATH/Session/Session.php(920): session_start()
 7 SYSTEMPATH/Session/Session.php(242): CodeIgniter\Session\Session->startSession()
 8 SYSTEMPATH/Config/Services.php(665): CodeIgniter\Session\Session->start()
 9 SYSTEMPATH/Config/BaseService.php(253): CodeIgniter\Config\Services::session()
10 SYSTEMPATH/Config/BaseService.php(194): CodeIgniter\Config\BaseService::__callStatic()
11 SYSTEMPATH/Config/Services.php(637): CodeIgniter\Config\BaseService::getSharedInstance()
12 SYSTEMPATH/Config/BaseService.php(253): CodeIgniter\Config\Services::session()
13 SYSTEMPATH/Common.php(939): CodeIgniter\Config\BaseService::__callStatic()
14 APPPATH/Filters/Myauthuser.php(11): session()
15 SYSTEMPATH/Filters/Filters.php(173): App\Filters\Myauthuser->before()
16 SYSTEMPATH/CodeIgniter.php(431): CodeIgniter\Filters\Filters->run()
17 SYSTEMPATH/CodeIgniter.php(340): CodeIgniter\CodeIgniter->handleRequest()
18 FCPATH/index.php(67): CodeIgniter\CodeIgniter->run()
CRITICAL - 2022-10-11 11:26:43 --> ini_set(): A session is active. You cannot change the session module's ini settings at this time
in SYSTEMPATH/Session/Handlers/BaseHandler.php on line 179.
 1 [internal function]: CodeIgniter\Debug\Exceptions->errorHandler()
 2 SYSTEMPATH/Session/Handlers/BaseHandler.php(179): ini_set()
 3 SYSTEMPATH/Session/Handlers/Database/MySQLiHandler.php(33): CodeIgniter\Session\Handlers\BaseHandler->fail()
 4 SYSTEMPATH/Session/Handlers/DatabaseHandler.php(108): CodeIgniter\Session\Handlers\Database\MySQLiHandler->lockSession()
 5 [internal function]: CodeIgniter\Session\Handlers\DatabaseHandler->read()
 6 SYSTEMPATH/Session/Session.php(920): session_start()
 7 SYSTEMPATH/Session/Session.php(242): CodeIgniter\Session\Session->startSession()
 8 SYSTEMPATH/Config/Services.php(665): CodeIgniter\Session\Session->start()
 9 SYSTEMPATH/Config/BaseService.php(253): CodeIgniter\Config\Services::session()
10 SYSTEMPATH/Config/BaseService.php(194): CodeIgniter\Config\BaseService::__callStatic()
11 SYSTEMPATH/Config/Services.php(637): CodeIgniter\Config\BaseService::getSharedInstance()
12 SYSTEMPATH/Config/BaseService.php(253): CodeIgniter\Config\Services::session()
13 SYSTEMPATH/Common.php(939): CodeIgniter\Config\BaseService::__callStatic()
14 APPPATH/Filters/Myauthuser.php(11): session()
15 SYSTEMPATH/Filters/Filters.php(173): App\Filters\Myauthuser->before()
16 SYSTEMPATH/CodeIgniter.php(431): CodeIgniter\Filters\Filters->run()
17 SYSTEMPATH/CodeIgniter.php(340): CodeIgniter\CodeIgniter->handleRequest()
18 FCPATH/index.php(67): CodeIgniter\CodeIgniter->run()
CRITICAL - 2022-10-11 11:29:25 --> ini_set(): A session is active. You cannot change the session module's ini settings at this time
in SYSTEMPATH/Session/Handlers/BaseHandler.php on line 179.
 1 [internal function]: CodeIgniter\Debug\Exceptions->errorHandler()
 2 SYSTEMPATH/Session/Handlers/BaseHandler.php(179): ini_set()
 3 SYSTEMPATH/Session/Handlers/Database/MySQLiHandler.php(33): CodeIgniter\Session\Handlers\BaseHandler->fail()
 4 SYSTEMPATH/Session/Handlers/DatabaseHandler.php(108): CodeIgniter\Session\Handlers\Database\MySQLiHandler->lockSession()
 5 [internal function]: CodeIgniter\Session\Handlers\DatabaseHandler->read()
 6 SYSTEMPATH/Session/Session.php(920): session_start()
 7 SYSTEMPATH/Session/Session.php(242): CodeIgniter\Session\Session->startSession()
 8 SYSTEMPATH/Config/Services.php(665): CodeIgniter\Session\Session->start()
 9 SYSTEMPATH/Config/BaseService.php(253): CodeIgniter\Config\Services::session()
10 SYSTEMPATH/Config/BaseService.php(194): CodeIgniter\Config\BaseService::__callStatic()
11 SYSTEMPATH/Config/Services.php(637): CodeIgniter\Config\BaseService::getSharedInstance()
12 SYSTEMPATH/Config/BaseService.php(253): CodeIgniter\Config\Services::session()
13 SYSTEMPATH/Common.php(939): CodeIgniter\Config\BaseService::__callStatic()
14 APPPATH/Filters/Myauthuser.php(11): session()
15 SYSTEMPATH/Filters/Filters.php(173): App\Filters\Myauthuser->before()
16 SYSTEMPATH/CodeIgniter.php(431): CodeIgniter\Filters\Filters->run()
17 SYSTEMPATH/CodeIgniter.php(340): CodeIgniter\CodeIgniter->handleRequest()
18 FCPATH/index.php(67): CodeIgniter\CodeIgniter->run()
CRITICAL - 2022-10-11 11:29:27 --> ini_set(): A session is active. You cannot change the session module's ini settings at this time
in SYSTEMPATH/Session/Handlers/BaseHandler.php on line 179.
 1 [internal function]: CodeIgniter\Debug\Exceptions->errorHandler()
 2 SYSTEMPATH/Session/Handlers/BaseHandler.php(179): ini_set()
 3 SYSTEMPATH/Session/Handlers/Database/MySQLiHandler.php(33): CodeIgniter\Session\Handlers\BaseHandler->fail()
 4 SYSTEMPATH/Session/Handlers/DatabaseHandler.php(108): CodeIgniter\Session\Handlers\Database\MySQLiHandler->lockSession()
 5 [internal function]: CodeIgniter\Session\Handlers\DatabaseHandler->read()
 6 SYSTEMPATH/Session/Session.php(920): session_start()
 7 SYSTEMPATH/Session/Session.php(242): CodeIgniter\Session\Session->startSession()
 8 SYSTEMPATH/Config/Services.php(665): CodeIgniter\Session\Session->start()
 9 SYSTEMPATH/Config/BaseService.php(253): CodeIgniter\Config\Services::session()
10 SYSTEMPATH/Config/BaseService.php(194): CodeIgniter\Config\BaseService::__callStatic()
11 SYSTEMPATH/Config/Services.php(637): CodeIgniter\Config\BaseService::getSharedInstance()
12 SYSTEMPATH/Config/BaseService.php(253): CodeIgniter\Config\Services::session()
13 SYSTEMPATH/Common.php(939): CodeIgniter\Config\BaseService::__callStatic()
14 APPPATH/Filters/Myauthuser.php(11): session()
15 SYSTEMPATH/Filters/Filters.php(173): App\Filters\Myauthuser->before()
16 SYSTEMPATH/CodeIgniter.php(431): CodeIgniter\Filters\Filters->run()
17 SYSTEMPATH/CodeIgniter.php(340): CodeIgniter\CodeIgniter->handleRequest()
18 FCPATH/index.php(67): CodeIgniter\CodeIgniter->run()
CRITICAL - 2022-10-11 11:29:30 --> ini_set(): A session is active. You cannot change the session module's ini settings at this time
in SYSTEMPATH/Session/Handlers/BaseHandler.php on line 179.
 1 [internal function]: CodeIgniter\Debug\Exceptions->errorHandler()
 2 SYSTEMPATH/Session/Handlers/BaseHandler.php(179): ini_set()
 3 SYSTEMPATH/Session/Handlers/Database/MySQLiHandler.php(33): CodeIgniter\Session\Handlers\BaseHandler->fail()
 4 SYSTEMPATH/Session/Handlers/DatabaseHandler.php(108): CodeIgniter\Session\Handlers\Database\MySQLiHandler->lockSession()
 5 [internal function]: CodeIgniter\Session\Handlers\DatabaseHandler->read()
 6 SYSTEMPATH/Session/Session.php(920): session_start()
 7 SYSTEMPATH/Session/Session.php(242): CodeIgniter\Session\Session->startSession()
 8 SYSTEMPATH/Config/Services.php(665): CodeIgniter\Session\Session->start()
 9 SYSTEMPATH/Config/BaseService.php(253): CodeIgniter\Config\Services::session()
10 SYSTEMPATH/Config/BaseService.php(194): CodeIgniter\Config\BaseService::__callStatic()
11 SYSTEMPATH/Config/Services.php(637): CodeIgniter\Config\BaseService::getSharedInstance()
12 SYSTEMPATH/Config/BaseService.php(253): CodeIgniter\Config\Services::session()
13 SYSTEMPATH/Common.php(939): CodeIgniter\Config\BaseService::__callStatic()
14 APPPATH/Views/login/mylogin.php(52): session()
15 SYSTEMPATH/View/View.php(213): include('APPPATH/Views/login/mylogin.php')
16 SYSTEMPATH/View/View.php(216): CodeIgniter\View\View->CodeIgniter\View\{closure}()
17 SYSTEMPATH/Common.php(1142): CodeIgniter\View\View->render()
18 APPPATH/Controllers/Mylogin.php(9): view()
19 SYSTEMPATH/CodeIgniter.php(907): App\Controllers\Mylogin->index()
20 SYSTEMPATH/CodeIgniter.php(457): CodeIgniter\CodeIgniter->runController()
21 SYSTEMPATH/CodeIgniter.php(340): CodeIgniter\CodeIgniter->handleRequest()
22 FCPATH/index.php(67): CodeIgniter\CodeIgniter->run()
CRITICAL - 2022-10-11 11:30:58 --> ini_set(): A session is active. You cannot change the session module's ini settings at this time
in SYSTEMPATH/Session/Handlers/BaseHandler.php on line 179.
 1 [internal function]: CodeIgniter\Debug\Exceptions->errorHandler()
 2 SYSTEMPATH/Session/Handlers/BaseHandler.php(179): ini_set()
 3 SYSTEMPATH/Session/Handlers/Database/MySQLiHandler.php(33): CodeIgniter\Session\Handlers\BaseHandler->fail()
 4 SYSTEMPATH/Session/Handlers/DatabaseHandler.php(108): CodeIgniter\Session\Handlers\Database\MySQLiHandler->lockSession()
 5 [internal function]: CodeIgniter\Session\Handlers\DatabaseHandler->read()
 6 SYSTEMPATH/Session/Session.php(920): session_start()
 7 SYSTEMPATH/Session/Session.php(242): CodeIgniter\Session\Session->startSession()
 8 SYSTEMPATH/Config/Services.php(665): CodeIgniter\Session\Session->start()
 9 SYSTEMPATH/Config/BaseService.php(253): CodeIgniter\Config\Services::session()
10 SYSTEMPATH/Config/BaseService.php(194): CodeIgniter\Config\BaseService::__callStatic()
11 SYSTEMPATH/Config/Services.php(637): CodeIgniter\Config\BaseService::getSharedInstance()
12 SYSTEMPATH/Config/BaseService.php(253): CodeIgniter\Config\Services::session()
13 SYSTEMPATH/Common.php(939): CodeIgniter\Config\BaseService::__callStatic()
14 APPPATH/Filters/Myauthuser.php(11): session()
15 SYSTEMPATH/Filters/Filters.php(173): App\Filters\Myauthuser->before()
16 SYSTEMPATH/CodeIgniter.php(431): CodeIgniter\Filters\Filters->run()
17 SYSTEMPATH/CodeIgniter.php(340): CodeIgniter\CodeIgniter->handleRequest()
18 FCPATH/index.php(67): CodeIgniter\CodeIgniter->run()
CRITICAL - 2022-10-11 11:31:39 --> ini_set(): A session is active. You cannot change the session module's ini settings at this time
in SYSTEMPATH/Session/Handlers/BaseHandler.php on line 179.
 1 [internal function]: CodeIgniter\Debug\Exceptions->errorHandler()
 2 SYSTEMPATH/Session/Handlers/BaseHandler.php(179): ini_set()
 3 SYSTEMPATH/Session/Handlers/Database/MySQLiHandler.php(33): CodeIgniter\Session\Handlers\BaseHandler->fail()
 4 SYSTEMPATH/Session/Handlers/DatabaseHandler.php(108): CodeIgniter\Session\Handlers\Database\MySQLiHandler->lockSession()
 5 [internal function]: CodeIgniter\Session\Handlers\DatabaseHandler->read()
 6 SYSTEMPATH/Session/Session.php(920): session_start()
 7 SYSTEMPATH/Session/Session.php(242): CodeIgniter\Session\Session->startSession()
 8 SYSTEMPATH/Config/Services.php(665): CodeIgniter\Session\Session->start()
 9 SYSTEMPATH/Config/BaseService.php(253): CodeIgniter\Config\Services::session()
10 SYSTEMPATH/Config/BaseService.php(194): CodeIgniter\Config\BaseService::__callStatic()
11 SYSTEMPATH/Config/Services.php(637): CodeIgniter\Config\BaseService::getSharedInstance()
12 SYSTEMPATH/Config/BaseService.php(253): CodeIgniter\Config\Services::session()
13 SYSTEMPATH/Common.php(939): CodeIgniter\Config\BaseService::__callStatic()
14 APPPATH/Filters/Myauthuser.php(11): session()
15 SYSTEMPATH/Filters/Filters.php(173): App\Filters\Myauthuser->before()
16 SYSTEMPATH/CodeIgniter.php(431): CodeIgniter\Filters\Filters->run()
17 SYSTEMPATH/CodeIgniter.php(340): CodeIgniter\CodeIgniter->handleRequest()
18 FCPATH/index.php(67): CodeIgniter\CodeIgniter->run()
CRITICAL - 2022-10-11 11:32:01 --> ini_set(): A session is active. You cannot change the session module's ini settings at this time
in SYSTEMPATH/Session/Handlers/BaseHandler.php on line 179.
 1 [internal function]: CodeIgniter\Debug\Exceptions->errorHandler()
 2 SYSTEMPATH/Session/Handlers/BaseHandler.php(179): ini_set()
 3 SYSTEMPATH/Session/Handlers/Database/MySQLiHandler.php(33): CodeIgniter\Session\Handlers\BaseHandler->fail()
 4 SYSTEMPATH/Session/Handlers/DatabaseHandler.php(108): CodeIgniter\Session\Handlers\Database\MySQLiHandler->lockSession()
 5 [internal function]: CodeIgniter\Session\Handlers\DatabaseHandler->read()
 6 SYSTEMPATH/Session/Session.php(920): session_start()
 7 SYSTEMPATH/Session/Session.php(242): CodeIgniter\Session\Session->startSession()
 8 SYSTEMPATH/Config/Services.php(665): CodeIgniter\Session\Session->start()
 9 SYSTEMPATH/Config/BaseService.php(253): CodeIgniter\Config\Services::session()
10 SYSTEMPATH/Config/BaseService.php(194): CodeIgniter\Config\BaseService::__callStatic()
11 SYSTEMPATH/Config/Services.php(637): CodeIgniter\Config\BaseService::getSharedInstance()
12 SYSTEMPATH/Config/BaseService.php(253): CodeIgniter\Config\Services::session()
13 SYSTEMPATH/Common.php(939): CodeIgniter\Config\BaseService::__callStatic()
14 APPPATH/Filters/Myauthuser.php(11): session()
15 SYSTEMPATH/Filters/Filters.php(173): App\Filters\Myauthuser->before()
16 SYSTEMPATH/CodeIgniter.php(431): CodeIgniter\Filters\Filters->run()
17 SYSTEMPATH/CodeIgniter.php(340): CodeIgniter\CodeIgniter->handleRequest()
18 FCPATH/index.php(67): CodeIgniter\CodeIgniter->run()
CRITICAL - 2022-10-11 11:32:13 --> ini_set(): A session is active. You cannot change the session module's ini settings at this time
in SYSTEMPATH/Session/Handlers/BaseHandler.php on line 179.
 1 [internal function]: CodeIgniter\Debug\Exceptions->errorHandler()
 2 SYSTEMPATH/Session/Handlers/BaseHandler.php(179): ini_set()
 3 SYSTEMPATH/Session/Handlers/Database/MySQLiHandler.php(33): CodeIgniter\Session\Handlers\BaseHandler->fail()
 4 SYSTEMPATH/Session/Handlers/DatabaseHandler.php(108): CodeIgniter\Session\Handlers\Database\MySQLiHandler->lockSession()
 5 [internal function]: CodeIgniter\Session\Handlers\DatabaseHandler->read()
 6 SYSTEMPATH/Session/Session.php(920): session_start()
 7 SYSTEMPATH/Session/Session.php(242): CodeIgniter\Session\Session->startSession()
 8 SYSTEMPATH/Config/Services.php(665): CodeIgniter\Session\Session->start()
 9 SYSTEMPATH/Config/BaseService.php(253): CodeIgniter\Config\Services::session()
10 SYSTEMPATH/Config/BaseService.php(194): CodeIgniter\Config\BaseService::__callStatic()
11 SYSTEMPATH/Config/Services.php(637): CodeIgniter\Config\BaseService::getSharedInstance()
12 SYSTEMPATH/Config/BaseService.php(253): CodeIgniter\Config\Services::session()
13 SYSTEMPATH/Common.php(939): CodeIgniter\Config\BaseService::__callStatic()
14 APPPATH/Filters/Myauthuser.php(11): session()
15 SYSTEMPATH/Filters/Filters.php(173): App\Filters\Myauthuser->before()
16 SYSTEMPATH/CodeIgniter.php(431): CodeIgniter\Filters\Filters->run()
17 SYSTEMPATH/CodeIgniter.php(340): CodeIgniter\CodeIgniter->handleRequest()
18 FCPATH/index.php(67): CodeIgniter\CodeIgniter->run()
CRITICAL - 2022-10-11 11:32:30 --> ini_set(): A session is active. You cannot change the session module's ini settings at this time
in SYSTEMPATH/Session/Handlers/BaseHandler.php on line 179.
 1 [internal function]: CodeIgniter\Debug\Exceptions->errorHandler()
 2 SYSTEMPATH/Session/Handlers/BaseHandler.php(179): ini_set()
 3 SYSTEMPATH/Session/Handlers/Database/MySQLiHandler.php(33): CodeIgniter\Session\Handlers\BaseHandler->fail()
 4 SYSTEMPATH/Session/Handlers/DatabaseHandler.php(108): CodeIgniter\Session\Handlers\Database\MySQLiHandler->lockSession()
 5 [internal function]: CodeIgniter\Session\Handlers\DatabaseHandler->read()
 6 SYSTEMPATH/Session/Session.php(920): session_start()
 7 SYSTEMPATH/Session/Session.php(242): CodeIgniter\Session\Session->startSession()
 8 SYSTEMPATH/Config/Services.php(665): CodeIgniter\Session\Session->start()
 9 SYSTEMPATH/Config/BaseService.php(253): CodeIgniter\Config\Services::session()
10 SYSTEMPATH/Config/BaseService.php(194): CodeIgniter\Config\BaseService::__callStatic()
11 SYSTEMPATH/Config/Services.php(637): CodeIgniter\Config\BaseService::getSharedInstance()
12 SYSTEMPATH/Config/BaseService.php(253): CodeIgniter\Config\Services::session()
13 SYSTEMPATH/Common.php(939): CodeIgniter\Config\BaseService::__callStatic()
14 APPPATH/Filters/Myauthuser.php(11): session()
15 SYSTEMPATH/Filters/Filters.php(173): App\Filters\Myauthuser->before()
16 SYSTEMPATH/CodeIgniter.php(431): CodeIgniter\Filters\Filters->run()
17 SYSTEMPATH/CodeIgniter.php(340): CodeIgniter\CodeIgniter->handleRequest()
18 FCPATH/index.php(67): CodeIgniter\CodeIgniter->run()
CRITICAL - 2022-10-11 11:32:36 --> ini_set(): A session is active. You cannot change the session module's ini settings at this time
in SYSTEMPATH/Session/Handlers/BaseHandler.php on line 179.
 1 [internal function]: CodeIgniter\Debug\Exceptions->errorHandler()
 2 SYSTEMPATH/Session/Handlers/BaseHandler.php(179): ini_set()
 3 SYSTEMPATH/Session/Handlers/Database/MySQLiHandler.php(33): CodeIgniter\Session\Handlers\BaseHandler->fail()
 4 SYSTEMPATH/Session/Handlers/DatabaseHandler.php(108): CodeIgniter\Session\Handlers\Database\MySQLiHandler->lockSession()
 5 [internal function]: CodeIgniter\Session\Handlers\DatabaseHandler->read()
 6 SYSTEMPATH/Session/Session.php(920): session_start()
 7 SYSTEMPATH/Session/Session.php(242): CodeIgniter\Session\Session->startSession()
 8 SYSTEMPATH/Config/Services.php(665): CodeIgniter\Session\Session->start()
 9 SYSTEMPATH/Config/BaseService.php(253): CodeIgniter\Config\Services::session()
10 SYSTEMPATH/Config/BaseService.php(194): CodeIgniter\Config\BaseService::__callStatic()
11 SYSTEMPATH/Config/Services.php(637): CodeIgniter\Config\BaseService::getSharedInstance()
12 SYSTEMPATH/Config/BaseService.php(253): CodeIgniter\Config\Services::session()
13 SYSTEMPATH/Common.php(939): CodeIgniter\Config\BaseService::__callStatic()
14 APPPATH/Filters/Myauthuser.php(11): session()
15 SYSTEMPATH/Filters/Filters.php(173): App\Filters\Myauthuser->before()
16 SYSTEMPATH/CodeIgniter.php(431): CodeIgniter\Filters\Filters->run()
17 SYSTEMPATH/CodeIgniter.php(340): CodeIgniter\CodeIgniter->handleRequest()
18 FCPATH/index.php(67): CodeIgniter\CodeIgniter->run()
CRITICAL - 2022-10-11 11:33:45 --> ini_set(): A session is active. You cannot change the session module's ini settings at this time
in SYSTEMPATH/Session/Handlers/BaseHandler.php on line 179.
 1 [internal function]: CodeIgniter\Debug\Exceptions->errorHandler()
 2 SYSTEMPATH/Session/Handlers/BaseHandler.php(179): ini_set()
 3 SYSTEMPATH/Session/Handlers/Database/MySQLiHandler.php(33): CodeIgniter\Session\Handlers\BaseHandler->fail()
 4 SYSTEMPATH/Session/Handlers/DatabaseHandler.php(108): CodeIgniter\Session\Handlers\Database\MySQLiHandler->lockSession()
 5 [internal function]: CodeIgniter\Session\Handlers\DatabaseHandler->read()
 6 SYSTEMPATH/Session/Session.php(920): session_start()
 7 SYSTEMPATH/Session/Session.php(242): CodeIgniter\Session\Session->startSession()
 8 SYSTEMPATH/Config/Services.php(665): CodeIgniter\Session\Session->start()
 9 SYSTEMPATH/Config/BaseService.php(253): CodeIgniter\Config\Services::session()
10 SYSTEMPATH/Config/BaseService.php(194): CodeIgniter\Config\BaseService::__callStatic()
11 SYSTEMPATH/Config/Services.php(637): CodeIgniter\Config\BaseService::getSharedInstance()
12 SYSTEMPATH/Config/BaseService.php(253): CodeIgniter\Config\Services::session()
13 SYSTEMPATH/Common.php(939): CodeIgniter\Config\BaseService::__callStatic()
14 APPPATH/Filters/Myauthuser.php(11): session()
15 SYSTEMPATH/Filters/Filters.php(173): App\Filters\Myauthuser->before()
16 SYSTEMPATH/CodeIgniter.php(431): CodeIgniter\Filters\Filters->run()
17 SYSTEMPATH/CodeIgniter.php(340): CodeIgniter\CodeIgniter->handleRequest()
18 FCPATH/index.php(67): CodeIgniter\CodeIgniter->run()
CRITICAL - 2022-10-11 11:34:16 --> ini_set(): A session is active. You cannot change the session module's ini settings at this time
in SYSTEMPATH/Session/Handlers/BaseHandler.php on line 179.
 1 [internal function]: CodeIgniter\Debug\Exceptions->errorHandler()
 2 SYSTEMPATH/Session/Handlers/BaseHandler.php(179): ini_set()
 3 SYSTEMPATH/Session/Handlers/Database/MySQLiHandler.php(33): CodeIgniter\Session\Handlers\BaseHandler->fail()
 4 SYSTEMPATH/Session/Handlers/DatabaseHandler.php(108): CodeIgniter\Session\Handlers\Database\MySQLiHandler->lockSession()
 5 [internal function]: CodeIgniter\Session\Handlers\DatabaseHandler->read()
 6 SYSTEMPATH/Session/Session.php(920): session_start()
 7 SYSTEMPATH/Session/Session.php(242): CodeIgniter\Session\Session->startSession()
 8 SYSTEMPATH/Config/Services.php(665): CodeIgniter\Session\Session->start()
 9 SYSTEMPATH/Config/BaseService.php(253): CodeIgniter\Config\Services::session()
10 SYSTEMPATH/Config/BaseService.php(194): CodeIgniter\Config\BaseService::__callStatic()
11 SYSTEMPATH/Config/Services.php(637): CodeIgniter\Config\BaseService::getSharedInstance()
12 SYSTEMPATH/Config/BaseService.php(253): CodeIgniter\Config\Services::session()
13 SYSTEMPATH/Common.php(939): CodeIgniter\Config\BaseService::__callStatic()
14 APPPATH/Filters/Myauthuser.php(11): session()
15 SYSTEMPATH/Filters/Filters.php(173): App\Filters\Myauthuser->before()
16 SYSTEMPATH/CodeIgniter.php(431): CodeIgniter\Filters\Filters->run()
17 SYSTEMPATH/CodeIgniter.php(340): CodeIgniter\CodeIgniter->handleRequest()
18 FCPATH/index.php(67): CodeIgniter\CodeIgniter->run()
CRITICAL - 2022-10-11 11:35:10 --> ini_set(): A session is active. You cannot change the session module's ini settings at this time
in SYSTEMPATH/Session/Handlers/BaseHandler.php on line 179.
 1 [internal function]: CodeIgniter\Debug\Exceptions->errorHandler()
 2 SYSTEMPATH/Session/Handlers/BaseHandler.php(179): ini_set()
 3 SYSTEMPATH/Session/Handlers/Database/MySQLiHandler.php(33): CodeIgniter\Session\Handlers\BaseHandler->fail()
 4 SYSTEMPATH/Session/Handlers/DatabaseHandler.php(108): CodeIgniter\Session\Handlers\Database\MySQLiHandler->lockSession()
 5 [internal function]: CodeIgniter\Session\Handlers\DatabaseHandler->read()
 6 SYSTEMPATH/Session/Session.php(920): session_start()
 7 SYSTEMPATH/Session/Session.php(242): CodeIgniter\Session\Session->startSession()
 8 SYSTEMPATH/Config/Services.php(665): CodeIgniter\Session\Session->start()
 9 SYSTEMPATH/Config/BaseService.php(253): CodeIgniter\Config\Services::session()
10 SYSTEMPATH/Config/BaseService.php(194): CodeIgniter\Config\BaseService::__callStatic()
11 SYSTEMPATH/Config/Services.php(637): CodeIgniter\Config\BaseService::getSharedInstance()
12 SYSTEMPATH/Config/BaseService.php(253): CodeIgniter\Config\Services::session()
13 SYSTEMPATH/Common.php(939): CodeIgniter\Config\BaseService::__callStatic()
14 APPPATH/Filters/Myauthuser.php(11): session()
15 SYSTEMPATH/Filters/Filters.php(173): App\Filters\Myauthuser->before()
16 SYSTEMPATH/CodeIgniter.php(431): CodeIgniter\Filters\Filters->run()
17 SYSTEMPATH/CodeIgniter.php(340): CodeIgniter\CodeIgniter->handleRequest()
18 FCPATH/index.php(67): CodeIgniter\CodeIgniter->run()
CRITICAL - 2022-10-11 11:48:34 --> ini_set(): A session is active. You cannot change the session module's ini settings at this time
in SYSTEMPATH/Session/Handlers/BaseHandler.php on line 179.
 1 [internal function]: CodeIgniter\Debug\Exceptions->errorHandler()
 2 SYSTEMPATH/Session/Handlers/BaseHandler.php(179): ini_set()
 3 SYSTEMPATH/Session/Handlers/Database/MySQLiHandler.php(33): CodeIgniter\Session\Handlers\BaseHandler->fail()
 4 SYSTEMPATH/Session/Handlers/DatabaseHandler.php(108): CodeIgniter\Session\Handlers\Database\MySQLiHandler->lockSession()
 5 [internal function]: CodeIgniter\Session\Handlers\DatabaseHandler->read()
 6 SYSTEMPATH/Session/Session.php(920): session_start()
 7 SYSTEMPATH/Session/Session.php(242): CodeIgniter\Session\Session->startSession()
 8 SYSTEMPATH/Config/Services.php(665): CodeIgniter\Session\Session->start()
 9 SYSTEMPATH/Config/BaseService.php(253): CodeIgniter\Config\Services::session()
10 SYSTEMPATH/Config/BaseService.php(194): CodeIgniter\Config\BaseService::__callStatic()
11 SYSTEMPATH/Config/Services.php(637): CodeIgniter\Config\BaseService::getSharedInstance()
12 SYSTEMPATH/Config/BaseService.php(253): CodeIgniter\Config\Services::session()
13 SYSTEMPATH/Common.php(939): CodeIgniter\Config\BaseService::__callStatic()
14 APPPATH/Filters/Myauthuser.php(11): session()
15 SYSTEMPATH/Filters/Filters.php(173): App\Filters\Myauthuser->before()
16 SYSTEMPATH/CodeIgniter.php(431): CodeIgniter\Filters\Filters->run()
17 SYSTEMPATH/CodeIgniter.php(340): CodeIgniter\CodeIgniter->handleRequest()
18 FCPATH/index.php(67): CodeIgniter\CodeIgniter->run()
CRITICAL - 2022-10-11 14:41:25 --> ini_set(): A session is active. You cannot change the session module's ini settings at this time
in SYSTEMPATH/Session/Handlers/BaseHandler.php on line 179.
 1 [internal function]: CodeIgniter\Debug\Exceptions->errorHandler()
 2 SYSTEMPATH/Session/Handlers/BaseHandler.php(179): ini_set()
 3 SYSTEMPATH/Session/Handlers/Database/MySQLiHandler.php(33): CodeIgniter\Session\Handlers\BaseHandler->fail()
 4 SYSTEMPATH/Session/Handlers/DatabaseHandler.php(108): CodeIgniter\Session\Handlers\Database\MySQLiHandler->lockSession()
 5 [internal function]: CodeIgniter\Session\Handlers\DatabaseHandler->read()
 6 SYSTEMPATH/Session/Session.php(920): session_start()
 7 SYSTEMPATH/Session/Session.php(242): CodeIgniter\Session\Session->startSession()
 8 SYSTEMPATH/Config/Services.php(665): CodeIgniter\Session\Session->start()
 9 SYSTEMPATH/Config/BaseService.php(253): CodeIgniter\Config\Services::session()
10 SYSTEMPATH/Config/BaseService.php(194): CodeIgniter\Config\BaseService::__callStatic()
11 SYSTEMPATH/Config/Services.php(637): CodeIgniter\Config\BaseService::getSharedInstance()
12 SYSTEMPATH/Config/BaseService.php(253): CodeIgniter\Config\Services::session()
13 SYSTEMPATH/Common.php(939): CodeIgniter\Config\BaseService::__callStatic()
14 APPPATH/Filters/Myauthuser.php(11): session()
15 SYSTEMPATH/Filters/Filters.php(173): App\Filters\Myauthuser->before()
16 SYSTEMPATH/CodeIgniter.php(431): CodeIgniter\Filters\Filters->run()
17 SYSTEMPATH/CodeIgniter.php(340): CodeIgniter\CodeIgniter->handleRequest()
18 FCPATH/index.php(67): CodeIgniter\CodeIgniter->run()
ERROR - 2022-10-11 15:01:48 --> mysqli_sql_exception: Duplicate entry '1-20413' for key 'idx04' in /var/mdevz/mynlinksc/system/Database/MySQLi/Connection.php:292
Stack trace:
#0 /var/mdevz/mynlinksc/system/Database/MySQLi/Connection.php(292): mysqli->query()
#1 /var/mdevz/mynlinksc/system/Database/BaseConnection.php(693): CodeIgniter\Database\MySQLi\Connection->execute()
#2 /var/mdevz/mynlinksc/system/Database/BaseConnection.php(620): CodeIgniter\Database\BaseConnection->simpleQuery()
#3 /var/mdevz/mynlinksc/app/Models/MyLibzDBModel.php(19): CodeIgniter\Database\BaseConnection->query()
#4 /var/mdevz/mynlinksc/app/Models/MyWarehousercvModel.php(577): App\Models\MyLibzDBModel->myoa_sql_exec()
#5 /var/mdevz/mynlinksc/app/Controllers/Warehouse_rcvng.php(62): App\Models\MyWarehousercvModel->mywhrcvng_save()
#6 /var/mdevz/mynlinksc/system/CodeIgniter.php(907): App\Controllers\Warehouse_rcvng->wshe_rvng_save()
#7 /var/mdevz/mynlinksc/system/CodeIgniter.php(457): CodeIgniter\CodeIgniter->runController()
#8 /var/mdevz/mynlinksc/system/CodeIgniter.php(340): CodeIgniter\CodeIgniter->handleRequest()
#9 /var/mdevz/mynlinksc/public/index.php(67): CodeIgniter\CodeIgniter->run()
#10 {main}
