ERROR - 2022-10-27 11:14:36 --> mysqli_sql_exception: Duplicate entry '20220000000001-333322000000010001' for key 'idx77' in /medata/appdevs/mynlinksc/system/Database/MySQLi/Connection.php:292
Stack trace:
#0 /medata/appdevs/mynlinksc/system/Database/MySQLi/Connection.php(292): mysqli->query()
#1 /medata/appdevs/mynlinksc/system/Database/BaseConnection.php(693): CodeIgniter\Database\MySQLi\Connection->execute()
#2 /medata/appdevs/mynlinksc/system/Database/BaseConnection.php(620): CodeIgniter\Database\BaseConnection->simpleQuery()
#3 /medata/appdevs/mynlinksc/app/Models/MyLibzDBModel.php(19): CodeIgniter\Database\BaseConnection->query()
#4 /medata/appdevs/mynlinksc/app/Models/MyWarehousercvModel.php(606): App\Models\MyLibzDBModel->myoa_sql_exec()
#5 /medata/appdevs/mynlinksc/app/Controllers/Warehouse_rcvng.php(75): App\Models\MyWarehousercvModel->mywhrcvng_save()
#6 /medata/appdevs/mynlinksc/system/CodeIgniter.php(902): App\Controllers\Warehouse_rcvng->wshe_rvng_save()
#7 /medata/appdevs/mynlinksc/system/CodeIgniter.php(457): CodeIgniter\CodeIgniter->runController()
#8 /medata/appdevs/mynlinksc/system/CodeIgniter.php(340): CodeIgniter\CodeIgniter->handleRequest()
#9 /medata/appdevs/mynlinksc/public/index.php(67): CodeIgniter\CodeIgniter->run()
#10 {main}
CRITICAL - 2022-10-27 13:59:27 --> ini_set(): Session ini settings cannot be changed when a session is active
in SYSTEMPATH/Session/Handlers/BaseHandler.php on line 179.
 1 [internal function]: CodeIgniter\Debug\Exceptions->errorHandler()
 2 SYSTEMPATH/Session/Handlers/BaseHandler.php(179): ini_set()
 3 SYSTEMPATH/Session/Handlers/Database/MySQLiHandler.php(33): CodeIgniter\Session\Handlers\BaseHandler->fail()
 4 SYSTEMPATH/Session/Handlers/DatabaseHandler.php(108): CodeIgniter\Session\Handlers\Database\MySQLiHandler->lockSession()
 5 [internal function]: CodeIgniter\Session\Handlers\DatabaseHandler->read()
 6 SYSTEMPATH/Session/Session.php(920): session_start()
 7 SYSTEMPATH/Session/Session.php(242): CodeIgniter\Session\Session->startSession()
 8 SYSTEMPATH/Config/Services.php(665): CodeIgniter\Session\Session->start()
 9 SYSTEMPATH/Config/BaseService.php(253): CodeIgniter\Config\Services::session()
10 SYSTEMPATH/Config/BaseService.php(194): CodeIgniter\Config\BaseService::__callStatic()
11 SYSTEMPATH/Config/Services.php(637): CodeIgniter\Config\BaseService::getSharedInstance()
12 SYSTEMPATH/Config/BaseService.php(253): CodeIgniter\Config\Services::session()
13 SYSTEMPATH/Common.php(939): CodeIgniter\Config\BaseService::__callStatic()
14 APPPATH/Filters/Myauthuser.php(11): session()
15 SYSTEMPATH/Filters/Filters.php(173): App\Filters\Myauthuser->before()
16 SYSTEMPATH/CodeIgniter.php(431): CodeIgniter\Filters\Filters->run()
17 SYSTEMPATH/CodeIgniter.php(340): CodeIgniter\CodeIgniter->handleRequest()
18 FCPATH/index.php(67): CodeIgniter\CodeIgniter->run()
CRITICAL - 2022-10-27 13:59:32 --> ini_set(): Session ini settings cannot be changed when a session is active
in SYSTEMPATH/Session/Handlers/BaseHandler.php on line 179.
 1 [internal function]: CodeIgniter\Debug\Exceptions->errorHandler()
 2 SYSTEMPATH/Session/Handlers/BaseHandler.php(179): ini_set()
 3 SYSTEMPATH/Session/Handlers/Database/MySQLiHandler.php(33): CodeIgniter\Session\Handlers\BaseHandler->fail()
 4 SYSTEMPATH/Session/Handlers/DatabaseHandler.php(108): CodeIgniter\Session\Handlers\Database\MySQLiHandler->lockSession()
 5 [internal function]: CodeIgniter\Session\Handlers\DatabaseHandler->read()
 6 SYSTEMPATH/Session/Session.php(920): session_start()
 7 SYSTEMPATH/Session/Session.php(242): CodeIgniter\Session\Session->startSession()
 8 SYSTEMPATH/Config/Services.php(665): CodeIgniter\Session\Session->start()
 9 SYSTEMPATH/Config/BaseService.php(253): CodeIgniter\Config\Services::session()
10 SYSTEMPATH/Config/BaseService.php(194): CodeIgniter\Config\BaseService::__callStatic()
11 SYSTEMPATH/Config/Services.php(637): CodeIgniter\Config\BaseService::getSharedInstance()
12 SYSTEMPATH/Config/BaseService.php(253): CodeIgniter\Config\Services::session()
13 SYSTEMPATH/Common.php(939): CodeIgniter\Config\BaseService::__callStatic()
14 APPPATH/Filters/Myauthuser.php(11): session()
15 SYSTEMPATH/Filters/Filters.php(173): App\Filters\Myauthuser->before()
16 SYSTEMPATH/CodeIgniter.php(431): CodeIgniter\Filters\Filters->run()
17 SYSTEMPATH/CodeIgniter.php(340): CodeIgniter\CodeIgniter->handleRequest()
18 FCPATH/index.php(67): CodeIgniter\CodeIgniter->run()
CRITICAL - 2022-10-27 16:03:23 --> ini_set(): Session ini settings cannot be changed when a session is active
in SYSTEMPATH/Session/Handlers/BaseHandler.php on line 179.
 1 [internal function]: CodeIgniter\Debug\Exceptions->errorHandler()
 2 SYSTEMPATH/Session/Handlers/BaseHandler.php(179): ini_set()
 3 SYSTEMPATH/Session/Handlers/Database/MySQLiHandler.php(33): CodeIgniter\Session\Handlers\BaseHandler->fail()
 4 SYSTEMPATH/Session/Handlers/DatabaseHandler.php(108): CodeIgniter\Session\Handlers\Database\MySQLiHandler->lockSession()
 5 [internal function]: CodeIgniter\Session\Handlers\DatabaseHandler->read()
 6 SYSTEMPATH/Session/Session.php(920): session_start()
 7 SYSTEMPATH/Session/Session.php(242): CodeIgniter\Session\Session->startSession()
 8 SYSTEMPATH/Config/Services.php(665): CodeIgniter\Session\Session->start()
 9 SYSTEMPATH/Config/BaseService.php(253): CodeIgniter\Config\Services::session()
10 SYSTEMPATH/Config/BaseService.php(194): CodeIgniter\Config\BaseService::__callStatic()
11 SYSTEMPATH/Config/Services.php(637): CodeIgniter\Config\BaseService::getSharedInstance()
12 SYSTEMPATH/Config/BaseService.php(253): CodeIgniter\Config\Services::session()
13 SYSTEMPATH/Common.php(939): CodeIgniter\Config\BaseService::__callStatic()
14 APPPATH/Filters/Myauthuser.php(11): session()
15 SYSTEMPATH/Filters/Filters.php(173): App\Filters\Myauthuser->before()
16 SYSTEMPATH/CodeIgniter.php(431): CodeIgniter\Filters\Filters->run()
17 SYSTEMPATH/CodeIgniter.php(340): CodeIgniter\CodeIgniter->handleRequest()
18 FCPATH/index.php(67): CodeIgniter\CodeIgniter->run()
CRITICAL - 2022-10-27 16:04:40 --> ini_set(): Session ini settings cannot be changed when a session is active
in SYSTEMPATH/Session/Handlers/BaseHandler.php on line 179.
 1 [internal function]: CodeIgniter\Debug\Exceptions->errorHandler()
 2 SYSTEMPATH/Session/Handlers/BaseHandler.php(179): ini_set()
 3 SYSTEMPATH/Session/Handlers/Database/MySQLiHandler.php(33): CodeIgniter\Session\Handlers\BaseHandler->fail()
 4 SYSTEMPATH/Session/Handlers/DatabaseHandler.php(108): CodeIgniter\Session\Handlers\Database\MySQLiHandler->lockSession()
 5 [internal function]: CodeIgniter\Session\Handlers\DatabaseHandler->read()
 6 SYSTEMPATH/Session/Session.php(920): session_start()
 7 SYSTEMPATH/Session/Session.php(242): CodeIgniter\Session\Session->startSession()
 8 SYSTEMPATH/Config/Services.php(665): CodeIgniter\Session\Session->start()
 9 SYSTEMPATH/Config/BaseService.php(253): CodeIgniter\Config\Services::session()
10 SYSTEMPATH/Config/BaseService.php(194): CodeIgniter\Config\BaseService::__callStatic()
11 SYSTEMPATH/Config/Services.php(637): CodeIgniter\Config\BaseService::getSharedInstance()
12 SYSTEMPATH/Config/BaseService.php(253): CodeIgniter\Config\Services::session()
13 SYSTEMPATH/Common.php(939): CodeIgniter\Config\BaseService::__callStatic()
14 APPPATH/Filters/Myauthuser.php(11): session()
15 SYSTEMPATH/Filters/Filters.php(173): App\Filters\Myauthuser->before()
16 SYSTEMPATH/CodeIgniter.php(431): CodeIgniter\Filters\Filters->run()
17 SYSTEMPATH/CodeIgniter.php(340): CodeIgniter\CodeIgniter->handleRequest()
18 FCPATH/index.php(67): CodeIgniter\CodeIgniter->run()
CRITICAL - 2022-10-27 16:18:28 --> ini_set(): Session ini settings cannot be changed when a session is active
in SYSTEMPATH/Session/Handlers/BaseHandler.php on line 179.
 1 [internal function]: CodeIgniter\Debug\Exceptions->errorHandler()
 2 SYSTEMPATH/Session/Handlers/BaseHandler.php(179): ini_set()
 3 SYSTEMPATH/Session/Handlers/Database/MySQLiHandler.php(33): CodeIgniter\Session\Handlers\BaseHandler->fail()
 4 SYSTEMPATH/Session/Handlers/DatabaseHandler.php(108): CodeIgniter\Session\Handlers\Database\MySQLiHandler->lockSession()
 5 [internal function]: CodeIgniter\Session\Handlers\DatabaseHandler->read()
 6 SYSTEMPATH/Session/Session.php(920): session_start()
 7 SYSTEMPATH/Session/Session.php(242): CodeIgniter\Session\Session->startSession()
 8 SYSTEMPATH/Config/Services.php(665): CodeIgniter\Session\Session->start()
 9 SYSTEMPATH/Config/BaseService.php(253): CodeIgniter\Config\Services::session()
10 SYSTEMPATH/Config/BaseService.php(194): CodeIgniter\Config\BaseService::__callStatic()
11 SYSTEMPATH/Config/Services.php(637): CodeIgniter\Config\BaseService::getSharedInstance()
12 SYSTEMPATH/Config/BaseService.php(253): CodeIgniter\Config\Services::session()
13 SYSTEMPATH/Common.php(939): CodeIgniter\Config\BaseService::__callStatic()
14 APPPATH/Filters/Myauthuser.php(11): session()
15 SYSTEMPATH/Filters/Filters.php(173): App\Filters\Myauthuser->before()
16 SYSTEMPATH/CodeIgniter.php(431): CodeIgniter\Filters\Filters->run()
17 SYSTEMPATH/CodeIgniter.php(340): CodeIgniter\CodeIgniter->handleRequest()
18 FCPATH/index.php(67): CodeIgniter\CodeIgniter->run()
CRITICAL - 2022-10-27 16:18:33 --> ini_set(): Session ini settings cannot be changed when a session is active
in SYSTEMPATH/Session/Handlers/BaseHandler.php on line 179.
 1 [internal function]: CodeIgniter\Debug\Exceptions->errorHandler()
 2 SYSTEMPATH/Session/Handlers/BaseHandler.php(179): ini_set()
 3 SYSTEMPATH/Session/Handlers/Database/MySQLiHandler.php(33): CodeIgniter\Session\Handlers\BaseHandler->fail()
 4 SYSTEMPATH/Session/Handlers/DatabaseHandler.php(108): CodeIgniter\Session\Handlers\Database\MySQLiHandler->lockSession()
 5 [internal function]: CodeIgniter\Session\Handlers\DatabaseHandler->read()
 6 SYSTEMPATH/Session/Session.php(920): session_start()
 7 SYSTEMPATH/Session/Session.php(242): CodeIgniter\Session\Session->startSession()
 8 SYSTEMPATH/Config/Services.php(665): CodeIgniter\Session\Session->start()
 9 SYSTEMPATH/Config/BaseService.php(253): CodeIgniter\Config\Services::session()
10 SYSTEMPATH/Config/BaseService.php(194): CodeIgniter\Config\BaseService::__callStatic()
11 SYSTEMPATH/Config/Services.php(637): CodeIgniter\Config\BaseService::getSharedInstance()
12 SYSTEMPATH/Config/BaseService.php(253): CodeIgniter\Config\Services::session()
13 SYSTEMPATH/Common.php(939): CodeIgniter\Config\BaseService::__callStatic()
14 APPPATH/Filters/Myauthuser.php(11): session()
15 SYSTEMPATH/Filters/Filters.php(173): App\Filters\Myauthuser->before()
16 SYSTEMPATH/CodeIgniter.php(431): CodeIgniter\Filters\Filters->run()
17 SYSTEMPATH/CodeIgniter.php(340): CodeIgniter\CodeIgniter->handleRequest()
18 FCPATH/index.php(67): CodeIgniter\CodeIgniter->run()
ERROR - 2022-10-27 16:56:10 --> mysqli_sql_exception: Duplicate entry '20220000000003-333322000000160001' for key 'idx77' in /medata/appdevs/mynlinksc/system/Database/MySQLi/Connection.php:292
Stack trace:
#0 /medata/appdevs/mynlinksc/system/Database/MySQLi/Connection.php(292): mysqli->query()
#1 /medata/appdevs/mynlinksc/system/Database/BaseConnection.php(693): CodeIgniter\Database\MySQLi\Connection->execute()
#2 /medata/appdevs/mynlinksc/system/Database/BaseConnection.php(620): CodeIgniter\Database\BaseConnection->simpleQuery()
#3 /medata/appdevs/mynlinksc/app/Models/MyLibzDBModel.php(19): CodeIgniter\Database\BaseConnection->query()
#4 /medata/appdevs/mynlinksc/app/Models/MyWarehousercvModel.php(616): App\Models\MyLibzDBModel->myoa_sql_exec()
#5 /medata/appdevs/mynlinksc/app/Controllers/Warehouse_rcvng.php(75): App\Models\MyWarehousercvModel->mywhrcvng_save()
#6 /medata/appdevs/mynlinksc/system/CodeIgniter.php(902): App\Controllers\Warehouse_rcvng->wshe_rvng_save()
#7 /medata/appdevs/mynlinksc/system/CodeIgniter.php(457): CodeIgniter\CodeIgniter->runController()
#8 /medata/appdevs/mynlinksc/system/CodeIgniter.php(340): CodeIgniter\CodeIgniter->handleRequest()
#9 /medata/appdevs/mynlinksc/public/index.php(67): CodeIgniter\CodeIgniter->run()
#10 {main}
ERROR - 2022-10-27 16:58:03 --> mysqli_sql_exception: Duplicate entry '20220000000004-333322000000130001' for key 'idx77' in /medata/appdevs/mynlinksc/system/Database/MySQLi/Connection.php:292
Stack trace:
#0 /medata/appdevs/mynlinksc/system/Database/MySQLi/Connection.php(292): mysqli->query()
#1 /medata/appdevs/mynlinksc/system/Database/BaseConnection.php(693): CodeIgniter\Database\MySQLi\Connection->execute()
#2 /medata/appdevs/mynlinksc/system/Database/BaseConnection.php(620): CodeIgniter\Database\BaseConnection->simpleQuery()
#3 /medata/appdevs/mynlinksc/app/Models/MyLibzDBModel.php(19): CodeIgniter\Database\BaseConnection->query()
#4 /medata/appdevs/mynlinksc/app/Models/MyWarehousercvModel.php(616): App\Models\MyLibzDBModel->myoa_sql_exec()
#5 /medata/appdevs/mynlinksc/app/Controllers/Warehouse_rcvng.php(75): App\Models\MyWarehousercvModel->mywhrcvng_save()
#6 /medata/appdevs/mynlinksc/system/CodeIgniter.php(902): App\Controllers\Warehouse_rcvng->wshe_rvng_save()
#7 /medata/appdevs/mynlinksc/system/CodeIgniter.php(457): CodeIgniter\CodeIgniter->runController()
#8 /medata/appdevs/mynlinksc/system/CodeIgniter.php(340): CodeIgniter\CodeIgniter->handleRequest()
#9 /medata/appdevs/mynlinksc/public/index.php(67): CodeIgniter\CodeIgniter->run()
#10 {main}
