CRITICAL - 2022-09-20 14:35:18 --> You must set the database table to be used with your query.
#0 /mdevs/mynlinksc/system/Model.php(545): CodeIgniter\Database\BaseConnection->table()
#1 /mdevs/mynlinksc/system/Model.php(693): CodeIgniter\Model->builder()
#2 /mdevs/mynlinksc/app/Models/MyWarehouseoutModel.php(166): CodeIgniter\Model->__get()
#3 /mdevs/mynlinksc/app/Controllers/Warehouse_out.php(91): App\Models\MyWarehouseoutModel->get_jo_outbound_list()
#4 /mdevs/mynlinksc/system/CodeIgniter.php(832): App\Controllers\Warehouse_out->get_jolist()
#5 /mdevs/mynlinksc/system/CodeIgniter.php(419): CodeIgniter\CodeIgniter->runController()
#6 /mdevs/mynlinksc/system/CodeIgniter.php(326): CodeIgniter\CodeIgniter->handleRequest()
#7 /mdevs/mynlinksc/public/index.php(37): CodeIgniter\CodeIgniter->run()
#8 {main}
CRITICAL - 2022-09-20 14:35:23 --> You must set the database table to be used with your query.
#0 /mdevs/mynlinksc/system/Model.php(545): CodeIgniter\Database\BaseConnection->table()
#1 /mdevs/mynlinksc/system/Model.php(693): CodeIgniter\Model->builder()
#2 /mdevs/mynlinksc/app/Models/MyWarehouseoutModel.php(166): CodeIgniter\Model->__get()
#3 /mdevs/mynlinksc/app/Controllers/Warehouse_out.php(91): App\Models\MyWarehouseoutModel->get_jo_outbound_list()
#4 /mdevs/mynlinksc/system/CodeIgniter.php(832): App\Controllers\Warehouse_out->get_jolist()
#5 /mdevs/mynlinksc/system/CodeIgniter.php(419): CodeIgniter\CodeIgniter->runController()
#6 /mdevs/mynlinksc/system/CodeIgniter.php(326): CodeIgniter\CodeIgniter->handleRequest()
#7 /mdevs/mynlinksc/public/index.php(37): CodeIgniter\CodeIgniter->run()
#8 {main}
CRITICAL - 2022-09-20 14:36:17 --> You must set the database table to be used with your query.
#0 /mdevs/mynlinksc/system/Model.php(545): CodeIgniter\Database\BaseConnection->table()
#1 /mdevs/mynlinksc/system/Model.php(693): CodeIgniter\Model->builder()
#2 /mdevs/mynlinksc/app/Models/MyWarehouseoutModel.php(166): CodeIgniter\Model->__get()
#3 /mdevs/mynlinksc/app/Controllers/Warehouse_out.php(91): App\Models\MyWarehouseoutModel->get_jo_outbound_list()
#4 /mdevs/mynlinksc/system/CodeIgniter.php(832): App\Controllers\Warehouse_out->get_jolist()
#5 /mdevs/mynlinksc/system/CodeIgniter.php(419): CodeIgniter\CodeIgniter->runController()
#6 /mdevs/mynlinksc/system/CodeIgniter.php(326): CodeIgniter\CodeIgniter->handleRequest()
#7 /mdevs/mynlinksc/public/index.php(37): CodeIgniter\CodeIgniter->run()
#8 {main}
CRITICAL - 2022-09-20 15:38:02 --> Undefined variable: totalTime
#0 /mdevs/mynlinksc/system/Debug/Toolbar/Views/toolbar.tpl.php(40): CodeIgniter\Debug\Exceptions->errorHandler()
#1 /mdevs/mynlinksc/system/Debug/Toolbar.php(501): include('/mdevs/mynlinks...')
#2 /mdevs/mynlinksc/system/Debug/Toolbar.php(464): CodeIgniter\Debug\Toolbar->format()
#3 /mdevs/mynlinksc/app/Config/Events.php(48): CodeIgniter\Debug\Toolbar->respond()
#4 /mdevs/mynlinksc/system/Events/Events.php(149): CodeIgniter\Events\Events::Config\{closure}()
#5 /mdevs/mynlinksc/system/CodeIgniter.php(308): CodeIgniter\Events\Events::trigger()
#6 /mdevs/mynlinksc/public/index.php(37): CodeIgniter\CodeIgniter->run()
#7 {main}
CRITICAL - 2022-09-20 16:17:26 --> Undefined variable: totalTime
#0 /mdevs/mynlinksc/system/Debug/Toolbar/Views/toolbar.tpl.php(40): CodeIgniter\Debug\Exceptions->errorHandler()
#1 /mdevs/mynlinksc/system/Debug/Toolbar.php(501): include('/mdevs/mynlinks...')
#2 /mdevs/mynlinksc/system/Debug/Toolbar.php(464): CodeIgniter\Debug\Toolbar->format()
#3 /mdevs/mynlinksc/app/Config/Events.php(48): CodeIgniter\Debug\Toolbar->respond()
#4 /mdevs/mynlinksc/system/Events/Events.php(149): CodeIgniter\Events\Events::Config\{closure}()
#5 /mdevs/mynlinksc/system/CodeIgniter.php(308): CodeIgniter\Events\Events::trigger()
#6 /mdevs/mynlinksc/public/index.php(37): CodeIgniter\CodeIgniter->run()
#7 {main}
CRITICAL - 2022-09-20 16:23:57 --> Undefined variable: rlist
#0 /mdevs/mynlinksc/app/Views/warehouse_out/warehouse_out_jo_selected.php(43): CodeIgniter\Debug\Exceptions->errorHandler()
#1 /mdevs/mynlinksc/system/View/View.php(210): include('/mdevs/mynlinks...')
#2 /mdevs/mynlinksc/system/View/View.php(213): CodeIgniter\View\View->CodeIgniter\View\{closure}()
#3 /mdevs/mynlinksc/system/Common.php(1089): CodeIgniter\View\View->render()
#4 /mdevs/mynlinksc/app/Controllers/Warehouse_out.php(79): view()
#5 /mdevs/mynlinksc/system/CodeIgniter.php(832): App\Controllers\Warehouse_out->wshe_out_upld()
#6 /mdevs/mynlinksc/system/CodeIgniter.php(419): CodeIgniter\CodeIgniter->runController()
#7 /mdevs/mynlinksc/system/CodeIgniter.php(326): CodeIgniter\CodeIgniter->handleRequest()
#8 /mdevs/mynlinksc/public/index.php(37): CodeIgniter\CodeIgniter->run()
#9 {main}
CRITICAL - 2022-09-20 16:26:16 --> Undefined index: recid
#0 /mdevs/mynlinksc/app/Views/warehouse_out/warehouse_out_item_scanned.php(50): CodeIgniter\Debug\Exceptions->errorHandler()
#1 /mdevs/mynlinksc/system/View/View.php(210): include('/mdevs/mynlinks...')
#2 /mdevs/mynlinksc/system/View/View.php(213): CodeIgniter\View\View->CodeIgniter\View\{closure}()
#3 /mdevs/mynlinksc/system/Common.php(1089): CodeIgniter\View\View->render()
#4 /mdevs/mynlinksc/app/Controllers/Warehouse_out.php(79): view()
#5 /mdevs/mynlinksc/system/CodeIgniter.php(832): App\Controllers\Warehouse_out->wshe_out_upld()
#6 /mdevs/mynlinksc/system/CodeIgniter.php(419): CodeIgniter\CodeIgniter->runController()
#7 /mdevs/mynlinksc/system/CodeIgniter.php(326): CodeIgniter\CodeIgniter->handleRequest()
#8 /mdevs/mynlinksc/public/index.php(37): CodeIgniter\CodeIgniter->run()
#9 {main}
ERROR - 2022-09-20 16:29:35 --> Unknown column 'b.to_plnt_id' in 'on clause'
CRITICAL - 2022-09-20 16:30:58 --> Undefined index: is_out
#0 /mdevs/mynlinksc/app/Views/warehouse_out/warehouse_out_item_scanned.php(57): CodeIgniter\Debug\Exceptions->errorHandler()
#1 /mdevs/mynlinksc/system/View/View.php(210): include('/mdevs/mynlinks...')
#2 /mdevs/mynlinksc/system/View/View.php(213): CodeIgniter\View\View->CodeIgniter\View\{closure}()
#3 /mdevs/mynlinksc/system/Common.php(1089): CodeIgniter\View\View->render()
#4 /mdevs/mynlinksc/app/Controllers/Warehouse_out.php(79): view()
#5 /mdevs/mynlinksc/system/CodeIgniter.php(832): App\Controllers\Warehouse_out->wshe_out_upld()
#6 /mdevs/mynlinksc/system/CodeIgniter.php(419): CodeIgniter\CodeIgniter->runController()
#7 /mdevs/mynlinksc/system/CodeIgniter.php(326): CodeIgniter\CodeIgniter->handleRequest()
#8 /mdevs/mynlinksc/public/index.php(37): CodeIgniter\CodeIgniter->run()
#9 {main}
CRITICAL - 2022-09-20 16:32:06 --> Undefined index: ART_CODE
#0 /mdevs/mynlinksc/app/Views/warehouse_out/warehouse_out_item_scanned.php(66): CodeIgniter\Debug\Exceptions->errorHandler()
#1 /mdevs/mynlinksc/system/View/View.php(210): include('/mdevs/mynlinks...')
#2 /mdevs/mynlinksc/system/View/View.php(213): CodeIgniter\View\View->CodeIgniter\View\{closure}()
#3 /mdevs/mynlinksc/system/Common.php(1089): CodeIgniter\View\View->render()
#4 /mdevs/mynlinksc/app/Controllers/Warehouse_out.php(79): view()
#5 /mdevs/mynlinksc/system/CodeIgniter.php(832): App\Controllers\Warehouse_out->wshe_out_upld()
#6 /mdevs/mynlinksc/system/CodeIgniter.php(419): CodeIgniter\CodeIgniter->runController()
#7 /mdevs/mynlinksc/system/CodeIgniter.php(326): CodeIgniter\CodeIgniter->handleRequest()
#8 /mdevs/mynlinksc/public/index.php(37): CodeIgniter\CodeIgniter->run()
#9 {main}
CRITICAL - 2022-09-20 16:32:31 --> Undefined index: qty
#0 /mdevs/mynlinksc/app/Views/warehouse_out/warehouse_out_item_scanned.php(69): CodeIgniter\Debug\Exceptions->errorHandler()
#1 /mdevs/mynlinksc/system/View/View.php(210): include('/mdevs/mynlinks...')
#2 /mdevs/mynlinksc/system/View/View.php(213): CodeIgniter\View\View->CodeIgniter\View\{closure}()
#3 /mdevs/mynlinksc/system/Common.php(1089): CodeIgniter\View\View->render()
#4 /mdevs/mynlinksc/app/Controllers/Warehouse_out.php(79): view()
#5 /mdevs/mynlinksc/system/CodeIgniter.php(832): App\Controllers\Warehouse_out->wshe_out_upld()
#6 /mdevs/mynlinksc/system/CodeIgniter.php(419): CodeIgniter\CodeIgniter->runController()
#7 /mdevs/mynlinksc/system/CodeIgniter.php(326): CodeIgniter\CodeIgniter->handleRequest()
#8 /mdevs/mynlinksc/public/index.php(37): CodeIgniter\CodeIgniter->run()
#9 {main}
ERROR - 2022-09-20 16:40:16 --> Unknown column 'b.ART_GWEIHGT' in 'field list'
