CRITICAL - 2022-06-18 08:27:42 --> unlink(/mdevs/mynrc/writable/debugbar/debugbar_1655437199.json): No such file or directory
#0 [internal function]: CodeIgniter\Debug\Exceptions->errorHandler()
#1 /mdevs/mynrc/system/Debug/Toolbar/Collectors/History.php(74): unlink()
#2 /mdevs/mynrc/system/Debug/Toolbar.php(487): CodeIgniter\Debug\Toolbar\Collectors\History->setFiles()
#3 /mdevs/mynrc/system/Debug/Toolbar.php(464): CodeIgniter\Debug\Toolbar->format()
#4 /mdevs/mynrc/app/Config/Events.php(48): CodeIgniter\Debug\Toolbar->respond()
#5 /mdevs/mynrc/system/Events/Events.php(149): CodeIgniter\Events\Events::Config\{closure}()
#6 /mdevs/mynrc/system/CodeIgniter.php(308): CodeIgniter\Events\Events::trigger()
#7 /mdevs/mynrc/public/index.php(37): CodeIgniter\CodeIgniter->run()
#8 {main}
CRITICAL - 2022-06-18 13:19:45 --> Undefined variable: totalTime
#0 /mdevs/mynrc/system/Debug/Toolbar/Views/toolbar.tpl.php(40): CodeIgniter\Debug\Exceptions->errorHandler()
#1 /mdevs/mynrc/system/Debug/Toolbar.php(501): include('/mdevs/mynrc/sy...')
#2 /mdevs/mynrc/system/Debug/Toolbar.php(464): CodeIgniter\Debug\Toolbar->format()
#3 /mdevs/mynrc/app/Config/Events.php(48): CodeIgniter\Debug\Toolbar->respond()
#4 /mdevs/mynrc/system/Events/Events.php(149): CodeIgniter\Events\Events::Config\{closure}()
#5 /mdevs/mynrc/system/CodeIgniter.php(308): CodeIgniter\Events\Events::trigger()
#6 /mdevs/mynrc/public/index.php(37): CodeIgniter\CodeIgniter->run()
#7 {main}
ERROR - 2022-06-18 14:11:41 --> You have an error in your SQL syntax; check the manual that corresponds to your MariaDB server version for the right syntax to use near '(`recid`)
        )' at line 5
ERROR - 2022-06-18 14:12:49 --> You have an error in your SQL syntax; check the manual that corresponds to your MariaDB server version for the right syntax to use near '(`recid`)
        )' at line 5
CRITICAL - 2022-06-18 14:14:29 --> Undefined variable: totalTime
#0 /mdevs/mynrc/system/Debug/Toolbar/Views/toolbar.tpl.php(40): CodeIgniter\Debug\Exceptions->errorHandler()
#1 /mdevs/mynrc/system/Debug/Toolbar.php(501): include('/mdevs/mynrc/sy...')
#2 /mdevs/mynrc/system/Debug/Toolbar.php(464): CodeIgniter\Debug\Toolbar->format()
#3 /mdevs/mynrc/app/Config/Events.php(48): CodeIgniter\Debug\Toolbar->respond()
#4 /mdevs/mynrc/system/Events/Events.php(149): CodeIgniter\Events\Events::Config\{closure}()
#5 /mdevs/mynrc/system/CodeIgniter.php(308): CodeIgniter\Events\Events::trigger()
#6 /mdevs/mynrc/public/index.php(37): CodeIgniter\CodeIgniter->run()
#7 {main}
ERROR - 2022-06-18 14:21:59 --> You have an error in your SQL syntax; check the manual that corresponds to your MariaDB server version for the right syntax to use near 'sha2(concat(aa.`recid`,'arnelmysyzerpmy'),384) mtkn_mntr 
        FROM ap8.`m...' at line 4
CRITICAL - 2022-06-18 14:23:45 --> Undefined variable: totalTime
#0 /mdevs/mynrc/system/Debug/Toolbar/Views/toolbar.tpl.php(40): CodeIgniter\Debug\Exceptions->errorHandler()
#1 /mdevs/mynrc/system/Debug/Toolbar.php(501): include('/mdevs/mynrc/sy...')
#2 /mdevs/mynrc/system/Debug/Toolbar.php(464): CodeIgniter\Debug\Toolbar->format()
#3 /mdevs/mynrc/app/Config/Events.php(48): CodeIgniter\Debug\Toolbar->respond()
#4 /mdevs/mynrc/system/Events/Events.php(149): CodeIgniter\Events\Events::Config\{closure}()
#5 /mdevs/mynrc/system/CodeIgniter.php(308): CodeIgniter\Events\Events::trigger()
#6 /mdevs/mynrc/public/index.php(37): CodeIgniter\CodeIgniter->run()
#7 {main}
CRITICAL - 2022-06-18 14:25:32 --> Undefined index: CUST_NO
#0 /mdevs/mynrc/app/Views/mdcardno/md-tagcardslost-recs.php(78): CodeIgniter\Debug\Exceptions->errorHandler()
#1 /mdevs/mynrc/system/View/View.php(210): include('/mdevs/mynrc/ap...')
#2 /mdevs/mynrc/system/View/View.php(213): CodeIgniter\View\View->CodeIgniter\View\{closure}()
#3 /mdevs/mynrc/system/Common.php(1089): CodeIgniter\View\View->render()
#4 /mdevs/mynrc/app/Controllers/Md_cards.php(41): view()
#5 /mdevs/mynrc/system/CodeIgniter.php(832): App\Controllers\Md_cards->card_tag_recs()
#6 /mdevs/mynrc/system/CodeIgniter.php(419): CodeIgniter\CodeIgniter->runController()
#7 /mdevs/mynrc/system/CodeIgniter.php(326): CodeIgniter\CodeIgniter->handleRequest()
#8 /mdevs/mynrc/public/index.php(37): CodeIgniter\CodeIgniter->run()
#9 {main}
CRITICAL - 2022-06-18 14:25:34 --> Undefined index: CUST_NO
#0 /mdevs/mynrc/app/Views/mdcardno/md-tagcardslost-recs.php(78): CodeIgniter\Debug\Exceptions->errorHandler()
#1 /mdevs/mynrc/system/View/View.php(210): include('/mdevs/mynrc/ap...')
#2 /mdevs/mynrc/system/View/View.php(213): CodeIgniter\View\View->CodeIgniter\View\{closure}()
#3 /mdevs/mynrc/system/Common.php(1089): CodeIgniter\View\View->render()
#4 /mdevs/mynrc/app/Controllers/Md_cards.php(41): view()
#5 /mdevs/mynrc/system/CodeIgniter.php(832): App\Controllers\Md_cards->card_tag_recs()
#6 /mdevs/mynrc/system/CodeIgniter.php(419): CodeIgniter\CodeIgniter->runController()
#7 /mdevs/mynrc/system/CodeIgniter.php(326): CodeIgniter\CodeIgniter->handleRequest()
#8 /mdevs/mynrc/public/index.php(37): CodeIgniter\CodeIgniter->run()
#9 {main}
ERROR - 2022-06-18 14:26:31 --> You have an error in your SQL syntax; check the manual that corresponds to your MariaDB server version for the right syntax to use near '(concat(aa.`recid`,'arnelmysyzerpmy'),384) mtkn_mntr 
        FROM ap8.`mst_n...' at line 4
ERROR - 2022-06-18 14:26:32 --> You have an error in your SQL syntax; check the manual that corresponds to your MariaDB server version for the right syntax to use near '(concat(aa.`recid`,'arnelmysyzerpmy'),384) mtkn_mntr 
        FROM ap8.`mst_n...' at line 4
ERROR - 2022-06-18 14:26:32 --> You have an error in your SQL syntax; check the manual that corresponds to your MariaDB server version for the right syntax to use near '(concat(aa.`recid`,'arnelmysyzerpmy'),384) mtkn_mntr 
        FROM ap8.`mst_n...' at line 4
ERROR - 2022-06-18 14:26:32 --> You have an error in your SQL syntax; check the manual that corresponds to your MariaDB server version for the right syntax to use near '(concat(aa.`recid`,'arnelmysyzerpmy'),384) mtkn_mntr 
        FROM ap8.`mst_n...' at line 4
CRITICAL - 2022-06-18 14:30:17 --> Undefined variable: totalTime
#0 /mdevs/mynrc/system/Debug/Toolbar/Views/toolbar.tpl.php(40): CodeIgniter\Debug\Exceptions->errorHandler()
#1 /mdevs/mynrc/system/Debug/Toolbar.php(501): include('/mdevs/mynrc/sy...')
#2 /mdevs/mynrc/system/Debug/Toolbar.php(464): CodeIgniter\Debug\Toolbar->format()
#3 /mdevs/mynrc/app/Config/Events.php(48): CodeIgniter\Debug\Toolbar->respond()
#4 /mdevs/mynrc/system/Events/Events.php(149): CodeIgniter\Events\Events::Config\{closure}()
#5 /mdevs/mynrc/system/CodeIgniter.php(308): CodeIgniter\Events\Events::trigger()
#6 /mdevs/mynrc/public/index.php(37): CodeIgniter\CodeIgniter->run()
#7 {main}
CRITICAL - 2022-06-18 14:47:32 --> Undefined variable: str
#0 /mdevs/mynrc/app/Models/MyCardTagModel.php(287): CodeIgniter\Debug\Exceptions->errorHandler()
#1 /mdevs/mynrc/app/Controllers/Md_cards.php(67): App\Models\MyCardTagModel->md_cardtag_manual()
#2 /mdevs/mynrc/system/CodeIgniter.php(832): App\Controllers\Md_cards->md_cards_manual()
#3 /mdevs/mynrc/system/CodeIgniter.php(419): CodeIgniter\CodeIgniter->runController()
#4 /mdevs/mynrc/system/CodeIgniter.php(326): CodeIgniter\CodeIgniter->handleRequest()
#5 /mdevs/mynrc/public/index.php(37): CodeIgniter\CodeIgniter->run()
#6 {main}
CRITICAL - 2022-06-18 14:47:34 --> Undefined variable: str
#0 /mdevs/mynrc/app/Models/MyCardTagModel.php(287): CodeIgniter\Debug\Exceptions->errorHandler()
#1 /mdevs/mynrc/app/Controllers/Md_cards.php(67): App\Models\MyCardTagModel->md_cardtag_manual()
#2 /mdevs/mynrc/system/CodeIgniter.php(832): App\Controllers\Md_cards->md_cards_manual()
#3 /mdevs/mynrc/system/CodeIgniter.php(419): CodeIgniter\CodeIgniter->runController()
#4 /mdevs/mynrc/system/CodeIgniter.php(326): CodeIgniter\CodeIgniter->handleRequest()
#5 /mdevs/mynrc/public/index.php(37): CodeIgniter\CodeIgniter->run()
#6 {main}
ERROR - 2022-06-18 14:47:54 --> You have an error in your SQL syntax; check the manual that corresponds to your MariaDB server version for the right syntax to use near '.`trx_nrc_cards_tag` aa
        WHERE  sha2(concat(aa.`cardNo`,'arnelmysyzerp...' at line 3
ERROR - 2022-06-18 14:48:48 --> You have an error in your SQL syntax; check the manual that corresponds to your MariaDB server version for the right syntax to use near '.`trx_nrc_cards_tag` aa
        WHERE  sha2(concat(aa.`cardNo`,'arnelmysyzerp...' at line 3
ERROR - 2022-06-18 14:49:15 --> You have an error in your SQL syntax; check the manual that corresponds to your MariaDB server version for the right syntax to use near '.`trx_nrc_cards_tag` aa
        WHERE  sha2(concat(aa.`cardNo`,'arnelmysyzerp...' at line 3
CRITICAL - 2022-06-18 14:49:24 --> syntax error, unexpected 'echo' (T_ECHO)
#0 /mdevs/mynrc/system/View/View.php(213): CodeIgniter\View\View->CodeIgniter\View\{closure}()
#1 /mdevs/mynrc/system/Common.php(1089): CodeIgniter\View\View->render()
#2 /mdevs/mynrc/app/Controllers/Md_cards.php(41): view()
#3 /mdevs/mynrc/system/CodeIgniter.php(832): App\Controllers\Md_cards->card_tag_recs()
#4 /mdevs/mynrc/system/CodeIgniter.php(419): CodeIgniter\CodeIgniter->runController()
#5 /mdevs/mynrc/system/CodeIgniter.php(326): CodeIgniter\CodeIgniter->handleRequest()
#6 /mdevs/mynrc/public/index.php(37): CodeIgniter\CodeIgniter->run()
#7 {main}
ERROR - 2022-06-18 14:49:37 --> You have an error in your SQL syntax; check the manual that corresponds to your MariaDB server version for the right syntax to use near '.`trx_nrc_cards_tag` aa
        WHERE  sha2(concat(aa.`cardNo`,'arnelmysyzerp...' at line 3
ERROR - 2022-06-18 14:49:41 --> You have an error in your SQL syntax; check the manual that corresponds to your MariaDB server version for the right syntax to use near '.`trx_nrc_cards_tag` aa
        WHERE  sha2(concat(aa.`cardNo`,'arnelmysyzerp...' at line 3
ERROR - 2022-06-18 14:53:29 --> You have an error in your SQL syntax; check the manual that corresponds to your MariaDB server version for the right syntax to use near '.`trx_nrc_cards_tag` aa
        WHERE  sha2(concat(aa.`cardNo`,'arnelmysyzerp...' at line 3
ERROR - 2022-06-18 14:54:02 --> Unknown column '08afbee4596de14133e04093b4917a163cbeb6281f1cc993c26e2cc05b7f0f2acdeb61e7e471283431e0db959f50f76f' in 'where clause'
ERROR - 2022-06-18 14:54:03 --> Unknown column '08afbee4596de14133e04093b4917a163cbeb6281f1cc993c26e2cc05b7f0f2acdeb61e7e471283431e0db959f50f76f' in 'where clause'
ERROR - 2022-06-18 14:54:03 --> Unknown column '08afbee4596de14133e04093b4917a163cbeb6281f1cc993c26e2cc05b7f0f2acdeb61e7e471283431e0db959f50f76f' in 'where clause'
ERROR - 2022-06-18 14:54:03 --> Unknown column '08afbee4596de14133e04093b4917a163cbeb6281f1cc993c26e2cc05b7f0f2acdeb61e7e471283431e0db959f50f76f' in 'where clause'
ERROR - 2022-06-18 14:54:05 --> Unknown column '08afbee4596de14133e04093b4917a163cbeb6281f1cc993c26e2cc05b7f0f2acdeb61e7e471283431e0db959f50f76f' in 'where clause'
CRITICAL - 2022-06-18 14:55:51 --> Undefined variable: totalTime
#0 /mdevs/mynrc/system/Debug/Toolbar/Views/toolbar.tpl.php(40): CodeIgniter\Debug\Exceptions->errorHandler()
#1 /mdevs/mynrc/system/Debug/Toolbar.php(501): include('/mdevs/mynrc/sy...')
#2 /mdevs/mynrc/system/Debug/Toolbar.php(464): CodeIgniter\Debug\Toolbar->format()
#3 /mdevs/mynrc/app/Config/Events.php(48): CodeIgniter\Debug\Toolbar->respond()
#4 /mdevs/mynrc/system/Events/Events.php(149): CodeIgniter\Events\Events::Config\{closure}()
#5 /mdevs/mynrc/system/CodeIgniter.php(308): CodeIgniter\Events\Events::trigger()
#6 /mdevs/mynrc/public/index.php(37): CodeIgniter\CodeIgniter->run()
#7 {main}
CRITICAL - 2022-06-18 15:18:04 --> Undefined variable: row
#0 /mdevs/mynrc/app/Models/MyCardTagModel.php(292): CodeIgniter\Debug\Exceptions->errorHandler()
#1 /mdevs/mynrc/app/Controllers/Md_cards.php(67): App\Models\MyCardTagModel->md_cardtag_manual()
#2 /mdevs/mynrc/system/CodeIgniter.php(832): App\Controllers\Md_cards->md_cards_manual()
#3 /mdevs/mynrc/system/CodeIgniter.php(419): CodeIgniter\CodeIgniter->runController()
#4 /mdevs/mynrc/system/CodeIgniter.php(326): CodeIgniter\CodeIgniter->handleRequest()
#5 /mdevs/mynrc/public/index.php(37): CodeIgniter\CodeIgniter->run()
#6 {main}
CRITICAL - 2022-06-18 15:19:44 --> Undefined variable: totalTime
#0 /mdevs/mynrc/system/Debug/Toolbar/Views/toolbar.tpl.php(40): CodeIgniter\Debug\Exceptions->errorHandler()
#1 /mdevs/mynrc/system/Debug/Toolbar.php(501): include('/mdevs/mynrc/sy...')
#2 /mdevs/mynrc/system/Debug/Toolbar.php(464): CodeIgniter\Debug\Toolbar->format()
#3 /mdevs/mynrc/app/Config/Events.php(48): CodeIgniter\Debug\Toolbar->respond()
#4 /mdevs/mynrc/system/Events/Events.php(149): CodeIgniter\Events\Events::Config\{closure}()
#5 /mdevs/mynrc/system/CodeIgniter.php(308): CodeIgniter\Events\Events::trigger()
#6 /mdevs/mynrc/public/index.php(37): CodeIgniter\CodeIgniter->run()
#7 {main}
CRITICAL - 2022-06-18 15:39:37 --> Undefined variable: totalTime
#0 /mdevs/mynrc/system/Debug/Toolbar/Views/toolbar.tpl.php(40): CodeIgniter\Debug\Exceptions->errorHandler()
#1 /mdevs/mynrc/system/Debug/Toolbar.php(501): include('/mdevs/mynrc/sy...')
#2 /mdevs/mynrc/system/Debug/Toolbar.php(464): CodeIgniter\Debug\Toolbar->format()
#3 /mdevs/mynrc/app/Config/Events.php(48): CodeIgniter\Debug\Toolbar->respond()
#4 /mdevs/mynrc/system/Events/Events.php(149): CodeIgniter\Events\Events::Config\{closure}()
#5 /mdevs/mynrc/system/CodeIgniter.php(308): CodeIgniter\Events\Events::trigger()
#6 /mdevs/mynrc/public/index.php(37): CodeIgniter\CodeIgniter->run()
#7 {main}
