CRITICAL - 2022-05-19 08:46:50 --> You must set the database table to be used with your query.
#0 /medata/webapps/mynrc/system/Model.php(545): CodeIgniter\Database\BaseConnection->table()
#1 /medata/webapps/mynrc/system/Model.php(722): CodeIgniter\Model->builder()
#2 /medata/webapps/mynrc/app/Views/mdrpts/md-tot-unredempt.php(76): CodeIgniter\Model->__call()
#3 /medata/webapps/mynrc/system/View/View.php(210): include('...')
#4 /medata/webapps/mynrc/system/View/View.php(213): CodeIgniter\View\View->CodeIgniter\View\{closure}()
#5 /medata/webapps/mynrc/system/Common.php(1089): CodeIgniter\View\View->render()
#6 /medata/webapps/mynrc/app/Controllers/Md_reports.php(49): view()
#7 /medata/webapps/mynrc/system/CodeIgniter.php(832): App\Controllers\Md_reports->tot_unredempt()
#8 /medata/webapps/mynrc/system/CodeIgniter.php(419): CodeIgniter\CodeIgniter->runController()
#9 /medata/webapps/mynrc/system/CodeIgniter.php(326): CodeIgniter\CodeIgniter->handleRequest()
#10 /medata/webapps/mynrc/public/index.php(37): CodeIgniter\CodeIgniter->run()
#11 {main}
CRITICAL - 2022-05-19 08:51:16 --> You must set the database table to be used with your query.
#0 /medata/webapps/mynrc/system/Model.php(545): CodeIgniter\Database\BaseConnection->table()
#1 /medata/webapps/mynrc/system/Model.php(722): CodeIgniter\Model->builder()
#2 /medata/webapps/mynrc/app/Views/mdrpts/md-tot-unredempt.php(76): CodeIgniter\Model->__call()
#3 /medata/webapps/mynrc/system/View/View.php(210): include('...')
#4 /medata/webapps/mynrc/system/View/View.php(213): CodeIgniter\View\View->CodeIgniter\View\{closure}()
#5 /medata/webapps/mynrc/system/Common.php(1089): CodeIgniter\View\View->render()
#6 /medata/webapps/mynrc/app/Controllers/Md_reports.php(49): view()
#7 /medata/webapps/mynrc/system/CodeIgniter.php(832): App\Controllers\Md_reports->tot_unredempt()
#8 /medata/webapps/mynrc/system/CodeIgniter.php(419): CodeIgniter\CodeIgniter->runController()
#9 /medata/webapps/mynrc/system/CodeIgniter.php(326): CodeIgniter\CodeIgniter->handleRequest()
#10 /medata/webapps/mynrc/public/index.php(37): CodeIgniter\CodeIgniter->run()
#11 {main}
CRITICAL - 2022-05-19 08:52:38 --> You must set the database table to be used with your query.
#0 /medata/webapps/mynrc/system/Model.php(545): CodeIgniter\Database\BaseConnection->table()
#1 /medata/webapps/mynrc/system/Model.php(722): CodeIgniter\Model->builder()
#2 /medata/webapps/mynrc/app/Views/mdrpts/md-tot-unredempt.php(76): CodeIgniter\Model->__call()
#3 /medata/webapps/mynrc/system/View/View.php(210): include('...')
#4 /medata/webapps/mynrc/system/View/View.php(213): CodeIgniter\View\View->CodeIgniter\View\{closure}()
#5 /medata/webapps/mynrc/system/Common.php(1089): CodeIgniter\View\View->render()
#6 /medata/webapps/mynrc/app/Controllers/Md_reports.php(49): view()
#7 /medata/webapps/mynrc/system/CodeIgniter.php(832): App\Controllers\Md_reports->tot_unredempt()
#8 /medata/webapps/mynrc/system/CodeIgniter.php(419): CodeIgniter\CodeIgniter->runController()
#9 /medata/webapps/mynrc/system/CodeIgniter.php(326): CodeIgniter\CodeIgniter->handleRequest()
#10 /medata/webapps/mynrc/public/index.php(37): CodeIgniter\CodeIgniter->run()
#11 {main}
CRITICAL - 2022-05-19 08:54:19 --> You must set the database table to be used with your query.
#0 /medata/webapps/mynrc/system/Model.php(545): CodeIgniter\Database\BaseConnection->table()
#1 /medata/webapps/mynrc/system/Model.php(722): CodeIgniter\Model->builder()
#2 /medata/webapps/mynrc/app/Views/mdrpts/md-tot-unredempt.php(76): CodeIgniter\Model->__call()
#3 /medata/webapps/mynrc/system/View/View.php(210): include('...')
#4 /medata/webapps/mynrc/system/View/View.php(213): CodeIgniter\View\View->CodeIgniter\View\{closure}()
#5 /medata/webapps/mynrc/system/Common.php(1089): CodeIgniter\View\View->render()
#6 /medata/webapps/mynrc/app/Controllers/Md_reports.php(49): view()
#7 /medata/webapps/mynrc/system/CodeIgniter.php(832): App\Controllers\Md_reports->tot_unredempt()
#8 /medata/webapps/mynrc/system/CodeIgniter.php(419): CodeIgniter\CodeIgniter->runController()
#9 /medata/webapps/mynrc/system/CodeIgniter.php(326): CodeIgniter\CodeIgniter->handleRequest()
#10 /medata/webapps/mynrc/public/index.php(37): CodeIgniter\CodeIgniter->run()
#11 {main}
CRITICAL - 2022-05-19 16:44:44 --> Allowed memory size of 134217728 bytes exhausted (tried to allocate 67108872 bytes)
#0 [internal function]: CodeIgniter\Debug\Exceptions->shutdownHandler()
#1 {main}
CRITICAL - 2022-05-19 17:53:08 --> Undefined variable $mymdarticle
#0 /medata/webapps/mynrc/app/Views/masterdata/md-customer-profile.php(353): CodeIgniter\Debug\Exceptions->errorHandler()
#1 /medata/webapps/mynrc/system/View/View.php(210): include('...')
#2 /medata/webapps/mynrc/system/View/View.php(213): CodeIgniter\View\View->CodeIgniter\View\{closure}()
#3 /medata/webapps/mynrc/system/Common.php(1089): CodeIgniter\View\View->render()
#4 /medata/webapps/mynrc/app/Controllers/Md_customer.php(40): view()
#5 /medata/webapps/mynrc/system/CodeIgniter.php(832): App\Controllers\Md_customer->profile()
#6 /medata/webapps/mynrc/system/CodeIgniter.php(419): CodeIgniter\CodeIgniter->runController()
#7 /medata/webapps/mynrc/system/CodeIgniter.php(326): CodeIgniter\CodeIgniter->handleRequest()
#8 /medata/webapps/mynrc/public/index.php(37): CodeIgniter\CodeIgniter->run()
#9 {main}
