CRITICAL - 2022-09-09 08:26:59 --> Undefined variable: totalTime
#0 /mdevs/mynrc/system/Debug/Toolbar/Views/toolbar.tpl.php(40): CodeIgniter\Debug\Exceptions->errorHandler()
#1 /mdevs/mynrc/system/Debug/Toolbar.php(501): include('/mdevs/mynrc/sy...')
#2 /mdevs/mynrc/system/Debug/Toolbar.php(464): CodeIgniter\Debug\Toolbar->format()
#3 /mdevs/mynrc/app/Config/Events.php(48): CodeIgniter\Debug\Toolbar->respond()
#4 /mdevs/mynrc/system/Events/Events.php(149): CodeIgniter\Events\Events::Config\{closure}()
#5 /mdevs/mynrc/system/CodeIgniter.php(308): CodeIgniter\Events\Events::trigger()
#6 /mdevs/mynrc/public/index.php(37): CodeIgniter\CodeIgniter->run()
#7 {main}
CRITICAL - 2022-09-09 08:34:58 --> Too few arguments to function App\Libraries\Fpdf\Fpdf::SetX(), 0 passed in /mdevs/mynrc/app/Views/Whcrossing/Whcrossing_print.php on line 571 and exactly 1 expected
#0 /mdevs/mynrc/app/Views/Whcrossing/Whcrossing_print.php(571): App\Libraries\Fpdf\Fpdf->SetX()
#1 /mdevs/mynrc/system/View/View.php(210): include('/mdevs/mynrc/ap...')
#2 /mdevs/mynrc/system/View/View.php(213): CodeIgniter\View\View->CodeIgniter\View\{closure}()
#3 /mdevs/mynrc/system/Common.php(1089): CodeIgniter\View\View->render()
#4 /mdevs/mynrc/app/Controllers/WhCrossing.php(76): view()
#5 /mdevs/mynrc/system/CodeIgniter.php(832): App\Controllers\WhCrossing->mycrossing_print()
#6 /mdevs/mynrc/system/CodeIgniter.php(419): CodeIgniter\CodeIgniter->runController()
#7 /mdevs/mynrc/system/CodeIgniter.php(326): CodeIgniter\CodeIgniter->handleRequest()
#8 /mdevs/mynrc/public/index.php(37): CodeIgniter\CodeIgniter->run()
#9 {main}
CRITICAL - 2022-09-09 08:34:59 --> Too few arguments to function App\Libraries\Fpdf\Fpdf::SetX(), 0 passed in /mdevs/mynrc/app/Views/Whcrossing/Whcrossing_print.php on line 571 and exactly 1 expected
#0 /mdevs/mynrc/app/Views/Whcrossing/Whcrossing_print.php(571): App\Libraries\Fpdf\Fpdf->SetX()
#1 /mdevs/mynrc/system/View/View.php(210): include('/mdevs/mynrc/ap...')
#2 /mdevs/mynrc/system/View/View.php(213): CodeIgniter\View\View->CodeIgniter\View\{closure}()
#3 /mdevs/mynrc/system/Common.php(1089): CodeIgniter\View\View->render()
#4 /mdevs/mynrc/app/Controllers/WhCrossing.php(76): view()
#5 /mdevs/mynrc/system/CodeIgniter.php(832): App\Controllers\WhCrossing->mycrossing_print()
#6 /mdevs/mynrc/system/CodeIgniter.php(419): CodeIgniter\CodeIgniter->runController()
#7 /mdevs/mynrc/system/CodeIgniter.php(326): CodeIgniter\CodeIgniter->handleRequest()
#8 /mdevs/mynrc/public/index.php(37): CodeIgniter\CodeIgniter->run()
#9 {main}
CRITICAL - 2022-09-09 08:39:19 --> Undefined variable: _
#0 /mdevs/mynrc/app/Views/Whcrossing/Whcrossing_print.php(579): CodeIgniter\Debug\Exceptions->errorHandler()
#1 /mdevs/mynrc/system/View/View.php(210): include('/mdevs/mynrc/ap...')
#2 /mdevs/mynrc/system/View/View.php(213): CodeIgniter\View\View->CodeIgniter\View\{closure}()
#3 /mdevs/mynrc/system/Common.php(1089): CodeIgniter\View\View->render()
#4 /mdevs/mynrc/app/Controllers/WhCrossing.php(76): view()
#5 /mdevs/mynrc/system/CodeIgniter.php(832): App\Controllers\WhCrossing->mycrossing_print()
#6 /mdevs/mynrc/system/CodeIgniter.php(419): CodeIgniter\CodeIgniter->runController()
#7 /mdevs/mynrc/system/CodeIgniter.php(326): CodeIgniter\CodeIgniter->handleRequest()
#8 /mdevs/mynrc/public/index.php(37): CodeIgniter\CodeIgniter->run()
#9 {main}
CRITICAL - 2022-09-09 08:39:19 --> Undefined variable: _
#0 /mdevs/mynrc/app/Views/Whcrossing/Whcrossing_print.php(579): CodeIgniter\Debug\Exceptions->errorHandler()
#1 /mdevs/mynrc/system/View/View.php(210): include('/mdevs/mynrc/ap...')
#2 /mdevs/mynrc/system/View/View.php(213): CodeIgniter\View\View->CodeIgniter\View\{closure}()
#3 /mdevs/mynrc/system/Common.php(1089): CodeIgniter\View\View->render()
#4 /mdevs/mynrc/app/Controllers/WhCrossing.php(76): view()
#5 /mdevs/mynrc/system/CodeIgniter.php(832): App\Controllers\WhCrossing->mycrossing_print()
#6 /mdevs/mynrc/system/CodeIgniter.php(419): CodeIgniter\CodeIgniter->runController()
#7 /mdevs/mynrc/system/CodeIgniter.php(326): CodeIgniter\CodeIgniter->handleRequest()
#8 /mdevs/mynrc/public/index.php(37): CodeIgniter\CodeIgniter->run()
#9 {main}
CRITICAL - 2022-09-09 08:39:19 --> Undefined variable: _
#0 /mdevs/mynrc/app/Views/Whcrossing/Whcrossing_print.php(579): CodeIgniter\Debug\Exceptions->errorHandler()
#1 /mdevs/mynrc/system/View/View.php(210): include('/mdevs/mynrc/ap...')
#2 /mdevs/mynrc/system/View/View.php(213): CodeIgniter\View\View->CodeIgniter\View\{closure}()
#3 /mdevs/mynrc/system/Common.php(1089): CodeIgniter\View\View->render()
#4 /mdevs/mynrc/app/Controllers/WhCrossing.php(76): view()
#5 /mdevs/mynrc/system/CodeIgniter.php(832): App\Controllers\WhCrossing->mycrossing_print()
#6 /mdevs/mynrc/system/CodeIgniter.php(419): CodeIgniter\CodeIgniter->runController()
#7 /mdevs/mynrc/system/CodeIgniter.php(326): CodeIgniter\CodeIgniter->handleRequest()
#8 /mdevs/mynrc/public/index.php(37): CodeIgniter\CodeIgniter->run()
#9 {main}
CRITICAL - 2022-09-09 08:39:20 --> Undefined variable: _
#0 /mdevs/mynrc/app/Views/Whcrossing/Whcrossing_print.php(579): CodeIgniter\Debug\Exceptions->errorHandler()
#1 /mdevs/mynrc/system/View/View.php(210): include('/mdevs/mynrc/ap...')
#2 /mdevs/mynrc/system/View/View.php(213): CodeIgniter\View\View->CodeIgniter\View\{closure}()
#3 /mdevs/mynrc/system/Common.php(1089): CodeIgniter\View\View->render()
#4 /mdevs/mynrc/app/Controllers/WhCrossing.php(76): view()
#5 /mdevs/mynrc/system/CodeIgniter.php(832): App\Controllers\WhCrossing->mycrossing_print()
#6 /mdevs/mynrc/system/CodeIgniter.php(419): CodeIgniter\CodeIgniter->runController()
#7 /mdevs/mynrc/system/CodeIgniter.php(326): CodeIgniter\CodeIgniter->handleRequest()
#8 /mdevs/mynrc/public/index.php(37): CodeIgniter\CodeIgniter->run()
#9 {main}
CRITICAL - 2022-09-09 08:47:18 --> Call to undefined function replace()
#0 /mdevs/mynrc/system/View/View.php(210): include()
#1 /mdevs/mynrc/system/View/View.php(213): CodeIgniter\View\View->CodeIgniter\View\{closure}()
#2 /mdevs/mynrc/system/Common.php(1089): CodeIgniter\View\View->render()
#3 /mdevs/mynrc/app/Controllers/WhCrossing.php(76): view()
#4 /mdevs/mynrc/system/CodeIgniter.php(832): App\Controllers\WhCrossing->mycrossing_print()
#5 /mdevs/mynrc/system/CodeIgniter.php(419): CodeIgniter\CodeIgniter->runController()
#6 /mdevs/mynrc/system/CodeIgniter.php(326): CodeIgniter\CodeIgniter->handleRequest()
#7 /mdevs/mynrc/public/index.php(37): CodeIgniter\CodeIgniter->run()
#8 {main}
CRITICAL - 2022-09-09 08:47:18 --> Call to undefined function replace()
#0 /mdevs/mynrc/system/View/View.php(210): include()
#1 /mdevs/mynrc/system/View/View.php(213): CodeIgniter\View\View->CodeIgniter\View\{closure}()
#2 /mdevs/mynrc/system/Common.php(1089): CodeIgniter\View\View->render()
#3 /mdevs/mynrc/app/Controllers/WhCrossing.php(76): view()
#4 /mdevs/mynrc/system/CodeIgniter.php(832): App\Controllers\WhCrossing->mycrossing_print()
#5 /mdevs/mynrc/system/CodeIgniter.php(419): CodeIgniter\CodeIgniter->runController()
#6 /mdevs/mynrc/system/CodeIgniter.php(326): CodeIgniter\CodeIgniter->handleRequest()
#7 /mdevs/mynrc/public/index.php(37): CodeIgniter\CodeIgniter->run()
#8 {main}
CRITICAL - 2022-09-09 08:47:18 --> Call to undefined function replace()
#0 /mdevs/mynrc/system/View/View.php(210): include()
#1 /mdevs/mynrc/system/View/View.php(213): CodeIgniter\View\View->CodeIgniter\View\{closure}()
#2 /mdevs/mynrc/system/Common.php(1089): CodeIgniter\View\View->render()
#3 /mdevs/mynrc/app/Controllers/WhCrossing.php(76): view()
#4 /mdevs/mynrc/system/CodeIgniter.php(832): App\Controllers\WhCrossing->mycrossing_print()
#5 /mdevs/mynrc/system/CodeIgniter.php(419): CodeIgniter\CodeIgniter->runController()
#6 /mdevs/mynrc/system/CodeIgniter.php(326): CodeIgniter\CodeIgniter->handleRequest()
#7 /mdevs/mynrc/public/index.php(37): CodeIgniter\CodeIgniter->run()
#8 {main}
CRITICAL - 2022-09-09 08:47:24 --> Call to undefined function replace()
#0 /mdevs/mynrc/system/View/View.php(210): include()
#1 /mdevs/mynrc/system/View/View.php(213): CodeIgniter\View\View->CodeIgniter\View\{closure}()
#2 /mdevs/mynrc/system/Common.php(1089): CodeIgniter\View\View->render()
#3 /mdevs/mynrc/app/Controllers/WhCrossing.php(76): view()
#4 /mdevs/mynrc/system/CodeIgniter.php(832): App\Controllers\WhCrossing->mycrossing_print()
#5 /mdevs/mynrc/system/CodeIgniter.php(419): CodeIgniter\CodeIgniter->runController()
#6 /mdevs/mynrc/system/CodeIgniter.php(326): CodeIgniter\CodeIgniter->handleRequest()
#7 /mdevs/mynrc/public/index.php(37): CodeIgniter\CodeIgniter->run()
#8 {main}
CRITICAL - 2022-09-09 08:47:24 --> Call to undefined function replace()
#0 /mdevs/mynrc/system/View/View.php(210): include()
#1 /mdevs/mynrc/system/View/View.php(213): CodeIgniter\View\View->CodeIgniter\View\{closure}()
#2 /mdevs/mynrc/system/Common.php(1089): CodeIgniter\View\View->render()
#3 /mdevs/mynrc/app/Controllers/WhCrossing.php(76): view()
#4 /mdevs/mynrc/system/CodeIgniter.php(832): App\Controllers\WhCrossing->mycrossing_print()
#5 /mdevs/mynrc/system/CodeIgniter.php(419): CodeIgniter\CodeIgniter->runController()
#6 /mdevs/mynrc/system/CodeIgniter.php(326): CodeIgniter\CodeIgniter->handleRequest()
#7 /mdevs/mynrc/public/index.php(37): CodeIgniter\CodeIgniter->run()
#8 {main}
CRITICAL - 2022-09-09 08:47:24 --> Call to undefined function replace()
#0 /mdevs/mynrc/system/View/View.php(210): include()
#1 /mdevs/mynrc/system/View/View.php(213): CodeIgniter\View\View->CodeIgniter\View\{closure}()
#2 /mdevs/mynrc/system/Common.php(1089): CodeIgniter\View\View->render()
#3 /mdevs/mynrc/app/Controllers/WhCrossing.php(76): view()
#4 /mdevs/mynrc/system/CodeIgniter.php(832): App\Controllers\WhCrossing->mycrossing_print()
#5 /mdevs/mynrc/system/CodeIgniter.php(419): CodeIgniter\CodeIgniter->runController()
#6 /mdevs/mynrc/system/CodeIgniter.php(326): CodeIgniter\CodeIgniter->handleRequest()
#7 /mdevs/mynrc/public/index.php(37): CodeIgniter\CodeIgniter->run()
#8 {main}
CRITICAL - 2022-09-09 08:47:25 --> Call to undefined function replace()
#0 /mdevs/mynrc/system/View/View.php(210): include()
#1 /mdevs/mynrc/system/View/View.php(213): CodeIgniter\View\View->CodeIgniter\View\{closure}()
#2 /mdevs/mynrc/system/Common.php(1089): CodeIgniter\View\View->render()
#3 /mdevs/mynrc/app/Controllers/WhCrossing.php(76): view()
#4 /mdevs/mynrc/system/CodeIgniter.php(832): App\Controllers\WhCrossing->mycrossing_print()
#5 /mdevs/mynrc/system/CodeIgniter.php(419): CodeIgniter\CodeIgniter->runController()
#6 /mdevs/mynrc/system/CodeIgniter.php(326): CodeIgniter\CodeIgniter->handleRequest()
#7 /mdevs/mynrc/public/index.php(37): CodeIgniter\CodeIgniter->run()
#8 {main}
CRITICAL - 2022-09-09 08:47:25 --> Call to undefined function replace()
#0 /mdevs/mynrc/system/View/View.php(210): include()
#1 /mdevs/mynrc/system/View/View.php(213): CodeIgniter\View\View->CodeIgniter\View\{closure}()
#2 /mdevs/mynrc/system/Common.php(1089): CodeIgniter\View\View->render()
#3 /mdevs/mynrc/app/Controllers/WhCrossing.php(76): view()
#4 /mdevs/mynrc/system/CodeIgniter.php(832): App\Controllers\WhCrossing->mycrossing_print()
#5 /mdevs/mynrc/system/CodeIgniter.php(419): CodeIgniter\CodeIgniter->runController()
#6 /mdevs/mynrc/system/CodeIgniter.php(326): CodeIgniter\CodeIgniter->handleRequest()
#7 /mdevs/mynrc/public/index.php(37): CodeIgniter\CodeIgniter->run()
#8 {main}
CRITICAL - 2022-09-09 08:47:26 --> Call to undefined function replace()
#0 /mdevs/mynrc/system/View/View.php(210): include()
#1 /mdevs/mynrc/system/View/View.php(213): CodeIgniter\View\View->CodeIgniter\View\{closure}()
#2 /mdevs/mynrc/system/Common.php(1089): CodeIgniter\View\View->render()
#3 /mdevs/mynrc/app/Controllers/WhCrossing.php(76): view()
#4 /mdevs/mynrc/system/CodeIgniter.php(832): App\Controllers\WhCrossing->mycrossing_print()
#5 /mdevs/mynrc/system/CodeIgniter.php(419): CodeIgniter\CodeIgniter->runController()
#6 /mdevs/mynrc/system/CodeIgniter.php(326): CodeIgniter\CodeIgniter->handleRequest()
#7 /mdevs/mynrc/public/index.php(37): CodeIgniter\CodeIgniter->run()
#8 {main}
CRITICAL - 2022-09-09 08:47:26 --> Call to undefined function replace()
#0 /mdevs/mynrc/system/View/View.php(210): include()
#1 /mdevs/mynrc/system/View/View.php(213): CodeIgniter\View\View->CodeIgniter\View\{closure}()
#2 /mdevs/mynrc/system/Common.php(1089): CodeIgniter\View\View->render()
#3 /mdevs/mynrc/app/Controllers/WhCrossing.php(76): view()
#4 /mdevs/mynrc/system/CodeIgniter.php(832): App\Controllers\WhCrossing->mycrossing_print()
#5 /mdevs/mynrc/system/CodeIgniter.php(419): CodeIgniter\CodeIgniter->runController()
#6 /mdevs/mynrc/system/CodeIgniter.php(326): CodeIgniter\CodeIgniter->handleRequest()
#7 /mdevs/mynrc/public/index.php(37): CodeIgniter\CodeIgniter->run()
#8 {main}
CRITICAL - 2022-09-09 08:47:26 --> Call to undefined function replace()
#0 /mdevs/mynrc/system/View/View.php(210): include()
#1 /mdevs/mynrc/system/View/View.php(213): CodeIgniter\View\View->CodeIgniter\View\{closure}()
#2 /mdevs/mynrc/system/Common.php(1089): CodeIgniter\View\View->render()
#3 /mdevs/mynrc/app/Controllers/WhCrossing.php(76): view()
#4 /mdevs/mynrc/system/CodeIgniter.php(832): App\Controllers\WhCrossing->mycrossing_print()
#5 /mdevs/mynrc/system/CodeIgniter.php(419): CodeIgniter\CodeIgniter->runController()
#6 /mdevs/mynrc/system/CodeIgniter.php(326): CodeIgniter\CodeIgniter->handleRequest()
#7 /mdevs/mynrc/public/index.php(37): CodeIgniter\CodeIgniter->run()
#8 {main}
CRITICAL - 2022-09-09 09:07:44 --> Class 'App\Libraries\Fpdf\Exception' not found
#0 /mdevs/mynrc/app/Libraries/Fpdf/Fpdf.php(1060): App\Libraries\Fpdf\Fpdf->Error()
#1 /mdevs/mynrc/app/Libraries/Fpdf/Fpdf.php(999): App\Libraries\Fpdf\Fpdf->_checkoutput()
#2 /mdevs/mynrc/app/Views/Whcrossing/Whcrossing_irrprint.php(821): App\Libraries\Fpdf\Fpdf->Output()
#3 /mdevs/mynrc/system/View/View.php(210): include('/mdevs/mynrc/ap...')
#4 /mdevs/mynrc/system/View/View.php(213): CodeIgniter\View\View->CodeIgniter\View\{closure}()
#5 /mdevs/mynrc/system/Common.php(1089): CodeIgniter\View\View->render()
#6 /mdevs/mynrc/app/Controllers/WhCrossing.php(89): view()
#7 /mdevs/mynrc/system/CodeIgniter.php(832): App\Controllers\WhCrossing->mycrossing_irrprint()
#8 /mdevs/mynrc/system/CodeIgniter.php(419): CodeIgniter\CodeIgniter->runController()
#9 /mdevs/mynrc/system/CodeIgniter.php(326): CodeIgniter\CodeIgniter->handleRequest()
#10 /mdevs/mynrc/public/index.php(37): CodeIgniter\CodeIgniter->run()
#11 {main}
CRITICAL - 2022-09-09 09:10:27 --> Class 'App\Libraries\Fpdf\Exception' not found
#0 /mdevs/mynrc/app/Libraries/Fpdf/Fpdf.php(1060): App\Libraries\Fpdf\Fpdf->Error()
#1 /mdevs/mynrc/app/Libraries/Fpdf/Fpdf.php(999): App\Libraries\Fpdf\Fpdf->_checkoutput()
#2 /mdevs/mynrc/app/Views/Whcrossing/Whcrossing_print.php(628): App\Libraries\Fpdf\Fpdf->Output()
#3 /mdevs/mynrc/system/View/View.php(210): include('/mdevs/mynrc/ap...')
#4 /mdevs/mynrc/system/View/View.php(213): CodeIgniter\View\View->CodeIgniter\View\{closure}()
#5 /mdevs/mynrc/system/Common.php(1089): CodeIgniter\View\View->render()
#6 /mdevs/mynrc/app/Controllers/WhCrossing.php(76): view()
#7 /mdevs/mynrc/system/CodeIgniter.php(832): App\Controllers\WhCrossing->mycrossing_print()
#8 /mdevs/mynrc/system/CodeIgniter.php(419): CodeIgniter\CodeIgniter->runController()
#9 /mdevs/mynrc/system/CodeIgniter.php(326): CodeIgniter\CodeIgniter->handleRequest()
#10 /mdevs/mynrc/public/index.php(37): CodeIgniter\CodeIgniter->run()
#11 {main}
CRITICAL - 2022-09-09 09:10:27 --> Class 'App\Libraries\Fpdf\Exception' not found
#0 /mdevs/mynrc/app/Libraries/Fpdf/Fpdf.php(1060): App\Libraries\Fpdf\Fpdf->Error()
#1 /mdevs/mynrc/app/Libraries/Fpdf/Fpdf.php(999): App\Libraries\Fpdf\Fpdf->_checkoutput()
#2 /mdevs/mynrc/app/Views/Whcrossing/Whcrossing_print.php(628): App\Libraries\Fpdf\Fpdf->Output()
#3 /mdevs/mynrc/system/View/View.php(210): include('/mdevs/mynrc/ap...')
#4 /mdevs/mynrc/system/View/View.php(213): CodeIgniter\View\View->CodeIgniter\View\{closure}()
#5 /mdevs/mynrc/system/Common.php(1089): CodeIgniter\View\View->render()
#6 /mdevs/mynrc/app/Controllers/WhCrossing.php(76): view()
#7 /mdevs/mynrc/system/CodeIgniter.php(832): App\Controllers\WhCrossing->mycrossing_print()
#8 /mdevs/mynrc/system/CodeIgniter.php(419): CodeIgniter\CodeIgniter->runController()
#9 /mdevs/mynrc/system/CodeIgniter.php(326): CodeIgniter\CodeIgniter->handleRequest()
#10 /mdevs/mynrc/public/index.php(37): CodeIgniter\CodeIgniter->run()
#11 {main}
CRITICAL - 2022-09-09 09:10:28 --> Class 'App\Libraries\Fpdf\Exception' not found
#0 /mdevs/mynrc/app/Libraries/Fpdf/Fpdf.php(1060): App\Libraries\Fpdf\Fpdf->Error()
#1 /mdevs/mynrc/app/Libraries/Fpdf/Fpdf.php(999): App\Libraries\Fpdf\Fpdf->_checkoutput()
#2 /mdevs/mynrc/app/Views/Whcrossing/Whcrossing_print.php(628): App\Libraries\Fpdf\Fpdf->Output()
#3 /mdevs/mynrc/system/View/View.php(210): include('/mdevs/mynrc/ap...')
#4 /mdevs/mynrc/system/View/View.php(213): CodeIgniter\View\View->CodeIgniter\View\{closure}()
#5 /mdevs/mynrc/system/Common.php(1089): CodeIgniter\View\View->render()
#6 /mdevs/mynrc/app/Controllers/WhCrossing.php(76): view()
#7 /mdevs/mynrc/system/CodeIgniter.php(832): App\Controllers\WhCrossing->mycrossing_print()
#8 /mdevs/mynrc/system/CodeIgniter.php(419): CodeIgniter\CodeIgniter->runController()
#9 /mdevs/mynrc/system/CodeIgniter.php(326): CodeIgniter\CodeIgniter->handleRequest()
#10 /mdevs/mynrc/public/index.php(37): CodeIgniter\CodeIgniter->run()
#11 {main}
CRITICAL - 2022-09-09 09:10:40 --> Class 'App\Libraries\Fpdf\Exception' not found
#0 /mdevs/mynrc/app/Libraries/Fpdf/Fpdf.php(1060): App\Libraries\Fpdf\Fpdf->Error()
#1 /mdevs/mynrc/app/Libraries/Fpdf/Fpdf.php(999): App\Libraries\Fpdf\Fpdf->_checkoutput()
#2 /mdevs/mynrc/app/Views/Whcrossing/Whcrossing_print.php(628): App\Libraries\Fpdf\Fpdf->Output()
#3 /mdevs/mynrc/system/View/View.php(210): include('/mdevs/mynrc/ap...')
#4 /mdevs/mynrc/system/View/View.php(213): CodeIgniter\View\View->CodeIgniter\View\{closure}()
#5 /mdevs/mynrc/system/Common.php(1089): CodeIgniter\View\View->render()
#6 /mdevs/mynrc/app/Controllers/WhCrossing.php(76): view()
#7 /mdevs/mynrc/system/CodeIgniter.php(832): App\Controllers\WhCrossing->mycrossing_print()
#8 /mdevs/mynrc/system/CodeIgniter.php(419): CodeIgniter\CodeIgniter->runController()
#9 /mdevs/mynrc/system/CodeIgniter.php(326): CodeIgniter\CodeIgniter->handleRequest()
#10 /mdevs/mynrc/public/index.php(37): CodeIgniter\CodeIgniter->run()
#11 {main}
CRITICAL - 2022-09-09 09:10:41 --> Class 'App\Libraries\Fpdf\Exception' not found
#0 /mdevs/mynrc/app/Libraries/Fpdf/Fpdf.php(1060): App\Libraries\Fpdf\Fpdf->Error()
#1 /mdevs/mynrc/app/Libraries/Fpdf/Fpdf.php(999): App\Libraries\Fpdf\Fpdf->_checkoutput()
#2 /mdevs/mynrc/app/Views/Whcrossing/Whcrossing_print.php(628): App\Libraries\Fpdf\Fpdf->Output()
#3 /mdevs/mynrc/system/View/View.php(210): include('/mdevs/mynrc/ap...')
#4 /mdevs/mynrc/system/View/View.php(213): CodeIgniter\View\View->CodeIgniter\View\{closure}()
#5 /mdevs/mynrc/system/Common.php(1089): CodeIgniter\View\View->render()
#6 /mdevs/mynrc/app/Controllers/WhCrossing.php(76): view()
#7 /mdevs/mynrc/system/CodeIgniter.php(832): App\Controllers\WhCrossing->mycrossing_print()
#8 /mdevs/mynrc/system/CodeIgniter.php(419): CodeIgniter\CodeIgniter->runController()
#9 /mdevs/mynrc/system/CodeIgniter.php(326): CodeIgniter\CodeIgniter->handleRequest()
#10 /mdevs/mynrc/public/index.php(37): CodeIgniter\CodeIgniter->run()
#11 {main}
CRITICAL - 2022-09-09 09:10:46 --> Class 'App\Libraries\Fpdf\Exception' not found
#0 /mdevs/mynrc/app/Libraries/Fpdf/Fpdf.php(1060): App\Libraries\Fpdf\Fpdf->Error()
#1 /mdevs/mynrc/app/Libraries/Fpdf/Fpdf.php(999): App\Libraries\Fpdf\Fpdf->_checkoutput()
#2 /mdevs/mynrc/app/Views/Whcrossing/Whcrossing_print.php(628): App\Libraries\Fpdf\Fpdf->Output()
#3 /mdevs/mynrc/system/View/View.php(210): include('/mdevs/mynrc/ap...')
#4 /mdevs/mynrc/system/View/View.php(213): CodeIgniter\View\View->CodeIgniter\View\{closure}()
#5 /mdevs/mynrc/system/Common.php(1089): CodeIgniter\View\View->render()
#6 /mdevs/mynrc/app/Controllers/WhCrossing.php(76): view()
#7 /mdevs/mynrc/system/CodeIgniter.php(832): App\Controllers\WhCrossing->mycrossing_print()
#8 /mdevs/mynrc/system/CodeIgniter.php(419): CodeIgniter\CodeIgniter->runController()
#9 /mdevs/mynrc/system/CodeIgniter.php(326): CodeIgniter\CodeIgniter->handleRequest()
#10 /mdevs/mynrc/public/index.php(37): CodeIgniter\CodeIgniter->run()
#11 {main}
CRITICAL - 2022-09-09 09:10:52 --> Class 'App\Libraries\Fpdf\Exception' not found
#0 /mdevs/mynrc/app/Libraries/Fpdf/Fpdf.php(1060): App\Libraries\Fpdf\Fpdf->Error()
#1 /mdevs/mynrc/app/Libraries/Fpdf/Fpdf.php(999): App\Libraries\Fpdf\Fpdf->_checkoutput()
#2 /mdevs/mynrc/app/Views/Whcrossing/Whcrossing_print.php(628): App\Libraries\Fpdf\Fpdf->Output()
#3 /mdevs/mynrc/system/View/View.php(210): include('/mdevs/mynrc/ap...')
#4 /mdevs/mynrc/system/View/View.php(213): CodeIgniter\View\View->CodeIgniter\View\{closure}()
#5 /mdevs/mynrc/system/Common.php(1089): CodeIgniter\View\View->render()
#6 /mdevs/mynrc/app/Controllers/WhCrossing.php(76): view()
#7 /mdevs/mynrc/system/CodeIgniter.php(832): App\Controllers\WhCrossing->mycrossing_print()
#8 /mdevs/mynrc/system/CodeIgniter.php(419): CodeIgniter\CodeIgniter->runController()
#9 /mdevs/mynrc/system/CodeIgniter.php(326): CodeIgniter\CodeIgniter->handleRequest()
#10 /mdevs/mynrc/public/index.php(37): CodeIgniter\CodeIgniter->run()
#11 {main}
CRITICAL - 2022-09-09 09:10:52 --> Class 'App\Libraries\Fpdf\Exception' not found
#0 /mdevs/mynrc/app/Libraries/Fpdf/Fpdf.php(1060): App\Libraries\Fpdf\Fpdf->Error()
#1 /mdevs/mynrc/app/Libraries/Fpdf/Fpdf.php(999): App\Libraries\Fpdf\Fpdf->_checkoutput()
#2 /mdevs/mynrc/app/Views/Whcrossing/Whcrossing_print.php(628): App\Libraries\Fpdf\Fpdf->Output()
#3 /mdevs/mynrc/system/View/View.php(210): include('/mdevs/mynrc/ap...')
#4 /mdevs/mynrc/system/View/View.php(213): CodeIgniter\View\View->CodeIgniter\View\{closure}()
#5 /mdevs/mynrc/system/Common.php(1089): CodeIgniter\View\View->render()
#6 /mdevs/mynrc/app/Controllers/WhCrossing.php(76): view()
#7 /mdevs/mynrc/system/CodeIgniter.php(832): App\Controllers\WhCrossing->mycrossing_print()
#8 /mdevs/mynrc/system/CodeIgniter.php(419): CodeIgniter\CodeIgniter->runController()
#9 /mdevs/mynrc/system/CodeIgniter.php(326): CodeIgniter\CodeIgniter->handleRequest()
#10 /mdevs/mynrc/public/index.php(37): CodeIgniter\CodeIgniter->run()
#11 {main}
CRITICAL - 2022-09-09 09:10:53 --> Class 'App\Libraries\Fpdf\Exception' not found
#0 /mdevs/mynrc/app/Libraries/Fpdf/Fpdf.php(1060): App\Libraries\Fpdf\Fpdf->Error()
#1 /mdevs/mynrc/app/Libraries/Fpdf/Fpdf.php(999): App\Libraries\Fpdf\Fpdf->_checkoutput()
#2 /mdevs/mynrc/app/Views/Whcrossing/Whcrossing_print.php(628): App\Libraries\Fpdf\Fpdf->Output()
#3 /mdevs/mynrc/system/View/View.php(210): include('/mdevs/mynrc/ap...')
#4 /mdevs/mynrc/system/View/View.php(213): CodeIgniter\View\View->CodeIgniter\View\{closure}()
#5 /mdevs/mynrc/system/Common.php(1089): CodeIgniter\View\View->render()
#6 /mdevs/mynrc/app/Controllers/WhCrossing.php(76): view()
#7 /mdevs/mynrc/system/CodeIgniter.php(832): App\Controllers\WhCrossing->mycrossing_print()
#8 /mdevs/mynrc/system/CodeIgniter.php(419): CodeIgniter\CodeIgniter->runController()
#9 /mdevs/mynrc/system/CodeIgniter.php(326): CodeIgniter\CodeIgniter->handleRequest()
#10 /mdevs/mynrc/public/index.php(37): CodeIgniter\CodeIgniter->run()
#11 {main}
CRITICAL - 2022-09-09 09:10:54 --> Class 'App\Libraries\Fpdf\Exception' not found
#0 /mdevs/mynrc/app/Libraries/Fpdf/Fpdf.php(1060): App\Libraries\Fpdf\Fpdf->Error()
#1 /mdevs/mynrc/app/Libraries/Fpdf/Fpdf.php(999): App\Libraries\Fpdf\Fpdf->_checkoutput()
#2 /mdevs/mynrc/app/Views/Whcrossing/Whcrossing_print.php(628): App\Libraries\Fpdf\Fpdf->Output()
#3 /mdevs/mynrc/system/View/View.php(210): include('/mdevs/mynrc/ap...')
#4 /mdevs/mynrc/system/View/View.php(213): CodeIgniter\View\View->CodeIgniter\View\{closure}()
#5 /mdevs/mynrc/system/Common.php(1089): CodeIgniter\View\View->render()
#6 /mdevs/mynrc/app/Controllers/WhCrossing.php(76): view()
#7 /mdevs/mynrc/system/CodeIgniter.php(832): App\Controllers\WhCrossing->mycrossing_print()
#8 /mdevs/mynrc/system/CodeIgniter.php(419): CodeIgniter\CodeIgniter->runController()
#9 /mdevs/mynrc/system/CodeIgniter.php(326): CodeIgniter\CodeIgniter->handleRequest()
#10 /mdevs/mynrc/public/index.php(37): CodeIgniter\CodeIgniter->run()
#11 {main}
CRITICAL - 2022-09-09 09:10:58 --> Class 'App\Libraries\Fpdf\Exception' not found
#0 /mdevs/mynrc/app/Libraries/Fpdf/Fpdf.php(1060): App\Libraries\Fpdf\Fpdf->Error()
#1 /mdevs/mynrc/app/Libraries/Fpdf/Fpdf.php(999): App\Libraries\Fpdf\Fpdf->_checkoutput()
#2 /mdevs/mynrc/app/Views/Whcrossing/Whcrossing_print.php(628): App\Libraries\Fpdf\Fpdf->Output()
#3 /mdevs/mynrc/system/View/View.php(210): include('/mdevs/mynrc/ap...')
#4 /mdevs/mynrc/system/View/View.php(213): CodeIgniter\View\View->CodeIgniter\View\{closure}()
#5 /mdevs/mynrc/system/Common.php(1089): CodeIgniter\View\View->render()
#6 /mdevs/mynrc/app/Controllers/WhCrossing.php(76): view()
#7 /mdevs/mynrc/system/CodeIgniter.php(832): App\Controllers\WhCrossing->mycrossing_print()
#8 /mdevs/mynrc/system/CodeIgniter.php(419): CodeIgniter\CodeIgniter->runController()
#9 /mdevs/mynrc/system/CodeIgniter.php(326): CodeIgniter\CodeIgniter->handleRequest()
#10 /mdevs/mynrc/public/index.php(37): CodeIgniter\CodeIgniter->run()
#11 {main}
CRITICAL - 2022-09-09 09:11:07 --> Class 'App\Libraries\Fpdf\Exception' not found
#0 /mdevs/mynrc/app/Libraries/Fpdf/Fpdf.php(1060): App\Libraries\Fpdf\Fpdf->Error()
#1 /mdevs/mynrc/app/Libraries/Fpdf/Fpdf.php(999): App\Libraries\Fpdf\Fpdf->_checkoutput()
#2 /mdevs/mynrc/app/Views/Whcrossing/Whcrossing_print.php(628): App\Libraries\Fpdf\Fpdf->Output()
#3 /mdevs/mynrc/system/View/View.php(210): include('/mdevs/mynrc/ap...')
#4 /mdevs/mynrc/system/View/View.php(213): CodeIgniter\View\View->CodeIgniter\View\{closure}()
#5 /mdevs/mynrc/system/Common.php(1089): CodeIgniter\View\View->render()
#6 /mdevs/mynrc/app/Controllers/WhCrossing.php(76): view()
#7 /mdevs/mynrc/system/CodeIgniter.php(832): App\Controllers\WhCrossing->mycrossing_print()
#8 /mdevs/mynrc/system/CodeIgniter.php(419): CodeIgniter\CodeIgniter->runController()
#9 /mdevs/mynrc/system/CodeIgniter.php(326): CodeIgniter\CodeIgniter->handleRequest()
#10 /mdevs/mynrc/public/index.php(37): CodeIgniter\CodeIgniter->run()
#11 {main}
CRITICAL - 2022-09-09 09:11:07 --> Class 'App\Libraries\Fpdf\Exception' not found
#0 /mdevs/mynrc/app/Libraries/Fpdf/Fpdf.php(1060): App\Libraries\Fpdf\Fpdf->Error()
#1 /mdevs/mynrc/app/Libraries/Fpdf/Fpdf.php(999): App\Libraries\Fpdf\Fpdf->_checkoutput()
#2 /mdevs/mynrc/app/Views/Whcrossing/Whcrossing_print.php(628): App\Libraries\Fpdf\Fpdf->Output()
#3 /mdevs/mynrc/system/View/View.php(210): include('/mdevs/mynrc/ap...')
#4 /mdevs/mynrc/system/View/View.php(213): CodeIgniter\View\View->CodeIgniter\View\{closure}()
#5 /mdevs/mynrc/system/Common.php(1089): CodeIgniter\View\View->render()
#6 /mdevs/mynrc/app/Controllers/WhCrossing.php(76): view()
#7 /mdevs/mynrc/system/CodeIgniter.php(832): App\Controllers\WhCrossing->mycrossing_print()
#8 /mdevs/mynrc/system/CodeIgniter.php(419): CodeIgniter\CodeIgniter->runController()
#9 /mdevs/mynrc/system/CodeIgniter.php(326): CodeIgniter\CodeIgniter->handleRequest()
#10 /mdevs/mynrc/public/index.php(37): CodeIgniter\CodeIgniter->run()
#11 {main}
CRITICAL - 2022-09-09 09:11:08 --> Class 'App\Libraries\Fpdf\Exception' not found
#0 /mdevs/mynrc/app/Libraries/Fpdf/Fpdf.php(1060): App\Libraries\Fpdf\Fpdf->Error()
#1 /mdevs/mynrc/app/Libraries/Fpdf/Fpdf.php(999): App\Libraries\Fpdf\Fpdf->_checkoutput()
#2 /mdevs/mynrc/app/Views/Whcrossing/Whcrossing_print.php(628): App\Libraries\Fpdf\Fpdf->Output()
#3 /mdevs/mynrc/system/View/View.php(210): include('/mdevs/mynrc/ap...')
#4 /mdevs/mynrc/system/View/View.php(213): CodeIgniter\View\View->CodeIgniter\View\{closure}()
#5 /mdevs/mynrc/system/Common.php(1089): CodeIgniter\View\View->render()
#6 /mdevs/mynrc/app/Controllers/WhCrossing.php(76): view()
#7 /mdevs/mynrc/system/CodeIgniter.php(832): App\Controllers\WhCrossing->mycrossing_print()
#8 /mdevs/mynrc/system/CodeIgniter.php(419): CodeIgniter\CodeIgniter->runController()
#9 /mdevs/mynrc/system/CodeIgniter.php(326): CodeIgniter\CodeIgniter->handleRequest()
#10 /mdevs/mynrc/public/index.php(37): CodeIgniter\CodeIgniter->run()
#11 {main}
CRITICAL - 2022-09-09 09:11:08 --> Class 'App\Libraries\Fpdf\Exception' not found
#0 /mdevs/mynrc/app/Libraries/Fpdf/Fpdf.php(1060): App\Libraries\Fpdf\Fpdf->Error()
#1 /mdevs/mynrc/app/Libraries/Fpdf/Fpdf.php(999): App\Libraries\Fpdf\Fpdf->_checkoutput()
#2 /mdevs/mynrc/app/Views/Whcrossing/Whcrossing_print.php(628): App\Libraries\Fpdf\Fpdf->Output()
#3 /mdevs/mynrc/system/View/View.php(210): include('/mdevs/mynrc/ap...')
#4 /mdevs/mynrc/system/View/View.php(213): CodeIgniter\View\View->CodeIgniter\View\{closure}()
#5 /mdevs/mynrc/system/Common.php(1089): CodeIgniter\View\View->render()
#6 /mdevs/mynrc/app/Controllers/WhCrossing.php(76): view()
#7 /mdevs/mynrc/system/CodeIgniter.php(832): App\Controllers\WhCrossing->mycrossing_print()
#8 /mdevs/mynrc/system/CodeIgniter.php(419): CodeIgniter\CodeIgniter->runController()
#9 /mdevs/mynrc/system/CodeIgniter.php(326): CodeIgniter\CodeIgniter->handleRequest()
#10 /mdevs/mynrc/public/index.php(37): CodeIgniter\CodeIgniter->run()
#11 {main}
CRITICAL - 2022-09-09 09:11:09 --> Class 'App\Libraries\Fpdf\Exception' not found
#0 /mdevs/mynrc/app/Libraries/Fpdf/Fpdf.php(1060): App\Libraries\Fpdf\Fpdf->Error()
#1 /mdevs/mynrc/app/Libraries/Fpdf/Fpdf.php(999): App\Libraries\Fpdf\Fpdf->_checkoutput()
#2 /mdevs/mynrc/app/Views/Whcrossing/Whcrossing_print.php(628): App\Libraries\Fpdf\Fpdf->Output()
#3 /mdevs/mynrc/system/View/View.php(210): include('/mdevs/mynrc/ap...')
#4 /mdevs/mynrc/system/View/View.php(213): CodeIgniter\View\View->CodeIgniter\View\{closure}()
#5 /mdevs/mynrc/system/Common.php(1089): CodeIgniter\View\View->render()
#6 /mdevs/mynrc/app/Controllers/WhCrossing.php(76): view()
#7 /mdevs/mynrc/system/CodeIgniter.php(832): App\Controllers\WhCrossing->mycrossing_print()
#8 /mdevs/mynrc/system/CodeIgniter.php(419): CodeIgniter\CodeIgniter->runController()
#9 /mdevs/mynrc/system/CodeIgniter.php(326): CodeIgniter\CodeIgniter->handleRequest()
#10 /mdevs/mynrc/public/index.php(37): CodeIgniter\CodeIgniter->run()
#11 {main}
CRITICAL - 2022-09-09 09:11:10 --> Class 'App\Libraries\Fpdf\Exception' not found
#0 /mdevs/mynrc/app/Libraries/Fpdf/Fpdf.php(1060): App\Libraries\Fpdf\Fpdf->Error()
#1 /mdevs/mynrc/app/Libraries/Fpdf/Fpdf.php(999): App\Libraries\Fpdf\Fpdf->_checkoutput()
#2 /mdevs/mynrc/app/Views/Whcrossing/Whcrossing_print.php(628): App\Libraries\Fpdf\Fpdf->Output()
#3 /mdevs/mynrc/system/View/View.php(210): include('/mdevs/mynrc/ap...')
#4 /mdevs/mynrc/system/View/View.php(213): CodeIgniter\View\View->CodeIgniter\View\{closure}()
#5 /mdevs/mynrc/system/Common.php(1089): CodeIgniter\View\View->render()
#6 /mdevs/mynrc/app/Controllers/WhCrossing.php(76): view()
#7 /mdevs/mynrc/system/CodeIgniter.php(832): App\Controllers\WhCrossing->mycrossing_print()
#8 /mdevs/mynrc/system/CodeIgniter.php(419): CodeIgniter\CodeIgniter->runController()
#9 /mdevs/mynrc/system/CodeIgniter.php(326): CodeIgniter\CodeIgniter->handleRequest()
#10 /mdevs/mynrc/public/index.php(37): CodeIgniter\CodeIgniter->run()
#11 {main}
CRITICAL - 2022-09-09 09:11:11 --> Class 'App\Libraries\Fpdf\Exception' not found
#0 /mdevs/mynrc/app/Libraries/Fpdf/Fpdf.php(1060): App\Libraries\Fpdf\Fpdf->Error()
#1 /mdevs/mynrc/app/Libraries/Fpdf/Fpdf.php(999): App\Libraries\Fpdf\Fpdf->_checkoutput()
#2 /mdevs/mynrc/app/Views/Whcrossing/Whcrossing_print.php(628): App\Libraries\Fpdf\Fpdf->Output()
#3 /mdevs/mynrc/system/View/View.php(210): include('/mdevs/mynrc/ap...')
#4 /mdevs/mynrc/system/View/View.php(213): CodeIgniter\View\View->CodeIgniter\View\{closure}()
#5 /mdevs/mynrc/system/Common.php(1089): CodeIgniter\View\View->render()
#6 /mdevs/mynrc/app/Controllers/WhCrossing.php(76): view()
#7 /mdevs/mynrc/system/CodeIgniter.php(832): App\Controllers\WhCrossing->mycrossing_print()
#8 /mdevs/mynrc/system/CodeIgniter.php(419): CodeIgniter\CodeIgniter->runController()
#9 /mdevs/mynrc/system/CodeIgniter.php(326): CodeIgniter\CodeIgniter->handleRequest()
#10 /mdevs/mynrc/public/index.php(37): CodeIgniter\CodeIgniter->run()
#11 {main}
CRITICAL - 2022-09-09 09:11:11 --> Class 'App\Libraries\Fpdf\Exception' not found
#0 /mdevs/mynrc/app/Libraries/Fpdf/Fpdf.php(1060): App\Libraries\Fpdf\Fpdf->Error()
#1 /mdevs/mynrc/app/Libraries/Fpdf/Fpdf.php(999): App\Libraries\Fpdf\Fpdf->_checkoutput()
#2 /mdevs/mynrc/app/Views/Whcrossing/Whcrossing_print.php(628): App\Libraries\Fpdf\Fpdf->Output()
#3 /mdevs/mynrc/system/View/View.php(210): include('/mdevs/mynrc/ap...')
#4 /mdevs/mynrc/system/View/View.php(213): CodeIgniter\View\View->CodeIgniter\View\{closure}()
#5 /mdevs/mynrc/system/Common.php(1089): CodeIgniter\View\View->render()
#6 /mdevs/mynrc/app/Controllers/WhCrossing.php(76): view()
#7 /mdevs/mynrc/system/CodeIgniter.php(832): App\Controllers\WhCrossing->mycrossing_print()
#8 /mdevs/mynrc/system/CodeIgniter.php(419): CodeIgniter\CodeIgniter->runController()
#9 /mdevs/mynrc/system/CodeIgniter.php(326): CodeIgniter\CodeIgniter->handleRequest()
#10 /mdevs/mynrc/public/index.php(37): CodeIgniter\CodeIgniter->run()
#11 {main}
CRITICAL - 2022-09-09 09:11:12 --> Class 'App\Libraries\Fpdf\Exception' not found
#0 /mdevs/mynrc/app/Libraries/Fpdf/Fpdf.php(1060): App\Libraries\Fpdf\Fpdf->Error()
#1 /mdevs/mynrc/app/Libraries/Fpdf/Fpdf.php(999): App\Libraries\Fpdf\Fpdf->_checkoutput()
#2 /mdevs/mynrc/app/Views/Whcrossing/Whcrossing_print.php(628): App\Libraries\Fpdf\Fpdf->Output()
#3 /mdevs/mynrc/system/View/View.php(210): include('/mdevs/mynrc/ap...')
#4 /mdevs/mynrc/system/View/View.php(213): CodeIgniter\View\View->CodeIgniter\View\{closure}()
#5 /mdevs/mynrc/system/Common.php(1089): CodeIgniter\View\View->render()
#6 /mdevs/mynrc/app/Controllers/WhCrossing.php(76): view()
#7 /mdevs/mynrc/system/CodeIgniter.php(832): App\Controllers\WhCrossing->mycrossing_print()
#8 /mdevs/mynrc/system/CodeIgniter.php(419): CodeIgniter\CodeIgniter->runController()
#9 /mdevs/mynrc/system/CodeIgniter.php(326): CodeIgniter\CodeIgniter->handleRequest()
#10 /mdevs/mynrc/public/index.php(37): CodeIgniter\CodeIgniter->run()
#11 {main}
CRITICAL - 2022-09-09 09:11:13 --> Class 'App\Libraries\Fpdf\Exception' not found
#0 /mdevs/mynrc/app/Libraries/Fpdf/Fpdf.php(1060): App\Libraries\Fpdf\Fpdf->Error()
#1 /mdevs/mynrc/app/Libraries/Fpdf/Fpdf.php(999): App\Libraries\Fpdf\Fpdf->_checkoutput()
#2 /mdevs/mynrc/app/Views/Whcrossing/Whcrossing_print.php(628): App\Libraries\Fpdf\Fpdf->Output()
#3 /mdevs/mynrc/system/View/View.php(210): include('/mdevs/mynrc/ap...')
#4 /mdevs/mynrc/system/View/View.php(213): CodeIgniter\View\View->CodeIgniter\View\{closure}()
#5 /mdevs/mynrc/system/Common.php(1089): CodeIgniter\View\View->render()
#6 /mdevs/mynrc/app/Controllers/WhCrossing.php(76): view()
#7 /mdevs/mynrc/system/CodeIgniter.php(832): App\Controllers\WhCrossing->mycrossing_print()
#8 /mdevs/mynrc/system/CodeIgniter.php(419): CodeIgniter\CodeIgniter->runController()
#9 /mdevs/mynrc/system/CodeIgniter.php(326): CodeIgniter\CodeIgniter->handleRequest()
#10 /mdevs/mynrc/public/index.php(37): CodeIgniter\CodeIgniter->run()
#11 {main}
CRITICAL - 2022-09-09 09:11:13 --> Class 'App\Libraries\Fpdf\Exception' not found
#0 /mdevs/mynrc/app/Libraries/Fpdf/Fpdf.php(1060): App\Libraries\Fpdf\Fpdf->Error()
#1 /mdevs/mynrc/app/Libraries/Fpdf/Fpdf.php(999): App\Libraries\Fpdf\Fpdf->_checkoutput()
#2 /mdevs/mynrc/app/Views/Whcrossing/Whcrossing_print.php(628): App\Libraries\Fpdf\Fpdf->Output()
#3 /mdevs/mynrc/system/View/View.php(210): include('/mdevs/mynrc/ap...')
#4 /mdevs/mynrc/system/View/View.php(213): CodeIgniter\View\View->CodeIgniter\View\{closure}()
#5 /mdevs/mynrc/system/Common.php(1089): CodeIgniter\View\View->render()
#6 /mdevs/mynrc/app/Controllers/WhCrossing.php(76): view()
#7 /mdevs/mynrc/system/CodeIgniter.php(832): App\Controllers\WhCrossing->mycrossing_print()
#8 /mdevs/mynrc/system/CodeIgniter.php(419): CodeIgniter\CodeIgniter->runController()
#9 /mdevs/mynrc/system/CodeIgniter.php(326): CodeIgniter\CodeIgniter->handleRequest()
#10 /mdevs/mynrc/public/index.php(37): CodeIgniter\CodeIgniter->run()
#11 {main}
CRITICAL - 2022-09-09 09:11:13 --> Class 'App\Libraries\Fpdf\Exception' not found
#0 /mdevs/mynrc/app/Libraries/Fpdf/Fpdf.php(1060): App\Libraries\Fpdf\Fpdf->Error()
#1 /mdevs/mynrc/app/Libraries/Fpdf/Fpdf.php(999): App\Libraries\Fpdf\Fpdf->_checkoutput()
#2 /mdevs/mynrc/app/Views/Whcrossing/Whcrossing_print.php(628): App\Libraries\Fpdf\Fpdf->Output()
#3 /mdevs/mynrc/system/View/View.php(210): include('/mdevs/mynrc/ap...')
#4 /mdevs/mynrc/system/View/View.php(213): CodeIgniter\View\View->CodeIgniter\View\{closure}()
#5 /mdevs/mynrc/system/Common.php(1089): CodeIgniter\View\View->render()
#6 /mdevs/mynrc/app/Controllers/WhCrossing.php(76): view()
#7 /mdevs/mynrc/system/CodeIgniter.php(832): App\Controllers\WhCrossing->mycrossing_print()
#8 /mdevs/mynrc/system/CodeIgniter.php(419): CodeIgniter\CodeIgniter->runController()
#9 /mdevs/mynrc/system/CodeIgniter.php(326): CodeIgniter\CodeIgniter->handleRequest()
#10 /mdevs/mynrc/public/index.php(37): CodeIgniter\CodeIgniter->run()
#11 {main}
CRITICAL - 2022-09-09 09:11:14 --> Class 'App\Libraries\Fpdf\Exception' not found
#0 /mdevs/mynrc/app/Libraries/Fpdf/Fpdf.php(1060): App\Libraries\Fpdf\Fpdf->Error()
#1 /mdevs/mynrc/app/Libraries/Fpdf/Fpdf.php(999): App\Libraries\Fpdf\Fpdf->_checkoutput()
#2 /mdevs/mynrc/app/Views/Whcrossing/Whcrossing_print.php(628): App\Libraries\Fpdf\Fpdf->Output()
#3 /mdevs/mynrc/system/View/View.php(210): include('/mdevs/mynrc/ap...')
#4 /mdevs/mynrc/system/View/View.php(213): CodeIgniter\View\View->CodeIgniter\View\{closure}()
#5 /mdevs/mynrc/system/Common.php(1089): CodeIgniter\View\View->render()
#6 /mdevs/mynrc/app/Controllers/WhCrossing.php(76): view()
#7 /mdevs/mynrc/system/CodeIgniter.php(832): App\Controllers\WhCrossing->mycrossing_print()
#8 /mdevs/mynrc/system/CodeIgniter.php(419): CodeIgniter\CodeIgniter->runController()
#9 /mdevs/mynrc/system/CodeIgniter.php(326): CodeIgniter\CodeIgniter->handleRequest()
#10 /mdevs/mynrc/public/index.php(37): CodeIgniter\CodeIgniter->run()
#11 {main}
CRITICAL - 2022-09-09 09:11:14 --> Class 'App\Libraries\Fpdf\Exception' not found
#0 /mdevs/mynrc/app/Libraries/Fpdf/Fpdf.php(1060): App\Libraries\Fpdf\Fpdf->Error()
#1 /mdevs/mynrc/app/Libraries/Fpdf/Fpdf.php(999): App\Libraries\Fpdf\Fpdf->_checkoutput()
#2 /mdevs/mynrc/app/Views/Whcrossing/Whcrossing_print.php(628): App\Libraries\Fpdf\Fpdf->Output()
#3 /mdevs/mynrc/system/View/View.php(210): include('/mdevs/mynrc/ap...')
#4 /mdevs/mynrc/system/View/View.php(213): CodeIgniter\View\View->CodeIgniter\View\{closure}()
#5 /mdevs/mynrc/system/Common.php(1089): CodeIgniter\View\View->render()
#6 /mdevs/mynrc/app/Controllers/WhCrossing.php(76): view()
#7 /mdevs/mynrc/system/CodeIgniter.php(832): App\Controllers\WhCrossing->mycrossing_print()
#8 /mdevs/mynrc/system/CodeIgniter.php(419): CodeIgniter\CodeIgniter->runController()
#9 /mdevs/mynrc/system/CodeIgniter.php(326): CodeIgniter\CodeIgniter->handleRequest()
#10 /mdevs/mynrc/public/index.php(37): CodeIgniter\CodeIgniter->run()
#11 {main}
CRITICAL - 2022-09-09 09:11:14 --> Class 'App\Libraries\Fpdf\Exception' not found
#0 /mdevs/mynrc/app/Libraries/Fpdf/Fpdf.php(1060): App\Libraries\Fpdf\Fpdf->Error()
#1 /mdevs/mynrc/app/Libraries/Fpdf/Fpdf.php(999): App\Libraries\Fpdf\Fpdf->_checkoutput()
#2 /mdevs/mynrc/app/Views/Whcrossing/Whcrossing_print.php(628): App\Libraries\Fpdf\Fpdf->Output()
#3 /mdevs/mynrc/system/View/View.php(210): include('/mdevs/mynrc/ap...')
#4 /mdevs/mynrc/system/View/View.php(213): CodeIgniter\View\View->CodeIgniter\View\{closure}()
#5 /mdevs/mynrc/system/Common.php(1089): CodeIgniter\View\View->render()
#6 /mdevs/mynrc/app/Controllers/WhCrossing.php(76): view()
#7 /mdevs/mynrc/system/CodeIgniter.php(832): App\Controllers\WhCrossing->mycrossing_print()
#8 /mdevs/mynrc/system/CodeIgniter.php(419): CodeIgniter\CodeIgniter->runController()
#9 /mdevs/mynrc/system/CodeIgniter.php(326): CodeIgniter\CodeIgniter->handleRequest()
#10 /mdevs/mynrc/public/index.php(37): CodeIgniter\CodeIgniter->run()
#11 {main}
CRITICAL - 2022-09-09 09:11:15 --> Class 'App\Libraries\Fpdf\Exception' not found
#0 /mdevs/mynrc/app/Libraries/Fpdf/Fpdf.php(1060): App\Libraries\Fpdf\Fpdf->Error()
#1 /mdevs/mynrc/app/Libraries/Fpdf/Fpdf.php(999): App\Libraries\Fpdf\Fpdf->_checkoutput()
#2 /mdevs/mynrc/app/Views/Whcrossing/Whcrossing_print.php(628): App\Libraries\Fpdf\Fpdf->Output()
#3 /mdevs/mynrc/system/View/View.php(210): include('/mdevs/mynrc/ap...')
#4 /mdevs/mynrc/system/View/View.php(213): CodeIgniter\View\View->CodeIgniter\View\{closure}()
#5 /mdevs/mynrc/system/Common.php(1089): CodeIgniter\View\View->render()
#6 /mdevs/mynrc/app/Controllers/WhCrossing.php(76): view()
#7 /mdevs/mynrc/system/CodeIgniter.php(832): App\Controllers\WhCrossing->mycrossing_print()
#8 /mdevs/mynrc/system/CodeIgniter.php(419): CodeIgniter\CodeIgniter->runController()
#9 /mdevs/mynrc/system/CodeIgniter.php(326): CodeIgniter\CodeIgniter->handleRequest()
#10 /mdevs/mynrc/public/index.php(37): CodeIgniter\CodeIgniter->run()
#11 {main}
CRITICAL - 2022-09-09 09:11:20 --> Class 'App\Libraries\Fpdf\Exception' not found
#0 /mdevs/mynrc/app/Libraries/Fpdf/Fpdf.php(1060): App\Libraries\Fpdf\Fpdf->Error()
#1 /mdevs/mynrc/app/Libraries/Fpdf/Fpdf.php(999): App\Libraries\Fpdf\Fpdf->_checkoutput()
#2 /mdevs/mynrc/app/Views/Whcrossing/Whcrossing_print.php(628): App\Libraries\Fpdf\Fpdf->Output()
#3 /mdevs/mynrc/system/View/View.php(210): include('/mdevs/mynrc/ap...')
#4 /mdevs/mynrc/system/View/View.php(213): CodeIgniter\View\View->CodeIgniter\View\{closure}()
#5 /mdevs/mynrc/system/Common.php(1089): CodeIgniter\View\View->render()
#6 /mdevs/mynrc/app/Controllers/WhCrossing.php(76): view()
#7 /mdevs/mynrc/system/CodeIgniter.php(832): App\Controllers\WhCrossing->mycrossing_print()
#8 /mdevs/mynrc/system/CodeIgniter.php(419): CodeIgniter\CodeIgniter->runController()
#9 /mdevs/mynrc/system/CodeIgniter.php(326): CodeIgniter\CodeIgniter->handleRequest()
#10 /mdevs/mynrc/public/index.php(37): CodeIgniter\CodeIgniter->run()
#11 {main}
CRITICAL - 2022-09-09 09:11:26 --> Class 'App\Libraries\Fpdf\Exception' not found
#0 /mdevs/mynrc/app/Libraries/Fpdf/Fpdf.php(1060): App\Libraries\Fpdf\Fpdf->Error()
#1 /mdevs/mynrc/app/Libraries/Fpdf/Fpdf.php(999): App\Libraries\Fpdf\Fpdf->_checkoutput()
#2 /mdevs/mynrc/app/Views/Whcrossing/Whcrossing_print.php(628): App\Libraries\Fpdf\Fpdf->Output()
#3 /mdevs/mynrc/system/View/View.php(210): include('/mdevs/mynrc/ap...')
#4 /mdevs/mynrc/system/View/View.php(213): CodeIgniter\View\View->CodeIgniter\View\{closure}()
#5 /mdevs/mynrc/system/Common.php(1089): CodeIgniter\View\View->render()
#6 /mdevs/mynrc/app/Controllers/WhCrossing.php(76): view()
#7 /mdevs/mynrc/system/CodeIgniter.php(832): App\Controllers\WhCrossing->mycrossing_print()
#8 /mdevs/mynrc/system/CodeIgniter.php(419): CodeIgniter\CodeIgniter->runController()
#9 /mdevs/mynrc/system/CodeIgniter.php(326): CodeIgniter\CodeIgniter->handleRequest()
#10 /mdevs/mynrc/public/index.php(37): CodeIgniter\CodeIgniter->run()
#11 {main}
CRITICAL - 2022-09-09 09:11:28 --> Class 'App\Libraries\Fpdf\Exception' not found
#0 /mdevs/mynrc/app/Libraries/Fpdf/Fpdf.php(1060): App\Libraries\Fpdf\Fpdf->Error()
#1 /mdevs/mynrc/app/Libraries/Fpdf/Fpdf.php(999): App\Libraries\Fpdf\Fpdf->_checkoutput()
#2 /mdevs/mynrc/app/Views/Whcrossing/Whcrossing_print.php(628): App\Libraries\Fpdf\Fpdf->Output()
#3 /mdevs/mynrc/system/View/View.php(210): include('/mdevs/mynrc/ap...')
#4 /mdevs/mynrc/system/View/View.php(213): CodeIgniter\View\View->CodeIgniter\View\{closure}()
#5 /mdevs/mynrc/system/Common.php(1089): CodeIgniter\View\View->render()
#6 /mdevs/mynrc/app/Controllers/WhCrossing.php(76): view()
#7 /mdevs/mynrc/system/CodeIgniter.php(832): App\Controllers\WhCrossing->mycrossing_print()
#8 /mdevs/mynrc/system/CodeIgniter.php(419): CodeIgniter\CodeIgniter->runController()
#9 /mdevs/mynrc/system/CodeIgniter.php(326): CodeIgniter\CodeIgniter->handleRequest()
#10 /mdevs/mynrc/public/index.php(37): CodeIgniter\CodeIgniter->run()
#11 {main}
CRITICAL - 2022-09-09 09:11:29 --> Class 'App\Libraries\Fpdf\Exception' not found
#0 /mdevs/mynrc/app/Libraries/Fpdf/Fpdf.php(1060): App\Libraries\Fpdf\Fpdf->Error()
#1 /mdevs/mynrc/app/Libraries/Fpdf/Fpdf.php(999): App\Libraries\Fpdf\Fpdf->_checkoutput()
#2 /mdevs/mynrc/app/Views/Whcrossing/Whcrossing_print.php(628): App\Libraries\Fpdf\Fpdf->Output()
#3 /mdevs/mynrc/system/View/View.php(210): include('/mdevs/mynrc/ap...')
#4 /mdevs/mynrc/system/View/View.php(213): CodeIgniter\View\View->CodeIgniter\View\{closure}()
#5 /mdevs/mynrc/system/Common.php(1089): CodeIgniter\View\View->render()
#6 /mdevs/mynrc/app/Controllers/WhCrossing.php(76): view()
#7 /mdevs/mynrc/system/CodeIgniter.php(832): App\Controllers\WhCrossing->mycrossing_print()
#8 /mdevs/mynrc/system/CodeIgniter.php(419): CodeIgniter\CodeIgniter->runController()
#9 /mdevs/mynrc/system/CodeIgniter.php(326): CodeIgniter\CodeIgniter->handleRequest()
#10 /mdevs/mynrc/public/index.php(37): CodeIgniter\CodeIgniter->run()
#11 {main}
CRITICAL - 2022-09-09 09:11:30 --> Class 'App\Libraries\Fpdf\Exception' not found
#0 /mdevs/mynrc/app/Libraries/Fpdf/Fpdf.php(1060): App\Libraries\Fpdf\Fpdf->Error()
#1 /mdevs/mynrc/app/Libraries/Fpdf/Fpdf.php(999): App\Libraries\Fpdf\Fpdf->_checkoutput()
#2 /mdevs/mynrc/app/Views/Whcrossing/Whcrossing_print.php(628): App\Libraries\Fpdf\Fpdf->Output()
#3 /mdevs/mynrc/system/View/View.php(210): include('/mdevs/mynrc/ap...')
#4 /mdevs/mynrc/system/View/View.php(213): CodeIgniter\View\View->CodeIgniter\View\{closure}()
#5 /mdevs/mynrc/system/Common.php(1089): CodeIgniter\View\View->render()
#6 /mdevs/mynrc/app/Controllers/WhCrossing.php(76): view()
#7 /mdevs/mynrc/system/CodeIgniter.php(832): App\Controllers\WhCrossing->mycrossing_print()
#8 /mdevs/mynrc/system/CodeIgniter.php(419): CodeIgniter\CodeIgniter->runController()
#9 /mdevs/mynrc/system/CodeIgniter.php(326): CodeIgniter\CodeIgniter->handleRequest()
#10 /mdevs/mynrc/public/index.php(37): CodeIgniter\CodeIgniter->run()
#11 {main}
CRITICAL - 2022-09-09 09:12:32 --> Class 'App\Libraries\Fpdf\Exception' not found
#0 /mdevs/mynrc/app/Libraries/Fpdf/Fpdf.php(1060): App\Libraries\Fpdf\Fpdf->Error()
#1 /mdevs/mynrc/app/Libraries/Fpdf/Fpdf.php(999): App\Libraries\Fpdf\Fpdf->_checkoutput()
#2 /mdevs/mynrc/app/Views/Whcrossing/Whcrossing_print.php(628): App\Libraries\Fpdf\Fpdf->Output()
#3 /mdevs/mynrc/system/View/View.php(210): include('/mdevs/mynrc/ap...')
#4 /mdevs/mynrc/system/View/View.php(213): CodeIgniter\View\View->CodeIgniter\View\{closure}()
#5 /mdevs/mynrc/system/Common.php(1089): CodeIgniter\View\View->render()
#6 /mdevs/mynrc/app/Controllers/WhCrossing.php(76): view()
#7 /mdevs/mynrc/system/CodeIgniter.php(832): App\Controllers\WhCrossing->mycrossing_print()
#8 /mdevs/mynrc/system/CodeIgniter.php(419): CodeIgniter\CodeIgniter->runController()
#9 /mdevs/mynrc/system/CodeIgniter.php(326): CodeIgniter\CodeIgniter->handleRequest()
#10 /mdevs/mynrc/public/index.php(37): CodeIgniter\CodeIgniter->run()
#11 {main}
CRITICAL - 2022-09-09 09:12:32 --> Class 'App\Libraries\Fpdf\Exception' not found
#0 /mdevs/mynrc/app/Libraries/Fpdf/Fpdf.php(1060): App\Libraries\Fpdf\Fpdf->Error()
#1 /mdevs/mynrc/app/Libraries/Fpdf/Fpdf.php(999): App\Libraries\Fpdf\Fpdf->_checkoutput()
#2 /mdevs/mynrc/app/Views/Whcrossing/Whcrossing_print.php(628): App\Libraries\Fpdf\Fpdf->Output()
#3 /mdevs/mynrc/system/View/View.php(210): include('/mdevs/mynrc/ap...')
#4 /mdevs/mynrc/system/View/View.php(213): CodeIgniter\View\View->CodeIgniter\View\{closure}()
#5 /mdevs/mynrc/system/Common.php(1089): CodeIgniter\View\View->render()
#6 /mdevs/mynrc/app/Controllers/WhCrossing.php(76): view()
#7 /mdevs/mynrc/system/CodeIgniter.php(832): App\Controllers\WhCrossing->mycrossing_print()
#8 /mdevs/mynrc/system/CodeIgniter.php(419): CodeIgniter\CodeIgniter->runController()
#9 /mdevs/mynrc/system/CodeIgniter.php(326): CodeIgniter\CodeIgniter->handleRequest()
#10 /mdevs/mynrc/public/index.php(37): CodeIgniter\CodeIgniter->run()
#11 {main}
CRITICAL - 2022-09-09 09:49:25 --> Class 'App\Libraries\Fpdf\Exception' not found
#0 /mdevs/mynrc/app/Libraries/Fpdf/Fpdf.php(1060): App\Libraries\Fpdf\Fpdf->Error()
#1 /mdevs/mynrc/app/Libraries/Fpdf/Fpdf.php(999): App\Libraries\Fpdf\Fpdf->_checkoutput()
#2 /mdevs/mynrc/app/Views/Whcrossing/Whcrossing_irrprint.php(821): App\Libraries\Fpdf\Fpdf->Output()
#3 /mdevs/mynrc/system/View/View.php(210): include('/mdevs/mynrc/ap...')
#4 /mdevs/mynrc/system/View/View.php(213): CodeIgniter\View\View->CodeIgniter\View\{closure}()
#5 /mdevs/mynrc/system/Common.php(1089): CodeIgniter\View\View->render()
#6 /mdevs/mynrc/app/Controllers/WhCrossing.php(89): view()
#7 /mdevs/mynrc/system/CodeIgniter.php(832): App\Controllers\WhCrossing->mycrossing_irrprint()
#8 /mdevs/mynrc/system/CodeIgniter.php(419): CodeIgniter\CodeIgniter->runController()
#9 /mdevs/mynrc/system/CodeIgniter.php(326): CodeIgniter\CodeIgniter->handleRequest()
#10 /mdevs/mynrc/public/index.php(37): CodeIgniter\CodeIgniter->run()
#11 {main}
CRITICAL - 2022-09-09 09:49:26 --> Class 'App\Libraries\Fpdf\Exception' not found
#0 /mdevs/mynrc/app/Libraries/Fpdf/Fpdf.php(1060): App\Libraries\Fpdf\Fpdf->Error()
#1 /mdevs/mynrc/app/Libraries/Fpdf/Fpdf.php(999): App\Libraries\Fpdf\Fpdf->_checkoutput()
#2 /mdevs/mynrc/app/Views/Whcrossing/Whcrossing_irrprint.php(821): App\Libraries\Fpdf\Fpdf->Output()
#3 /mdevs/mynrc/system/View/View.php(210): include('/mdevs/mynrc/ap...')
#4 /mdevs/mynrc/system/View/View.php(213): CodeIgniter\View\View->CodeIgniter\View\{closure}()
#5 /mdevs/mynrc/system/Common.php(1089): CodeIgniter\View\View->render()
#6 /mdevs/mynrc/app/Controllers/WhCrossing.php(89): view()
#7 /mdevs/mynrc/system/CodeIgniter.php(832): App\Controllers\WhCrossing->mycrossing_irrprint()
#8 /mdevs/mynrc/system/CodeIgniter.php(419): CodeIgniter\CodeIgniter->runController()
#9 /mdevs/mynrc/system/CodeIgniter.php(326): CodeIgniter\CodeIgniter->handleRequest()
#10 /mdevs/mynrc/public/index.php(37): CodeIgniter\CodeIgniter->run()
#11 {main}
CRITICAL - 2022-09-09 09:49:26 --> Class 'App\Libraries\Fpdf\Exception' not found
#0 /mdevs/mynrc/app/Libraries/Fpdf/Fpdf.php(1060): App\Libraries\Fpdf\Fpdf->Error()
#1 /mdevs/mynrc/app/Libraries/Fpdf/Fpdf.php(999): App\Libraries\Fpdf\Fpdf->_checkoutput()
#2 /mdevs/mynrc/app/Views/Whcrossing/Whcrossing_irrprint.php(821): App\Libraries\Fpdf\Fpdf->Output()
#3 /mdevs/mynrc/system/View/View.php(210): include('/mdevs/mynrc/ap...')
#4 /mdevs/mynrc/system/View/View.php(213): CodeIgniter\View\View->CodeIgniter\View\{closure}()
#5 /mdevs/mynrc/system/Common.php(1089): CodeIgniter\View\View->render()
#6 /mdevs/mynrc/app/Controllers/WhCrossing.php(89): view()
#7 /mdevs/mynrc/system/CodeIgniter.php(832): App\Controllers\WhCrossing->mycrossing_irrprint()
#8 /mdevs/mynrc/system/CodeIgniter.php(419): CodeIgniter\CodeIgniter->runController()
#9 /mdevs/mynrc/system/CodeIgniter.php(326): CodeIgniter\CodeIgniter->handleRequest()
#10 /mdevs/mynrc/public/index.php(37): CodeIgniter\CodeIgniter->run()
#11 {main}
CRITICAL - 2022-09-09 13:36:44 --> Class 'App\Libraries\Fpdf\Exception' not found
#0 /mdevs/mynrc/app/Libraries/Fpdf/Fpdf.php(1060): App\Libraries\Fpdf\Fpdf->Error()
#1 /mdevs/mynrc/app/Libraries/Fpdf/Fpdf.php(999): App\Libraries\Fpdf\Fpdf->_checkoutput()
#2 /mdevs/mynrc/app/Views/Whcrossing/Whcrossing_irrprint.php(821): App\Libraries\Fpdf\Fpdf->Output()
#3 /mdevs/mynrc/system/View/View.php(210): include('/mdevs/mynrc/ap...')
#4 /mdevs/mynrc/system/View/View.php(213): CodeIgniter\View\View->CodeIgniter\View\{closure}()
#5 /mdevs/mynrc/system/Common.php(1089): CodeIgniter\View\View->render()
#6 /mdevs/mynrc/app/Controllers/WhCrossing.php(89): view()
#7 /mdevs/mynrc/system/CodeIgniter.php(832): App\Controllers\WhCrossing->mycrossing_irrprint()
#8 /mdevs/mynrc/system/CodeIgniter.php(419): CodeIgniter\CodeIgniter->runController()
#9 /mdevs/mynrc/system/CodeIgniter.php(326): CodeIgniter\CodeIgniter->handleRequest()
#10 /mdevs/mynrc/public/index.php(37): CodeIgniter\CodeIgniter->run()
#11 {main}
CRITICAL - 2022-09-09 14:36:14 --> Undefined variable: totalTime
#0 /mdevs/mynrc/system/Debug/Toolbar/Views/toolbar.tpl.php(40): CodeIgniter\Debug\Exceptions->errorHandler()
#1 /mdevs/mynrc/system/Debug/Toolbar.php(501): include('/mdevs/mynrc/sy...')
#2 /mdevs/mynrc/system/Debug/Toolbar.php(464): CodeIgniter\Debug\Toolbar->format()
#3 /mdevs/mynrc/app/Config/Events.php(48): CodeIgniter\Debug\Toolbar->respond()
#4 /mdevs/mynrc/system/Events/Events.php(149): CodeIgniter\Events\Events::Config\{closure}()
#5 /mdevs/mynrc/system/CodeIgniter.php(308): CodeIgniter\Events\Events::trigger()
#6 /mdevs/mynrc/public/index.php(37): CodeIgniter\CodeIgniter->run()
#7 {main}
CRITICAL - 2022-09-09 15:32:28 --> Undefined variable: totalTime
#0 /mdevs/mynrc/system/Debug/Toolbar/Views/toolbar.tpl.php(40): CodeIgniter\Debug\Exceptions->errorHandler()
#1 /mdevs/mynrc/system/Debug/Toolbar.php(501): include('/mdevs/mynrc/sy...')
#2 /mdevs/mynrc/system/Debug/Toolbar.php(464): CodeIgniter\Debug\Toolbar->format()
#3 /mdevs/mynrc/app/Config/Events.php(48): CodeIgniter\Debug\Toolbar->respond()
#4 /mdevs/mynrc/system/Events/Events.php(149): CodeIgniter\Events\Events::Config\{closure}()
#5 /mdevs/mynrc/system/CodeIgniter.php(308): CodeIgniter\Events\Events::trigger()
#6 /mdevs/mynrc/public/index.php(37): CodeIgniter\CodeIgniter->run()
#7 {main}
CRITICAL - 2022-09-09 15:35:32 --> Undefined variable: totalTime
#0 /mdevs/mynrc/system/Debug/Toolbar/Views/toolbar.tpl.php(40): CodeIgniter\Debug\Exceptions->errorHandler()
#1 /mdevs/mynrc/system/Debug/Toolbar.php(501): include('/mdevs/mynrc/sy...')
#2 /mdevs/mynrc/system/Debug/Toolbar.php(464): CodeIgniter\Debug\Toolbar->format()
#3 /mdevs/mynrc/app/Config/Events.php(48): CodeIgniter\Debug\Toolbar->respond()
#4 /mdevs/mynrc/system/Events/Events.php(149): CodeIgniter\Events\Events::Config\{closure}()
#5 /mdevs/mynrc/system/CodeIgniter.php(308): CodeIgniter\Events\Events::trigger()
#6 /mdevs/mynrc/public/index.php(37): CodeIgniter\CodeIgniter->run()
#7 {main}
ERROR - 2022-09-09 15:35:39 --> Unknown column 'grp.wshe_bin_name' in 'field list'
ERROR - 2022-09-09 15:36:17 --> Unknown column 'grp.wshe_bin_name' in 'field list'
ERROR - 2022-09-09 15:36:18 --> Unknown column 'grp.wshe_bin_name' in 'field list'
ERROR - 2022-09-09 15:36:19 --> Unknown column 'grp.wshe_bin_name' in 'field list'
ERROR - 2022-09-09 15:36:20 --> Unknown column 'grp.wshe_bin_name' in 'field list'
ERROR - 2022-09-09 15:36:21 --> Unknown column 'grp.wshe_bin_name' in 'field list'
ERROR - 2022-09-09 15:37:03 --> Unknown column 'grp.wshe_bin_name' in 'field list'
ERROR - 2022-09-09 15:37:04 --> Unknown column 'grp.wshe_bin_name' in 'field list'
ERROR - 2022-09-09 15:37:04 --> Unknown column 'grp.wshe_bin_name' in 'field list'
ERROR - 2022-09-09 15:38:29 --> Operand should contain 1 column(s)
ERROR - 2022-09-09 15:38:30 --> Operand should contain 1 column(s)
ERROR - 2022-09-09 15:38:31 --> Operand should contain 1 column(s)
ERROR - 2022-09-09 15:38:31 --> Operand should contain 1 column(s)
ERROR - 2022-09-09 15:38:31 --> Operand should contain 1 column(s)
CRITICAL - 2022-09-09 15:39:19 --> Undefined variable: totalTime
#0 /mdevs/mynrc/system/Debug/Toolbar/Views/toolbar.tpl.php(40): CodeIgniter\Debug\Exceptions->errorHandler()
#1 /mdevs/mynrc/system/Debug/Toolbar.php(501): include('/mdevs/mynrc/sy...')
#2 /mdevs/mynrc/system/Debug/Toolbar.php(464): CodeIgniter\Debug\Toolbar->format()
#3 /mdevs/mynrc/app/Config/Events.php(48): CodeIgniter\Debug\Toolbar->respond()
#4 /mdevs/mynrc/system/Events/Events.php(149): CodeIgniter\Events\Events::Config\{closure}()
#5 /mdevs/mynrc/system/CodeIgniter.php(308): CodeIgniter\Events\Events::trigger()
#6 /mdevs/mynrc/public/index.php(37): CodeIgniter\CodeIgniter->run()
#7 {main}
ERROR - 2022-09-09 15:39:22 --> Operand should contain 1 column(s)
ERROR - 2022-09-09 15:39:24 --> Operand should contain 1 column(s)
ERROR - 2022-09-09 15:39:24 --> Operand should contain 1 column(s)
ERROR - 2022-09-09 15:39:31 --> Operand should contain 1 column(s)
ERROR - 2022-09-09 15:41:37 --> Operand should contain 1 column(s)
ERROR - 2022-09-09 15:42:05 --> Operand should contain 1 column(s)
ERROR - 2022-09-09 15:42:06 --> Operand should contain 1 column(s)
CRITICAL - 2022-09-09 16:01:13 --> Class 'App\Libraries\Fpdf\Exception' not found
#0 /mdevs/mynrc/app/Libraries/Fpdf/Fpdf.php(1060): App\Libraries\Fpdf\Fpdf->Error()
#1 /mdevs/mynrc/app/Libraries/Fpdf/Fpdf.php(999): App\Libraries\Fpdf\Fpdf->_checkoutput()
#2 /mdevs/mynrc/app/Views/Whcrossing/Whcrossing_print.php(631): App\Libraries\Fpdf\Fpdf->Output()
#3 /mdevs/mynrc/system/View/View.php(210): include('/mdevs/mynrc/ap...')
#4 /mdevs/mynrc/system/View/View.php(213): CodeIgniter\View\View->CodeIgniter\View\{closure}()
#5 /mdevs/mynrc/system/Common.php(1089): CodeIgniter\View\View->render()
#6 /mdevs/mynrc/app/Controllers/WhCrossing.php(76): view()
#7 /mdevs/mynrc/system/CodeIgniter.php(832): App\Controllers\WhCrossing->mycrossing_print()
#8 /mdevs/mynrc/system/CodeIgniter.php(419): CodeIgniter\CodeIgniter->runController()
#9 /mdevs/mynrc/system/CodeIgniter.php(326): CodeIgniter\CodeIgniter->handleRequest()
#10 /mdevs/mynrc/public/index.php(37): CodeIgniter\CodeIgniter->run()
#11 {main}
CRITICAL - 2022-09-09 16:01:24 --> Undefined variable: totalTime
#0 /mdevs/mynrc/system/Debug/Toolbar/Views/toolbar.tpl.php(40): CodeIgniter\Debug\Exceptions->errorHandler()
#1 /mdevs/mynrc/system/Debug/Toolbar.php(501): include('/mdevs/mynrc/sy...')
#2 /mdevs/mynrc/system/Debug/Toolbar.php(464): CodeIgniter\Debug\Toolbar->format()
#3 /mdevs/mynrc/app/Config/Events.php(48): CodeIgniter\Debug\Toolbar->respond()
#4 /mdevs/mynrc/system/Events/Events.php(149): CodeIgniter\Events\Events::Config\{closure}()
#5 /mdevs/mynrc/system/CodeIgniter.php(308): CodeIgniter\Events\Events::trigger()
#6 /mdevs/mynrc/public/index.php(37): CodeIgniter\CodeIgniter->run()
#7 {main}
CRITICAL - 2022-09-09 16:17:15 --> Undefined variable: totalTime
#0 /mdevs/mynrc/system/Debug/Toolbar/Views/toolbar.tpl.php(40): CodeIgniter\Debug\Exceptions->errorHandler()
#1 /mdevs/mynrc/system/Debug/Toolbar.php(501): include('/mdevs/mynrc/sy...')
#2 /mdevs/mynrc/system/Debug/Toolbar.php(464): CodeIgniter\Debug\Toolbar->format()
#3 /mdevs/mynrc/app/Config/Events.php(48): CodeIgniter\Debug\Toolbar->respond()
#4 /mdevs/mynrc/system/Events/Events.php(149): CodeIgniter\Events\Events::Config\{closure}()
#5 /mdevs/mynrc/system/CodeIgniter.php(308): CodeIgniter\Events\Events::trigger()
#6 /mdevs/mynrc/public/index.php(37): CodeIgniter\CodeIgniter->run()
#7 {main}
CRITICAL - 2022-09-09 16:17:28 --> Undefined variable: totalTime
#0 /mdevs/mynrc/system/Debug/Toolbar/Views/toolbar.tpl.php(40): CodeIgniter\Debug\Exceptions->errorHandler()
#1 /mdevs/mynrc/system/Debug/Toolbar.php(501): include('/mdevs/mynrc/sy...')
#2 /mdevs/mynrc/system/Debug/Toolbar.php(464): CodeIgniter\Debug\Toolbar->format()
#3 /mdevs/mynrc/app/Config/Events.php(48): CodeIgniter\Debug\Toolbar->respond()
#4 /mdevs/mynrc/system/Events/Events.php(149): CodeIgniter\Events\Events::Config\{closure}()
#5 /mdevs/mynrc/system/CodeIgniter.php(308): CodeIgniter\Events\Events::trigger()
#6 /mdevs/mynrc/public/index.php(37): CodeIgniter\CodeIgniter->run()
#7 {main}
CRITICAL - 2022-09-09 16:17:35 --> Undefined variable: totalTime
#0 /mdevs/mynrc/system/Debug/Toolbar/Views/toolbar.tpl.php(40): CodeIgniter\Debug\Exceptions->errorHandler()
#1 /mdevs/mynrc/system/Debug/Toolbar.php(501): include('/mdevs/mynrc/sy...')
#2 /mdevs/mynrc/system/Debug/Toolbar.php(464): CodeIgniter\Debug\Toolbar->format()
#3 /mdevs/mynrc/app/Config/Events.php(48): CodeIgniter\Debug\Toolbar->respond()
#4 /mdevs/mynrc/system/Events/Events.php(149): CodeIgniter\Events\Events::Config\{closure}()
#5 /mdevs/mynrc/system/CodeIgniter.php(308): CodeIgniter\Events\Events::trigger()
#6 /mdevs/mynrc/public/index.php(37): CodeIgniter\CodeIgniter->run()
#7 {main}
CRITICAL - 2022-09-09 16:17:35 --> Undefined variable: totalTime
#0 /mdevs/mynrc/system/Debug/Toolbar/Views/toolbar.tpl.php(40): CodeIgniter\Debug\Exceptions->errorHandler()
#1 /mdevs/mynrc/system/Debug/Toolbar.php(501): include('/mdevs/mynrc/sy...')
#2 /mdevs/mynrc/system/Debug/Toolbar.php(464): CodeIgniter\Debug\Toolbar->format()
#3 /mdevs/mynrc/app/Config/Events.php(48): CodeIgniter\Debug\Toolbar->respond()
#4 /mdevs/mynrc/system/Events/Events.php(149): CodeIgniter\Events\Events::Config\{closure}()
#5 /mdevs/mynrc/system/CodeIgniter.php(308): CodeIgniter\Events\Events::trigger()
#6 /mdevs/mynrc/public/index.php(37): CodeIgniter\CodeIgniter->run()
#7 {main}
CRITICAL - 2022-09-09 16:18:36 --> Undefined variable: totalTime
#0 /mdevs/mynrc/system/Debug/Toolbar/Views/toolbar.tpl.php(40): CodeIgniter\Debug\Exceptions->errorHandler()
#1 /mdevs/mynrc/system/Debug/Toolbar.php(501): include('/mdevs/mynrc/sy...')
#2 /mdevs/mynrc/system/Debug/Toolbar.php(464): CodeIgniter\Debug\Toolbar->format()
#3 /mdevs/mynrc/app/Config/Events.php(48): CodeIgniter\Debug\Toolbar->respond()
#4 /mdevs/mynrc/system/Events/Events.php(149): CodeIgniter\Events\Events::Config\{closure}()
#5 /mdevs/mynrc/system/CodeIgniter.php(308): CodeIgniter\Events\Events::trigger()
#6 /mdevs/mynrc/public/index.php(37): CodeIgniter\CodeIgniter->run()
#7 {main}
CRITICAL - 2022-09-09 16:18:41 --> Undefined variable: totalTime
#0 /mdevs/mynrc/system/Debug/Toolbar/Views/toolbar.tpl.php(40): CodeIgniter\Debug\Exceptions->errorHandler()
#1 /mdevs/mynrc/system/Debug/Toolbar.php(501): include('/mdevs/mynrc/sy...')
#2 /mdevs/mynrc/system/Debug/Toolbar.php(464): CodeIgniter\Debug\Toolbar->format()
#3 /mdevs/mynrc/app/Config/Events.php(48): CodeIgniter\Debug\Toolbar->respond()
#4 /mdevs/mynrc/system/Events/Events.php(149): CodeIgniter\Events\Events::Config\{closure}()
#5 /mdevs/mynrc/system/CodeIgniter.php(308): CodeIgniter\Events\Events::trigger()
#6 /mdevs/mynrc/public/index.php(37): CodeIgniter\CodeIgniter->run()
#7 {main}
CRITICAL - 2022-09-09 16:18:55 --> Undefined variable: totalTime
#0 /mdevs/mynrc/system/Debug/Toolbar/Views/toolbar.tpl.php(40): CodeIgniter\Debug\Exceptions->errorHandler()
#1 /mdevs/mynrc/system/Debug/Toolbar.php(501): include('/mdevs/mynrc/sy...')
#2 /mdevs/mynrc/system/Debug/Toolbar.php(464): CodeIgniter\Debug\Toolbar->format()
#3 /mdevs/mynrc/app/Config/Events.php(48): CodeIgniter\Debug\Toolbar->respond()
#4 /mdevs/mynrc/system/Events/Events.php(149): CodeIgniter\Events\Events::Config\{closure}()
#5 /mdevs/mynrc/system/CodeIgniter.php(308): CodeIgniter\Events\Events::trigger()
#6 /mdevs/mynrc/public/index.php(37): CodeIgniter\CodeIgniter->run()
#7 {main}
CRITICAL - 2022-09-09 16:19:02 --> Undefined variable: totalTime
#0 /mdevs/mynrc/system/Debug/Toolbar/Views/toolbar.tpl.php(40): CodeIgniter\Debug\Exceptions->errorHandler()
#1 /mdevs/mynrc/system/Debug/Toolbar.php(501): include('/mdevs/mynrc/sy...')
#2 /mdevs/mynrc/system/Debug/Toolbar.php(464): CodeIgniter\Debug\Toolbar->format()
#3 /mdevs/mynrc/app/Config/Events.php(48): CodeIgniter\Debug\Toolbar->respond()
#4 /mdevs/mynrc/system/Events/Events.php(149): CodeIgniter\Events\Events::Config\{closure}()
#5 /mdevs/mynrc/system/CodeIgniter.php(308): CodeIgniter\Events\Events::trigger()
#6 /mdevs/mynrc/public/index.php(37): CodeIgniter\CodeIgniter->run()
#7 {main}
CRITICAL - 2022-09-09 16:19:03 --> Undefined variable: totalTime
#0 /mdevs/mynrc/system/Debug/Toolbar/Views/toolbar.tpl.php(40): CodeIgniter\Debug\Exceptions->errorHandler()
#1 /mdevs/mynrc/system/Debug/Toolbar.php(501): include('/mdevs/mynrc/sy...')
#2 /mdevs/mynrc/system/Debug/Toolbar.php(464): CodeIgniter\Debug\Toolbar->format()
#3 /mdevs/mynrc/app/Config/Events.php(48): CodeIgniter\Debug\Toolbar->respond()
#4 /mdevs/mynrc/system/Events/Events.php(149): CodeIgniter\Events\Events::Config\{closure}()
#5 /mdevs/mynrc/system/CodeIgniter.php(308): CodeIgniter\Events\Events::trigger()
#6 /mdevs/mynrc/public/index.php(37): CodeIgniter\CodeIgniter->run()
#7 {main}
CRITICAL - 2022-09-09 16:19:08 --> Undefined variable: totalTime
#0 /mdevs/mynrc/system/Debug/Toolbar/Views/toolbar.tpl.php(40): CodeIgniter\Debug\Exceptions->errorHandler()
#1 /mdevs/mynrc/system/Debug/Toolbar.php(501): include('/mdevs/mynrc/sy...')
#2 /mdevs/mynrc/system/Debug/Toolbar.php(464): CodeIgniter\Debug\Toolbar->format()
#3 /mdevs/mynrc/app/Config/Events.php(48): CodeIgniter\Debug\Toolbar->respond()
#4 /mdevs/mynrc/system/Events/Events.php(149): CodeIgniter\Events\Events::Config\{closure}()
#5 /mdevs/mynrc/system/CodeIgniter.php(308): CodeIgniter\Events\Events::trigger()
#6 /mdevs/mynrc/public/index.php(37): CodeIgniter\CodeIgniter->run()
#7 {main}
CRITICAL - 2022-09-09 16:19:36 --> Undefined variable: totalTime
#0 /mdevs/mynrc/system/Debug/Toolbar/Views/toolbar.tpl.php(40): CodeIgniter\Debug\Exceptions->errorHandler()
#1 /mdevs/mynrc/system/Debug/Toolbar.php(501): include('/mdevs/mynrc/sy...')
#2 /mdevs/mynrc/system/Debug/Toolbar.php(464): CodeIgniter\Debug\Toolbar->format()
#3 /mdevs/mynrc/app/Config/Events.php(48): CodeIgniter\Debug\Toolbar->respond()
#4 /mdevs/mynrc/system/Events/Events.php(149): CodeIgniter\Events\Events::Config\{closure}()
#5 /mdevs/mynrc/system/CodeIgniter.php(308): CodeIgniter\Events\Events::trigger()
#6 /mdevs/mynrc/public/index.php(37): CodeIgniter\CodeIgniter->run()
#7 {main}
CRITICAL - 2022-09-09 16:19:47 --> Undefined variable: totalTime
#0 /mdevs/mynrc/system/Debug/Toolbar/Views/toolbar.tpl.php(40): CodeIgniter\Debug\Exceptions->errorHandler()
#1 /mdevs/mynrc/system/Debug/Toolbar.php(501): include('/mdevs/mynrc/sy...')
#2 /mdevs/mynrc/system/Debug/Toolbar.php(464): CodeIgniter\Debug\Toolbar->format()
#3 /mdevs/mynrc/app/Config/Events.php(48): CodeIgniter\Debug\Toolbar->respond()
#4 /mdevs/mynrc/system/Events/Events.php(149): CodeIgniter\Events\Events::Config\{closure}()
#5 /mdevs/mynrc/system/CodeIgniter.php(308): CodeIgniter\Events\Events::trigger()
#6 /mdevs/mynrc/public/index.php(37): CodeIgniter\CodeIgniter->run()
#7 {main}
CRITICAL - 2022-09-09 16:20:02 --> Undefined variable: totalTime
#0 /mdevs/mynrc/system/Debug/Toolbar/Views/toolbar.tpl.php(40): CodeIgniter\Debug\Exceptions->errorHandler()
#1 /mdevs/mynrc/system/Debug/Toolbar.php(501): include('/mdevs/mynrc/sy...')
#2 /mdevs/mynrc/system/Debug/Toolbar.php(464): CodeIgniter\Debug\Toolbar->format()
#3 /mdevs/mynrc/app/Config/Events.php(48): CodeIgniter\Debug\Toolbar->respond()
#4 /mdevs/mynrc/system/Events/Events.php(149): CodeIgniter\Events\Events::Config\{closure}()
#5 /mdevs/mynrc/system/CodeIgniter.php(308): CodeIgniter\Events\Events::trigger()
#6 /mdevs/mynrc/public/index.php(37): CodeIgniter\CodeIgniter->run()
#7 {main}
CRITICAL - 2022-09-09 16:20:31 --> Undefined variable: totalTime
#0 /mdevs/mynrc/system/Debug/Toolbar/Views/toolbar.tpl.php(40): CodeIgniter\Debug\Exceptions->errorHandler()
#1 /mdevs/mynrc/system/Debug/Toolbar.php(501): include('/mdevs/mynrc/sy...')
#2 /mdevs/mynrc/system/Debug/Toolbar.php(464): CodeIgniter\Debug\Toolbar->format()
#3 /mdevs/mynrc/app/Config/Events.php(48): CodeIgniter\Debug\Toolbar->respond()
#4 /mdevs/mynrc/system/Events/Events.php(149): CodeIgniter\Events\Events::Config\{closure}()
#5 /mdevs/mynrc/system/CodeIgniter.php(308): CodeIgniter\Events\Events::trigger()
#6 /mdevs/mynrc/public/index.php(37): CodeIgniter\CodeIgniter->run()
#7 {main}
CRITICAL - 2022-09-09 16:20:57 --> Undefined variable: totalTime
#0 /mdevs/mynrc/system/Debug/Toolbar/Views/toolbar.tpl.php(40): CodeIgniter\Debug\Exceptions->errorHandler()
#1 /mdevs/mynrc/system/Debug/Toolbar.php(501): include('/mdevs/mynrc/sy...')
#2 /mdevs/mynrc/system/Debug/Toolbar.php(464): CodeIgniter\Debug\Toolbar->format()
#3 /mdevs/mynrc/app/Config/Events.php(48): CodeIgniter\Debug\Toolbar->respond()
#4 /mdevs/mynrc/system/Events/Events.php(149): CodeIgniter\Events\Events::Config\{closure}()
#5 /mdevs/mynrc/system/CodeIgniter.php(308): CodeIgniter\Events\Events::trigger()
#6 /mdevs/mynrc/public/index.php(37): CodeIgniter\CodeIgniter->run()
#7 {main}
CRITICAL - 2022-09-09 16:21:06 --> Undefined variable: totalTime
#0 /mdevs/mynrc/system/Debug/Toolbar/Views/toolbar.tpl.php(40): CodeIgniter\Debug\Exceptions->errorHandler()
#1 /mdevs/mynrc/system/Debug/Toolbar.php(501): include('/mdevs/mynrc/sy...')
#2 /mdevs/mynrc/system/Debug/Toolbar.php(464): CodeIgniter\Debug\Toolbar->format()
#3 /mdevs/mynrc/app/Config/Events.php(48): CodeIgniter\Debug\Toolbar->respond()
#4 /mdevs/mynrc/system/Events/Events.php(149): CodeIgniter\Events\Events::Config\{closure}()
#5 /mdevs/mynrc/system/CodeIgniter.php(308): CodeIgniter\Events\Events::trigger()
#6 /mdevs/mynrc/public/index.php(37): CodeIgniter\CodeIgniter->run()
#7 {main}
CRITICAL - 2022-09-09 16:21:36 --> Undefined variable: totalTime
#0 /mdevs/mynrc/system/Debug/Toolbar/Views/toolbar.tpl.php(40): CodeIgniter\Debug\Exceptions->errorHandler()
#1 /mdevs/mynrc/system/Debug/Toolbar.php(501): include('/mdevs/mynrc/sy...')
#2 /mdevs/mynrc/system/Debug/Toolbar.php(464): CodeIgniter\Debug\Toolbar->format()
#3 /mdevs/mynrc/app/Config/Events.php(48): CodeIgniter\Debug\Toolbar->respond()
#4 /mdevs/mynrc/system/Events/Events.php(149): CodeIgniter\Events\Events::Config\{closure}()
#5 /mdevs/mynrc/system/CodeIgniter.php(308): CodeIgniter\Events\Events::trigger()
#6 /mdevs/mynrc/public/index.php(37): CodeIgniter\CodeIgniter->run()
#7 {main}
CRITICAL - 2022-09-09 16:21:37 --> Undefined variable: totalTime
#0 /mdevs/mynrc/system/Debug/Toolbar/Views/toolbar.tpl.php(40): CodeIgniter\Debug\Exceptions->errorHandler()
#1 /mdevs/mynrc/system/Debug/Toolbar.php(501): include('/mdevs/mynrc/sy...')
#2 /mdevs/mynrc/system/Debug/Toolbar.php(464): CodeIgniter\Debug\Toolbar->format()
#3 /mdevs/mynrc/app/Config/Events.php(48): CodeIgniter\Debug\Toolbar->respond()
#4 /mdevs/mynrc/system/Events/Events.php(149): CodeIgniter\Events\Events::Config\{closure}()
#5 /mdevs/mynrc/system/CodeIgniter.php(308): CodeIgniter\Events\Events::trigger()
#6 /mdevs/mynrc/public/index.php(37): CodeIgniter\CodeIgniter->run()
#7 {main}
CRITICAL - 2022-09-09 16:21:44 --> Undefined variable: totalTime
#0 /mdevs/mynrc/system/Debug/Toolbar/Views/toolbar.tpl.php(40): CodeIgniter\Debug\Exceptions->errorHandler()
#1 /mdevs/mynrc/system/Debug/Toolbar.php(501): include('/mdevs/mynrc/sy...')
#2 /mdevs/mynrc/system/Debug/Toolbar.php(464): CodeIgniter\Debug\Toolbar->format()
#3 /mdevs/mynrc/app/Config/Events.php(48): CodeIgniter\Debug\Toolbar->respond()
#4 /mdevs/mynrc/system/Events/Events.php(149): CodeIgniter\Events\Events::Config\{closure}()
#5 /mdevs/mynrc/system/CodeIgniter.php(308): CodeIgniter\Events\Events::trigger()
#6 /mdevs/mynrc/public/index.php(37): CodeIgniter\CodeIgniter->run()
#7 {main}
CRITICAL - 2022-09-09 16:21:47 --> Undefined variable: totalTime
#0 /mdevs/mynrc/system/Debug/Toolbar/Views/toolbar.tpl.php(40): CodeIgniter\Debug\Exceptions->errorHandler()
#1 /mdevs/mynrc/system/Debug/Toolbar.php(501): include('/mdevs/mynrc/sy...')
#2 /mdevs/mynrc/system/Debug/Toolbar.php(464): CodeIgniter\Debug\Toolbar->format()
#3 /mdevs/mynrc/app/Config/Events.php(48): CodeIgniter\Debug\Toolbar->respond()
#4 /mdevs/mynrc/system/Events/Events.php(149): CodeIgniter\Events\Events::Config\{closure}()
#5 /mdevs/mynrc/system/CodeIgniter.php(308): CodeIgniter\Events\Events::trigger()
#6 /mdevs/mynrc/public/index.php(37): CodeIgniter\CodeIgniter->run()
#7 {main}
CRITICAL - 2022-09-09 16:22:13 --> Undefined variable: totalTime
#0 /mdevs/mynrc/system/Debug/Toolbar/Views/toolbar.tpl.php(40): CodeIgniter\Debug\Exceptions->errorHandler()
#1 /mdevs/mynrc/system/Debug/Toolbar.php(501): include('/mdevs/mynrc/sy...')
#2 /mdevs/mynrc/system/Debug/Toolbar.php(464): CodeIgniter\Debug\Toolbar->format()
#3 /mdevs/mynrc/app/Config/Events.php(48): CodeIgniter\Debug\Toolbar->respond()
#4 /mdevs/mynrc/system/Events/Events.php(149): CodeIgniter\Events\Events::Config\{closure}()
#5 /mdevs/mynrc/system/CodeIgniter.php(308): CodeIgniter\Events\Events::trigger()
#6 /mdevs/mynrc/public/index.php(37): CodeIgniter\CodeIgniter->run()
#7 {main}
CRITICAL - 2022-09-09 16:22:21 --> Undefined variable: totalTime
#0 /mdevs/mynrc/system/Debug/Toolbar/Views/toolbar.tpl.php(40): CodeIgniter\Debug\Exceptions->errorHandler()
#1 /mdevs/mynrc/system/Debug/Toolbar.php(501): include('/mdevs/mynrc/sy...')
#2 /mdevs/mynrc/system/Debug/Toolbar.php(464): CodeIgniter\Debug\Toolbar->format()
#3 /mdevs/mynrc/app/Config/Events.php(48): CodeIgniter\Debug\Toolbar->respond()
#4 /mdevs/mynrc/system/Events/Events.php(149): CodeIgniter\Events\Events::Config\{closure}()
#5 /mdevs/mynrc/system/CodeIgniter.php(308): CodeIgniter\Events\Events::trigger()
#6 /mdevs/mynrc/public/index.php(37): CodeIgniter\CodeIgniter->run()
#7 {main}
CRITICAL - 2022-09-09 16:22:24 --> Undefined variable: totalTime
#0 /mdevs/mynrc/system/Debug/Toolbar/Views/toolbar.tpl.php(40): CodeIgniter\Debug\Exceptions->errorHandler()
#1 /mdevs/mynrc/system/Debug/Toolbar.php(501): include('/mdevs/mynrc/sy...')
#2 /mdevs/mynrc/system/Debug/Toolbar.php(464): CodeIgniter\Debug\Toolbar->format()
#3 /mdevs/mynrc/app/Config/Events.php(48): CodeIgniter\Debug\Toolbar->respond()
#4 /mdevs/mynrc/system/Events/Events.php(149): CodeIgniter\Events\Events::Config\{closure}()
#5 /mdevs/mynrc/system/CodeIgniter.php(308): CodeIgniter\Events\Events::trigger()
#6 /mdevs/mynrc/public/index.php(37): CodeIgniter\CodeIgniter->run()
#7 {main}
CRITICAL - 2022-09-09 16:22:24 --> Too few arguments to function App\Libraries\Fpdf\Fpdf::SetXY(), 1 passed in /mdevs/mynrc/app/Views/Whcrossing/Whcrossing_print.php on line 583 and exactly 2 expected
#0 /mdevs/mynrc/app/Views/Whcrossing/Whcrossing_print.php(583): App\Libraries\Fpdf\Fpdf->SetXY()
#1 /mdevs/mynrc/system/View/View.php(210): include('/mdevs/mynrc/ap...')
#2 /mdevs/mynrc/system/View/View.php(213): CodeIgniter\View\View->CodeIgniter\View\{closure}()
#3 /mdevs/mynrc/system/Common.php(1089): CodeIgniter\View\View->render()
#4 /mdevs/mynrc/app/Controllers/WhCrossing.php(76): view()
#5 /mdevs/mynrc/system/CodeIgniter.php(832): App\Controllers\WhCrossing->mycrossing_print()
#6 /mdevs/mynrc/system/CodeIgniter.php(419): CodeIgniter\CodeIgniter->runController()
#7 /mdevs/mynrc/system/CodeIgniter.php(326): CodeIgniter\CodeIgniter->handleRequest()
#8 /mdevs/mynrc/public/index.php(37): CodeIgniter\CodeIgniter->run()
#9 {main}
CRITICAL - 2022-09-09 16:22:31 --> Undefined variable: totalTime
#0 /mdevs/mynrc/system/Debug/Toolbar/Views/toolbar.tpl.php(40): CodeIgniter\Debug\Exceptions->errorHandler()
#1 /mdevs/mynrc/system/Debug/Toolbar.php(501): include('/mdevs/mynrc/sy...')
#2 /mdevs/mynrc/system/Debug/Toolbar.php(464): CodeIgniter\Debug\Toolbar->format()
#3 /mdevs/mynrc/app/Config/Events.php(48): CodeIgniter\Debug\Toolbar->respond()
#4 /mdevs/mynrc/system/Events/Events.php(149): CodeIgniter\Events\Events::Config\{closure}()
#5 /mdevs/mynrc/system/CodeIgniter.php(308): CodeIgniter\Events\Events::trigger()
#6 /mdevs/mynrc/public/index.php(37): CodeIgniter\CodeIgniter->run()
#7 {main}
CRITICAL - 2022-09-09 16:22:34 --> Undefined variable: totalTime
#0 /mdevs/mynrc/system/Debug/Toolbar/Views/toolbar.tpl.php(40): CodeIgniter\Debug\Exceptions->errorHandler()
#1 /mdevs/mynrc/system/Debug/Toolbar.php(501): include('/mdevs/mynrc/sy...')
#2 /mdevs/mynrc/system/Debug/Toolbar.php(464): CodeIgniter\Debug\Toolbar->format()
#3 /mdevs/mynrc/app/Config/Events.php(48): CodeIgniter\Debug\Toolbar->respond()
#4 /mdevs/mynrc/system/Events/Events.php(149): CodeIgniter\Events\Events::Config\{closure}()
#5 /mdevs/mynrc/system/CodeIgniter.php(308): CodeIgniter\Events\Events::trigger()
#6 /mdevs/mynrc/public/index.php(37): CodeIgniter\CodeIgniter->run()
#7 {main}
CRITICAL - 2022-09-09 16:22:52 --> Undefined variable: totalTime
#0 /mdevs/mynrc/system/Debug/Toolbar/Views/toolbar.tpl.php(40): CodeIgniter\Debug\Exceptions->errorHandler()
#1 /mdevs/mynrc/system/Debug/Toolbar.php(501): include('/mdevs/mynrc/sy...')
#2 /mdevs/mynrc/system/Debug/Toolbar.php(464): CodeIgniter\Debug\Toolbar->format()
#3 /mdevs/mynrc/app/Config/Events.php(48): CodeIgniter\Debug\Toolbar->respond()
#4 /mdevs/mynrc/system/Events/Events.php(149): CodeIgniter\Events\Events::Config\{closure}()
#5 /mdevs/mynrc/system/CodeIgniter.php(308): CodeIgniter\Events\Events::trigger()
#6 /mdevs/mynrc/public/index.php(37): CodeIgniter\CodeIgniter->run()
#7 {main}
CRITICAL - 2022-09-09 16:28:31 --> Undefined variable: totalTime
#0 /mdevs/mynrc/system/Debug/Toolbar/Views/toolbar.tpl.php(40): CodeIgniter\Debug\Exceptions->errorHandler()
#1 /mdevs/mynrc/system/Debug/Toolbar.php(501): include('/mdevs/mynrc/sy...')
#2 /mdevs/mynrc/system/Debug/Toolbar.php(464): CodeIgniter\Debug\Toolbar->format()
#3 /mdevs/mynrc/app/Config/Events.php(48): CodeIgniter\Debug\Toolbar->respond()
#4 /mdevs/mynrc/system/Events/Events.php(149): CodeIgniter\Events\Events::Config\{closure}()
#5 /mdevs/mynrc/system/CodeIgniter.php(308): CodeIgniter\Events\Events::trigger()
#6 /mdevs/mynrc/public/index.php(37): CodeIgniter\CodeIgniter->run()
#7 {main}
CRITICAL - 2022-09-09 16:38:13 --> Undefined variable: totalTime
#0 /mdevs/mynrc/system/Debug/Toolbar/Views/toolbar.tpl.php(40): CodeIgniter\Debug\Exceptions->errorHandler()
#1 /mdevs/mynrc/system/Debug/Toolbar.php(501): include('/mdevs/mynrc/sy...')
#2 /mdevs/mynrc/system/Debug/Toolbar.php(464): CodeIgniter\Debug\Toolbar->format()
#3 /mdevs/mynrc/app/Config/Events.php(48): CodeIgniter\Debug\Toolbar->respond()
#4 /mdevs/mynrc/system/Events/Events.php(149): CodeIgniter\Events\Events::Config\{closure}()
#5 /mdevs/mynrc/system/CodeIgniter.php(308): CodeIgniter\Events\Events::trigger()
#6 /mdevs/mynrc/public/index.php(37): CodeIgniter\CodeIgniter->run()
#7 {main}
CRITICAL - 2022-09-09 16:38:30 --> Undefined variable: totalTime
#0 /mdevs/mynrc/system/Debug/Toolbar/Views/toolbar.tpl.php(40): CodeIgniter\Debug\Exceptions->errorHandler()
#1 /mdevs/mynrc/system/Debug/Toolbar.php(501): include('/mdevs/mynrc/sy...')
#2 /mdevs/mynrc/system/Debug/Toolbar.php(464): CodeIgniter\Debug\Toolbar->format()
#3 /mdevs/mynrc/app/Config/Events.php(48): CodeIgniter\Debug\Toolbar->respond()
#4 /mdevs/mynrc/system/Events/Events.php(149): CodeIgniter\Events\Events::Config\{closure}()
#5 /mdevs/mynrc/system/CodeIgniter.php(308): CodeIgniter\Events\Events::trigger()
#6 /mdevs/mynrc/public/index.php(37): CodeIgniter\CodeIgniter->run()
#7 {main}
ERROR - 2022-09-09 16:39:03 --> Table 'ap8.diQt_Branch' doesn't exist
ERROR - 2022-09-09 16:39:21 --> Table 'ap8.diQt_Branch' doesn't exist
ERROR - 2022-09-09 16:39:31 --> Table 'ap8.diQt_Branch' doesn't exist
CRITICAL - 2022-09-09 16:42:34 --> Undefined variable: totalTime
#0 /mdevs/mynrc/system/Debug/Toolbar/Views/toolbar.tpl.php(40): CodeIgniter\Debug\Exceptions->errorHandler()
#1 /mdevs/mynrc/system/Debug/Toolbar.php(501): include('/mdevs/mynrc/sy...')
#2 /mdevs/mynrc/system/Debug/Toolbar.php(464): CodeIgniter\Debug\Toolbar->format()
#3 /mdevs/mynrc/app/Config/Events.php(48): CodeIgniter\Debug\Toolbar->respond()
#4 /mdevs/mynrc/system/Events/Events.php(149): CodeIgniter\Events\Events::Config\{closure}()
#5 /mdevs/mynrc/system/CodeIgniter.php(308): CodeIgniter\Events\Events::trigger()
#6 /mdevs/mynrc/public/index.php(37): CodeIgniter\CodeIgniter->run()
#7 {main}
CRITICAL - 2022-09-09 16:42:35 --> Undefined variable: totalTime
#0 /mdevs/mynrc/system/Debug/Toolbar/Views/toolbar.tpl.php(40): CodeIgniter\Debug\Exceptions->errorHandler()
#1 /mdevs/mynrc/system/Debug/Toolbar.php(501): include('/mdevs/mynrc/sy...')
#2 /mdevs/mynrc/system/Debug/Toolbar.php(464): CodeIgniter\Debug\Toolbar->format()
#3 /mdevs/mynrc/app/Config/Events.php(48): CodeIgniter\Debug\Toolbar->respond()
#4 /mdevs/mynrc/system/Events/Events.php(149): CodeIgniter\Events\Events::Config\{closure}()
#5 /mdevs/mynrc/system/CodeIgniter.php(308): CodeIgniter\Events\Events::trigger()
#6 /mdevs/mynrc/public/index.php(37): CodeIgniter\CodeIgniter->run()
#7 {main}
CRITICAL - 2022-09-09 16:43:50 --> Undefined variable: totalTime
#0 /mdevs/mynrc/system/Debug/Toolbar/Views/toolbar.tpl.php(40): CodeIgniter\Debug\Exceptions->errorHandler()
#1 /mdevs/mynrc/system/Debug/Toolbar.php(501): include('/mdevs/mynrc/sy...')
#2 /mdevs/mynrc/system/Debug/Toolbar.php(464): CodeIgniter\Debug\Toolbar->format()
#3 /mdevs/mynrc/app/Config/Events.php(48): CodeIgniter\Debug\Toolbar->respond()
#4 /mdevs/mynrc/system/Events/Events.php(149): CodeIgniter\Events\Events::Config\{closure}()
#5 /mdevs/mynrc/system/CodeIgniter.php(308): CodeIgniter\Events\Events::trigger()
#6 /mdevs/mynrc/public/index.php(37): CodeIgniter\CodeIgniter->run()
#7 {main}
CRITICAL - 2022-09-09 16:43:51 --> Undefined variable: totalTime
#0 /mdevs/mynrc/system/Debug/Toolbar/Views/toolbar.tpl.php(40): CodeIgniter\Debug\Exceptions->errorHandler()
#1 /mdevs/mynrc/system/Debug/Toolbar.php(501): include('/mdevs/mynrc/sy...')
#2 /mdevs/mynrc/system/Debug/Toolbar.php(464): CodeIgniter\Debug\Toolbar->format()
#3 /mdevs/mynrc/app/Config/Events.php(48): CodeIgniter\Debug\Toolbar->respond()
#4 /mdevs/mynrc/system/Events/Events.php(149): CodeIgniter\Events\Events::Config\{closure}()
#5 /mdevs/mynrc/system/CodeIgniter.php(308): CodeIgniter\Events\Events::trigger()
#6 /mdevs/mynrc/public/index.php(37): CodeIgniter\CodeIgniter->run()
#7 {main}
CRITICAL - 2022-09-09 16:46:25 --> Undefined variable: totalTime
#0 /mdevs/mynrc/system/Debug/Toolbar/Views/toolbar.tpl.php(40): CodeIgniter\Debug\Exceptions->errorHandler()
#1 /mdevs/mynrc/system/Debug/Toolbar.php(501): include('/mdevs/mynrc/sy...')
#2 /mdevs/mynrc/system/Debug/Toolbar.php(464): CodeIgniter\Debug\Toolbar->format()
#3 /mdevs/mynrc/app/Config/Events.php(48): CodeIgniter\Debug\Toolbar->respond()
#4 /mdevs/mynrc/system/Events/Events.php(149): CodeIgniter\Events\Events::Config\{closure}()
#5 /mdevs/mynrc/system/CodeIgniter.php(308): CodeIgniter\Events\Events::trigger()
#6 /mdevs/mynrc/public/index.php(37): CodeIgniter\CodeIgniter->run()
#7 {main}
CRITICAL - 2022-09-09 16:49:22 --> Undefined variable: totalTime
#0 /mdevs/mynrc/system/Debug/Toolbar/Views/toolbar.tpl.php(40): CodeIgniter\Debug\Exceptions->errorHandler()
#1 /mdevs/mynrc/system/Debug/Toolbar.php(501): include('/mdevs/mynrc/sy...')
#2 /mdevs/mynrc/system/Debug/Toolbar.php(464): CodeIgniter\Debug\Toolbar->format()
#3 /mdevs/mynrc/app/Config/Events.php(48): CodeIgniter\Debug\Toolbar->respond()
#4 /mdevs/mynrc/system/Events/Events.php(149): CodeIgniter\Events\Events::Config\{closure}()
#5 /mdevs/mynrc/system/CodeIgniter.php(308): CodeIgniter\Events\Events::trigger()
#6 /mdevs/mynrc/public/index.php(37): CodeIgniter\CodeIgniter->run()
#7 {main}
CRITICAL - 2022-09-09 16:50:00 --> Undefined variable: totalTime
#0 /mdevs/mynrc/system/Debug/Toolbar/Views/toolbar.tpl.php(40): CodeIgniter\Debug\Exceptions->errorHandler()
#1 /mdevs/mynrc/system/Debug/Toolbar.php(501): include('/mdevs/mynrc/sy...')
#2 /mdevs/mynrc/system/Debug/Toolbar.php(464): CodeIgniter\Debug\Toolbar->format()
#3 /mdevs/mynrc/app/Config/Events.php(48): CodeIgniter\Debug\Toolbar->respond()
#4 /mdevs/mynrc/system/Events/Events.php(149): CodeIgniter\Events\Events::Config\{closure}()
#5 /mdevs/mynrc/system/CodeIgniter.php(308): CodeIgniter\Events\Events::trigger()
#6 /mdevs/mynrc/public/index.php(37): CodeIgniter\CodeIgniter->run()
#7 {main}
CRITICAL - 2022-09-09 16:50:00 --> Undefined variable: totalTime
#0 /mdevs/mynrc/system/Debug/Toolbar/Views/toolbar.tpl.php(40): CodeIgniter\Debug\Exceptions->errorHandler()
#1 /mdevs/mynrc/system/Debug/Toolbar.php(501): include('/mdevs/mynrc/sy...')
#2 /mdevs/mynrc/system/Debug/Toolbar.php(464): CodeIgniter\Debug\Toolbar->format()
#3 /mdevs/mynrc/app/Config/Events.php(48): CodeIgniter\Debug\Toolbar->respond()
#4 /mdevs/mynrc/system/Events/Events.php(149): CodeIgniter\Events\Events::Config\{closure}()
#5 /mdevs/mynrc/system/CodeIgniter.php(308): CodeIgniter\Events\Events::trigger()
#6 /mdevs/mynrc/public/index.php(37): CodeIgniter\CodeIgniter->run()
#7 {main}
CRITICAL - 2022-09-09 16:53:46 --> Undefined variable: totalTime
#0 /mdevs/mynrc/system/Debug/Toolbar/Views/toolbar.tpl.php(40): CodeIgniter\Debug\Exceptions->errorHandler()
#1 /mdevs/mynrc/system/Debug/Toolbar.php(501): include('/mdevs/mynrc/sy...')
#2 /mdevs/mynrc/system/Debug/Toolbar.php(464): CodeIgniter\Debug\Toolbar->format()
#3 /mdevs/mynrc/app/Config/Events.php(48): CodeIgniter\Debug\Toolbar->respond()
#4 /mdevs/mynrc/system/Events/Events.php(149): CodeIgniter\Events\Events::Config\{closure}()
#5 /mdevs/mynrc/system/CodeIgniter.php(308): CodeIgniter\Events\Events::trigger()
#6 /mdevs/mynrc/public/index.php(37): CodeIgniter\CodeIgniter->run()
#7 {main}
CRITICAL - 2022-09-09 16:54:15 --> Undefined variable: totalTime
#0 /mdevs/mynrc/system/Debug/Toolbar/Views/toolbar.tpl.php(40): CodeIgniter\Debug\Exceptions->errorHandler()
#1 /mdevs/mynrc/system/Debug/Toolbar.php(501): include('/mdevs/mynrc/sy...')
#2 /mdevs/mynrc/system/Debug/Toolbar.php(464): CodeIgniter\Debug\Toolbar->format()
#3 /mdevs/mynrc/app/Config/Events.php(48): CodeIgniter\Debug\Toolbar->respond()
#4 /mdevs/mynrc/system/Events/Events.php(149): CodeIgniter\Events\Events::Config\{closure}()
#5 /mdevs/mynrc/system/CodeIgniter.php(308): CodeIgniter\Events\Events::trigger()
#6 /mdevs/mynrc/public/index.php(37): CodeIgniter\CodeIgniter->run()
#7 {main}
CRITICAL - 2022-09-09 16:54:19 --> Undefined variable: totalTime
#0 /mdevs/mynrc/system/Debug/Toolbar/Views/toolbar.tpl.php(40): CodeIgniter\Debug\Exceptions->errorHandler()
#1 /mdevs/mynrc/system/Debug/Toolbar.php(501): include('/mdevs/mynrc/sy...')
#2 /mdevs/mynrc/system/Debug/Toolbar.php(464): CodeIgniter\Debug\Toolbar->format()
#3 /mdevs/mynrc/app/Config/Events.php(48): CodeIgniter\Debug\Toolbar->respond()
#4 /mdevs/mynrc/system/Events/Events.php(149): CodeIgniter\Events\Events::Config\{closure}()
#5 /mdevs/mynrc/system/CodeIgniter.php(308): CodeIgniter\Events\Events::trigger()
#6 /mdevs/mynrc/public/index.php(37): CodeIgniter\CodeIgniter->run()
#7 {main}
CRITICAL - 2022-09-09 16:55:13 --> Undefined variable: totalTime
#0 /mdevs/mynrc/system/Debug/Toolbar/Views/toolbar.tpl.php(40): CodeIgniter\Debug\Exceptions->errorHandler()
#1 /mdevs/mynrc/system/Debug/Toolbar.php(501): include('/mdevs/mynrc/sy...')
#2 /mdevs/mynrc/system/Debug/Toolbar.php(464): CodeIgniter\Debug\Toolbar->format()
#3 /mdevs/mynrc/app/Config/Events.php(48): CodeIgniter\Debug\Toolbar->respond()
#4 /mdevs/mynrc/system/Events/Events.php(149): CodeIgniter\Events\Events::Config\{closure}()
#5 /mdevs/mynrc/system/CodeIgniter.php(308): CodeIgniter\Events\Events::trigger()
#6 /mdevs/mynrc/public/index.php(37): CodeIgniter\CodeIgniter->run()
#7 {main}
CRITICAL - 2022-09-09 16:56:45 --> Undefined variable: totalTime
#0 /mdevs/mynrc/system/Debug/Toolbar/Views/toolbar.tpl.php(40): CodeIgniter\Debug\Exceptions->errorHandler()
#1 /mdevs/mynrc/system/Debug/Toolbar.php(501): include('/mdevs/mynrc/sy...')
#2 /mdevs/mynrc/system/Debug/Toolbar.php(464): CodeIgniter\Debug\Toolbar->format()
#3 /mdevs/mynrc/app/Config/Events.php(48): CodeIgniter\Debug\Toolbar->respond()
#4 /mdevs/mynrc/system/Events/Events.php(149): CodeIgniter\Events\Events::Config\{closure}()
#5 /mdevs/mynrc/system/CodeIgniter.php(308): CodeIgniter\Events\Events::trigger()
#6 /mdevs/mynrc/public/index.php(37): CodeIgniter\CodeIgniter->run()
#7 {main}
CRITICAL - 2022-09-09 16:57:59 --> Undefined variable: totalTime
#0 /mdevs/mynrc/system/Debug/Toolbar/Views/toolbar.tpl.php(40): CodeIgniter\Debug\Exceptions->errorHandler()
#1 /mdevs/mynrc/system/Debug/Toolbar.php(501): include('/mdevs/mynrc/sy...')
#2 /mdevs/mynrc/system/Debug/Toolbar.php(464): CodeIgniter\Debug\Toolbar->format()
#3 /mdevs/mynrc/app/Config/Events.php(48): CodeIgniter\Debug\Toolbar->respond()
#4 /mdevs/mynrc/system/Events/Events.php(149): CodeIgniter\Events\Events::Config\{closure}()
#5 /mdevs/mynrc/system/CodeIgniter.php(308): CodeIgniter\Events\Events::trigger()
#6 /mdevs/mynrc/public/index.php(37): CodeIgniter\CodeIgniter->run()
#7 {main}
CRITICAL - 2022-09-09 17:00:49 --> Undefined variable: totalTime
#0 /mdevs/mynrc/system/Debug/Toolbar/Views/toolbar.tpl.php(40): CodeIgniter\Debug\Exceptions->errorHandler()
#1 /mdevs/mynrc/system/Debug/Toolbar.php(501): include('/mdevs/mynrc/sy...')
#2 /mdevs/mynrc/system/Debug/Toolbar.php(464): CodeIgniter\Debug\Toolbar->format()
#3 /mdevs/mynrc/app/Config/Events.php(48): CodeIgniter\Debug\Toolbar->respond()
#4 /mdevs/mynrc/system/Events/Events.php(149): CodeIgniter\Events\Events::Config\{closure}()
#5 /mdevs/mynrc/system/CodeIgniter.php(308): CodeIgniter\Events\Events::trigger()
#6 /mdevs/mynrc/public/index.php(37): CodeIgniter\CodeIgniter->run()
#7 {main}
