ERROR - 2022-09-27 08:16:57 --> mysqli_sql_exception: SELECT command denied to user 'dmyerp'@'localhost' for table 'myusers' in /var/mdevz/mynlinksc/system/Database/MySQLi/Connection.php:292
Stack trace:
#0 /var/mdevz/mynlinksc/system/Database/MySQLi/Connection.php(292): mysqli->query()
#1 /var/mdevz/mynlinksc/system/Database/BaseConnection.php(693): CodeIgniter\Database\MySQLi\Connection->execute()
#2 /var/mdevz/mynlinksc/system/Database/BaseConnection.php(620): CodeIgniter\Database\BaseConnection->simpleQuery()
#3 /var/mdevz/mynlinksc/app/Models/MyLibzDBModel.php(19): CodeIgniter\Database\BaseConnection->query()
#4 /var/mdevz/mynlinksc/app/Models/MyUserModel.php(29): App\Models\MyLibzDBModel->myoa_sql_exec()
#5 /var/mdevz/mynlinksc/app/Controllers/Mylogin.php(20): App\Models\MyUserModel->Verify_User()
#6 /var/mdevz/mynlinksc/system/CodeIgniter.php(907): App\Controllers\Mylogin->auth()
#7 /var/mdevz/mynlinksc/system/CodeIgniter.php(457): CodeIgniter\CodeIgniter->runController()
#8 /var/mdevz/mynlinksc/system/CodeIgniter.php(340): CodeIgniter\CodeIgniter->handleRequest()
#9 /var/mdevz/mynlinksc/public/index.php(67): CodeIgniter\CodeIgniter->run()
#10 {main}
ERROR - 2022-09-27 08:16:57 --> mysqli_sql_exception: INSERT command denied to user 'dmyerp'@'localhost' for table 'syslogs' in /var/mdevz/mynlinksc/system/Database/MySQLi/Connection.php:292
Stack trace:
#0 /var/mdevz/mynlinksc/system/Database/MySQLi/Connection.php(292): mysqli->query()
#1 /var/mdevz/mynlinksc/system/Database/BaseConnection.php(693): CodeIgniter\Database\MySQLi\Connection->execute()
#2 /var/mdevz/mynlinksc/system/Database/BaseConnection.php(620): CodeIgniter\Database\BaseConnection->simpleQuery()
#3 /var/mdevz/mynlinksc/app/Models/MyLibzDBModel.php(34): CodeIgniter\Database\BaseConnection->query()
#4 /var/mdevz/mynlinksc/app/Models/MyUserModel.php(29): App\Models\MyLibzDBModel->myoa_sql_exec()
#5 /var/mdevz/mynlinksc/app/Controllers/Mylogin.php(20): App\Models\MyUserModel->Verify_User()
#6 /var/mdevz/mynlinksc/system/CodeIgniter.php(907): App\Controllers\Mylogin->auth()
#7 /var/mdevz/mynlinksc/system/CodeIgniter.php(457): CodeIgniter\CodeIgniter->runController()
#8 /var/mdevz/mynlinksc/system/CodeIgniter.php(340): CodeIgniter\CodeIgniter->handleRequest()
#9 /var/mdevz/mynlinksc/public/index.php(67): CodeIgniter\CodeIgniter->run()
#10 {main}
ERROR - 2022-09-27 08:39:56 --> mysqli_sql_exception: SELECT command denied to user 'dmyerp'@'localhost' for table 'myusers' in /var/mdevz/mynlinksc/system/Database/MySQLi/Connection.php:292
Stack trace:
#0 /var/mdevz/mynlinksc/system/Database/MySQLi/Connection.php(292): mysqli->query()
#1 /var/mdevz/mynlinksc/system/Database/BaseConnection.php(693): CodeIgniter\Database\MySQLi\Connection->execute()
#2 /var/mdevz/mynlinksc/system/Database/BaseConnection.php(620): CodeIgniter\Database\BaseConnection->simpleQuery()
#3 /var/mdevz/mynlinksc/app/Models/MyLibzDBModel.php(19): CodeIgniter\Database\BaseConnection->query()
#4 /var/mdevz/mynlinksc/app/Models/MyUserModel.php(29): App\Models\MyLibzDBModel->myoa_sql_exec()
#5 /var/mdevz/mynlinksc/app/Controllers/Mylogin.php(20): App\Models\MyUserModel->Verify_User()
#6 /var/mdevz/mynlinksc/system/CodeIgniter.php(907): App\Controllers\Mylogin->auth()
#7 /var/mdevz/mynlinksc/system/CodeIgniter.php(457): CodeIgniter\CodeIgniter->runController()
#8 /var/mdevz/mynlinksc/system/CodeIgniter.php(340): CodeIgniter\CodeIgniter->handleRequest()
#9 /var/mdevz/mynlinksc/public/index.php(67): CodeIgniter\CodeIgniter->run()
#10 {main}
ERROR - 2022-09-27 08:39:56 --> mysqli_sql_exception: INSERT command denied to user 'dmyerp'@'localhost' for table 'syslogs' in /var/mdevz/mynlinksc/system/Database/MySQLi/Connection.php:292
Stack trace:
#0 /var/mdevz/mynlinksc/system/Database/MySQLi/Connection.php(292): mysqli->query()
#1 /var/mdevz/mynlinksc/system/Database/BaseConnection.php(693): CodeIgniter\Database\MySQLi\Connection->execute()
#2 /var/mdevz/mynlinksc/system/Database/BaseConnection.php(620): CodeIgniter\Database\BaseConnection->simpleQuery()
#3 /var/mdevz/mynlinksc/app/Models/MyLibzDBModel.php(34): CodeIgniter\Database\BaseConnection->query()
#4 /var/mdevz/mynlinksc/app/Models/MyUserModel.php(29): App\Models\MyLibzDBModel->myoa_sql_exec()
#5 /var/mdevz/mynlinksc/app/Controllers/Mylogin.php(20): App\Models\MyUserModel->Verify_User()
#6 /var/mdevz/mynlinksc/system/CodeIgniter.php(907): App\Controllers\Mylogin->auth()
#7 /var/mdevz/mynlinksc/system/CodeIgniter.php(457): CodeIgniter\CodeIgniter->runController()
#8 /var/mdevz/mynlinksc/system/CodeIgniter.php(340): CodeIgniter\CodeIgniter->handleRequest()
#9 /var/mdevz/mynlinksc/public/index.php(67): CodeIgniter\CodeIgniter->run()
#10 {main}
ERROR - 2022-09-27 08:45:12 --> mysqli_sql_exception: SELECT command denied to user 'dmyerp'@'localhost' for table 'myusers' in /var/mdevz/mynlinksc/system/Database/MySQLi/Connection.php:292
Stack trace:
#0 /var/mdevz/mynlinksc/system/Database/MySQLi/Connection.php(292): mysqli->query()
#1 /var/mdevz/mynlinksc/system/Database/BaseConnection.php(693): CodeIgniter\Database\MySQLi\Connection->execute()
#2 /var/mdevz/mynlinksc/system/Database/BaseConnection.php(620): CodeIgniter\Database\BaseConnection->simpleQuery()
#3 /var/mdevz/mynlinksc/app/Models/MyLibzDBModel.php(19): CodeIgniter\Database\BaseConnection->query()
#4 /var/mdevz/mynlinksc/app/Models/MyUserModel.php(29): App\Models\MyLibzDBModel->myoa_sql_exec()
#5 /var/mdevz/mynlinksc/app/Controllers/Mylogin.php(20): App\Models\MyUserModel->Verify_User()
#6 /var/mdevz/mynlinksc/system/CodeIgniter.php(907): App\Controllers\Mylogin->auth()
#7 /var/mdevz/mynlinksc/system/CodeIgniter.php(457): CodeIgniter\CodeIgniter->runController()
#8 /var/mdevz/mynlinksc/system/CodeIgniter.php(340): CodeIgniter\CodeIgniter->handleRequest()
#9 /var/mdevz/mynlinksc/public/index.php(67): CodeIgniter\CodeIgniter->run()
#10 {main}
ERROR - 2022-09-27 08:45:12 --> mysqli_sql_exception: INSERT command denied to user 'dmyerp'@'localhost' for table 'syslogs' in /var/mdevz/mynlinksc/system/Database/MySQLi/Connection.php:292
Stack trace:
#0 /var/mdevz/mynlinksc/system/Database/MySQLi/Connection.php(292): mysqli->query()
#1 /var/mdevz/mynlinksc/system/Database/BaseConnection.php(693): CodeIgniter\Database\MySQLi\Connection->execute()
#2 /var/mdevz/mynlinksc/system/Database/BaseConnection.php(620): CodeIgniter\Database\BaseConnection->simpleQuery()
#3 /var/mdevz/mynlinksc/app/Models/MyLibzDBModel.php(34): CodeIgniter\Database\BaseConnection->query()
#4 /var/mdevz/mynlinksc/app/Models/MyUserModel.php(29): App\Models\MyLibzDBModel->myoa_sql_exec()
#5 /var/mdevz/mynlinksc/app/Controllers/Mylogin.php(20): App\Models\MyUserModel->Verify_User()
#6 /var/mdevz/mynlinksc/system/CodeIgniter.php(907): App\Controllers\Mylogin->auth()
#7 /var/mdevz/mynlinksc/system/CodeIgniter.php(457): CodeIgniter\CodeIgniter->runController()
#8 /var/mdevz/mynlinksc/system/CodeIgniter.php(340): CodeIgniter\CodeIgniter->handleRequest()
#9 /var/mdevz/mynlinksc/public/index.php(67): CodeIgniter\CodeIgniter->run()
#10 {main}
ERROR - 2022-09-27 08:46:41 --> mysqli_sql_exception: SELECT command denied to user 'dmyerp'@'localhost' for table 'mst_wshe' in /var/mdevz/mynlinksc/system/Database/MySQLi/Connection.php:292
Stack trace:
#0 /var/mdevz/mynlinksc/system/Database/MySQLi/Connection.php(292): mysqli->query()
#1 /var/mdevz/mynlinksc/system/Database/BaseConnection.php(693): CodeIgniter\Database\MySQLi\Connection->execute()
#2 /var/mdevz/mynlinksc/system/Database/BaseConnection.php(620): CodeIgniter\Database\BaseConnection->simpleQuery()
#3 /var/mdevz/mynlinksc/app/Models/MyLibzDBModel.php(19): CodeIgniter\Database\BaseConnection->query()
#4 /var/mdevz/mynlinksc/app/Models/Mymelibsys_model.php(585): App\Models\MyLibzDBModel->myoa_sql_exec()
#5 /var/mdevz/mynlinksc/app/Views/warehouse_inv/warehouse_inv_main.php(28): App\Models\mymelibsys_model->getCDActivePlantWarehouse()
#6 /var/mdevz/mynlinksc/system/View/View.php(213): include('/var/mdevz/mynl...')
#7 /var/mdevz/mynlinksc/system/View/View.php(216): CodeIgniter\View\View->CodeIgniter\View\{closure}()
#8 /var/mdevz/mynlinksc/system/Common.php(1142): CodeIgniter\View\View->render()
#9 /var/mdevz/mynlinksc/app/Controllers/Warehouse_inv.php(35): view()
#10 /var/mdevz/mynlinksc/system/CodeIgniter.php(907): App\Controllers\Warehouse_inv->index()
#11 /var/mdevz/mynlinksc/system/CodeIgniter.php(457): CodeIgniter\CodeIgniter->runController()
#12 /var/mdevz/mynlinksc/system/CodeIgniter.php(340): CodeIgniter\CodeIgniter->handleRequest()
#13 /var/mdevz/mynlinksc/public/index.php(67): CodeIgniter\CodeIgniter->run()
#14 {main}
ERROR - 2022-09-27 08:46:41 --> mysqli_sql_exception: INSERT command denied to user 'dmyerp'@'localhost' for table 'syslogs' in /var/mdevz/mynlinksc/system/Database/MySQLi/Connection.php:292
Stack trace:
#0 /var/mdevz/mynlinksc/system/Database/MySQLi/Connection.php(292): mysqli->query()
#1 /var/mdevz/mynlinksc/system/Database/BaseConnection.php(693): CodeIgniter\Database\MySQLi\Connection->execute()
#2 /var/mdevz/mynlinksc/system/Database/BaseConnection.php(620): CodeIgniter\Database\BaseConnection->simpleQuery()
#3 /var/mdevz/mynlinksc/app/Models/MyLibzDBModel.php(34): CodeIgniter\Database\BaseConnection->query()
#4 /var/mdevz/mynlinksc/app/Models/Mymelibsys_model.php(585): App\Models\MyLibzDBModel->myoa_sql_exec()
#5 /var/mdevz/mynlinksc/app/Views/warehouse_inv/warehouse_inv_main.php(28): App\Models\mymelibsys_model->getCDActivePlantWarehouse()
#6 /var/mdevz/mynlinksc/system/View/View.php(213): include('/var/mdevz/mynl...')
#7 /var/mdevz/mynlinksc/system/View/View.php(216): CodeIgniter\View\View->CodeIgniter\View\{closure}()
#8 /var/mdevz/mynlinksc/system/Common.php(1142): CodeIgniter\View\View->render()
#9 /var/mdevz/mynlinksc/app/Controllers/Warehouse_inv.php(35): view()
#10 /var/mdevz/mynlinksc/system/CodeIgniter.php(907): App\Controllers\Warehouse_inv->index()
#11 /var/mdevz/mynlinksc/system/CodeIgniter.php(457): CodeIgniter\CodeIgniter->runController()
#12 /var/mdevz/mynlinksc/system/CodeIgniter.php(340): CodeIgniter\CodeIgniter->handleRequest()
#13 /var/mdevz/mynlinksc/public/index.php(67): CodeIgniter\CodeIgniter->run()
#14 {main}
ERROR - 2022-09-27 08:47:25 --> mysqli_sql_exception: Table 'd_ap2.trx_agpo_hd_print' doesn't exist in /var/mdevz/mynlinksc/system/Database/MySQLi/Connection.php:292
Stack trace:
#0 /var/mdevz/mynlinksc/system/Database/MySQLi/Connection.php(292): mysqli->query()
#1 /var/mdevz/mynlinksc/system/Database/BaseConnection.php(693): CodeIgniter\Database\MySQLi\Connection->execute()
#2 /var/mdevz/mynlinksc/system/Database/BaseConnection.php(620): CodeIgniter\Database\BaseConnection->simpleQuery()
#3 /var/mdevz/mynlinksc/app/Models/MyLibzDBModel.php(19): CodeIgniter\Database\BaseConnection->query()
#4 /var/mdevz/mynlinksc/app/Models/Mytrx_whcrossing_model.php(77): App\Models\MyLibzDBModel->myoa_sql_exec()
#5 /var/mdevz/mynlinksc/app/Controllers/WhCrossing.php(60): App\Models\Mytrx_whcrossing_model->view_ent_recs()
#6 /var/mdevz/mynlinksc/system/CodeIgniter.php(907): App\Controllers\WhCrossing->whcrossing_ent_recs()
#7 /var/mdevz/mynlinksc/system/CodeIgniter.php(457): CodeIgniter\CodeIgniter->runController()
#8 /var/mdevz/mynlinksc/system/CodeIgniter.php(340): CodeIgniter\CodeIgniter->handleRequest()
#9 /var/mdevz/mynlinksc/public/index.php(67): CodeIgniter\CodeIgniter->run()
#10 {main}
ERROR - 2022-09-27 08:47:25 --> mysqli_sql_exception: Unknown column 'a.agpo_print' in 'where clause' in /var/mdevz/mynlinksc/system/Database/MySQLi/Connection.php:292
Stack trace:
#0 /var/mdevz/mynlinksc/system/Database/MySQLi/Connection.php(292): mysqli->query()
#1 /var/mdevz/mynlinksc/system/Database/BaseConnection.php(693): CodeIgniter\Database\MySQLi\Connection->execute()
#2 /var/mdevz/mynlinksc/system/Database/BaseConnection.php(620): CodeIgniter\Database\BaseConnection->simpleQuery()
#3 /var/mdevz/mynlinksc/app/Models/MyLibzDBModel.php(19): CodeIgniter\Database\BaseConnection->query()
#4 /var/mdevz/mynlinksc/app/Models/Mytrx_whcrossing_model.php(141): App\Models\MyLibzDBModel->myoa_sql_exec()
#5 /var/mdevz/mynlinksc/app/Controllers/WhCrossing.php(50): App\Models\Mytrx_whcrossing_model->add_poprint_recs()
#6 /var/mdevz/mynlinksc/system/CodeIgniter.php(907): App\Controllers\WhCrossing->whcrossing_pl_recs()
#7 /var/mdevz/mynlinksc/system/CodeIgniter.php(457): CodeIgniter\CodeIgniter->runController()
#8 /var/mdevz/mynlinksc/system/CodeIgniter.php(340): CodeIgniter\CodeIgniter->handleRequest()
#9 /var/mdevz/mynlinksc/public/index.php(67): CodeIgniter\CodeIgniter->run()
#10 {main}
ERROR - 2022-09-27 11:07:26 --> mysqli_sql_exception: Table 'd_ap2.trx_agpo_hd_print' doesn't exist in /var/mdevz/mynlinksc/system/Database/MySQLi/Connection.php:292
Stack trace:
#0 /var/mdevz/mynlinksc/system/Database/MySQLi/Connection.php(292): mysqli->query()
#1 /var/mdevz/mynlinksc/system/Database/BaseConnection.php(693): CodeIgniter\Database\MySQLi\Connection->execute()
#2 /var/mdevz/mynlinksc/system/Database/BaseConnection.php(620): CodeIgniter\Database\BaseConnection->simpleQuery()
#3 /var/mdevz/mynlinksc/app/Models/MyLibzDBModel.php(19): CodeIgniter\Database\BaseConnection->query()
#4 /var/mdevz/mynlinksc/app/Models/Mytrx_whcrossing_model.php(77): App\Models\MyLibzDBModel->myoa_sql_exec()
#5 /var/mdevz/mynlinksc/app/Controllers/WhCrossing.php(60): App\Models\Mytrx_whcrossing_model->view_ent_recs()
#6 /var/mdevz/mynlinksc/system/CodeIgniter.php(907): App\Controllers\WhCrossing->whcrossing_ent_recs()
#7 /var/mdevz/mynlinksc/system/CodeIgniter.php(457): CodeIgniter\CodeIgniter->runController()
#8 /var/mdevz/mynlinksc/system/CodeIgniter.php(340): CodeIgniter\CodeIgniter->handleRequest()
#9 /var/mdevz/mynlinksc/public/index.php(67): CodeIgniter\CodeIgniter->run()
#10 {main}
ERROR - 2022-09-27 11:07:27 --> mysqli_sql_exception: Unknown column 'a.agpo_print' in 'where clause' in /var/mdevz/mynlinksc/system/Database/MySQLi/Connection.php:292
Stack trace:
#0 /var/mdevz/mynlinksc/system/Database/MySQLi/Connection.php(292): mysqli->query()
#1 /var/mdevz/mynlinksc/system/Database/BaseConnection.php(693): CodeIgniter\Database\MySQLi\Connection->execute()
#2 /var/mdevz/mynlinksc/system/Database/BaseConnection.php(620): CodeIgniter\Database\BaseConnection->simpleQuery()
#3 /var/mdevz/mynlinksc/app/Models/MyLibzDBModel.php(19): CodeIgniter\Database\BaseConnection->query()
#4 /var/mdevz/mynlinksc/app/Models/Mytrx_whcrossing_model.php(141): App\Models\MyLibzDBModel->myoa_sql_exec()
#5 /var/mdevz/mynlinksc/app/Controllers/WhCrossing.php(50): App\Models\Mytrx_whcrossing_model->add_poprint_recs()
#6 /var/mdevz/mynlinksc/system/CodeIgniter.php(907): App\Controllers\WhCrossing->whcrossing_pl_recs()
#7 /var/mdevz/mynlinksc/system/CodeIgniter.php(457): CodeIgniter\CodeIgniter->runController()
#8 /var/mdevz/mynlinksc/system/CodeIgniter.php(340): CodeIgniter\CodeIgniter->handleRequest()
#9 /var/mdevz/mynlinksc/public/index.php(67): CodeIgniter\CodeIgniter->run()
#10 {main}
ERROR - 2022-09-27 11:10:30 --> mysqli_sql_exception: Table 'd_ap2.trx_agpo_hd_print' doesn't exist in /var/mdevz/mynlinksc/system/Database/MySQLi/Connection.php:292
Stack trace:
#0 /var/mdevz/mynlinksc/system/Database/MySQLi/Connection.php(292): mysqli->query()
#1 /var/mdevz/mynlinksc/system/Database/BaseConnection.php(693): CodeIgniter\Database\MySQLi\Connection->execute()
#2 /var/mdevz/mynlinksc/system/Database/BaseConnection.php(620): CodeIgniter\Database\BaseConnection->simpleQuery()
#3 /var/mdevz/mynlinksc/app/Models/MyLibzDBModel.php(19): CodeIgniter\Database\BaseConnection->query()
#4 /var/mdevz/mynlinksc/app/Models/Mytrx_whcrossing_model.php(77): App\Models\MyLibzDBModel->myoa_sql_exec()
#5 /var/mdevz/mynlinksc/app/Controllers/WhCrossing.php(60): App\Models\Mytrx_whcrossing_model->view_ent_recs()
#6 /var/mdevz/mynlinksc/system/CodeIgniter.php(907): App\Controllers\WhCrossing->whcrossing_ent_recs()
#7 /var/mdevz/mynlinksc/system/CodeIgniter.php(457): CodeIgniter\CodeIgniter->runController()
#8 /var/mdevz/mynlinksc/system/CodeIgniter.php(340): CodeIgniter\CodeIgniter->handleRequest()
#9 /var/mdevz/mynlinksc/public/index.php(67): CodeIgniter\CodeIgniter->run()
#10 {main}
ERROR - 2022-09-27 14:22:57 --> mysqli_sql_exception: SELECT command denied to user 'dmyerp'@'localhost' for table 'mst_article' in /var/mdevz/mynlinksc/system/Database/MySQLi/Connection.php:292
Stack trace:
#0 /var/mdevz/mynlinksc/system/Database/MySQLi/Connection.php(292): mysqli->query()
#1 /var/mdevz/mynlinksc/system/Database/BaseConnection.php(693): CodeIgniter\Database\MySQLi\Connection->execute()
#2 /var/mdevz/mynlinksc/system/Database/BaseConnection.php(620): CodeIgniter\Database\BaseConnection->simpleQuery()
#3 /var/mdevz/mynlinksc/app/Models/MyLibzDBModel.php(19): CodeIgniter\Database\BaseConnection->query()
#4 /var/mdevz/mynlinksc/app/Models/MyWarehousercvModel.php(162): App\Models\MyLibzDBModel->myoa_sql_exec()
#5 /var/mdevz/mynlinksc/app/Controllers/Warehouse_rcvng.php(81): App\Models\MyWarehousercvModel->view_ent_itm_recs()
#6 /var/mdevz/mynlinksc/system/CodeIgniter.php(907): App\Controllers\Warehouse_rcvng->whcdrcvng_ent_itm_recs()
#7 /var/mdevz/mynlinksc/system/CodeIgniter.php(457): CodeIgniter\CodeIgniter->runController()
#8 /var/mdevz/mynlinksc/system/CodeIgniter.php(340): CodeIgniter\CodeIgniter->handleRequest()
#9 /var/mdevz/mynlinksc/public/index.php(67): CodeIgniter\CodeIgniter->run()
#10 {main}
ERROR - 2022-09-27 14:23:01 --> mysqli_sql_exception: SELECT command denied to user 'dmyerp'@'localhost' for table 'mst_article' in /var/mdevz/mynlinksc/system/Database/MySQLi/Connection.php:292
Stack trace:
#0 /var/mdevz/mynlinksc/system/Database/MySQLi/Connection.php(292): mysqli->query()
#1 /var/mdevz/mynlinksc/system/Database/BaseConnection.php(693): CodeIgniter\Database\MySQLi\Connection->execute()
#2 /var/mdevz/mynlinksc/system/Database/BaseConnection.php(620): CodeIgniter\Database\BaseConnection->simpleQuery()
#3 /var/mdevz/mynlinksc/app/Models/MyLibzDBModel.php(19): CodeIgniter\Database\BaseConnection->query()
#4 /var/mdevz/mynlinksc/app/Models/MyWarehousercvModel.php(162): App\Models\MyLibzDBModel->myoa_sql_exec()
#5 /var/mdevz/mynlinksc/app/Controllers/Warehouse_rcvng.php(81): App\Models\MyWarehousercvModel->view_ent_itm_recs()
#6 /var/mdevz/mynlinksc/system/CodeIgniter.php(907): App\Controllers\Warehouse_rcvng->whcdrcvng_ent_itm_recs()
#7 /var/mdevz/mynlinksc/system/CodeIgniter.php(457): CodeIgniter\CodeIgniter->runController()
#8 /var/mdevz/mynlinksc/system/CodeIgniter.php(340): CodeIgniter\CodeIgniter->handleRequest()
#9 /var/mdevz/mynlinksc/public/index.php(67): CodeIgniter\CodeIgniter->run()
#10 {main}
ERROR - 2022-09-27 15:23:04 --> mysqli_sql_exception: Unknown column 'CTRL_AGPO' in 'field list' in /var/mdevz/mynlinksc/system/Database/MySQLi/Connection.php:292
Stack trace:
#0 /var/mdevz/mynlinksc/system/Database/MySQLi/Connection.php(292): mysqli->query()
#1 /var/mdevz/mynlinksc/system/Database/BaseConnection.php(693): CodeIgniter\Database\MySQLi\Connection->execute()
#2 /var/mdevz/mynlinksc/system/Database/BaseConnection.php(620): CodeIgniter\Database\BaseConnection->simpleQuery()
#3 /var/mdevz/mynlinksc/app/Models/MyLibzDBModel.php(19): CodeIgniter\Database\BaseConnection->query()
#4 /var/mdevz/mynlinksc/app/Models/MyDatumModel.php(149): App\Models\MyLibzDBModel->myoa_sql_exec()
#5 /var/mdevz/mynlinksc/app/Models/Mytrx_whcrossing_model.php(171): App\Models\MyDatumModel->get_ctr_5()
#6 /var/mdevz/mynlinksc/app/Controllers/WhCrossing.php(66): App\Models\Mytrx_whcrossing_model->agpoprint_sv()
#7 /var/mdevz/mynlinksc/system/CodeIgniter.php(907): App\Controllers\WhCrossing->agpo_printsv()
#8 /var/mdevz/mynlinksc/system/CodeIgniter.php(457): CodeIgniter\CodeIgniter->runController()
#9 /var/mdevz/mynlinksc/system/CodeIgniter.php(340): CodeIgniter\CodeIgniter->handleRequest()
#10 /var/mdevz/mynlinksc/public/index.php(67): CodeIgniter\CodeIgniter->run()
#11 {main}
ERROR - 2022-09-27 15:30:19 --> mysqli_sql_exception: Table 'd_ap2.mst_branch_area' doesn't exist in /var/mdevz/mynlinksc/system/Database/MySQLi/Connection.php:292
Stack trace:
#0 /var/mdevz/mynlinksc/system/Database/MySQLi/Connection.php(292): mysqli->query()
#1 /var/mdevz/mynlinksc/system/Database/BaseConnection.php(693): CodeIgniter\Database\MySQLi\Connection->execute()
#2 /var/mdevz/mynlinksc/system/Database/BaseConnection.php(620): CodeIgniter\Database\BaseConnection->simpleQuery()
#3 /var/mdevz/mynlinksc/app/Models/MyLibzDBModel.php(19): CodeIgniter\Database\BaseConnection->query()
#4 /var/mdevz/mynlinksc/app/Views/Whcrossing/Whcrossing_print.php(146): App\Models\MyLibzDBModel->myoa_sql_exec()
#5 /var/mdevz/mynlinksc/system/View/View.php(213): include('/var/mdevz/mynl...')
#6 /var/mdevz/mynlinksc/system/View/View.php(216): CodeIgniter\View\View->CodeIgniter\View\{closure}()
#7 /var/mdevz/mynlinksc/system/Common.php(1142): CodeIgniter\View\View->render()
#8 /var/mdevz/mynlinksc/app/Controllers/WhCrossing.php(76): view()
#9 /var/mdevz/mynlinksc/system/CodeIgniter.php(907): App\Controllers\WhCrossing->mycrossing_print()
#10 /var/mdevz/mynlinksc/system/CodeIgniter.php(457): CodeIgniter\CodeIgniter->runController()
#11 /var/mdevz/mynlinksc/system/CodeIgniter.php(340): CodeIgniter\CodeIgniter->handleRequest()
#12 /var/mdevz/mynlinksc/public/index.php(67): CodeIgniter\CodeIgniter->run()
#13 {main}
ERROR - 2022-09-27 15:30:23 --> mysqli_sql_exception: Table 'd_ap2.mst_branch_area' doesn't exist in /var/mdevz/mynlinksc/system/Database/MySQLi/Connection.php:292
Stack trace:
#0 /var/mdevz/mynlinksc/system/Database/MySQLi/Connection.php(292): mysqli->query()
#1 /var/mdevz/mynlinksc/system/Database/BaseConnection.php(693): CodeIgniter\Database\MySQLi\Connection->execute()
#2 /var/mdevz/mynlinksc/system/Database/BaseConnection.php(620): CodeIgniter\Database\BaseConnection->simpleQuery()
#3 /var/mdevz/mynlinksc/app/Models/MyLibzDBModel.php(19): CodeIgniter\Database\BaseConnection->query()
#4 /var/mdevz/mynlinksc/app/Views/Whcrossing/Whcrossing_print.php(146): App\Models\MyLibzDBModel->myoa_sql_exec()
#5 /var/mdevz/mynlinksc/system/View/View.php(213): include('/var/mdevz/mynl...')
#6 /var/mdevz/mynlinksc/system/View/View.php(216): CodeIgniter\View\View->CodeIgniter\View\{closure}()
#7 /var/mdevz/mynlinksc/system/Common.php(1142): CodeIgniter\View\View->render()
#8 /var/mdevz/mynlinksc/app/Controllers/WhCrossing.php(76): view()
#9 /var/mdevz/mynlinksc/system/CodeIgniter.php(907): App\Controllers\WhCrossing->mycrossing_print()
#10 /var/mdevz/mynlinksc/system/CodeIgniter.php(457): CodeIgniter\CodeIgniter->runController()
#11 /var/mdevz/mynlinksc/system/CodeIgniter.php(340): CodeIgniter\CodeIgniter->handleRequest()
#12 /var/mdevz/mynlinksc/public/index.php(67): CodeIgniter\CodeIgniter->run()
#13 {main}
CRITICAL - 2022-09-27 17:06:20 --> fopen(): SSL operation failed with code 1. OpenSSL Error messages:
error:1416F086:SSL routines:tls_process_server_certificate:certificate verify failed
in APPPATH/Libraries/Fpdf/Fpdf.php on line 1257.
 1 [internal function]: CodeIgniter\Debug\Exceptions->errorHandler()
 2 APPPATH/Libraries/Fpdf/Fpdf.php(1257): fopen()
 3 APPPATH/Libraries/Fpdf/Fpdf.php(885): App\Libraries\Fpdf\Fpdf->_parsepng()
 4 APPPATH/Views/Whcrossing/Whcrossing_print.php(165): App\Libraries\Fpdf\Fpdf->Image()
 5 SYSTEMPATH/View/View.php(213): include('APPPATH/Views/Whcrossing/Whcrossing_print.php')
 6 SYSTEMPATH/View/View.php(216): CodeIgniter\View\View->CodeIgniter\View\{closure}()
 7 SYSTEMPATH/Common.php(1142): CodeIgniter\View\View->render()
 8 APPPATH/Controllers/WhCrossing.php(76): view()
 9 SYSTEMPATH/CodeIgniter.php(907): App\Controllers\WhCrossing->mycrossing_print()
10 SYSTEMPATH/CodeIgniter.php(457): CodeIgniter\CodeIgniter->runController()
11 SYSTEMPATH/CodeIgniter.php(340): CodeIgniter\CodeIgniter->handleRequest()
12 FCPATH/index.php(67): CodeIgniter\CodeIgniter->run()
CRITICAL - 2022-09-27 17:06:29 --> fopen(): SSL operation failed with code 1. OpenSSL Error messages:
error:1416F086:SSL routines:tls_process_server_certificate:certificate verify failed
in APPPATH/Libraries/Fpdf/Fpdf.php on line 1257.
 1 [internal function]: CodeIgniter\Debug\Exceptions->errorHandler()
 2 APPPATH/Libraries/Fpdf/Fpdf.php(1257): fopen()
 3 APPPATH/Libraries/Fpdf/Fpdf.php(885): App\Libraries\Fpdf\Fpdf->_parsepng()
 4 APPPATH/Views/Whcrossing/Whcrossing_irrprint.php(156): App\Libraries\Fpdf\Fpdf->Image()
 5 SYSTEMPATH/View/View.php(213): include('APPPATH/Views/Whcrossing/Whcrossing_irrprint.php')
 6 SYSTEMPATH/View/View.php(216): CodeIgniter\View\View->CodeIgniter\View\{closure}()
 7 SYSTEMPATH/Common.php(1142): CodeIgniter\View\View->render()
 8 APPPATH/Controllers/WhCrossing.php(89): view()
 9 SYSTEMPATH/CodeIgniter.php(907): App\Controllers\WhCrossing->mycrossing_irrprint()
10 SYSTEMPATH/CodeIgniter.php(457): CodeIgniter\CodeIgniter->runController()
11 SYSTEMPATH/CodeIgniter.php(340): CodeIgniter\CodeIgniter->handleRequest()
12 FCPATH/index.php(67): CodeIgniter\CodeIgniter->run()
CRITICAL - 2022-09-27 17:07:03 --> fopen(): SSL operation failed with code 1. OpenSSL Error messages:
error:1416F086:SSL routines:tls_process_server_certificate:certificate verify failed
in APPPATH/Libraries/Fpdf/Fpdf.php on line 1257.
 1 [internal function]: CodeIgniter\Debug\Exceptions->errorHandler()
 2 APPPATH/Libraries/Fpdf/Fpdf.php(1257): fopen()
 3 APPPATH/Libraries/Fpdf/Fpdf.php(885): App\Libraries\Fpdf\Fpdf->_parsepng()
 4 APPPATH/Views/Whcrossing/Whcrossing_irrprint.php(156): App\Libraries\Fpdf\Fpdf->Image()
 5 SYSTEMPATH/View/View.php(213): include('APPPATH/Views/Whcrossing/Whcrossing_irrprint.php')
 6 SYSTEMPATH/View/View.php(216): CodeIgniter\View\View->CodeIgniter\View\{closure}()
 7 SYSTEMPATH/Common.php(1142): CodeIgniter\View\View->render()
 8 APPPATH/Controllers/WhCrossing.php(89): view()
 9 SYSTEMPATH/CodeIgniter.php(907): App\Controllers\WhCrossing->mycrossing_irrprint()
10 SYSTEMPATH/CodeIgniter.php(457): CodeIgniter\CodeIgniter->runController()
11 SYSTEMPATH/CodeIgniter.php(340): CodeIgniter\CodeIgniter->handleRequest()
12 FCPATH/index.php(67): CodeIgniter\CodeIgniter->run()
CRITICAL - 2022-09-27 17:07:57 --> fopen(): SSL operation failed with code 1. OpenSSL Error messages:
error:1416F086:SSL routines:tls_process_server_certificate:certificate verify failed
in APPPATH/Libraries/Fpdf/Fpdf.php on line 1257.
 1 [internal function]: CodeIgniter\Debug\Exceptions->errorHandler()
 2 APPPATH/Libraries/Fpdf/Fpdf.php(1257): fopen()
 3 APPPATH/Libraries/Fpdf/Fpdf.php(885): App\Libraries\Fpdf\Fpdf->_parsepng()
 4 APPPATH/Views/Whcrossing/Whcrossing_irrprint.php(156): App\Libraries\Fpdf\Fpdf->Image()
 5 SYSTEMPATH/View/View.php(213): include('APPPATH/Views/Whcrossing/Whcrossing_irrprint.php')
 6 SYSTEMPATH/View/View.php(216): CodeIgniter\View\View->CodeIgniter\View\{closure}()
 7 SYSTEMPATH/Common.php(1142): CodeIgniter\View\View->render()
 8 APPPATH/Controllers/WhCrossing.php(89): view()
 9 SYSTEMPATH/CodeIgniter.php(907): App\Controllers\WhCrossing->mycrossing_irrprint()
10 SYSTEMPATH/CodeIgniter.php(457): CodeIgniter\CodeIgniter->runController()
11 SYSTEMPATH/CodeIgniter.php(340): CodeIgniter\CodeIgniter->handleRequest()
12 FCPATH/index.php(67): CodeIgniter\CodeIgniter->run()
