CRITICAL - 2023-01-09 08:11:10 --> unlink(/medata/appdevs/mynlinksc/writable/debugbar/debugbar_1672992893.799382.json): No such file or directory
in SYSTEMPATH/Debug/Toolbar/Collectors/History.php on line 76.
 1 [internal function]: CodeIgniter\Debug\Exceptions->errorHandler()
 2 SYSTEMPATH/Debug/Toolbar/Collectors/History.php(76): unlink()
 3 SYSTEMPATH/Debug/Toolbar.php(499): CodeIgniter\Debug\Toolbar\Collectors\History->setFiles()
 4 SYSTEMPATH/Debug/Toolbar.php(476): CodeIgniter\Debug\Toolbar->format()
 5 APPPATH/Config/Events.php(48): CodeIgniter\Debug\Toolbar->respond()
 6 SYSTEMPATH/Events/Events.php(149): CodeIgniter\Events\Events::Config\{closure}()
 7 SYSTEMPATH/CodeIgniter.php(317): CodeIgniter\Events\Events::trigger()
 8 FCPATH/index.php(67): CodeIgniter\CodeIgniter->run()
CRITICAL - 2023-01-09 08:11:10 --> unlink(/medata/appdevs/mynlinksc/writable/debugbar/debugbar_1672992893.799382.json): No such file or directory
in SYSTEMPATH/Debug/Toolbar/Collectors/History.php on line 76.
 1 [internal function]: CodeIgniter\Debug\Exceptions->errorHandler()
 2 SYSTEMPATH/Debug/Toolbar/Collectors/History.php(76): unlink()
 3 SYSTEMPATH/Debug/Toolbar.php(499): CodeIgniter\Debug\Toolbar\Collectors\History->setFiles()
 4 SYSTEMPATH/Debug/Toolbar.php(476): CodeIgniter\Debug\Toolbar->format()
 5 APPPATH/Config/Events.php(48): CodeIgniter\Debug\Toolbar->respond()
 6 SYSTEMPATH/Events/Events.php(149): CodeIgniter\Events\Events::Config\{closure}()
 7 SYSTEMPATH/CodeIgniter.php(317): CodeIgniter\Events\Events::trigger()
 8 FCPATH/index.php(67): CodeIgniter\CodeIgniter->run()
CRITICAL - 2023-01-09 08:11:10 --> unlink(/medata/appdevs/mynlinksc/writable/debugbar/debugbar_1672992893.799382.json): No such file or directory
in SYSTEMPATH/Debug/Toolbar/Collectors/History.php on line 76.
 1 [internal function]: CodeIgniter\Debug\Exceptions->errorHandler()
 2 SYSTEMPATH/Debug/Toolbar/Collectors/History.php(76): unlink()
 3 SYSTEMPATH/Debug/Toolbar.php(499): CodeIgniter\Debug\Toolbar\Collectors\History->setFiles()
 4 SYSTEMPATH/Debug/Toolbar.php(476): CodeIgniter\Debug\Toolbar->format()
 5 APPPATH/Config/Events.php(48): CodeIgniter\Debug\Toolbar->respond()
 6 SYSTEMPATH/Events/Events.php(149): CodeIgniter\Events\Events::Config\{closure}()
 7 SYSTEMPATH/CodeIgniter.php(317): CodeIgniter\Events\Events::trigger()
 8 FCPATH/index.php(67): CodeIgniter\CodeIgniter->run()
ERROR - 2023-01-09 11:11:34 --> mysqli_sql_exception: Duplicate entry 'CWGR20230000000003' for key 'idx01' in /medata/appdevs/mynlinksc/system/Database/MySQLi/Connection.php:292
Stack trace:
#0 /medata/appdevs/mynlinksc/system/Database/MySQLi/Connection.php(292): mysqli->query()
#1 /medata/appdevs/mynlinksc/system/Database/BaseConnection.php(693): CodeIgniter\Database\MySQLi\Connection->execute()
#2 /medata/appdevs/mynlinksc/system/Database/BaseConnection.php(620): CodeIgniter\Database\BaseConnection->simpleQuery()
#3 /medata/appdevs/mynlinksc/app/Models/MyLibzDBModel.php(19): CodeIgniter\Database\BaseConnection->query()
#4 /medata/appdevs/mynlinksc/app/Models/Mytrx_gr_Model.php(2456): App\Models\MyLibzDBModel->myoa_sql_exec()
#5 /medata/appdevs/mynlinksc/app/Controllers/Mytrx_gr.php(269): App\Models\Mytrx_gr_Model->gr_barcde_gnrtion()
#6 /medata/appdevs/mynlinksc/system/CodeIgniter.php(902): App\Controllers\Mytrx_gr->gr_barcode_generation()
#7 /medata/appdevs/mynlinksc/system/CodeIgniter.php(457): CodeIgniter\CodeIgniter->runController()
#8 /medata/appdevs/mynlinksc/system/CodeIgniter.php(340): CodeIgniter\CodeIgniter->handleRequest()
#9 /medata/appdevs/mynlinksc/public/index.php(67): CodeIgniter\CodeIgniter->run()
#10 {main}
